<?xml version="1.0" encoding="UTF-8"?>
<testsuite xmlns:xsi="http://www.w3.org/2001/XMLSchema-instance" xsi:noNamespaceSchemaLocation="https://maven.apache.org/surefire/maven-surefire-plugin/xsd/surefire-test-report-3.0.xsd" version="3.0" name="com.cufre.expedientes.util.DelitoCsvImporterTest" time="7.895" tests="1" errors="0" skipped="0" failures="0">
  <properties>
    <property name="java.specification.version" value="23"/>
    <property name="sun.jnu.encoding" value="UTF-8"/>
    <property name="java.class.path" value="/Users/macbook/Documents/CUFRE_V04/backend/target/test-classes:/Users/macbook/Documents/CUFRE_V04/backend/target/classes:/Users/macbook/.m2/repository/org/springframework/boot/spring-boot-starter-data-jpa/3.2.2/spring-boot-starter-data-jpa-3.2.2.jar:/Users/macbook/.m2/repository/org/springframework/boot/spring-boot-starter-aop/3.2.2/spring-boot-starter-aop-3.2.2.jar:/Users/macbook/.m2/repository/org/aspectj/aspectjweaver/1.9.21/aspectjweaver-1.9.21.jar:/Users/macbook/.m2/repository/org/springframework/boot/spring-boot-starter-jdbc/3.2.2/spring-boot-starter-jdbc-3.2.2.jar:/Users/macbook/.m2/repository/org/springframework/spring-jdbc/6.1.3/spring-jdbc-6.1.3.jar:/Users/macbook/.m2/repository/org/hibernate/orm/hibernate-core/6.4.1.Final/hibernate-core-6.4.1.Final.jar:/Users/macbook/.m2/repository/jakarta/persistence/jakarta.persistence-api/3.1.0/jakarta.persistence-api-3.1.0.jar:/Users/macbook/.m2/repository/jakarta/transaction/jakarta.transaction-api/2.0.1/jakarta.transaction-api-2.0.1.jar:/Users/macbook/.m2/repository/org/jboss/logging/jboss-logging/3.5.3.Final/jboss-logging-3.5.3.Final.jar:/Users/macbook/.m2/repository/org/hibernate/common/hibernate-commons-annotations/6.0.6.Final/hibernate-commons-annotations-6.0.6.Final.jar:/Users/macbook/.m2/repository/io/smallrye/jandex/3.1.2/jandex-3.1.2.jar:/Users/macbook/.m2/repository/com/fasterxml/classmate/1.6.0/classmate-1.6.0.jar:/Users/macbook/.m2/repository/net/bytebuddy/byte-buddy/1.14.11/byte-buddy-1.14.11.jar:/Users/macbook/.m2/repository/org/glassfish/jaxb/jaxb-runtime/4.0.4/jaxb-runtime-4.0.4.jar:/Users/macbook/.m2/repository/org/glassfish/jaxb/jaxb-core/4.0.4/jaxb-core-4.0.4.jar:/Users/macbook/.m2/repository/org/glassfish/jaxb/txw2/4.0.4/txw2-4.0.4.jar:/Users/macbook/.m2/repository/com/sun/istack/istack-commons-runtime/4.1.2/istack-commons-runtime-4.1.2.jar:/Users/macbook/.m2/repository/jakarta/inject/jakarta.inject-api/2.0.1/jakarta.inject-api-2.0.1.jar:/Users/macbook/.m2/repository/org/antlr/antlr4-runtime/4.13.0/antlr4-runtime-4.13.0.jar:/Users/macbook/.m2/repository/org/springframework/data/spring-data-jpa/3.2.2/spring-data-jpa-3.2.2.jar:/Users/macbook/.m2/repository/org/springframework/data/spring-data-commons/3.2.2/spring-data-commons-3.2.2.jar:/Users/macbook/.m2/repository/org/springframework/spring-orm/6.1.3/spring-orm-6.1.3.jar:/Users/macbook/.m2/repository/org/springframework/spring-context/6.1.3/spring-context-6.1.3.jar:/Users/macbook/.m2/repository/org/springframework/spring-tx/6.1.3/spring-tx-6.1.3.jar:/Users/macbook/.m2/repository/org/springframework/spring-beans/6.1.3/spring-beans-6.1.3.jar:/Users/macbook/.m2/repository/jakarta/annotation/jakarta.annotation-api/2.1.1/jakarta.annotation-api-2.1.1.jar:/Users/macbook/.m2/repository/org/springframework/spring-aspects/6.1.3/spring-aspects-6.1.3.jar:/Users/macbook/.m2/repository/org/springframework/boot/spring-boot-starter-web/3.2.2/spring-boot-starter-web-3.2.2.jar:/Users/macbook/.m2/repository/org/springframework/boot/spring-boot-starter/3.2.2/spring-boot-starter-3.2.2.jar:/Users/macbook/.m2/repository/org/springframework/boot/spring-boot/3.2.2/spring-boot-3.2.2.jar:/Users/macbook/.m2/repository/org/springframework/boot/spring-boot-autoconfigure/3.2.2/spring-boot-autoconfigure-3.2.2.jar:/Users/macbook/.m2/repository/org/springframework/boot/spring-boot-starter-logging/3.2.2/spring-boot-starter-logging-3.2.2.jar:/Users/macbook/.m2/repository/ch/qos/logback/logback-classic/1.4.14/logback-classic-1.4.14.jar:/Users/macbook/.m2/repository/ch/qos/logback/logback-core/1.4.14/logback-core-1.4.14.jar:/Users/macbook/.m2/repository/org/apache/logging/log4j/log4j-to-slf4j/2.21.1/log4j-to-slf4j-2.21.1.jar:/Users/macbook/.m2/repository/org/apache/logging/log4j/log4j-api/2.21.1/log4j-api-2.21.1.jar:/Users/macbook/.m2/repository/org/slf4j/jul-to-slf4j/2.0.11/jul-to-slf4j-2.0.11.jar:/Users/macbook/.m2/repository/org/yaml/snakeyaml/2.2/snakeyaml-2.2.jar:/Users/macbook/.m2/repository/org/springframework/boot/spring-boot-starter-json/3.2.2/spring-boot-starter-json-3.2.2.jar:/Users/macbook/.m2/repository/com/fasterxml/jackson/datatype/jackson-datatype-jdk8/2.15.3/jackson-datatype-jdk8-2.15.3.jar:/Users/macbook/.m2/repository/com/fasterxml/jackson/datatype/jackson-datatype-jsr310/2.15.3/jackson-datatype-jsr310-2.15.3.jar:/Users/macbook/.m2/repository/com/fasterxml/jackson/module/jackson-module-parameter-names/2.15.3/jackson-module-parameter-names-2.15.3.jar:/Users/macbook/.m2/repository/org/springframework/boot/spring-boot-starter-tomcat/3.2.2/spring-boot-starter-tomcat-3.2.2.jar:/Users/macbook/.m2/repository/org/apache/tomcat/embed/tomcat-embed-core/10.1.18/tomcat-embed-core-10.1.18.jar:/Users/macbook/.m2/repository/org/apache/tomcat/embed/tomcat-embed-websocket/10.1.18/tomcat-embed-websocket-10.1.18.jar:/Users/macbook/.m2/repository/org/springframework/spring-web/6.1.3/spring-web-6.1.3.jar:/Users/macbook/.m2/repository/org/springframework/spring-webmvc/6.1.3/spring-webmvc-6.1.3.jar:/Users/macbook/.m2/repository/org/springframework/spring-expression/6.1.3/spring-expression-6.1.3.jar:/Users/macbook/.m2/repository/org/springframework/boot/spring-boot-starter-security/3.2.2/spring-boot-starter-security-3.2.2.jar:/Users/macbook/.m2/repository/org/springframework/spring-aop/6.1.3/spring-aop-6.1.3.jar:/Users/macbook/.m2/repository/org/springframework/security/spring-security-config/6.2.1/spring-security-config-6.2.1.jar:/Users/macbook/.m2/repository/org/springframework/security/spring-security-web/6.2.1/spring-security-web-6.2.1.jar:/Users/macbook/.m2/repository/org/springframework/boot/spring-boot-starter-validation/3.2.2/spring-boot-starter-validation-3.2.2.jar:/Users/macbook/.m2/repository/org/apache/tomcat/embed/tomcat-embed-el/10.1.18/tomcat-embed-el-10.1.18.jar:/Users/macbook/.m2/repository/org/hibernate/validator/hibernate-validator/8.0.1.Final/hibernate-validator-8.0.1.Final.jar:/Users/macbook/.m2/repository/jakarta/validation/jakarta.validation-api/3.0.2/jakarta.validation-api-3.0.2.jar:/Users/macbook/.m2/repository/org/springframework/boot/spring-boot-starter-actuator/3.2.2/spring-boot-starter-actuator-3.2.2.jar:/Users/macbook/.m2/repository/org/springframework/boot/spring-boot-actuator-autoconfigure/3.2.2/spring-boot-actuator-autoconfigure-3.2.2.jar:/Users/macbook/.m2/repository/org/springframework/boot/spring-boot-actuator/3.2.2/spring-boot-actuator-3.2.2.jar:/Users/macbook/.m2/repository/io/micrometer/micrometer-observation/1.12.2/micrometer-observation-1.12.2.jar:/Users/macbook/.m2/repository/io/micrometer/micrometer-commons/1.12.2/micrometer-commons-1.12.2.jar:/Users/macbook/.m2/repository/io/micrometer/micrometer-jakarta9/1.12.2/micrometer-jakarta9-1.12.2.jar:/Users/macbook/.m2/repository/io/micrometer/micrometer-core/1.12.2/micrometer-core-1.12.2.jar:/Users/macbook/.m2/repository/org/hdrhistogram/HdrHistogram/2.1.12/HdrHistogram-2.1.12.jar:/Users/macbook/.m2/repository/org/latencyutils/LatencyUtils/2.0.3/LatencyUtils-2.0.3.jar:/Users/macbook/.m2/repository/org/flywaydb/flyway-core/11.8.1/flyway-core-11.8.1.jar:/Users/macbook/.m2/repository/org/flywaydb/flyway-database-oracle/11.8.1/flyway-database-oracle-11.8.1.jar:/Users/macbook/.m2/repository/io/jsonwebtoken/jjwt-api/0.11.5/jjwt-api-0.11.5.jar:/Users/macbook/.m2/repository/io/jsonwebtoken/jjwt-impl/0.11.5/jjwt-impl-0.11.5.jar:/Users/macbook/.m2/repository/io/jsonwebtoken/jjwt-jackson/0.11.5/jjwt-jackson-0.11.5.jar:/Users/macbook/.m2/repository/com/fasterxml/jackson/core/jackson-databind/2.15.3/jackson-databind-2.15.3.jar:/Users/macbook/.m2/repository/com/fasterxml/jackson/core/jackson-annotations/2.15.3/jackson-annotations-2.15.3.jar:/Users/macbook/.m2/repository/com/fasterxml/jackson/core/jackson-core/2.15.3/jackson-core-2.15.3.jar:/Users/macbook/.m2/repository/com/oracle/database/jdbc/ojdbc8/21.9.0.0/ojdbc8-21.9.0.0.jar:/Users/macbook/.m2/repository/com/h2database/h2/2.2.224/h2-2.2.224.jar:/Users/macbook/.m2/repository/com/zaxxer/HikariCP/5.0.1/HikariCP-5.0.1.jar:/Users/macbook/.m2/repository/org/slf4j/slf4j-api/2.0.11/slf4j-api-2.0.11.jar:/Users/macbook/.m2/repository/org/projectlombok/lombok/1.18.30/lombok-1.18.30.jar:/Users/macbook/.m2/repository/org/springframework/boot/spring-boot-starter-test/3.2.2/spring-boot-starter-test-3.2.2.jar:/Users/macbook/.m2/repository/org/springframework/boot/spring-boot-test/3.2.2/spring-boot-test-3.2.2.jar:/Users/macbook/.m2/repository/org/springframework/boot/spring-boot-test-autoconfigure/3.2.2/spring-boot-test-autoconfigure-3.2.2.jar:/Users/macbook/.m2/repository/com/jayway/jsonpath/json-path/2.8.0/json-path-2.8.0.jar:/Users/macbook/.m2/repository/jakarta/xml/bind/jakarta.xml.bind-api/4.0.1/jakarta.xml.bind-api-4.0.1.jar:/Users/macbook/.m2/repository/jakarta/activation/jakarta.activation-api/2.1.2/jakarta.activation-api-2.1.2.jar:/Users/macbook/.m2/repository/net/minidev/json-smart/2.5.0/json-smart-2.5.0.jar:/Users/macbook/.m2/repository/net/minidev/accessors-smart/2.5.0/accessors-smart-2.5.0.jar:/Users/macbook/.m2/repository/org/ow2/asm/asm/9.3/asm-9.3.jar:/Users/macbook/.m2/repository/org/assertj/assertj-core/3.24.2/assertj-core-3.24.2.jar:/Users/macbook/.m2/repository/org/awaitility/awaitility/4.2.0/awaitility-4.2.0.jar:/Users/macbook/.m2/repository/org/hamcrest/hamcrest/2.2/hamcrest-2.2.jar:/Users/macbook/.m2/repository/org/junit/jupiter/junit-jupiter/5.10.1/junit-jupiter-5.10.1.jar:/Users/macbook/.m2/repository/org/junit/jupiter/junit-jupiter-api/5.10.1/junit-jupiter-api-5.10.1.jar:/Users/macbook/.m2/repository/org/opentest4j/opentest4j/1.3.0/opentest4j-1.3.0.jar:/Users/macbook/.m2/repository/org/junit/platform/junit-platform-commons/1.10.1/junit-platform-commons-1.10.1.jar:/Users/macbook/.m2/repository/org/apiguardian/apiguardian-api/1.1.2/apiguardian-api-1.1.2.jar:/Users/macbook/.m2/repository/org/junit/jupiter/junit-jupiter-params/5.10.1/junit-jupiter-params-5.10.1.jar:/Users/macbook/.m2/repository/org/junit/jupiter/junit-jupiter-engine/5.10.1/junit-jupiter-engine-5.10.1.jar:/Users/macbook/.m2/repository/org/junit/platform/junit-platform-engine/1.10.1/junit-platform-engine-1.10.1.jar:/Users/macbook/.m2/repository/org/mockito/mockito-core/5.7.0/mockito-core-5.7.0.jar:/Users/macbook/.m2/repository/net/bytebuddy/byte-buddy-agent/1.14.11/byte-buddy-agent-1.14.11.jar:/Users/macbook/.m2/repository/org/objenesis/objenesis/3.3/objenesis-3.3.jar:/Users/macbook/.m2/repository/org/mockito/mockito-junit-jupiter/5.7.0/mockito-junit-jupiter-5.7.0.jar:/Users/macbook/.m2/repository/org/skyscreamer/jsonassert/1.5.1/jsonassert-1.5.1.jar:/Users/macbook/.m2/repository/com/vaadin/external/google/android-json/0.0.20131108.vaadin1/android-json-0.0.20131108.vaadin1.jar:/Users/macbook/.m2/repository/org/springframework/spring-core/6.1.3/spring-core-6.1.3.jar:/Users/macbook/.m2/repository/org/springframework/spring-jcl/6.1.3/spring-jcl-6.1.3.jar:/Users/macbook/.m2/repository/org/springframework/spring-test/6.1.3/spring-test-6.1.3.jar:/Users/macbook/.m2/repository/org/xmlunit/xmlunit-core/2.9.1/xmlunit-core-2.9.1.jar:/Users/macbook/.m2/repository/org/springframework/security/spring-security-test/6.2.1/spring-security-test-6.2.1.jar:/Users/macbook/.m2/repository/org/springframework/security/spring-security-core/6.2.1/spring-security-core-6.2.1.jar:/Users/macbook/.m2/repository/org/springframework/security/spring-security-crypto/6.2.1/spring-security-crypto-6.2.1.jar:/Users/macbook/.m2/repository/org/mapstruct/mapstruct/1.5.5.Final/mapstruct-1.5.5.Final.jar:/Users/macbook/.m2/repository/com/warrenstrange/googleauth/1.5.0/googleauth-1.5.0.jar:/Users/macbook/.m2/repository/commons-codec/commons-codec/1.16.0/commons-codec-1.16.0.jar:/Users/macbook/.m2/repository/org/apache/httpcomponents/httpclient/4.5.12/httpclient-4.5.12.jar:/Users/macbook/.m2/repository/org/apache/httpcomponents/httpcore/4.4.16/httpcore-4.4.16.jar:/Users/macbook/.m2/repository/commons-logging/commons-logging/1.2/commons-logging-1.2.jar:/Users/macbook/.m2/repository/com/sun/mail/jakarta.mail/2.0.1/jakarta.mail-2.0.1.jar:/Users/macbook/.m2/repository/com/sun/activation/jakarta.activation/2.0.1/jakarta.activation-2.0.1.jar:/Users/macbook/.m2/repository/org/springframework/boot/spring-boot-starter-mail/3.2.2/spring-boot-starter-mail-3.2.2.jar:/Users/macbook/.m2/repository/org/springframework/spring-context-support/6.1.3/spring-context-support-6.1.3.jar:/Users/macbook/.m2/repository/org/eclipse/angus/jakarta.mail/2.0.2/jakarta.mail-2.0.2.jar:/Users/macbook/.m2/repository/org/eclipse/angus/angus-activation/2.0.1/angus-activation-2.0.1.jar:/Users/macbook/.m2/repository/com/opencsv/opencsv/5.7.1/opencsv-5.7.1.jar:/Users/macbook/.m2/repository/org/apache/commons/commons-lang3/3.13.0/commons-lang3-3.13.0.jar:/Users/macbook/.m2/repository/org/apache/commons/commons-text/1.10.0/commons-text-1.10.0.jar:/Users/macbook/.m2/repository/commons-beanutils/commons-beanutils/1.9.4/commons-beanutils-1.9.4.jar:/Users/macbook/.m2/repository/commons-collections/commons-collections/3.2.2/commons-collections-3.2.2.jar:/Users/macbook/.m2/repository/org/apache/commons/commons-collections4/4.4/commons-collections4-4.4.jar:"/>
    <property name="java.vm.vendor" value="Homebrew"/>
    <property name="sun.arch.data.model" value="64"/>
    <property name="java.vendor.url" value="https://github.com/Homebrew/homebrew-core/issues"/>
    <property name="user.timezone" value="America/Argentina/Buenos_Aires"/>
    <property name="org.jboss.logging.provider" value="slf4j"/>
    <property name="os.name" value="Mac OS X"/>
    <property name="java.vm.specification.version" value="23"/>
    <property name="sun.java.launcher" value="SUN_STANDARD"/>
    <property name="user.country" value="AR"/>
    <property name="sun.boot.library.path" value="/opt/homebrew/Cellar/openjdk/23.0.2/libexec/openjdk.jdk/Contents/Home/lib"/>
    <property name="sun.java.command" value="/Users/macbook/Documents/CUFRE_V04/backend/target/surefire/surefirebooter-20250511111739792_3.jar /Users/macbook/Documents/CUFRE_V04/backend/target/surefire 2025-05-11T11-17-39_710-jvmRun1 surefire-20250511111739792_1tmp surefire_0-20250511111739792_2tmp"/>
    <property name="http.nonProxyHosts" value="local|*.local|169.254/16|*.169.254/16"/>
    <property name="jdk.debug" value="release"/>
    <property name="test" value="com.cufre.expedientes.util.DelitoCsvImporterTest#importarDelitos"/>
    <property name="surefire.test.class.path" value="/Users/macbook/Documents/CUFRE_V04/backend/target/test-classes:/Users/macbook/Documents/CUFRE_V04/backend/target/classes:/Users/macbook/.m2/repository/org/springframework/boot/spring-boot-starter-data-jpa/3.2.2/spring-boot-starter-data-jpa-3.2.2.jar:/Users/macbook/.m2/repository/org/springframework/boot/spring-boot-starter-aop/3.2.2/spring-boot-starter-aop-3.2.2.jar:/Users/macbook/.m2/repository/org/aspectj/aspectjweaver/1.9.21/aspectjweaver-1.9.21.jar:/Users/macbook/.m2/repository/org/springframework/boot/spring-boot-starter-jdbc/3.2.2/spring-boot-starter-jdbc-3.2.2.jar:/Users/macbook/.m2/repository/org/springframework/spring-jdbc/6.1.3/spring-jdbc-6.1.3.jar:/Users/macbook/.m2/repository/org/hibernate/orm/hibernate-core/6.4.1.Final/hibernate-core-6.4.1.Final.jar:/Users/macbook/.m2/repository/jakarta/persistence/jakarta.persistence-api/3.1.0/jakarta.persistence-api-3.1.0.jar:/Users/macbook/.m2/repository/jakarta/transaction/jakarta.transaction-api/2.0.1/jakarta.transaction-api-2.0.1.jar:/Users/macbook/.m2/repository/org/jboss/logging/jboss-logging/3.5.3.Final/jboss-logging-3.5.3.Final.jar:/Users/macbook/.m2/repository/org/hibernate/common/hibernate-commons-annotations/6.0.6.Final/hibernate-commons-annotations-6.0.6.Final.jar:/Users/macbook/.m2/repository/io/smallrye/jandex/3.1.2/jandex-3.1.2.jar:/Users/macbook/.m2/repository/com/fasterxml/classmate/1.6.0/classmate-1.6.0.jar:/Users/macbook/.m2/repository/net/bytebuddy/byte-buddy/1.14.11/byte-buddy-1.14.11.jar:/Users/macbook/.m2/repository/org/glassfish/jaxb/jaxb-runtime/4.0.4/jaxb-runtime-4.0.4.jar:/Users/macbook/.m2/repository/org/glassfish/jaxb/jaxb-core/4.0.4/jaxb-core-4.0.4.jar:/Users/macbook/.m2/repository/org/glassfish/jaxb/txw2/4.0.4/txw2-4.0.4.jar:/Users/macbook/.m2/repository/com/sun/istack/istack-commons-runtime/4.1.2/istack-commons-runtime-4.1.2.jar:/Users/macbook/.m2/repository/jakarta/inject/jakarta.inject-api/2.0.1/jakarta.inject-api-2.0.1.jar:/Users/macbook/.m2/repository/org/antlr/antlr4-runtime/4.13.0/antlr4-runtime-4.13.0.jar:/Users/macbook/.m2/repository/org/springframework/data/spring-data-jpa/3.2.2/spring-data-jpa-3.2.2.jar:/Users/macbook/.m2/repository/org/springframework/data/spring-data-commons/3.2.2/spring-data-commons-3.2.2.jar:/Users/macbook/.m2/repository/org/springframework/spring-orm/6.1.3/spring-orm-6.1.3.jar:/Users/macbook/.m2/repository/org/springframework/spring-context/6.1.3/spring-context-6.1.3.jar:/Users/macbook/.m2/repository/org/springframework/spring-tx/6.1.3/spring-tx-6.1.3.jar:/Users/macbook/.m2/repository/org/springframework/spring-beans/6.1.3/spring-beans-6.1.3.jar:/Users/macbook/.m2/repository/jakarta/annotation/jakarta.annotation-api/2.1.1/jakarta.annotation-api-2.1.1.jar:/Users/macbook/.m2/repository/org/springframework/spring-aspects/6.1.3/spring-aspects-6.1.3.jar:/Users/macbook/.m2/repository/org/springframework/boot/spring-boot-starter-web/3.2.2/spring-boot-starter-web-3.2.2.jar:/Users/macbook/.m2/repository/org/springframework/boot/spring-boot-starter/3.2.2/spring-boot-starter-3.2.2.jar:/Users/macbook/.m2/repository/org/springframework/boot/spring-boot/3.2.2/spring-boot-3.2.2.jar:/Users/macbook/.m2/repository/org/springframework/boot/spring-boot-autoconfigure/3.2.2/spring-boot-autoconfigure-3.2.2.jar:/Users/macbook/.m2/repository/org/springframework/boot/spring-boot-starter-logging/3.2.2/spring-boot-starter-logging-3.2.2.jar:/Users/macbook/.m2/repository/ch/qos/logback/logback-classic/1.4.14/logback-classic-1.4.14.jar:/Users/macbook/.m2/repository/ch/qos/logback/logback-core/1.4.14/logback-core-1.4.14.jar:/Users/macbook/.m2/repository/org/apache/logging/log4j/log4j-to-slf4j/2.21.1/log4j-to-slf4j-2.21.1.jar:/Users/macbook/.m2/repository/org/apache/logging/log4j/log4j-api/2.21.1/log4j-api-2.21.1.jar:/Users/macbook/.m2/repository/org/slf4j/jul-to-slf4j/2.0.11/jul-to-slf4j-2.0.11.jar:/Users/macbook/.m2/repository/org/yaml/snakeyaml/2.2/snakeyaml-2.2.jar:/Users/macbook/.m2/repository/org/springframework/boot/spring-boot-starter-json/3.2.2/spring-boot-starter-json-3.2.2.jar:/Users/macbook/.m2/repository/com/fasterxml/jackson/datatype/jackson-datatype-jdk8/2.15.3/jackson-datatype-jdk8-2.15.3.jar:/Users/macbook/.m2/repository/com/fasterxml/jackson/datatype/jackson-datatype-jsr310/2.15.3/jackson-datatype-jsr310-2.15.3.jar:/Users/macbook/.m2/repository/com/fasterxml/jackson/module/jackson-module-parameter-names/2.15.3/jackson-module-parameter-names-2.15.3.jar:/Users/macbook/.m2/repository/org/springframework/boot/spring-boot-starter-tomcat/3.2.2/spring-boot-starter-tomcat-3.2.2.jar:/Users/macbook/.m2/repository/org/apache/tomcat/embed/tomcat-embed-core/10.1.18/tomcat-embed-core-10.1.18.jar:/Users/macbook/.m2/repository/org/apache/tomcat/embed/tomcat-embed-websocket/10.1.18/tomcat-embed-websocket-10.1.18.jar:/Users/macbook/.m2/repository/org/springframework/spring-web/6.1.3/spring-web-6.1.3.jar:/Users/macbook/.m2/repository/org/springframework/spring-webmvc/6.1.3/spring-webmvc-6.1.3.jar:/Users/macbook/.m2/repository/org/springframework/spring-expression/6.1.3/spring-expression-6.1.3.jar:/Users/macbook/.m2/repository/org/springframework/boot/spring-boot-starter-security/3.2.2/spring-boot-starter-security-3.2.2.jar:/Users/macbook/.m2/repository/org/springframework/spring-aop/6.1.3/spring-aop-6.1.3.jar:/Users/macbook/.m2/repository/org/springframework/security/spring-security-config/6.2.1/spring-security-config-6.2.1.jar:/Users/macbook/.m2/repository/org/springframework/security/spring-security-web/6.2.1/spring-security-web-6.2.1.jar:/Users/macbook/.m2/repository/org/springframework/boot/spring-boot-starter-validation/3.2.2/spring-boot-starter-validation-3.2.2.jar:/Users/macbook/.m2/repository/org/apache/tomcat/embed/tomcat-embed-el/10.1.18/tomcat-embed-el-10.1.18.jar:/Users/macbook/.m2/repository/org/hibernate/validator/hibernate-validator/8.0.1.Final/hibernate-validator-8.0.1.Final.jar:/Users/macbook/.m2/repository/jakarta/validation/jakarta.validation-api/3.0.2/jakarta.validation-api-3.0.2.jar:/Users/macbook/.m2/repository/org/springframework/boot/spring-boot-starter-actuator/3.2.2/spring-boot-starter-actuator-3.2.2.jar:/Users/macbook/.m2/repository/org/springframework/boot/spring-boot-actuator-autoconfigure/3.2.2/spring-boot-actuator-autoconfigure-3.2.2.jar:/Users/macbook/.m2/repository/org/springframework/boot/spring-boot-actuator/3.2.2/spring-boot-actuator-3.2.2.jar:/Users/macbook/.m2/repository/io/micrometer/micrometer-observation/1.12.2/micrometer-observation-1.12.2.jar:/Users/macbook/.m2/repository/io/micrometer/micrometer-commons/1.12.2/micrometer-commons-1.12.2.jar:/Users/macbook/.m2/repository/io/micrometer/micrometer-jakarta9/1.12.2/micrometer-jakarta9-1.12.2.jar:/Users/macbook/.m2/repository/io/micrometer/micrometer-core/1.12.2/micrometer-core-1.12.2.jar:/Users/macbook/.m2/repository/org/hdrhistogram/HdrHistogram/2.1.12/HdrHistogram-2.1.12.jar:/Users/macbook/.m2/repository/org/latencyutils/LatencyUtils/2.0.3/LatencyUtils-2.0.3.jar:/Users/macbook/.m2/repository/org/flywaydb/flyway-core/11.8.1/flyway-core-11.8.1.jar:/Users/macbook/.m2/repository/org/flywaydb/flyway-database-oracle/11.8.1/flyway-database-oracle-11.8.1.jar:/Users/macbook/.m2/repository/io/jsonwebtoken/jjwt-api/0.11.5/jjwt-api-0.11.5.jar:/Users/macbook/.m2/repository/io/jsonwebtoken/jjwt-impl/0.11.5/jjwt-impl-0.11.5.jar:/Users/macbook/.m2/repository/io/jsonwebtoken/jjwt-jackson/0.11.5/jjwt-jackson-0.11.5.jar:/Users/macbook/.m2/repository/com/fasterxml/jackson/core/jackson-databind/2.15.3/jackson-databind-2.15.3.jar:/Users/macbook/.m2/repository/com/fasterxml/jackson/core/jackson-annotations/2.15.3/jackson-annotations-2.15.3.jar:/Users/macbook/.m2/repository/com/fasterxml/jackson/core/jackson-core/2.15.3/jackson-core-2.15.3.jar:/Users/macbook/.m2/repository/com/oracle/database/jdbc/ojdbc8/21.9.0.0/ojdbc8-21.9.0.0.jar:/Users/macbook/.m2/repository/com/h2database/h2/2.2.224/h2-2.2.224.jar:/Users/macbook/.m2/repository/com/zaxxer/HikariCP/5.0.1/HikariCP-5.0.1.jar:/Users/macbook/.m2/repository/org/slf4j/slf4j-api/2.0.11/slf4j-api-2.0.11.jar:/Users/macbook/.m2/repository/org/projectlombok/lombok/1.18.30/lombok-1.18.30.jar:/Users/macbook/.m2/repository/org/springframework/boot/spring-boot-starter-test/3.2.2/spring-boot-starter-test-3.2.2.jar:/Users/macbook/.m2/repository/org/springframework/boot/spring-boot-test/3.2.2/spring-boot-test-3.2.2.jar:/Users/macbook/.m2/repository/org/springframework/boot/spring-boot-test-autoconfigure/3.2.2/spring-boot-test-autoconfigure-3.2.2.jar:/Users/macbook/.m2/repository/com/jayway/jsonpath/json-path/2.8.0/json-path-2.8.0.jar:/Users/macbook/.m2/repository/jakarta/xml/bind/jakarta.xml.bind-api/4.0.1/jakarta.xml.bind-api-4.0.1.jar:/Users/macbook/.m2/repository/jakarta/activation/jakarta.activation-api/2.1.2/jakarta.activation-api-2.1.2.jar:/Users/macbook/.m2/repository/net/minidev/json-smart/2.5.0/json-smart-2.5.0.jar:/Users/macbook/.m2/repository/net/minidev/accessors-smart/2.5.0/accessors-smart-2.5.0.jar:/Users/macbook/.m2/repository/org/ow2/asm/asm/9.3/asm-9.3.jar:/Users/macbook/.m2/repository/org/assertj/assertj-core/3.24.2/assertj-core-3.24.2.jar:/Users/macbook/.m2/repository/org/awaitility/awaitility/4.2.0/awaitility-4.2.0.jar:/Users/macbook/.m2/repository/org/hamcrest/hamcrest/2.2/hamcrest-2.2.jar:/Users/macbook/.m2/repository/org/junit/jupiter/junit-jupiter/5.10.1/junit-jupiter-5.10.1.jar:/Users/macbook/.m2/repository/org/junit/jupiter/junit-jupiter-api/5.10.1/junit-jupiter-api-5.10.1.jar:/Users/macbook/.m2/repository/org/opentest4j/opentest4j/1.3.0/opentest4j-1.3.0.jar:/Users/macbook/.m2/repository/org/junit/platform/junit-platform-commons/1.10.1/junit-platform-commons-1.10.1.jar:/Users/macbook/.m2/repository/org/apiguardian/apiguardian-api/1.1.2/apiguardian-api-1.1.2.jar:/Users/macbook/.m2/repository/org/junit/jupiter/junit-jupiter-params/5.10.1/junit-jupiter-params-5.10.1.jar:/Users/macbook/.m2/repository/org/junit/jupiter/junit-jupiter-engine/5.10.1/junit-jupiter-engine-5.10.1.jar:/Users/macbook/.m2/repository/org/junit/platform/junit-platform-engine/1.10.1/junit-platform-engine-1.10.1.jar:/Users/macbook/.m2/repository/org/mockito/mockito-core/5.7.0/mockito-core-5.7.0.jar:/Users/macbook/.m2/repository/net/bytebuddy/byte-buddy-agent/1.14.11/byte-buddy-agent-1.14.11.jar:/Users/macbook/.m2/repository/org/objenesis/objenesis/3.3/objenesis-3.3.jar:/Users/macbook/.m2/repository/org/mockito/mockito-junit-jupiter/5.7.0/mockito-junit-jupiter-5.7.0.jar:/Users/macbook/.m2/repository/org/skyscreamer/jsonassert/1.5.1/jsonassert-1.5.1.jar:/Users/macbook/.m2/repository/com/vaadin/external/google/android-json/0.0.20131108.vaadin1/android-json-0.0.20131108.vaadin1.jar:/Users/macbook/.m2/repository/org/springframework/spring-core/6.1.3/spring-core-6.1.3.jar:/Users/macbook/.m2/repository/org/springframework/spring-jcl/6.1.3/spring-jcl-6.1.3.jar:/Users/macbook/.m2/repository/org/springframework/spring-test/6.1.3/spring-test-6.1.3.jar:/Users/macbook/.m2/repository/org/xmlunit/xmlunit-core/2.9.1/xmlunit-core-2.9.1.jar:/Users/macbook/.m2/repository/org/springframework/security/spring-security-test/6.2.1/spring-security-test-6.2.1.jar:/Users/macbook/.m2/repository/org/springframework/security/spring-security-core/6.2.1/spring-security-core-6.2.1.jar:/Users/macbook/.m2/repository/org/springframework/security/spring-security-crypto/6.2.1/spring-security-crypto-6.2.1.jar:/Users/macbook/.m2/repository/org/mapstruct/mapstruct/1.5.5.Final/mapstruct-1.5.5.Final.jar:/Users/macbook/.m2/repository/com/warrenstrange/googleauth/1.5.0/googleauth-1.5.0.jar:/Users/macbook/.m2/repository/commons-codec/commons-codec/1.16.0/commons-codec-1.16.0.jar:/Users/macbook/.m2/repository/org/apache/httpcomponents/httpclient/4.5.12/httpclient-4.5.12.jar:/Users/macbook/.m2/repository/org/apache/httpcomponents/httpcore/4.4.16/httpcore-4.4.16.jar:/Users/macbook/.m2/repository/commons-logging/commons-logging/1.2/commons-logging-1.2.jar:/Users/macbook/.m2/repository/com/sun/mail/jakarta.mail/2.0.1/jakarta.mail-2.0.1.jar:/Users/macbook/.m2/repository/com/sun/activation/jakarta.activation/2.0.1/jakarta.activation-2.0.1.jar:/Users/macbook/.m2/repository/org/springframework/boot/spring-boot-starter-mail/3.2.2/spring-boot-starter-mail-3.2.2.jar:/Users/macbook/.m2/repository/org/springframework/spring-context-support/6.1.3/spring-context-support-6.1.3.jar:/Users/macbook/.m2/repository/org/eclipse/angus/jakarta.mail/2.0.2/jakarta.mail-2.0.2.jar:/Users/macbook/.m2/repository/org/eclipse/angus/angus-activation/2.0.1/angus-activation-2.0.1.jar:/Users/macbook/.m2/repository/com/opencsv/opencsv/5.7.1/opencsv-5.7.1.jar:/Users/macbook/.m2/repository/org/apache/commons/commons-lang3/3.13.0/commons-lang3-3.13.0.jar:/Users/macbook/.m2/repository/org/apache/commons/commons-text/1.10.0/commons-text-1.10.0.jar:/Users/macbook/.m2/repository/commons-beanutils/commons-beanutils/1.9.4/commons-beanutils-1.9.4.jar:/Users/macbook/.m2/repository/commons-collections/commons-collections/3.2.2/commons-collections-3.2.2.jar:/Users/macbook/.m2/repository/org/apache/commons/commons-collections4/4.4/commons-collections4-4.4.jar:"/>
    <property name="sun.cpu.endian" value="little"/>
    <property name="user.home" value="/Users/macbook"/>
    <property name="user.language" value="es"/>
    <property name="java.specification.vendor" value="Oracle Corporation"/>
    <property name="java.version.date" value="2025-01-21"/>
    <property name="java.home" value="/opt/homebrew/Cellar/openjdk/23.0.2/libexec/openjdk.jdk/Contents/Home"/>
    <property name="file.separator" value="/"/>
    <property name="basedir" value="/Users/macbook/Documents/CUFRE_V04/backend"/>
    <property name="java.vm.compressedOopsMode" value="Zero based"/>
    <property name="line.separator" value="&#10;"/>
    <property name="java.vm.specification.vendor" value="Oracle Corporation"/>
    <property name="java.specification.name" value="Java Platform API Specification"/>
    <property name="FILE_LOG_CHARSET" value="UTF-8"/>
    <property name="java.awt.headless" value="true"/>
    <property name="apple.awt.application.name" value="ForkedBooter"/>
    <property name="surefire.real.class.path" value="/Users/macbook/Documents/CUFRE_V04/backend/target/surefire/surefirebooter-20250511111739792_3.jar"/>
    <property name="polyglot.engine.WarnInterpreterOnly" value="false"/>
    <property name="sun.management.compiler" value="HotSpot 64-Bit Tiered Compilers"/>
    <property name="ftp.nonProxyHosts" value="local|*.local|169.254/16|*.169.254/16"/>
    <property name="java.runtime.version" value="23.0.2"/>
    <property name="user.name" value="macbook"/>
    <property name="stdout.encoding" value="UTF-8"/>
    <property name="path.separator" value=":"/>
    <property name="os.version" value="15.4.1"/>
    <property name="java.runtime.name" value="OpenJDK Runtime Environment"/>
    <property name="file.encoding" value="UTF-8"/>
    <property name="java.vm.name" value="OpenJDK 64-Bit Server VM"/>
    <property name="java.vendor.version" value="Homebrew"/>
    <property name="localRepository" value="/Users/macbook/.m2/repository"/>
    <property name="java.vendor.url.bug" value="https://github.com/Homebrew/homebrew-core/issues"/>
    <property name="java.io.tmpdir" value="/var/folders/zf/1yht7tqd6h72mkw5frsckl2w0000gn/T/"/>
    <property name="java.version" value="23.0.2"/>
    <property name="user.dir" value="/Users/macbook/Documents/CUFRE_V04/backend"/>
    <property name="os.arch" value="aarch64"/>
    <property name="java.vm.specification.name" value="Java Virtual Machine Specification"/>
    <property name="PID" value="16907"/>
    <property name="CONSOLE_LOG_CHARSET" value="UTF-8"/>
    <property name="native.encoding" value="UTF-8"/>
    <property name="java.library.path" value="/Users/macbook/Library/Java/Extensions:/Library/Java/Extensions:/Network/Library/Java/Extensions:/System/Library/Java/Extensions:/usr/lib/java:."/>
    <property name="java.vm.info" value="mixed mode, sharing"/>
    <property name="stderr.encoding" value="UTF-8"/>
    <property name="java.vendor" value="Homebrew"/>
    <property name="java.vm.version" value="23.0.2"/>
    <property name="sun.io.unicode.encoding" value="UnicodeBig"/>
    <property name="socksNonProxyHosts" value="local|*.local|169.254/16|*.169.254/16"/>
    <property name="java.class.version" value="67.0"/>
  </properties>
  <testcase name="importarDelitos" classname="com.cufre.expedientes.util.DelitoCsvImporterTest" time="2.196">
    <system-out><![CDATA[11:17:40.179 [main] INFO org.springframework.test.context.support.AnnotationConfigContextLoaderUtils -- Could not detect default configuration classes for test class [com.cufre.expedientes.util.DelitoCsvImporterTest]: DelitoCsvImporterTest does not declare any static, non-private, non-final, nested classes annotated with @Configuration.
11:17:40.235 [main] INFO org.springframework.boot.test.context.SpringBootTestContextBootstrapper -- Found @SpringBootConfiguration com.cufre.expedientes.ExpedientesApplication for test class com.cufre.expedientes.util.DelitoCsvImporterTest

  .   ____          _            __ _ _
 /\\ / ___'_ __ _ _(_)_ __  __ _ \ \ \ \
( ( )\___ | '_ | '_| | '_ \/ _` | \ \ \ \
 \\/  ___)| |_)| | | | | || (_| |  ) ) ) )
  '  |____| .__|_| |_|_| |_\__, | / / / /
 =========|_|==============|___/=/_/_/_/
&amp#27;[32m :: Spring Boot :: &amp#27;[39m              &amp#27;[2m (v3.2.2)&amp#27;[0;39m

&amp#27;[2m2025-05-11T11:17:40.422-03:00&amp#27;[0;39m &amp#27;[32m INFO&amp#27;[0;39m &amp#27;[35m16907&amp#27;[0;39m &amp#27;[2m---&amp#27;[0;39m &amp#27;[2m[           main]&amp#27;[0;39m &amp#27;[2m&amp#27;[0;39m&amp#27;[36mc.c.e.util.DelitoCsvImporterTest        &amp#27;[0;39m &amp#27;[2m:&amp#27;[0;39m Starting DelitoCsvImporterTest using Java 23.0.2 with PID 16907 (started by macbook in /Users/macbook/Documents/CUFRE_V04/backend)
&amp#27;[2m2025-05-11T11:17:40.422-03:00&amp#27;[0;39m &amp#27;[32mDEBUG&amp#27;[0;39m &amp#27;[35m16907&amp#27;[0;39m &amp#27;[2m---&amp#27;[0;39m &amp#27;[2m[           main]&amp#27;[0;39m &amp#27;[2m&amp#27;[0;39m&amp#27;[36mc.c.e.util.DelitoCsvImporterTest        &amp#27;[0;39m &amp#27;[2m:&amp#27;[0;39m Running with Spring Boot v3.2.2, Spring v6.1.3
&amp#27;[2m2025-05-11T11:17:40.422-03:00&amp#27;[0;39m &amp#27;[32m INFO&amp#27;[0;39m &amp#27;[35m16907&amp#27;[0;39m &amp#27;[2m---&amp#27;[0;39m &amp#27;[2m[           main]&amp#27;[0;39m &amp#27;[2m&amp#27;[0;39m&amp#27;[36mc.c.e.util.DelitoCsvImporterTest        &amp#27;[0;39m &amp#27;[2m:&amp#27;[0;39m No active profile set, falling back to 1 default profile: "default"
&amp#27;[2m2025-05-11T11:17:40.436-03:00&amp#27;[0;39m &amp#27;[32mDEBUG&amp#27;[0;39m &amp#27;[35m16907&amp#27;[0;39m &amp#27;[2m---&amp#27;[0;39m &amp#27;[2m[           main]&amp#27;[0;39m &amp#27;[2m&amp#27;[0;39m&amp#27;[36mo.s.w.c.s.GenericWebApplicationContext  &amp#27;[0;39m &amp#27;[2m:&amp#27;[0;39m Refreshing org.springframework.web.context.support.GenericWebApplicationContext@ea27e34
&amp#27;[2m2025-05-11T11:17:40.920-03:00&amp#27;[0;39m &amp#27;[32m INFO&amp#27;[0;39m &amp#27;[35m16907&amp#27;[0;39m &amp#27;[2m---&amp#27;[0;39m &amp#27;[2m[           main]&amp#27;[0;39m &amp#27;[2m&amp#27;[0;39m&amp#27;[36m.s.d.r.c.RepositoryConfigurationDelegate&amp#27;[0;39m &amp#27;[2m:&amp#27;[0;39m Bootstrapping Spring Data JPA repositories in DEFAULT mode.
&amp#27;[2m2025-05-11T11:17:40.960-03:00&amp#27;[0;39m &amp#27;[32m INFO&amp#27;[0;39m &amp#27;[35m16907&amp#27;[0;39m &amp#27;[2m---&amp#27;[0;39m &amp#27;[2m[           main]&amp#27;[0;39m &amp#27;[2m&amp#27;[0;39m&amp#27;[36m.s.d.r.c.RepositoryConfigurationDelegate&amp#27;[0;39m &amp#27;[2m:&amp#27;[0;39m Finished Spring Data repository scanning in 36 ms. Found 10 JPA repository interfaces.
&amp#27;[2m2025-05-11T11:17:41.999-03:00&amp#27;[0;39m &amp#27;[32m INFO&amp#27;[0;39m &amp#27;[35m16907&amp#27;[0;39m &amp#27;[2m---&amp#27;[0;39m &amp#27;[2m[           main]&amp#27;[0;39m &amp#27;[2m&amp#27;[0;39m&amp#27;[36morg.flywaydb.core.FlywayExecutor        &amp#27;[0;39m &amp#27;[2m:&amp#27;[0;39m Database: jdbc:oracle:thin:@localhost:1521:XE (Oracle 21.0)
&amp#27;[2m2025-05-11T11:17:42.134-03:00&amp#27;[0;39m &amp#27;[32m INFO&amp#27;[0;39m &amp#27;[35m16907&amp#27;[0;39m &amp#27;[2m---&amp#27;[0;39m &amp#27;[2m[           main]&amp#27;[0;39m &amp#27;[2m&amp#27;[0;39m&amp#27;[36mo.f.core.internal.command.DbValidate    &amp#27;[0;39m &amp#27;[2m:&amp#27;[0;39m Successfully validated 13 migrations (execution time 00:00.036s)
&amp#27;[2m2025-05-11T11:17:42.506-03:00&amp#27;[0;39m &amp#27;[32m INFO&amp#27;[0;39m &amp#27;[35m16907&amp#27;[0;39m &amp#27;[2m---&amp#27;[0;39m &amp#27;[2m[           main]&amp#27;[0;39m &amp#27;[2m&amp#27;[0;39m&amp#27;[36mo.f.core.internal.command.DbMigrate     &amp#27;[0;39m &amp#27;[2m:&amp#27;[0;39m Current version of schema "C##CUFRE_USER": 1000
&amp#27;[2m2025-05-11T11:17:42.511-03:00&amp#27;[0;39m &amp#27;[32m INFO&amp#27;[0;39m &amp#27;[35m16907&amp#27;[0;39m &amp#27;[2m---&amp#27;[0;39m &amp#27;[2m[           main]&amp#27;[0;39m &amp#27;[2m&amp#27;[0;39m&amp#27;[36mo.f.core.internal.command.DbMigrate     &amp#27;[0;39m &amp#27;[2m:&amp#27;[0;39m Schema "C##CUFRE_USER" is up to date. No migration necessary.
&amp#27;[2m2025-05-11T11:17:42.600-03:00&amp#27;[0;39m &amp#27;[32m INFO&amp#27;[0;39m &amp#27;[35m16907&amp#27;[0;39m &amp#27;[2m---&amp#27;[0;39m &amp#27;[2m[           main]&amp#27;[0;39m &amp#27;[2m&amp#27;[0;39m&amp#27;[36mo.hibernate.jpa.internal.util.LogHelper &amp#27;[0;39m &amp#27;[2m:&amp#27;[0;39m HHH000204: Processing PersistenceUnitInfo [name: default]
&amp#27;[2m2025-05-11T11:17:42.625-03:00&amp#27;[0;39m &amp#27;[32m INFO&amp#27;[0;39m &amp#27;[35m16907&amp#27;[0;39m &amp#27;[2m---&amp#27;[0;39m &amp#27;[2m[           main]&amp#27;[0;39m &amp#27;[2m&amp#27;[0;39m&amp#27;[36morg.hibernate.Version                   &amp#27;[0;39m &amp#27;[2m:&amp#27;[0;39m HHH000412: Hibernate ORM core version 6.4.1.Final
&amp#27;[2m2025-05-11T11:17:42.638-03:00&amp#27;[0;39m &amp#27;[32m INFO&amp#27;[0;39m &amp#27;[35m16907&amp#27;[0;39m &amp#27;[2m---&amp#27;[0;39m &amp#27;[2m[           main]&amp#27;[0;39m &amp#27;[2m&amp#27;[0;39m&amp#27;[36mo.h.c.internal.RegionFactoryInitiator   &amp#27;[0;39m &amp#27;[2m:&amp#27;[0;39m HHH000026: Second-level cache disabled
&amp#27;[2m2025-05-11T11:17:42.741-03:00&amp#27;[0;39m &amp#27;[32m INFO&amp#27;[0;39m &amp#27;[35m16907&amp#27;[0;39m &amp#27;[2m---&amp#27;[0;39m &amp#27;[2m[           main]&amp#27;[0;39m &amp#27;[2m&amp#27;[0;39m&amp#27;[36mo.s.o.j.p.SpringPersistenceUnitInfo     &amp#27;[0;39m &amp#27;[2m:&amp#27;[0;39m No LoadTimeWeaver setup: ignoring JPA class transformer
&amp#27;[2m2025-05-11T11:17:42.754-03:00&amp#27;[0;39m &amp#27;[32m INFO&amp#27;[0;39m &amp#27;[35m16907&amp#27;[0;39m &amp#27;[2m---&amp#27;[0;39m &amp#27;[2m[           main]&amp#27;[0;39m &amp#27;[2m&amp#27;[0;39m&amp#27;[36mcom.zaxxer.hikari.HikariDataSource      &amp#27;[0;39m &amp#27;[2m:&amp#27;[0;39m CufreHikariPool - Starting...
&amp#27;[2m2025-05-11T11:17:43.135-03:00&amp#27;[0;39m &amp#27;[32m INFO&amp#27;[0;39m &amp#27;[35m16907&amp#27;[0;39m &amp#27;[2m---&amp#27;[0;39m &amp#27;[2m[           main]&amp#27;[0;39m &amp#27;[2m&amp#27;[0;39m&amp#27;[36mcom.zaxxer.hikari.pool.HikariPool       &amp#27;[0;39m &amp#27;[2m:&amp#27;[0;39m CufreHikariPool - Added connection oracle.jdbc.driver.T4CConnection@3cc817bd
&amp#27;[2m2025-05-11T11:17:43.136-03:00&amp#27;[0;39m &amp#27;[32m INFO&amp#27;[0;39m &amp#27;[35m16907&amp#27;[0;39m &amp#27;[2m---&amp#27;[0;39m &amp#27;[2m[           main]&amp#27;[0;39m &amp#27;[2m&amp#27;[0;39m&amp#27;[36mcom.zaxxer.hikari.HikariDataSource      &amp#27;[0;39m &amp#27;[2m:&amp#27;[0;39m CufreHikariPool - Start completed.
&amp#27;[2m2025-05-11T11:17:43.172-03:00&amp#27;[0;39m &amp#27;[33m WARN&amp#27;[0;39m &amp#27;[35m16907&amp#27;[0;39m &amp#27;[2m---&amp#27;[0;39m &amp#27;[2m[           main]&amp#27;[0;39m &amp#27;[2m&amp#27;[0;39m&amp#27;[36morg.hibernate.orm.deprecation           &amp#27;[0;39m &amp#27;[2m:&amp#27;[0;39m HHH90000025: OracleDialect does not need to be specified explicitly using 'hibernate.dialect' (remove the property setting and it will be selected by default)
&amp#27;[2m2025-05-11T11:17:43.771-03:00&amp#27;[0;39m &amp#27;[32m INFO&amp#27;[0;39m &amp#27;[35m16907&amp#27;[0;39m &amp#27;[2m---&amp#27;[0;39m &amp#27;[2m[           main]&amp#27;[0;39m &amp#27;[2m&amp#27;[0;39m&amp#27;[36mo.h.e.t.j.p.i.JtaPlatformInitiator      &amp#27;[0;39m &amp#27;[2m:&amp#27;[0;39m HHH000489: No JTA platform available (set 'hibernate.transaction.jta.platform' to enable JTA platform integration)
&amp#27;[2m2025-05-11T11:17:44.171-03:00&amp#27;[0;39m &amp#27;[32m INFO&amp#27;[0;39m &amp#27;[35m16907&amp#27;[0;39m &amp#27;[2m---&amp#27;[0;39m &amp#27;[2m[           main]&amp#27;[0;39m &amp#27;[2m&amp#27;[0;39m&amp#27;[36mj.LocalContainerEntityManagerFactoryBean&amp#27;[0;39m &amp#27;[2m:&amp#27;[0;39m Initialized JPA EntityManagerFactory for persistence unit 'default'
&amp#27;[2m2025-05-11T11:17:44.279-03:00&amp#27;[0;39m &amp#27;[32m INFO&amp#27;[0;39m &amp#27;[35m16907&amp#27;[0;39m &amp#27;[2m---&amp#27;[0;39m &amp#27;[2m[           main]&amp#27;[0;39m &amp#27;[2m&amp#27;[0;39m&amp#27;[36mi.StatisticalLoggingSessionEventListener&amp#27;[0;39m &amp#27;[2m:&amp#27;[0;39m Session Metrics {
    0 nanoseconds spent acquiring 0 JDBC connections;
    0 nanoseconds spent releasing 0 JDBC connections;
    0 nanoseconds spent preparing 0 JDBC statements;
    0 nanoseconds spent executing 0 JDBC statements;
    0 nanoseconds spent executing 0 JDBC batches;
    0 nanoseconds spent performing 0 L2C puts;
    0 nanoseconds spent performing 0 L2C hits;
    0 nanoseconds spent performing 0 L2C misses;
    0 nanoseconds spent executing 0 flushes (flushing a total of 0 entities and 0 collections);
    0 nanoseconds spent executing 0 partial-flushes (flushing a total of 0 entities and 0 collections)
}
&amp#27;[2m2025-05-11T11:17:44.280-03:00&amp#27;[0;39m &amp#27;[32m INFO&amp#27;[0;39m &amp#27;[35m16907&amp#27;[0;39m &amp#27;[2m---&amp#27;[0;39m &amp#27;[2m[           main]&amp#27;[0;39m &amp#27;[2m&amp#27;[0;39m&amp#27;[36mi.StatisticalLoggingSessionEventListener&amp#27;[0;39m &amp#27;[2m:&amp#27;[0;39m Session Metrics {
    0 nanoseconds spent acquiring 0 JDBC connections;
    0 nanoseconds spent releasing 0 JDBC connections;
    0 nanoseconds spent preparing 0 JDBC statements;
    0 nanoseconds spent executing 0 JDBC statements;
    0 nanoseconds spent executing 0 JDBC batches;
    0 nanoseconds spent performing 0 L2C puts;
    0 nanoseconds spent performing 0 L2C hits;
    0 nanoseconds spent performing 0 L2C misses;
    0 nanoseconds spent executing 0 flushes (flushing a total of 0 entities and 0 collections);
    0 nanoseconds spent executing 0 partial-flushes (flushing a total of 0 entities and 0 collections)
}
&amp#27;[2m2025-05-11T11:17:44.316-03:00&amp#27;[0;39m &amp#27;[32m INFO&amp#27;[0;39m &amp#27;[35m16907&amp#27;[0;39m &amp#27;[2m---&amp#27;[0;39m &amp#27;[2m[           main]&amp#27;[0;39m &amp#27;[2m&amp#27;[0;39m&amp#27;[36mi.StatisticalLoggingSessionEventListener&amp#27;[0;39m &amp#27;[2m:&amp#27;[0;39m Session Metrics {
    0 nanoseconds spent acquiring 0 JDBC connections;
    0 nanoseconds spent releasing 0 JDBC connections;
    0 nanoseconds spent preparing 0 JDBC statements;
    0 nanoseconds spent executing 0 JDBC statements;
    0 nanoseconds spent executing 0 JDBC batches;
    0 nanoseconds spent performing 0 L2C puts;
    0 nanoseconds spent performing 0 L2C hits;
    0 nanoseconds spent performing 0 L2C misses;
    0 nanoseconds spent executing 0 flushes (flushing a total of 0 entities and 0 collections);
    0 nanoseconds spent executing 0 partial-flushes (flushing a total of 0 entities and 0 collections)
}
&amp#27;[2m2025-05-11T11:17:44.353-03:00&amp#27;[0;39m &amp#27;[32m INFO&amp#27;[0;39m &amp#27;[35m16907&amp#27;[0;39m &amp#27;[2m---&amp#27;[0;39m &amp#27;[2m[           main]&amp#27;[0;39m &amp#27;[2m&amp#27;[0;39m&amp#27;[36mi.StatisticalLoggingSessionEventListener&amp#27;[0;39m &amp#27;[2m:&amp#27;[0;39m Session Metrics {
    0 nanoseconds spent acquiring 0 JDBC connections;
    0 nanoseconds spent releasing 0 JDBC connections;
    0 nanoseconds spent preparing 0 JDBC statements;
    0 nanoseconds spent executing 0 JDBC statements;
    0 nanoseconds spent executing 0 JDBC batches;
    0 nanoseconds spent performing 0 L2C puts;
    0 nanoseconds spent performing 0 L2C hits;
    0 nanoseconds spent performing 0 L2C misses;
    0 nanoseconds spent executing 0 flushes (flushing a total of 0 entities and 0 collections);
    0 nanoseconds spent executing 0 partial-flushes (flushing a total of 0 entities and 0 collections)
}
&amp#27;[2m2025-05-11T11:17:44.354-03:00&amp#27;[0;39m &amp#27;[32m INFO&amp#27;[0;39m &amp#27;[35m16907&amp#27;[0;39m &amp#27;[2m---&amp#27;[0;39m &amp#27;[2m[           main]&amp#27;[0;39m &amp#27;[2m&amp#27;[0;39m&amp#27;[36mi.StatisticalLoggingSessionEventListener&amp#27;[0;39m &amp#27;[2m:&amp#27;[0;39m Session Metrics {
    0 nanoseconds spent acquiring 0 JDBC connections;
    0 nanoseconds spent releasing 0 JDBC connections;
    0 nanoseconds spent preparing 0 JDBC statements;
    0 nanoseconds spent executing 0 JDBC statements;
    0 nanoseconds spent executing 0 JDBC batches;
    0 nanoseconds spent performing 0 L2C puts;
    0 nanoseconds spent performing 0 L2C hits;
    0 nanoseconds spent performing 0 L2C misses;
    0 nanoseconds spent executing 0 flushes (flushing a total of 0 entities and 0 collections);
    0 nanoseconds spent executing 0 partial-flushes (flushing a total of 0 entities and 0 collections)
}
&amp#27;[2m2025-05-11T11:17:44.375-03:00&amp#27;[0;39m &amp#27;[32m INFO&amp#27;[0;39m &amp#27;[35m16907&amp#27;[0;39m &amp#27;[2m---&amp#27;[0;39m &amp#27;[2m[           main]&amp#27;[0;39m &amp#27;[2m&amp#27;[0;39m&amp#27;[36mi.StatisticalLoggingSessionEventListener&amp#27;[0;39m &amp#27;[2m:&amp#27;[0;39m Session Metrics {
    0 nanoseconds spent acquiring 0 JDBC connections;
    0 nanoseconds spent releasing 0 JDBC connections;
    0 nanoseconds spent preparing 0 JDBC statements;
    0 nanoseconds spent executing 0 JDBC statements;
    0 nanoseconds spent executing 0 JDBC batches;
    0 nanoseconds spent performing 0 L2C puts;
    0 nanoseconds spent performing 0 L2C hits;
    0 nanoseconds spent performing 0 L2C misses;
    0 nanoseconds spent executing 0 flushes (flushing a total of 0 entities and 0 collections);
    0 nanoseconds spent executing 0 partial-flushes (flushing a total of 0 entities and 0 collections)
}
&amp#27;[2m2025-05-11T11:17:44.375-03:00&amp#27;[0;39m &amp#27;[32m INFO&amp#27;[0;39m &amp#27;[35m16907&amp#27;[0;39m &amp#27;[2m---&amp#27;[0;39m &amp#27;[2m[           main]&amp#27;[0;39m &amp#27;[2m&amp#27;[0;39m&amp#27;[36mi.StatisticalLoggingSessionEventListener&amp#27;[0;39m &amp#27;[2m:&amp#27;[0;39m Session Metrics {
    0 nanoseconds spent acquiring 0 JDBC connections;
    0 nanoseconds spent releasing 0 JDBC connections;
    0 nanoseconds spent preparing 0 JDBC statements;
    0 nanoseconds spent executing 0 JDBC statements;
    0 nanoseconds spent executing 0 JDBC batches;
    0 nanoseconds spent performing 0 L2C puts;
    0 nanoseconds spent performing 0 L2C hits;
    0 nanoseconds spent performing 0 L2C misses;
    0 nanoseconds spent executing 0 flushes (flushing a total of 0 entities and 0 collections);
    0 nanoseconds spent executing 0 partial-flushes (flushing a total of 0 entities and 0 collections)
}
&amp#27;[2m2025-05-11T11:17:44.377-03:00&amp#27;[0;39m &amp#27;[32m INFO&amp#27;[0;39m &amp#27;[35m16907&amp#27;[0;39m &amp#27;[2m---&amp#27;[0;39m &amp#27;[2m[           main]&amp#27;[0;39m &amp#27;[2m&amp#27;[0;39m&amp#27;[36mi.StatisticalLoggingSessionEventListener&amp#27;[0;39m &amp#27;[2m:&amp#27;[0;39m Session Metrics {
    0 nanoseconds spent acquiring 0 JDBC connections;
    0 nanoseconds spent releasing 0 JDBC connections;
    0 nanoseconds spent preparing 0 JDBC statements;
    0 nanoseconds spent executing 0 JDBC statements;
    0 nanoseconds spent executing 0 JDBC batches;
    0 nanoseconds spent performing 0 L2C puts;
    0 nanoseconds spent performing 0 L2C hits;
    0 nanoseconds spent performing 0 L2C misses;
    0 nanoseconds spent executing 0 flushes (flushing a total of 0 entities and 0 collections);
    0 nanoseconds spent executing 0 partial-flushes (flushing a total of 0 entities and 0 collections)
}
&amp#27;[2m2025-05-11T11:17:44.377-03:00&amp#27;[0;39m &amp#27;[32m INFO&amp#27;[0;39m &amp#27;[35m16907&amp#27;[0;39m &amp#27;[2m---&amp#27;[0;39m &amp#27;[2m[           main]&amp#27;[0;39m &amp#27;[2m&amp#27;[0;39m&amp#27;[36mi.StatisticalLoggingSessionEventListener&amp#27;[0;39m &amp#27;[2m:&amp#27;[0;39m Session Metrics {
    0 nanoseconds spent acquiring 0 JDBC connections;
    0 nanoseconds spent releasing 0 JDBC connections;
    0 nanoseconds spent preparing 0 JDBC statements;
    0 nanoseconds spent executing 0 JDBC statements;
    0 nanoseconds spent executing 0 JDBC batches;
    0 nanoseconds spent performing 0 L2C puts;
    0 nanoseconds spent performing 0 L2C hits;
    0 nanoseconds spent performing 0 L2C misses;
    0 nanoseconds spent executing 0 flushes (flushing a total of 0 entities and 0 collections);
    0 nanoseconds spent executing 0 partial-flushes (flushing a total of 0 entities and 0 collections)
}
&amp#27;[2m2025-05-11T11:17:44.378-03:00&amp#27;[0;39m &amp#27;[32m INFO&amp#27;[0;39m &amp#27;[35m16907&amp#27;[0;39m &amp#27;[2m---&amp#27;[0;39m &amp#27;[2m[           main]&amp#27;[0;39m &amp#27;[2m&amp#27;[0;39m&amp#27;[36mi.StatisticalLoggingSessionEventListener&amp#27;[0;39m &amp#27;[2m:&amp#27;[0;39m Session Metrics {
    0 nanoseconds spent acquiring 0 JDBC connections;
    0 nanoseconds spent releasing 0 JDBC connections;
    0 nanoseconds spent preparing 0 JDBC statements;
    0 nanoseconds spent executing 0 JDBC statements;
    0 nanoseconds spent executing 0 JDBC batches;
    0 nanoseconds spent performing 0 L2C puts;
    0 nanoseconds spent performing 0 L2C hits;
    0 nanoseconds spent performing 0 L2C misses;
    0 nanoseconds spent executing 0 flushes (flushing a total of 0 entities and 0 collections);
    0 nanoseconds spent executing 0 partial-flushes (flushing a total of 0 entities and 0 collections)
}
&amp#27;[2m2025-05-11T11:17:44.378-03:00&amp#27;[0;39m &amp#27;[32m INFO&amp#27;[0;39m &amp#27;[35m16907&amp#27;[0;39m &amp#27;[2m---&amp#27;[0;39m &amp#27;[2m[           main]&amp#27;[0;39m &amp#27;[2m&amp#27;[0;39m&amp#27;[36mi.StatisticalLoggingSessionEventListener&amp#27;[0;39m &amp#27;[2m:&amp#27;[0;39m Session Metrics {
    0 nanoseconds spent acquiring 0 JDBC connections;
    0 nanoseconds spent releasing 0 JDBC connections;
    0 nanoseconds spent preparing 0 JDBC statements;
    0 nanoseconds spent executing 0 JDBC statements;
    0 nanoseconds spent executing 0 JDBC batches;
    0 nanoseconds spent performing 0 L2C puts;
    0 nanoseconds spent performing 0 L2C hits;
    0 nanoseconds spent performing 0 L2C misses;
    0 nanoseconds spent executing 0 flushes (flushing a total of 0 entities and 0 collections);
    0 nanoseconds spent executing 0 partial-flushes (flushing a total of 0 entities and 0 collections)
}
&amp#27;[2m2025-05-11T11:17:44.379-03:00&amp#27;[0;39m &amp#27;[32m INFO&amp#27;[0;39m &amp#27;[35m16907&amp#27;[0;39m &amp#27;[2m---&amp#27;[0;39m &amp#27;[2m[           main]&amp#27;[0;39m &amp#27;[2m&amp#27;[0;39m&amp#27;[36mi.StatisticalLoggingSessionEventListener&amp#27;[0;39m &amp#27;[2m:&amp#27;[0;39m Session Metrics {
    0 nanoseconds spent acquiring 0 JDBC connections;
    0 nanoseconds spent releasing 0 JDBC connections;
    0 nanoseconds spent preparing 0 JDBC statements;
    0 nanoseconds spent executing 0 JDBC statements;
    0 nanoseconds spent executing 0 JDBC batches;
    0 nanoseconds spent performing 0 L2C puts;
    0 nanoseconds spent performing 0 L2C hits;
    0 nanoseconds spent performing 0 L2C misses;
    0 nanoseconds spent executing 0 flushes (flushing a total of 0 entities and 0 collections);
    0 nanoseconds spent executing 0 partial-flushes (flushing a total of 0 entities and 0 collections)
}
&amp#27;[2m2025-05-11T11:17:44.379-03:00&amp#27;[0;39m &amp#27;[32m INFO&amp#27;[0;39m &amp#27;[35m16907&amp#27;[0;39m &amp#27;[2m---&amp#27;[0;39m &amp#27;[2m[           main]&amp#27;[0;39m &amp#27;[2m&amp#27;[0;39m&amp#27;[36mi.StatisticalLoggingSessionEventListener&amp#27;[0;39m &amp#27;[2m:&amp#27;[0;39m Session Metrics {
    0 nanoseconds spent acquiring 0 JDBC connections;
    0 nanoseconds spent releasing 0 JDBC connections;
    0 nanoseconds spent preparing 0 JDBC statements;
    0 nanoseconds spent executing 0 JDBC statements;
    0 nanoseconds spent executing 0 JDBC batches;
    0 nanoseconds spent performing 0 L2C puts;
    0 nanoseconds spent performing 0 L2C hits;
    0 nanoseconds spent performing 0 L2C misses;
    0 nanoseconds spent executing 0 flushes (flushing a total of 0 entities and 0 collections);
    0 nanoseconds spent executing 0 partial-flushes (flushing a total of 0 entities and 0 collections)
}
&amp#27;[2m2025-05-11T11:17:44.383-03:00&amp#27;[0;39m &amp#27;[32m INFO&amp#27;[0;39m &amp#27;[35m16907&amp#27;[0;39m &amp#27;[2m---&amp#27;[0;39m &amp#27;[2m[           main]&amp#27;[0;39m &amp#27;[2m&amp#27;[0;39m&amp#27;[36mo.s.d.j.r.query.QueryEnhancerFactory    &amp#27;[0;39m &amp#27;[2m:&amp#27;[0;39m Hibernate is in classpath; If applicable, HQL parser will be used.
&amp#27;[2m2025-05-11T11:17:44.477-03:00&amp#27;[0;39m &amp#27;[32m INFO&amp#27;[0;39m &amp#27;[35m16907&amp#27;[0;39m &amp#27;[2m---&amp#27;[0;39m &amp#27;[2m[           main]&amp#27;[0;39m &amp#27;[2m&amp#27;[0;39m&amp#27;[36mi.StatisticalLoggingSessionEventListener&amp#27;[0;39m &amp#27;[2m:&amp#27;[0;39m Session Metrics {
    0 nanoseconds spent acquiring 0 JDBC connections;
    0 nanoseconds spent releasing 0 JDBC connections;
    0 nanoseconds spent preparing 0 JDBC statements;
    0 nanoseconds spent executing 0 JDBC statements;
    0 nanoseconds spent executing 0 JDBC batches;
    0 nanoseconds spent performing 0 L2C puts;
    0 nanoseconds spent performing 0 L2C hits;
    0 nanoseconds spent performing 0 L2C misses;
    0 nanoseconds spent executing 0 flushes (flushing a total of 0 entities and 0 collections);
    0 nanoseconds spent executing 0 partial-flushes (flushing a total of 0 entities and 0 collections)
}
&amp#27;[2m2025-05-11T11:17:44.477-03:00&amp#27;[0;39m &amp#27;[32m INFO&amp#27;[0;39m &amp#27;[35m16907&amp#27;[0;39m &amp#27;[2m---&amp#27;[0;39m &amp#27;[2m[           main]&amp#27;[0;39m &amp#27;[2m&amp#27;[0;39m&amp#27;[36mi.StatisticalLoggingSessionEventListener&amp#27;[0;39m &amp#27;[2m:&amp#27;[0;39m Session Metrics {
    0 nanoseconds spent acquiring 0 JDBC connections;
    0 nanoseconds spent releasing 0 JDBC connections;
    0 nanoseconds spent preparing 0 JDBC statements;
    0 nanoseconds spent executing 0 JDBC statements;
    0 nanoseconds spent executing 0 JDBC batches;
    0 nanoseconds spent performing 0 L2C puts;
    0 nanoseconds spent performing 0 L2C hits;
    0 nanoseconds spent performing 0 L2C misses;
    0 nanoseconds spent executing 0 flushes (flushing a total of 0 entities and 0 collections);
    0 nanoseconds spent executing 0 partial-flushes (flushing a total of 0 entities and 0 collections)
}
&amp#27;[2m2025-05-11T11:17:44.593-03:00&amp#27;[0;39m &amp#27;[32m INFO&amp#27;[0;39m &amp#27;[35m16907&amp#27;[0;39m &amp#27;[2m---&amp#27;[0;39m &amp#27;[2m[           main]&amp#27;[0;39m &amp#27;[2m&amp#27;[0;39m&amp#27;[36mi.StatisticalLoggingSessionEventListener&amp#27;[0;39m &amp#27;[2m:&amp#27;[0;39m Session Metrics {
    0 nanoseconds spent acquiring 0 JDBC connections;
    0 nanoseconds spent releasing 0 JDBC connections;
    0 nanoseconds spent preparing 0 JDBC statements;
    0 nanoseconds spent executing 0 JDBC statements;
    0 nanoseconds spent executing 0 JDBC batches;
    0 nanoseconds spent performing 0 L2C puts;
    0 nanoseconds spent performing 0 L2C hits;
    0 nanoseconds spent performing 0 L2C misses;
    0 nanoseconds spent executing 0 flushes (flushing a total of 0 entities and 0 collections);
    0 nanoseconds spent executing 0 partial-flushes (flushing a total of 0 entities and 0 collections)
}
&amp#27;[2m2025-05-11T11:17:44.636-03:00&amp#27;[0;39m &amp#27;[32m INFO&amp#27;[0;39m &amp#27;[35m16907&amp#27;[0;39m &amp#27;[2m---&amp#27;[0;39m &amp#27;[2m[           main]&amp#27;[0;39m &amp#27;[2m&amp#27;[0;39m&amp#27;[36mi.StatisticalLoggingSessionEventListener&amp#27;[0;39m &amp#27;[2m:&amp#27;[0;39m Session Metrics {
    0 nanoseconds spent acquiring 0 JDBC connections;
    0 nanoseconds spent releasing 0 JDBC connections;
    0 nanoseconds spent preparing 0 JDBC statements;
    0 nanoseconds spent executing 0 JDBC statements;
    0 nanoseconds spent executing 0 JDBC batches;
    0 nanoseconds spent performing 0 L2C puts;
    0 nanoseconds spent performing 0 L2C hits;
    0 nanoseconds spent performing 0 L2C misses;
    0 nanoseconds spent executing 0 flushes (flushing a total of 0 entities and 0 collections);
    0 nanoseconds spent executing 0 partial-flushes (flushing a total of 0 entities and 0 collections)
}
&amp#27;[2m2025-05-11T11:17:44.666-03:00&amp#27;[0;39m &amp#27;[32m INFO&amp#27;[0;39m &amp#27;[35m16907&amp#27;[0;39m &amp#27;[2m---&amp#27;[0;39m &amp#27;[2m[           main]&amp#27;[0;39m &amp#27;[2m&amp#27;[0;39m&amp#27;[36mi.StatisticalLoggingSessionEventListener&amp#27;[0;39m &amp#27;[2m:&amp#27;[0;39m Session Metrics {
    0 nanoseconds spent acquiring 0 JDBC connections;
    0 nanoseconds spent releasing 0 JDBC connections;
    0 nanoseconds spent preparing 0 JDBC statements;
    0 nanoseconds spent executing 0 JDBC statements;
    0 nanoseconds spent executing 0 JDBC batches;
    0 nanoseconds spent performing 0 L2C puts;
    0 nanoseconds spent performing 0 L2C hits;
    0 nanoseconds spent performing 0 L2C misses;
    0 nanoseconds spent executing 0 flushes (flushing a total of 0 entities and 0 collections);
    0 nanoseconds spent executing 0 partial-flushes (flushing a total of 0 entities and 0 collections)
}
&amp#27;[2m2025-05-11T11:17:44.690-03:00&amp#27;[0;39m &amp#27;[32m INFO&amp#27;[0;39m &amp#27;[35m16907&amp#27;[0;39m &amp#27;[2m---&amp#27;[0;39m &amp#27;[2m[           main]&amp#27;[0;39m &amp#27;[2m&amp#27;[0;39m&amp#27;[36mi.StatisticalLoggingSessionEventListener&amp#27;[0;39m &amp#27;[2m:&amp#27;[0;39m Session Metrics {
    0 nanoseconds spent acquiring 0 JDBC connections;
    0 nanoseconds spent releasing 0 JDBC connections;
    0 nanoseconds spent preparing 0 JDBC statements;
    0 nanoseconds spent executing 0 JDBC statements;
    0 nanoseconds spent executing 0 JDBC batches;
    0 nanoseconds spent performing 0 L2C puts;
    0 nanoseconds spent performing 0 L2C hits;
    0 nanoseconds spent performing 0 L2C misses;
    0 nanoseconds spent executing 0 flushes (flushing a total of 0 entities and 0 collections);
    0 nanoseconds spent executing 0 partial-flushes (flushing a total of 0 entities and 0 collections)
}
&amp#27;[2m2025-05-11T11:17:44.691-03:00&amp#27;[0;39m &amp#27;[32m INFO&amp#27;[0;39m &amp#27;[35m16907&amp#27;[0;39m &amp#27;[2m---&amp#27;[0;39m &amp#27;[2m[           main]&amp#27;[0;39m &amp#27;[2m&amp#27;[0;39m&amp#27;[36mi.StatisticalLoggingSessionEventListener&amp#27;[0;39m &amp#27;[2m:&amp#27;[0;39m Session Metrics {
    0 nanoseconds spent acquiring 0 JDBC connections;
    0 nanoseconds spent releasing 0 JDBC connections;
    0 nanoseconds spent preparing 0 JDBC statements;
    0 nanoseconds spent executing 0 JDBC statements;
    0 nanoseconds spent executing 0 JDBC batches;
    0 nanoseconds spent performing 0 L2C puts;
    0 nanoseconds spent performing 0 L2C hits;
    0 nanoseconds spent performing 0 L2C misses;
    0 nanoseconds spent executing 0 flushes (flushing a total of 0 entities and 0 collections);
    0 nanoseconds spent executing 0 partial-flushes (flushing a total of 0 entities and 0 collections)
}
&amp#27;[2m2025-05-11T11:17:44.698-03:00&amp#27;[0;39m &amp#27;[32m INFO&amp#27;[0;39m &amp#27;[35m16907&amp#27;[0;39m &amp#27;[2m---&amp#27;[0;39m &amp#27;[2m[           main]&amp#27;[0;39m &amp#27;[2m&amp#27;[0;39m&amp#27;[36mi.StatisticalLoggingSessionEventListener&amp#27;[0;39m &amp#27;[2m:&amp#27;[0;39m Session Metrics {
    0 nanoseconds spent acquiring 0 JDBC connections;
    0 nanoseconds spent releasing 0 JDBC connections;
    0 nanoseconds spent preparing 0 JDBC statements;
    0 nanoseconds spent executing 0 JDBC statements;
    0 nanoseconds spent executing 0 JDBC batches;
    0 nanoseconds spent performing 0 L2C puts;
    0 nanoseconds spent performing 0 L2C hits;
    0 nanoseconds spent performing 0 L2C misses;
    0 nanoseconds spent executing 0 flushes (flushing a total of 0 entities and 0 collections);
    0 nanoseconds spent executing 0 partial-flushes (flushing a total of 0 entities and 0 collections)
}
&amp#27;[2m2025-05-11T11:17:44.698-03:00&amp#27;[0;39m &amp#27;[32m INFO&amp#27;[0;39m &amp#27;[35m16907&amp#27;[0;39m &amp#27;[2m---&amp#27;[0;39m &amp#27;[2m[           main]&amp#27;[0;39m &amp#27;[2m&amp#27;[0;39m&amp#27;[36mi.StatisticalLoggingSessionEventListener&amp#27;[0;39m &amp#27;[2m:&amp#27;[0;39m Session Metrics {
    0 nanoseconds spent acquiring 0 JDBC connections;
    0 nanoseconds spent releasing 0 JDBC connections;
    0 nanoseconds spent preparing 0 JDBC statements;
    0 nanoseconds spent executing 0 JDBC statements;
    0 nanoseconds spent executing 0 JDBC batches;
    0 nanoseconds spent performing 0 L2C puts;
    0 nanoseconds spent performing 0 L2C hits;
    0 nanoseconds spent performing 0 L2C misses;
    0 nanoseconds spent executing 0 flushes (flushing a total of 0 entities and 0 collections);
    0 nanoseconds spent executing 0 partial-flushes (flushing a total of 0 entities and 0 collections)
}
&amp#27;[2m2025-05-11T11:17:44.699-03:00&amp#27;[0;39m &amp#27;[32m INFO&amp#27;[0;39m &amp#27;[35m16907&amp#27;[0;39m &amp#27;[2m---&amp#27;[0;39m &amp#27;[2m[           main]&amp#27;[0;39m &amp#27;[2m&amp#27;[0;39m&amp#27;[36mi.StatisticalLoggingSessionEventListener&amp#27;[0;39m &amp#27;[2m:&amp#27;[0;39m Session Metrics {
    0 nanoseconds spent acquiring 0 JDBC connections;
    0 nanoseconds spent releasing 0 JDBC connections;
    0 nanoseconds spent preparing 0 JDBC statements;
    0 nanoseconds spent executing 0 JDBC statements;
    0 nanoseconds spent executing 0 JDBC batches;
    0 nanoseconds spent performing 0 L2C puts;
    0 nanoseconds spent performing 0 L2C hits;
    0 nanoseconds spent performing 0 L2C misses;
    0 nanoseconds spent executing 0 flushes (flushing a total of 0 entities and 0 collections);
    0 nanoseconds spent executing 0 partial-flushes (flushing a total of 0 entities and 0 collections)
}
&amp#27;[2m2025-05-11T11:17:44.701-03:00&amp#27;[0;39m &amp#27;[32m INFO&amp#27;[0;39m &amp#27;[35m16907&amp#27;[0;39m &amp#27;[2m---&amp#27;[0;39m &amp#27;[2m[           main]&amp#27;[0;39m &amp#27;[2m&amp#27;[0;39m&amp#27;[36mi.StatisticalLoggingSessionEventListener&amp#27;[0;39m &amp#27;[2m:&amp#27;[0;39m Session Metrics {
    0 nanoseconds spent acquiring 0 JDBC connections;
    0 nanoseconds spent releasing 0 JDBC connections;
    0 nanoseconds spent preparing 0 JDBC statements;
    0 nanoseconds spent executing 0 JDBC statements;
    0 nanoseconds spent executing 0 JDBC batches;
    0 nanoseconds spent performing 0 L2C puts;
    0 nanoseconds spent performing 0 L2C hits;
    0 nanoseconds spent performing 0 L2C misses;
    0 nanoseconds spent executing 0 flushes (flushing a total of 0 entities and 0 collections);
    0 nanoseconds spent executing 0 partial-flushes (flushing a total of 0 entities and 0 collections)
}
&amp#27;[2m2025-05-11T11:17:44.701-03:00&amp#27;[0;39m &amp#27;[32m INFO&amp#27;[0;39m &amp#27;[35m16907&amp#27;[0;39m &amp#27;[2m---&amp#27;[0;39m &amp#27;[2m[           main]&amp#27;[0;39m &amp#27;[2m&amp#27;[0;39m&amp#27;[36mi.StatisticalLoggingSessionEventListener&amp#27;[0;39m &amp#27;[2m:&amp#27;[0;39m Session Metrics {
    0 nanoseconds spent acquiring 0 JDBC connections;
    0 nanoseconds spent releasing 0 JDBC connections;
    0 nanoseconds spent preparing 0 JDBC statements;
    0 nanoseconds spent executing 0 JDBC statements;
    0 nanoseconds spent executing 0 JDBC batches;
    0 nanoseconds spent performing 0 L2C puts;
    0 nanoseconds spent performing 0 L2C hits;
    0 nanoseconds spent performing 0 L2C misses;
    0 nanoseconds spent executing 0 flushes (flushing a total of 0 entities and 0 collections);
    0 nanoseconds spent executing 0 partial-flushes (flushing a total of 0 entities and 0 collections)
}
&amp#27;[2m2025-05-11T11:17:44.702-03:00&amp#27;[0;39m &amp#27;[32m INFO&amp#27;[0;39m &amp#27;[35m16907&amp#27;[0;39m &amp#27;[2m---&amp#27;[0;39m &amp#27;[2m[           main]&amp#27;[0;39m &amp#27;[2m&amp#27;[0;39m&amp#27;[36mi.StatisticalLoggingSessionEventListener&amp#27;[0;39m &amp#27;[2m:&amp#27;[0;39m Session Metrics {
    0 nanoseconds spent acquiring 0 JDBC connections;
    0 nanoseconds spent releasing 0 JDBC connections;
    0 nanoseconds spent preparing 0 JDBC statements;
    0 nanoseconds spent executing 0 JDBC statements;
    0 nanoseconds spent executing 0 JDBC batches;
    0 nanoseconds spent performing 0 L2C puts;
    0 nanoseconds spent performing 0 L2C hits;
    0 nanoseconds spent performing 0 L2C misses;
    0 nanoseconds spent executing 0 flushes (flushing a total of 0 entities and 0 collections);
    0 nanoseconds spent executing 0 partial-flushes (flushing a total of 0 entities and 0 collections)
}
&amp#27;[2m2025-05-11T11:17:44.708-03:00&amp#27;[0;39m &amp#27;[32m INFO&amp#27;[0;39m &amp#27;[35m16907&amp#27;[0;39m &amp#27;[2m---&amp#27;[0;39m &amp#27;[2m[           main]&amp#27;[0;39m &amp#27;[2m&amp#27;[0;39m&amp#27;[36mi.StatisticalLoggingSessionEventListener&amp#27;[0;39m &amp#27;[2m:&amp#27;[0;39m Session Metrics {
    0 nanoseconds spent acquiring 0 JDBC connections;
    0 nanoseconds spent releasing 0 JDBC connections;
    0 nanoseconds spent preparing 0 JDBC statements;
    0 nanoseconds spent executing 0 JDBC statements;
    0 nanoseconds spent executing 0 JDBC batches;
    0 nanoseconds spent performing 0 L2C puts;
    0 nanoseconds spent performing 0 L2C hits;
    0 nanoseconds spent performing 0 L2C misses;
    0 nanoseconds spent executing 0 flushes (flushing a total of 0 entities and 0 collections);
    0 nanoseconds spent executing 0 partial-flushes (flushing a total of 0 entities and 0 collections)
}
&amp#27;[2m2025-05-11T11:17:44.708-03:00&amp#27;[0;39m &amp#27;[32m INFO&amp#27;[0;39m &amp#27;[35m16907&amp#27;[0;39m &amp#27;[2m---&amp#27;[0;39m &amp#27;[2m[           main]&amp#27;[0;39m &amp#27;[2m&amp#27;[0;39m&amp#27;[36mi.StatisticalLoggingSessionEventListener&amp#27;[0;39m &amp#27;[2m:&amp#27;[0;39m Session Metrics {
    0 nanoseconds spent acquiring 0 JDBC connections;
    0 nanoseconds spent releasing 0 JDBC connections;
    0 nanoseconds spent preparing 0 JDBC statements;
    0 nanoseconds spent executing 0 JDBC statements;
    0 nanoseconds spent executing 0 JDBC batches;
    0 nanoseconds spent performing 0 L2C puts;
    0 nanoseconds spent performing 0 L2C hits;
    0 nanoseconds spent performing 0 L2C misses;
    0 nanoseconds spent executing 0 flushes (flushing a total of 0 entities and 0 collections);
    0 nanoseconds spent executing 0 partial-flushes (flushing a total of 0 entities and 0 collections)
}
&amp#27;[2m2025-05-11T11:17:44.716-03:00&amp#27;[0;39m &amp#27;[32m INFO&amp#27;[0;39m &amp#27;[35m16907&amp#27;[0;39m &amp#27;[2m---&amp#27;[0;39m &amp#27;[2m[           main]&amp#27;[0;39m &amp#27;[2m&amp#27;[0;39m&amp#27;[36mi.StatisticalLoggingSessionEventListener&amp#27;[0;39m &amp#27;[2m:&amp#27;[0;39m Session Metrics {
    0 nanoseconds spent acquiring 0 JDBC connections;
    0 nanoseconds spent releasing 0 JDBC connections;
    0 nanoseconds spent preparing 0 JDBC statements;
    0 nanoseconds spent executing 0 JDBC statements;
    0 nanoseconds spent executing 0 JDBC batches;
    0 nanoseconds spent performing 0 L2C puts;
    0 nanoseconds spent performing 0 L2C hits;
    0 nanoseconds spent performing 0 L2C misses;
    0 nanoseconds spent executing 0 flushes (flushing a total of 0 entities and 0 collections);
    0 nanoseconds spent executing 0 partial-flushes (flushing a total of 0 entities and 0 collections)
}
&amp#27;[2m2025-05-11T11:17:44.717-03:00&amp#27;[0;39m &amp#27;[32m INFO&amp#27;[0;39m &amp#27;[35m16907&amp#27;[0;39m &amp#27;[2m---&amp#27;[0;39m &amp#27;[2m[           main]&amp#27;[0;39m &amp#27;[2m&amp#27;[0;39m&amp#27;[36mi.StatisticalLoggingSessionEventListener&amp#27;[0;39m &amp#27;[2m:&amp#27;[0;39m Session Metrics {
    0 nanoseconds spent acquiring 0 JDBC connections;
    0 nanoseconds spent releasing 0 JDBC connections;
    0 nanoseconds spent preparing 0 JDBC statements;
    0 nanoseconds spent executing 0 JDBC statements;
    0 nanoseconds spent executing 0 JDBC batches;
    0 nanoseconds spent performing 0 L2C puts;
    0 nanoseconds spent performing 0 L2C hits;
    0 nanoseconds spent performing 0 L2C misses;
    0 nanoseconds spent executing 0 flushes (flushing a total of 0 entities and 0 collections);
    0 nanoseconds spent executing 0 partial-flushes (flushing a total of 0 entities and 0 collections)
}
&amp#27;[2m2025-05-11T11:17:44.717-03:00&amp#27;[0;39m &amp#27;[32m INFO&amp#27;[0;39m &amp#27;[35m16907&amp#27;[0;39m &amp#27;[2m---&amp#27;[0;39m &amp#27;[2m[           main]&amp#27;[0;39m &amp#27;[2m&amp#27;[0;39m&amp#27;[36mi.StatisticalLoggingSessionEventListener&amp#27;[0;39m &amp#27;[2m:&amp#27;[0;39m Session Metrics {
    0 nanoseconds spent acquiring 0 JDBC connections;
    0 nanoseconds spent releasing 0 JDBC connections;
    0 nanoseconds spent preparing 0 JDBC statements;
    0 nanoseconds spent executing 0 JDBC statements;
    0 nanoseconds spent executing 0 JDBC batches;
    0 nanoseconds spent performing 0 L2C puts;
    0 nanoseconds spent performing 0 L2C hits;
    0 nanoseconds spent performing 0 L2C misses;
    0 nanoseconds spent executing 0 flushes (flushing a total of 0 entities and 0 collections);
    0 nanoseconds spent executing 0 partial-flushes (flushing a total of 0 entities and 0 collections)
}
&amp#27;[2m2025-05-11T11:17:44.727-03:00&amp#27;[0;39m &amp#27;[32m INFO&amp#27;[0;39m &amp#27;[35m16907&amp#27;[0;39m &amp#27;[2m---&amp#27;[0;39m &amp#27;[2m[           main]&amp#27;[0;39m &amp#27;[2m&amp#27;[0;39m&amp#27;[36mi.StatisticalLoggingSessionEventListener&amp#27;[0;39m &amp#27;[2m:&amp#27;[0;39m Session Metrics {
    0 nanoseconds spent acquiring 0 JDBC connections;
    0 nanoseconds spent releasing 0 JDBC connections;
    0 nanoseconds spent preparing 0 JDBC statements;
    0 nanoseconds spent executing 0 JDBC statements;
    0 nanoseconds spent executing 0 JDBC batches;
    0 nanoseconds spent performing 0 L2C puts;
    0 nanoseconds spent performing 0 L2C hits;
    0 nanoseconds spent performing 0 L2C misses;
    0 nanoseconds spent executing 0 flushes (flushing a total of 0 entities and 0 collections);
    0 nanoseconds spent executing 0 partial-flushes (flushing a total of 0 entities and 0 collections)
}
&amp#27;[2m2025-05-11T11:17:44.727-03:00&amp#27;[0;39m &amp#27;[32m INFO&amp#27;[0;39m &amp#27;[35m16907&amp#27;[0;39m &amp#27;[2m---&amp#27;[0;39m &amp#27;[2m[           main]&amp#27;[0;39m &amp#27;[2m&amp#27;[0;39m&amp#27;[36mi.StatisticalLoggingSessionEventListener&amp#27;[0;39m &amp#27;[2m:&amp#27;[0;39m Session Metrics {
    0 nanoseconds spent acquiring 0 JDBC connections;
    0 nanoseconds spent releasing 0 JDBC connections;
    0 nanoseconds spent preparing 0 JDBC statements;
    0 nanoseconds spent executing 0 JDBC statements;
    0 nanoseconds spent executing 0 JDBC batches;
    0 nanoseconds spent performing 0 L2C puts;
    0 nanoseconds spent performing 0 L2C hits;
    0 nanoseconds spent performing 0 L2C misses;
    0 nanoseconds spent executing 0 flushes (flushing a total of 0 entities and 0 collections);
    0 nanoseconds spent executing 0 partial-flushes (flushing a total of 0 entities and 0 collections)
}
&amp#27;[2m2025-05-11T11:17:44.800-03:00&amp#27;[0;39m &amp#27;[32m INFO&amp#27;[0;39m &amp#27;[35m16907&amp#27;[0;39m &amp#27;[2m---&amp#27;[0;39m &amp#27;[2m[           main]&amp#27;[0;39m &amp#27;[2m&amp#27;[0;39m&amp#27;[36mi.StatisticalLoggingSessionEventListener&amp#27;[0;39m &amp#27;[2m:&amp#27;[0;39m Session Metrics {
    0 nanoseconds spent acquiring 0 JDBC connections;
    0 nanoseconds spent releasing 0 JDBC connections;
    0 nanoseconds spent preparing 0 JDBC statements;
    0 nanoseconds spent executing 0 JDBC statements;
    0 nanoseconds spent executing 0 JDBC batches;
    0 nanoseconds spent performing 0 L2C puts;
    0 nanoseconds spent performing 0 L2C hits;
    0 nanoseconds spent performing 0 L2C misses;
    0 nanoseconds spent executing 0 flushes (flushing a total of 0 entities and 0 collections);
    0 nanoseconds spent executing 0 partial-flushes (flushing a total of 0 entities and 0 collections)
}
&amp#27;[2m2025-05-11T11:17:44.801-03:00&amp#27;[0;39m &amp#27;[32m INFO&amp#27;[0;39m &amp#27;[35m16907&amp#27;[0;39m &amp#27;[2m---&amp#27;[0;39m &amp#27;[2m[           main]&amp#27;[0;39m &amp#27;[2m&amp#27;[0;39m&amp#27;[36mi.StatisticalLoggingSessionEventListener&amp#27;[0;39m &amp#27;[2m:&amp#27;[0;39m Session Metrics {
    0 nanoseconds spent acquiring 0 JDBC connections;
    0 nanoseconds spent releasing 0 JDBC connections;
    0 nanoseconds spent preparing 0 JDBC statements;
    0 nanoseconds spent executing 0 JDBC statements;
    0 nanoseconds spent executing 0 JDBC batches;
    0 nanoseconds spent performing 0 L2C puts;
    0 nanoseconds spent performing 0 L2C hits;
    0 nanoseconds spent performing 0 L2C misses;
    0 nanoseconds spent executing 0 flushes (flushing a total of 0 entities and 0 collections);
    0 nanoseconds spent executing 0 partial-flushes (flushing a total of 0 entities and 0 collections)
}
&amp#27;[2m2025-05-11T11:17:44.801-03:00&amp#27;[0;39m &amp#27;[32m INFO&amp#27;[0;39m &amp#27;[35m16907&amp#27;[0;39m &amp#27;[2m---&amp#27;[0;39m &amp#27;[2m[           main]&amp#27;[0;39m &amp#27;[2m&amp#27;[0;39m&amp#27;[36mi.StatisticalLoggingSessionEventListener&amp#27;[0;39m &amp#27;[2m:&amp#27;[0;39m Session Metrics {
    0 nanoseconds spent acquiring 0 JDBC connections;
    0 nanoseconds spent releasing 0 JDBC connections;
    0 nanoseconds spent preparing 0 JDBC statements;
    0 nanoseconds spent executing 0 JDBC statements;
    0 nanoseconds spent executing 0 JDBC batches;
    0 nanoseconds spent performing 0 L2C puts;
    0 nanoseconds spent performing 0 L2C hits;
    0 nanoseconds spent performing 0 L2C misses;
    0 nanoseconds spent executing 0 flushes (flushing a total of 0 entities and 0 collections);
    0 nanoseconds spent executing 0 partial-flushes (flushing a total of 0 entities and 0 collections)
}
&amp#27;[2m2025-05-11T11:17:44.802-03:00&amp#27;[0;39m &amp#27;[32m INFO&amp#27;[0;39m &amp#27;[35m16907&amp#27;[0;39m &amp#27;[2m---&amp#27;[0;39m &amp#27;[2m[           main]&amp#27;[0;39m &amp#27;[2m&amp#27;[0;39m&amp#27;[36mi.StatisticalLoggingSessionEventListener&amp#27;[0;39m &amp#27;[2m:&amp#27;[0;39m Session Metrics {
    0 nanoseconds spent acquiring 0 JDBC connections;
    0 nanoseconds spent releasing 0 JDBC connections;
    0 nanoseconds spent preparing 0 JDBC statements;
    0 nanoseconds spent executing 0 JDBC statements;
    0 nanoseconds spent executing 0 JDBC batches;
    0 nanoseconds spent performing 0 L2C puts;
    0 nanoseconds spent performing 0 L2C hits;
    0 nanoseconds spent performing 0 L2C misses;
    0 nanoseconds spent executing 0 flushes (flushing a total of 0 entities and 0 collections);
    0 nanoseconds spent executing 0 partial-flushes (flushing a total of 0 entities and 0 collections)
}
&amp#27;[2m2025-05-11T11:17:44.804-03:00&amp#27;[0;39m &amp#27;[32m INFO&amp#27;[0;39m &amp#27;[35m16907&amp#27;[0;39m &amp#27;[2m---&amp#27;[0;39m &amp#27;[2m[           main]&amp#27;[0;39m &amp#27;[2m&amp#27;[0;39m&amp#27;[36mi.StatisticalLoggingSessionEventListener&amp#27;[0;39m &amp#27;[2m:&amp#27;[0;39m Session Metrics {
    0 nanoseconds spent acquiring 0 JDBC connections;
    0 nanoseconds spent releasing 0 JDBC connections;
    0 nanoseconds spent preparing 0 JDBC statements;
    0 nanoseconds spent executing 0 JDBC statements;
    0 nanoseconds spent executing 0 JDBC batches;
    0 nanoseconds spent performing 0 L2C puts;
    0 nanoseconds spent performing 0 L2C hits;
    0 nanoseconds spent performing 0 L2C misses;
    0 nanoseconds spent executing 0 flushes (flushing a total of 0 entities and 0 collections);
    0 nanoseconds spent executing 0 partial-flushes (flushing a total of 0 entities and 0 collections)
}
&amp#27;[2m2025-05-11T11:17:44.804-03:00&amp#27;[0;39m &amp#27;[32m INFO&amp#27;[0;39m &amp#27;[35m16907&amp#27;[0;39m &amp#27;[2m---&amp#27;[0;39m &amp#27;[2m[           main]&amp#27;[0;39m &amp#27;[2m&amp#27;[0;39m&amp#27;[36mi.StatisticalLoggingSessionEventListener&amp#27;[0;39m &amp#27;[2m:&amp#27;[0;39m Session Metrics {
    0 nanoseconds spent acquiring 0 JDBC connections;
    0 nanoseconds spent releasing 0 JDBC connections;
    0 nanoseconds spent preparing 0 JDBC statements;
    0 nanoseconds spent executing 0 JDBC statements;
    0 nanoseconds spent executing 0 JDBC batches;
    0 nanoseconds spent performing 0 L2C puts;
    0 nanoseconds spent performing 0 L2C hits;
    0 nanoseconds spent performing 0 L2C misses;
    0 nanoseconds spent executing 0 flushes (flushing a total of 0 entities and 0 collections);
    0 nanoseconds spent executing 0 partial-flushes (flushing a total of 0 entities and 0 collections)
}
&amp#27;[2m2025-05-11T11:17:44.808-03:00&amp#27;[0;39m &amp#27;[32m INFO&amp#27;[0;39m &amp#27;[35m16907&amp#27;[0;39m &amp#27;[2m---&amp#27;[0;39m &amp#27;[2m[           main]&amp#27;[0;39m &amp#27;[2m&amp#27;[0;39m&amp#27;[36mi.StatisticalLoggingSessionEventListener&amp#27;[0;39m &amp#27;[2m:&amp#27;[0;39m Session Metrics {
    0 nanoseconds spent acquiring 0 JDBC connections;
    0 nanoseconds spent releasing 0 JDBC connections;
    0 nanoseconds spent preparing 0 JDBC statements;
    0 nanoseconds spent executing 0 JDBC statements;
    0 nanoseconds spent executing 0 JDBC batches;
    0 nanoseconds spent performing 0 L2C puts;
    0 nanoseconds spent performing 0 L2C hits;
    0 nanoseconds spent performing 0 L2C misses;
    0 nanoseconds spent executing 0 flushes (flushing a total of 0 entities and 0 collections);
    0 nanoseconds spent executing 0 partial-flushes (flushing a total of 0 entities and 0 collections)
}
&amp#27;[2m2025-05-11T11:17:44.809-03:00&amp#27;[0;39m &amp#27;[32m INFO&amp#27;[0;39m &amp#27;[35m16907&amp#27;[0;39m &amp#27;[2m---&amp#27;[0;39m &amp#27;[2m[           main]&amp#27;[0;39m &amp#27;[2m&amp#27;[0;39m&amp#27;[36mi.StatisticalLoggingSessionEventListener&amp#27;[0;39m &amp#27;[2m:&amp#27;[0;39m Session Metrics {
    0 nanoseconds spent acquiring 0 JDBC connections;
    0 nanoseconds spent releasing 0 JDBC connections;
    0 nanoseconds spent preparing 0 JDBC statements;
    0 nanoseconds spent executing 0 JDBC statements;
    0 nanoseconds spent executing 0 JDBC batches;
    0 nanoseconds spent performing 0 L2C puts;
    0 nanoseconds spent performing 0 L2C hits;
    0 nanoseconds spent performing 0 L2C misses;
    0 nanoseconds spent executing 0 flushes (flushing a total of 0 entities and 0 collections);
    0 nanoseconds spent executing 0 partial-flushes (flushing a total of 0 entities and 0 collections)
}
&amp#27;[2m2025-05-11T11:17:44.809-03:00&amp#27;[0;39m &amp#27;[32m INFO&amp#27;[0;39m &amp#27;[35m16907&amp#27;[0;39m &amp#27;[2m---&amp#27;[0;39m &amp#27;[2m[           main]&amp#27;[0;39m &amp#27;[2m&amp#27;[0;39m&amp#27;[36mi.StatisticalLoggingSessionEventListener&amp#27;[0;39m &amp#27;[2m:&amp#27;[0;39m Session Metrics {
    0 nanoseconds spent acquiring 0 JDBC connections;
    0 nanoseconds spent releasing 0 JDBC connections;
    0 nanoseconds spent preparing 0 JDBC statements;
    0 nanoseconds spent executing 0 JDBC statements;
    0 nanoseconds spent executing 0 JDBC batches;
    0 nanoseconds spent performing 0 L2C puts;
    0 nanoseconds spent performing 0 L2C hits;
    0 nanoseconds spent performing 0 L2C misses;
    0 nanoseconds spent executing 0 flushes (flushing a total of 0 entities and 0 collections);
    0 nanoseconds spent executing 0 partial-flushes (flushing a total of 0 entities and 0 collections)
}
&amp#27;[2m2025-05-11T11:17:44.810-03:00&amp#27;[0;39m &amp#27;[32m INFO&amp#27;[0;39m &amp#27;[35m16907&amp#27;[0;39m &amp#27;[2m---&amp#27;[0;39m &amp#27;[2m[           main]&amp#27;[0;39m &amp#27;[2m&amp#27;[0;39m&amp#27;[36mi.StatisticalLoggingSessionEventListener&amp#27;[0;39m &amp#27;[2m:&amp#27;[0;39m Session Metrics {
    0 nanoseconds spent acquiring 0 JDBC connections;
    0 nanoseconds spent releasing 0 JDBC connections;
    0 nanoseconds spent preparing 0 JDBC statements;
    0 nanoseconds spent executing 0 JDBC statements;
    0 nanoseconds spent executing 0 JDBC batches;
    0 nanoseconds spent performing 0 L2C puts;
    0 nanoseconds spent performing 0 L2C hits;
    0 nanoseconds spent performing 0 L2C misses;
    0 nanoseconds spent executing 0 flushes (flushing a total of 0 entities and 0 collections);
    0 nanoseconds spent executing 0 partial-flushes (flushing a total of 0 entities and 0 collections)
}
&amp#27;[2m2025-05-11T11:17:44.811-03:00&amp#27;[0;39m &amp#27;[32m INFO&amp#27;[0;39m &amp#27;[35m16907&amp#27;[0;39m &amp#27;[2m---&amp#27;[0;39m &amp#27;[2m[           main]&amp#27;[0;39m &amp#27;[2m&amp#27;[0;39m&amp#27;[36mi.StatisticalLoggingSessionEventListener&amp#27;[0;39m &amp#27;[2m:&amp#27;[0;39m Session Metrics {
    0 nanoseconds spent acquiring 0 JDBC connections;
    0 nanoseconds spent releasing 0 JDBC connections;
    0 nanoseconds spent preparing 0 JDBC statements;
    0 nanoseconds spent executing 0 JDBC statements;
    0 nanoseconds spent executing 0 JDBC batches;
    0 nanoseconds spent performing 0 L2C puts;
    0 nanoseconds spent performing 0 L2C hits;
    0 nanoseconds spent performing 0 L2C misses;
    0 nanoseconds spent executing 0 flushes (flushing a total of 0 entities and 0 collections);
    0 nanoseconds spent executing 0 partial-flushes (flushing a total of 0 entities and 0 collections)
}
&amp#27;[2m2025-05-11T11:17:44.811-03:00&amp#27;[0;39m &amp#27;[32m INFO&amp#27;[0;39m &amp#27;[35m16907&amp#27;[0;39m &amp#27;[2m---&amp#27;[0;39m &amp#27;[2m[           main]&amp#27;[0;39m &amp#27;[2m&amp#27;[0;39m&amp#27;[36mi.StatisticalLoggingSessionEventListener&amp#27;[0;39m &amp#27;[2m:&amp#27;[0;39m Session Metrics {
    0 nanoseconds spent acquiring 0 JDBC connections;
    0 nanoseconds spent releasing 0 JDBC connections;
    0 nanoseconds spent preparing 0 JDBC statements;
    0 nanoseconds spent executing 0 JDBC statements;
    0 nanoseconds spent executing 0 JDBC batches;
    0 nanoseconds spent performing 0 L2C puts;
    0 nanoseconds spent performing 0 L2C hits;
    0 nanoseconds spent performing 0 L2C misses;
    0 nanoseconds spent executing 0 flushes (flushing a total of 0 entities and 0 collections);
    0 nanoseconds spent executing 0 partial-flushes (flushing a total of 0 entities and 0 collections)
}
&amp#27;[2m2025-05-11T11:17:44.811-03:00&amp#27;[0;39m &amp#27;[32m INFO&amp#27;[0;39m &amp#27;[35m16907&amp#27;[0;39m &amp#27;[2m---&amp#27;[0;39m &amp#27;[2m[           main]&amp#27;[0;39m &amp#27;[2m&amp#27;[0;39m&amp#27;[36mi.StatisticalLoggingSessionEventListener&amp#27;[0;39m &amp#27;[2m:&amp#27;[0;39m Session Metrics {
    0 nanoseconds spent acquiring 0 JDBC connections;
    0 nanoseconds spent releasing 0 JDBC connections;
    0 nanoseconds spent preparing 0 JDBC statements;
    0 nanoseconds spent executing 0 JDBC statements;
    0 nanoseconds spent executing 0 JDBC batches;
    0 nanoseconds spent performing 0 L2C puts;
    0 nanoseconds spent performing 0 L2C hits;
    0 nanoseconds spent performing 0 L2C misses;
    0 nanoseconds spent executing 0 flushes (flushing a total of 0 entities and 0 collections);
    0 nanoseconds spent executing 0 partial-flushes (flushing a total of 0 entities and 0 collections)
}
&amp#27;[2m2025-05-11T11:17:44.812-03:00&amp#27;[0;39m &amp#27;[32m INFO&amp#27;[0;39m &amp#27;[35m16907&amp#27;[0;39m &amp#27;[2m---&amp#27;[0;39m &amp#27;[2m[           main]&amp#27;[0;39m &amp#27;[2m&amp#27;[0;39m&amp#27;[36mi.StatisticalLoggingSessionEventListener&amp#27;[0;39m &amp#27;[2m:&amp#27;[0;39m Session Metrics {
    0 nanoseconds spent acquiring 0 JDBC connections;
    0 nanoseconds spent releasing 0 JDBC connections;
    0 nanoseconds spent preparing 0 JDBC statements;
    0 nanoseconds spent executing 0 JDBC statements;
    0 nanoseconds spent executing 0 JDBC batches;
    0 nanoseconds spent performing 0 L2C puts;
    0 nanoseconds spent performing 0 L2C hits;
    0 nanoseconds spent performing 0 L2C misses;
    0 nanoseconds spent executing 0 flushes (flushing a total of 0 entities and 0 collections);
    0 nanoseconds spent executing 0 partial-flushes (flushing a total of 0 entities and 0 collections)
}
&amp#27;[2m2025-05-11T11:17:44.813-03:00&amp#27;[0;39m &amp#27;[32m INFO&amp#27;[0;39m &amp#27;[35m16907&amp#27;[0;39m &amp#27;[2m---&amp#27;[0;39m &amp#27;[2m[           main]&amp#27;[0;39m &amp#27;[2m&amp#27;[0;39m&amp#27;[36mi.StatisticalLoggingSessionEventListener&amp#27;[0;39m &amp#27;[2m:&amp#27;[0;39m Session Metrics {
    0 nanoseconds spent acquiring 0 JDBC connections;
    0 nanoseconds spent releasing 0 JDBC connections;
    0 nanoseconds spent preparing 0 JDBC statements;
    0 nanoseconds spent executing 0 JDBC statements;
    0 nanoseconds spent executing 0 JDBC batches;
    0 nanoseconds spent performing 0 L2C puts;
    0 nanoseconds spent performing 0 L2C hits;
    0 nanoseconds spent performing 0 L2C misses;
    0 nanoseconds spent executing 0 flushes (flushing a total of 0 entities and 0 collections);
    0 nanoseconds spent executing 0 partial-flushes (flushing a total of 0 entities and 0 collections)
}
&amp#27;[2m2025-05-11T11:17:44.815-03:00&amp#27;[0;39m &amp#27;[32m INFO&amp#27;[0;39m &amp#27;[35m16907&amp#27;[0;39m &amp#27;[2m---&amp#27;[0;39m &amp#27;[2m[           main]&amp#27;[0;39m &amp#27;[2m&amp#27;[0;39m&amp#27;[36mi.StatisticalLoggingSessionEventListener&amp#27;[0;39m &amp#27;[2m:&amp#27;[0;39m Session Metrics {
    0 nanoseconds spent acquiring 0 JDBC connections;
    0 nanoseconds spent releasing 0 JDBC connections;
    0 nanoseconds spent preparing 0 JDBC statements;
    0 nanoseconds spent executing 0 JDBC statements;
    0 nanoseconds spent executing 0 JDBC batches;
    0 nanoseconds spent performing 0 L2C puts;
    0 nanoseconds spent performing 0 L2C hits;
    0 nanoseconds spent performing 0 L2C misses;
    0 nanoseconds spent executing 0 flushes (flushing a total of 0 entities and 0 collections);
    0 nanoseconds spent executing 0 partial-flushes (flushing a total of 0 entities and 0 collections)
}
&amp#27;[2m2025-05-11T11:17:44.815-03:00&amp#27;[0;39m &amp#27;[32m INFO&amp#27;[0;39m &amp#27;[35m16907&amp#27;[0;39m &amp#27;[2m---&amp#27;[0;39m &amp#27;[2m[           main]&amp#27;[0;39m &amp#27;[2m&amp#27;[0;39m&amp#27;[36mi.StatisticalLoggingSessionEventListener&amp#27;[0;39m &amp#27;[2m:&amp#27;[0;39m Session Metrics {
    0 nanoseconds spent acquiring 0 JDBC connections;
    0 nanoseconds spent releasing 0 JDBC connections;
    0 nanoseconds spent preparing 0 JDBC statements;
    0 nanoseconds spent executing 0 JDBC statements;
    0 nanoseconds spent executing 0 JDBC batches;
    0 nanoseconds spent performing 0 L2C puts;
    0 nanoseconds spent performing 0 L2C hits;
    0 nanoseconds spent performing 0 L2C misses;
    0 nanoseconds spent executing 0 flushes (flushing a total of 0 entities and 0 collections);
    0 nanoseconds spent executing 0 partial-flushes (flushing a total of 0 entities and 0 collections)
}
&amp#27;[2m2025-05-11T11:17:44.815-03:00&amp#27;[0;39m &amp#27;[32m INFO&amp#27;[0;39m &amp#27;[35m16907&amp#27;[0;39m &amp#27;[2m---&amp#27;[0;39m &amp#27;[2m[           main]&amp#27;[0;39m &amp#27;[2m&amp#27;[0;39m&amp#27;[36mi.StatisticalLoggingSessionEventListener&amp#27;[0;39m &amp#27;[2m:&amp#27;[0;39m Session Metrics {
    0 nanoseconds spent acquiring 0 JDBC connections;
    0 nanoseconds spent releasing 0 JDBC connections;
    0 nanoseconds spent preparing 0 JDBC statements;
    0 nanoseconds spent executing 0 JDBC statements;
    0 nanoseconds spent executing 0 JDBC batches;
    0 nanoseconds spent performing 0 L2C puts;
    0 nanoseconds spent performing 0 L2C hits;
    0 nanoseconds spent performing 0 L2C misses;
    0 nanoseconds spent executing 0 flushes (flushing a total of 0 entities and 0 collections);
    0 nanoseconds spent executing 0 partial-flushes (flushing a total of 0 entities and 0 collections)
}
&amp#27;[2m2025-05-11T11:17:44.816-03:00&amp#27;[0;39m &amp#27;[32m INFO&amp#27;[0;39m &amp#27;[35m16907&amp#27;[0;39m &amp#27;[2m---&amp#27;[0;39m &amp#27;[2m[           main]&amp#27;[0;39m &amp#27;[2m&amp#27;[0;39m&amp#27;[36mi.StatisticalLoggingSessionEventListener&amp#27;[0;39m &amp#27;[2m:&amp#27;[0;39m Session Metrics {
    0 nanoseconds spent acquiring 0 JDBC connections;
    0 nanoseconds spent releasing 0 JDBC connections;
    0 nanoseconds spent preparing 0 JDBC statements;
    0 nanoseconds spent executing 0 JDBC statements;
    0 nanoseconds spent executing 0 JDBC batches;
    0 nanoseconds spent performing 0 L2C puts;
    0 nanoseconds spent performing 0 L2C hits;
    0 nanoseconds spent performing 0 L2C misses;
    0 nanoseconds spent executing 0 flushes (flushing a total of 0 entities and 0 collections);
    0 nanoseconds spent executing 0 partial-flushes (flushing a total of 0 entities and 0 collections)
}
&amp#27;[2m2025-05-11T11:17:44.816-03:00&amp#27;[0;39m &amp#27;[32m INFO&amp#27;[0;39m &amp#27;[35m16907&amp#27;[0;39m &amp#27;[2m---&amp#27;[0;39m &amp#27;[2m[           main]&amp#27;[0;39m &amp#27;[2m&amp#27;[0;39m&amp#27;[36mi.StatisticalLoggingSessionEventListener&amp#27;[0;39m &amp#27;[2m:&amp#27;[0;39m Session Metrics {
    0 nanoseconds spent acquiring 0 JDBC connections;
    0 nanoseconds spent releasing 0 JDBC connections;
    0 nanoseconds spent preparing 0 JDBC statements;
    0 nanoseconds spent executing 0 JDBC statements;
    0 nanoseconds spent executing 0 JDBC batches;
    0 nanoseconds spent performing 0 L2C puts;
    0 nanoseconds spent performing 0 L2C hits;
    0 nanoseconds spent performing 0 L2C misses;
    0 nanoseconds spent executing 0 flushes (flushing a total of 0 entities and 0 collections);
    0 nanoseconds spent executing 0 partial-flushes (flushing a total of 0 entities and 0 collections)
}
&amp#27;[2m2025-05-11T11:17:44.821-03:00&amp#27;[0;39m &amp#27;[32m INFO&amp#27;[0;39m &amp#27;[35m16907&amp#27;[0;39m &amp#27;[2m---&amp#27;[0;39m &amp#27;[2m[           main]&amp#27;[0;39m &amp#27;[2m&amp#27;[0;39m&amp#27;[36mi.StatisticalLoggingSessionEventListener&amp#27;[0;39m &amp#27;[2m:&amp#27;[0;39m Session Metrics {
    0 nanoseconds spent acquiring 0 JDBC connections;
    0 nanoseconds spent releasing 0 JDBC connections;
    0 nanoseconds spent preparing 0 JDBC statements;
    0 nanoseconds spent executing 0 JDBC statements;
    0 nanoseconds spent executing 0 JDBC batches;
    0 nanoseconds spent performing 0 L2C puts;
    0 nanoseconds spent performing 0 L2C hits;
    0 nanoseconds spent performing 0 L2C misses;
    0 nanoseconds spent executing 0 flushes (flushing a total of 0 entities and 0 collections);
    0 nanoseconds spent executing 0 partial-flushes (flushing a total of 0 entities and 0 collections)
}
&amp#27;[2m2025-05-11T11:17:44.822-03:00&amp#27;[0;39m &amp#27;[32m INFO&amp#27;[0;39m &amp#27;[35m16907&amp#27;[0;39m &amp#27;[2m---&amp#27;[0;39m &amp#27;[2m[           main]&amp#27;[0;39m &amp#27;[2m&amp#27;[0;39m&amp#27;[36mi.StatisticalLoggingSessionEventListener&amp#27;[0;39m &amp#27;[2m:&amp#27;[0;39m Session Metrics {
    0 nanoseconds spent acquiring 0 JDBC connections;
    0 nanoseconds spent releasing 0 JDBC connections;
    0 nanoseconds spent preparing 0 JDBC statements;
    0 nanoseconds spent executing 0 JDBC statements;
    0 nanoseconds spent executing 0 JDBC batches;
    0 nanoseconds spent performing 0 L2C puts;
    0 nanoseconds spent performing 0 L2C hits;
    0 nanoseconds spent performing 0 L2C misses;
    0 nanoseconds spent executing 0 flushes (flushing a total of 0 entities and 0 collections);
    0 nanoseconds spent executing 0 partial-flushes (flushing a total of 0 entities and 0 collections)
}
&amp#27;[2m2025-05-11T11:17:44.837-03:00&amp#27;[0;39m &amp#27;[32m INFO&amp#27;[0;39m &amp#27;[35m16907&amp#27;[0;39m &amp#27;[2m---&amp#27;[0;39m &amp#27;[2m[           main]&amp#27;[0;39m &amp#27;[2m&amp#27;[0;39m&amp#27;[36mi.StatisticalLoggingSessionEventListener&amp#27;[0;39m &amp#27;[2m:&amp#27;[0;39m Session Metrics {
    0 nanoseconds spent acquiring 0 JDBC connections;
    0 nanoseconds spent releasing 0 JDBC connections;
    0 nanoseconds spent preparing 0 JDBC statements;
    0 nanoseconds spent executing 0 JDBC statements;
    0 nanoseconds spent executing 0 JDBC batches;
    0 nanoseconds spent performing 0 L2C puts;
    0 nanoseconds spent performing 0 L2C hits;
    0 nanoseconds spent performing 0 L2C misses;
    0 nanoseconds spent executing 0 flushes (flushing a total of 0 entities and 0 collections);
    0 nanoseconds spent executing 0 partial-flushes (flushing a total of 0 entities and 0 collections)
}
&amp#27;[2m2025-05-11T11:17:44.837-03:00&amp#27;[0;39m &amp#27;[32m INFO&amp#27;[0;39m &amp#27;[35m16907&amp#27;[0;39m &amp#27;[2m---&amp#27;[0;39m &amp#27;[2m[           main]&amp#27;[0;39m &amp#27;[2m&amp#27;[0;39m&amp#27;[36mi.StatisticalLoggingSessionEventListener&amp#27;[0;39m &amp#27;[2m:&amp#27;[0;39m Session Metrics {
    0 nanoseconds spent acquiring 0 JDBC connections;
    0 nanoseconds spent releasing 0 JDBC connections;
    0 nanoseconds spent preparing 0 JDBC statements;
    0 nanoseconds spent executing 0 JDBC statements;
    0 nanoseconds spent executing 0 JDBC batches;
    0 nanoseconds spent performing 0 L2C puts;
    0 nanoseconds spent performing 0 L2C hits;
    0 nanoseconds spent performing 0 L2C misses;
    0 nanoseconds spent executing 0 flushes (flushing a total of 0 entities and 0 collections);
    0 nanoseconds spent executing 0 partial-flushes (flushing a total of 0 entities and 0 collections)
}
&amp#27;[2m2025-05-11T11:17:44.838-03:00&amp#27;[0;39m &amp#27;[32m INFO&amp#27;[0;39m &amp#27;[35m16907&amp#27;[0;39m &amp#27;[2m---&amp#27;[0;39m &amp#27;[2m[           main]&amp#27;[0;39m &amp#27;[2m&amp#27;[0;39m&amp#27;[36mi.StatisticalLoggingSessionEventListener&amp#27;[0;39m &amp#27;[2m:&amp#27;[0;39m Session Metrics {
    0 nanoseconds spent acquiring 0 JDBC connections;
    0 nanoseconds spent releasing 0 JDBC connections;
    0 nanoseconds spent preparing 0 JDBC statements;
    0 nanoseconds spent executing 0 JDBC statements;
    0 nanoseconds spent executing 0 JDBC batches;
    0 nanoseconds spent performing 0 L2C puts;
    0 nanoseconds spent performing 0 L2C hits;
    0 nanoseconds spent performing 0 L2C misses;
    0 nanoseconds spent executing 0 flushes (flushing a total of 0 entities and 0 collections);
    0 nanoseconds spent executing 0 partial-flushes (flushing a total of 0 entities and 0 collections)
}
&amp#27;[2m2025-05-11T11:17:44.839-03:00&amp#27;[0;39m &amp#27;[32m INFO&amp#27;[0;39m &amp#27;[35m16907&amp#27;[0;39m &amp#27;[2m---&amp#27;[0;39m &amp#27;[2m[           main]&amp#27;[0;39m &amp#27;[2m&amp#27;[0;39m&amp#27;[36mi.StatisticalLoggingSessionEventListener&amp#27;[0;39m &amp#27;[2m:&amp#27;[0;39m Session Metrics {
    0 nanoseconds spent acquiring 0 JDBC connections;
    0 nanoseconds spent releasing 0 JDBC connections;
    0 nanoseconds spent preparing 0 JDBC statements;
    0 nanoseconds spent executing 0 JDBC statements;
    0 nanoseconds spent executing 0 JDBC batches;
    0 nanoseconds spent performing 0 L2C puts;
    0 nanoseconds spent performing 0 L2C hits;
    0 nanoseconds spent performing 0 L2C misses;
    0 nanoseconds spent executing 0 flushes (flushing a total of 0 entities and 0 collections);
    0 nanoseconds spent executing 0 partial-flushes (flushing a total of 0 entities and 0 collections)
}
&amp#27;[2m2025-05-11T11:17:44.839-03:00&amp#27;[0;39m &amp#27;[32m INFO&amp#27;[0;39m &amp#27;[35m16907&amp#27;[0;39m &amp#27;[2m---&amp#27;[0;39m &amp#27;[2m[           main]&amp#27;[0;39m &amp#27;[2m&amp#27;[0;39m&amp#27;[36mi.StatisticalLoggingSessionEventListener&amp#27;[0;39m &amp#27;[2m:&amp#27;[0;39m Session Metrics {
    0 nanoseconds spent acquiring 0 JDBC connections;
    0 nanoseconds spent releasing 0 JDBC connections;
    0 nanoseconds spent preparing 0 JDBC statements;
    0 nanoseconds spent executing 0 JDBC statements;
    0 nanoseconds spent executing 0 JDBC batches;
    0 nanoseconds spent performing 0 L2C puts;
    0 nanoseconds spent performing 0 L2C hits;
    0 nanoseconds spent performing 0 L2C misses;
    0 nanoseconds spent executing 0 flushes (flushing a total of 0 entities and 0 collections);
    0 nanoseconds spent executing 0 partial-flushes (flushing a total of 0 entities and 0 collections)
}
&amp#27;[2m2025-05-11T11:17:44.839-03:00&amp#27;[0;39m &amp#27;[32m INFO&amp#27;[0;39m &amp#27;[35m16907&amp#27;[0;39m &amp#27;[2m---&amp#27;[0;39m &amp#27;[2m[           main]&amp#27;[0;39m &amp#27;[2m&amp#27;[0;39m&amp#27;[36mi.StatisticalLoggingSessionEventListener&amp#27;[0;39m &amp#27;[2m:&amp#27;[0;39m Session Metrics {
    0 nanoseconds spent acquiring 0 JDBC connections;
    0 nanoseconds spent releasing 0 JDBC connections;
    0 nanoseconds spent preparing 0 JDBC statements;
    0 nanoseconds spent executing 0 JDBC statements;
    0 nanoseconds spent executing 0 JDBC batches;
    0 nanoseconds spent performing 0 L2C puts;
    0 nanoseconds spent performing 0 L2C hits;
    0 nanoseconds spent performing 0 L2C misses;
    0 nanoseconds spent executing 0 flushes (flushing a total of 0 entities and 0 collections);
    0 nanoseconds spent executing 0 partial-flushes (flushing a total of 0 entities and 0 collections)
}
&amp#27;[2m2025-05-11T11:17:44.840-03:00&amp#27;[0;39m &amp#27;[32m INFO&amp#27;[0;39m &amp#27;[35m16907&amp#27;[0;39m &amp#27;[2m---&amp#27;[0;39m &amp#27;[2m[           main]&amp#27;[0;39m &amp#27;[2m&amp#27;[0;39m&amp#27;[36mi.StatisticalLoggingSessionEventListener&amp#27;[0;39m &amp#27;[2m:&amp#27;[0;39m Session Metrics {
    0 nanoseconds spent acquiring 0 JDBC connections;
    0 nanoseconds spent releasing 0 JDBC connections;
    0 nanoseconds spent preparing 0 JDBC statements;
    0 nanoseconds spent executing 0 JDBC statements;
    0 nanoseconds spent executing 0 JDBC batches;
    0 nanoseconds spent performing 0 L2C puts;
    0 nanoseconds spent performing 0 L2C hits;
    0 nanoseconds spent performing 0 L2C misses;
    0 nanoseconds spent executing 0 flushes (flushing a total of 0 entities and 0 collections);
    0 nanoseconds spent executing 0 partial-flushes (flushing a total of 0 entities and 0 collections)
}
&amp#27;[2m2025-05-11T11:17:44.840-03:00&amp#27;[0;39m &amp#27;[32m INFO&amp#27;[0;39m &amp#27;[35m16907&amp#27;[0;39m &amp#27;[2m---&amp#27;[0;39m &amp#27;[2m[           main]&amp#27;[0;39m &amp#27;[2m&amp#27;[0;39m&amp#27;[36mi.StatisticalLoggingSessionEventListener&amp#27;[0;39m &amp#27;[2m:&amp#27;[0;39m Session Metrics {
    0 nanoseconds spent acquiring 0 JDBC connections;
    0 nanoseconds spent releasing 0 JDBC connections;
    0 nanoseconds spent preparing 0 JDBC statements;
    0 nanoseconds spent executing 0 JDBC statements;
    0 nanoseconds spent executing 0 JDBC batches;
    0 nanoseconds spent performing 0 L2C puts;
    0 nanoseconds spent performing 0 L2C hits;
    0 nanoseconds spent performing 0 L2C misses;
    0 nanoseconds spent executing 0 flushes (flushing a total of 0 entities and 0 collections);
    0 nanoseconds spent executing 0 partial-flushes (flushing a total of 0 entities and 0 collections)
}
&amp#27;[2m2025-05-11T11:17:44.840-03:00&amp#27;[0;39m &amp#27;[32m INFO&amp#27;[0;39m &amp#27;[35m16907&amp#27;[0;39m &amp#27;[2m---&amp#27;[0;39m &amp#27;[2m[           main]&amp#27;[0;39m &amp#27;[2m&amp#27;[0;39m&amp#27;[36mi.StatisticalLoggingSessionEventListener&amp#27;[0;39m &amp#27;[2m:&amp#27;[0;39m Session Metrics {
    0 nanoseconds spent acquiring 0 JDBC connections;
    0 nanoseconds spent releasing 0 JDBC connections;
    0 nanoseconds spent preparing 0 JDBC statements;
    0 nanoseconds spent executing 0 JDBC statements;
    0 nanoseconds spent executing 0 JDBC batches;
    0 nanoseconds spent performing 0 L2C puts;
    0 nanoseconds spent performing 0 L2C hits;
    0 nanoseconds spent performing 0 L2C misses;
    0 nanoseconds spent executing 0 flushes (flushing a total of 0 entities and 0 collections);
    0 nanoseconds spent executing 0 partial-flushes (flushing a total of 0 entities and 0 collections)
}
&amp#27;[2m2025-05-11T11:17:44.841-03:00&amp#27;[0;39m &amp#27;[32m INFO&amp#27;[0;39m &amp#27;[35m16907&amp#27;[0;39m &amp#27;[2m---&amp#27;[0;39m &amp#27;[2m[           main]&amp#27;[0;39m &amp#27;[2m&amp#27;[0;39m&amp#27;[36mi.StatisticalLoggingSessionEventListener&amp#27;[0;39m &amp#27;[2m:&amp#27;[0;39m Session Metrics {
    0 nanoseconds spent acquiring 0 JDBC connections;
    0 nanoseconds spent releasing 0 JDBC connections;
    0 nanoseconds spent preparing 0 JDBC statements;
    0 nanoseconds spent executing 0 JDBC statements;
    0 nanoseconds spent executing 0 JDBC batches;
    0 nanoseconds spent performing 0 L2C puts;
    0 nanoseconds spent performing 0 L2C hits;
    0 nanoseconds spent performing 0 L2C misses;
    0 nanoseconds spent executing 0 flushes (flushing a total of 0 entities and 0 collections);
    0 nanoseconds spent executing 0 partial-flushes (flushing a total of 0 entities and 0 collections)
}
&amp#27;[2m2025-05-11T11:17:44.841-03:00&amp#27;[0;39m &amp#27;[32m INFO&amp#27;[0;39m &amp#27;[35m16907&amp#27;[0;39m &amp#27;[2m---&amp#27;[0;39m &amp#27;[2m[           main]&amp#27;[0;39m &amp#27;[2m&amp#27;[0;39m&amp#27;[36mi.StatisticalLoggingSessionEventListener&amp#27;[0;39m &amp#27;[2m:&amp#27;[0;39m Session Metrics {
    0 nanoseconds spent acquiring 0 JDBC connections;
    0 nanoseconds spent releasing 0 JDBC connections;
    0 nanoseconds spent preparing 0 JDBC statements;
    0 nanoseconds spent executing 0 JDBC statements;
    0 nanoseconds spent executing 0 JDBC batches;
    0 nanoseconds spent performing 0 L2C puts;
    0 nanoseconds spent performing 0 L2C hits;
    0 nanoseconds spent performing 0 L2C misses;
    0 nanoseconds spent executing 0 flushes (flushing a total of 0 entities and 0 collections);
    0 nanoseconds spent executing 0 partial-flushes (flushing a total of 0 entities and 0 collections)
}
&amp#27;[2m2025-05-11T11:17:44.842-03:00&amp#27;[0;39m &amp#27;[32m INFO&amp#27;[0;39m &amp#27;[35m16907&amp#27;[0;39m &amp#27;[2m---&amp#27;[0;39m &amp#27;[2m[           main]&amp#27;[0;39m &amp#27;[2m&amp#27;[0;39m&amp#27;[36mi.StatisticalLoggingSessionEventListener&amp#27;[0;39m &amp#27;[2m:&amp#27;[0;39m Session Metrics {
    0 nanoseconds spent acquiring 0 JDBC connections;
    0 nanoseconds spent releasing 0 JDBC connections;
    0 nanoseconds spent preparing 0 JDBC statements;
    0 nanoseconds spent executing 0 JDBC statements;
    0 nanoseconds spent executing 0 JDBC batches;
    0 nanoseconds spent performing 0 L2C puts;
    0 nanoseconds spent performing 0 L2C hits;
    0 nanoseconds spent performing 0 L2C misses;
    0 nanoseconds spent executing 0 flushes (flushing a total of 0 entities and 0 collections);
    0 nanoseconds spent executing 0 partial-flushes (flushing a total of 0 entities and 0 collections)
}
&amp#27;[2m2025-05-11T11:17:44.842-03:00&amp#27;[0;39m &amp#27;[32m INFO&amp#27;[0;39m &amp#27;[35m16907&amp#27;[0;39m &amp#27;[2m---&amp#27;[0;39m &amp#27;[2m[           main]&amp#27;[0;39m &amp#27;[2m&amp#27;[0;39m&amp#27;[36mi.StatisticalLoggingSessionEventListener&amp#27;[0;39m &amp#27;[2m:&amp#27;[0;39m Session Metrics {
    0 nanoseconds spent acquiring 0 JDBC connections;
    0 nanoseconds spent releasing 0 JDBC connections;
    0 nanoseconds spent preparing 0 JDBC statements;
    0 nanoseconds spent executing 0 JDBC statements;
    0 nanoseconds spent executing 0 JDBC batches;
    0 nanoseconds spent performing 0 L2C puts;
    0 nanoseconds spent performing 0 L2C hits;
    0 nanoseconds spent performing 0 L2C misses;
    0 nanoseconds spent executing 0 flushes (flushing a total of 0 entities and 0 collections);
    0 nanoseconds spent executing 0 partial-flushes (flushing a total of 0 entities and 0 collections)
}
&amp#27;[2m2025-05-11T11:17:44.842-03:00&amp#27;[0;39m &amp#27;[32m INFO&amp#27;[0;39m &amp#27;[35m16907&amp#27;[0;39m &amp#27;[2m---&amp#27;[0;39m &amp#27;[2m[           main]&amp#27;[0;39m &amp#27;[2m&amp#27;[0;39m&amp#27;[36mi.StatisticalLoggingSessionEventListener&amp#27;[0;39m &amp#27;[2m:&amp#27;[0;39m Session Metrics {
    0 nanoseconds spent acquiring 0 JDBC connections;
    0 nanoseconds spent releasing 0 JDBC connections;
    0 nanoseconds spent preparing 0 JDBC statements;
    0 nanoseconds spent executing 0 JDBC statements;
    0 nanoseconds spent executing 0 JDBC batches;
    0 nanoseconds spent performing 0 L2C puts;
    0 nanoseconds spent performing 0 L2C hits;
    0 nanoseconds spent performing 0 L2C misses;
    0 nanoseconds spent executing 0 flushes (flushing a total of 0 entities and 0 collections);
    0 nanoseconds spent executing 0 partial-flushes (flushing a total of 0 entities and 0 collections)
}
&amp#27;[2m2025-05-11T11:17:44.843-03:00&amp#27;[0;39m &amp#27;[32m INFO&amp#27;[0;39m &amp#27;[35m16907&amp#27;[0;39m &amp#27;[2m---&amp#27;[0;39m &amp#27;[2m[           main]&amp#27;[0;39m &amp#27;[2m&amp#27;[0;39m&amp#27;[36mi.StatisticalLoggingSessionEventListener&amp#27;[0;39m &amp#27;[2m:&amp#27;[0;39m Session Metrics {
    0 nanoseconds spent acquiring 0 JDBC connections;
    0 nanoseconds spent releasing 0 JDBC connections;
    0 nanoseconds spent preparing 0 JDBC statements;
    0 nanoseconds spent executing 0 JDBC statements;
    0 nanoseconds spent executing 0 JDBC batches;
    0 nanoseconds spent performing 0 L2C puts;
    0 nanoseconds spent performing 0 L2C hits;
    0 nanoseconds spent performing 0 L2C misses;
    0 nanoseconds spent executing 0 flushes (flushing a total of 0 entities and 0 collections);
    0 nanoseconds spent executing 0 partial-flushes (flushing a total of 0 entities and 0 collections)
}
&amp#27;[2m2025-05-11T11:17:44.843-03:00&amp#27;[0;39m &amp#27;[32m INFO&amp#27;[0;39m &amp#27;[35m16907&amp#27;[0;39m &amp#27;[2m---&amp#27;[0;39m &amp#27;[2m[           main]&amp#27;[0;39m &amp#27;[2m&amp#27;[0;39m&amp#27;[36mi.StatisticalLoggingSessionEventListener&amp#27;[0;39m &amp#27;[2m:&amp#27;[0;39m Session Metrics {
    0 nanoseconds spent acquiring 0 JDBC connections;
    0 nanoseconds spent releasing 0 JDBC connections;
    0 nanoseconds spent preparing 0 JDBC statements;
    0 nanoseconds spent executing 0 JDBC statements;
    0 nanoseconds spent executing 0 JDBC batches;
    0 nanoseconds spent performing 0 L2C puts;
    0 nanoseconds spent performing 0 L2C hits;
    0 nanoseconds spent performing 0 L2C misses;
    0 nanoseconds spent executing 0 flushes (flushing a total of 0 entities and 0 collections);
    0 nanoseconds spent executing 0 partial-flushes (flushing a total of 0 entities and 0 collections)
}
&amp#27;[2m2025-05-11T11:17:44.844-03:00&amp#27;[0;39m &amp#27;[32m INFO&amp#27;[0;39m &amp#27;[35m16907&amp#27;[0;39m &amp#27;[2m---&amp#27;[0;39m &amp#27;[2m[           main]&amp#27;[0;39m &amp#27;[2m&amp#27;[0;39m&amp#27;[36mi.StatisticalLoggingSessionEventListener&amp#27;[0;39m &amp#27;[2m:&amp#27;[0;39m Session Metrics {
    0 nanoseconds spent acquiring 0 JDBC connections;
    0 nanoseconds spent releasing 0 JDBC connections;
    0 nanoseconds spent preparing 0 JDBC statements;
    0 nanoseconds spent executing 0 JDBC statements;
    0 nanoseconds spent executing 0 JDBC batches;
    0 nanoseconds spent performing 0 L2C puts;
    0 nanoseconds spent performing 0 L2C hits;
    0 nanoseconds spent performing 0 L2C misses;
    0 nanoseconds spent executing 0 flushes (flushing a total of 0 entities and 0 collections);
    0 nanoseconds spent executing 0 partial-flushes (flushing a total of 0 entities and 0 collections)
}
&amp#27;[2m2025-05-11T11:17:44.844-03:00&amp#27;[0;39m &amp#27;[32m INFO&amp#27;[0;39m &amp#27;[35m16907&amp#27;[0;39m &amp#27;[2m---&amp#27;[0;39m &amp#27;[2m[           main]&amp#27;[0;39m &amp#27;[2m&amp#27;[0;39m&amp#27;[36mi.StatisticalLoggingSessionEventListener&amp#27;[0;39m &amp#27;[2m:&amp#27;[0;39m Session Metrics {
    0 nanoseconds spent acquiring 0 JDBC connections;
    0 nanoseconds spent releasing 0 JDBC connections;
    0 nanoseconds spent preparing 0 JDBC statements;
    0 nanoseconds spent executing 0 JDBC statements;
    0 nanoseconds spent executing 0 JDBC batches;
    0 nanoseconds spent performing 0 L2C puts;
    0 nanoseconds spent performing 0 L2C hits;
    0 nanoseconds spent performing 0 L2C misses;
    0 nanoseconds spent executing 0 flushes (flushing a total of 0 entities and 0 collections);
    0 nanoseconds spent executing 0 partial-flushes (flushing a total of 0 entities and 0 collections)
}
&amp#27;[2m2025-05-11T11:17:44.844-03:00&amp#27;[0;39m &amp#27;[32m INFO&amp#27;[0;39m &amp#27;[35m16907&amp#27;[0;39m &amp#27;[2m---&amp#27;[0;39m &amp#27;[2m[           main]&amp#27;[0;39m &amp#27;[2m&amp#27;[0;39m&amp#27;[36mi.StatisticalLoggingSessionEventListener&amp#27;[0;39m &amp#27;[2m:&amp#27;[0;39m Session Metrics {
    0 nanoseconds spent acquiring 0 JDBC connections;
    0 nanoseconds spent releasing 0 JDBC connections;
    0 nanoseconds spent preparing 0 JDBC statements;
    0 nanoseconds spent executing 0 JDBC statements;
    0 nanoseconds spent executing 0 JDBC batches;
    0 nanoseconds spent performing 0 L2C puts;
    0 nanoseconds spent performing 0 L2C hits;
    0 nanoseconds spent performing 0 L2C misses;
    0 nanoseconds spent executing 0 flushes (flushing a total of 0 entities and 0 collections);
    0 nanoseconds spent executing 0 partial-flushes (flushing a total of 0 entities and 0 collections)
}
&amp#27;[2m2025-05-11T11:17:44.845-03:00&amp#27;[0;39m &amp#27;[32m INFO&amp#27;[0;39m &amp#27;[35m16907&amp#27;[0;39m &amp#27;[2m---&amp#27;[0;39m &amp#27;[2m[           main]&amp#27;[0;39m &amp#27;[2m&amp#27;[0;39m&amp#27;[36mi.StatisticalLoggingSessionEventListener&amp#27;[0;39m &amp#27;[2m:&amp#27;[0;39m Session Metrics {
    0 nanoseconds spent acquiring 0 JDBC connections;
    0 nanoseconds spent releasing 0 JDBC connections;
    0 nanoseconds spent preparing 0 JDBC statements;
    0 nanoseconds spent executing 0 JDBC statements;
    0 nanoseconds spent executing 0 JDBC batches;
    0 nanoseconds spent performing 0 L2C puts;
    0 nanoseconds spent performing 0 L2C hits;
    0 nanoseconds spent performing 0 L2C misses;
    0 nanoseconds spent executing 0 flushes (flushing a total of 0 entities and 0 collections);
    0 nanoseconds spent executing 0 partial-flushes (flushing a total of 0 entities and 0 collections)
}
&amp#27;[2m2025-05-11T11:17:44.846-03:00&amp#27;[0;39m &amp#27;[32m INFO&amp#27;[0;39m &amp#27;[35m16907&amp#27;[0;39m &amp#27;[2m---&amp#27;[0;39m &amp#27;[2m[           main]&amp#27;[0;39m &amp#27;[2m&amp#27;[0;39m&amp#27;[36mi.StatisticalLoggingSessionEventListener&amp#27;[0;39m &amp#27;[2m:&amp#27;[0;39m Session Metrics {
    0 nanoseconds spent acquiring 0 JDBC connections;
    0 nanoseconds spent releasing 0 JDBC connections;
    0 nanoseconds spent preparing 0 JDBC statements;
    0 nanoseconds spent executing 0 JDBC statements;
    0 nanoseconds spent executing 0 JDBC batches;
    0 nanoseconds spent performing 0 L2C puts;
    0 nanoseconds spent performing 0 L2C hits;
    0 nanoseconds spent performing 0 L2C misses;
    0 nanoseconds spent executing 0 flushes (flushing a total of 0 entities and 0 collections);
    0 nanoseconds spent executing 0 partial-flushes (flushing a total of 0 entities and 0 collections)
}
&amp#27;[2m2025-05-11T11:17:44.846-03:00&amp#27;[0;39m &amp#27;[32m INFO&amp#27;[0;39m &amp#27;[35m16907&amp#27;[0;39m &amp#27;[2m---&amp#27;[0;39m &amp#27;[2m[           main]&amp#27;[0;39m &amp#27;[2m&amp#27;[0;39m&amp#27;[36mi.StatisticalLoggingSessionEventListener&amp#27;[0;39m &amp#27;[2m:&amp#27;[0;39m Session Metrics {
    0 nanoseconds spent acquiring 0 JDBC connections;
    0 nanoseconds spent releasing 0 JDBC connections;
    0 nanoseconds spent preparing 0 JDBC statements;
    0 nanoseconds spent executing 0 JDBC statements;
    0 nanoseconds spent executing 0 JDBC batches;
    0 nanoseconds spent performing 0 L2C puts;
    0 nanoseconds spent performing 0 L2C hits;
    0 nanoseconds spent performing 0 L2C misses;
    0 nanoseconds spent executing 0 flushes (flushing a total of 0 entities and 0 collections);
    0 nanoseconds spent executing 0 partial-flushes (flushing a total of 0 entities and 0 collections)
}
&amp#27;[2m2025-05-11T11:17:44.846-03:00&amp#27;[0;39m &amp#27;[32m INFO&amp#27;[0;39m &amp#27;[35m16907&amp#27;[0;39m &amp#27;[2m---&amp#27;[0;39m &amp#27;[2m[           main]&amp#27;[0;39m &amp#27;[2m&amp#27;[0;39m&amp#27;[36mi.StatisticalLoggingSessionEventListener&amp#27;[0;39m &amp#27;[2m:&amp#27;[0;39m Session Metrics {
    0 nanoseconds spent acquiring 0 JDBC connections;
    0 nanoseconds spent releasing 0 JDBC connections;
    0 nanoseconds spent preparing 0 JDBC statements;
    0 nanoseconds spent executing 0 JDBC statements;
    0 nanoseconds spent executing 0 JDBC batches;
    0 nanoseconds spent performing 0 L2C puts;
    0 nanoseconds spent performing 0 L2C hits;
    0 nanoseconds spent performing 0 L2C misses;
    0 nanoseconds spent executing 0 flushes (flushing a total of 0 entities and 0 collections);
    0 nanoseconds spent executing 0 partial-flushes (flushing a total of 0 entities and 0 collections)
}
&amp#27;[2m2025-05-11T11:17:44.847-03:00&amp#27;[0;39m &amp#27;[32m INFO&amp#27;[0;39m &amp#27;[35m16907&amp#27;[0;39m &amp#27;[2m---&amp#27;[0;39m &amp#27;[2m[           main]&amp#27;[0;39m &amp#27;[2m&amp#27;[0;39m&amp#27;[36mi.StatisticalLoggingSessionEventListener&amp#27;[0;39m &amp#27;[2m:&amp#27;[0;39m Session Metrics {
    0 nanoseconds spent acquiring 0 JDBC connections;
    0 nanoseconds spent releasing 0 JDBC connections;
    0 nanoseconds spent preparing 0 JDBC statements;
    0 nanoseconds spent executing 0 JDBC statements;
    0 nanoseconds spent executing 0 JDBC batches;
    0 nanoseconds spent performing 0 L2C puts;
    0 nanoseconds spent performing 0 L2C hits;
    0 nanoseconds spent performing 0 L2C misses;
    0 nanoseconds spent executing 0 flushes (flushing a total of 0 entities and 0 collections);
    0 nanoseconds spent executing 0 partial-flushes (flushing a total of 0 entities and 0 collections)
}
&amp#27;[2m2025-05-11T11:17:44.847-03:00&amp#27;[0;39m &amp#27;[32m INFO&amp#27;[0;39m &amp#27;[35m16907&amp#27;[0;39m &amp#27;[2m---&amp#27;[0;39m &amp#27;[2m[           main]&amp#27;[0;39m &amp#27;[2m&amp#27;[0;39m&amp#27;[36mi.StatisticalLoggingSessionEventListener&amp#27;[0;39m &amp#27;[2m:&amp#27;[0;39m Session Metrics {
    0 nanoseconds spent acquiring 0 JDBC connections;
    0 nanoseconds spent releasing 0 JDBC connections;
    0 nanoseconds spent preparing 0 JDBC statements;
    0 nanoseconds spent executing 0 JDBC statements;
    0 nanoseconds spent executing 0 JDBC batches;
    0 nanoseconds spent performing 0 L2C puts;
    0 nanoseconds spent performing 0 L2C hits;
    0 nanoseconds spent performing 0 L2C misses;
    0 nanoseconds spent executing 0 flushes (flushing a total of 0 entities and 0 collections);
    0 nanoseconds spent executing 0 partial-flushes (flushing a total of 0 entities and 0 collections)
}
&amp#27;[2m2025-05-11T11:17:44.847-03:00&amp#27;[0;39m &amp#27;[32m INFO&amp#27;[0;39m &amp#27;[35m16907&amp#27;[0;39m &amp#27;[2m---&amp#27;[0;39m &amp#27;[2m[           main]&amp#27;[0;39m &amp#27;[2m&amp#27;[0;39m&amp#27;[36mi.StatisticalLoggingSessionEventListener&amp#27;[0;39m &amp#27;[2m:&amp#27;[0;39m Session Metrics {
    0 nanoseconds spent acquiring 0 JDBC connections;
    0 nanoseconds spent releasing 0 JDBC connections;
    0 nanoseconds spent preparing 0 JDBC statements;
    0 nanoseconds spent executing 0 JDBC statements;
    0 nanoseconds spent executing 0 JDBC batches;
    0 nanoseconds spent performing 0 L2C puts;
    0 nanoseconds spent performing 0 L2C hits;
    0 nanoseconds spent performing 0 L2C misses;
    0 nanoseconds spent executing 0 flushes (flushing a total of 0 entities and 0 collections);
    0 nanoseconds spent executing 0 partial-flushes (flushing a total of 0 entities and 0 collections)
}
&amp#27;[2m2025-05-11T11:17:44.848-03:00&amp#27;[0;39m &amp#27;[32m INFO&amp#27;[0;39m &amp#27;[35m16907&amp#27;[0;39m &amp#27;[2m---&amp#27;[0;39m &amp#27;[2m[           main]&amp#27;[0;39m &amp#27;[2m&amp#27;[0;39m&amp#27;[36mi.StatisticalLoggingSessionEventListener&amp#27;[0;39m &amp#27;[2m:&amp#27;[0;39m Session Metrics {
    0 nanoseconds spent acquiring 0 JDBC connections;
    0 nanoseconds spent releasing 0 JDBC connections;
    0 nanoseconds spent preparing 0 JDBC statements;
    0 nanoseconds spent executing 0 JDBC statements;
    0 nanoseconds spent executing 0 JDBC batches;
    0 nanoseconds spent performing 0 L2C puts;
    0 nanoseconds spent performing 0 L2C hits;
    0 nanoseconds spent performing 0 L2C misses;
    0 nanoseconds spent executing 0 flushes (flushing a total of 0 entities and 0 collections);
    0 nanoseconds spent executing 0 partial-flushes (flushing a total of 0 entities and 0 collections)
}
&amp#27;[2m2025-05-11T11:17:44.848-03:00&amp#27;[0;39m &amp#27;[32m INFO&amp#27;[0;39m &amp#27;[35m16907&amp#27;[0;39m &amp#27;[2m---&amp#27;[0;39m &amp#27;[2m[           main]&amp#27;[0;39m &amp#27;[2m&amp#27;[0;39m&amp#27;[36mi.StatisticalLoggingSessionEventListener&amp#27;[0;39m &amp#27;[2m:&amp#27;[0;39m Session Metrics {
    0 nanoseconds spent acquiring 0 JDBC connections;
    0 nanoseconds spent releasing 0 JDBC connections;
    0 nanoseconds spent preparing 0 JDBC statements;
    0 nanoseconds spent executing 0 JDBC statements;
    0 nanoseconds spent executing 0 JDBC batches;
    0 nanoseconds spent performing 0 L2C puts;
    0 nanoseconds spent performing 0 L2C hits;
    0 nanoseconds spent performing 0 L2C misses;
    0 nanoseconds spent executing 0 flushes (flushing a total of 0 entities and 0 collections);
    0 nanoseconds spent executing 0 partial-flushes (flushing a total of 0 entities and 0 collections)
}
&amp#27;[2m2025-05-11T11:17:44.849-03:00&amp#27;[0;39m &amp#27;[32m INFO&amp#27;[0;39m &amp#27;[35m16907&amp#27;[0;39m &amp#27;[2m---&amp#27;[0;39m &amp#27;[2m[           main]&amp#27;[0;39m &amp#27;[2m&amp#27;[0;39m&amp#27;[36mi.StatisticalLoggingSessionEventListener&amp#27;[0;39m &amp#27;[2m:&amp#27;[0;39m Session Metrics {
    0 nanoseconds spent acquiring 0 JDBC connections;
    0 nanoseconds spent releasing 0 JDBC connections;
    0 nanoseconds spent preparing 0 JDBC statements;
    0 nanoseconds spent executing 0 JDBC statements;
    0 nanoseconds spent executing 0 JDBC batches;
    0 nanoseconds spent performing 0 L2C puts;
    0 nanoseconds spent performing 0 L2C hits;
    0 nanoseconds spent performing 0 L2C misses;
    0 nanoseconds spent executing 0 flushes (flushing a total of 0 entities and 0 collections);
    0 nanoseconds spent executing 0 partial-flushes (flushing a total of 0 entities and 0 collections)
}
&amp#27;[2m2025-05-11T11:17:44.849-03:00&amp#27;[0;39m &amp#27;[32m INFO&amp#27;[0;39m &amp#27;[35m16907&amp#27;[0;39m &amp#27;[2m---&amp#27;[0;39m &amp#27;[2m[           main]&amp#27;[0;39m &amp#27;[2m&amp#27;[0;39m&amp#27;[36mi.StatisticalLoggingSessionEventListener&amp#27;[0;39m &amp#27;[2m:&amp#27;[0;39m Session Metrics {
    0 nanoseconds spent acquiring 0 JDBC connections;
    0 nanoseconds spent releasing 0 JDBC connections;
    0 nanoseconds spent preparing 0 JDBC statements;
    0 nanoseconds spent executing 0 JDBC statements;
    0 nanoseconds spent executing 0 JDBC batches;
    0 nanoseconds spent performing 0 L2C puts;
    0 nanoseconds spent performing 0 L2C hits;
    0 nanoseconds spent performing 0 L2C misses;
    0 nanoseconds spent executing 0 flushes (flushing a total of 0 entities and 0 collections);
    0 nanoseconds spent executing 0 partial-flushes (flushing a total of 0 entities and 0 collections)
}
&amp#27;[2m2025-05-11T11:17:44.849-03:00&amp#27;[0;39m &amp#27;[32m INFO&amp#27;[0;39m &amp#27;[35m16907&amp#27;[0;39m &amp#27;[2m---&amp#27;[0;39m &amp#27;[2m[           main]&amp#27;[0;39m &amp#27;[2m&amp#27;[0;39m&amp#27;[36mi.StatisticalLoggingSessionEventListener&amp#27;[0;39m &amp#27;[2m:&amp#27;[0;39m Session Metrics {
    0 nanoseconds spent acquiring 0 JDBC connections;
    0 nanoseconds spent releasing 0 JDBC connections;
    0 nanoseconds spent preparing 0 JDBC statements;
    0 nanoseconds spent executing 0 JDBC statements;
    0 nanoseconds spent executing 0 JDBC batches;
    0 nanoseconds spent performing 0 L2C puts;
    0 nanoseconds spent performing 0 L2C hits;
    0 nanoseconds spent performing 0 L2C misses;
    0 nanoseconds spent executing 0 flushes (flushing a total of 0 entities and 0 collections);
    0 nanoseconds spent executing 0 partial-flushes (flushing a total of 0 entities and 0 collections)
}
&amp#27;[2m2025-05-11T11:17:44.850-03:00&amp#27;[0;39m &amp#27;[32m INFO&amp#27;[0;39m &amp#27;[35m16907&amp#27;[0;39m &amp#27;[2m---&amp#27;[0;39m &amp#27;[2m[           main]&amp#27;[0;39m &amp#27;[2m&amp#27;[0;39m&amp#27;[36mi.StatisticalLoggingSessionEventListener&amp#27;[0;39m &amp#27;[2m:&amp#27;[0;39m Session Metrics {
    0 nanoseconds spent acquiring 0 JDBC connections;
    0 nanoseconds spent releasing 0 JDBC connections;
    0 nanoseconds spent preparing 0 JDBC statements;
    0 nanoseconds spent executing 0 JDBC statements;
    0 nanoseconds spent executing 0 JDBC batches;
    0 nanoseconds spent performing 0 L2C puts;
    0 nanoseconds spent performing 0 L2C hits;
    0 nanoseconds spent performing 0 L2C misses;
    0 nanoseconds spent executing 0 flushes (flushing a total of 0 entities and 0 collections);
    0 nanoseconds spent executing 0 partial-flushes (flushing a total of 0 entities and 0 collections)
}
&amp#27;[2m2025-05-11T11:17:44.850-03:00&amp#27;[0;39m &amp#27;[32m INFO&amp#27;[0;39m &amp#27;[35m16907&amp#27;[0;39m &amp#27;[2m---&amp#27;[0;39m &amp#27;[2m[           main]&amp#27;[0;39m &amp#27;[2m&amp#27;[0;39m&amp#27;[36mi.StatisticalLoggingSessionEventListener&amp#27;[0;39m &amp#27;[2m:&amp#27;[0;39m Session Metrics {
    0 nanoseconds spent acquiring 0 JDBC connections;
    0 nanoseconds spent releasing 0 JDBC connections;
    0 nanoseconds spent preparing 0 JDBC statements;
    0 nanoseconds spent executing 0 JDBC statements;
    0 nanoseconds spent executing 0 JDBC batches;
    0 nanoseconds spent performing 0 L2C puts;
    0 nanoseconds spent performing 0 L2C hits;
    0 nanoseconds spent performing 0 L2C misses;
    0 nanoseconds spent executing 0 flushes (flushing a total of 0 entities and 0 collections);
    0 nanoseconds spent executing 0 partial-flushes (flushing a total of 0 entities and 0 collections)
}
&amp#27;[2m2025-05-11T11:17:44.850-03:00&amp#27;[0;39m &amp#27;[32m INFO&amp#27;[0;39m &amp#27;[35m16907&amp#27;[0;39m &amp#27;[2m---&amp#27;[0;39m &amp#27;[2m[           main]&amp#27;[0;39m &amp#27;[2m&amp#27;[0;39m&amp#27;[36mi.StatisticalLoggingSessionEventListener&amp#27;[0;39m &amp#27;[2m:&amp#27;[0;39m Session Metrics {
    0 nanoseconds spent acquiring 0 JDBC connections;
    0 nanoseconds spent releasing 0 JDBC connections;
    0 nanoseconds spent preparing 0 JDBC statements;
    0 nanoseconds spent executing 0 JDBC statements;
    0 nanoseconds spent executing 0 JDBC batches;
    0 nanoseconds spent performing 0 L2C puts;
    0 nanoseconds spent performing 0 L2C hits;
    0 nanoseconds spent performing 0 L2C misses;
    0 nanoseconds spent executing 0 flushes (flushing a total of 0 entities and 0 collections);
    0 nanoseconds spent executing 0 partial-flushes (flushing a total of 0 entities and 0 collections)
}
&amp#27;[2m2025-05-11T11:17:44.861-03:00&amp#27;[0;39m &amp#27;[32m INFO&amp#27;[0;39m &amp#27;[35m16907&amp#27;[0;39m &amp#27;[2m---&amp#27;[0;39m &amp#27;[2m[           main]&amp#27;[0;39m &amp#27;[2m&amp#27;[0;39m&amp#27;[36mi.StatisticalLoggingSessionEventListener&amp#27;[0;39m &amp#27;[2m:&amp#27;[0;39m Session Metrics {
    0 nanoseconds spent acquiring 0 JDBC connections;
    0 nanoseconds spent releasing 0 JDBC connections;
    0 nanoseconds spent preparing 0 JDBC statements;
    0 nanoseconds spent executing 0 JDBC statements;
    0 nanoseconds spent executing 0 JDBC batches;
    0 nanoseconds spent performing 0 L2C puts;
    0 nanoseconds spent performing 0 L2C hits;
    0 nanoseconds spent performing 0 L2C misses;
    0 nanoseconds spent executing 0 flushes (flushing a total of 0 entities and 0 collections);
    0 nanoseconds spent executing 0 partial-flushes (flushing a total of 0 entities and 0 collections)
}
&amp#27;[2m2025-05-11T11:17:44.862-03:00&amp#27;[0;39m &amp#27;[32m INFO&amp#27;[0;39m &amp#27;[35m16907&amp#27;[0;39m &amp#27;[2m---&amp#27;[0;39m &amp#27;[2m[           main]&amp#27;[0;39m &amp#27;[2m&amp#27;[0;39m&amp#27;[36mi.StatisticalLoggingSessionEventListener&amp#27;[0;39m &amp#27;[2m:&amp#27;[0;39m Session Metrics {
    0 nanoseconds spent acquiring 0 JDBC connections;
    0 nanoseconds spent releasing 0 JDBC connections;
    0 nanoseconds spent preparing 0 JDBC statements;
    0 nanoseconds spent executing 0 JDBC statements;
    0 nanoseconds spent executing 0 JDBC batches;
    0 nanoseconds spent performing 0 L2C puts;
    0 nanoseconds spent performing 0 L2C hits;
    0 nanoseconds spent performing 0 L2C misses;
    0 nanoseconds spent executing 0 flushes (flushing a total of 0 entities and 0 collections);
    0 nanoseconds spent executing 0 partial-flushes (flushing a total of 0 entities and 0 collections)
}
&amp#27;[2m2025-05-11T11:17:44.873-03:00&amp#27;[0;39m &amp#27;[32m INFO&amp#27;[0;39m &amp#27;[35m16907&amp#27;[0;39m &amp#27;[2m---&amp#27;[0;39m &amp#27;[2m[           main]&amp#27;[0;39m &amp#27;[2m&amp#27;[0;39m&amp#27;[36mi.StatisticalLoggingSessionEventListener&amp#27;[0;39m &amp#27;[2m:&amp#27;[0;39m Session Metrics {
    0 nanoseconds spent acquiring 0 JDBC connections;
    0 nanoseconds spent releasing 0 JDBC connections;
    0 nanoseconds spent preparing 0 JDBC statements;
    0 nanoseconds spent executing 0 JDBC statements;
    0 nanoseconds spent executing 0 JDBC batches;
    0 nanoseconds spent performing 0 L2C puts;
    0 nanoseconds spent performing 0 L2C hits;
    0 nanoseconds spent performing 0 L2C misses;
    0 nanoseconds spent executing 0 flushes (flushing a total of 0 entities and 0 collections);
    0 nanoseconds spent executing 0 partial-flushes (flushing a total of 0 entities and 0 collections)
}
&amp#27;[2m2025-05-11T11:17:44.873-03:00&amp#27;[0;39m &amp#27;[32m INFO&amp#27;[0;39m &amp#27;[35m16907&amp#27;[0;39m &amp#27;[2m---&amp#27;[0;39m &amp#27;[2m[           main]&amp#27;[0;39m &amp#27;[2m&amp#27;[0;39m&amp#27;[36mi.StatisticalLoggingSessionEventListener&amp#27;[0;39m &amp#27;[2m:&amp#27;[0;39m Session Metrics {
    0 nanoseconds spent acquiring 0 JDBC connections;
    0 nanoseconds spent releasing 0 JDBC connections;
    0 nanoseconds spent preparing 0 JDBC statements;
    0 nanoseconds spent executing 0 JDBC statements;
    0 nanoseconds spent executing 0 JDBC batches;
    0 nanoseconds spent performing 0 L2C puts;
    0 nanoseconds spent performing 0 L2C hits;
    0 nanoseconds spent performing 0 L2C misses;
    0 nanoseconds spent executing 0 flushes (flushing a total of 0 entities and 0 collections);
    0 nanoseconds spent executing 0 partial-flushes (flushing a total of 0 entities and 0 collections)
}
&amp#27;[2m2025-05-11T11:17:44.874-03:00&amp#27;[0;39m &amp#27;[32m INFO&amp#27;[0;39m &amp#27;[35m16907&amp#27;[0;39m &amp#27;[2m---&amp#27;[0;39m &amp#27;[2m[           main]&amp#27;[0;39m &amp#27;[2m&amp#27;[0;39m&amp#27;[36mi.StatisticalLoggingSessionEventListener&amp#27;[0;39m &amp#27;[2m:&amp#27;[0;39m Session Metrics {
    0 nanoseconds spent acquiring 0 JDBC connections;
    0 nanoseconds spent releasing 0 JDBC connections;
    0 nanoseconds spent preparing 0 JDBC statements;
    0 nanoseconds spent executing 0 JDBC statements;
    0 nanoseconds spent executing 0 JDBC batches;
    0 nanoseconds spent performing 0 L2C puts;
    0 nanoseconds spent performing 0 L2C hits;
    0 nanoseconds spent performing 0 L2C misses;
    0 nanoseconds spent executing 0 flushes (flushing a total of 0 entities and 0 collections);
    0 nanoseconds spent executing 0 partial-flushes (flushing a total of 0 entities and 0 collections)
}
&amp#27;[2m2025-05-11T11:17:44.874-03:00&amp#27;[0;39m &amp#27;[32m INFO&amp#27;[0;39m &amp#27;[35m16907&amp#27;[0;39m &amp#27;[2m---&amp#27;[0;39m &amp#27;[2m[           main]&amp#27;[0;39m &amp#27;[2m&amp#27;[0;39m&amp#27;[36mi.StatisticalLoggingSessionEventListener&amp#27;[0;39m &amp#27;[2m:&amp#27;[0;39m Session Metrics {
    0 nanoseconds spent acquiring 0 JDBC connections;
    0 nanoseconds spent releasing 0 JDBC connections;
    0 nanoseconds spent preparing 0 JDBC statements;
    0 nanoseconds spent executing 0 JDBC statements;
    0 nanoseconds spent executing 0 JDBC batches;
    0 nanoseconds spent performing 0 L2C puts;
    0 nanoseconds spent performing 0 L2C hits;
    0 nanoseconds spent performing 0 L2C misses;
    0 nanoseconds spent executing 0 flushes (flushing a total of 0 entities and 0 collections);
    0 nanoseconds spent executing 0 partial-flushes (flushing a total of 0 entities and 0 collections)
}
&amp#27;[2m2025-05-11T11:17:44.875-03:00&amp#27;[0;39m &amp#27;[32m INFO&amp#27;[0;39m &amp#27;[35m16907&amp#27;[0;39m &amp#27;[2m---&amp#27;[0;39m &amp#27;[2m[           main]&amp#27;[0;39m &amp#27;[2m&amp#27;[0;39m&amp#27;[36mi.StatisticalLoggingSessionEventListener&amp#27;[0;39m &amp#27;[2m:&amp#27;[0;39m Session Metrics {
    0 nanoseconds spent acquiring 0 JDBC connections;
    0 nanoseconds spent releasing 0 JDBC connections;
    0 nanoseconds spent preparing 0 JDBC statements;
    0 nanoseconds spent executing 0 JDBC statements;
    0 nanoseconds spent executing 0 JDBC batches;
    0 nanoseconds spent performing 0 L2C puts;
    0 nanoseconds spent performing 0 L2C hits;
    0 nanoseconds spent performing 0 L2C misses;
    0 nanoseconds spent executing 0 flushes (flushing a total of 0 entities and 0 collections);
    0 nanoseconds spent executing 0 partial-flushes (flushing a total of 0 entities and 0 collections)
}
&amp#27;[2m2025-05-11T11:17:44.875-03:00&amp#27;[0;39m &amp#27;[32m INFO&amp#27;[0;39m &amp#27;[35m16907&amp#27;[0;39m &amp#27;[2m---&amp#27;[0;39m &amp#27;[2m[           main]&amp#27;[0;39m &amp#27;[2m&amp#27;[0;39m&amp#27;[36mi.StatisticalLoggingSessionEventListener&amp#27;[0;39m &amp#27;[2m:&amp#27;[0;39m Session Metrics {
    0 nanoseconds spent acquiring 0 JDBC connections;
    0 nanoseconds spent releasing 0 JDBC connections;
    0 nanoseconds spent preparing 0 JDBC statements;
    0 nanoseconds spent executing 0 JDBC statements;
    0 nanoseconds spent executing 0 JDBC batches;
    0 nanoseconds spent performing 0 L2C puts;
    0 nanoseconds spent performing 0 L2C hits;
    0 nanoseconds spent performing 0 L2C misses;
    0 nanoseconds spent executing 0 flushes (flushing a total of 0 entities and 0 collections);
    0 nanoseconds spent executing 0 partial-flushes (flushing a total of 0 entities and 0 collections)
}
&amp#27;[2m2025-05-11T11:17:44.885-03:00&amp#27;[0;39m &amp#27;[32m INFO&amp#27;[0;39m &amp#27;[35m16907&amp#27;[0;39m &amp#27;[2m---&amp#27;[0;39m &amp#27;[2m[           main]&amp#27;[0;39m &amp#27;[2m&amp#27;[0;39m&amp#27;[36mi.StatisticalLoggingSessionEventListener&amp#27;[0;39m &amp#27;[2m:&amp#27;[0;39m Session Metrics {
    0 nanoseconds spent acquiring 0 JDBC connections;
    0 nanoseconds spent releasing 0 JDBC connections;
    0 nanoseconds spent preparing 0 JDBC statements;
    0 nanoseconds spent executing 0 JDBC statements;
    0 nanoseconds spent executing 0 JDBC batches;
    0 nanoseconds spent performing 0 L2C puts;
    0 nanoseconds spent performing 0 L2C hits;
    0 nanoseconds spent performing 0 L2C misses;
    0 nanoseconds spent executing 0 flushes (flushing a total of 0 entities and 0 collections);
    0 nanoseconds spent executing 0 partial-flushes (flushing a total of 0 entities and 0 collections)
}
&amp#27;[2m2025-05-11T11:17:44.885-03:00&amp#27;[0;39m &amp#27;[32m INFO&amp#27;[0;39m &amp#27;[35m16907&amp#27;[0;39m &amp#27;[2m---&amp#27;[0;39m &amp#27;[2m[           main]&amp#27;[0;39m &amp#27;[2m&amp#27;[0;39m&amp#27;[36mi.StatisticalLoggingSessionEventListener&amp#27;[0;39m &amp#27;[2m:&amp#27;[0;39m Session Metrics {
    0 nanoseconds spent acquiring 0 JDBC connections;
    0 nanoseconds spent releasing 0 JDBC connections;
    0 nanoseconds spent preparing 0 JDBC statements;
    0 nanoseconds spent executing 0 JDBC statements;
    0 nanoseconds spent executing 0 JDBC batches;
    0 nanoseconds spent performing 0 L2C puts;
    0 nanoseconds spent performing 0 L2C hits;
    0 nanoseconds spent performing 0 L2C misses;
    0 nanoseconds spent executing 0 flushes (flushing a total of 0 entities and 0 collections);
    0 nanoseconds spent executing 0 partial-flushes (flushing a total of 0 entities and 0 collections)
}
&amp#27;[2m2025-05-11T11:17:44.892-03:00&amp#27;[0;39m &amp#27;[32m INFO&amp#27;[0;39m &amp#27;[35m16907&amp#27;[0;39m &amp#27;[2m---&amp#27;[0;39m &amp#27;[2m[           main]&amp#27;[0;39m &amp#27;[2m&amp#27;[0;39m&amp#27;[36mi.StatisticalLoggingSessionEventListener&amp#27;[0;39m &amp#27;[2m:&amp#27;[0;39m Session Metrics {
    0 nanoseconds spent acquiring 0 JDBC connections;
    0 nanoseconds spent releasing 0 JDBC connections;
    0 nanoseconds spent preparing 0 JDBC statements;
    0 nanoseconds spent executing 0 JDBC statements;
    0 nanoseconds spent executing 0 JDBC batches;
    0 nanoseconds spent performing 0 L2C puts;
    0 nanoseconds spent performing 0 L2C hits;
    0 nanoseconds spent performing 0 L2C misses;
    0 nanoseconds spent executing 0 flushes (flushing a total of 0 entities and 0 collections);
    0 nanoseconds spent executing 0 partial-flushes (flushing a total of 0 entities and 0 collections)
}
&amp#27;[2m2025-05-11T11:17:44.892-03:00&amp#27;[0;39m &amp#27;[32m INFO&amp#27;[0;39m &amp#27;[35m16907&amp#27;[0;39m &amp#27;[2m---&amp#27;[0;39m &amp#27;[2m[           main]&amp#27;[0;39m &amp#27;[2m&amp#27;[0;39m&amp#27;[36mi.StatisticalLoggingSessionEventListener&amp#27;[0;39m &amp#27;[2m:&amp#27;[0;39m Session Metrics {
    0 nanoseconds spent acquiring 0 JDBC connections;
    0 nanoseconds spent releasing 0 JDBC connections;
    0 nanoseconds spent preparing 0 JDBC statements;
    0 nanoseconds spent executing 0 JDBC statements;
    0 nanoseconds spent executing 0 JDBC batches;
    0 nanoseconds spent performing 0 L2C puts;
    0 nanoseconds spent performing 0 L2C hits;
    0 nanoseconds spent performing 0 L2C misses;
    0 nanoseconds spent executing 0 flushes (flushing a total of 0 entities and 0 collections);
    0 nanoseconds spent executing 0 partial-flushes (flushing a total of 0 entities and 0 collections)
}
&amp#27;[2m2025-05-11T11:17:44.893-03:00&amp#27;[0;39m &amp#27;[32m INFO&amp#27;[0;39m &amp#27;[35m16907&amp#27;[0;39m &amp#27;[2m---&amp#27;[0;39m &amp#27;[2m[           main]&amp#27;[0;39m &amp#27;[2m&amp#27;[0;39m&amp#27;[36mi.StatisticalLoggingSessionEventListener&amp#27;[0;39m &amp#27;[2m:&amp#27;[0;39m Session Metrics {
    0 nanoseconds spent acquiring 0 JDBC connections;
    0 nanoseconds spent releasing 0 JDBC connections;
    0 nanoseconds spent preparing 0 JDBC statements;
    0 nanoseconds spent executing 0 JDBC statements;
    0 nanoseconds spent executing 0 JDBC batches;
    0 nanoseconds spent performing 0 L2C puts;
    0 nanoseconds spent performing 0 L2C hits;
    0 nanoseconds spent performing 0 L2C misses;
    0 nanoseconds spent executing 0 flushes (flushing a total of 0 entities and 0 collections);
    0 nanoseconds spent executing 0 partial-flushes (flushing a total of 0 entities and 0 collections)
}
&amp#27;[2m2025-05-11T11:17:44.893-03:00&amp#27;[0;39m &amp#27;[32m INFO&amp#27;[0;39m &amp#27;[35m16907&amp#27;[0;39m &amp#27;[2m---&amp#27;[0;39m &amp#27;[2m[           main]&amp#27;[0;39m &amp#27;[2m&amp#27;[0;39m&amp#27;[36mi.StatisticalLoggingSessionEventListener&amp#27;[0;39m &amp#27;[2m:&amp#27;[0;39m Session Metrics {
    0 nanoseconds spent acquiring 0 JDBC connections;
    0 nanoseconds spent releasing 0 JDBC connections;
    0 nanoseconds spent preparing 0 JDBC statements;
    0 nanoseconds spent executing 0 JDBC statements;
    0 nanoseconds spent executing 0 JDBC batches;
    0 nanoseconds spent performing 0 L2C puts;
    0 nanoseconds spent performing 0 L2C hits;
    0 nanoseconds spent performing 0 L2C misses;
    0 nanoseconds spent executing 0 flushes (flushing a total of 0 entities and 0 collections);
    0 nanoseconds spent executing 0 partial-flushes (flushing a total of 0 entities and 0 collections)
}
&amp#27;[2m2025-05-11T11:17:44.894-03:00&amp#27;[0;39m &amp#27;[32m INFO&amp#27;[0;39m &amp#27;[35m16907&amp#27;[0;39m &amp#27;[2m---&amp#27;[0;39m &amp#27;[2m[           main]&amp#27;[0;39m &amp#27;[2m&amp#27;[0;39m&amp#27;[36mi.StatisticalLoggingSessionEventListener&amp#27;[0;39m &amp#27;[2m:&amp#27;[0;39m Session Metrics {
    0 nanoseconds spent acquiring 0 JDBC connections;
    0 nanoseconds spent releasing 0 JDBC connections;
    0 nanoseconds spent preparing 0 JDBC statements;
    0 nanoseconds spent executing 0 JDBC statements;
    0 nanoseconds spent executing 0 JDBC batches;
    0 nanoseconds spent performing 0 L2C puts;
    0 nanoseconds spent performing 0 L2C hits;
    0 nanoseconds spent performing 0 L2C misses;
    0 nanoseconds spent executing 0 flushes (flushing a total of 0 entities and 0 collections);
    0 nanoseconds spent executing 0 partial-flushes (flushing a total of 0 entities and 0 collections)
}
&amp#27;[2m2025-05-11T11:17:44.894-03:00&amp#27;[0;39m &amp#27;[32m INFO&amp#27;[0;39m &amp#27;[35m16907&amp#27;[0;39m &amp#27;[2m---&amp#27;[0;39m &amp#27;[2m[           main]&amp#27;[0;39m &amp#27;[2m&amp#27;[0;39m&amp#27;[36mi.StatisticalLoggingSessionEventListener&amp#27;[0;39m &amp#27;[2m:&amp#27;[0;39m Session Metrics {
    0 nanoseconds spent acquiring 0 JDBC connections;
    0 nanoseconds spent releasing 0 JDBC connections;
    0 nanoseconds spent preparing 0 JDBC statements;
    0 nanoseconds spent executing 0 JDBC statements;
    0 nanoseconds spent executing 0 JDBC batches;
    0 nanoseconds spent performing 0 L2C puts;
    0 nanoseconds spent performing 0 L2C hits;
    0 nanoseconds spent performing 0 L2C misses;
    0 nanoseconds spent executing 0 flushes (flushing a total of 0 entities and 0 collections);
    0 nanoseconds spent executing 0 partial-flushes (flushing a total of 0 entities and 0 collections)
}
&amp#27;[2m2025-05-11T11:17:44.894-03:00&amp#27;[0;39m &amp#27;[32m INFO&amp#27;[0;39m &amp#27;[35m16907&amp#27;[0;39m &amp#27;[2m---&amp#27;[0;39m &amp#27;[2m[           main]&amp#27;[0;39m &amp#27;[2m&amp#27;[0;39m&amp#27;[36mi.StatisticalLoggingSessionEventListener&amp#27;[0;39m &amp#27;[2m:&amp#27;[0;39m Session Metrics {
    0 nanoseconds spent acquiring 0 JDBC connections;
    0 nanoseconds spent releasing 0 JDBC connections;
    0 nanoseconds spent preparing 0 JDBC statements;
    0 nanoseconds spent executing 0 JDBC statements;
    0 nanoseconds spent executing 0 JDBC batches;
    0 nanoseconds spent performing 0 L2C puts;
    0 nanoseconds spent performing 0 L2C hits;
    0 nanoseconds spent performing 0 L2C misses;
    0 nanoseconds spent executing 0 flushes (flushing a total of 0 entities and 0 collections);
    0 nanoseconds spent executing 0 partial-flushes (flushing a total of 0 entities and 0 collections)
}
&amp#27;[2m2025-05-11T11:17:44.894-03:00&amp#27;[0;39m &amp#27;[32m INFO&amp#27;[0;39m &amp#27;[35m16907&amp#27;[0;39m &amp#27;[2m---&amp#27;[0;39m &amp#27;[2m[           main]&amp#27;[0;39m &amp#27;[2m&amp#27;[0;39m&amp#27;[36mi.StatisticalLoggingSessionEventListener&amp#27;[0;39m &amp#27;[2m:&amp#27;[0;39m Session Metrics {
    0 nanoseconds spent acquiring 0 JDBC connections;
    0 nanoseconds spent releasing 0 JDBC connections;
    0 nanoseconds spent preparing 0 JDBC statements;
    0 nanoseconds spent executing 0 JDBC statements;
    0 nanoseconds spent executing 0 JDBC batches;
    0 nanoseconds spent performing 0 L2C puts;
    0 nanoseconds spent performing 0 L2C hits;
    0 nanoseconds spent performing 0 L2C misses;
    0 nanoseconds spent executing 0 flushes (flushing a total of 0 entities and 0 collections);
    0 nanoseconds spent executing 0 partial-flushes (flushing a total of 0 entities and 0 collections)
}
&amp#27;[2m2025-05-11T11:17:44.895-03:00&amp#27;[0;39m &amp#27;[32m INFO&amp#27;[0;39m &amp#27;[35m16907&amp#27;[0;39m &amp#27;[2m---&amp#27;[0;39m &amp#27;[2m[           main]&amp#27;[0;39m &amp#27;[2m&amp#27;[0;39m&amp#27;[36mi.StatisticalLoggingSessionEventListener&amp#27;[0;39m &amp#27;[2m:&amp#27;[0;39m Session Metrics {
    0 nanoseconds spent acquiring 0 JDBC connections;
    0 nanoseconds spent releasing 0 JDBC connections;
    0 nanoseconds spent preparing 0 JDBC statements;
    0 nanoseconds spent executing 0 JDBC statements;
    0 nanoseconds spent executing 0 JDBC batches;
    0 nanoseconds spent performing 0 L2C puts;
    0 nanoseconds spent performing 0 L2C hits;
    0 nanoseconds spent performing 0 L2C misses;
    0 nanoseconds spent executing 0 flushes (flushing a total of 0 entities and 0 collections);
    0 nanoseconds spent executing 0 partial-flushes (flushing a total of 0 entities and 0 collections)
}
&amp#27;[2m2025-05-11T11:17:44.895-03:00&amp#27;[0;39m &amp#27;[32m INFO&amp#27;[0;39m &amp#27;[35m16907&amp#27;[0;39m &amp#27;[2m---&amp#27;[0;39m &amp#27;[2m[           main]&amp#27;[0;39m &amp#27;[2m&amp#27;[0;39m&amp#27;[36mi.StatisticalLoggingSessionEventListener&amp#27;[0;39m &amp#27;[2m:&amp#27;[0;39m Session Metrics {
    0 nanoseconds spent acquiring 0 JDBC connections;
    0 nanoseconds spent releasing 0 JDBC connections;
    0 nanoseconds spent preparing 0 JDBC statements;
    0 nanoseconds spent executing 0 JDBC statements;
    0 nanoseconds spent executing 0 JDBC batches;
    0 nanoseconds spent performing 0 L2C puts;
    0 nanoseconds spent performing 0 L2C hits;
    0 nanoseconds spent performing 0 L2C misses;
    0 nanoseconds spent executing 0 flushes (flushing a total of 0 entities and 0 collections);
    0 nanoseconds spent executing 0 partial-flushes (flushing a total of 0 entities and 0 collections)
}
&amp#27;[2m2025-05-11T11:17:44.927-03:00&amp#27;[0;39m &amp#27;[33m WARN&amp#27;[0;39m &amp#27;[35m16907&amp#27;[0;39m &amp#27;[2m---&amp#27;[0;39m &amp#27;[2m[           main]&amp#27;[0;39m &amp#27;[2m&amp#27;[0;39m&amp#27;[36mJpaBaseConfiguration$JpaWebConfiguration&amp#27;[0;39m &amp#27;[2m:&amp#27;[0;39m spring.jpa.open-in-view is enabled by default. Therefore, database queries may be performed during view rendering. Explicitly configure spring.jpa.open-in-view to disable this warning
&amp#27;[2m2025-05-11T11:17:44.991-03:00&amp#27;[0;39m &amp#27;[32m INFO&amp#27;[0;39m &amp#27;[35m16907&amp#27;[0;39m &amp#27;[2m---&amp#27;[0;39m &amp#27;[2m[           main]&amp#27;[0;39m &amp#27;[2m&amp#27;[0;39m&amp#27;[36mi.StatisticalLoggingSessionEventListener&amp#27;[0;39m &amp#27;[2m:&amp#27;[0;39m Session Metrics {
    0 nanoseconds spent acquiring 0 JDBC connections;
    0 nanoseconds spent releasing 0 JDBC connections;
    0 nanoseconds spent preparing 0 JDBC statements;
    0 nanoseconds spent executing 0 JDBC statements;
    0 nanoseconds spent executing 0 JDBC batches;
    0 nanoseconds spent performing 0 L2C puts;
    0 nanoseconds spent performing 0 L2C hits;
    0 nanoseconds spent performing 0 L2C misses;
    0 nanoseconds spent executing 0 flushes (flushing a total of 0 entities and 0 collections);
    0 nanoseconds spent executing 0 partial-flushes (flushing a total of 0 entities and 0 collections)
}
&amp#27;[2m2025-05-11T11:17:44.992-03:00&amp#27;[0;39m &amp#27;[32m INFO&amp#27;[0;39m &amp#27;[35m16907&amp#27;[0;39m &amp#27;[2m---&amp#27;[0;39m &amp#27;[2m[           main]&amp#27;[0;39m &amp#27;[2m&amp#27;[0;39m&amp#27;[36mi.StatisticalLoggingSessionEventListener&amp#27;[0;39m &amp#27;[2m:&amp#27;[0;39m Session Metrics {
    0 nanoseconds spent acquiring 0 JDBC connections;
    0 nanoseconds spent releasing 0 JDBC connections;
    0 nanoseconds spent preparing 0 JDBC statements;
    0 nanoseconds spent executing 0 JDBC statements;
    0 nanoseconds spent executing 0 JDBC batches;
    0 nanoseconds spent performing 0 L2C puts;
    0 nanoseconds spent performing 0 L2C hits;
    0 nanoseconds spent performing 0 L2C misses;
    0 nanoseconds spent executing 0 flushes (flushing a total of 0 entities and 0 collections);
    0 nanoseconds spent executing 0 partial-flushes (flushing a total of 0 entities and 0 collections)
}
&amp#27;[2m2025-05-11T11:17:45.003-03:00&amp#27;[0;39m &amp#27;[32m INFO&amp#27;[0;39m &amp#27;[35m16907&amp#27;[0;39m &amp#27;[2m---&amp#27;[0;39m &amp#27;[2m[           main]&amp#27;[0;39m &amp#27;[2m&amp#27;[0;39m&amp#27;[36mi.StatisticalLoggingSessionEventListener&amp#27;[0;39m &amp#27;[2m:&amp#27;[0;39m Session Metrics {
    0 nanoseconds spent acquiring 0 JDBC connections;
    0 nanoseconds spent releasing 0 JDBC connections;
    0 nanoseconds spent preparing 0 JDBC statements;
    0 nanoseconds spent executing 0 JDBC statements;
    0 nanoseconds spent executing 0 JDBC batches;
    0 nanoseconds spent performing 0 L2C puts;
    0 nanoseconds spent performing 0 L2C hits;
    0 nanoseconds spent performing 0 L2C misses;
    0 nanoseconds spent executing 0 flushes (flushing a total of 0 entities and 0 collections);
    0 nanoseconds spent executing 0 partial-flushes (flushing a total of 0 entities and 0 collections)
}
&amp#27;[2m2025-05-11T11:17:45.003-03:00&amp#27;[0;39m &amp#27;[32m INFO&amp#27;[0;39m &amp#27;[35m16907&amp#27;[0;39m &amp#27;[2m---&amp#27;[0;39m &amp#27;[2m[           main]&amp#27;[0;39m &amp#27;[2m&amp#27;[0;39m&amp#27;[36mi.StatisticalLoggingSessionEventListener&amp#27;[0;39m &amp#27;[2m:&amp#27;[0;39m Session Metrics {
    0 nanoseconds spent acquiring 0 JDBC connections;
    0 nanoseconds spent releasing 0 JDBC connections;
    0 nanoseconds spent preparing 0 JDBC statements;
    0 nanoseconds spent executing 0 JDBC statements;
    0 nanoseconds spent executing 0 JDBC batches;
    0 nanoseconds spent performing 0 L2C puts;
    0 nanoseconds spent performing 0 L2C hits;
    0 nanoseconds spent performing 0 L2C misses;
    0 nanoseconds spent executing 0 flushes (flushing a total of 0 entities and 0 collections);
    0 nanoseconds spent executing 0 partial-flushes (flushing a total of 0 entities and 0 collections)
}
&amp#27;[2m2025-05-11T11:17:45.004-03:00&amp#27;[0;39m &amp#27;[32m INFO&amp#27;[0;39m &amp#27;[35m16907&amp#27;[0;39m &amp#27;[2m---&amp#27;[0;39m &amp#27;[2m[           main]&amp#27;[0;39m &amp#27;[2m&amp#27;[0;39m&amp#27;[36mi.StatisticalLoggingSessionEventListener&amp#27;[0;39m &amp#27;[2m:&amp#27;[0;39m Session Metrics {
    0 nanoseconds spent acquiring 0 JDBC connections;
    0 nanoseconds spent releasing 0 JDBC connections;
    0 nanoseconds spent preparing 0 JDBC statements;
    0 nanoseconds spent executing 0 JDBC statements;
    0 nanoseconds spent executing 0 JDBC batches;
    0 nanoseconds spent performing 0 L2C puts;
    0 nanoseconds spent performing 0 L2C hits;
    0 nanoseconds spent performing 0 L2C misses;
    0 nanoseconds spent executing 0 flushes (flushing a total of 0 entities and 0 collections);
    0 nanoseconds spent executing 0 partial-flushes (flushing a total of 0 entities and 0 collections)
}
&amp#27;[2m2025-05-11T11:17:45.004-03:00&amp#27;[0;39m &amp#27;[32m INFO&amp#27;[0;39m &amp#27;[35m16907&amp#27;[0;39m &amp#27;[2m---&amp#27;[0;39m &amp#27;[2m[           main]&amp#27;[0;39m &amp#27;[2m&amp#27;[0;39m&amp#27;[36mi.StatisticalLoggingSessionEventListener&amp#27;[0;39m &amp#27;[2m:&amp#27;[0;39m Session Metrics {
    0 nanoseconds spent acquiring 0 JDBC connections;
    0 nanoseconds spent releasing 0 JDBC connections;
    0 nanoseconds spent preparing 0 JDBC statements;
    0 nanoseconds spent executing 0 JDBC statements;
    0 nanoseconds spent executing 0 JDBC batches;
    0 nanoseconds spent performing 0 L2C puts;
    0 nanoseconds spent performing 0 L2C hits;
    0 nanoseconds spent performing 0 L2C misses;
    0 nanoseconds spent executing 0 flushes (flushing a total of 0 entities and 0 collections);
    0 nanoseconds spent executing 0 partial-flushes (flushing a total of 0 entities and 0 collections)
}
&amp#27;[2m2025-05-11T11:17:45.005-03:00&amp#27;[0;39m &amp#27;[32m INFO&amp#27;[0;39m &amp#27;[35m16907&amp#27;[0;39m &amp#27;[2m---&amp#27;[0;39m &amp#27;[2m[           main]&amp#27;[0;39m &amp#27;[2m&amp#27;[0;39m&amp#27;[36mi.StatisticalLoggingSessionEventListener&amp#27;[0;39m &amp#27;[2m:&amp#27;[0;39m Session Metrics {
    0 nanoseconds spent acquiring 0 JDBC connections;
    0 nanoseconds spent releasing 0 JDBC connections;
    0 nanoseconds spent preparing 0 JDBC statements;
    0 nanoseconds spent executing 0 JDBC statements;
    0 nanoseconds spent executing 0 JDBC batches;
    0 nanoseconds spent performing 0 L2C puts;
    0 nanoseconds spent performing 0 L2C hits;
    0 nanoseconds spent performing 0 L2C misses;
    0 nanoseconds spent executing 0 flushes (flushing a total of 0 entities and 0 collections);
    0 nanoseconds spent executing 0 partial-flushes (flushing a total of 0 entities and 0 collections)
}
&amp#27;[2m2025-05-11T11:17:45.006-03:00&amp#27;[0;39m &amp#27;[32m INFO&amp#27;[0;39m &amp#27;[35m16907&amp#27;[0;39m &amp#27;[2m---&amp#27;[0;39m &amp#27;[2m[           main]&amp#27;[0;39m &amp#27;[2m&amp#27;[0;39m&amp#27;[36mi.StatisticalLoggingSessionEventListener&amp#27;[0;39m &amp#27;[2m:&amp#27;[0;39m Session Metrics {
    0 nanoseconds spent acquiring 0 JDBC connections;
    0 nanoseconds spent releasing 0 JDBC connections;
    0 nanoseconds spent preparing 0 JDBC statements;
    0 nanoseconds spent executing 0 JDBC statements;
    0 nanoseconds spent executing 0 JDBC batches;
    0 nanoseconds spent performing 0 L2C puts;
    0 nanoseconds spent performing 0 L2C hits;
    0 nanoseconds spent performing 0 L2C misses;
    0 nanoseconds spent executing 0 flushes (flushing a total of 0 entities and 0 collections);
    0 nanoseconds spent executing 0 partial-flushes (flushing a total of 0 entities and 0 collections)
}
&amp#27;[2m2025-05-11T11:17:45.007-03:00&amp#27;[0;39m &amp#27;[32m INFO&amp#27;[0;39m &amp#27;[35m16907&amp#27;[0;39m &amp#27;[2m---&amp#27;[0;39m &amp#27;[2m[           main]&amp#27;[0;39m &amp#27;[2m&amp#27;[0;39m&amp#27;[36mi.StatisticalLoggingSessionEventListener&amp#27;[0;39m &amp#27;[2m:&amp#27;[0;39m Session Metrics {
    0 nanoseconds spent acquiring 0 JDBC connections;
    0 nanoseconds spent releasing 0 JDBC connections;
    0 nanoseconds spent preparing 0 JDBC statements;
    0 nanoseconds spent executing 0 JDBC statements;
    0 nanoseconds spent executing 0 JDBC batches;
    0 nanoseconds spent performing 0 L2C puts;
    0 nanoseconds spent performing 0 L2C hits;
    0 nanoseconds spent performing 0 L2C misses;
    0 nanoseconds spent executing 0 flushes (flushing a total of 0 entities and 0 collections);
    0 nanoseconds spent executing 0 partial-flushes (flushing a total of 0 entities and 0 collections)
}
&amp#27;[2m2025-05-11T11:17:45.008-03:00&amp#27;[0;39m &amp#27;[32m INFO&amp#27;[0;39m &amp#27;[35m16907&amp#27;[0;39m &amp#27;[2m---&amp#27;[0;39m &amp#27;[2m[           main]&amp#27;[0;39m &amp#27;[2m&amp#27;[0;39m&amp#27;[36mi.StatisticalLoggingSessionEventListener&amp#27;[0;39m &amp#27;[2m:&amp#27;[0;39m Session Metrics {
    0 nanoseconds spent acquiring 0 JDBC connections;
    0 nanoseconds spent releasing 0 JDBC connections;
    0 nanoseconds spent preparing 0 JDBC statements;
    0 nanoseconds spent executing 0 JDBC statements;
    0 nanoseconds spent executing 0 JDBC batches;
    0 nanoseconds spent performing 0 L2C puts;
    0 nanoseconds spent performing 0 L2C hits;
    0 nanoseconds spent performing 0 L2C misses;
    0 nanoseconds spent executing 0 flushes (flushing a total of 0 entities and 0 collections);
    0 nanoseconds spent executing 0 partial-flushes (flushing a total of 0 entities and 0 collections)
}
&amp#27;[2m2025-05-11T11:17:45.008-03:00&amp#27;[0;39m &amp#27;[32m INFO&amp#27;[0;39m &amp#27;[35m16907&amp#27;[0;39m &amp#27;[2m---&amp#27;[0;39m &amp#27;[2m[           main]&amp#27;[0;39m &amp#27;[2m&amp#27;[0;39m&amp#27;[36mi.StatisticalLoggingSessionEventListener&amp#27;[0;39m &amp#27;[2m:&amp#27;[0;39m Session Metrics {
    0 nanoseconds spent acquiring 0 JDBC connections;
    0 nanoseconds spent releasing 0 JDBC connections;
    0 nanoseconds spent preparing 0 JDBC statements;
    0 nanoseconds spent executing 0 JDBC statements;
    0 nanoseconds spent executing 0 JDBC batches;
    0 nanoseconds spent performing 0 L2C puts;
    0 nanoseconds spent performing 0 L2C hits;
    0 nanoseconds spent performing 0 L2C misses;
    0 nanoseconds spent executing 0 flushes (flushing a total of 0 entities and 0 collections);
    0 nanoseconds spent executing 0 partial-flushes (flushing a total of 0 entities and 0 collections)
}
&amp#27;[2m2025-05-11T11:17:45.008-03:00&amp#27;[0;39m &amp#27;[32m INFO&amp#27;[0;39m &amp#27;[35m16907&amp#27;[0;39m &amp#27;[2m---&amp#27;[0;39m &amp#27;[2m[           main]&amp#27;[0;39m &amp#27;[2m&amp#27;[0;39m&amp#27;[36mi.StatisticalLoggingSessionEventListener&amp#27;[0;39m &amp#27;[2m:&amp#27;[0;39m Session Metrics {
    0 nanoseconds spent acquiring 0 JDBC connections;
    0 nanoseconds spent releasing 0 JDBC connections;
    0 nanoseconds spent preparing 0 JDBC statements;
    0 nanoseconds spent executing 0 JDBC statements;
    0 nanoseconds spent executing 0 JDBC batches;
    0 nanoseconds spent performing 0 L2C puts;
    0 nanoseconds spent performing 0 L2C hits;
    0 nanoseconds spent performing 0 L2C misses;
    0 nanoseconds spent executing 0 flushes (flushing a total of 0 entities and 0 collections);
    0 nanoseconds spent executing 0 partial-flushes (flushing a total of 0 entities and 0 collections)
}
&amp#27;[2m2025-05-11T11:17:45.008-03:00&amp#27;[0;39m &amp#27;[32m INFO&amp#27;[0;39m &amp#27;[35m16907&amp#27;[0;39m &amp#27;[2m---&amp#27;[0;39m &amp#27;[2m[           main]&amp#27;[0;39m &amp#27;[2m&amp#27;[0;39m&amp#27;[36mi.StatisticalLoggingSessionEventListener&amp#27;[0;39m &amp#27;[2m:&amp#27;[0;39m Session Metrics {
    0 nanoseconds spent acquiring 0 JDBC connections;
    0 nanoseconds spent releasing 0 JDBC connections;
    0 nanoseconds spent preparing 0 JDBC statements;
    0 nanoseconds spent executing 0 JDBC statements;
    0 nanoseconds spent executing 0 JDBC batches;
    0 nanoseconds spent performing 0 L2C puts;
    0 nanoseconds spent performing 0 L2C hits;
    0 nanoseconds spent performing 0 L2C misses;
    0 nanoseconds spent executing 0 flushes (flushing a total of 0 entities and 0 collections);
    0 nanoseconds spent executing 0 partial-flushes (flushing a total of 0 entities and 0 collections)
}
&amp#27;[2m2025-05-11T11:17:45.010-03:00&amp#27;[0;39m &amp#27;[32m INFO&amp#27;[0;39m &amp#27;[35m16907&amp#27;[0;39m &amp#27;[2m---&amp#27;[0;39m &amp#27;[2m[           main]&amp#27;[0;39m &amp#27;[2m&amp#27;[0;39m&amp#27;[36mi.StatisticalLoggingSessionEventListener&amp#27;[0;39m &amp#27;[2m:&amp#27;[0;39m Session Metrics {
    0 nanoseconds spent acquiring 0 JDBC connections;
    0 nanoseconds spent releasing 0 JDBC connections;
    0 nanoseconds spent preparing 0 JDBC statements;
    0 nanoseconds spent executing 0 JDBC statements;
    0 nanoseconds spent executing 0 JDBC batches;
    0 nanoseconds spent performing 0 L2C puts;
    0 nanoseconds spent performing 0 L2C hits;
    0 nanoseconds spent performing 0 L2C misses;
    0 nanoseconds spent executing 0 flushes (flushing a total of 0 entities and 0 collections);
    0 nanoseconds spent executing 0 partial-flushes (flushing a total of 0 entities and 0 collections)
}
&amp#27;[2m2025-05-11T11:17:45.010-03:00&amp#27;[0;39m &amp#27;[32m INFO&amp#27;[0;39m &amp#27;[35m16907&amp#27;[0;39m &amp#27;[2m---&amp#27;[0;39m &amp#27;[2m[           main]&amp#27;[0;39m &amp#27;[2m&amp#27;[0;39m&amp#27;[36mi.StatisticalLoggingSessionEventListener&amp#27;[0;39m &amp#27;[2m:&amp#27;[0;39m Session Metrics {
    0 nanoseconds spent acquiring 0 JDBC connections;
    0 nanoseconds spent releasing 0 JDBC connections;
    0 nanoseconds spent preparing 0 JDBC statements;
    0 nanoseconds spent executing 0 JDBC statements;
    0 nanoseconds spent executing 0 JDBC batches;
    0 nanoseconds spent performing 0 L2C puts;
    0 nanoseconds spent performing 0 L2C hits;
    0 nanoseconds spent performing 0 L2C misses;
    0 nanoseconds spent executing 0 flushes (flushing a total of 0 entities and 0 collections);
    0 nanoseconds spent executing 0 partial-flushes (flushing a total of 0 entities and 0 collections)
}
&amp#27;[2m2025-05-11T11:17:45.010-03:00&amp#27;[0;39m &amp#27;[32m INFO&amp#27;[0;39m &amp#27;[35m16907&amp#27;[0;39m &amp#27;[2m---&amp#27;[0;39m &amp#27;[2m[           main]&amp#27;[0;39m &amp#27;[2m&amp#27;[0;39m&amp#27;[36mi.StatisticalLoggingSessionEventListener&amp#27;[0;39m &amp#27;[2m:&amp#27;[0;39m Session Metrics {
    0 nanoseconds spent acquiring 0 JDBC connections;
    0 nanoseconds spent releasing 0 JDBC connections;
    0 nanoseconds spent preparing 0 JDBC statements;
    0 nanoseconds spent executing 0 JDBC statements;
    0 nanoseconds spent executing 0 JDBC batches;
    0 nanoseconds spent performing 0 L2C puts;
    0 nanoseconds spent performing 0 L2C hits;
    0 nanoseconds spent performing 0 L2C misses;
    0 nanoseconds spent executing 0 flushes (flushing a total of 0 entities and 0 collections);
    0 nanoseconds spent executing 0 partial-flushes (flushing a total of 0 entities and 0 collections)
}
&amp#27;[2m2025-05-11T11:17:45.011-03:00&amp#27;[0;39m &amp#27;[32m INFO&amp#27;[0;39m &amp#27;[35m16907&amp#27;[0;39m &amp#27;[2m---&amp#27;[0;39m &amp#27;[2m[           main]&amp#27;[0;39m &amp#27;[2m&amp#27;[0;39m&amp#27;[36mi.StatisticalLoggingSessionEventListener&amp#27;[0;39m &amp#27;[2m:&amp#27;[0;39m Session Metrics {
    0 nanoseconds spent acquiring 0 JDBC connections;
    0 nanoseconds spent releasing 0 JDBC connections;
    0 nanoseconds spent preparing 0 JDBC statements;
    0 nanoseconds spent executing 0 JDBC statements;
    0 nanoseconds spent executing 0 JDBC batches;
    0 nanoseconds spent performing 0 L2C puts;
    0 nanoseconds spent performing 0 L2C hits;
    0 nanoseconds spent performing 0 L2C misses;
    0 nanoseconds spent executing 0 flushes (flushing a total of 0 entities and 0 collections);
    0 nanoseconds spent executing 0 partial-flushes (flushing a total of 0 entities and 0 collections)
}
&amp#27;[2m2025-05-11T11:17:45.011-03:00&amp#27;[0;39m &amp#27;[32m INFO&amp#27;[0;39m &amp#27;[35m16907&amp#27;[0;39m &amp#27;[2m---&amp#27;[0;39m &amp#27;[2m[           main]&amp#27;[0;39m &amp#27;[2m&amp#27;[0;39m&amp#27;[36mi.StatisticalLoggingSessionEventListener&amp#27;[0;39m &amp#27;[2m:&amp#27;[0;39m Session Metrics {
    0 nanoseconds spent acquiring 0 JDBC connections;
    0 nanoseconds spent releasing 0 JDBC connections;
    0 nanoseconds spent preparing 0 JDBC statements;
    0 nanoseconds spent executing 0 JDBC statements;
    0 nanoseconds spent executing 0 JDBC batches;
    0 nanoseconds spent performing 0 L2C puts;
    0 nanoseconds spent performing 0 L2C hits;
    0 nanoseconds spent performing 0 L2C misses;
    0 nanoseconds spent executing 0 flushes (flushing a total of 0 entities and 0 collections);
    0 nanoseconds spent executing 0 partial-flushes (flushing a total of 0 entities and 0 collections)
}
&amp#27;[2m2025-05-11T11:17:45.012-03:00&amp#27;[0;39m &amp#27;[32m INFO&amp#27;[0;39m &amp#27;[35m16907&amp#27;[0;39m &amp#27;[2m---&amp#27;[0;39m &amp#27;[2m[           main]&amp#27;[0;39m &amp#27;[2m&amp#27;[0;39m&amp#27;[36mi.StatisticalLoggingSessionEventListener&amp#27;[0;39m &amp#27;[2m:&amp#27;[0;39m Session Metrics {
    0 nanoseconds spent acquiring 0 JDBC connections;
    0 nanoseconds spent releasing 0 JDBC connections;
    0 nanoseconds spent preparing 0 JDBC statements;
    0 nanoseconds spent executing 0 JDBC statements;
    0 nanoseconds spent executing 0 JDBC batches;
    0 nanoseconds spent performing 0 L2C puts;
    0 nanoseconds spent performing 0 L2C hits;
    0 nanoseconds spent performing 0 L2C misses;
    0 nanoseconds spent executing 0 flushes (flushing a total of 0 entities and 0 collections);
    0 nanoseconds spent executing 0 partial-flushes (flushing a total of 0 entities and 0 collections)
}
&amp#27;[2m2025-05-11T11:17:45.041-03:00&amp#27;[0;39m &amp#27;[32m INFO&amp#27;[0;39m &amp#27;[35m16907&amp#27;[0;39m &amp#27;[2m---&amp#27;[0;39m &amp#27;[2m[           main]&amp#27;[0;39m &amp#27;[2m&amp#27;[0;39m&amp#27;[36mi.StatisticalLoggingSessionEventListener&amp#27;[0;39m &amp#27;[2m:&amp#27;[0;39m Session Metrics {
    0 nanoseconds spent acquiring 0 JDBC connections;
    0 nanoseconds spent releasing 0 JDBC connections;
    0 nanoseconds spent preparing 0 JDBC statements;
    0 nanoseconds spent executing 0 JDBC statements;
    0 nanoseconds spent executing 0 JDBC batches;
    0 nanoseconds spent performing 0 L2C puts;
    0 nanoseconds spent performing 0 L2C hits;
    0 nanoseconds spent performing 0 L2C misses;
    0 nanoseconds spent executing 0 flushes (flushing a total of 0 entities and 0 collections);
    0 nanoseconds spent executing 0 partial-flushes (flushing a total of 0 entities and 0 collections)
}
&amp#27;[2m2025-05-11T11:17:45.042-03:00&amp#27;[0;39m &amp#27;[32m INFO&amp#27;[0;39m &amp#27;[35m16907&amp#27;[0;39m &amp#27;[2m---&amp#27;[0;39m &amp#27;[2m[           main]&amp#27;[0;39m &amp#27;[2m&amp#27;[0;39m&amp#27;[36mi.StatisticalLoggingSessionEventListener&amp#27;[0;39m &amp#27;[2m:&amp#27;[0;39m Session Metrics {
    0 nanoseconds spent acquiring 0 JDBC connections;
    0 nanoseconds spent releasing 0 JDBC connections;
    0 nanoseconds spent preparing 0 JDBC statements;
    0 nanoseconds spent executing 0 JDBC statements;
    0 nanoseconds spent executing 0 JDBC batches;
    0 nanoseconds spent performing 0 L2C puts;
    0 nanoseconds spent performing 0 L2C hits;
    0 nanoseconds spent performing 0 L2C misses;
    0 nanoseconds spent executing 0 flushes (flushing a total of 0 entities and 0 collections);
    0 nanoseconds spent executing 0 partial-flushes (flushing a total of 0 entities and 0 collections)
}
&amp#27;[2m2025-05-11T11:17:45.050-03:00&amp#27;[0;39m &amp#27;[32m INFO&amp#27;[0;39m &amp#27;[35m16907&amp#27;[0;39m &amp#27;[2m---&amp#27;[0;39m &amp#27;[2m[           main]&amp#27;[0;39m &amp#27;[2m&amp#27;[0;39m&amp#27;[36mi.StatisticalLoggingSessionEventListener&amp#27;[0;39m &amp#27;[2m:&amp#27;[0;39m Session Metrics {
    0 nanoseconds spent acquiring 0 JDBC connections;
    0 nanoseconds spent releasing 0 JDBC connections;
    0 nanoseconds spent preparing 0 JDBC statements;
    0 nanoseconds spent executing 0 JDBC statements;
    0 nanoseconds spent executing 0 JDBC batches;
    0 nanoseconds spent performing 0 L2C puts;
    0 nanoseconds spent performing 0 L2C hits;
    0 nanoseconds spent performing 0 L2C misses;
    0 nanoseconds spent executing 0 flushes (flushing a total of 0 entities and 0 collections);
    0 nanoseconds spent executing 0 partial-flushes (flushing a total of 0 entities and 0 collections)
}
&amp#27;[2m2025-05-11T11:17:45.050-03:00&amp#27;[0;39m &amp#27;[32m INFO&amp#27;[0;39m &amp#27;[35m16907&amp#27;[0;39m &amp#27;[2m---&amp#27;[0;39m &amp#27;[2m[           main]&amp#27;[0;39m &amp#27;[2m&amp#27;[0;39m&amp#27;[36mi.StatisticalLoggingSessionEventListener&amp#27;[0;39m &amp#27;[2m:&amp#27;[0;39m Session Metrics {
    0 nanoseconds spent acquiring 0 JDBC connections;
    0 nanoseconds spent releasing 0 JDBC connections;
    0 nanoseconds spent preparing 0 JDBC statements;
    0 nanoseconds spent executing 0 JDBC statements;
    0 nanoseconds spent executing 0 JDBC batches;
    0 nanoseconds spent performing 0 L2C puts;
    0 nanoseconds spent performing 0 L2C hits;
    0 nanoseconds spent performing 0 L2C misses;
    0 nanoseconds spent executing 0 flushes (flushing a total of 0 entities and 0 collections);
    0 nanoseconds spent executing 0 partial-flushes (flushing a total of 0 entities and 0 collections)
}
&amp#27;[2m2025-05-11T11:17:45.050-03:00&amp#27;[0;39m &amp#27;[32m INFO&amp#27;[0;39m &amp#27;[35m16907&amp#27;[0;39m &amp#27;[2m---&amp#27;[0;39m &amp#27;[2m[           main]&amp#27;[0;39m &amp#27;[2m&amp#27;[0;39m&amp#27;[36mi.StatisticalLoggingSessionEventListener&amp#27;[0;39m &amp#27;[2m:&amp#27;[0;39m Session Metrics {
    0 nanoseconds spent acquiring 0 JDBC connections;
    0 nanoseconds spent releasing 0 JDBC connections;
    0 nanoseconds spent preparing 0 JDBC statements;
    0 nanoseconds spent executing 0 JDBC statements;
    0 nanoseconds spent executing 0 JDBC batches;
    0 nanoseconds spent performing 0 L2C puts;
    0 nanoseconds spent performing 0 L2C hits;
    0 nanoseconds spent performing 0 L2C misses;
    0 nanoseconds spent executing 0 flushes (flushing a total of 0 entities and 0 collections);
    0 nanoseconds spent executing 0 partial-flushes (flushing a total of 0 entities and 0 collections)
}
&amp#27;[2m2025-05-11T11:17:45.050-03:00&amp#27;[0;39m &amp#27;[32m INFO&amp#27;[0;39m &amp#27;[35m16907&amp#27;[0;39m &amp#27;[2m---&amp#27;[0;39m &amp#27;[2m[           main]&amp#27;[0;39m &amp#27;[2m&amp#27;[0;39m&amp#27;[36mi.StatisticalLoggingSessionEventListener&amp#27;[0;39m &amp#27;[2m:&amp#27;[0;39m Session Metrics {
    0 nanoseconds spent acquiring 0 JDBC connections;
    0 nanoseconds spent releasing 0 JDBC connections;
    0 nanoseconds spent preparing 0 JDBC statements;
    0 nanoseconds spent executing 0 JDBC statements;
    0 nanoseconds spent executing 0 JDBC batches;
    0 nanoseconds spent performing 0 L2C puts;
    0 nanoseconds spent performing 0 L2C hits;
    0 nanoseconds spent performing 0 L2C misses;
    0 nanoseconds spent executing 0 flushes (flushing a total of 0 entities and 0 collections);
    0 nanoseconds spent executing 0 partial-flushes (flushing a total of 0 entities and 0 collections)
}
&amp#27;[2m2025-05-11T11:17:45.051-03:00&amp#27;[0;39m &amp#27;[32m INFO&amp#27;[0;39m &amp#27;[35m16907&amp#27;[0;39m &amp#27;[2m---&amp#27;[0;39m &amp#27;[2m[           main]&amp#27;[0;39m &amp#27;[2m&amp#27;[0;39m&amp#27;[36mi.StatisticalLoggingSessionEventListener&amp#27;[0;39m &amp#27;[2m:&amp#27;[0;39m Session Metrics {
    0 nanoseconds spent acquiring 0 JDBC connections;
    0 nanoseconds spent releasing 0 JDBC connections;
    0 nanoseconds spent preparing 0 JDBC statements;
    0 nanoseconds spent executing 0 JDBC statements;
    0 nanoseconds spent executing 0 JDBC batches;
    0 nanoseconds spent performing 0 L2C puts;
    0 nanoseconds spent performing 0 L2C hits;
    0 nanoseconds spent performing 0 L2C misses;
    0 nanoseconds spent executing 0 flushes (flushing a total of 0 entities and 0 collections);
    0 nanoseconds spent executing 0 partial-flushes (flushing a total of 0 entities and 0 collections)
}
&amp#27;[2m2025-05-11T11:17:45.051-03:00&amp#27;[0;39m &amp#27;[32m INFO&amp#27;[0;39m &amp#27;[35m16907&amp#27;[0;39m &amp#27;[2m---&amp#27;[0;39m &amp#27;[2m[           main]&amp#27;[0;39m &amp#27;[2m&amp#27;[0;39m&amp#27;[36mi.StatisticalLoggingSessionEventListener&amp#27;[0;39m &amp#27;[2m:&amp#27;[0;39m Session Metrics {
    0 nanoseconds spent acquiring 0 JDBC connections;
    0 nanoseconds spent releasing 0 JDBC connections;
    0 nanoseconds spent preparing 0 JDBC statements;
    0 nanoseconds spent executing 0 JDBC statements;
    0 nanoseconds spent executing 0 JDBC batches;
    0 nanoseconds spent performing 0 L2C puts;
    0 nanoseconds spent performing 0 L2C hits;
    0 nanoseconds spent performing 0 L2C misses;
    0 nanoseconds spent executing 0 flushes (flushing a total of 0 entities and 0 collections);
    0 nanoseconds spent executing 0 partial-flushes (flushing a total of 0 entities and 0 collections)
}
&amp#27;[2m2025-05-11T11:17:45.051-03:00&amp#27;[0;39m &amp#27;[32m INFO&amp#27;[0;39m &amp#27;[35m16907&amp#27;[0;39m &amp#27;[2m---&amp#27;[0;39m &amp#27;[2m[           main]&amp#27;[0;39m &amp#27;[2m&amp#27;[0;39m&amp#27;[36mi.StatisticalLoggingSessionEventListener&amp#27;[0;39m &amp#27;[2m:&amp#27;[0;39m Session Metrics {
    0 nanoseconds spent acquiring 0 JDBC connections;
    0 nanoseconds spent releasing 0 JDBC connections;
    0 nanoseconds spent preparing 0 JDBC statements;
    0 nanoseconds spent executing 0 JDBC statements;
    0 nanoseconds spent executing 0 JDBC batches;
    0 nanoseconds spent performing 0 L2C puts;
    0 nanoseconds spent performing 0 L2C hits;
    0 nanoseconds spent performing 0 L2C misses;
    0 nanoseconds spent executing 0 flushes (flushing a total of 0 entities and 0 collections);
    0 nanoseconds spent executing 0 partial-flushes (flushing a total of 0 entities and 0 collections)
}
&amp#27;[2m2025-05-11T11:17:45.052-03:00&amp#27;[0;39m &amp#27;[32m INFO&amp#27;[0;39m &amp#27;[35m16907&amp#27;[0;39m &amp#27;[2m---&amp#27;[0;39m &amp#27;[2m[           main]&amp#27;[0;39m &amp#27;[2m&amp#27;[0;39m&amp#27;[36mi.StatisticalLoggingSessionEventListener&amp#27;[0;39m &amp#27;[2m:&amp#27;[0;39m Session Metrics {
    0 nanoseconds spent acquiring 0 JDBC connections;
    0 nanoseconds spent releasing 0 JDBC connections;
    0 nanoseconds spent preparing 0 JDBC statements;
    0 nanoseconds spent executing 0 JDBC statements;
    0 nanoseconds spent executing 0 JDBC batches;
    0 nanoseconds spent performing 0 L2C puts;
    0 nanoseconds spent performing 0 L2C hits;
    0 nanoseconds spent performing 0 L2C misses;
    0 nanoseconds spent executing 0 flushes (flushing a total of 0 entities and 0 collections);
    0 nanoseconds spent executing 0 partial-flushes (flushing a total of 0 entities and 0 collections)
}
&amp#27;[2m2025-05-11T11:17:45.052-03:00&amp#27;[0;39m &amp#27;[32m INFO&amp#27;[0;39m &amp#27;[35m16907&amp#27;[0;39m &amp#27;[2m---&amp#27;[0;39m &amp#27;[2m[           main]&amp#27;[0;39m &amp#27;[2m&amp#27;[0;39m&amp#27;[36mi.StatisticalLoggingSessionEventListener&amp#27;[0;39m &amp#27;[2m:&amp#27;[0;39m Session Metrics {
    0 nanoseconds spent acquiring 0 JDBC connections;
    0 nanoseconds spent releasing 0 JDBC connections;
    0 nanoseconds spent preparing 0 JDBC statements;
    0 nanoseconds spent executing 0 JDBC statements;
    0 nanoseconds spent executing 0 JDBC batches;
    0 nanoseconds spent performing 0 L2C puts;
    0 nanoseconds spent performing 0 L2C hits;
    0 nanoseconds spent performing 0 L2C misses;
    0 nanoseconds spent executing 0 flushes (flushing a total of 0 entities and 0 collections);
    0 nanoseconds spent executing 0 partial-flushes (flushing a total of 0 entities and 0 collections)
}
&amp#27;[2m2025-05-11T11:17:45.052-03:00&amp#27;[0;39m &amp#27;[32m INFO&amp#27;[0;39m &amp#27;[35m16907&amp#27;[0;39m &amp#27;[2m---&amp#27;[0;39m &amp#27;[2m[           main]&amp#27;[0;39m &amp#27;[2m&amp#27;[0;39m&amp#27;[36mi.StatisticalLoggingSessionEventListener&amp#27;[0;39m &amp#27;[2m:&amp#27;[0;39m Session Metrics {
    0 nanoseconds spent acquiring 0 JDBC connections;
    0 nanoseconds spent releasing 0 JDBC connections;
    0 nanoseconds spent preparing 0 JDBC statements;
    0 nanoseconds spent executing 0 JDBC statements;
    0 nanoseconds spent executing 0 JDBC batches;
    0 nanoseconds spent performing 0 L2C puts;
    0 nanoseconds spent performing 0 L2C hits;
    0 nanoseconds spent performing 0 L2C misses;
    0 nanoseconds spent executing 0 flushes (flushing a total of 0 entities and 0 collections);
    0 nanoseconds spent executing 0 partial-flushes (flushing a total of 0 entities and 0 collections)
}
&amp#27;[2m2025-05-11T11:17:45.053-03:00&amp#27;[0;39m &amp#27;[32m INFO&amp#27;[0;39m &amp#27;[35m16907&amp#27;[0;39m &amp#27;[2m---&amp#27;[0;39m &amp#27;[2m[           main]&amp#27;[0;39m &amp#27;[2m&amp#27;[0;39m&amp#27;[36mi.StatisticalLoggingSessionEventListener&amp#27;[0;39m &amp#27;[2m:&amp#27;[0;39m Session Metrics {
    0 nanoseconds spent acquiring 0 JDBC connections;
    0 nanoseconds spent releasing 0 JDBC connections;
    0 nanoseconds spent preparing 0 JDBC statements;
    0 nanoseconds spent executing 0 JDBC statements;
    0 nanoseconds spent executing 0 JDBC batches;
    0 nanoseconds spent performing 0 L2C puts;
    0 nanoseconds spent performing 0 L2C hits;
    0 nanoseconds spent performing 0 L2C misses;
    0 nanoseconds spent executing 0 flushes (flushing a total of 0 entities and 0 collections);
    0 nanoseconds spent executing 0 partial-flushes (flushing a total of 0 entities and 0 collections)
}
&amp#27;[2m2025-05-11T11:17:45.053-03:00&amp#27;[0;39m &amp#27;[32m INFO&amp#27;[0;39m &amp#27;[35m16907&amp#27;[0;39m &amp#27;[2m---&amp#27;[0;39m &amp#27;[2m[           main]&amp#27;[0;39m &amp#27;[2m&amp#27;[0;39m&amp#27;[36mi.StatisticalLoggingSessionEventListener&amp#27;[0;39m &amp#27;[2m:&amp#27;[0;39m Session Metrics {
    0 nanoseconds spent acquiring 0 JDBC connections;
    0 nanoseconds spent releasing 0 JDBC connections;
    0 nanoseconds spent preparing 0 JDBC statements;
    0 nanoseconds spent executing 0 JDBC statements;
    0 nanoseconds spent executing 0 JDBC batches;
    0 nanoseconds spent performing 0 L2C puts;
    0 nanoseconds spent performing 0 L2C hits;
    0 nanoseconds spent performing 0 L2C misses;
    0 nanoseconds spent executing 0 flushes (flushing a total of 0 entities and 0 collections);
    0 nanoseconds spent executing 0 partial-flushes (flushing a total of 0 entities and 0 collections)
}
&amp#27;[2m2025-05-11T11:17:45.053-03:00&amp#27;[0;39m &amp#27;[32m INFO&amp#27;[0;39m &amp#27;[35m16907&amp#27;[0;39m &amp#27;[2m---&amp#27;[0;39m &amp#27;[2m[           main]&amp#27;[0;39m &amp#27;[2m&amp#27;[0;39m&amp#27;[36mi.StatisticalLoggingSessionEventListener&amp#27;[0;39m &amp#27;[2m:&amp#27;[0;39m Session Metrics {
    0 nanoseconds spent acquiring 0 JDBC connections;
    0 nanoseconds spent releasing 0 JDBC connections;
    0 nanoseconds spent preparing 0 JDBC statements;
    0 nanoseconds spent executing 0 JDBC statements;
    0 nanoseconds spent executing 0 JDBC batches;
    0 nanoseconds spent performing 0 L2C puts;
    0 nanoseconds spent performing 0 L2C hits;
    0 nanoseconds spent performing 0 L2C misses;
    0 nanoseconds spent executing 0 flushes (flushing a total of 0 entities and 0 collections);
    0 nanoseconds spent executing 0 partial-flushes (flushing a total of 0 entities and 0 collections)
}
&amp#27;[2m2025-05-11T11:17:45.053-03:00&amp#27;[0;39m &amp#27;[32m INFO&amp#27;[0;39m &amp#27;[35m16907&amp#27;[0;39m &amp#27;[2m---&amp#27;[0;39m &amp#27;[2m[           main]&amp#27;[0;39m &amp#27;[2m&amp#27;[0;39m&amp#27;[36mi.StatisticalLoggingSessionEventListener&amp#27;[0;39m &amp#27;[2m:&amp#27;[0;39m Session Metrics {
    0 nanoseconds spent acquiring 0 JDBC connections;
    0 nanoseconds spent releasing 0 JDBC connections;
    0 nanoseconds spent preparing 0 JDBC statements;
    0 nanoseconds spent executing 0 JDBC statements;
    0 nanoseconds spent executing 0 JDBC batches;
    0 nanoseconds spent performing 0 L2C puts;
    0 nanoseconds spent performing 0 L2C hits;
    0 nanoseconds spent performing 0 L2C misses;
    0 nanoseconds spent executing 0 flushes (flushing a total of 0 entities and 0 collections);
    0 nanoseconds spent executing 0 partial-flushes (flushing a total of 0 entities and 0 collections)
}
&amp#27;[2m2025-05-11T11:17:45.056-03:00&amp#27;[0;39m &amp#27;[32m INFO&amp#27;[0;39m &amp#27;[35m16907&amp#27;[0;39m &amp#27;[2m---&amp#27;[0;39m &amp#27;[2m[           main]&amp#27;[0;39m &amp#27;[2m&amp#27;[0;39m&amp#27;[36mi.StatisticalLoggingSessionEventListener&amp#27;[0;39m &amp#27;[2m:&amp#27;[0;39m Session Metrics {
    0 nanoseconds spent acquiring 0 JDBC connections;
    0 nanoseconds spent releasing 0 JDBC connections;
    0 nanoseconds spent preparing 0 JDBC statements;
    0 nanoseconds spent executing 0 JDBC statements;
    0 nanoseconds spent executing 0 JDBC batches;
    0 nanoseconds spent performing 0 L2C puts;
    0 nanoseconds spent performing 0 L2C hits;
    0 nanoseconds spent performing 0 L2C misses;
    0 nanoseconds spent executing 0 flushes (flushing a total of 0 entities and 0 collections);
    0 nanoseconds spent executing 0 partial-flushes (flushing a total of 0 entities and 0 collections)
}
&amp#27;[2m2025-05-11T11:17:45.056-03:00&amp#27;[0;39m &amp#27;[32m INFO&amp#27;[0;39m &amp#27;[35m16907&amp#27;[0;39m &amp#27;[2m---&amp#27;[0;39m &amp#27;[2m[           main]&amp#27;[0;39m &amp#27;[2m&amp#27;[0;39m&amp#27;[36mi.StatisticalLoggingSessionEventListener&amp#27;[0;39m &amp#27;[2m:&amp#27;[0;39m Session Metrics {
    0 nanoseconds spent acquiring 0 JDBC connections;
    0 nanoseconds spent releasing 0 JDBC connections;
    0 nanoseconds spent preparing 0 JDBC statements;
    0 nanoseconds spent executing 0 JDBC statements;
    0 nanoseconds spent executing 0 JDBC batches;
    0 nanoseconds spent performing 0 L2C puts;
    0 nanoseconds spent performing 0 L2C hits;
    0 nanoseconds spent performing 0 L2C misses;
    0 nanoseconds spent executing 0 flushes (flushing a total of 0 entities and 0 collections);
    0 nanoseconds spent executing 0 partial-flushes (flushing a total of 0 entities and 0 collections)
}
&amp#27;[2m2025-05-11T11:17:45.059-03:00&amp#27;[0;39m &amp#27;[32m INFO&amp#27;[0;39m &amp#27;[35m16907&amp#27;[0;39m &amp#27;[2m---&amp#27;[0;39m &amp#27;[2m[           main]&amp#27;[0;39m &amp#27;[2m&amp#27;[0;39m&amp#27;[36mi.StatisticalLoggingSessionEventListener&amp#27;[0;39m &amp#27;[2m:&amp#27;[0;39m Session Metrics {
    0 nanoseconds spent acquiring 0 JDBC connections;
    0 nanoseconds spent releasing 0 JDBC connections;
    0 nanoseconds spent preparing 0 JDBC statements;
    0 nanoseconds spent executing 0 JDBC statements;
    0 nanoseconds spent executing 0 JDBC batches;
    0 nanoseconds spent performing 0 L2C puts;
    0 nanoseconds spent performing 0 L2C hits;
    0 nanoseconds spent performing 0 L2C misses;
    0 nanoseconds spent executing 0 flushes (flushing a total of 0 entities and 0 collections);
    0 nanoseconds spent executing 0 partial-flushes (flushing a total of 0 entities and 0 collections)
}
&amp#27;[2m2025-05-11T11:17:45.069-03:00&amp#27;[0;39m &amp#27;[32m INFO&amp#27;[0;39m &amp#27;[35m16907&amp#27;[0;39m &amp#27;[2m---&amp#27;[0;39m &amp#27;[2m[           main]&amp#27;[0;39m &amp#27;[2m&amp#27;[0;39m&amp#27;[36mi.StatisticalLoggingSessionEventListener&amp#27;[0;39m &amp#27;[2m:&amp#27;[0;39m Session Metrics {
    0 nanoseconds spent acquiring 0 JDBC connections;
    0 nanoseconds spent releasing 0 JDBC connections;
    0 nanoseconds spent preparing 0 JDBC statements;
    0 nanoseconds spent executing 0 JDBC statements;
    0 nanoseconds spent executing 0 JDBC batches;
    0 nanoseconds spent performing 0 L2C puts;
    0 nanoseconds spent performing 0 L2C hits;
    0 nanoseconds spent performing 0 L2C misses;
    0 nanoseconds spent executing 0 flushes (flushing a total of 0 entities and 0 collections);
    0 nanoseconds spent executing 0 partial-flushes (flushing a total of 0 entities and 0 collections)
}
&amp#27;[2m2025-05-11T11:17:45.069-03:00&amp#27;[0;39m &amp#27;[32m INFO&amp#27;[0;39m &amp#27;[35m16907&amp#27;[0;39m &amp#27;[2m---&amp#27;[0;39m &amp#27;[2m[           main]&amp#27;[0;39m &amp#27;[2m&amp#27;[0;39m&amp#27;[36mi.StatisticalLoggingSessionEventListener&amp#27;[0;39m &amp#27;[2m:&amp#27;[0;39m Session Metrics {
    0 nanoseconds spent acquiring 0 JDBC connections;
    0 nanoseconds spent releasing 0 JDBC connections;
    0 nanoseconds spent preparing 0 JDBC statements;
    0 nanoseconds spent executing 0 JDBC statements;
    0 nanoseconds spent executing 0 JDBC batches;
    0 nanoseconds spent performing 0 L2C puts;
    0 nanoseconds spent performing 0 L2C hits;
    0 nanoseconds spent performing 0 L2C misses;
    0 nanoseconds spent executing 0 flushes (flushing a total of 0 entities and 0 collections);
    0 nanoseconds spent executing 0 partial-flushes (flushing a total of 0 entities and 0 collections)
}
&amp#27;[2m2025-05-11T11:17:45.076-03:00&amp#27;[0;39m &amp#27;[32m INFO&amp#27;[0;39m &amp#27;[35m16907&amp#27;[0;39m &amp#27;[2m---&amp#27;[0;39m &amp#27;[2m[           main]&amp#27;[0;39m &amp#27;[2m&amp#27;[0;39m&amp#27;[36mi.StatisticalLoggingSessionEventListener&amp#27;[0;39m &amp#27;[2m:&amp#27;[0;39m Session Metrics {
    0 nanoseconds spent acquiring 0 JDBC connections;
    0 nanoseconds spent releasing 0 JDBC connections;
    0 nanoseconds spent preparing 0 JDBC statements;
    0 nanoseconds spent executing 0 JDBC statements;
    0 nanoseconds spent executing 0 JDBC batches;
    0 nanoseconds spent performing 0 L2C puts;
    0 nanoseconds spent performing 0 L2C hits;
    0 nanoseconds spent performing 0 L2C misses;
    0 nanoseconds spent executing 0 flushes (flushing a total of 0 entities and 0 collections);
    0 nanoseconds spent executing 0 partial-flushes (flushing a total of 0 entities and 0 collections)
}
&amp#27;[2m2025-05-11T11:17:45.076-03:00&amp#27;[0;39m &amp#27;[32m INFO&amp#27;[0;39m &amp#27;[35m16907&amp#27;[0;39m &amp#27;[2m---&amp#27;[0;39m &amp#27;[2m[           main]&amp#27;[0;39m &amp#27;[2m&amp#27;[0;39m&amp#27;[36mi.StatisticalLoggingSessionEventListener&amp#27;[0;39m &amp#27;[2m:&amp#27;[0;39m Session Metrics {
    0 nanoseconds spent acquiring 0 JDBC connections;
    0 nanoseconds spent releasing 0 JDBC connections;
    0 nanoseconds spent preparing 0 JDBC statements;
    0 nanoseconds spent executing 0 JDBC statements;
    0 nanoseconds spent executing 0 JDBC batches;
    0 nanoseconds spent performing 0 L2C puts;
    0 nanoseconds spent performing 0 L2C hits;
    0 nanoseconds spent performing 0 L2C misses;
    0 nanoseconds spent executing 0 flushes (flushing a total of 0 entities and 0 collections);
    0 nanoseconds spent executing 0 partial-flushes (flushing a total of 0 entities and 0 collections)
}
&amp#27;[2m2025-05-11T11:17:45.077-03:00&amp#27;[0;39m &amp#27;[32m INFO&amp#27;[0;39m &amp#27;[35m16907&amp#27;[0;39m &amp#27;[2m---&amp#27;[0;39m &amp#27;[2m[           main]&amp#27;[0;39m &amp#27;[2m&amp#27;[0;39m&amp#27;[36mi.StatisticalLoggingSessionEventListener&amp#27;[0;39m &amp#27;[2m:&amp#27;[0;39m Session Metrics {
    0 nanoseconds spent acquiring 0 JDBC connections;
    0 nanoseconds spent releasing 0 JDBC connections;
    0 nanoseconds spent preparing 0 JDBC statements;
    0 nanoseconds spent executing 0 JDBC statements;
    0 nanoseconds spent executing 0 JDBC batches;
    0 nanoseconds spent performing 0 L2C puts;
    0 nanoseconds spent performing 0 L2C hits;
    0 nanoseconds spent performing 0 L2C misses;
    0 nanoseconds spent executing 0 flushes (flushing a total of 0 entities and 0 collections);
    0 nanoseconds spent executing 0 partial-flushes (flushing a total of 0 entities and 0 collections)
}
&amp#27;[2m2025-05-11T11:17:45.077-03:00&amp#27;[0;39m &amp#27;[32m INFO&amp#27;[0;39m &amp#27;[35m16907&amp#27;[0;39m &amp#27;[2m---&amp#27;[0;39m &amp#27;[2m[           main]&amp#27;[0;39m &amp#27;[2m&amp#27;[0;39m&amp#27;[36mi.StatisticalLoggingSessionEventListener&amp#27;[0;39m &amp#27;[2m:&amp#27;[0;39m Session Metrics {
    0 nanoseconds spent acquiring 0 JDBC connections;
    0 nanoseconds spent releasing 0 JDBC connections;
    0 nanoseconds spent preparing 0 JDBC statements;
    0 nanoseconds spent executing 0 JDBC statements;
    0 nanoseconds spent executing 0 JDBC batches;
    0 nanoseconds spent performing 0 L2C puts;
    0 nanoseconds spent performing 0 L2C hits;
    0 nanoseconds spent performing 0 L2C misses;
    0 nanoseconds spent executing 0 flushes (flushing a total of 0 entities and 0 collections);
    0 nanoseconds spent executing 0 partial-flushes (flushing a total of 0 entities and 0 collections)
}
&amp#27;[2m2025-05-11T11:17:45.078-03:00&amp#27;[0;39m &amp#27;[32m INFO&amp#27;[0;39m &amp#27;[35m16907&amp#27;[0;39m &amp#27;[2m---&amp#27;[0;39m &amp#27;[2m[           main]&amp#27;[0;39m &amp#27;[2m&amp#27;[0;39m&amp#27;[36mi.StatisticalLoggingSessionEventListener&amp#27;[0;39m &amp#27;[2m:&amp#27;[0;39m Session Metrics {
    0 nanoseconds spent acquiring 0 JDBC connections;
    0 nanoseconds spent releasing 0 JDBC connections;
    0 nanoseconds spent preparing 0 JDBC statements;
    0 nanoseconds spent executing 0 JDBC statements;
    0 nanoseconds spent executing 0 JDBC batches;
    0 nanoseconds spent performing 0 L2C puts;
    0 nanoseconds spent performing 0 L2C hits;
    0 nanoseconds spent performing 0 L2C misses;
    0 nanoseconds spent executing 0 flushes (flushing a total of 0 entities and 0 collections);
    0 nanoseconds spent executing 0 partial-flushes (flushing a total of 0 entities and 0 collections)
}
&amp#27;[2m2025-05-11T11:17:45.078-03:00&amp#27;[0;39m &amp#27;[32m INFO&amp#27;[0;39m &amp#27;[35m16907&amp#27;[0;39m &amp#27;[2m---&amp#27;[0;39m &amp#27;[2m[           main]&amp#27;[0;39m &amp#27;[2m&amp#27;[0;39m&amp#27;[36mi.StatisticalLoggingSessionEventListener&amp#27;[0;39m &amp#27;[2m:&amp#27;[0;39m Session Metrics {
    0 nanoseconds spent acquiring 0 JDBC connections;
    0 nanoseconds spent releasing 0 JDBC connections;
    0 nanoseconds spent preparing 0 JDBC statements;
    0 nanoseconds spent executing 0 JDBC statements;
    0 nanoseconds spent executing 0 JDBC batches;
    0 nanoseconds spent performing 0 L2C puts;
    0 nanoseconds spent performing 0 L2C hits;
    0 nanoseconds spent performing 0 L2C misses;
    0 nanoseconds spent executing 0 flushes (flushing a total of 0 entities and 0 collections);
    0 nanoseconds spent executing 0 partial-flushes (flushing a total of 0 entities and 0 collections)
}
&amp#27;[2m2025-05-11T11:17:45.079-03:00&amp#27;[0;39m &amp#27;[32m INFO&amp#27;[0;39m &amp#27;[35m16907&amp#27;[0;39m &amp#27;[2m---&amp#27;[0;39m &amp#27;[2m[           main]&amp#27;[0;39m &amp#27;[2m&amp#27;[0;39m&amp#27;[36mi.StatisticalLoggingSessionEventListener&amp#27;[0;39m &amp#27;[2m:&amp#27;[0;39m Session Metrics {
    0 nanoseconds spent acquiring 0 JDBC connections;
    0 nanoseconds spent releasing 0 JDBC connections;
    0 nanoseconds spent preparing 0 JDBC statements;
    0 nanoseconds spent executing 0 JDBC statements;
    0 nanoseconds spent executing 0 JDBC batches;
    0 nanoseconds spent performing 0 L2C puts;
    0 nanoseconds spent performing 0 L2C hits;
    0 nanoseconds spent performing 0 L2C misses;
    0 nanoseconds spent executing 0 flushes (flushing a total of 0 entities and 0 collections);
    0 nanoseconds spent executing 0 partial-flushes (flushing a total of 0 entities and 0 collections)
}
&amp#27;[2m2025-05-11T11:17:45.080-03:00&amp#27;[0;39m &amp#27;[32m INFO&amp#27;[0;39m &amp#27;[35m16907&amp#27;[0;39m &amp#27;[2m---&amp#27;[0;39m &amp#27;[2m[           main]&amp#27;[0;39m &amp#27;[2m&amp#27;[0;39m&amp#27;[36mi.StatisticalLoggingSessionEventListener&amp#27;[0;39m &amp#27;[2m:&amp#27;[0;39m Session Metrics {
    0 nanoseconds spent acquiring 0 JDBC connections;
    0 nanoseconds spent releasing 0 JDBC connections;
    0 nanoseconds spent preparing 0 JDBC statements;
    0 nanoseconds spent executing 0 JDBC statements;
    0 nanoseconds spent executing 0 JDBC batches;
    0 nanoseconds spent performing 0 L2C puts;
    0 nanoseconds spent performing 0 L2C hits;
    0 nanoseconds spent performing 0 L2C misses;
    0 nanoseconds spent executing 0 flushes (flushing a total of 0 entities and 0 collections);
    0 nanoseconds spent executing 0 partial-flushes (flushing a total of 0 entities and 0 collections)
}
&amp#27;[2m2025-05-11T11:17:45.080-03:00&amp#27;[0;39m &amp#27;[32m INFO&amp#27;[0;39m &amp#27;[35m16907&amp#27;[0;39m &amp#27;[2m---&amp#27;[0;39m &amp#27;[2m[           main]&amp#27;[0;39m &amp#27;[2m&amp#27;[0;39m&amp#27;[36mi.StatisticalLoggingSessionEventListener&amp#27;[0;39m &amp#27;[2m:&amp#27;[0;39m Session Metrics {
    0 nanoseconds spent acquiring 0 JDBC connections;
    0 nanoseconds spent releasing 0 JDBC connections;
    0 nanoseconds spent preparing 0 JDBC statements;
    0 nanoseconds spent executing 0 JDBC statements;
    0 nanoseconds spent executing 0 JDBC batches;
    0 nanoseconds spent performing 0 L2C puts;
    0 nanoseconds spent performing 0 L2C hits;
    0 nanoseconds spent performing 0 L2C misses;
    0 nanoseconds spent executing 0 flushes (flushing a total of 0 entities and 0 collections);
    0 nanoseconds spent executing 0 partial-flushes (flushing a total of 0 entities and 0 collections)
}
&amp#27;[2m2025-05-11T11:17:45.081-03:00&amp#27;[0;39m &amp#27;[32m INFO&amp#27;[0;39m &amp#27;[35m16907&amp#27;[0;39m &amp#27;[2m---&amp#27;[0;39m &amp#27;[2m[           main]&amp#27;[0;39m &amp#27;[2m&amp#27;[0;39m&amp#27;[36mi.StatisticalLoggingSessionEventListener&amp#27;[0;39m &amp#27;[2m:&amp#27;[0;39m Session Metrics {
    0 nanoseconds spent acquiring 0 JDBC connections;
    0 nanoseconds spent releasing 0 JDBC connections;
    0 nanoseconds spent preparing 0 JDBC statements;
    0 nanoseconds spent executing 0 JDBC statements;
    0 nanoseconds spent executing 0 JDBC batches;
    0 nanoseconds spent performing 0 L2C puts;
    0 nanoseconds spent performing 0 L2C hits;
    0 nanoseconds spent performing 0 L2C misses;
    0 nanoseconds spent executing 0 flushes (flushing a total of 0 entities and 0 collections);
    0 nanoseconds spent executing 0 partial-flushes (flushing a total of 0 entities and 0 collections)
}
&amp#27;[2m2025-05-11T11:17:45.081-03:00&amp#27;[0;39m &amp#27;[32m INFO&amp#27;[0;39m &amp#27;[35m16907&amp#27;[0;39m &amp#27;[2m---&amp#27;[0;39m &amp#27;[2m[           main]&amp#27;[0;39m &amp#27;[2m&amp#27;[0;39m&amp#27;[36mi.StatisticalLoggingSessionEventListener&amp#27;[0;39m &amp#27;[2m:&amp#27;[0;39m Session Metrics {
    0 nanoseconds spent acquiring 0 JDBC connections;
    0 nanoseconds spent releasing 0 JDBC connections;
    0 nanoseconds spent preparing 0 JDBC statements;
    0 nanoseconds spent executing 0 JDBC statements;
    0 nanoseconds spent executing 0 JDBC batches;
    0 nanoseconds spent performing 0 L2C puts;
    0 nanoseconds spent performing 0 L2C hits;
    0 nanoseconds spent performing 0 L2C misses;
    0 nanoseconds spent executing 0 flushes (flushing a total of 0 entities and 0 collections);
    0 nanoseconds spent executing 0 partial-flushes (flushing a total of 0 entities and 0 collections)
}
&amp#27;[2m2025-05-11T11:17:45.081-03:00&amp#27;[0;39m &amp#27;[32m INFO&amp#27;[0;39m &amp#27;[35m16907&amp#27;[0;39m &amp#27;[2m---&amp#27;[0;39m &amp#27;[2m[           main]&amp#27;[0;39m &amp#27;[2m&amp#27;[0;39m&amp#27;[36mi.StatisticalLoggingSessionEventListener&amp#27;[0;39m &amp#27;[2m:&amp#27;[0;39m Session Metrics {
    0 nanoseconds spent acquiring 0 JDBC connections;
    0 nanoseconds spent releasing 0 JDBC connections;
    0 nanoseconds spent preparing 0 JDBC statements;
    0 nanoseconds spent executing 0 JDBC statements;
    0 nanoseconds spent executing 0 JDBC batches;
    0 nanoseconds spent performing 0 L2C puts;
    0 nanoseconds spent performing 0 L2C hits;
    0 nanoseconds spent performing 0 L2C misses;
    0 nanoseconds spent executing 0 flushes (flushing a total of 0 entities and 0 collections);
    0 nanoseconds spent executing 0 partial-flushes (flushing a total of 0 entities and 0 collections)
}
&amp#27;[2m2025-05-11T11:17:45.082-03:00&amp#27;[0;39m &amp#27;[32m INFO&amp#27;[0;39m &amp#27;[35m16907&amp#27;[0;39m &amp#27;[2m---&amp#27;[0;39m &amp#27;[2m[           main]&amp#27;[0;39m &amp#27;[2m&amp#27;[0;39m&amp#27;[36mi.StatisticalLoggingSessionEventListener&amp#27;[0;39m &amp#27;[2m:&amp#27;[0;39m Session Metrics {
    0 nanoseconds spent acquiring 0 JDBC connections;
    0 nanoseconds spent releasing 0 JDBC connections;
    0 nanoseconds spent preparing 0 JDBC statements;
    0 nanoseconds spent executing 0 JDBC statements;
    0 nanoseconds spent executing 0 JDBC batches;
    0 nanoseconds spent performing 0 L2C puts;
    0 nanoseconds spent performing 0 L2C hits;
    0 nanoseconds spent performing 0 L2C misses;
    0 nanoseconds spent executing 0 flushes (flushing a total of 0 entities and 0 collections);
    0 nanoseconds spent executing 0 partial-flushes (flushing a total of 0 entities and 0 collections)
}
&amp#27;[2m2025-05-11T11:17:45.082-03:00&amp#27;[0;39m &amp#27;[32m INFO&amp#27;[0;39m &amp#27;[35m16907&amp#27;[0;39m &amp#27;[2m---&amp#27;[0;39m &amp#27;[2m[           main]&amp#27;[0;39m &amp#27;[2m&amp#27;[0;39m&amp#27;[36mi.StatisticalLoggingSessionEventListener&amp#27;[0;39m &amp#27;[2m:&amp#27;[0;39m Session Metrics {
    0 nanoseconds spent acquiring 0 JDBC connections;
    0 nanoseconds spent releasing 0 JDBC connections;
    0 nanoseconds spent preparing 0 JDBC statements;
    0 nanoseconds spent executing 0 JDBC statements;
    0 nanoseconds spent executing 0 JDBC batches;
    0 nanoseconds spent performing 0 L2C puts;
    0 nanoseconds spent performing 0 L2C hits;
    0 nanoseconds spent performing 0 L2C misses;
    0 nanoseconds spent executing 0 flushes (flushing a total of 0 entities and 0 collections);
    0 nanoseconds spent executing 0 partial-flushes (flushing a total of 0 entities and 0 collections)
}
&amp#27;[2m2025-05-11T11:17:45.083-03:00&amp#27;[0;39m &amp#27;[32m INFO&amp#27;[0;39m &amp#27;[35m16907&amp#27;[0;39m &amp#27;[2m---&amp#27;[0;39m &amp#27;[2m[           main]&amp#27;[0;39m &amp#27;[2m&amp#27;[0;39m&amp#27;[36mi.StatisticalLoggingSessionEventListener&amp#27;[0;39m &amp#27;[2m:&amp#27;[0;39m Session Metrics {
    0 nanoseconds spent acquiring 0 JDBC connections;
    0 nanoseconds spent releasing 0 JDBC connections;
    0 nanoseconds spent preparing 0 JDBC statements;
    0 nanoseconds spent executing 0 JDBC statements;
    0 nanoseconds spent executing 0 JDBC batches;
    0 nanoseconds spent performing 0 L2C puts;
    0 nanoseconds spent performing 0 L2C hits;
    0 nanoseconds spent performing 0 L2C misses;
    0 nanoseconds spent executing 0 flushes (flushing a total of 0 entities and 0 collections);
    0 nanoseconds spent executing 0 partial-flushes (flushing a total of 0 entities and 0 collections)
}
&amp#27;[2m2025-05-11T11:17:45.083-03:00&amp#27;[0;39m &amp#27;[32m INFO&amp#27;[0;39m &amp#27;[35m16907&amp#27;[0;39m &amp#27;[2m---&amp#27;[0;39m &amp#27;[2m[           main]&amp#27;[0;39m &amp#27;[2m&amp#27;[0;39m&amp#27;[36mi.StatisticalLoggingSessionEventListener&amp#27;[0;39m &amp#27;[2m:&amp#27;[0;39m Session Metrics {
    0 nanoseconds spent acquiring 0 JDBC connections;
    0 nanoseconds spent releasing 0 JDBC connections;
    0 nanoseconds spent preparing 0 JDBC statements;
    0 nanoseconds spent executing 0 JDBC statements;
    0 nanoseconds spent executing 0 JDBC batches;
    0 nanoseconds spent performing 0 L2C puts;
    0 nanoseconds spent performing 0 L2C hits;
    0 nanoseconds spent performing 0 L2C misses;
    0 nanoseconds spent executing 0 flushes (flushing a total of 0 entities and 0 collections);
    0 nanoseconds spent executing 0 partial-flushes (flushing a total of 0 entities and 0 collections)
}
&amp#27;[2m2025-05-11T11:17:45.084-03:00&amp#27;[0;39m &amp#27;[32m INFO&amp#27;[0;39m &amp#27;[35m16907&amp#27;[0;39m &amp#27;[2m---&amp#27;[0;39m &amp#27;[2m[           main]&amp#27;[0;39m &amp#27;[2m&amp#27;[0;39m&amp#27;[36mi.StatisticalLoggingSessionEventListener&amp#27;[0;39m &amp#27;[2m:&amp#27;[0;39m Session Metrics {
    0 nanoseconds spent acquiring 0 JDBC connections;
    0 nanoseconds spent releasing 0 JDBC connections;
    0 nanoseconds spent preparing 0 JDBC statements;
    0 nanoseconds spent executing 0 JDBC statements;
    0 nanoseconds spent executing 0 JDBC batches;
    0 nanoseconds spent performing 0 L2C puts;
    0 nanoseconds spent performing 0 L2C hits;
    0 nanoseconds spent performing 0 L2C misses;
    0 nanoseconds spent executing 0 flushes (flushing a total of 0 entities and 0 collections);
    0 nanoseconds spent executing 0 partial-flushes (flushing a total of 0 entities and 0 collections)
}
&amp#27;[2m2025-05-11T11:17:45.084-03:00&amp#27;[0;39m &amp#27;[32m INFO&amp#27;[0;39m &amp#27;[35m16907&amp#27;[0;39m &amp#27;[2m---&amp#27;[0;39m &amp#27;[2m[           main]&amp#27;[0;39m &amp#27;[2m&amp#27;[0;39m&amp#27;[36mi.StatisticalLoggingSessionEventListener&amp#27;[0;39m &amp#27;[2m:&amp#27;[0;39m Session Metrics {
    0 nanoseconds spent acquiring 0 JDBC connections;
    0 nanoseconds spent releasing 0 JDBC connections;
    0 nanoseconds spent preparing 0 JDBC statements;
    0 nanoseconds spent executing 0 JDBC statements;
    0 nanoseconds spent executing 0 JDBC batches;
    0 nanoseconds spent performing 0 L2C puts;
    0 nanoseconds spent performing 0 L2C hits;
    0 nanoseconds spent performing 0 L2C misses;
    0 nanoseconds spent executing 0 flushes (flushing a total of 0 entities and 0 collections);
    0 nanoseconds spent executing 0 partial-flushes (flushing a total of 0 entities and 0 collections)
}
&amp#27;[2m2025-05-11T11:17:45.084-03:00&amp#27;[0;39m &amp#27;[32m INFO&amp#27;[0;39m &amp#27;[35m16907&amp#27;[0;39m &amp#27;[2m---&amp#27;[0;39m &amp#27;[2m[           main]&amp#27;[0;39m &amp#27;[2m&amp#27;[0;39m&amp#27;[36mi.StatisticalLoggingSessionEventListener&amp#27;[0;39m &amp#27;[2m:&amp#27;[0;39m Session Metrics {
    0 nanoseconds spent acquiring 0 JDBC connections;
    0 nanoseconds spent releasing 0 JDBC connections;
    0 nanoseconds spent preparing 0 JDBC statements;
    0 nanoseconds spent executing 0 JDBC statements;
    0 nanoseconds spent executing 0 JDBC batches;
    0 nanoseconds spent performing 0 L2C puts;
    0 nanoseconds spent performing 0 L2C hits;
    0 nanoseconds spent performing 0 L2C misses;
    0 nanoseconds spent executing 0 flushes (flushing a total of 0 entities and 0 collections);
    0 nanoseconds spent executing 0 partial-flushes (flushing a total of 0 entities and 0 collections)
}
&amp#27;[2m2025-05-11T11:17:45.085-03:00&amp#27;[0;39m &amp#27;[32m INFO&amp#27;[0;39m &amp#27;[35m16907&amp#27;[0;39m &amp#27;[2m---&amp#27;[0;39m &amp#27;[2m[           main]&amp#27;[0;39m &amp#27;[2m&amp#27;[0;39m&amp#27;[36mi.StatisticalLoggingSessionEventListener&amp#27;[0;39m &amp#27;[2m:&amp#27;[0;39m Session Metrics {
    0 nanoseconds spent acquiring 0 JDBC connections;
    0 nanoseconds spent releasing 0 JDBC connections;
    0 nanoseconds spent preparing 0 JDBC statements;
    0 nanoseconds spent executing 0 JDBC statements;
    0 nanoseconds spent executing 0 JDBC batches;
    0 nanoseconds spent performing 0 L2C puts;
    0 nanoseconds spent performing 0 L2C hits;
    0 nanoseconds spent performing 0 L2C misses;
    0 nanoseconds spent executing 0 flushes (flushing a total of 0 entities and 0 collections);
    0 nanoseconds spent executing 0 partial-flushes (flushing a total of 0 entities and 0 collections)
}
&amp#27;[2m2025-05-11T11:17:45.085-03:00&amp#27;[0;39m &amp#27;[32m INFO&amp#27;[0;39m &amp#27;[35m16907&amp#27;[0;39m &amp#27;[2m---&amp#27;[0;39m &amp#27;[2m[           main]&amp#27;[0;39m &amp#27;[2m&amp#27;[0;39m&amp#27;[36mi.StatisticalLoggingSessionEventListener&amp#27;[0;39m &amp#27;[2m:&amp#27;[0;39m Session Metrics {
    0 nanoseconds spent acquiring 0 JDBC connections;
    0 nanoseconds spent releasing 0 JDBC connections;
    0 nanoseconds spent preparing 0 JDBC statements;
    0 nanoseconds spent executing 0 JDBC statements;
    0 nanoseconds spent executing 0 JDBC batches;
    0 nanoseconds spent performing 0 L2C puts;
    0 nanoseconds spent performing 0 L2C hits;
    0 nanoseconds spent performing 0 L2C misses;
    0 nanoseconds spent executing 0 flushes (flushing a total of 0 entities and 0 collections);
    0 nanoseconds spent executing 0 partial-flushes (flushing a total of 0 entities and 0 collections)
}
&amp#27;[2m2025-05-11T11:17:45.086-03:00&amp#27;[0;39m &amp#27;[32m INFO&amp#27;[0;39m &amp#27;[35m16907&amp#27;[0;39m &amp#27;[2m---&amp#27;[0;39m &amp#27;[2m[           main]&amp#27;[0;39m &amp#27;[2m&amp#27;[0;39m&amp#27;[36mi.StatisticalLoggingSessionEventListener&amp#27;[0;39m &amp#27;[2m:&amp#27;[0;39m Session Metrics {
    0 nanoseconds spent acquiring 0 JDBC connections;
    0 nanoseconds spent releasing 0 JDBC connections;
    0 nanoseconds spent preparing 0 JDBC statements;
    0 nanoseconds spent executing 0 JDBC statements;
    0 nanoseconds spent executing 0 JDBC batches;
    0 nanoseconds spent performing 0 L2C puts;
    0 nanoseconds spent performing 0 L2C hits;
    0 nanoseconds spent performing 0 L2C misses;
    0 nanoseconds spent executing 0 flushes (flushing a total of 0 entities and 0 collections);
    0 nanoseconds spent executing 0 partial-flushes (flushing a total of 0 entities and 0 collections)
}
&amp#27;[2m2025-05-11T11:17:45.086-03:00&amp#27;[0;39m &amp#27;[32m INFO&amp#27;[0;39m &amp#27;[35m16907&amp#27;[0;39m &amp#27;[2m---&amp#27;[0;39m &amp#27;[2m[           main]&amp#27;[0;39m &amp#27;[2m&amp#27;[0;39m&amp#27;[36mi.StatisticalLoggingSessionEventListener&amp#27;[0;39m &amp#27;[2m:&amp#27;[0;39m Session Metrics {
    0 nanoseconds spent acquiring 0 JDBC connections;
    0 nanoseconds spent releasing 0 JDBC connections;
    0 nanoseconds spent preparing 0 JDBC statements;
    0 nanoseconds spent executing 0 JDBC statements;
    0 nanoseconds spent executing 0 JDBC batches;
    0 nanoseconds spent performing 0 L2C puts;
    0 nanoseconds spent performing 0 L2C hits;
    0 nanoseconds spent performing 0 L2C misses;
    0 nanoseconds spent executing 0 flushes (flushing a total of 0 entities and 0 collections);
    0 nanoseconds spent executing 0 partial-flushes (flushing a total of 0 entities and 0 collections)
}
&amp#27;[2m2025-05-11T11:17:45.110-03:00&amp#27;[0;39m &amp#27;[32m INFO&amp#27;[0;39m &amp#27;[35m16907&amp#27;[0;39m &amp#27;[2m---&amp#27;[0;39m &amp#27;[2m[           main]&amp#27;[0;39m &amp#27;[2m&amp#27;[0;39m&amp#27;[36mi.StatisticalLoggingSessionEventListener&amp#27;[0;39m &amp#27;[2m:&amp#27;[0;39m Session Metrics {
    0 nanoseconds spent acquiring 0 JDBC connections;
    0 nanoseconds spent releasing 0 JDBC connections;
    0 nanoseconds spent preparing 0 JDBC statements;
    0 nanoseconds spent executing 0 JDBC statements;
    0 nanoseconds spent executing 0 JDBC batches;
    0 nanoseconds spent performing 0 L2C puts;
    0 nanoseconds spent performing 0 L2C hits;
    0 nanoseconds spent performing 0 L2C misses;
    0 nanoseconds spent executing 0 flushes (flushing a total of 0 entities and 0 collections);
    0 nanoseconds spent executing 0 partial-flushes (flushing a total of 0 entities and 0 collections)
}
&amp#27;[2m2025-05-11T11:17:45.110-03:00&amp#27;[0;39m &amp#27;[32m INFO&amp#27;[0;39m &amp#27;[35m16907&amp#27;[0;39m &amp#27;[2m---&amp#27;[0;39m &amp#27;[2m[           main]&amp#27;[0;39m &amp#27;[2m&amp#27;[0;39m&amp#27;[36mi.StatisticalLoggingSessionEventListener&amp#27;[0;39m &amp#27;[2m:&amp#27;[0;39m Session Metrics {
    0 nanoseconds spent acquiring 0 JDBC connections;
    0 nanoseconds spent releasing 0 JDBC connections;
    0 nanoseconds spent preparing 0 JDBC statements;
    0 nanoseconds spent executing 0 JDBC statements;
    0 nanoseconds spent executing 0 JDBC batches;
    0 nanoseconds spent performing 0 L2C puts;
    0 nanoseconds spent performing 0 L2C hits;
    0 nanoseconds spent performing 0 L2C misses;
    0 nanoseconds spent executing 0 flushes (flushing a total of 0 entities and 0 collections);
    0 nanoseconds spent executing 0 partial-flushes (flushing a total of 0 entities and 0 collections)
}
&amp#27;[2m2025-05-11T11:17:45.116-03:00&amp#27;[0;39m &amp#27;[32m INFO&amp#27;[0;39m &amp#27;[35m16907&amp#27;[0;39m &amp#27;[2m---&amp#27;[0;39m &amp#27;[2m[           main]&amp#27;[0;39m &amp#27;[2m&amp#27;[0;39m&amp#27;[36mi.StatisticalLoggingSessionEventListener&amp#27;[0;39m &amp#27;[2m:&amp#27;[0;39m Session Metrics {
    0 nanoseconds spent acquiring 0 JDBC connections;
    0 nanoseconds spent releasing 0 JDBC connections;
    0 nanoseconds spent preparing 0 JDBC statements;
    0 nanoseconds spent executing 0 JDBC statements;
    0 nanoseconds spent executing 0 JDBC batches;
    0 nanoseconds spent performing 0 L2C puts;
    0 nanoseconds spent performing 0 L2C hits;
    0 nanoseconds spent performing 0 L2C misses;
    0 nanoseconds spent executing 0 flushes (flushing a total of 0 entities and 0 collections);
    0 nanoseconds spent executing 0 partial-flushes (flushing a total of 0 entities and 0 collections)
}
&amp#27;[2m2025-05-11T11:17:45.116-03:00&amp#27;[0;39m &amp#27;[32m INFO&amp#27;[0;39m &amp#27;[35m16907&amp#27;[0;39m &amp#27;[2m---&amp#27;[0;39m &amp#27;[2m[           main]&amp#27;[0;39m &amp#27;[2m&amp#27;[0;39m&amp#27;[36mi.StatisticalLoggingSessionEventListener&amp#27;[0;39m &amp#27;[2m:&amp#27;[0;39m Session Metrics {
    0 nanoseconds spent acquiring 0 JDBC connections;
    0 nanoseconds spent releasing 0 JDBC connections;
    0 nanoseconds spent preparing 0 JDBC statements;
    0 nanoseconds spent executing 0 JDBC statements;
    0 nanoseconds spent executing 0 JDBC batches;
    0 nanoseconds spent performing 0 L2C puts;
    0 nanoseconds spent performing 0 L2C hits;
    0 nanoseconds spent performing 0 L2C misses;
    0 nanoseconds spent executing 0 flushes (flushing a total of 0 entities and 0 collections);
    0 nanoseconds spent executing 0 partial-flushes (flushing a total of 0 entities and 0 collections)
}
&amp#27;[2m2025-05-11T11:17:45.118-03:00&amp#27;[0;39m &amp#27;[32m INFO&amp#27;[0;39m &amp#27;[35m16907&amp#27;[0;39m &amp#27;[2m---&amp#27;[0;39m &amp#27;[2m[           main]&amp#27;[0;39m &amp#27;[2m&amp#27;[0;39m&amp#27;[36mi.StatisticalLoggingSessionEventListener&amp#27;[0;39m &amp#27;[2m:&amp#27;[0;39m Session Metrics {
    0 nanoseconds spent acquiring 0 JDBC connections;
    0 nanoseconds spent releasing 0 JDBC connections;
    0 nanoseconds spent preparing 0 JDBC statements;
    0 nanoseconds spent executing 0 JDBC statements;
    0 nanoseconds spent executing 0 JDBC batches;
    0 nanoseconds spent performing 0 L2C puts;
    0 nanoseconds spent performing 0 L2C hits;
    0 nanoseconds spent performing 0 L2C misses;
    0 nanoseconds spent executing 0 flushes (flushing a total of 0 entities and 0 collections);
    0 nanoseconds spent executing 0 partial-flushes (flushing a total of 0 entities and 0 collections)
}
&amp#27;[2m2025-05-11T11:17:45.118-03:00&amp#27;[0;39m &amp#27;[32m INFO&amp#27;[0;39m &amp#27;[35m16907&amp#27;[0;39m &amp#27;[2m---&amp#27;[0;39m &amp#27;[2m[           main]&amp#27;[0;39m &amp#27;[2m&amp#27;[0;39m&amp#27;[36mi.StatisticalLoggingSessionEventListener&amp#27;[0;39m &amp#27;[2m:&amp#27;[0;39m Session Metrics {
    0 nanoseconds spent acquiring 0 JDBC connections;
    0 nanoseconds spent releasing 0 JDBC connections;
    0 nanoseconds spent preparing 0 JDBC statements;
    0 nanoseconds spent executing 0 JDBC statements;
    0 nanoseconds spent executing 0 JDBC batches;
    0 nanoseconds spent performing 0 L2C puts;
    0 nanoseconds spent performing 0 L2C hits;
    0 nanoseconds spent performing 0 L2C misses;
    0 nanoseconds spent executing 0 flushes (flushing a total of 0 entities and 0 collections);
    0 nanoseconds spent executing 0 partial-flushes (flushing a total of 0 entities and 0 collections)
}
&amp#27;[2m2025-05-11T11:17:45.121-03:00&amp#27;[0;39m &amp#27;[32m INFO&amp#27;[0;39m &amp#27;[35m16907&amp#27;[0;39m &amp#27;[2m---&amp#27;[0;39m &amp#27;[2m[           main]&amp#27;[0;39m &amp#27;[2m&amp#27;[0;39m&amp#27;[36mi.StatisticalLoggingSessionEventListener&amp#27;[0;39m &amp#27;[2m:&amp#27;[0;39m Session Metrics {
    0 nanoseconds spent acquiring 0 JDBC connections;
    0 nanoseconds spent releasing 0 JDBC connections;
    0 nanoseconds spent preparing 0 JDBC statements;
    0 nanoseconds spent executing 0 JDBC statements;
    0 nanoseconds spent executing 0 JDBC batches;
    0 nanoseconds spent performing 0 L2C puts;
    0 nanoseconds spent performing 0 L2C hits;
    0 nanoseconds spent performing 0 L2C misses;
    0 nanoseconds spent executing 0 flushes (flushing a total of 0 entities and 0 collections);
    0 nanoseconds spent executing 0 partial-flushes (flushing a total of 0 entities and 0 collections)
}
&amp#27;[2m2025-05-11T11:17:45.122-03:00&amp#27;[0;39m &amp#27;[32m INFO&amp#27;[0;39m &amp#27;[35m16907&amp#27;[0;39m &amp#27;[2m---&amp#27;[0;39m &amp#27;[2m[           main]&amp#27;[0;39m &amp#27;[2m&amp#27;[0;39m&amp#27;[36mi.StatisticalLoggingSessionEventListener&amp#27;[0;39m &amp#27;[2m:&amp#27;[0;39m Session Metrics {
    0 nanoseconds spent acquiring 0 JDBC connections;
    0 nanoseconds spent releasing 0 JDBC connections;
    0 nanoseconds spent preparing 0 JDBC statements;
    0 nanoseconds spent executing 0 JDBC statements;
    0 nanoseconds spent executing 0 JDBC batches;
    0 nanoseconds spent performing 0 L2C puts;
    0 nanoseconds spent performing 0 L2C hits;
    0 nanoseconds spent performing 0 L2C misses;
    0 nanoseconds spent executing 0 flushes (flushing a total of 0 entities and 0 collections);
    0 nanoseconds spent executing 0 partial-flushes (flushing a total of 0 entities and 0 collections)
}
&amp#27;[2m2025-05-11T11:17:45.122-03:00&amp#27;[0;39m &amp#27;[32m INFO&amp#27;[0;39m &amp#27;[35m16907&amp#27;[0;39m &amp#27;[2m---&amp#27;[0;39m &amp#27;[2m[           main]&amp#27;[0;39m &amp#27;[2m&amp#27;[0;39m&amp#27;[36mi.StatisticalLoggingSessionEventListener&amp#27;[0;39m &amp#27;[2m:&amp#27;[0;39m Session Metrics {
    0 nanoseconds spent acquiring 0 JDBC connections;
    0 nanoseconds spent releasing 0 JDBC connections;
    0 nanoseconds spent preparing 0 JDBC statements;
    0 nanoseconds spent executing 0 JDBC statements;
    0 nanoseconds spent executing 0 JDBC batches;
    0 nanoseconds spent performing 0 L2C puts;
    0 nanoseconds spent performing 0 L2C hits;
    0 nanoseconds spent performing 0 L2C misses;
    0 nanoseconds spent executing 0 flushes (flushing a total of 0 entities and 0 collections);
    0 nanoseconds spent executing 0 partial-flushes (flushing a total of 0 entities and 0 collections)
}
&amp#27;[2m2025-05-11T11:17:45.124-03:00&amp#27;[0;39m &amp#27;[32m INFO&amp#27;[0;39m &amp#27;[35m16907&amp#27;[0;39m &amp#27;[2m---&amp#27;[0;39m &amp#27;[2m[           main]&amp#27;[0;39m &amp#27;[2m&amp#27;[0;39m&amp#27;[36mi.StatisticalLoggingSessionEventListener&amp#27;[0;39m &amp#27;[2m:&amp#27;[0;39m Session Metrics {
    0 nanoseconds spent acquiring 0 JDBC connections;
    0 nanoseconds spent releasing 0 JDBC connections;
    0 nanoseconds spent preparing 0 JDBC statements;
    0 nanoseconds spent executing 0 JDBC statements;
    0 nanoseconds spent executing 0 JDBC batches;
    0 nanoseconds spent performing 0 L2C puts;
    0 nanoseconds spent performing 0 L2C hits;
    0 nanoseconds spent performing 0 L2C misses;
    0 nanoseconds spent executing 0 flushes (flushing a total of 0 entities and 0 collections);
    0 nanoseconds spent executing 0 partial-flushes (flushing a total of 0 entities and 0 collections)
}
&amp#27;[2m2025-05-11T11:17:45.124-03:00&amp#27;[0;39m &amp#27;[32m INFO&amp#27;[0;39m &amp#27;[35m16907&amp#27;[0;39m &amp#27;[2m---&amp#27;[0;39m &amp#27;[2m[           main]&amp#27;[0;39m &amp#27;[2m&amp#27;[0;39m&amp#27;[36mi.StatisticalLoggingSessionEventListener&amp#27;[0;39m &amp#27;[2m:&amp#27;[0;39m Session Metrics {
    0 nanoseconds spent acquiring 0 JDBC connections;
    0 nanoseconds spent releasing 0 JDBC connections;
    0 nanoseconds spent preparing 0 JDBC statements;
    0 nanoseconds spent executing 0 JDBC statements;
    0 nanoseconds spent executing 0 JDBC batches;
    0 nanoseconds spent performing 0 L2C puts;
    0 nanoseconds spent performing 0 L2C hits;
    0 nanoseconds spent performing 0 L2C misses;
    0 nanoseconds spent executing 0 flushes (flushing a total of 0 entities and 0 collections);
    0 nanoseconds spent executing 0 partial-flushes (flushing a total of 0 entities and 0 collections)
}
&amp#27;[2m2025-05-11T11:17:45.129-03:00&amp#27;[0;39m &amp#27;[32m INFO&amp#27;[0;39m &amp#27;[35m16907&amp#27;[0;39m &amp#27;[2m---&amp#27;[0;39m &amp#27;[2m[           main]&amp#27;[0;39m &amp#27;[2m&amp#27;[0;39m&amp#27;[36mi.StatisticalLoggingSessionEventListener&amp#27;[0;39m &amp#27;[2m:&amp#27;[0;39m Session Metrics {
    0 nanoseconds spent acquiring 0 JDBC connections;
    0 nanoseconds spent releasing 0 JDBC connections;
    0 nanoseconds spent preparing 0 JDBC statements;
    0 nanoseconds spent executing 0 JDBC statements;
    0 nanoseconds spent executing 0 JDBC batches;
    0 nanoseconds spent performing 0 L2C puts;
    0 nanoseconds spent performing 0 L2C hits;
    0 nanoseconds spent performing 0 L2C misses;
    0 nanoseconds spent executing 0 flushes (flushing a total of 0 entities and 0 collections);
    0 nanoseconds spent executing 0 partial-flushes (flushing a total of 0 entities and 0 collections)
}
&amp#27;[2m2025-05-11T11:17:45.152-03:00&amp#27;[0;39m &amp#27;[32m INFO&amp#27;[0;39m &amp#27;[35m16907&amp#27;[0;39m &amp#27;[2m---&amp#27;[0;39m &amp#27;[2m[           main]&amp#27;[0;39m &amp#27;[2m&amp#27;[0;39m&amp#27;[36mi.StatisticalLoggingSessionEventListener&amp#27;[0;39m &amp#27;[2m:&amp#27;[0;39m Session Metrics {
    0 nanoseconds spent acquiring 0 JDBC connections;
    0 nanoseconds spent releasing 0 JDBC connections;
    0 nanoseconds spent preparing 0 JDBC statements;
    0 nanoseconds spent executing 0 JDBC statements;
    0 nanoseconds spent executing 0 JDBC batches;
    0 nanoseconds spent performing 0 L2C puts;
    0 nanoseconds spent performing 0 L2C hits;
    0 nanoseconds spent performing 0 L2C misses;
    0 nanoseconds spent executing 0 flushes (flushing a total of 0 entities and 0 collections);
    0 nanoseconds spent executing 0 partial-flushes (flushing a total of 0 entities and 0 collections)
}
&amp#27;[2m2025-05-11T11:17:45.152-03:00&amp#27;[0;39m &amp#27;[32m INFO&amp#27;[0;39m &amp#27;[35m16907&amp#27;[0;39m &amp#27;[2m---&amp#27;[0;39m &amp#27;[2m[           main]&amp#27;[0;39m &amp#27;[2m&amp#27;[0;39m&amp#27;[36mi.StatisticalLoggingSessionEventListener&amp#27;[0;39m &amp#27;[2m:&amp#27;[0;39m Session Metrics {
    0 nanoseconds spent acquiring 0 JDBC connections;
    0 nanoseconds spent releasing 0 JDBC connections;
    0 nanoseconds spent preparing 0 JDBC statements;
    0 nanoseconds spent executing 0 JDBC statements;
    0 nanoseconds spent executing 0 JDBC batches;
    0 nanoseconds spent performing 0 L2C puts;
    0 nanoseconds spent performing 0 L2C hits;
    0 nanoseconds spent performing 0 L2C misses;
    0 nanoseconds spent executing 0 flushes (flushing a total of 0 entities and 0 collections);
    0 nanoseconds spent executing 0 partial-flushes (flushing a total of 0 entities and 0 collections)
}
&amp#27;[2m2025-05-11T11:17:45.162-03:00&amp#27;[0;39m &amp#27;[32m INFO&amp#27;[0;39m &amp#27;[35m16907&amp#27;[0;39m &amp#27;[2m---&amp#27;[0;39m &amp#27;[2m[           main]&amp#27;[0;39m &amp#27;[2m&amp#27;[0;39m&amp#27;[36mi.StatisticalLoggingSessionEventListener&amp#27;[0;39m &amp#27;[2m:&amp#27;[0;39m Session Metrics {
    0 nanoseconds spent acquiring 0 JDBC connections;
    0 nanoseconds spent releasing 0 JDBC connections;
    0 nanoseconds spent preparing 0 JDBC statements;
    0 nanoseconds spent executing 0 JDBC statements;
    0 nanoseconds spent executing 0 JDBC batches;
    0 nanoseconds spent performing 0 L2C puts;
    0 nanoseconds spent performing 0 L2C hits;
    0 nanoseconds spent performing 0 L2C misses;
    0 nanoseconds spent executing 0 flushes (flushing a total of 0 entities and 0 collections);
    0 nanoseconds spent executing 0 partial-flushes (flushing a total of 0 entities and 0 collections)
}
&amp#27;[2m2025-05-11T11:17:45.162-03:00&amp#27;[0;39m &amp#27;[32m INFO&amp#27;[0;39m &amp#27;[35m16907&amp#27;[0;39m &amp#27;[2m---&amp#27;[0;39m &amp#27;[2m[           main]&amp#27;[0;39m &amp#27;[2m&amp#27;[0;39m&amp#27;[36mi.StatisticalLoggingSessionEventListener&amp#27;[0;39m &amp#27;[2m:&amp#27;[0;39m Session Metrics {
    0 nanoseconds spent acquiring 0 JDBC connections;
    0 nanoseconds spent releasing 0 JDBC connections;
    0 nanoseconds spent preparing 0 JDBC statements;
    0 nanoseconds spent executing 0 JDBC statements;
    0 nanoseconds spent executing 0 JDBC batches;
    0 nanoseconds spent performing 0 L2C puts;
    0 nanoseconds spent performing 0 L2C hits;
    0 nanoseconds spent performing 0 L2C misses;
    0 nanoseconds spent executing 0 flushes (flushing a total of 0 entities and 0 collections);
    0 nanoseconds spent executing 0 partial-flushes (flushing a total of 0 entities and 0 collections)
}
&amp#27;[2m2025-05-11T11:17:45.163-03:00&amp#27;[0;39m &amp#27;[32m INFO&amp#27;[0;39m &amp#27;[35m16907&amp#27;[0;39m &amp#27;[2m---&amp#27;[0;39m &amp#27;[2m[           main]&amp#27;[0;39m &amp#27;[2m&amp#27;[0;39m&amp#27;[36mi.StatisticalLoggingSessionEventListener&amp#27;[0;39m &amp#27;[2m:&amp#27;[0;39m Session Metrics {
    0 nanoseconds spent acquiring 0 JDBC connections;
    0 nanoseconds spent releasing 0 JDBC connections;
    0 nanoseconds spent preparing 0 JDBC statements;
    0 nanoseconds spent executing 0 JDBC statements;
    0 nanoseconds spent executing 0 JDBC batches;
    0 nanoseconds spent performing 0 L2C puts;
    0 nanoseconds spent performing 0 L2C hits;
    0 nanoseconds spent performing 0 L2C misses;
    0 nanoseconds spent executing 0 flushes (flushing a total of 0 entities and 0 collections);
    0 nanoseconds spent executing 0 partial-flushes (flushing a total of 0 entities and 0 collections)
}
&amp#27;[2m2025-05-11T11:17:45.163-03:00&amp#27;[0;39m &amp#27;[32m INFO&amp#27;[0;39m &amp#27;[35m16907&amp#27;[0;39m &amp#27;[2m---&amp#27;[0;39m &amp#27;[2m[           main]&amp#27;[0;39m &amp#27;[2m&amp#27;[0;39m&amp#27;[36mi.StatisticalLoggingSessionEventListener&amp#27;[0;39m &amp#27;[2m:&amp#27;[0;39m Session Metrics {
    0 nanoseconds spent acquiring 0 JDBC connections;
    0 nanoseconds spent releasing 0 JDBC connections;
    0 nanoseconds spent preparing 0 JDBC statements;
    0 nanoseconds spent executing 0 JDBC statements;
    0 nanoseconds spent executing 0 JDBC batches;
    0 nanoseconds spent performing 0 L2C puts;
    0 nanoseconds spent performing 0 L2C hits;
    0 nanoseconds spent performing 0 L2C misses;
    0 nanoseconds spent executing 0 flushes (flushing a total of 0 entities and 0 collections);
    0 nanoseconds spent executing 0 partial-flushes (flushing a total of 0 entities and 0 collections)
}
&amp#27;[2m2025-05-11T11:17:45.164-03:00&amp#27;[0;39m &amp#27;[32m INFO&amp#27;[0;39m &amp#27;[35m16907&amp#27;[0;39m &amp#27;[2m---&amp#27;[0;39m &amp#27;[2m[           main]&amp#27;[0;39m &amp#27;[2m&amp#27;[0;39m&amp#27;[36mi.StatisticalLoggingSessionEventListener&amp#27;[0;39m &amp#27;[2m:&amp#27;[0;39m Session Metrics {
    0 nanoseconds spent acquiring 0 JDBC connections;
    0 nanoseconds spent releasing 0 JDBC connections;
    0 nanoseconds spent preparing 0 JDBC statements;
    0 nanoseconds spent executing 0 JDBC statements;
    0 nanoseconds spent executing 0 JDBC batches;
    0 nanoseconds spent performing 0 L2C puts;
    0 nanoseconds spent performing 0 L2C hits;
    0 nanoseconds spent performing 0 L2C misses;
    0 nanoseconds spent executing 0 flushes (flushing a total of 0 entities and 0 collections);
    0 nanoseconds spent executing 0 partial-flushes (flushing a total of 0 entities and 0 collections)
}
&amp#27;[2m2025-05-11T11:17:45.164-03:00&amp#27;[0;39m &amp#27;[32m INFO&amp#27;[0;39m &amp#27;[35m16907&amp#27;[0;39m &amp#27;[2m---&amp#27;[0;39m &amp#27;[2m[           main]&amp#27;[0;39m &amp#27;[2m&amp#27;[0;39m&amp#27;[36mi.StatisticalLoggingSessionEventListener&amp#27;[0;39m &amp#27;[2m:&amp#27;[0;39m Session Metrics {
    0 nanoseconds spent acquiring 0 JDBC connections;
    0 nanoseconds spent releasing 0 JDBC connections;
    0 nanoseconds spent preparing 0 JDBC statements;
    0 nanoseconds spent executing 0 JDBC statements;
    0 nanoseconds spent executing 0 JDBC batches;
    0 nanoseconds spent performing 0 L2C puts;
    0 nanoseconds spent performing 0 L2C hits;
    0 nanoseconds spent performing 0 L2C misses;
    0 nanoseconds spent executing 0 flushes (flushing a total of 0 entities and 0 collections);
    0 nanoseconds spent executing 0 partial-flushes (flushing a total of 0 entities and 0 collections)
}
&amp#27;[2m2025-05-11T11:17:45.164-03:00&amp#27;[0;39m &amp#27;[32m INFO&amp#27;[0;39m &amp#27;[35m16907&amp#27;[0;39m &amp#27;[2m---&amp#27;[0;39m &amp#27;[2m[           main]&amp#27;[0;39m &amp#27;[2m&amp#27;[0;39m&amp#27;[36mi.StatisticalLoggingSessionEventListener&amp#27;[0;39m &amp#27;[2m:&amp#27;[0;39m Session Metrics {
    0 nanoseconds spent acquiring 0 JDBC connections;
    0 nanoseconds spent releasing 0 JDBC connections;
    0 nanoseconds spent preparing 0 JDBC statements;
    0 nanoseconds spent executing 0 JDBC statements;
    0 nanoseconds spent executing 0 JDBC batches;
    0 nanoseconds spent performing 0 L2C puts;
    0 nanoseconds spent performing 0 L2C hits;
    0 nanoseconds spent performing 0 L2C misses;
    0 nanoseconds spent executing 0 flushes (flushing a total of 0 entities and 0 collections);
    0 nanoseconds spent executing 0 partial-flushes (flushing a total of 0 entities and 0 collections)
}
&amp#27;[2m2025-05-11T11:17:45.165-03:00&amp#27;[0;39m &amp#27;[32m INFO&amp#27;[0;39m &amp#27;[35m16907&amp#27;[0;39m &amp#27;[2m---&amp#27;[0;39m &amp#27;[2m[           main]&amp#27;[0;39m &amp#27;[2m&amp#27;[0;39m&amp#27;[36mi.StatisticalLoggingSessionEventListener&amp#27;[0;39m &amp#27;[2m:&amp#27;[0;39m Session Metrics {
    0 nanoseconds spent acquiring 0 JDBC connections;
    0 nanoseconds spent releasing 0 JDBC connections;
    0 nanoseconds spent preparing 0 JDBC statements;
    0 nanoseconds spent executing 0 JDBC statements;
    0 nanoseconds spent executing 0 JDBC batches;
    0 nanoseconds spent performing 0 L2C puts;
    0 nanoseconds spent performing 0 L2C hits;
    0 nanoseconds spent performing 0 L2C misses;
    0 nanoseconds spent executing 0 flushes (flushing a total of 0 entities and 0 collections);
    0 nanoseconds spent executing 0 partial-flushes (flushing a total of 0 entities and 0 collections)
}
&amp#27;[2m2025-05-11T11:17:45.165-03:00&amp#27;[0;39m &amp#27;[32m INFO&amp#27;[0;39m &amp#27;[35m16907&amp#27;[0;39m &amp#27;[2m---&amp#27;[0;39m &amp#27;[2m[           main]&amp#27;[0;39m &amp#27;[2m&amp#27;[0;39m&amp#27;[36mi.StatisticalLoggingSessionEventListener&amp#27;[0;39m &amp#27;[2m:&amp#27;[0;39m Session Metrics {
    0 nanoseconds spent acquiring 0 JDBC connections;
    0 nanoseconds spent releasing 0 JDBC connections;
    0 nanoseconds spent preparing 0 JDBC statements;
    0 nanoseconds spent executing 0 JDBC statements;
    0 nanoseconds spent executing 0 JDBC batches;
    0 nanoseconds spent performing 0 L2C puts;
    0 nanoseconds spent performing 0 L2C hits;
    0 nanoseconds spent performing 0 L2C misses;
    0 nanoseconds spent executing 0 flushes (flushing a total of 0 entities and 0 collections);
    0 nanoseconds spent executing 0 partial-flushes (flushing a total of 0 entities and 0 collections)
}
&amp#27;[2m2025-05-11T11:17:45.166-03:00&amp#27;[0;39m &amp#27;[32m INFO&amp#27;[0;39m &amp#27;[35m16907&amp#27;[0;39m &amp#27;[2m---&amp#27;[0;39m &amp#27;[2m[           main]&amp#27;[0;39m &amp#27;[2m&amp#27;[0;39m&amp#27;[36mi.StatisticalLoggingSessionEventListener&amp#27;[0;39m &amp#27;[2m:&amp#27;[0;39m Session Metrics {
    0 nanoseconds spent acquiring 0 JDBC connections;
    0 nanoseconds spent releasing 0 JDBC connections;
    0 nanoseconds spent preparing 0 JDBC statements;
    0 nanoseconds spent executing 0 JDBC statements;
    0 nanoseconds spent executing 0 JDBC batches;
    0 nanoseconds spent performing 0 L2C puts;
    0 nanoseconds spent performing 0 L2C hits;
    0 nanoseconds spent performing 0 L2C misses;
    0 nanoseconds spent executing 0 flushes (flushing a total of 0 entities and 0 collections);
    0 nanoseconds spent executing 0 partial-flushes (flushing a total of 0 entities and 0 collections)
}
&amp#27;[2m2025-05-11T11:17:45.166-03:00&amp#27;[0;39m &amp#27;[32m INFO&amp#27;[0;39m &amp#27;[35m16907&amp#27;[0;39m &amp#27;[2m---&amp#27;[0;39m &amp#27;[2m[           main]&amp#27;[0;39m &amp#27;[2m&amp#27;[0;39m&amp#27;[36mi.StatisticalLoggingSessionEventListener&amp#27;[0;39m &amp#27;[2m:&amp#27;[0;39m Session Metrics {
    0 nanoseconds spent acquiring 0 JDBC connections;
    0 nanoseconds spent releasing 0 JDBC connections;
    0 nanoseconds spent preparing 0 JDBC statements;
    0 nanoseconds spent executing 0 JDBC statements;
    0 nanoseconds spent executing 0 JDBC batches;
    0 nanoseconds spent performing 0 L2C puts;
    0 nanoseconds spent performing 0 L2C hits;
    0 nanoseconds spent performing 0 L2C misses;
    0 nanoseconds spent executing 0 flushes (flushing a total of 0 entities and 0 collections);
    0 nanoseconds spent executing 0 partial-flushes (flushing a total of 0 entities and 0 collections)
}
&amp#27;[2m2025-05-11T11:17:45.166-03:00&amp#27;[0;39m &amp#27;[32m INFO&amp#27;[0;39m &amp#27;[35m16907&amp#27;[0;39m &amp#27;[2m---&amp#27;[0;39m &amp#27;[2m[           main]&amp#27;[0;39m &amp#27;[2m&amp#27;[0;39m&amp#27;[36mi.StatisticalLoggingSessionEventListener&amp#27;[0;39m &amp#27;[2m:&amp#27;[0;39m Session Metrics {
    0 nanoseconds spent acquiring 0 JDBC connections;
    0 nanoseconds spent releasing 0 JDBC connections;
    0 nanoseconds spent preparing 0 JDBC statements;
    0 nanoseconds spent executing 0 JDBC statements;
    0 nanoseconds spent executing 0 JDBC batches;
    0 nanoseconds spent performing 0 L2C puts;
    0 nanoseconds spent performing 0 L2C hits;
    0 nanoseconds spent performing 0 L2C misses;
    0 nanoseconds spent executing 0 flushes (flushing a total of 0 entities and 0 collections);
    0 nanoseconds spent executing 0 partial-flushes (flushing a total of 0 entities and 0 collections)
}
&amp#27;[2m2025-05-11T11:17:45.167-03:00&amp#27;[0;39m &amp#27;[32m INFO&amp#27;[0;39m &amp#27;[35m16907&amp#27;[0;39m &amp#27;[2m---&amp#27;[0;39m &amp#27;[2m[           main]&amp#27;[0;39m &amp#27;[2m&amp#27;[0;39m&amp#27;[36mi.StatisticalLoggingSessionEventListener&amp#27;[0;39m &amp#27;[2m:&amp#27;[0;39m Session Metrics {
    0 nanoseconds spent acquiring 0 JDBC connections;
    0 nanoseconds spent releasing 0 JDBC connections;
    0 nanoseconds spent preparing 0 JDBC statements;
    0 nanoseconds spent executing 0 JDBC statements;
    0 nanoseconds spent executing 0 JDBC batches;
    0 nanoseconds spent performing 0 L2C puts;
    0 nanoseconds spent performing 0 L2C hits;
    0 nanoseconds spent performing 0 L2C misses;
    0 nanoseconds spent executing 0 flushes (flushing a total of 0 entities and 0 collections);
    0 nanoseconds spent executing 0 partial-flushes (flushing a total of 0 entities and 0 collections)
}
&amp#27;[2m2025-05-11T11:17:45.167-03:00&amp#27;[0;39m &amp#27;[32m INFO&amp#27;[0;39m &amp#27;[35m16907&amp#27;[0;39m &amp#27;[2m---&amp#27;[0;39m &amp#27;[2m[           main]&amp#27;[0;39m &amp#27;[2m&amp#27;[0;39m&amp#27;[36mi.StatisticalLoggingSessionEventListener&amp#27;[0;39m &amp#27;[2m:&amp#27;[0;39m Session Metrics {
    0 nanoseconds spent acquiring 0 JDBC connections;
    0 nanoseconds spent releasing 0 JDBC connections;
    0 nanoseconds spent preparing 0 JDBC statements;
    0 nanoseconds spent executing 0 JDBC statements;
    0 nanoseconds spent executing 0 JDBC batches;
    0 nanoseconds spent performing 0 L2C puts;
    0 nanoseconds spent performing 0 L2C hits;
    0 nanoseconds spent performing 0 L2C misses;
    0 nanoseconds spent executing 0 flushes (flushing a total of 0 entities and 0 collections);
    0 nanoseconds spent executing 0 partial-flushes (flushing a total of 0 entities and 0 collections)
}
&amp#27;[2m2025-05-11T11:17:45.168-03:00&amp#27;[0;39m &amp#27;[32m INFO&amp#27;[0;39m &amp#27;[35m16907&amp#27;[0;39m &amp#27;[2m---&amp#27;[0;39m &amp#27;[2m[           main]&amp#27;[0;39m &amp#27;[2m&amp#27;[0;39m&amp#27;[36mi.StatisticalLoggingSessionEventListener&amp#27;[0;39m &amp#27;[2m:&amp#27;[0;39m Session Metrics {
    0 nanoseconds spent acquiring 0 JDBC connections;
    0 nanoseconds spent releasing 0 JDBC connections;
    0 nanoseconds spent preparing 0 JDBC statements;
    0 nanoseconds spent executing 0 JDBC statements;
    0 nanoseconds spent executing 0 JDBC batches;
    0 nanoseconds spent performing 0 L2C puts;
    0 nanoseconds spent performing 0 L2C hits;
    0 nanoseconds spent performing 0 L2C misses;
    0 nanoseconds spent executing 0 flushes (flushing a total of 0 entities and 0 collections);
    0 nanoseconds spent executing 0 partial-flushes (flushing a total of 0 entities and 0 collections)
}
&amp#27;[2m2025-05-11T11:17:45.168-03:00&amp#27;[0;39m &amp#27;[32m INFO&amp#27;[0;39m &amp#27;[35m16907&amp#27;[0;39m &amp#27;[2m---&amp#27;[0;39m &amp#27;[2m[           main]&amp#27;[0;39m &amp#27;[2m&amp#27;[0;39m&amp#27;[36mi.StatisticalLoggingSessionEventListener&amp#27;[0;39m &amp#27;[2m:&amp#27;[0;39m Session Metrics {
    0 nanoseconds spent acquiring 0 JDBC connections;
    0 nanoseconds spent releasing 0 JDBC connections;
    0 nanoseconds spent preparing 0 JDBC statements;
    0 nanoseconds spent executing 0 JDBC statements;
    0 nanoseconds spent executing 0 JDBC batches;
    0 nanoseconds spent performing 0 L2C puts;
    0 nanoseconds spent performing 0 L2C hits;
    0 nanoseconds spent performing 0 L2C misses;
    0 nanoseconds spent executing 0 flushes (flushing a total of 0 entities and 0 collections);
    0 nanoseconds spent executing 0 partial-flushes (flushing a total of 0 entities and 0 collections)
}
&amp#27;[2m2025-05-11T11:17:45.168-03:00&amp#27;[0;39m &amp#27;[32m INFO&amp#27;[0;39m &amp#27;[35m16907&amp#27;[0;39m &amp#27;[2m---&amp#27;[0;39m &amp#27;[2m[           main]&amp#27;[0;39m &amp#27;[2m&amp#27;[0;39m&amp#27;[36mi.StatisticalLoggingSessionEventListener&amp#27;[0;39m &amp#27;[2m:&amp#27;[0;39m Session Metrics {
    0 nanoseconds spent acquiring 0 JDBC connections;
    0 nanoseconds spent releasing 0 JDBC connections;
    0 nanoseconds spent preparing 0 JDBC statements;
    0 nanoseconds spent executing 0 JDBC statements;
    0 nanoseconds spent executing 0 JDBC batches;
    0 nanoseconds spent performing 0 L2C puts;
    0 nanoseconds spent performing 0 L2C hits;
    0 nanoseconds spent performing 0 L2C misses;
    0 nanoseconds spent executing 0 flushes (flushing a total of 0 entities and 0 collections);
    0 nanoseconds spent executing 0 partial-flushes (flushing a total of 0 entities and 0 collections)
}
&amp#27;[2m2025-05-11T11:17:45.168-03:00&amp#27;[0;39m &amp#27;[32m INFO&amp#27;[0;39m &amp#27;[35m16907&amp#27;[0;39m &amp#27;[2m---&amp#27;[0;39m &amp#27;[2m[           main]&amp#27;[0;39m &amp#27;[2m&amp#27;[0;39m&amp#27;[36mi.StatisticalLoggingSessionEventListener&amp#27;[0;39m &amp#27;[2m:&amp#27;[0;39m Session Metrics {
    0 nanoseconds spent acquiring 0 JDBC connections;
    0 nanoseconds spent releasing 0 JDBC connections;
    0 nanoseconds spent preparing 0 JDBC statements;
    0 nanoseconds spent executing 0 JDBC statements;
    0 nanoseconds spent executing 0 JDBC batches;
    0 nanoseconds spent performing 0 L2C puts;
    0 nanoseconds spent performing 0 L2C hits;
    0 nanoseconds spent performing 0 L2C misses;
    0 nanoseconds spent executing 0 flushes (flushing a total of 0 entities and 0 collections);
    0 nanoseconds spent executing 0 partial-flushes (flushing a total of 0 entities and 0 collections)
}
&amp#27;[2m2025-05-11T11:17:45.168-03:00&amp#27;[0;39m &amp#27;[32m INFO&amp#27;[0;39m &amp#27;[35m16907&amp#27;[0;39m &amp#27;[2m---&amp#27;[0;39m &amp#27;[2m[           main]&amp#27;[0;39m &amp#27;[2m&amp#27;[0;39m&amp#27;[36mi.StatisticalLoggingSessionEventListener&amp#27;[0;39m &amp#27;[2m:&amp#27;[0;39m Session Metrics {
    0 nanoseconds spent acquiring 0 JDBC connections;
    0 nanoseconds spent releasing 0 JDBC connections;
    0 nanoseconds spent preparing 0 JDBC statements;
    0 nanoseconds spent executing 0 JDBC statements;
    0 nanoseconds spent executing 0 JDBC batches;
    0 nanoseconds spent performing 0 L2C puts;
    0 nanoseconds spent performing 0 L2C hits;
    0 nanoseconds spent performing 0 L2C misses;
    0 nanoseconds spent executing 0 flushes (flushing a total of 0 entities and 0 collections);
    0 nanoseconds spent executing 0 partial-flushes (flushing a total of 0 entities and 0 collections)
}
&amp#27;[2m2025-05-11T11:17:45.169-03:00&amp#27;[0;39m &amp#27;[32m INFO&amp#27;[0;39m &amp#27;[35m16907&amp#27;[0;39m &amp#27;[2m---&amp#27;[0;39m &amp#27;[2m[           main]&amp#27;[0;39m &amp#27;[2m&amp#27;[0;39m&amp#27;[36mi.StatisticalLoggingSessionEventListener&amp#27;[0;39m &amp#27;[2m:&amp#27;[0;39m Session Metrics {
    0 nanoseconds spent acquiring 0 JDBC connections;
    0 nanoseconds spent releasing 0 JDBC connections;
    0 nanoseconds spent preparing 0 JDBC statements;
    0 nanoseconds spent executing 0 JDBC statements;
    0 nanoseconds spent executing 0 JDBC batches;
    0 nanoseconds spent performing 0 L2C puts;
    0 nanoseconds spent performing 0 L2C hits;
    0 nanoseconds spent performing 0 L2C misses;
    0 nanoseconds spent executing 0 flushes (flushing a total of 0 entities and 0 collections);
    0 nanoseconds spent executing 0 partial-flushes (flushing a total of 0 entities and 0 collections)
}
&amp#27;[2m2025-05-11T11:17:45.169-03:00&amp#27;[0;39m &amp#27;[32m INFO&amp#27;[0;39m &amp#27;[35m16907&amp#27;[0;39m &amp#27;[2m---&amp#27;[0;39m &amp#27;[2m[           main]&amp#27;[0;39m &amp#27;[2m&amp#27;[0;39m&amp#27;[36mi.StatisticalLoggingSessionEventListener&amp#27;[0;39m &amp#27;[2m:&amp#27;[0;39m Session Metrics {
    0 nanoseconds spent acquiring 0 JDBC connections;
    0 nanoseconds spent releasing 0 JDBC connections;
    0 nanoseconds spent preparing 0 JDBC statements;
    0 nanoseconds spent executing 0 JDBC statements;
    0 nanoseconds spent executing 0 JDBC batches;
    0 nanoseconds spent performing 0 L2C puts;
    0 nanoseconds spent performing 0 L2C hits;
    0 nanoseconds spent performing 0 L2C misses;
    0 nanoseconds spent executing 0 flushes (flushing a total of 0 entities and 0 collections);
    0 nanoseconds spent executing 0 partial-flushes (flushing a total of 0 entities and 0 collections)
}
&amp#27;[2m2025-05-11T11:17:45.176-03:00&amp#27;[0;39m &amp#27;[32m INFO&amp#27;[0;39m &amp#27;[35m16907&amp#27;[0;39m &amp#27;[2m---&amp#27;[0;39m &amp#27;[2m[           main]&amp#27;[0;39m &amp#27;[2m&amp#27;[0;39m&amp#27;[36mi.StatisticalLoggingSessionEventListener&amp#27;[0;39m &amp#27;[2m:&amp#27;[0;39m Session Metrics {
    0 nanoseconds spent acquiring 0 JDBC connections;
    0 nanoseconds spent releasing 0 JDBC connections;
    0 nanoseconds spent preparing 0 JDBC statements;
    0 nanoseconds spent executing 0 JDBC statements;
    0 nanoseconds spent executing 0 JDBC batches;
    0 nanoseconds spent performing 0 L2C puts;
    0 nanoseconds spent performing 0 L2C hits;
    0 nanoseconds spent performing 0 L2C misses;
    0 nanoseconds spent executing 0 flushes (flushing a total of 0 entities and 0 collections);
    0 nanoseconds spent executing 0 partial-flushes (flushing a total of 0 entities and 0 collections)
}
&amp#27;[2m2025-05-11T11:17:45.177-03:00&amp#27;[0;39m &amp#27;[32m INFO&amp#27;[0;39m &amp#27;[35m16907&amp#27;[0;39m &amp#27;[2m---&amp#27;[0;39m &amp#27;[2m[           main]&amp#27;[0;39m &amp#27;[2m&amp#27;[0;39m&amp#27;[36mi.StatisticalLoggingSessionEventListener&amp#27;[0;39m &amp#27;[2m:&amp#27;[0;39m Session Metrics {
    0 nanoseconds spent acquiring 0 JDBC connections;
    0 nanoseconds spent releasing 0 JDBC connections;
    0 nanoseconds spent preparing 0 JDBC statements;
    0 nanoseconds spent executing 0 JDBC statements;
    0 nanoseconds spent executing 0 JDBC batches;
    0 nanoseconds spent performing 0 L2C puts;
    0 nanoseconds spent performing 0 L2C hits;
    0 nanoseconds spent performing 0 L2C misses;
    0 nanoseconds spent executing 0 flushes (flushing a total of 0 entities and 0 collections);
    0 nanoseconds spent executing 0 partial-flushes (flushing a total of 0 entities and 0 collections)
}
&amp#27;[2m2025-05-11T11:17:45.177-03:00&amp#27;[0;39m &amp#27;[32m INFO&amp#27;[0;39m &amp#27;[35m16907&amp#27;[0;39m &amp#27;[2m---&amp#27;[0;39m &amp#27;[2m[           main]&amp#27;[0;39m &amp#27;[2m&amp#27;[0;39m&amp#27;[36mi.StatisticalLoggingSessionEventListener&amp#27;[0;39m &amp#27;[2m:&amp#27;[0;39m Session Metrics {
    0 nanoseconds spent acquiring 0 JDBC connections;
    0 nanoseconds spent releasing 0 JDBC connections;
    0 nanoseconds spent preparing 0 JDBC statements;
    0 nanoseconds spent executing 0 JDBC statements;
    0 nanoseconds spent executing 0 JDBC batches;
    0 nanoseconds spent performing 0 L2C puts;
    0 nanoseconds spent performing 0 L2C hits;
    0 nanoseconds spent performing 0 L2C misses;
    0 nanoseconds spent executing 0 flushes (flushing a total of 0 entities and 0 collections);
    0 nanoseconds spent executing 0 partial-flushes (flushing a total of 0 entities and 0 collections)
}
&amp#27;[2m2025-05-11T11:17:45.198-03:00&amp#27;[0;39m &amp#27;[32m INFO&amp#27;[0;39m &amp#27;[35m16907&amp#27;[0;39m &amp#27;[2m---&amp#27;[0;39m &amp#27;[2m[           main]&amp#27;[0;39m &amp#27;[2m&amp#27;[0;39m&amp#27;[36mi.StatisticalLoggingSessionEventListener&amp#27;[0;39m &amp#27;[2m:&amp#27;[0;39m Session Metrics {
    0 nanoseconds spent acquiring 0 JDBC connections;
    0 nanoseconds spent releasing 0 JDBC connections;
    0 nanoseconds spent preparing 0 JDBC statements;
    0 nanoseconds spent executing 0 JDBC statements;
    0 nanoseconds spent executing 0 JDBC batches;
    0 nanoseconds spent performing 0 L2C puts;
    0 nanoseconds spent performing 0 L2C hits;
    0 nanoseconds spent performing 0 L2C misses;
    0 nanoseconds spent executing 0 flushes (flushing a total of 0 entities and 0 collections);
    0 nanoseconds spent executing 0 partial-flushes (flushing a total of 0 entities and 0 collections)
}
&amp#27;[2m2025-05-11T11:17:45.199-03:00&amp#27;[0;39m &amp#27;[32m INFO&amp#27;[0;39m &amp#27;[35m16907&amp#27;[0;39m &amp#27;[2m---&amp#27;[0;39m &amp#27;[2m[           main]&amp#27;[0;39m &amp#27;[2m&amp#27;[0;39m&amp#27;[36mi.StatisticalLoggingSessionEventListener&amp#27;[0;39m &amp#27;[2m:&amp#27;[0;39m Session Metrics {
    0 nanoseconds spent acquiring 0 JDBC connections;
    0 nanoseconds spent releasing 0 JDBC connections;
    0 nanoseconds spent preparing 0 JDBC statements;
    0 nanoseconds spent executing 0 JDBC statements;
    0 nanoseconds spent executing 0 JDBC batches;
    0 nanoseconds spent performing 0 L2C puts;
    0 nanoseconds spent performing 0 L2C hits;
    0 nanoseconds spent performing 0 L2C misses;
    0 nanoseconds spent executing 0 flushes (flushing a total of 0 entities and 0 collections);
    0 nanoseconds spent executing 0 partial-flushes (flushing a total of 0 entities and 0 collections)
}
&amp#27;[2m2025-05-11T11:17:45.204-03:00&amp#27;[0;39m &amp#27;[32m INFO&amp#27;[0;39m &amp#27;[35m16907&amp#27;[0;39m &amp#27;[2m---&amp#27;[0;39m &amp#27;[2m[           main]&amp#27;[0;39m &amp#27;[2m&amp#27;[0;39m&amp#27;[36mi.StatisticalLoggingSessionEventListener&amp#27;[0;39m &amp#27;[2m:&amp#27;[0;39m Session Metrics {
    0 nanoseconds spent acquiring 0 JDBC connections;
    0 nanoseconds spent releasing 0 JDBC connections;
    0 nanoseconds spent preparing 0 JDBC statements;
    0 nanoseconds spent executing 0 JDBC statements;
    0 nanoseconds spent executing 0 JDBC batches;
    0 nanoseconds spent performing 0 L2C puts;
    0 nanoseconds spent performing 0 L2C hits;
    0 nanoseconds spent performing 0 L2C misses;
    0 nanoseconds spent executing 0 flushes (flushing a total of 0 entities and 0 collections);
    0 nanoseconds spent executing 0 partial-flushes (flushing a total of 0 entities and 0 collections)
}
&amp#27;[2m2025-05-11T11:17:45.205-03:00&amp#27;[0;39m &amp#27;[32m INFO&amp#27;[0;39m &amp#27;[35m16907&amp#27;[0;39m &amp#27;[2m---&amp#27;[0;39m &amp#27;[2m[           main]&amp#27;[0;39m &amp#27;[2m&amp#27;[0;39m&amp#27;[36mi.StatisticalLoggingSessionEventListener&amp#27;[0;39m &amp#27;[2m:&amp#27;[0;39m Session Metrics {
    0 nanoseconds spent acquiring 0 JDBC connections;
    0 nanoseconds spent releasing 0 JDBC connections;
    0 nanoseconds spent preparing 0 JDBC statements;
    0 nanoseconds spent executing 0 JDBC statements;
    0 nanoseconds spent executing 0 JDBC batches;
    0 nanoseconds spent performing 0 L2C puts;
    0 nanoseconds spent performing 0 L2C hits;
    0 nanoseconds spent performing 0 L2C misses;
    0 nanoseconds spent executing 0 flushes (flushing a total of 0 entities and 0 collections);
    0 nanoseconds spent executing 0 partial-flushes (flushing a total of 0 entities and 0 collections)
}
&amp#27;[2m2025-05-11T11:17:45.205-03:00&amp#27;[0;39m &amp#27;[32m INFO&amp#27;[0;39m &amp#27;[35m16907&amp#27;[0;39m &amp#27;[2m---&amp#27;[0;39m &amp#27;[2m[           main]&amp#27;[0;39m &amp#27;[2m&amp#27;[0;39m&amp#27;[36mi.StatisticalLoggingSessionEventListener&amp#27;[0;39m &amp#27;[2m:&amp#27;[0;39m Session Metrics {
    0 nanoseconds spent acquiring 0 JDBC connections;
    0 nanoseconds spent releasing 0 JDBC connections;
    0 nanoseconds spent preparing 0 JDBC statements;
    0 nanoseconds spent executing 0 JDBC statements;
    0 nanoseconds spent executing 0 JDBC batches;
    0 nanoseconds spent performing 0 L2C puts;
    0 nanoseconds spent performing 0 L2C hits;
    0 nanoseconds spent performing 0 L2C misses;
    0 nanoseconds spent executing 0 flushes (flushing a total of 0 entities and 0 collections);
    0 nanoseconds spent executing 0 partial-flushes (flushing a total of 0 entities and 0 collections)
}
&amp#27;[2m2025-05-11T11:17:45.205-03:00&amp#27;[0;39m &amp#27;[32m INFO&amp#27;[0;39m &amp#27;[35m16907&amp#27;[0;39m &amp#27;[2m---&amp#27;[0;39m &amp#27;[2m[           main]&amp#27;[0;39m &amp#27;[2m&amp#27;[0;39m&amp#27;[36mi.StatisticalLoggingSessionEventListener&amp#27;[0;39m &amp#27;[2m:&amp#27;[0;39m Session Metrics {
    0 nanoseconds spent acquiring 0 JDBC connections;
    0 nanoseconds spent releasing 0 JDBC connections;
    0 nanoseconds spent preparing 0 JDBC statements;
    0 nanoseconds spent executing 0 JDBC statements;
    0 nanoseconds spent executing 0 JDBC batches;
    0 nanoseconds spent performing 0 L2C puts;
    0 nanoseconds spent performing 0 L2C hits;
    0 nanoseconds spent performing 0 L2C misses;
    0 nanoseconds spent executing 0 flushes (flushing a total of 0 entities and 0 collections);
    0 nanoseconds spent executing 0 partial-flushes (flushing a total of 0 entities and 0 collections)
}
&amp#27;[2m2025-05-11T11:17:45.206-03:00&amp#27;[0;39m &amp#27;[32m INFO&amp#27;[0;39m &amp#27;[35m16907&amp#27;[0;39m &amp#27;[2m---&amp#27;[0;39m &amp#27;[2m[           main]&amp#27;[0;39m &amp#27;[2m&amp#27;[0;39m&amp#27;[36mi.StatisticalLoggingSessionEventListener&amp#27;[0;39m &amp#27;[2m:&amp#27;[0;39m Session Metrics {
    0 nanoseconds spent acquiring 0 JDBC connections;
    0 nanoseconds spent releasing 0 JDBC connections;
    0 nanoseconds spent preparing 0 JDBC statements;
    0 nanoseconds spent executing 0 JDBC statements;
    0 nanoseconds spent executing 0 JDBC batches;
    0 nanoseconds spent performing 0 L2C puts;
    0 nanoseconds spent performing 0 L2C hits;
    0 nanoseconds spent performing 0 L2C misses;
    0 nanoseconds spent executing 0 flushes (flushing a total of 0 entities and 0 collections);
    0 nanoseconds spent executing 0 partial-flushes (flushing a total of 0 entities and 0 collections)
}
&amp#27;[2m2025-05-11T11:17:45.206-03:00&amp#27;[0;39m &amp#27;[32m INFO&amp#27;[0;39m &amp#27;[35m16907&amp#27;[0;39m &amp#27;[2m---&amp#27;[0;39m &amp#27;[2m[           main]&amp#27;[0;39m &amp#27;[2m&amp#27;[0;39m&amp#27;[36mi.StatisticalLoggingSessionEventListener&amp#27;[0;39m &amp#27;[2m:&amp#27;[0;39m Session Metrics {
    0 nanoseconds spent acquiring 0 JDBC connections;
    0 nanoseconds spent releasing 0 JDBC connections;
    0 nanoseconds spent preparing 0 JDBC statements;
    0 nanoseconds spent executing 0 JDBC statements;
    0 nanoseconds spent executing 0 JDBC batches;
    0 nanoseconds spent performing 0 L2C puts;
    0 nanoseconds spent performing 0 L2C hits;
    0 nanoseconds spent performing 0 L2C misses;
    0 nanoseconds spent executing 0 flushes (flushing a total of 0 entities and 0 collections);
    0 nanoseconds spent executing 0 partial-flushes (flushing a total of 0 entities and 0 collections)
}
&amp#27;[2m2025-05-11T11:17:45.206-03:00&amp#27;[0;39m &amp#27;[32m INFO&amp#27;[0;39m &amp#27;[35m16907&amp#27;[0;39m &amp#27;[2m---&amp#27;[0;39m &amp#27;[2m[           main]&amp#27;[0;39m &amp#27;[2m&amp#27;[0;39m&amp#27;[36mi.StatisticalLoggingSessionEventListener&amp#27;[0;39m &amp#27;[2m:&amp#27;[0;39m Session Metrics {
    0 nanoseconds spent acquiring 0 JDBC connections;
    0 nanoseconds spent releasing 0 JDBC connections;
    0 nanoseconds spent preparing 0 JDBC statements;
    0 nanoseconds spent executing 0 JDBC statements;
    0 nanoseconds spent executing 0 JDBC batches;
    0 nanoseconds spent performing 0 L2C puts;
    0 nanoseconds spent performing 0 L2C hits;
    0 nanoseconds spent performing 0 L2C misses;
    0 nanoseconds spent executing 0 flushes (flushing a total of 0 entities and 0 collections);
    0 nanoseconds spent executing 0 partial-flushes (flushing a total of 0 entities and 0 collections)
}
&amp#27;[2m2025-05-11T11:17:45.206-03:00&amp#27;[0;39m &amp#27;[32m INFO&amp#27;[0;39m &amp#27;[35m16907&amp#27;[0;39m &amp#27;[2m---&amp#27;[0;39m &amp#27;[2m[           main]&amp#27;[0;39m &amp#27;[2m&amp#27;[0;39m&amp#27;[36mi.StatisticalLoggingSessionEventListener&amp#27;[0;39m &amp#27;[2m:&amp#27;[0;39m Session Metrics {
    0 nanoseconds spent acquiring 0 JDBC connections;
    0 nanoseconds spent releasing 0 JDBC connections;
    0 nanoseconds spent preparing 0 JDBC statements;
    0 nanoseconds spent executing 0 JDBC statements;
    0 nanoseconds spent executing 0 JDBC batches;
    0 nanoseconds spent performing 0 L2C puts;
    0 nanoseconds spent performing 0 L2C hits;
    0 nanoseconds spent performing 0 L2C misses;
    0 nanoseconds spent executing 0 flushes (flushing a total of 0 entities and 0 collections);
    0 nanoseconds spent executing 0 partial-flushes (flushing a total of 0 entities and 0 collections)
}
&amp#27;[2m2025-05-11T11:17:45.318-03:00&amp#27;[0;39m &amp#27;[32mDEBUG&amp#27;[0;39m &amp#27;[35m16907&amp#27;[0;39m &amp#27;[2m---&amp#27;[0;39m &amp#27;[2m[           main]&amp#27;[0;39m &amp#27;[2m&amp#27;[0;39m&amp#27;[36ms.w.s.m.m.a.RequestMappingHandlerMapping&amp#27;[0;39m &amp#27;[2m:&amp#27;[0;39m 115 mappings in 'requestMappingHandlerMapping'
&amp#27;[2m2025-05-11T11:17:45.400-03:00&amp#27;[0;39m &amp#27;[32mDEBUG&amp#27;[0;39m &amp#27;[35m16907&amp#27;[0;39m &amp#27;[2m---&amp#27;[0;39m &amp#27;[2m[           main]&amp#27;[0;39m &amp#27;[2m&amp#27;[0;39m&amp#27;[36mo.s.w.s.handler.SimpleUrlHandlerMapping &amp#27;[0;39m &amp#27;[2m:&amp#27;[0;39m Patterns [/webjars/**, /**, /api/auth/**, /uploads/**] in 'resourceHandlerMapping'
&amp#27;[2m2025-05-11T11:17:45.486-03:00&amp#27;[0;39m &amp#27;[32m INFO&amp#27;[0;39m &amp#27;[35m16907&amp#27;[0;39m &amp#27;[2m---&amp#27;[0;39m &amp#27;[2m[           main]&amp#27;[0;39m &amp#27;[2m&amp#27;[0;39m&amp#27;[36mo.s.b.a.e.web.EndpointLinksResolver     &amp#27;[0;39m &amp#27;[2m:&amp#27;[0;39m Exposing 4 endpoint(s) beneath base path '/actuator'
&amp#27;[2m2025-05-11T11:17:45.525-03:00&amp#27;[0;39m &amp#27;[32m INFO&amp#27;[0;39m &amp#27;[35m16907&amp#27;[0;39m &amp#27;[2m---&amp#27;[0;39m &amp#27;[2m[           main]&amp#27;[0;39m &amp#27;[2m&amp#27;[0;39m&amp#27;[36mo.s.s.web.DefaultSecurityFilterChain    &amp#27;[0;39m &amp#27;[2m:&amp#27;[0;39m Will secure any request with [org.springframework.security.web.session.DisableEncodeUrlFilter@1235d778, org.springframework.security.web.context.request.async.WebAsyncManagerIntegrationFilter@5d7341a8, org.springframework.security.web.context.SecurityContextHolderFilter@574e1381, org.springframework.security.web.header.HeaderWriterFilter@bb832f0, org.springframework.web.filter.CorsFilter@1a596879, org.springframework.security.web.authentication.logout.LogoutFilter@3776a2f2, org.springframework.security.web.savedrequest.RequestCacheAwareFilter@55d8cb9, org.springframework.security.web.servletapi.SecurityContextHolderAwareRequestFilter@7b364711, org.springframework.security.web.authentication.AnonymousAuthenticationFilter@75ee4105, org.springframework.security.web.session.SessionManagementFilter@597880b1, org.springframework.security.web.access.ExceptionTranslationFilter@1abd92c6, org.springframework.security.web.access.intercept.AuthorizationFilter@42bd5540]
&amp#27;[2m2025-05-11T11:17:45.640-03:00&amp#27;[0;39m &amp#27;[32mDEBUG&amp#27;[0;39m &amp#27;[35m16907&amp#27;[0;39m &amp#27;[2m---&amp#27;[0;39m &amp#27;[2m[           main]&amp#27;[0;39m &amp#27;[2m&amp#27;[0;39m&amp#27;[36ms.w.s.m.m.a.RequestMappingHandlerAdapter&amp#27;[0;39m &amp#27;[2m:&amp#27;[0;39m ControllerAdvice beans: 0 @ModelAttribute, 0 @InitBinder, 1 RequestBodyAdvice, 1 ResponseBodyAdvice
&amp#27;[2m2025-05-11T11:17:45.660-03:00&amp#27;[0;39m &amp#27;[32mDEBUG&amp#27;[0;39m &amp#27;[35m16907&amp#27;[0;39m &amp#27;[2m---&amp#27;[0;39m &amp#27;[2m[           main]&amp#27;[0;39m &amp#27;[2m&amp#27;[0;39m&amp#27;[36m.m.m.a.ExceptionHandlerExceptionResolver&amp#27;[0;39m &amp#27;[2m:&amp#27;[0;39m ControllerAdvice beans: 2 @ExceptionHandler, 1 ResponseBodyAdvice
&amp#27;[2m2025-05-11T11:17:45.784-03:00&amp#27;[0;39m &amp#27;[32m INFO&amp#27;[0;39m &amp#27;[35m16907&amp#27;[0;39m &amp#27;[2m---&amp#27;[0;39m &amp#27;[2m[           main]&amp#27;[0;39m &amp#27;[2m&amp#27;[0;39m&amp#27;[36mc.c.e.util.DelitoCsvImporterTest        &amp#27;[0;39m &amp#27;[2m:&amp#27;[0;39m Started DelitoCsvImporterTest in 5.48 seconds (process running for 5.94)
&amp#27;[2m2025-05-11T11:17:46.143-03:00&amp#27;[0;39m &amp#27;[32mDEBUG&amp#27;[0;39m &amp#27;[35m16907&amp#27;[0;39m &amp#27;[2m---&amp#27;[0;39m &amp#27;[2m[           main]&amp#27;[0;39m &amp#27;[2m&amp#27;[0;39m&amp#27;[36morg.hibernate.SQL                       &amp#27;[0;39m &amp#27;[2m:&amp#27;[0;39m 
    /* <criteria> */ select
        d1_0.id,
        d1_0.actualizado_en,
        d1_0.codigo_penal,
        d1_0.creado_en,
        d1_0.descripcion,
        d1_0.nombre,
        d1_0.pena_maxima,
        d1_0.pena_minima,
        d1_0.tipo_pena,
        d1_0.valoracion 
    from
        delito d1_0 
    where
        upper(d1_0.nombre) like upper(?) escape '\'
Hibernate: 
    /* <criteria> */ select
        d1_0.id,
        d1_0.actualizado_en,
        d1_0.codigo_penal,
        d1_0.creado_en,
        d1_0.descripcion,
        d1_0.nombre,
        d1_0.pena_maxima,
        d1_0.pena_minima,
        d1_0.tipo_pena,
        d1_0.valoracion 
    from
        delito d1_0 
    where
        upper(d1_0.nombre) like upper(?) escape '\'
&amp#27;[2m2025-05-11T11:17:46.177-03:00&amp#27;[0;39m &amp#27;[32m INFO&amp#27;[0;39m &amp#27;[35m16907&amp#27;[0;39m &amp#27;[2m---&amp#27;[0;39m &amp#27;[2m[           main]&amp#27;[0;39m &amp#27;[2m&amp#27;[0;39m&amp#27;[36mi.StatisticalLoggingSessionEventListener&amp#27;[0;39m &amp#27;[2m:&amp#27;[0;39m Session Metrics {
    2829542 nanoseconds spent acquiring 1 JDBC connections;
    0 nanoseconds spent releasing 0 JDBC connections;
    2909625 nanoseconds spent preparing 1 JDBC statements;
    21369791 nanoseconds spent executing 1 JDBC statements;
    0 nanoseconds spent executing 0 JDBC batches;
    0 nanoseconds spent performing 0 L2C puts;
    0 nanoseconds spent performing 0 L2C hits;
    0 nanoseconds spent performing 0 L2C misses;
    0 nanoseconds spent executing 0 flushes (flushing a total of 0 entities and 0 collections);
    0 nanoseconds spent executing 0 partial-flushes (flushing a total of 0 entities and 0 collections)
}
&amp#27;[2m2025-05-11T11:17:46.180-03:00&amp#27;[0;39m &amp#27;[32mDEBUG&amp#27;[0;39m &amp#27;[35m16907&amp#27;[0;39m &amp#27;[2m---&amp#27;[0;39m &amp#27;[2m[           main]&amp#27;[0;39m &amp#27;[2m&amp#27;[0;39m&amp#27;[36morg.hibernate.SQL                       &amp#27;[0;39m &amp#27;[2m:&amp#27;[0;39m 
    /* <criteria> */ select
        d1_0.id,
        d1_0.actualizado_en,
        d1_0.codigo_penal,
        d1_0.creado_en,
        d1_0.descripcion,
        d1_0.nombre,
        d1_0.pena_maxima,
        d1_0.pena_minima,
        d1_0.tipo_pena,
        d1_0.valoracion 
    from
        delito d1_0 
    where
        upper(d1_0.nombre) like upper(?) escape '\'
Hibernate: 
    /* <criteria> */ select
        d1_0.id,
        d1_0.actualizado_en,
        d1_0.codigo_penal,
        d1_0.creado_en,
        d1_0.descripcion,
        d1_0.nombre,
        d1_0.pena_maxima,
        d1_0.pena_minima,
        d1_0.tipo_pena,
        d1_0.valoracion 
    from
        delito d1_0 
    where
        upper(d1_0.nombre) like upper(?) escape '\'
&amp#27;[2m2025-05-11T11:17:46.182-03:00&amp#27;[0;39m &amp#27;[32m INFO&amp#27;[0;39m &amp#27;[35m16907&amp#27;[0;39m &amp#27;[2m---&amp#27;[0;39m &amp#27;[2m[           main]&amp#27;[0;39m &amp#27;[2m&amp#27;[0;39m&amp#27;[36mi.StatisticalLoggingSessionEventListener&amp#27;[0;39m &amp#27;[2m:&amp#27;[0;39m Session Metrics {
    12750 nanoseconds spent acquiring 1 JDBC connections;
    0 nanoseconds spent releasing 0 JDBC connections;
    38375 nanoseconds spent preparing 1 JDBC statements;
    1208375 nanoseconds spent executing 1 JDBC statements;
    0 nanoseconds spent executing 0 JDBC batches;
    0 nanoseconds spent performing 0 L2C puts;
    0 nanoseconds spent performing 0 L2C hits;
    0 nanoseconds spent performing 0 L2C misses;
    0 nanoseconds spent executing 0 flushes (flushing a total of 0 entities and 0 collections);
    0 nanoseconds spent executing 0 partial-flushes (flushing a total of 0 entities and 0 collections)
}
&amp#27;[2m2025-05-11T11:17:46.182-03:00&amp#27;[0;39m &amp#27;[32mDEBUG&amp#27;[0;39m &amp#27;[35m16907&amp#27;[0;39m &amp#27;[2m---&amp#27;[0;39m &amp#27;[2m[           main]&amp#27;[0;39m &amp#27;[2m&amp#27;[0;39m&amp#27;[36morg.hibernate.SQL                       &amp#27;[0;39m &amp#27;[2m:&amp#27;[0;39m 
    /* <criteria> */ select
        d1_0.id,
        d1_0.actualizado_en,
        d1_0.codigo_penal,
        d1_0.creado_en,
        d1_0.descripcion,
        d1_0.nombre,
        d1_0.pena_maxima,
        d1_0.pena_minima,
        d1_0.tipo_pena,
        d1_0.valoracion 
    from
        delito d1_0 
    where
        upper(d1_0.nombre) like upper(?) escape '\'
Hibernate: 
    /* <criteria> */ select
        d1_0.id,
        d1_0.actualizado_en,
        d1_0.codigo_penal,
        d1_0.creado_en,
        d1_0.descripcion,
        d1_0.nombre,
        d1_0.pena_maxima,
        d1_0.pena_minima,
        d1_0.tipo_pena,
        d1_0.valoracion 
    from
        delito d1_0 
    where
        upper(d1_0.nombre) like upper(?) escape '\'
&amp#27;[2m2025-05-11T11:17:46.184-03:00&amp#27;[0;39m &amp#27;[32m INFO&amp#27;[0;39m &amp#27;[35m16907&amp#27;[0;39m &amp#27;[2m---&amp#27;[0;39m &amp#27;[2m[           main]&amp#27;[0;39m &amp#27;[2m&amp#27;[0;39m&amp#27;[36mi.StatisticalLoggingSessionEventListener&amp#27;[0;39m &amp#27;[2m:&amp#27;[0;39m Session Metrics {
    10000 nanoseconds spent acquiring 1 JDBC connections;
    0 nanoseconds spent releasing 0 JDBC connections;
    27708 nanoseconds spent preparing 1 JDBC statements;
    1024250 nanoseconds spent executing 1 JDBC statements;
    0 nanoseconds spent executing 0 JDBC batches;
    0 nanoseconds spent performing 0 L2C puts;
    0 nanoseconds spent performing 0 L2C hits;
    0 nanoseconds spent performing 0 L2C misses;
    0 nanoseconds spent executing 0 flushes (flushing a total of 0 entities and 0 collections);
    0 nanoseconds spent executing 0 partial-flushes (flushing a total of 0 entities and 0 collections)
}
&amp#27;[2m2025-05-11T11:17:46.185-03:00&amp#27;[0;39m &amp#27;[32mDEBUG&amp#27;[0;39m &amp#27;[35m16907&amp#27;[0;39m &amp#27;[2m---&amp#27;[0;39m &amp#27;[2m[           main]&amp#27;[0;39m &amp#27;[2m&amp#27;[0;39m&amp#27;[36morg.hibernate.SQL                       &amp#27;[0;39m &amp#27;[2m:&amp#27;[0;39m 
    /* <criteria> */ select
        d1_0.id,
        d1_0.actualizado_en,
        d1_0.codigo_penal,
        d1_0.creado_en,
        d1_0.descripcion,
        d1_0.nombre,
        d1_0.pena_maxima,
        d1_0.pena_minima,
        d1_0.tipo_pena,
        d1_0.valoracion 
    from
        delito d1_0 
    where
        upper(d1_0.nombre) like upper(?) escape '\'
Hibernate: 
    /* <criteria> */ select
        d1_0.id,
        d1_0.actualizado_en,
        d1_0.codigo_penal,
        d1_0.creado_en,
        d1_0.descripcion,
        d1_0.nombre,
        d1_0.pena_maxima,
        d1_0.pena_minima,
        d1_0.tipo_pena,
        d1_0.valoracion 
    from
        delito d1_0 
    where
        upper(d1_0.nombre) like upper(?) escape '\'
&amp#27;[2m2025-05-11T11:17:46.186-03:00&amp#27;[0;39m &amp#27;[32m INFO&amp#27;[0;39m &amp#27;[35m16907&amp#27;[0;39m &amp#27;[2m---&amp#27;[0;39m &amp#27;[2m[           main]&amp#27;[0;39m &amp#27;[2m&amp#27;[0;39m&amp#27;[36mi.StatisticalLoggingSessionEventListener&amp#27;[0;39m &amp#27;[2m:&amp#27;[0;39m Session Metrics {
    17708 nanoseconds spent acquiring 1 JDBC connections;
    0 nanoseconds spent releasing 0 JDBC connections;
    38833 nanoseconds spent preparing 1 JDBC statements;
    1007541 nanoseconds spent executing 1 JDBC statements;
    0 nanoseconds spent executing 0 JDBC batches;
    0 nanoseconds spent performing 0 L2C puts;
    0 nanoseconds spent performing 0 L2C hits;
    0 nanoseconds spent performing 0 L2C misses;
    0 nanoseconds spent executing 0 flushes (flushing a total of 0 entities and 0 collections);
    0 nanoseconds spent executing 0 partial-flushes (flushing a total of 0 entities and 0 collections)
}
&amp#27;[2m2025-05-11T11:17:46.187-03:00&amp#27;[0;39m &amp#27;[32mDEBUG&amp#27;[0;39m &amp#27;[35m16907&amp#27;[0;39m &amp#27;[2m---&amp#27;[0;39m &amp#27;[2m[           main]&amp#27;[0;39m &amp#27;[2m&amp#27;[0;39m&amp#27;[36morg.hibernate.SQL                       &amp#27;[0;39m &amp#27;[2m:&amp#27;[0;39m 
    /* <criteria> */ select
        d1_0.id,
        d1_0.actualizado_en,
        d1_0.codigo_penal,
        d1_0.creado_en,
        d1_0.descripcion,
        d1_0.nombre,
        d1_0.pena_maxima,
        d1_0.pena_minima,
        d1_0.tipo_pena,
        d1_0.valoracion 
    from
        delito d1_0 
    where
        upper(d1_0.nombre) like upper(?) escape '\'
Hibernate: 
    /* <criteria> */ select
        d1_0.id,
        d1_0.actualizado_en,
        d1_0.codigo_penal,
        d1_0.creado_en,
        d1_0.descripcion,
        d1_0.nombre,
        d1_0.pena_maxima,
        d1_0.pena_minima,
        d1_0.tipo_pena,
        d1_0.valoracion 
    from
        delito d1_0 
    where
        upper(d1_0.nombre) like upper(?) escape '\'
&amp#27;[2m2025-05-11T11:17:46.189-03:00&amp#27;[0;39m &amp#27;[32m INFO&amp#27;[0;39m &amp#27;[35m16907&amp#27;[0;39m &amp#27;[2m---&amp#27;[0;39m &amp#27;[2m[           main]&amp#27;[0;39m &amp#27;[2m&amp#27;[0;39m&amp#27;[36mi.StatisticalLoggingSessionEventListener&amp#27;[0;39m &amp#27;[2m:&amp#27;[0;39m Session Metrics {
    11208 nanoseconds spent acquiring 1 JDBC connections;
    0 nanoseconds spent releasing 0 JDBC connections;
    31250 nanoseconds spent preparing 1 JDBC statements;
    1006417 nanoseconds spent executing 1 JDBC statements;
    0 nanoseconds spent executing 0 JDBC batches;
    0 nanoseconds spent performing 0 L2C puts;
    0 nanoseconds spent performing 0 L2C hits;
    0 nanoseconds spent performing 0 L2C misses;
    0 nanoseconds spent executing 0 flushes (flushing a total of 0 entities and 0 collections);
    0 nanoseconds spent executing 0 partial-flushes (flushing a total of 0 entities and 0 collections)
}
&amp#27;[2m2025-05-11T11:17:46.190-03:00&amp#27;[0;39m &amp#27;[32mDEBUG&amp#27;[0;39m &amp#27;[35m16907&amp#27;[0;39m &amp#27;[2m---&amp#27;[0;39m &amp#27;[2m[           main]&amp#27;[0;39m &amp#27;[2m&amp#27;[0;39m&amp#27;[36morg.hibernate.SQL                       &amp#27;[0;39m &amp#27;[2m:&amp#27;[0;39m 
    /* <criteria> */ select
        d1_0.id,
        d1_0.actualizado_en,
        d1_0.codigo_penal,
        d1_0.creado_en,
        d1_0.descripcion,
        d1_0.nombre,
        d1_0.pena_maxima,
        d1_0.pena_minima,
        d1_0.tipo_pena,
        d1_0.valoracion 
    from
        delito d1_0 
    where
        upper(d1_0.nombre) like upper(?) escape '\'
Hibernate: 
    /* <criteria> */ select
        d1_0.id,
        d1_0.actualizado_en,
        d1_0.codigo_penal,
        d1_0.creado_en,
        d1_0.descripcion,
        d1_0.nombre,
        d1_0.pena_maxima,
        d1_0.pena_minima,
        d1_0.tipo_pena,
        d1_0.valoracion 
    from
        delito d1_0 
    where
        upper(d1_0.nombre) like upper(?) escape '\'
&amp#27;[2m2025-05-11T11:17:46.191-03:00&amp#27;[0;39m &amp#27;[32m INFO&amp#27;[0;39m &amp#27;[35m16907&amp#27;[0;39m &amp#27;[2m---&amp#27;[0;39m &amp#27;[2m[           main]&amp#27;[0;39m &amp#27;[2m&amp#27;[0;39m&amp#27;[36mi.StatisticalLoggingSessionEventListener&amp#27;[0;39m &amp#27;[2m:&amp#27;[0;39m Session Metrics {
    13083 nanoseconds spent acquiring 1 JDBC connections;
    0 nanoseconds spent releasing 0 JDBC connections;
    32625 nanoseconds spent preparing 1 JDBC statements;
    1021375 nanoseconds spent executing 1 JDBC statements;
    0 nanoseconds spent executing 0 JDBC batches;
    0 nanoseconds spent performing 0 L2C puts;
    0 nanoseconds spent performing 0 L2C hits;
    0 nanoseconds spent performing 0 L2C misses;
    0 nanoseconds spent executing 0 flushes (flushing a total of 0 entities and 0 collections);
    0 nanoseconds spent executing 0 partial-flushes (flushing a total of 0 entities and 0 collections)
}
&amp#27;[2m2025-05-11T11:17:46.192-03:00&amp#27;[0;39m &amp#27;[32mDEBUG&amp#27;[0;39m &amp#27;[35m16907&amp#27;[0;39m &amp#27;[2m---&amp#27;[0;39m &amp#27;[2m[           main]&amp#27;[0;39m &amp#27;[2m&amp#27;[0;39m&amp#27;[36morg.hibernate.SQL                       &amp#27;[0;39m &amp#27;[2m:&amp#27;[0;39m 
    /* <criteria> */ select
        d1_0.id,
        d1_0.actualizado_en,
        d1_0.codigo_penal,
        d1_0.creado_en,
        d1_0.descripcion,
        d1_0.nombre,
        d1_0.pena_maxima,
        d1_0.pena_minima,
        d1_0.tipo_pena,
        d1_0.valoracion 
    from
        delito d1_0 
    where
        upper(d1_0.nombre) like upper(?) escape '\'
Hibernate: 
    /* <criteria> */ select
        d1_0.id,
        d1_0.actualizado_en,
        d1_0.codigo_penal,
        d1_0.creado_en,
        d1_0.descripcion,
        d1_0.nombre,
        d1_0.pena_maxima,
        d1_0.pena_minima,
        d1_0.tipo_pena,
        d1_0.valoracion 
    from
        delito d1_0 
    where
        upper(d1_0.nombre) like upper(?) escape '\'
&amp#27;[2m2025-05-11T11:17:46.194-03:00&amp#27;[0;39m &amp#27;[32m INFO&amp#27;[0;39m &amp#27;[35m16907&amp#27;[0;39m &amp#27;[2m---&amp#27;[0;39m &amp#27;[2m[           main]&amp#27;[0;39m &amp#27;[2m&amp#27;[0;39m&amp#27;[36mi.StatisticalLoggingSessionEventListener&amp#27;[0;39m &amp#27;[2m:&amp#27;[0;39m Session Metrics {
    11875 nanoseconds spent acquiring 1 JDBC connections;
    0 nanoseconds spent releasing 0 JDBC connections;
    32417 nanoseconds spent preparing 1 JDBC statements;
    1091333 nanoseconds spent executing 1 JDBC statements;
    0 nanoseconds spent executing 0 JDBC batches;
    0 nanoseconds spent performing 0 L2C puts;
    0 nanoseconds spent performing 0 L2C hits;
    0 nanoseconds spent performing 0 L2C misses;
    0 nanoseconds spent executing 0 flushes (flushing a total of 0 entities and 0 collections);
    0 nanoseconds spent executing 0 partial-flushes (flushing a total of 0 entities and 0 collections)
}
&amp#27;[2m2025-05-11T11:17:46.194-03:00&amp#27;[0;39m &amp#27;[32mDEBUG&amp#27;[0;39m &amp#27;[35m16907&amp#27;[0;39m &amp#27;[2m---&amp#27;[0;39m &amp#27;[2m[           main]&amp#27;[0;39m &amp#27;[2m&amp#27;[0;39m&amp#27;[36morg.hibernate.SQL                       &amp#27;[0;39m &amp#27;[2m:&amp#27;[0;39m 
    /* <criteria> */ select
        d1_0.id,
        d1_0.actualizado_en,
        d1_0.codigo_penal,
        d1_0.creado_en,
        d1_0.descripcion,
        d1_0.nombre,
        d1_0.pena_maxima,
        d1_0.pena_minima,
        d1_0.tipo_pena,
        d1_0.valoracion 
    from
        delito d1_0 
    where
        upper(d1_0.nombre) like upper(?) escape '\'
Hibernate: 
    /* <criteria> */ select
        d1_0.id,
        d1_0.actualizado_en,
        d1_0.codigo_penal,
        d1_0.creado_en,
        d1_0.descripcion,
        d1_0.nombre,
        d1_0.pena_maxima,
        d1_0.pena_minima,
        d1_0.tipo_pena,
        d1_0.valoracion 
    from
        delito d1_0 
    where
        upper(d1_0.nombre) like upper(?) escape '\'
&amp#27;[2m2025-05-11T11:17:46.196-03:00&amp#27;[0;39m &amp#27;[32m INFO&amp#27;[0;39m &amp#27;[35m16907&amp#27;[0;39m &amp#27;[2m---&amp#27;[0;39m &amp#27;[2m[           main]&amp#27;[0;39m &amp#27;[2m&amp#27;[0;39m&amp#27;[36mi.StatisticalLoggingSessionEventListener&amp#27;[0;39m &amp#27;[2m:&amp#27;[0;39m Session Metrics {
    10000 nanoseconds spent acquiring 1 JDBC connections;
    0 nanoseconds spent releasing 0 JDBC connections;
    30375 nanoseconds spent preparing 1 JDBC statements;
    998750 nanoseconds spent executing 1 JDBC statements;
    0 nanoseconds spent executing 0 JDBC batches;
    0 nanoseconds spent performing 0 L2C puts;
    0 nanoseconds spent performing 0 L2C hits;
    0 nanoseconds spent performing 0 L2C misses;
    0 nanoseconds spent executing 0 flushes (flushing a total of 0 entities and 0 collections);
    0 nanoseconds spent executing 0 partial-flushes (flushing a total of 0 entities and 0 collections)
}
&amp#27;[2m2025-05-11T11:17:46.197-03:00&amp#27;[0;39m &amp#27;[32mDEBUG&amp#27;[0;39m &amp#27;[35m16907&amp#27;[0;39m &amp#27;[2m---&amp#27;[0;39m &amp#27;[2m[           main]&amp#27;[0;39m &amp#27;[2m&amp#27;[0;39m&amp#27;[36morg.hibernate.SQL                       &amp#27;[0;39m &amp#27;[2m:&amp#27;[0;39m 
    /* <criteria> */ select
        d1_0.id,
        d1_0.actualizado_en,
        d1_0.codigo_penal,
        d1_0.creado_en,
        d1_0.descripcion,
        d1_0.nombre,
        d1_0.pena_maxima,
        d1_0.pena_minima,
        d1_0.tipo_pena,
        d1_0.valoracion 
    from
        delito d1_0 
    where
        upper(d1_0.nombre) like upper(?) escape '\'
Hibernate: 
    /* <criteria> */ select
        d1_0.id,
        d1_0.actualizado_en,
        d1_0.codigo_penal,
        d1_0.creado_en,
        d1_0.descripcion,
        d1_0.nombre,
        d1_0.pena_maxima,
        d1_0.pena_minima,
        d1_0.tipo_pena,
        d1_0.valoracion 
    from
        delito d1_0 
    where
        upper(d1_0.nombre) like upper(?) escape '\'
&amp#27;[2m2025-05-11T11:17:46.198-03:00&amp#27;[0;39m &amp#27;[32m INFO&amp#27;[0;39m &amp#27;[35m16907&amp#27;[0;39m &amp#27;[2m---&amp#27;[0;39m &amp#27;[2m[           main]&amp#27;[0;39m &amp#27;[2m&amp#27;[0;39m&amp#27;[36mi.StatisticalLoggingSessionEventListener&amp#27;[0;39m &amp#27;[2m:&amp#27;[0;39m Session Metrics {
    13709 nanoseconds spent acquiring 1 JDBC connections;
    0 nanoseconds spent releasing 0 JDBC connections;
    39333 nanoseconds spent preparing 1 JDBC statements;
    1177917 nanoseconds spent executing 1 JDBC statements;
    0 nanoseconds spent executing 0 JDBC batches;
    0 nanoseconds spent performing 0 L2C puts;
    0 nanoseconds spent performing 0 L2C hits;
    0 nanoseconds spent performing 0 L2C misses;
    0 nanoseconds spent executing 0 flushes (flushing a total of 0 entities and 0 collections);
    0 nanoseconds spent executing 0 partial-flushes (flushing a total of 0 entities and 0 collections)
}
&amp#27;[2m2025-05-11T11:17:46.199-03:00&amp#27;[0;39m &amp#27;[32mDEBUG&amp#27;[0;39m &amp#27;[35m16907&amp#27;[0;39m &amp#27;[2m---&amp#27;[0;39m &amp#27;[2m[           main]&amp#27;[0;39m &amp#27;[2m&amp#27;[0;39m&amp#27;[36morg.hibernate.SQL                       &amp#27;[0;39m &amp#27;[2m:&amp#27;[0;39m 
    /* <criteria> */ select
        d1_0.id,
        d1_0.actualizado_en,
        d1_0.codigo_penal,
        d1_0.creado_en,
        d1_0.descripcion,
        d1_0.nombre,
        d1_0.pena_maxima,
        d1_0.pena_minima,
        d1_0.tipo_pena,
        d1_0.valoracion 
    from
        delito d1_0 
    where
        upper(d1_0.nombre) like upper(?) escape '\'
Hibernate: 
    /* <criteria> */ select
        d1_0.id,
        d1_0.actualizado_en,
        d1_0.codigo_penal,
        d1_0.creado_en,
        d1_0.descripcion,
        d1_0.nombre,
        d1_0.pena_maxima,
        d1_0.pena_minima,
        d1_0.tipo_pena,
        d1_0.valoracion 
    from
        delito d1_0 
    where
        upper(d1_0.nombre) like upper(?) escape '\'
&amp#27;[2m2025-05-11T11:17:46.201-03:00&amp#27;[0;39m &amp#27;[32m INFO&amp#27;[0;39m &amp#27;[35m16907&amp#27;[0;39m &amp#27;[2m---&amp#27;[0;39m &amp#27;[2m[           main]&amp#27;[0;39m &amp#27;[2m&amp#27;[0;39m&amp#27;[36mi.StatisticalLoggingSessionEventListener&amp#27;[0;39m &amp#27;[2m:&amp#27;[0;39m Session Metrics {
    13000 nanoseconds spent acquiring 1 JDBC connections;
    0 nanoseconds spent releasing 0 JDBC connections;
    33125 nanoseconds spent preparing 1 JDBC statements;
    1128208 nanoseconds spent executing 1 JDBC statements;
    0 nanoseconds spent executing 0 JDBC batches;
    0 nanoseconds spent performing 0 L2C puts;
    0 nanoseconds spent performing 0 L2C hits;
    0 nanoseconds spent performing 0 L2C misses;
    0 nanoseconds spent executing 0 flushes (flushing a total of 0 entities and 0 collections);
    0 nanoseconds spent executing 0 partial-flushes (flushing a total of 0 entities and 0 collections)
}
&amp#27;[2m2025-05-11T11:17:46.202-03:00&amp#27;[0;39m &amp#27;[32mDEBUG&amp#27;[0;39m &amp#27;[35m16907&amp#27;[0;39m &amp#27;[2m---&amp#27;[0;39m &amp#27;[2m[           main]&amp#27;[0;39m &amp#27;[2m&amp#27;[0;39m&amp#27;[36morg.hibernate.SQL                       &amp#27;[0;39m &amp#27;[2m:&amp#27;[0;39m 
    /* <criteria> */ select
        d1_0.id,
        d1_0.actualizado_en,
        d1_0.codigo_penal,
        d1_0.creado_en,
        d1_0.descripcion,
        d1_0.nombre,
        d1_0.pena_maxima,
        d1_0.pena_minima,
        d1_0.tipo_pena,
        d1_0.valoracion 
    from
        delito d1_0 
    where
        upper(d1_0.nombre) like upper(?) escape '\'
Hibernate: 
    /* <criteria> */ select
        d1_0.id,
        d1_0.actualizado_en,
        d1_0.codigo_penal,
        d1_0.creado_en,
        d1_0.descripcion,
        d1_0.nombre,
        d1_0.pena_maxima,
        d1_0.pena_minima,
        d1_0.tipo_pena,
        d1_0.valoracion 
    from
        delito d1_0 
    where
        upper(d1_0.nombre) like upper(?) escape '\'
&amp#27;[2m2025-05-11T11:17:46.203-03:00&amp#27;[0;39m &amp#27;[32m INFO&amp#27;[0;39m &amp#27;[35m16907&amp#27;[0;39m &amp#27;[2m---&amp#27;[0;39m &amp#27;[2m[           main]&amp#27;[0;39m &amp#27;[2m&amp#27;[0;39m&amp#27;[36mi.StatisticalLoggingSessionEventListener&amp#27;[0;39m &amp#27;[2m:&amp#27;[0;39m Session Metrics {
    11708 nanoseconds spent acquiring 1 JDBC connections;
    0 nanoseconds spent releasing 0 JDBC connections;
    32750 nanoseconds spent preparing 1 JDBC statements;
    1039375 nanoseconds spent executing 1 JDBC statements;
    0 nanoseconds spent executing 0 JDBC batches;
    0 nanoseconds spent performing 0 L2C puts;
    0 nanoseconds spent performing 0 L2C hits;
    0 nanoseconds spent performing 0 L2C misses;
    0 nanoseconds spent executing 0 flushes (flushing a total of 0 entities and 0 collections);
    0 nanoseconds spent executing 0 partial-flushes (flushing a total of 0 entities and 0 collections)
}
&amp#27;[2m2025-05-11T11:17:46.204-03:00&amp#27;[0;39m &amp#27;[32mDEBUG&amp#27;[0;39m &amp#27;[35m16907&amp#27;[0;39m &amp#27;[2m---&amp#27;[0;39m &amp#27;[2m[           main]&amp#27;[0;39m &amp#27;[2m&amp#27;[0;39m&amp#27;[36morg.hibernate.SQL                       &amp#27;[0;39m &amp#27;[2m:&amp#27;[0;39m 
    /* <criteria> */ select
        d1_0.id,
        d1_0.actualizado_en,
        d1_0.codigo_penal,
        d1_0.creado_en,
        d1_0.descripcion,
        d1_0.nombre,
        d1_0.pena_maxima,
        d1_0.pena_minima,
        d1_0.tipo_pena,
        d1_0.valoracion 
    from
        delito d1_0 
    where
        upper(d1_0.nombre) like upper(?) escape '\'
Hibernate: 
    /* <criteria> */ select
        d1_0.id,
        d1_0.actualizado_en,
        d1_0.codigo_penal,
        d1_0.creado_en,
        d1_0.descripcion,
        d1_0.nombre,
        d1_0.pena_maxima,
        d1_0.pena_minima,
        d1_0.tipo_pena,
        d1_0.valoracion 
    from
        delito d1_0 
    where
        upper(d1_0.nombre) like upper(?) escape '\'
&amp#27;[2m2025-05-11T11:17:46.206-03:00&amp#27;[0;39m &amp#27;[32m INFO&amp#27;[0;39m &amp#27;[35m16907&amp#27;[0;39m &amp#27;[2m---&amp#27;[0;39m &amp#27;[2m[           main]&amp#27;[0;39m &amp#27;[2m&amp#27;[0;39m&amp#27;[36mi.StatisticalLoggingSessionEventListener&amp#27;[0;39m &amp#27;[2m:&amp#27;[0;39m Session Metrics {
    11459 nanoseconds spent acquiring 1 JDBC connections;
    0 nanoseconds spent releasing 0 JDBC connections;
    32042 nanoseconds spent preparing 1 JDBC statements;
    1031458 nanoseconds spent executing 1 JDBC statements;
    0 nanoseconds spent executing 0 JDBC batches;
    0 nanoseconds spent performing 0 L2C puts;
    0 nanoseconds spent performing 0 L2C hits;
    0 nanoseconds spent performing 0 L2C misses;
    0 nanoseconds spent executing 0 flushes (flushing a total of 0 entities and 0 collections);
    0 nanoseconds spent executing 0 partial-flushes (flushing a total of 0 entities and 0 collections)
}
&amp#27;[2m2025-05-11T11:17:46.207-03:00&amp#27;[0;39m &amp#27;[32mDEBUG&amp#27;[0;39m &amp#27;[35m16907&amp#27;[0;39m &amp#27;[2m---&amp#27;[0;39m &amp#27;[2m[           main]&amp#27;[0;39m &amp#27;[2m&amp#27;[0;39m&amp#27;[36morg.hibernate.SQL                       &amp#27;[0;39m &amp#27;[2m:&amp#27;[0;39m 
    /* <criteria> */ select
        d1_0.id,
        d1_0.actualizado_en,
        d1_0.codigo_penal,
        d1_0.creado_en,
        d1_0.descripcion,
        d1_0.nombre,
        d1_0.pena_maxima,
        d1_0.pena_minima,
        d1_0.tipo_pena,
        d1_0.valoracion 
    from
        delito d1_0 
    where
        upper(d1_0.nombre) like upper(?) escape '\'
Hibernate: 
    /* <criteria> */ select
        d1_0.id,
        d1_0.actualizado_en,
        d1_0.codigo_penal,
        d1_0.creado_en,
        d1_0.descripcion,
        d1_0.nombre,
        d1_0.pena_maxima,
        d1_0.pena_minima,
        d1_0.tipo_pena,
        d1_0.valoracion 
    from
        delito d1_0 
    where
        upper(d1_0.nombre) like upper(?) escape '\'
&amp#27;[2m2025-05-11T11:17:46.209-03:00&amp#27;[0;39m &amp#27;[32m INFO&amp#27;[0;39m &amp#27;[35m16907&amp#27;[0;39m &amp#27;[2m---&amp#27;[0;39m &amp#27;[2m[           main]&amp#27;[0;39m &amp#27;[2m&amp#27;[0;39m&amp#27;[36mi.StatisticalLoggingSessionEventListener&amp#27;[0;39m &amp#27;[2m:&amp#27;[0;39m Session Metrics {
    14375 nanoseconds spent acquiring 1 JDBC connections;
    0 nanoseconds spent releasing 0 JDBC connections;
    37375 nanoseconds spent preparing 1 JDBC statements;
    1288959 nanoseconds spent executing 1 JDBC statements;
    0 nanoseconds spent executing 0 JDBC batches;
    0 nanoseconds spent performing 0 L2C puts;
    0 nanoseconds spent performing 0 L2C hits;
    0 nanoseconds spent performing 0 L2C misses;
    0 nanoseconds spent executing 0 flushes (flushing a total of 0 entities and 0 collections);
    0 nanoseconds spent executing 0 partial-flushes (flushing a total of 0 entities and 0 collections)
}
&amp#27;[2m2025-05-11T11:17:46.209-03:00&amp#27;[0;39m &amp#27;[32mDEBUG&amp#27;[0;39m &amp#27;[35m16907&amp#27;[0;39m &amp#27;[2m---&amp#27;[0;39m &amp#27;[2m[           main]&amp#27;[0;39m &amp#27;[2m&amp#27;[0;39m&amp#27;[36morg.hibernate.SQL                       &amp#27;[0;39m &amp#27;[2m:&amp#27;[0;39m 
    /* <criteria> */ select
        d1_0.id,
        d1_0.actualizado_en,
        d1_0.codigo_penal,
        d1_0.creado_en,
        d1_0.descripcion,
        d1_0.nombre,
        d1_0.pena_maxima,
        d1_0.pena_minima,
        d1_0.tipo_pena,
        d1_0.valoracion 
    from
        delito d1_0 
    where
        upper(d1_0.nombre) like upper(?) escape '\'
Hibernate: 
    /* <criteria> */ select
        d1_0.id,
        d1_0.actualizado_en,
        d1_0.codigo_penal,
        d1_0.creado_en,
        d1_0.descripcion,
        d1_0.nombre,
        d1_0.pena_maxima,
        d1_0.pena_minima,
        d1_0.tipo_pena,
        d1_0.valoracion 
    from
        delito d1_0 
    where
        upper(d1_0.nombre) like upper(?) escape '\'
&amp#27;[2m2025-05-11T11:17:46.214-03:00&amp#27;[0;39m &amp#27;[32m INFO&amp#27;[0;39m &amp#27;[35m16907&amp#27;[0;39m &amp#27;[2m---&amp#27;[0;39m &amp#27;[2m[           main]&amp#27;[0;39m &amp#27;[2m&amp#27;[0;39m&amp#27;[36mi.StatisticalLoggingSessionEventListener&amp#27;[0;39m &amp#27;[2m:&amp#27;[0;39m Session Metrics {
    9833 nanoseconds spent acquiring 1 JDBC connections;
    0 nanoseconds spent releasing 0 JDBC connections;
    28000 nanoseconds spent preparing 1 JDBC statements;
    951417 nanoseconds spent executing 1 JDBC statements;
    0 nanoseconds spent executing 0 JDBC batches;
    0 nanoseconds spent performing 0 L2C puts;
    0 nanoseconds spent performing 0 L2C hits;
    0 nanoseconds spent performing 0 L2C misses;
    0 nanoseconds spent executing 0 flushes (flushing a total of 0 entities and 0 collections);
    0 nanoseconds spent executing 0 partial-flushes (flushing a total of 0 entities and 0 collections)
}
&amp#27;[2m2025-05-11T11:17:46.215-03:00&amp#27;[0;39m &amp#27;[32mDEBUG&amp#27;[0;39m &amp#27;[35m16907&amp#27;[0;39m &amp#27;[2m---&amp#27;[0;39m &amp#27;[2m[           main]&amp#27;[0;39m &amp#27;[2m&amp#27;[0;39m&amp#27;[36morg.hibernate.SQL                       &amp#27;[0;39m &amp#27;[2m:&amp#27;[0;39m 
    /* <criteria> */ select
        d1_0.id,
        d1_0.actualizado_en,
        d1_0.codigo_penal,
        d1_0.creado_en,
        d1_0.descripcion,
        d1_0.nombre,
        d1_0.pena_maxima,
        d1_0.pena_minima,
        d1_0.tipo_pena,
        d1_0.valoracion 
    from
        delito d1_0 
    where
        upper(d1_0.nombre) like upper(?) escape '\'
Hibernate: 
    /* <criteria> */ select
        d1_0.id,
        d1_0.actualizado_en,
        d1_0.codigo_penal,
        d1_0.creado_en,
        d1_0.descripcion,
        d1_0.nombre,
        d1_0.pena_maxima,
        d1_0.pena_minima,
        d1_0.tipo_pena,
        d1_0.valoracion 
    from
        delito d1_0 
    where
        upper(d1_0.nombre) like upper(?) escape '\'
&amp#27;[2m2025-05-11T11:17:46.217-03:00&amp#27;[0;39m &amp#27;[32m INFO&amp#27;[0;39m &amp#27;[35m16907&amp#27;[0;39m &amp#27;[2m---&amp#27;[0;39m &amp#27;[2m[           main]&amp#27;[0;39m &amp#27;[2m&amp#27;[0;39m&amp#27;[36mi.StatisticalLoggingSessionEventListener&amp#27;[0;39m &amp#27;[2m:&amp#27;[0;39m Session Metrics {
    14208 nanoseconds spent acquiring 1 JDBC connections;
    0 nanoseconds spent releasing 0 JDBC connections;
    44208 nanoseconds spent preparing 1 JDBC statements;
    1234834 nanoseconds spent executing 1 JDBC statements;
    0 nanoseconds spent executing 0 JDBC batches;
    0 nanoseconds spent performing 0 L2C puts;
    0 nanoseconds spent performing 0 L2C hits;
    0 nanoseconds spent performing 0 L2C misses;
    0 nanoseconds spent executing 0 flushes (flushing a total of 0 entities and 0 collections);
    0 nanoseconds spent executing 0 partial-flushes (flushing a total of 0 entities and 0 collections)
}
&amp#27;[2m2025-05-11T11:17:46.218-03:00&amp#27;[0;39m &amp#27;[32mDEBUG&amp#27;[0;39m &amp#27;[35m16907&amp#27;[0;39m &amp#27;[2m---&amp#27;[0;39m &amp#27;[2m[           main]&amp#27;[0;39m &amp#27;[2m&amp#27;[0;39m&amp#27;[36morg.hibernate.SQL                       &amp#27;[0;39m &amp#27;[2m:&amp#27;[0;39m 
    /* <criteria> */ select
        d1_0.id,
        d1_0.actualizado_en,
        d1_0.codigo_penal,
        d1_0.creado_en,
        d1_0.descripcion,
        d1_0.nombre,
        d1_0.pena_maxima,
        d1_0.pena_minima,
        d1_0.tipo_pena,
        d1_0.valoracion 
    from
        delito d1_0 
    where
        upper(d1_0.nombre) like upper(?) escape '\'
Hibernate: 
    /* <criteria> */ select
        d1_0.id,
        d1_0.actualizado_en,
        d1_0.codigo_penal,
        d1_0.creado_en,
        d1_0.descripcion,
        d1_0.nombre,
        d1_0.pena_maxima,
        d1_0.pena_minima,
        d1_0.tipo_pena,
        d1_0.valoracion 
    from
        delito d1_0 
    where
        upper(d1_0.nombre) like upper(?) escape '\'
&amp#27;[2m2025-05-11T11:17:46.219-03:00&amp#27;[0;39m &amp#27;[32m INFO&amp#27;[0;39m &amp#27;[35m16907&amp#27;[0;39m &amp#27;[2m---&amp#27;[0;39m &amp#27;[2m[           main]&amp#27;[0;39m &amp#27;[2m&amp#27;[0;39m&amp#27;[36mi.StatisticalLoggingSessionEventListener&amp#27;[0;39m &amp#27;[2m:&amp#27;[0;39m Session Metrics {
    12250 nanoseconds spent acquiring 1 JDBC connections;
    0 nanoseconds spent releasing 0 JDBC connections;
    32833 nanoseconds spent preparing 1 JDBC statements;
    1130416 nanoseconds spent executing 1 JDBC statements;
    0 nanoseconds spent executing 0 JDBC batches;
    0 nanoseconds spent performing 0 L2C puts;
    0 nanoseconds spent performing 0 L2C hits;
    0 nanoseconds spent performing 0 L2C misses;
    0 nanoseconds spent executing 0 flushes (flushing a total of 0 entities and 0 collections);
    0 nanoseconds spent executing 0 partial-flushes (flushing a total of 0 entities and 0 collections)
}
&amp#27;[2m2025-05-11T11:17:46.220-03:00&amp#27;[0;39m &amp#27;[32mDEBUG&amp#27;[0;39m &amp#27;[35m16907&amp#27;[0;39m &amp#27;[2m---&amp#27;[0;39m &amp#27;[2m[           main]&amp#27;[0;39m &amp#27;[2m&amp#27;[0;39m&amp#27;[36morg.hibernate.SQL                       &amp#27;[0;39m &amp#27;[2m:&amp#27;[0;39m 
    /* <criteria> */ select
        d1_0.id,
        d1_0.actualizado_en,
        d1_0.codigo_penal,
        d1_0.creado_en,
        d1_0.descripcion,
        d1_0.nombre,
        d1_0.pena_maxima,
        d1_0.pena_minima,
        d1_0.tipo_pena,
        d1_0.valoracion 
    from
        delito d1_0 
    where
        upper(d1_0.nombre) like upper(?) escape '\'
Hibernate: 
    /* <criteria> */ select
        d1_0.id,
        d1_0.actualizado_en,
        d1_0.codigo_penal,
        d1_0.creado_en,
        d1_0.descripcion,
        d1_0.nombre,
        d1_0.pena_maxima,
        d1_0.pena_minima,
        d1_0.tipo_pena,
        d1_0.valoracion 
    from
        delito d1_0 
    where
        upper(d1_0.nombre) like upper(?) escape '\'
&amp#27;[2m2025-05-11T11:17:46.222-03:00&amp#27;[0;39m &amp#27;[32m INFO&amp#27;[0;39m &amp#27;[35m16907&amp#27;[0;39m &amp#27;[2m---&amp#27;[0;39m &amp#27;[2m[           main]&amp#27;[0;39m &amp#27;[2m&amp#27;[0;39m&amp#27;[36mi.StatisticalLoggingSessionEventListener&amp#27;[0;39m &amp#27;[2m:&amp#27;[0;39m Session Metrics {
    10292 nanoseconds spent acquiring 1 JDBC connections;
    0 nanoseconds spent releasing 0 JDBC connections;
    29917 nanoseconds spent preparing 1 JDBC statements;
    1009542 nanoseconds spent executing 1 JDBC statements;
    0 nanoseconds spent executing 0 JDBC batches;
    0 nanoseconds spent performing 0 L2C puts;
    0 nanoseconds spent performing 0 L2C hits;
    0 nanoseconds spent performing 0 L2C misses;
    0 nanoseconds spent executing 0 flushes (flushing a total of 0 entities and 0 collections);
    0 nanoseconds spent executing 0 partial-flushes (flushing a total of 0 entities and 0 collections)
}
&amp#27;[2m2025-05-11T11:17:46.223-03:00&amp#27;[0;39m &amp#27;[32mDEBUG&amp#27;[0;39m &amp#27;[35m16907&amp#27;[0;39m &amp#27;[2m---&amp#27;[0;39m &amp#27;[2m[           main]&amp#27;[0;39m &amp#27;[2m&amp#27;[0;39m&amp#27;[36morg.hibernate.SQL                       &amp#27;[0;39m &amp#27;[2m:&amp#27;[0;39m 
    /* <criteria> */ select
        d1_0.id,
        d1_0.actualizado_en,
        d1_0.codigo_penal,
        d1_0.creado_en,
        d1_0.descripcion,
        d1_0.nombre,
        d1_0.pena_maxima,
        d1_0.pena_minima,
        d1_0.tipo_pena,
        d1_0.valoracion 
    from
        delito d1_0 
    where
        upper(d1_0.nombre) like upper(?) escape '\'
Hibernate: 
    /* <criteria> */ select
        d1_0.id,
        d1_0.actualizado_en,
        d1_0.codigo_penal,
        d1_0.creado_en,
        d1_0.descripcion,
        d1_0.nombre,
        d1_0.pena_maxima,
        d1_0.pena_minima,
        d1_0.tipo_pena,
        d1_0.valoracion 
    from
        delito d1_0 
    where
        upper(d1_0.nombre) like upper(?) escape '\'
&amp#27;[2m2025-05-11T11:17:46.224-03:00&amp#27;[0;39m &amp#27;[32m INFO&amp#27;[0;39m &amp#27;[35m16907&amp#27;[0;39m &amp#27;[2m---&amp#27;[0;39m &amp#27;[2m[           main]&amp#27;[0;39m &amp#27;[2m&amp#27;[0;39m&amp#27;[36mi.StatisticalLoggingSessionEventListener&amp#27;[0;39m &amp#27;[2m:&amp#27;[0;39m Session Metrics {
    9709 nanoseconds spent acquiring 1 JDBC connections;
    0 nanoseconds spent releasing 0 JDBC connections;
    27542 nanoseconds spent preparing 1 JDBC statements;
    986584 nanoseconds spent executing 1 JDBC statements;
    0 nanoseconds spent executing 0 JDBC batches;
    0 nanoseconds spent performing 0 L2C puts;
    0 nanoseconds spent performing 0 L2C hits;
    0 nanoseconds spent performing 0 L2C misses;
    0 nanoseconds spent executing 0 flushes (flushing a total of 0 entities and 0 collections);
    0 nanoseconds spent executing 0 partial-flushes (flushing a total of 0 entities and 0 collections)
}
&amp#27;[2m2025-05-11T11:17:46.225-03:00&amp#27;[0;39m &amp#27;[32mDEBUG&amp#27;[0;39m &amp#27;[35m16907&amp#27;[0;39m &amp#27;[2m---&amp#27;[0;39m &amp#27;[2m[           main]&amp#27;[0;39m &amp#27;[2m&amp#27;[0;39m&amp#27;[36morg.hibernate.SQL                       &amp#27;[0;39m &amp#27;[2m:&amp#27;[0;39m 
    /* <criteria> */ select
        d1_0.id,
        d1_0.actualizado_en,
        d1_0.codigo_penal,
        d1_0.creado_en,
        d1_0.descripcion,
        d1_0.nombre,
        d1_0.pena_maxima,
        d1_0.pena_minima,
        d1_0.tipo_pena,
        d1_0.valoracion 
    from
        delito d1_0 
    where
        upper(d1_0.nombre) like upper(?) escape '\'
Hibernate: 
    /* <criteria> */ select
        d1_0.id,
        d1_0.actualizado_en,
        d1_0.codigo_penal,
        d1_0.creado_en,
        d1_0.descripcion,
        d1_0.nombre,
        d1_0.pena_maxima,
        d1_0.pena_minima,
        d1_0.tipo_pena,
        d1_0.valoracion 
    from
        delito d1_0 
    where
        upper(d1_0.nombre) like upper(?) escape '\'
&amp#27;[2m2025-05-11T11:17:46.226-03:00&amp#27;[0;39m &amp#27;[32m INFO&amp#27;[0;39m &amp#27;[35m16907&amp#27;[0;39m &amp#27;[2m---&amp#27;[0;39m &amp#27;[2m[           main]&amp#27;[0;39m &amp#27;[2m&amp#27;[0;39m&amp#27;[36mi.StatisticalLoggingSessionEventListener&amp#27;[0;39m &amp#27;[2m:&amp#27;[0;39m Session Metrics {
    9209 nanoseconds spent acquiring 1 JDBC connections;
    0 nanoseconds spent releasing 0 JDBC connections;
    28958 nanoseconds spent preparing 1 JDBC statements;
    920875 nanoseconds spent executing 1 JDBC statements;
    0 nanoseconds spent executing 0 JDBC batches;
    0 nanoseconds spent performing 0 L2C puts;
    0 nanoseconds spent performing 0 L2C hits;
    0 nanoseconds spent performing 0 L2C misses;
    0 nanoseconds spent executing 0 flushes (flushing a total of 0 entities and 0 collections);
    0 nanoseconds spent executing 0 partial-flushes (flushing a total of 0 entities and 0 collections)
}
&amp#27;[2m2025-05-11T11:17:46.227-03:00&amp#27;[0;39m &amp#27;[32mDEBUG&amp#27;[0;39m &amp#27;[35m16907&amp#27;[0;39m &amp#27;[2m---&amp#27;[0;39m &amp#27;[2m[           main]&amp#27;[0;39m &amp#27;[2m&amp#27;[0;39m&amp#27;[36morg.hibernate.SQL                       &amp#27;[0;39m &amp#27;[2m:&amp#27;[0;39m 
    /* <criteria> */ select
        d1_0.id,
        d1_0.actualizado_en,
        d1_0.codigo_penal,
        d1_0.creado_en,
        d1_0.descripcion,
        d1_0.nombre,
        d1_0.pena_maxima,
        d1_0.pena_minima,
        d1_0.tipo_pena,
        d1_0.valoracion 
    from
        delito d1_0 
    where
        upper(d1_0.nombre) like upper(?) escape '\'
Hibernate: 
    /* <criteria> */ select
        d1_0.id,
        d1_0.actualizado_en,
        d1_0.codigo_penal,
        d1_0.creado_en,
        d1_0.descripcion,
        d1_0.nombre,
        d1_0.pena_maxima,
        d1_0.pena_minima,
        d1_0.tipo_pena,
        d1_0.valoracion 
    from
        delito d1_0 
    where
        upper(d1_0.nombre) like upper(?) escape '\'
&amp#27;[2m2025-05-11T11:17:46.228-03:00&amp#27;[0;39m &amp#27;[32m INFO&amp#27;[0;39m &amp#27;[35m16907&amp#27;[0;39m &amp#27;[2m---&amp#27;[0;39m &amp#27;[2m[           main]&amp#27;[0;39m &amp#27;[2m&amp#27;[0;39m&amp#27;[36mi.StatisticalLoggingSessionEventListener&amp#27;[0;39m &amp#27;[2m:&amp#27;[0;39m Session Metrics {
    8667 nanoseconds spent acquiring 1 JDBC connections;
    0 nanoseconds spent releasing 0 JDBC connections;
    25750 nanoseconds spent preparing 1 JDBC statements;
    1043041 nanoseconds spent executing 1 JDBC statements;
    0 nanoseconds spent executing 0 JDBC batches;
    0 nanoseconds spent performing 0 L2C puts;
    0 nanoseconds spent performing 0 L2C hits;
    0 nanoseconds spent performing 0 L2C misses;
    0 nanoseconds spent executing 0 flushes (flushing a total of 0 entities and 0 collections);
    0 nanoseconds spent executing 0 partial-flushes (flushing a total of 0 entities and 0 collections)
}
&amp#27;[2m2025-05-11T11:17:46.229-03:00&amp#27;[0;39m &amp#27;[32mDEBUG&amp#27;[0;39m &amp#27;[35m16907&amp#27;[0;39m &amp#27;[2m---&amp#27;[0;39m &amp#27;[2m[           main]&amp#27;[0;39m &amp#27;[2m&amp#27;[0;39m&amp#27;[36morg.hibernate.SQL                       &amp#27;[0;39m &amp#27;[2m:&amp#27;[0;39m 
    /* <criteria> */ select
        d1_0.id,
        d1_0.actualizado_en,
        d1_0.codigo_penal,
        d1_0.creado_en,
        d1_0.descripcion,
        d1_0.nombre,
        d1_0.pena_maxima,
        d1_0.pena_minima,
        d1_0.tipo_pena,
        d1_0.valoracion 
    from
        delito d1_0 
    where
        upper(d1_0.nombre) like upper(?) escape '\'
Hibernate: 
    /* <criteria> */ select
        d1_0.id,
        d1_0.actualizado_en,
        d1_0.codigo_penal,
        d1_0.creado_en,
        d1_0.descripcion,
        d1_0.nombre,
        d1_0.pena_maxima,
        d1_0.pena_minima,
        d1_0.tipo_pena,
        d1_0.valoracion 
    from
        delito d1_0 
    where
        upper(d1_0.nombre) like upper(?) escape '\'
&amp#27;[2m2025-05-11T11:17:46.230-03:00&amp#27;[0;39m &amp#27;[32m INFO&amp#27;[0;39m &amp#27;[35m16907&amp#27;[0;39m &amp#27;[2m---&amp#27;[0;39m &amp#27;[2m[           main]&amp#27;[0;39m &amp#27;[2m&amp#27;[0;39m&amp#27;[36mi.StatisticalLoggingSessionEventListener&amp#27;[0;39m &amp#27;[2m:&amp#27;[0;39m Session Metrics {
    13042 nanoseconds spent acquiring 1 JDBC connections;
    0 nanoseconds spent releasing 0 JDBC connections;
    37541 nanoseconds spent preparing 1 JDBC statements;
    1017583 nanoseconds spent executing 1 JDBC statements;
    0 nanoseconds spent executing 0 JDBC batches;
    0 nanoseconds spent performing 0 L2C puts;
    0 nanoseconds spent performing 0 L2C hits;
    0 nanoseconds spent performing 0 L2C misses;
    0 nanoseconds spent executing 0 flushes (flushing a total of 0 entities and 0 collections);
    0 nanoseconds spent executing 0 partial-flushes (flushing a total of 0 entities and 0 collections)
}
&amp#27;[2m2025-05-11T11:17:46.231-03:00&amp#27;[0;39m &amp#27;[32mDEBUG&amp#27;[0;39m &amp#27;[35m16907&amp#27;[0;39m &amp#27;[2m---&amp#27;[0;39m &amp#27;[2m[           main]&amp#27;[0;39m &amp#27;[2m&amp#27;[0;39m&amp#27;[36morg.hibernate.SQL                       &amp#27;[0;39m &amp#27;[2m:&amp#27;[0;39m 
    /* <criteria> */ select
        d1_0.id,
        d1_0.actualizado_en,
        d1_0.codigo_penal,
        d1_0.creado_en,
        d1_0.descripcion,
        d1_0.nombre,
        d1_0.pena_maxima,
        d1_0.pena_minima,
        d1_0.tipo_pena,
        d1_0.valoracion 
    from
        delito d1_0 
    where
        upper(d1_0.nombre) like upper(?) escape '\'
Hibernate: 
    /* <criteria> */ select
        d1_0.id,
        d1_0.actualizado_en,
        d1_0.codigo_penal,
        d1_0.creado_en,
        d1_0.descripcion,
        d1_0.nombre,
        d1_0.pena_maxima,
        d1_0.pena_minima,
        d1_0.tipo_pena,
        d1_0.valoracion 
    from
        delito d1_0 
    where
        upper(d1_0.nombre) like upper(?) escape '\'
&amp#27;[2m2025-05-11T11:17:46.233-03:00&amp#27;[0;39m &amp#27;[32m INFO&amp#27;[0;39m &amp#27;[35m16907&amp#27;[0;39m &amp#27;[2m---&amp#27;[0;39m &amp#27;[2m[           main]&amp#27;[0;39m &amp#27;[2m&amp#27;[0;39m&amp#27;[36mi.StatisticalLoggingSessionEventListener&amp#27;[0;39m &amp#27;[2m:&amp#27;[0;39m Session Metrics {
    9875 nanoseconds spent acquiring 1 JDBC connections;
    0 nanoseconds spent releasing 0 JDBC connections;
    27417 nanoseconds spent preparing 1 JDBC statements;
    1011084 nanoseconds spent executing 1 JDBC statements;
    0 nanoseconds spent executing 0 JDBC batches;
    0 nanoseconds spent performing 0 L2C puts;
    0 nanoseconds spent performing 0 L2C hits;
    0 nanoseconds spent performing 0 L2C misses;
    0 nanoseconds spent executing 0 flushes (flushing a total of 0 entities and 0 collections);
    0 nanoseconds spent executing 0 partial-flushes (flushing a total of 0 entities and 0 collections)
}
&amp#27;[2m2025-05-11T11:17:46.233-03:00&amp#27;[0;39m &amp#27;[32mDEBUG&amp#27;[0;39m &amp#27;[35m16907&amp#27;[0;39m &amp#27;[2m---&amp#27;[0;39m &amp#27;[2m[           main]&amp#27;[0;39m &amp#27;[2m&amp#27;[0;39m&amp#27;[36morg.hibernate.SQL                       &amp#27;[0;39m &amp#27;[2m:&amp#27;[0;39m 
    /* <criteria> */ select
        d1_0.id,
        d1_0.actualizado_en,
        d1_0.codigo_penal,
        d1_0.creado_en,
        d1_0.descripcion,
        d1_0.nombre,
        d1_0.pena_maxima,
        d1_0.pena_minima,
        d1_0.tipo_pena,
        d1_0.valoracion 
    from
        delito d1_0 
    where
        upper(d1_0.nombre) like upper(?) escape '\'
Hibernate: 
    /* <criteria> */ select
        d1_0.id,
        d1_0.actualizado_en,
        d1_0.codigo_penal,
        d1_0.creado_en,
        d1_0.descripcion,
        d1_0.nombre,
        d1_0.pena_maxima,
        d1_0.pena_minima,
        d1_0.tipo_pena,
        d1_0.valoracion 
    from
        delito d1_0 
    where
        upper(d1_0.nombre) like upper(?) escape '\'
&amp#27;[2m2025-05-11T11:17:46.235-03:00&amp#27;[0;39m &amp#27;[32m INFO&amp#27;[0;39m &amp#27;[35m16907&amp#27;[0;39m &amp#27;[2m---&amp#27;[0;39m &amp#27;[2m[           main]&amp#27;[0;39m &amp#27;[2m&amp#27;[0;39m&amp#27;[36mi.StatisticalLoggingSessionEventListener&amp#27;[0;39m &amp#27;[2m:&amp#27;[0;39m Session Metrics {
    11750 nanoseconds spent acquiring 1 JDBC connections;
    0 nanoseconds spent releasing 0 JDBC connections;
    29458 nanoseconds spent preparing 1 JDBC statements;
    1045792 nanoseconds spent executing 1 JDBC statements;
    0 nanoseconds spent executing 0 JDBC batches;
    0 nanoseconds spent performing 0 L2C puts;
    0 nanoseconds spent performing 0 L2C hits;
    0 nanoseconds spent performing 0 L2C misses;
    0 nanoseconds spent executing 0 flushes (flushing a total of 0 entities and 0 collections);
    0 nanoseconds spent executing 0 partial-flushes (flushing a total of 0 entities and 0 collections)
}
&amp#27;[2m2025-05-11T11:17:46.236-03:00&amp#27;[0;39m &amp#27;[32mDEBUG&amp#27;[0;39m &amp#27;[35m16907&amp#27;[0;39m &amp#27;[2m---&amp#27;[0;39m &amp#27;[2m[           main]&amp#27;[0;39m &amp#27;[2m&amp#27;[0;39m&amp#27;[36morg.hibernate.SQL                       &amp#27;[0;39m &amp#27;[2m:&amp#27;[0;39m 
    /* <criteria> */ select
        d1_0.id,
        d1_0.actualizado_en,
        d1_0.codigo_penal,
        d1_0.creado_en,
        d1_0.descripcion,
        d1_0.nombre,
        d1_0.pena_maxima,
        d1_0.pena_minima,
        d1_0.tipo_pena,
        d1_0.valoracion 
    from
        delito d1_0 
    where
        upper(d1_0.nombre) like upper(?) escape '\'
Hibernate: 
    /* <criteria> */ select
        d1_0.id,
        d1_0.actualizado_en,
        d1_0.codigo_penal,
        d1_0.creado_en,
        d1_0.descripcion,
        d1_0.nombre,
        d1_0.pena_maxima,
        d1_0.pena_minima,
        d1_0.tipo_pena,
        d1_0.valoracion 
    from
        delito d1_0 
    where
        upper(d1_0.nombre) like upper(?) escape '\'
&amp#27;[2m2025-05-11T11:17:46.237-03:00&amp#27;[0;39m &amp#27;[32m INFO&amp#27;[0;39m &amp#27;[35m16907&amp#27;[0;39m &amp#27;[2m---&amp#27;[0;39m &amp#27;[2m[           main]&amp#27;[0;39m &amp#27;[2m&amp#27;[0;39m&amp#27;[36mi.StatisticalLoggingSessionEventListener&amp#27;[0;39m &amp#27;[2m:&amp#27;[0;39m Session Metrics {
    10542 nanoseconds spent acquiring 1 JDBC connections;
    0 nanoseconds spent releasing 0 JDBC connections;
    29000 nanoseconds spent preparing 1 JDBC statements;
    1029000 nanoseconds spent executing 1 JDBC statements;
    0 nanoseconds spent executing 0 JDBC batches;
    0 nanoseconds spent performing 0 L2C puts;
    0 nanoseconds spent performing 0 L2C hits;
    0 nanoseconds spent performing 0 L2C misses;
    0 nanoseconds spent executing 0 flushes (flushing a total of 0 entities and 0 collections);
    0 nanoseconds spent executing 0 partial-flushes (flushing a total of 0 entities and 0 collections)
}
&amp#27;[2m2025-05-11T11:17:46.238-03:00&amp#27;[0;39m &amp#27;[32mDEBUG&amp#27;[0;39m &amp#27;[35m16907&amp#27;[0;39m &amp#27;[2m---&amp#27;[0;39m &amp#27;[2m[           main]&amp#27;[0;39m &amp#27;[2m&amp#27;[0;39m&amp#27;[36morg.hibernate.SQL                       &amp#27;[0;39m &amp#27;[2m:&amp#27;[0;39m 
    /* <criteria> */ select
        d1_0.id,
        d1_0.actualizado_en,
        d1_0.codigo_penal,
        d1_0.creado_en,
        d1_0.descripcion,
        d1_0.nombre,
        d1_0.pena_maxima,
        d1_0.pena_minima,
        d1_0.tipo_pena,
        d1_0.valoracion 
    from
        delito d1_0 
    where
        upper(d1_0.nombre) like upper(?) escape '\'
Hibernate: 
    /* <criteria> */ select
        d1_0.id,
        d1_0.actualizado_en,
        d1_0.codigo_penal,
        d1_0.creado_en,
        d1_0.descripcion,
        d1_0.nombre,
        d1_0.pena_maxima,
        d1_0.pena_minima,
        d1_0.tipo_pena,
        d1_0.valoracion 
    from
        delito d1_0 
    where
        upper(d1_0.nombre) like upper(?) escape '\'
&amp#27;[2m2025-05-11T11:17:46.239-03:00&amp#27;[0;39m &amp#27;[32m INFO&amp#27;[0;39m &amp#27;[35m16907&amp#27;[0;39m &amp#27;[2m---&amp#27;[0;39m &amp#27;[2m[           main]&amp#27;[0;39m &amp#27;[2m&amp#27;[0;39m&amp#27;[36mi.StatisticalLoggingSessionEventListener&amp#27;[0;39m &amp#27;[2m:&amp#27;[0;39m Session Metrics {
    9459 nanoseconds spent acquiring 1 JDBC connections;
    0 nanoseconds spent releasing 0 JDBC connections;
    28917 nanoseconds spent preparing 1 JDBC statements;
    1055875 nanoseconds spent executing 1 JDBC statements;
    0 nanoseconds spent executing 0 JDBC batches;
    0 nanoseconds spent performing 0 L2C puts;
    0 nanoseconds spent performing 0 L2C hits;
    0 nanoseconds spent performing 0 L2C misses;
    0 nanoseconds spent executing 0 flushes (flushing a total of 0 entities and 0 collections);
    0 nanoseconds spent executing 0 partial-flushes (flushing a total of 0 entities and 0 collections)
}
&amp#27;[2m2025-05-11T11:17:46.241-03:00&amp#27;[0;39m &amp#27;[32mDEBUG&amp#27;[0;39m &amp#27;[35m16907&amp#27;[0;39m &amp#27;[2m---&amp#27;[0;39m &amp#27;[2m[           main]&amp#27;[0;39m &amp#27;[2m&amp#27;[0;39m&amp#27;[36morg.hibernate.SQL                       &amp#27;[0;39m &amp#27;[2m:&amp#27;[0;39m 
    /* <criteria> */ select
        d1_0.id,
        d1_0.actualizado_en,
        d1_0.codigo_penal,
        d1_0.creado_en,
        d1_0.descripcion,
        d1_0.nombre,
        d1_0.pena_maxima,
        d1_0.pena_minima,
        d1_0.tipo_pena,
        d1_0.valoracion 
    from
        delito d1_0 
    where
        upper(d1_0.nombre) like upper(?) escape '\'
Hibernate: 
    /* <criteria> */ select
        d1_0.id,
        d1_0.actualizado_en,
        d1_0.codigo_penal,
        d1_0.creado_en,
        d1_0.descripcion,
        d1_0.nombre,
        d1_0.pena_maxima,
        d1_0.pena_minima,
        d1_0.tipo_pena,
        d1_0.valoracion 
    from
        delito d1_0 
    where
        upper(d1_0.nombre) like upper(?) escape '\'
&amp#27;[2m2025-05-11T11:17:46.242-03:00&amp#27;[0;39m &amp#27;[32m INFO&amp#27;[0;39m &amp#27;[35m16907&amp#27;[0;39m &amp#27;[2m---&amp#27;[0;39m &amp#27;[2m[           main]&amp#27;[0;39m &amp#27;[2m&amp#27;[0;39m&amp#27;[36mi.StatisticalLoggingSessionEventListener&amp#27;[0;39m &amp#27;[2m:&amp#27;[0;39m Session Metrics {
    12834 nanoseconds spent acquiring 1 JDBC connections;
    0 nanoseconds spent releasing 0 JDBC connections;
    32333 nanoseconds spent preparing 1 JDBC statements;
    972625 nanoseconds spent executing 1 JDBC statements;
    0 nanoseconds spent executing 0 JDBC batches;
    0 nanoseconds spent performing 0 L2C puts;
    0 nanoseconds spent performing 0 L2C hits;
    0 nanoseconds spent performing 0 L2C misses;
    0 nanoseconds spent executing 0 flushes (flushing a total of 0 entities and 0 collections);
    0 nanoseconds spent executing 0 partial-flushes (flushing a total of 0 entities and 0 collections)
}
&amp#27;[2m2025-05-11T11:17:46.243-03:00&amp#27;[0;39m &amp#27;[32mDEBUG&amp#27;[0;39m &amp#27;[35m16907&amp#27;[0;39m &amp#27;[2m---&amp#27;[0;39m &amp#27;[2m[           main]&amp#27;[0;39m &amp#27;[2m&amp#27;[0;39m&amp#27;[36morg.hibernate.SQL                       &amp#27;[0;39m &amp#27;[2m:&amp#27;[0;39m 
    /* <criteria> */ select
        d1_0.id,
        d1_0.actualizado_en,
        d1_0.codigo_penal,
        d1_0.creado_en,
        d1_0.descripcion,
        d1_0.nombre,
        d1_0.pena_maxima,
        d1_0.pena_minima,
        d1_0.tipo_pena,
        d1_0.valoracion 
    from
        delito d1_0 
    where
        upper(d1_0.nombre) like upper(?) escape '\'
Hibernate: 
    /* <criteria> */ select
        d1_0.id,
        d1_0.actualizado_en,
        d1_0.codigo_penal,
        d1_0.creado_en,
        d1_0.descripcion,
        d1_0.nombre,
        d1_0.pena_maxima,
        d1_0.pena_minima,
        d1_0.tipo_pena,
        d1_0.valoracion 
    from
        delito d1_0 
    where
        upper(d1_0.nombre) like upper(?) escape '\'
&amp#27;[2m2025-05-11T11:17:46.244-03:00&amp#27;[0;39m &amp#27;[32m INFO&amp#27;[0;39m &amp#27;[35m16907&amp#27;[0;39m &amp#27;[2m---&amp#27;[0;39m &amp#27;[2m[           main]&amp#27;[0;39m &amp#27;[2m&amp#27;[0;39m&amp#27;[36mi.StatisticalLoggingSessionEventListener&amp#27;[0;39m &amp#27;[2m:&amp#27;[0;39m Session Metrics {
    9209 nanoseconds spent acquiring 1 JDBC connections;
    0 nanoseconds spent releasing 0 JDBC connections;
    26583 nanoseconds spent preparing 1 JDBC statements;
    1060292 nanoseconds spent executing 1 JDBC statements;
    0 nanoseconds spent executing 0 JDBC batches;
    0 nanoseconds spent performing 0 L2C puts;
    0 nanoseconds spent performing 0 L2C hits;
    0 nanoseconds spent performing 0 L2C misses;
    0 nanoseconds spent executing 0 flushes (flushing a total of 0 entities and 0 collections);
    0 nanoseconds spent executing 0 partial-flushes (flushing a total of 0 entities and 0 collections)
}
&amp#27;[2m2025-05-11T11:17:46.245-03:00&amp#27;[0;39m &amp#27;[32mDEBUG&amp#27;[0;39m &amp#27;[35m16907&amp#27;[0;39m &amp#27;[2m---&amp#27;[0;39m &amp#27;[2m[           main]&amp#27;[0;39m &amp#27;[2m&amp#27;[0;39m&amp#27;[36morg.hibernate.SQL                       &amp#27;[0;39m &amp#27;[2m:&amp#27;[0;39m 
    /* <criteria> */ select
        d1_0.id,
        d1_0.actualizado_en,
        d1_0.codigo_penal,
        d1_0.creado_en,
        d1_0.descripcion,
        d1_0.nombre,
        d1_0.pena_maxima,
        d1_0.pena_minima,
        d1_0.tipo_pena,
        d1_0.valoracion 
    from
        delito d1_0 
    where
        upper(d1_0.nombre) like upper(?) escape '\'
Hibernate: 
    /* <criteria> */ select
        d1_0.id,
        d1_0.actualizado_en,
        d1_0.codigo_penal,
        d1_0.creado_en,
        d1_0.descripcion,
        d1_0.nombre,
        d1_0.pena_maxima,
        d1_0.pena_minima,
        d1_0.tipo_pena,
        d1_0.valoracion 
    from
        delito d1_0 
    where
        upper(d1_0.nombre) like upper(?) escape '\'
&amp#27;[2m2025-05-11T11:17:46.246-03:00&amp#27;[0;39m &amp#27;[32m INFO&amp#27;[0;39m &amp#27;[35m16907&amp#27;[0;39m &amp#27;[2m---&amp#27;[0;39m &amp#27;[2m[           main]&amp#27;[0;39m &amp#27;[2m&amp#27;[0;39m&amp#27;[36mi.StatisticalLoggingSessionEventListener&amp#27;[0;39m &amp#27;[2m:&amp#27;[0;39m Session Metrics {
    10333 nanoseconds spent acquiring 1 JDBC connections;
    0 nanoseconds spent releasing 0 JDBC connections;
    30666 nanoseconds spent preparing 1 JDBC statements;
    1021667 nanoseconds spent executing 1 JDBC statements;
    0 nanoseconds spent executing 0 JDBC batches;
    0 nanoseconds spent performing 0 L2C puts;
    0 nanoseconds spent performing 0 L2C hits;
    0 nanoseconds spent performing 0 L2C misses;
    0 nanoseconds spent executing 0 flushes (flushing a total of 0 entities and 0 collections);
    0 nanoseconds spent executing 0 partial-flushes (flushing a total of 0 entities and 0 collections)
}
&amp#27;[2m2025-05-11T11:17:46.247-03:00&amp#27;[0;39m &amp#27;[32mDEBUG&amp#27;[0;39m &amp#27;[35m16907&amp#27;[0;39m &amp#27;[2m---&amp#27;[0;39m &amp#27;[2m[           main]&amp#27;[0;39m &amp#27;[2m&amp#27;[0;39m&amp#27;[36morg.hibernate.SQL                       &amp#27;[0;39m &amp#27;[2m:&amp#27;[0;39m 
    /* <criteria> */ select
        d1_0.id,
        d1_0.actualizado_en,
        d1_0.codigo_penal,
        d1_0.creado_en,
        d1_0.descripcion,
        d1_0.nombre,
        d1_0.pena_maxima,
        d1_0.pena_minima,
        d1_0.tipo_pena,
        d1_0.valoracion 
    from
        delito d1_0 
    where
        upper(d1_0.nombre) like upper(?) escape '\'
Hibernate: 
    /* <criteria> */ select
        d1_0.id,
        d1_0.actualizado_en,
        d1_0.codigo_penal,
        d1_0.creado_en,
        d1_0.descripcion,
        d1_0.nombre,
        d1_0.pena_maxima,
        d1_0.pena_minima,
        d1_0.tipo_pena,
        d1_0.valoracion 
    from
        delito d1_0 
    where
        upper(d1_0.nombre) like upper(?) escape '\'
&amp#27;[2m2025-05-11T11:17:46.248-03:00&amp#27;[0;39m &amp#27;[32m INFO&amp#27;[0;39m &amp#27;[35m16907&amp#27;[0;39m &amp#27;[2m---&amp#27;[0;39m &amp#27;[2m[           main]&amp#27;[0;39m &amp#27;[2m&amp#27;[0;39m&amp#27;[36mi.StatisticalLoggingSessionEventListener&amp#27;[0;39m &amp#27;[2m:&amp#27;[0;39m Session Metrics {
    10792 nanoseconds spent acquiring 1 JDBC connections;
    0 nanoseconds spent releasing 0 JDBC connections;
    27834 nanoseconds spent preparing 1 JDBC statements;
    1022417 nanoseconds spent executing 1 JDBC statements;
    0 nanoseconds spent executing 0 JDBC batches;
    0 nanoseconds spent performing 0 L2C puts;
    0 nanoseconds spent performing 0 L2C hits;
    0 nanoseconds spent performing 0 L2C misses;
    0 nanoseconds spent executing 0 flushes (flushing a total of 0 entities and 0 collections);
    0 nanoseconds spent executing 0 partial-flushes (flushing a total of 0 entities and 0 collections)
}
&amp#27;[2m2025-05-11T11:17:46.249-03:00&amp#27;[0;39m &amp#27;[32mDEBUG&amp#27;[0;39m &amp#27;[35m16907&amp#27;[0;39m &amp#27;[2m---&amp#27;[0;39m &amp#27;[2m[           main]&amp#27;[0;39m &amp#27;[2m&amp#27;[0;39m&amp#27;[36morg.hibernate.SQL                       &amp#27;[0;39m &amp#27;[2m:&amp#27;[0;39m 
    /* <criteria> */ select
        d1_0.id,
        d1_0.actualizado_en,
        d1_0.codigo_penal,
        d1_0.creado_en,
        d1_0.descripcion,
        d1_0.nombre,
        d1_0.pena_maxima,
        d1_0.pena_minima,
        d1_0.tipo_pena,
        d1_0.valoracion 
    from
        delito d1_0 
    where
        upper(d1_0.nombre) like upper(?) escape '\'
Hibernate: 
    /* <criteria> */ select
        d1_0.id,
        d1_0.actualizado_en,
        d1_0.codigo_penal,
        d1_0.creado_en,
        d1_0.descripcion,
        d1_0.nombre,
        d1_0.pena_maxima,
        d1_0.pena_minima,
        d1_0.tipo_pena,
        d1_0.valoracion 
    from
        delito d1_0 
    where
        upper(d1_0.nombre) like upper(?) escape '\'
&amp#27;[2m2025-05-11T11:17:46.250-03:00&amp#27;[0;39m &amp#27;[32m INFO&amp#27;[0;39m &amp#27;[35m16907&amp#27;[0;39m &amp#27;[2m---&amp#27;[0;39m &amp#27;[2m[           main]&amp#27;[0;39m &amp#27;[2m&amp#27;[0;39m&amp#27;[36mi.StatisticalLoggingSessionEventListener&amp#27;[0;39m &amp#27;[2m:&amp#27;[0;39m Session Metrics {
    8958 nanoseconds spent acquiring 1 JDBC connections;
    0 nanoseconds spent releasing 0 JDBC connections;
    26333 nanoseconds spent preparing 1 JDBC statements;
    962042 nanoseconds spent executing 1 JDBC statements;
    0 nanoseconds spent executing 0 JDBC batches;
    0 nanoseconds spent performing 0 L2C puts;
    0 nanoseconds spent performing 0 L2C hits;
    0 nanoseconds spent performing 0 L2C misses;
    0 nanoseconds spent executing 0 flushes (flushing a total of 0 entities and 0 collections);
    0 nanoseconds spent executing 0 partial-flushes (flushing a total of 0 entities and 0 collections)
}
&amp#27;[2m2025-05-11T11:17:46.251-03:00&amp#27;[0;39m &amp#27;[32mDEBUG&amp#27;[0;39m &amp#27;[35m16907&amp#27;[0;39m &amp#27;[2m---&amp#27;[0;39m &amp#27;[2m[           main]&amp#27;[0;39m &amp#27;[2m&amp#27;[0;39m&amp#27;[36morg.hibernate.SQL                       &amp#27;[0;39m &amp#27;[2m:&amp#27;[0;39m 
    /* <criteria> */ select
        d1_0.id,
        d1_0.actualizado_en,
        d1_0.codigo_penal,
        d1_0.creado_en,
        d1_0.descripcion,
        d1_0.nombre,
        d1_0.pena_maxima,
        d1_0.pena_minima,
        d1_0.tipo_pena,
        d1_0.valoracion 
    from
        delito d1_0 
    where
        upper(d1_0.nombre) like upper(?) escape '\'
Hibernate: 
    /* <criteria> */ select
        d1_0.id,
        d1_0.actualizado_en,
        d1_0.codigo_penal,
        d1_0.creado_en,
        d1_0.descripcion,
        d1_0.nombre,
        d1_0.pena_maxima,
        d1_0.pena_minima,
        d1_0.tipo_pena,
        d1_0.valoracion 
    from
        delito d1_0 
    where
        upper(d1_0.nombre) like upper(?) escape '\'
&amp#27;[2m2025-05-11T11:17:46.253-03:00&amp#27;[0;39m &amp#27;[32m INFO&amp#27;[0;39m &amp#27;[35m16907&amp#27;[0;39m &amp#27;[2m---&amp#27;[0;39m &amp#27;[2m[           main]&amp#27;[0;39m &amp#27;[2m&amp#27;[0;39m&amp#27;[36mi.StatisticalLoggingSessionEventListener&amp#27;[0;39m &amp#27;[2m:&amp#27;[0;39m Session Metrics {
    12167 nanoseconds spent acquiring 1 JDBC connections;
    0 nanoseconds spent releasing 0 JDBC connections;
    31750 nanoseconds spent preparing 1 JDBC statements;
    988542 nanoseconds spent executing 1 JDBC statements;
    0 nanoseconds spent executing 0 JDBC batches;
    0 nanoseconds spent performing 0 L2C puts;
    0 nanoseconds spent performing 0 L2C hits;
    0 nanoseconds spent performing 0 L2C misses;
    0 nanoseconds spent executing 0 flushes (flushing a total of 0 entities and 0 collections);
    0 nanoseconds spent executing 0 partial-flushes (flushing a total of 0 entities and 0 collections)
}
&amp#27;[2m2025-05-11T11:17:46.253-03:00&amp#27;[0;39m &amp#27;[32mDEBUG&amp#27;[0;39m &amp#27;[35m16907&amp#27;[0;39m &amp#27;[2m---&amp#27;[0;39m &amp#27;[2m[           main]&amp#27;[0;39m &amp#27;[2m&amp#27;[0;39m&amp#27;[36morg.hibernate.SQL                       &amp#27;[0;39m &amp#27;[2m:&amp#27;[0;39m 
    /* <criteria> */ select
        d1_0.id,
        d1_0.actualizado_en,
        d1_0.codigo_penal,
        d1_0.creado_en,
        d1_0.descripcion,
        d1_0.nombre,
        d1_0.pena_maxima,
        d1_0.pena_minima,
        d1_0.tipo_pena,
        d1_0.valoracion 
    from
        delito d1_0 
    where
        upper(d1_0.nombre) like upper(?) escape '\'
Hibernate: 
    /* <criteria> */ select
        d1_0.id,
        d1_0.actualizado_en,
        d1_0.codigo_penal,
        d1_0.creado_en,
        d1_0.descripcion,
        d1_0.nombre,
        d1_0.pena_maxima,
        d1_0.pena_minima,
        d1_0.tipo_pena,
        d1_0.valoracion 
    from
        delito d1_0 
    where
        upper(d1_0.nombre) like upper(?) escape '\'
&amp#27;[2m2025-05-11T11:17:46.255-03:00&amp#27;[0;39m &amp#27;[32m INFO&amp#27;[0;39m &amp#27;[35m16907&amp#27;[0;39m &amp#27;[2m---&amp#27;[0;39m &amp#27;[2m[           main]&amp#27;[0;39m &amp#27;[2m&amp#27;[0;39m&amp#27;[36mi.StatisticalLoggingSessionEventListener&amp#27;[0;39m &amp#27;[2m:&amp#27;[0;39m Session Metrics {
    8833 nanoseconds spent acquiring 1 JDBC connections;
    0 nanoseconds spent releasing 0 JDBC connections;
    25833 nanoseconds spent preparing 1 JDBC statements;
    1004500 nanoseconds spent executing 1 JDBC statements;
    0 nanoseconds spent executing 0 JDBC batches;
    0 nanoseconds spent performing 0 L2C puts;
    0 nanoseconds spent performing 0 L2C hits;
    0 nanoseconds spent performing 0 L2C misses;
    0 nanoseconds spent executing 0 flushes (flushing a total of 0 entities and 0 collections);
    0 nanoseconds spent executing 0 partial-flushes (flushing a total of 0 entities and 0 collections)
}
&amp#27;[2m2025-05-11T11:17:46.255-03:00&amp#27;[0;39m &amp#27;[32mDEBUG&amp#27;[0;39m &amp#27;[35m16907&amp#27;[0;39m &amp#27;[2m---&amp#27;[0;39m &amp#27;[2m[           main]&amp#27;[0;39m &amp#27;[2m&amp#27;[0;39m&amp#27;[36morg.hibernate.SQL                       &amp#27;[0;39m &amp#27;[2m:&amp#27;[0;39m 
    /* <criteria> */ select
        d1_0.id,
        d1_0.actualizado_en,
        d1_0.codigo_penal,
        d1_0.creado_en,
        d1_0.descripcion,
        d1_0.nombre,
        d1_0.pena_maxima,
        d1_0.pena_minima,
        d1_0.tipo_pena,
        d1_0.valoracion 
    from
        delito d1_0 
    where
        upper(d1_0.nombre) like upper(?) escape '\'
Hibernate: 
    /* <criteria> */ select
        d1_0.id,
        d1_0.actualizado_en,
        d1_0.codigo_penal,
        d1_0.creado_en,
        d1_0.descripcion,
        d1_0.nombre,
        d1_0.pena_maxima,
        d1_0.pena_minima,
        d1_0.tipo_pena,
        d1_0.valoracion 
    from
        delito d1_0 
    where
        upper(d1_0.nombre) like upper(?) escape '\'
&amp#27;[2m2025-05-11T11:17:46.257-03:00&amp#27;[0;39m &amp#27;[32m INFO&amp#27;[0;39m &amp#27;[35m16907&amp#27;[0;39m &amp#27;[2m---&amp#27;[0;39m &amp#27;[2m[           main]&amp#27;[0;39m &amp#27;[2m&amp#27;[0;39m&amp#27;[36mi.StatisticalLoggingSessionEventListener&amp#27;[0;39m &amp#27;[2m:&amp#27;[0;39m Session Metrics {
    8708 nanoseconds spent acquiring 1 JDBC connections;
    0 nanoseconds spent releasing 0 JDBC connections;
    25792 nanoseconds spent preparing 1 JDBC statements;
    991584 nanoseconds spent executing 1 JDBC statements;
    0 nanoseconds spent executing 0 JDBC batches;
    0 nanoseconds spent performing 0 L2C puts;
    0 nanoseconds spent performing 0 L2C hits;
    0 nanoseconds spent performing 0 L2C misses;
    0 nanoseconds spent executing 0 flushes (flushing a total of 0 entities and 0 collections);
    0 nanoseconds spent executing 0 partial-flushes (flushing a total of 0 entities and 0 collections)
}
&amp#27;[2m2025-05-11T11:17:46.257-03:00&amp#27;[0;39m &amp#27;[32mDEBUG&amp#27;[0;39m &amp#27;[35m16907&amp#27;[0;39m &amp#27;[2m---&amp#27;[0;39m &amp#27;[2m[           main]&amp#27;[0;39m &amp#27;[2m&amp#27;[0;39m&amp#27;[36morg.hibernate.SQL                       &amp#27;[0;39m &amp#27;[2m:&amp#27;[0;39m 
    /* <criteria> */ select
        d1_0.id,
        d1_0.actualizado_en,
        d1_0.codigo_penal,
        d1_0.creado_en,
        d1_0.descripcion,
        d1_0.nombre,
        d1_0.pena_maxima,
        d1_0.pena_minima,
        d1_0.tipo_pena,
        d1_0.valoracion 
    from
        delito d1_0 
    where
        upper(d1_0.nombre) like upper(?) escape '\'
Hibernate: 
    /* <criteria> */ select
        d1_0.id,
        d1_0.actualizado_en,
        d1_0.codigo_penal,
        d1_0.creado_en,
        d1_0.descripcion,
        d1_0.nombre,
        d1_0.pena_maxima,
        d1_0.pena_minima,
        d1_0.tipo_pena,
        d1_0.valoracion 
    from
        delito d1_0 
    where
        upper(d1_0.nombre) like upper(?) escape '\'
&amp#27;[2m2025-05-11T11:17:46.259-03:00&amp#27;[0;39m &amp#27;[32m INFO&amp#27;[0;39m &amp#27;[35m16907&amp#27;[0;39m &amp#27;[2m---&amp#27;[0;39m &amp#27;[2m[           main]&amp#27;[0;39m &amp#27;[2m&amp#27;[0;39m&amp#27;[36mi.StatisticalLoggingSessionEventListener&amp#27;[0;39m &amp#27;[2m:&amp#27;[0;39m Session Metrics {
    8708 nanoseconds spent acquiring 1 JDBC connections;
    0 nanoseconds spent releasing 0 JDBC connections;
    26584 nanoseconds spent preparing 1 JDBC statements;
    956792 nanoseconds spent executing 1 JDBC statements;
    0 nanoseconds spent executing 0 JDBC batches;
    0 nanoseconds spent performing 0 L2C puts;
    0 nanoseconds spent performing 0 L2C hits;
    0 nanoseconds spent performing 0 L2C misses;
    0 nanoseconds spent executing 0 flushes (flushing a total of 0 entities and 0 collections);
    0 nanoseconds spent executing 0 partial-flushes (flushing a total of 0 entities and 0 collections)
}
&amp#27;[2m2025-05-11T11:17:46.259-03:00&amp#27;[0;39m &amp#27;[32mDEBUG&amp#27;[0;39m &amp#27;[35m16907&amp#27;[0;39m &amp#27;[2m---&amp#27;[0;39m &amp#27;[2m[           main]&amp#27;[0;39m &amp#27;[2m&amp#27;[0;39m&amp#27;[36morg.hibernate.SQL                       &amp#27;[0;39m &amp#27;[2m:&amp#27;[0;39m 
    /* <criteria> */ select
        d1_0.id,
        d1_0.actualizado_en,
        d1_0.codigo_penal,
        d1_0.creado_en,
        d1_0.descripcion,
        d1_0.nombre,
        d1_0.pena_maxima,
        d1_0.pena_minima,
        d1_0.tipo_pena,
        d1_0.valoracion 
    from
        delito d1_0 
    where
        upper(d1_0.nombre) like upper(?) escape '\'
Hibernate: 
    /* <criteria> */ select
        d1_0.id,
        d1_0.actualizado_en,
        d1_0.codigo_penal,
        d1_0.creado_en,
        d1_0.descripcion,
        d1_0.nombre,
        d1_0.pena_maxima,
        d1_0.pena_minima,
        d1_0.tipo_pena,
        d1_0.valoracion 
    from
        delito d1_0 
    where
        upper(d1_0.nombre) like upper(?) escape '\'
&amp#27;[2m2025-05-11T11:17:46.261-03:00&amp#27;[0;39m &amp#27;[32m INFO&amp#27;[0;39m &amp#27;[35m16907&amp#27;[0;39m &amp#27;[2m---&amp#27;[0;39m &amp#27;[2m[           main]&amp#27;[0;39m &amp#27;[2m&amp#27;[0;39m&amp#27;[36mi.StatisticalLoggingSessionEventListener&amp#27;[0;39m &amp#27;[2m:&amp#27;[0;39m Session Metrics {
    9667 nanoseconds spent acquiring 1 JDBC connections;
    0 nanoseconds spent releasing 0 JDBC connections;
    29666 nanoseconds spent preparing 1 JDBC statements;
    860250 nanoseconds spent executing 1 JDBC statements;
    0 nanoseconds spent executing 0 JDBC batches;
    0 nanoseconds spent performing 0 L2C puts;
    0 nanoseconds spent performing 0 L2C hits;
    0 nanoseconds spent performing 0 L2C misses;
    0 nanoseconds spent executing 0 flushes (flushing a total of 0 entities and 0 collections);
    0 nanoseconds spent executing 0 partial-flushes (flushing a total of 0 entities and 0 collections)
}
&amp#27;[2m2025-05-11T11:17:46.262-03:00&amp#27;[0;39m &amp#27;[32mDEBUG&amp#27;[0;39m &amp#27;[35m16907&amp#27;[0;39m &amp#27;[2m---&amp#27;[0;39m &amp#27;[2m[           main]&amp#27;[0;39m &amp#27;[2m&amp#27;[0;39m&amp#27;[36morg.hibernate.SQL                       &amp#27;[0;39m &amp#27;[2m:&amp#27;[0;39m 
    /* <criteria> */ select
        d1_0.id,
        d1_0.actualizado_en,
        d1_0.codigo_penal,
        d1_0.creado_en,
        d1_0.descripcion,
        d1_0.nombre,
        d1_0.pena_maxima,
        d1_0.pena_minima,
        d1_0.tipo_pena,
        d1_0.valoracion 
    from
        delito d1_0 
    where
        upper(d1_0.nombre) like upper(?) escape '\'
Hibernate: 
    /* <criteria> */ select
        d1_0.id,
        d1_0.actualizado_en,
        d1_0.codigo_penal,
        d1_0.creado_en,
        d1_0.descripcion,
        d1_0.nombre,
        d1_0.pena_maxima,
        d1_0.pena_minima,
        d1_0.tipo_pena,
        d1_0.valoracion 
    from
        delito d1_0 
    where
        upper(d1_0.nombre) like upper(?) escape '\'
&amp#27;[2m2025-05-11T11:17:46.263-03:00&amp#27;[0;39m &amp#27;[32m INFO&amp#27;[0;39m &amp#27;[35m16907&amp#27;[0;39m &amp#27;[2m---&amp#27;[0;39m &amp#27;[2m[           main]&amp#27;[0;39m &amp#27;[2m&amp#27;[0;39m&amp#27;[36mi.StatisticalLoggingSessionEventListener&amp#27;[0;39m &amp#27;[2m:&amp#27;[0;39m Session Metrics {
    10375 nanoseconds spent acquiring 1 JDBC connections;
    0 nanoseconds spent releasing 0 JDBC connections;
    32250 nanoseconds spent preparing 1 JDBC statements;
    880250 nanoseconds spent executing 1 JDBC statements;
    0 nanoseconds spent executing 0 JDBC batches;
    0 nanoseconds spent performing 0 L2C puts;
    0 nanoseconds spent performing 0 L2C hits;
    0 nanoseconds spent performing 0 L2C misses;
    0 nanoseconds spent executing 0 flushes (flushing a total of 0 entities and 0 collections);
    0 nanoseconds spent executing 0 partial-flushes (flushing a total of 0 entities and 0 collections)
}
&amp#27;[2m2025-05-11T11:17:46.264-03:00&amp#27;[0;39m &amp#27;[32mDEBUG&amp#27;[0;39m &amp#27;[35m16907&amp#27;[0;39m &amp#27;[2m---&amp#27;[0;39m &amp#27;[2m[           main]&amp#27;[0;39m &amp#27;[2m&amp#27;[0;39m&amp#27;[36morg.hibernate.SQL                       &amp#27;[0;39m &amp#27;[2m:&amp#27;[0;39m 
    /* <criteria> */ select
        d1_0.id,
        d1_0.actualizado_en,
        d1_0.codigo_penal,
        d1_0.creado_en,
        d1_0.descripcion,
        d1_0.nombre,
        d1_0.pena_maxima,
        d1_0.pena_minima,
        d1_0.tipo_pena,
        d1_0.valoracion 
    from
        delito d1_0 
    where
        upper(d1_0.nombre) like upper(?) escape '\'
Hibernate: 
    /* <criteria> */ select
        d1_0.id,
        d1_0.actualizado_en,
        d1_0.codigo_penal,
        d1_0.creado_en,
        d1_0.descripcion,
        d1_0.nombre,
        d1_0.pena_maxima,
        d1_0.pena_minima,
        d1_0.tipo_pena,
        d1_0.valoracion 
    from
        delito d1_0 
    where
        upper(d1_0.nombre) like upper(?) escape '\'
&amp#27;[2m2025-05-11T11:17:46.267-03:00&amp#27;[0;39m &amp#27;[32m INFO&amp#27;[0;39m &amp#27;[35m16907&amp#27;[0;39m &amp#27;[2m---&amp#27;[0;39m &amp#27;[2m[           main]&amp#27;[0;39m &amp#27;[2m&amp#27;[0;39m&amp#27;[36mi.StatisticalLoggingSessionEventListener&amp#27;[0;39m &amp#27;[2m:&amp#27;[0;39m Session Metrics {
    8083 nanoseconds spent acquiring 1 JDBC connections;
    0 nanoseconds spent releasing 0 JDBC connections;
    24500 nanoseconds spent preparing 1 JDBC statements;
    3139875 nanoseconds spent executing 1 JDBC statements;
    0 nanoseconds spent executing 0 JDBC batches;
    0 nanoseconds spent performing 0 L2C puts;
    0 nanoseconds spent performing 0 L2C hits;
    0 nanoseconds spent performing 0 L2C misses;
    0 nanoseconds spent executing 0 flushes (flushing a total of 0 entities and 0 collections);
    0 nanoseconds spent executing 0 partial-flushes (flushing a total of 0 entities and 0 collections)
}
&amp#27;[2m2025-05-11T11:17:46.268-03:00&amp#27;[0;39m &amp#27;[32mDEBUG&amp#27;[0;39m &amp#27;[35m16907&amp#27;[0;39m &amp#27;[2m---&amp#27;[0;39m &amp#27;[2m[           main]&amp#27;[0;39m &amp#27;[2m&amp#27;[0;39m&amp#27;[36morg.hibernate.SQL                       &amp#27;[0;39m &amp#27;[2m:&amp#27;[0;39m 
    /* <criteria> */ select
        d1_0.id,
        d1_0.actualizado_en,
        d1_0.codigo_penal,
        d1_0.creado_en,
        d1_0.descripcion,
        d1_0.nombre,
        d1_0.pena_maxima,
        d1_0.pena_minima,
        d1_0.tipo_pena,
        d1_0.valoracion 
    from
        delito d1_0 
    where
        upper(d1_0.nombre) like upper(?) escape '\'
Hibernate: 
    /* <criteria> */ select
        d1_0.id,
        d1_0.actualizado_en,
        d1_0.codigo_penal,
        d1_0.creado_en,
        d1_0.descripcion,
        d1_0.nombre,
        d1_0.pena_maxima,
        d1_0.pena_minima,
        d1_0.tipo_pena,
        d1_0.valoracion 
    from
        delito d1_0 
    where
        upper(d1_0.nombre) like upper(?) escape '\'
&amp#27;[2m2025-05-11T11:17:46.270-03:00&amp#27;[0;39m &amp#27;[32m INFO&amp#27;[0;39m &amp#27;[35m16907&amp#27;[0;39m &amp#27;[2m---&amp#27;[0;39m &amp#27;[2m[           main]&amp#27;[0;39m &amp#27;[2m&amp#27;[0;39m&amp#27;[36mi.StatisticalLoggingSessionEventListener&amp#27;[0;39m &amp#27;[2m:&amp#27;[0;39m Session Metrics {
    8583 nanoseconds spent acquiring 1 JDBC connections;
    0 nanoseconds spent releasing 0 JDBC connections;
    35667 nanoseconds spent preparing 1 JDBC statements;
    1730125 nanoseconds spent executing 1 JDBC statements;
    0 nanoseconds spent executing 0 JDBC batches;
    0 nanoseconds spent performing 0 L2C puts;
    0 nanoseconds spent performing 0 L2C hits;
    0 nanoseconds spent performing 0 L2C misses;
    0 nanoseconds spent executing 0 flushes (flushing a total of 0 entities and 0 collections);
    0 nanoseconds spent executing 0 partial-flushes (flushing a total of 0 entities and 0 collections)
}
&amp#27;[2m2025-05-11T11:17:46.271-03:00&amp#27;[0;39m &amp#27;[32mDEBUG&amp#27;[0;39m &amp#27;[35m16907&amp#27;[0;39m &amp#27;[2m---&amp#27;[0;39m &amp#27;[2m[           main]&amp#27;[0;39m &amp#27;[2m&amp#27;[0;39m&amp#27;[36morg.hibernate.SQL                       &amp#27;[0;39m &amp#27;[2m:&amp#27;[0;39m 
    /* <criteria> */ select
        d1_0.id,
        d1_0.actualizado_en,
        d1_0.codigo_penal,
        d1_0.creado_en,
        d1_0.descripcion,
        d1_0.nombre,
        d1_0.pena_maxima,
        d1_0.pena_minima,
        d1_0.tipo_pena,
        d1_0.valoracion 
    from
        delito d1_0 
    where
        upper(d1_0.nombre) like upper(?) escape '\'
Hibernate: 
    /* <criteria> */ select
        d1_0.id,
        d1_0.actualizado_en,
        d1_0.codigo_penal,
        d1_0.creado_en,
        d1_0.descripcion,
        d1_0.nombre,
        d1_0.pena_maxima,
        d1_0.pena_minima,
        d1_0.tipo_pena,
        d1_0.valoracion 
    from
        delito d1_0 
    where
        upper(d1_0.nombre) like upper(?) escape '\'
&amp#27;[2m2025-05-11T11:17:46.273-03:00&amp#27;[0;39m &amp#27;[32m INFO&amp#27;[0;39m &amp#27;[35m16907&amp#27;[0;39m &amp#27;[2m---&amp#27;[0;39m &amp#27;[2m[           main]&amp#27;[0;39m &amp#27;[2m&amp#27;[0;39m&amp#27;[36mi.StatisticalLoggingSessionEventListener&amp#27;[0;39m &amp#27;[2m:&amp#27;[0;39m Session Metrics {
    8709 nanoseconds spent acquiring 1 JDBC connections;
    0 nanoseconds spent releasing 0 JDBC connections;
    25875 nanoseconds spent preparing 1 JDBC statements;
    1849250 nanoseconds spent executing 1 JDBC statements;
    0 nanoseconds spent executing 0 JDBC batches;
    0 nanoseconds spent performing 0 L2C puts;
    0 nanoseconds spent performing 0 L2C hits;
    0 nanoseconds spent performing 0 L2C misses;
    0 nanoseconds spent executing 0 flushes (flushing a total of 0 entities and 0 collections);
    0 nanoseconds spent executing 0 partial-flushes (flushing a total of 0 entities and 0 collections)
}
&amp#27;[2m2025-05-11T11:17:46.274-03:00&amp#27;[0;39m &amp#27;[32mDEBUG&amp#27;[0;39m &amp#27;[35m16907&amp#27;[0;39m &amp#27;[2m---&amp#27;[0;39m &amp#27;[2m[           main]&amp#27;[0;39m &amp#27;[2m&amp#27;[0;39m&amp#27;[36morg.hibernate.SQL                       &amp#27;[0;39m &amp#27;[2m:&amp#27;[0;39m 
    /* <criteria> */ select
        d1_0.id,
        d1_0.actualizado_en,
        d1_0.codigo_penal,
        d1_0.creado_en,
        d1_0.descripcion,
        d1_0.nombre,
        d1_0.pena_maxima,
        d1_0.pena_minima,
        d1_0.tipo_pena,
        d1_0.valoracion 
    from
        delito d1_0 
    where
        upper(d1_0.nombre) like upper(?) escape '\'
Hibernate: 
    /* <criteria> */ select
        d1_0.id,
        d1_0.actualizado_en,
        d1_0.codigo_penal,
        d1_0.creado_en,
        d1_0.descripcion,
        d1_0.nombre,
        d1_0.pena_maxima,
        d1_0.pena_minima,
        d1_0.tipo_pena,
        d1_0.valoracion 
    from
        delito d1_0 
    where
        upper(d1_0.nombre) like upper(?) escape '\'
&amp#27;[2m2025-05-11T11:17:46.275-03:00&amp#27;[0;39m &amp#27;[32m INFO&amp#27;[0;39m &amp#27;[35m16907&amp#27;[0;39m &amp#27;[2m---&amp#27;[0;39m &amp#27;[2m[           main]&amp#27;[0;39m &amp#27;[2m&amp#27;[0;39m&amp#27;[36mi.StatisticalLoggingSessionEventListener&amp#27;[0;39m &amp#27;[2m:&amp#27;[0;39m Session Metrics {
    9375 nanoseconds spent acquiring 1 JDBC connections;
    0 nanoseconds spent releasing 0 JDBC connections;
    27834 nanoseconds spent preparing 1 JDBC statements;
    1013959 nanoseconds spent executing 1 JDBC statements;
    0 nanoseconds spent executing 0 JDBC batches;
    0 nanoseconds spent performing 0 L2C puts;
    0 nanoseconds spent performing 0 L2C hits;
    0 nanoseconds spent performing 0 L2C misses;
    0 nanoseconds spent executing 0 flushes (flushing a total of 0 entities and 0 collections);
    0 nanoseconds spent executing 0 partial-flushes (flushing a total of 0 entities and 0 collections)
}
&amp#27;[2m2025-05-11T11:17:46.276-03:00&amp#27;[0;39m &amp#27;[32mDEBUG&amp#27;[0;39m &amp#27;[35m16907&amp#27;[0;39m &amp#27;[2m---&amp#27;[0;39m &amp#27;[2m[           main]&amp#27;[0;39m &amp#27;[2m&amp#27;[0;39m&amp#27;[36morg.hibernate.SQL                       &amp#27;[0;39m &amp#27;[2m:&amp#27;[0;39m 
    /* <criteria> */ select
        d1_0.id,
        d1_0.actualizado_en,
        d1_0.codigo_penal,
        d1_0.creado_en,
        d1_0.descripcion,
        d1_0.nombre,
        d1_0.pena_maxima,
        d1_0.pena_minima,
        d1_0.tipo_pena,
        d1_0.valoracion 
    from
        delito d1_0 
    where
        upper(d1_0.nombre) like upper(?) escape '\'
Hibernate: 
    /* <criteria> */ select
        d1_0.id,
        d1_0.actualizado_en,
        d1_0.codigo_penal,
        d1_0.creado_en,
        d1_0.descripcion,
        d1_0.nombre,
        d1_0.pena_maxima,
        d1_0.pena_minima,
        d1_0.tipo_pena,
        d1_0.valoracion 
    from
        delito d1_0 
    where
        upper(d1_0.nombre) like upper(?) escape '\'
&amp#27;[2m2025-05-11T11:17:46.278-03:00&amp#27;[0;39m &amp#27;[32m INFO&amp#27;[0;39m &amp#27;[35m16907&amp#27;[0;39m &amp#27;[2m---&amp#27;[0;39m &amp#27;[2m[           main]&amp#27;[0;39m &amp#27;[2m&amp#27;[0;39m&amp#27;[36mi.StatisticalLoggingSessionEventListener&amp#27;[0;39m &amp#27;[2m:&amp#27;[0;39m Session Metrics {
    8959 nanoseconds spent acquiring 1 JDBC connections;
    0 nanoseconds spent releasing 0 JDBC connections;
    26875 nanoseconds spent preparing 1 JDBC statements;
    1973333 nanoseconds spent executing 1 JDBC statements;
    0 nanoseconds spent executing 0 JDBC batches;
    0 nanoseconds spent performing 0 L2C puts;
    0 nanoseconds spent performing 0 L2C hits;
    0 nanoseconds spent performing 0 L2C misses;
    0 nanoseconds spent executing 0 flushes (flushing a total of 0 entities and 0 collections);
    0 nanoseconds spent executing 0 partial-flushes (flushing a total of 0 entities and 0 collections)
}
&amp#27;[2m2025-05-11T11:17:46.279-03:00&amp#27;[0;39m &amp#27;[32mDEBUG&amp#27;[0;39m &amp#27;[35m16907&amp#27;[0;39m &amp#27;[2m---&amp#27;[0;39m &amp#27;[2m[           main]&amp#27;[0;39m &amp#27;[2m&amp#27;[0;39m&amp#27;[36morg.hibernate.SQL                       &amp#27;[0;39m &amp#27;[2m:&amp#27;[0;39m 
    /* <criteria> */ select
        d1_0.id,
        d1_0.actualizado_en,
        d1_0.codigo_penal,
        d1_0.creado_en,
        d1_0.descripcion,
        d1_0.nombre,
        d1_0.pena_maxima,
        d1_0.pena_minima,
        d1_0.tipo_pena,
        d1_0.valoracion 
    from
        delito d1_0 
    where
        upper(d1_0.nombre) like upper(?) escape '\'
Hibernate: 
    /* <criteria> */ select
        d1_0.id,
        d1_0.actualizado_en,
        d1_0.codigo_penal,
        d1_0.creado_en,
        d1_0.descripcion,
        d1_0.nombre,
        d1_0.pena_maxima,
        d1_0.pena_minima,
        d1_0.tipo_pena,
        d1_0.valoracion 
    from
        delito d1_0 
    where
        upper(d1_0.nombre) like upper(?) escape '\'
&amp#27;[2m2025-05-11T11:17:46.281-03:00&amp#27;[0;39m &amp#27;[32m INFO&amp#27;[0;39m &amp#27;[35m16907&amp#27;[0;39m &amp#27;[2m---&amp#27;[0;39m &amp#27;[2m[           main]&amp#27;[0;39m &amp#27;[2m&amp#27;[0;39m&amp#27;[36mi.StatisticalLoggingSessionEventListener&amp#27;[0;39m &amp#27;[2m:&amp#27;[0;39m Session Metrics {
    8916 nanoseconds spent acquiring 1 JDBC connections;
    0 nanoseconds spent releasing 0 JDBC connections;
    26500 nanoseconds spent preparing 1 JDBC statements;
    1652000 nanoseconds spent executing 1 JDBC statements;
    0 nanoseconds spent executing 0 JDBC batches;
    0 nanoseconds spent performing 0 L2C puts;
    0 nanoseconds spent performing 0 L2C hits;
    0 nanoseconds spent performing 0 L2C misses;
    0 nanoseconds spent executing 0 flushes (flushing a total of 0 entities and 0 collections);
    0 nanoseconds spent executing 0 partial-flushes (flushing a total of 0 entities and 0 collections)
}
&amp#27;[2m2025-05-11T11:17:46.282-03:00&amp#27;[0;39m &amp#27;[32mDEBUG&amp#27;[0;39m &amp#27;[35m16907&amp#27;[0;39m &amp#27;[2m---&amp#27;[0;39m &amp#27;[2m[           main]&amp#27;[0;39m &amp#27;[2m&amp#27;[0;39m&amp#27;[36morg.hibernate.SQL                       &amp#27;[0;39m &amp#27;[2m:&amp#27;[0;39m 
    /* <criteria> */ select
        d1_0.id,
        d1_0.actualizado_en,
        d1_0.codigo_penal,
        d1_0.creado_en,
        d1_0.descripcion,
        d1_0.nombre,
        d1_0.pena_maxima,
        d1_0.pena_minima,
        d1_0.tipo_pena,
        d1_0.valoracion 
    from
        delito d1_0 
    where
        upper(d1_0.nombre) like upper(?) escape '\'
Hibernate: 
    /* <criteria> */ select
        d1_0.id,
        d1_0.actualizado_en,
        d1_0.codigo_penal,
        d1_0.creado_en,
        d1_0.descripcion,
        d1_0.nombre,
        d1_0.pena_maxima,
        d1_0.pena_minima,
        d1_0.tipo_pena,
        d1_0.valoracion 
    from
        delito d1_0 
    where
        upper(d1_0.nombre) like upper(?) escape '\'
&amp#27;[2m2025-05-11T11:17:46.284-03:00&amp#27;[0;39m &amp#27;[32m INFO&amp#27;[0;39m &amp#27;[35m16907&amp#27;[0;39m &amp#27;[2m---&amp#27;[0;39m &amp#27;[2m[           main]&amp#27;[0;39m &amp#27;[2m&amp#27;[0;39m&amp#27;[36mi.StatisticalLoggingSessionEventListener&amp#27;[0;39m &amp#27;[2m:&amp#27;[0;39m Session Metrics {
    11291 nanoseconds spent acquiring 1 JDBC connections;
    0 nanoseconds spent releasing 0 JDBC connections;
    27083 nanoseconds spent preparing 1 JDBC statements;
    1561833 nanoseconds spent executing 1 JDBC statements;
    0 nanoseconds spent executing 0 JDBC batches;
    0 nanoseconds spent performing 0 L2C puts;
    0 nanoseconds spent performing 0 L2C hits;
    0 nanoseconds spent performing 0 L2C misses;
    0 nanoseconds spent executing 0 flushes (flushing a total of 0 entities and 0 collections);
    0 nanoseconds spent executing 0 partial-flushes (flushing a total of 0 entities and 0 collections)
}
&amp#27;[2m2025-05-11T11:17:46.284-03:00&amp#27;[0;39m &amp#27;[32mDEBUG&amp#27;[0;39m &amp#27;[35m16907&amp#27;[0;39m &amp#27;[2m---&amp#27;[0;39m &amp#27;[2m[           main]&amp#27;[0;39m &amp#27;[2m&amp#27;[0;39m&amp#27;[36morg.hibernate.SQL                       &amp#27;[0;39m &amp#27;[2m:&amp#27;[0;39m 
    /* <criteria> */ select
        d1_0.id,
        d1_0.actualizado_en,
        d1_0.codigo_penal,
        d1_0.creado_en,
        d1_0.descripcion,
        d1_0.nombre,
        d1_0.pena_maxima,
        d1_0.pena_minima,
        d1_0.tipo_pena,
        d1_0.valoracion 
    from
        delito d1_0 
    where
        upper(d1_0.nombre) like upper(?) escape '\'
Hibernate: 
    /* <criteria> */ select
        d1_0.id,
        d1_0.actualizado_en,
        d1_0.codigo_penal,
        d1_0.creado_en,
        d1_0.descripcion,
        d1_0.nombre,
        d1_0.pena_maxima,
        d1_0.pena_minima,
        d1_0.tipo_pena,
        d1_0.valoracion 
    from
        delito d1_0 
    where
        upper(d1_0.nombre) like upper(?) escape '\'
&amp#27;[2m2025-05-11T11:17:46.287-03:00&amp#27;[0;39m &amp#27;[32m INFO&amp#27;[0;39m &amp#27;[35m16907&amp#27;[0;39m &amp#27;[2m---&amp#27;[0;39m &amp#27;[2m[           main]&amp#27;[0;39m &amp#27;[2m&amp#27;[0;39m&amp#27;[36mi.StatisticalLoggingSessionEventListener&amp#27;[0;39m &amp#27;[2m:&amp#27;[0;39m Session Metrics {
    8625 nanoseconds spent acquiring 1 JDBC connections;
    0 nanoseconds spent releasing 0 JDBC connections;
    26625 nanoseconds spent preparing 1 JDBC statements;
    1812666 nanoseconds spent executing 1 JDBC statements;
    0 nanoseconds spent executing 0 JDBC batches;
    0 nanoseconds spent performing 0 L2C puts;
    0 nanoseconds spent performing 0 L2C hits;
    0 nanoseconds spent performing 0 L2C misses;
    0 nanoseconds spent executing 0 flushes (flushing a total of 0 entities and 0 collections);
    0 nanoseconds spent executing 0 partial-flushes (flushing a total of 0 entities and 0 collections)
}
&amp#27;[2m2025-05-11T11:17:46.288-03:00&amp#27;[0;39m &amp#27;[32mDEBUG&amp#27;[0;39m &amp#27;[35m16907&amp#27;[0;39m &amp#27;[2m---&amp#27;[0;39m &amp#27;[2m[           main]&amp#27;[0;39m &amp#27;[2m&amp#27;[0;39m&amp#27;[36morg.hibernate.SQL                       &amp#27;[0;39m &amp#27;[2m:&amp#27;[0;39m 
    /* <criteria> */ select
        d1_0.id,
        d1_0.actualizado_en,
        d1_0.codigo_penal,
        d1_0.creado_en,
        d1_0.descripcion,
        d1_0.nombre,
        d1_0.pena_maxima,
        d1_0.pena_minima,
        d1_0.tipo_pena,
        d1_0.valoracion 
    from
        delito d1_0 
    where
        upper(d1_0.nombre) like upper(?) escape '\'
Hibernate: 
    /* <criteria> */ select
        d1_0.id,
        d1_0.actualizado_en,
        d1_0.codigo_penal,
        d1_0.creado_en,
        d1_0.descripcion,
        d1_0.nombre,
        d1_0.pena_maxima,
        d1_0.pena_minima,
        d1_0.tipo_pena,
        d1_0.valoracion 
    from
        delito d1_0 
    where
        upper(d1_0.nombre) like upper(?) escape '\'
&amp#27;[2m2025-05-11T11:17:46.291-03:00&amp#27;[0;39m &amp#27;[32m INFO&amp#27;[0;39m &amp#27;[35m16907&amp#27;[0;39m &amp#27;[2m---&amp#27;[0;39m &amp#27;[2m[           main]&amp#27;[0;39m &amp#27;[2m&amp#27;[0;39m&amp#27;[36mi.StatisticalLoggingSessionEventListener&amp#27;[0;39m &amp#27;[2m:&amp#27;[0;39m Session Metrics {
    11958 nanoseconds spent acquiring 1 JDBC connections;
    0 nanoseconds spent releasing 0 JDBC connections;
    32958 nanoseconds spent preparing 1 JDBC statements;
    2844375 nanoseconds spent executing 1 JDBC statements;
    0 nanoseconds spent executing 0 JDBC batches;
    0 nanoseconds spent performing 0 L2C puts;
    0 nanoseconds spent performing 0 L2C hits;
    0 nanoseconds spent performing 0 L2C misses;
    0 nanoseconds spent executing 0 flushes (flushing a total of 0 entities and 0 collections);
    0 nanoseconds spent executing 0 partial-flushes (flushing a total of 0 entities and 0 collections)
}
&amp#27;[2m2025-05-11T11:17:46.291-03:00&amp#27;[0;39m &amp#27;[32mDEBUG&amp#27;[0;39m &amp#27;[35m16907&amp#27;[0;39m &amp#27;[2m---&amp#27;[0;39m &amp#27;[2m[           main]&amp#27;[0;39m &amp#27;[2m&amp#27;[0;39m&amp#27;[36morg.hibernate.SQL                       &amp#27;[0;39m &amp#27;[2m:&amp#27;[0;39m 
    /* <criteria> */ select
        d1_0.id,
        d1_0.actualizado_en,
        d1_0.codigo_penal,
        d1_0.creado_en,
        d1_0.descripcion,
        d1_0.nombre,
        d1_0.pena_maxima,
        d1_0.pena_minima,
        d1_0.tipo_pena,
        d1_0.valoracion 
    from
        delito d1_0 
    where
        upper(d1_0.nombre) like upper(?) escape '\'
Hibernate: 
    /* <criteria> */ select
        d1_0.id,
        d1_0.actualizado_en,
        d1_0.codigo_penal,
        d1_0.creado_en,
        d1_0.descripcion,
        d1_0.nombre,
        d1_0.pena_maxima,
        d1_0.pena_minima,
        d1_0.tipo_pena,
        d1_0.valoracion 
    from
        delito d1_0 
    where
        upper(d1_0.nombre) like upper(?) escape '\'
&amp#27;[2m2025-05-11T11:17:46.294-03:00&amp#27;[0;39m &amp#27;[32m INFO&amp#27;[0;39m &amp#27;[35m16907&amp#27;[0;39m &amp#27;[2m---&amp#27;[0;39m &amp#27;[2m[           main]&amp#27;[0;39m &amp#27;[2m&amp#27;[0;39m&amp#27;[36mi.StatisticalLoggingSessionEventListener&amp#27;[0;39m &amp#27;[2m:&amp#27;[0;39m Session Metrics {
    16584 nanoseconds spent acquiring 1 JDBC connections;
    0 nanoseconds spent releasing 0 JDBC connections;
    38625 nanoseconds spent preparing 1 JDBC statements;
    1997750 nanoseconds spent executing 1 JDBC statements;
    0 nanoseconds spent executing 0 JDBC batches;
    0 nanoseconds spent performing 0 L2C puts;
    0 nanoseconds spent performing 0 L2C hits;
    0 nanoseconds spent performing 0 L2C misses;
    0 nanoseconds spent executing 0 flushes (flushing a total of 0 entities and 0 collections);
    0 nanoseconds spent executing 0 partial-flushes (flushing a total of 0 entities and 0 collections)
}
&amp#27;[2m2025-05-11T11:17:46.295-03:00&amp#27;[0;39m &amp#27;[32mDEBUG&amp#27;[0;39m &amp#27;[35m16907&amp#27;[0;39m &amp#27;[2m---&amp#27;[0;39m &amp#27;[2m[           main]&amp#27;[0;39m &amp#27;[2m&amp#27;[0;39m&amp#27;[36morg.hibernate.SQL                       &amp#27;[0;39m &amp#27;[2m:&amp#27;[0;39m 
    /* <criteria> */ select
        d1_0.id,
        d1_0.actualizado_en,
        d1_0.codigo_penal,
        d1_0.creado_en,
        d1_0.descripcion,
        d1_0.nombre,
        d1_0.pena_maxima,
        d1_0.pena_minima,
        d1_0.tipo_pena,
        d1_0.valoracion 
    from
        delito d1_0 
    where
        upper(d1_0.nombre) like upper(?) escape '\'
Hibernate: 
    /* <criteria> */ select
        d1_0.id,
        d1_0.actualizado_en,
        d1_0.codigo_penal,
        d1_0.creado_en,
        d1_0.descripcion,
        d1_0.nombre,
        d1_0.pena_maxima,
        d1_0.pena_minima,
        d1_0.tipo_pena,
        d1_0.valoracion 
    from
        delito d1_0 
    where
        upper(d1_0.nombre) like upper(?) escape '\'
&amp#27;[2m2025-05-11T11:17:46.296-03:00&amp#27;[0;39m &amp#27;[32m INFO&amp#27;[0;39m &amp#27;[35m16907&amp#27;[0;39m &amp#27;[2m---&amp#27;[0;39m &amp#27;[2m[           main]&amp#27;[0;39m &amp#27;[2m&amp#27;[0;39m&amp#27;[36mi.StatisticalLoggingSessionEventListener&amp#27;[0;39m &amp#27;[2m:&amp#27;[0;39m Session Metrics {
    9583 nanoseconds spent acquiring 1 JDBC connections;
    0 nanoseconds spent releasing 0 JDBC connections;
    28583 nanoseconds spent preparing 1 JDBC statements;
    1085875 nanoseconds spent executing 1 JDBC statements;
    0 nanoseconds spent executing 0 JDBC batches;
    0 nanoseconds spent performing 0 L2C puts;
    0 nanoseconds spent performing 0 L2C hits;
    0 nanoseconds spent performing 0 L2C misses;
    0 nanoseconds spent executing 0 flushes (flushing a total of 0 entities and 0 collections);
    0 nanoseconds spent executing 0 partial-flushes (flushing a total of 0 entities and 0 collections)
}
&amp#27;[2m2025-05-11T11:17:46.297-03:00&amp#27;[0;39m &amp#27;[32mDEBUG&amp#27;[0;39m &amp#27;[35m16907&amp#27;[0;39m &amp#27;[2m---&amp#27;[0;39m &amp#27;[2m[           main]&amp#27;[0;39m &amp#27;[2m&amp#27;[0;39m&amp#27;[36morg.hibernate.SQL                       &amp#27;[0;39m &amp#27;[2m:&amp#27;[0;39m 
    /* <criteria> */ select
        d1_0.id,
        d1_0.actualizado_en,
        d1_0.codigo_penal,
        d1_0.creado_en,
        d1_0.descripcion,
        d1_0.nombre,
        d1_0.pena_maxima,
        d1_0.pena_minima,
        d1_0.tipo_pena,
        d1_0.valoracion 
    from
        delito d1_0 
    where
        upper(d1_0.nombre) like upper(?) escape '\'
Hibernate: 
    /* <criteria> */ select
        d1_0.id,
        d1_0.actualizado_en,
        d1_0.codigo_penal,
        d1_0.creado_en,
        d1_0.descripcion,
        d1_0.nombre,
        d1_0.pena_maxima,
        d1_0.pena_minima,
        d1_0.tipo_pena,
        d1_0.valoracion 
    from
        delito d1_0 
    where
        upper(d1_0.nombre) like upper(?) escape '\'
&amp#27;[2m2025-05-11T11:17:46.298-03:00&amp#27;[0;39m &amp#27;[32m INFO&amp#27;[0;39m &amp#27;[35m16907&amp#27;[0;39m &amp#27;[2m---&amp#27;[0;39m &amp#27;[2m[           main]&amp#27;[0;39m &amp#27;[2m&amp#27;[0;39m&amp#27;[36mi.StatisticalLoggingSessionEventListener&amp#27;[0;39m &amp#27;[2m:&amp#27;[0;39m Session Metrics {
    9250 nanoseconds spent acquiring 1 JDBC connections;
    0 nanoseconds spent releasing 0 JDBC connections;
    27041 nanoseconds spent preparing 1 JDBC statements;
    1195708 nanoseconds spent executing 1 JDBC statements;
    0 nanoseconds spent executing 0 JDBC batches;
    0 nanoseconds spent performing 0 L2C puts;
    0 nanoseconds spent performing 0 L2C hits;
    0 nanoseconds spent performing 0 L2C misses;
    0 nanoseconds spent executing 0 flushes (flushing a total of 0 entities and 0 collections);
    0 nanoseconds spent executing 0 partial-flushes (flushing a total of 0 entities and 0 collections)
}
&amp#27;[2m2025-05-11T11:17:46.299-03:00&amp#27;[0;39m &amp#27;[32mDEBUG&amp#27;[0;39m &amp#27;[35m16907&amp#27;[0;39m &amp#27;[2m---&amp#27;[0;39m &amp#27;[2m[           main]&amp#27;[0;39m &amp#27;[2m&amp#27;[0;39m&amp#27;[36morg.hibernate.SQL                       &amp#27;[0;39m &amp#27;[2m:&amp#27;[0;39m 
    /* <criteria> */ select
        d1_0.id,
        d1_0.actualizado_en,
        d1_0.codigo_penal,
        d1_0.creado_en,
        d1_0.descripcion,
        d1_0.nombre,
        d1_0.pena_maxima,
        d1_0.pena_minima,
        d1_0.tipo_pena,
        d1_0.valoracion 
    from
        delito d1_0 
    where
        upper(d1_0.nombre) like upper(?) escape '\'
Hibernate: 
    /* <criteria> */ select
        d1_0.id,
        d1_0.actualizado_en,
        d1_0.codigo_penal,
        d1_0.creado_en,
        d1_0.descripcion,
        d1_0.nombre,
        d1_0.pena_maxima,
        d1_0.pena_minima,
        d1_0.tipo_pena,
        d1_0.valoracion 
    from
        delito d1_0 
    where
        upper(d1_0.nombre) like upper(?) escape '\'
&amp#27;[2m2025-05-11T11:17:46.301-03:00&amp#27;[0;39m &amp#27;[32m INFO&amp#27;[0;39m &amp#27;[35m16907&amp#27;[0;39m &amp#27;[2m---&amp#27;[0;39m &amp#27;[2m[           main]&amp#27;[0;39m &amp#27;[2m&amp#27;[0;39m&amp#27;[36mi.StatisticalLoggingSessionEventListener&amp#27;[0;39m &amp#27;[2m:&amp#27;[0;39m Session Metrics {
    12167 nanoseconds spent acquiring 1 JDBC connections;
    0 nanoseconds spent releasing 0 JDBC connections;
    34750 nanoseconds spent preparing 1 JDBC statements;
    1104583 nanoseconds spent executing 1 JDBC statements;
    0 nanoseconds spent executing 0 JDBC batches;
    0 nanoseconds spent performing 0 L2C puts;
    0 nanoseconds spent performing 0 L2C hits;
    0 nanoseconds spent performing 0 L2C misses;
    0 nanoseconds spent executing 0 flushes (flushing a total of 0 entities and 0 collections);
    0 nanoseconds spent executing 0 partial-flushes (flushing a total of 0 entities and 0 collections)
}
&amp#27;[2m2025-05-11T11:17:46.302-03:00&amp#27;[0;39m &amp#27;[32mDEBUG&amp#27;[0;39m &amp#27;[35m16907&amp#27;[0;39m &amp#27;[2m---&amp#27;[0;39m &amp#27;[2m[           main]&amp#27;[0;39m &amp#27;[2m&amp#27;[0;39m&amp#27;[36morg.hibernate.SQL                       &amp#27;[0;39m &amp#27;[2m:&amp#27;[0;39m 
    /* <criteria> */ select
        d1_0.id,
        d1_0.actualizado_en,
        d1_0.codigo_penal,
        d1_0.creado_en,
        d1_0.descripcion,
        d1_0.nombre,
        d1_0.pena_maxima,
        d1_0.pena_minima,
        d1_0.tipo_pena,
        d1_0.valoracion 
    from
        delito d1_0 
    where
        upper(d1_0.nombre) like upper(?) escape '\'
Hibernate: 
    /* <criteria> */ select
        d1_0.id,
        d1_0.actualizado_en,
        d1_0.codigo_penal,
        d1_0.creado_en,
        d1_0.descripcion,
        d1_0.nombre,
        d1_0.pena_maxima,
        d1_0.pena_minima,
        d1_0.tipo_pena,
        d1_0.valoracion 
    from
        delito d1_0 
    where
        upper(d1_0.nombre) like upper(?) escape '\'
&amp#27;[2m2025-05-11T11:17:46.304-03:00&amp#27;[0;39m &amp#27;[32m INFO&amp#27;[0;39m &amp#27;[35m16907&amp#27;[0;39m &amp#27;[2m---&amp#27;[0;39m &amp#27;[2m[           main]&amp#27;[0;39m &amp#27;[2m&amp#27;[0;39m&amp#27;[36mi.StatisticalLoggingSessionEventListener&amp#27;[0;39m &amp#27;[2m:&amp#27;[0;39m Session Metrics {
    8625 nanoseconds spent acquiring 1 JDBC connections;
    0 nanoseconds spent releasing 0 JDBC connections;
    23834 nanoseconds spent preparing 1 JDBC statements;
    1966083 nanoseconds spent executing 1 JDBC statements;
    0 nanoseconds spent executing 0 JDBC batches;
    0 nanoseconds spent performing 0 L2C puts;
    0 nanoseconds spent performing 0 L2C hits;
    0 nanoseconds spent performing 0 L2C misses;
    0 nanoseconds spent executing 0 flushes (flushing a total of 0 entities and 0 collections);
    0 nanoseconds spent executing 0 partial-flushes (flushing a total of 0 entities and 0 collections)
}
&amp#27;[2m2025-05-11T11:17:46.305-03:00&amp#27;[0;39m &amp#27;[32mDEBUG&amp#27;[0;39m &amp#27;[35m16907&amp#27;[0;39m &amp#27;[2m---&amp#27;[0;39m &amp#27;[2m[           main]&amp#27;[0;39m &amp#27;[2m&amp#27;[0;39m&amp#27;[36morg.hibernate.SQL                       &amp#27;[0;39m &amp#27;[2m:&amp#27;[0;39m 
    /* <criteria> */ select
        d1_0.id,
        d1_0.actualizado_en,
        d1_0.codigo_penal,
        d1_0.creado_en,
        d1_0.descripcion,
        d1_0.nombre,
        d1_0.pena_maxima,
        d1_0.pena_minima,
        d1_0.tipo_pena,
        d1_0.valoracion 
    from
        delito d1_0 
    where
        upper(d1_0.nombre) like upper(?) escape '\'
Hibernate: 
    /* <criteria> */ select
        d1_0.id,
        d1_0.actualizado_en,
        d1_0.codigo_penal,
        d1_0.creado_en,
        d1_0.descripcion,
        d1_0.nombre,
        d1_0.pena_maxima,
        d1_0.pena_minima,
        d1_0.tipo_pena,
        d1_0.valoracion 
    from
        delito d1_0 
    where
        upper(d1_0.nombre) like upper(?) escape '\'
&amp#27;[2m2025-05-11T11:17:46.307-03:00&amp#27;[0;39m &amp#27;[32m INFO&amp#27;[0;39m &amp#27;[35m16907&amp#27;[0;39m &amp#27;[2m---&amp#27;[0;39m &amp#27;[2m[           main]&amp#27;[0;39m &amp#27;[2m&amp#27;[0;39m&amp#27;[36mi.StatisticalLoggingSessionEventListener&amp#27;[0;39m &amp#27;[2m:&amp#27;[0;39m Session Metrics {
    9959 nanoseconds spent acquiring 1 JDBC connections;
    0 nanoseconds spent releasing 0 JDBC connections;
    30291 nanoseconds spent preparing 1 JDBC statements;
    2229375 nanoseconds spent executing 1 JDBC statements;
    0 nanoseconds spent executing 0 JDBC batches;
    0 nanoseconds spent performing 0 L2C puts;
    0 nanoseconds spent performing 0 L2C hits;
    0 nanoseconds spent performing 0 L2C misses;
    0 nanoseconds spent executing 0 flushes (flushing a total of 0 entities and 0 collections);
    0 nanoseconds spent executing 0 partial-flushes (flushing a total of 0 entities and 0 collections)
}
&amp#27;[2m2025-05-11T11:17:46.308-03:00&amp#27;[0;39m &amp#27;[32mDEBUG&amp#27;[0;39m &amp#27;[35m16907&amp#27;[0;39m &amp#27;[2m---&amp#27;[0;39m &amp#27;[2m[           main]&amp#27;[0;39m &amp#27;[2m&amp#27;[0;39m&amp#27;[36morg.hibernate.SQL                       &amp#27;[0;39m &amp#27;[2m:&amp#27;[0;39m 
    /* <criteria> */ select
        d1_0.id,
        d1_0.actualizado_en,
        d1_0.codigo_penal,
        d1_0.creado_en,
        d1_0.descripcion,
        d1_0.nombre,
        d1_0.pena_maxima,
        d1_0.pena_minima,
        d1_0.tipo_pena,
        d1_0.valoracion 
    from
        delito d1_0 
    where
        upper(d1_0.nombre) like upper(?) escape '\'
Hibernate: 
    /* <criteria> */ select
        d1_0.id,
        d1_0.actualizado_en,
        d1_0.codigo_penal,
        d1_0.creado_en,
        d1_0.descripcion,
        d1_0.nombre,
        d1_0.pena_maxima,
        d1_0.pena_minima,
        d1_0.tipo_pena,
        d1_0.valoracion 
    from
        delito d1_0 
    where
        upper(d1_0.nombre) like upper(?) escape '\'
&amp#27;[2m2025-05-11T11:17:46.309-03:00&amp#27;[0;39m &amp#27;[32m INFO&amp#27;[0;39m &amp#27;[35m16907&amp#27;[0;39m &amp#27;[2m---&amp#27;[0;39m &amp#27;[2m[           main]&amp#27;[0;39m &amp#27;[2m&amp#27;[0;39m&amp#27;[36mi.StatisticalLoggingSessionEventListener&amp#27;[0;39m &amp#27;[2m:&amp#27;[0;39m Session Metrics {
    8500 nanoseconds spent acquiring 1 JDBC connections;
    0 nanoseconds spent releasing 0 JDBC connections;
    25875 nanoseconds spent preparing 1 JDBC statements;
    988167 nanoseconds spent executing 1 JDBC statements;
    0 nanoseconds spent executing 0 JDBC batches;
    0 nanoseconds spent performing 0 L2C puts;
    0 nanoseconds spent performing 0 L2C hits;
    0 nanoseconds spent performing 0 L2C misses;
    0 nanoseconds spent executing 0 flushes (flushing a total of 0 entities and 0 collections);
    0 nanoseconds spent executing 0 partial-flushes (flushing a total of 0 entities and 0 collections)
}
&amp#27;[2m2025-05-11T11:17:46.310-03:00&amp#27;[0;39m &amp#27;[32mDEBUG&amp#27;[0;39m &amp#27;[35m16907&amp#27;[0;39m &amp#27;[2m---&amp#27;[0;39m &amp#27;[2m[           main]&amp#27;[0;39m &amp#27;[2m&amp#27;[0;39m&amp#27;[36morg.hibernate.SQL                       &amp#27;[0;39m &amp#27;[2m:&amp#27;[0;39m 
    /* <criteria> */ select
        d1_0.id,
        d1_0.actualizado_en,
        d1_0.codigo_penal,
        d1_0.creado_en,
        d1_0.descripcion,
        d1_0.nombre,
        d1_0.pena_maxima,
        d1_0.pena_minima,
        d1_0.tipo_pena,
        d1_0.valoracion 
    from
        delito d1_0 
    where
        upper(d1_0.nombre) like upper(?) escape '\'
Hibernate: 
    /* <criteria> */ select
        d1_0.id,
        d1_0.actualizado_en,
        d1_0.codigo_penal,
        d1_0.creado_en,
        d1_0.descripcion,
        d1_0.nombre,
        d1_0.pena_maxima,
        d1_0.pena_minima,
        d1_0.tipo_pena,
        d1_0.valoracion 
    from
        delito d1_0 
    where
        upper(d1_0.nombre) like upper(?) escape '\'
&amp#27;[2m2025-05-11T11:17:46.312-03:00&amp#27;[0;39m &amp#27;[32m INFO&amp#27;[0;39m &amp#27;[35m16907&amp#27;[0;39m &amp#27;[2m---&amp#27;[0;39m &amp#27;[2m[           main]&amp#27;[0;39m &amp#27;[2m&amp#27;[0;39m&amp#27;[36mi.StatisticalLoggingSessionEventListener&amp#27;[0;39m &amp#27;[2m:&amp#27;[0;39m Session Metrics {
    10375 nanoseconds spent acquiring 1 JDBC connections;
    0 nanoseconds spent releasing 0 JDBC connections;
    36667 nanoseconds spent preparing 1 JDBC statements;
    1730208 nanoseconds spent executing 1 JDBC statements;
    0 nanoseconds spent executing 0 JDBC batches;
    0 nanoseconds spent performing 0 L2C puts;
    0 nanoseconds spent performing 0 L2C hits;
    0 nanoseconds spent performing 0 L2C misses;
    0 nanoseconds spent executing 0 flushes (flushing a total of 0 entities and 0 collections);
    0 nanoseconds spent executing 0 partial-flushes (flushing a total of 0 entities and 0 collections)
}
&amp#27;[2m2025-05-11T11:17:46.313-03:00&amp#27;[0;39m &amp#27;[32mDEBUG&amp#27;[0;39m &amp#27;[35m16907&amp#27;[0;39m &amp#27;[2m---&amp#27;[0;39m &amp#27;[2m[           main]&amp#27;[0;39m &amp#27;[2m&amp#27;[0;39m&amp#27;[36morg.hibernate.SQL                       &amp#27;[0;39m &amp#27;[2m:&amp#27;[0;39m 
    /* <criteria> */ select
        d1_0.id,
        d1_0.actualizado_en,
        d1_0.codigo_penal,
        d1_0.creado_en,
        d1_0.descripcion,
        d1_0.nombre,
        d1_0.pena_maxima,
        d1_0.pena_minima,
        d1_0.tipo_pena,
        d1_0.valoracion 
    from
        delito d1_0 
    where
        upper(d1_0.nombre) like upper(?) escape '\'
Hibernate: 
    /* <criteria> */ select
        d1_0.id,
        d1_0.actualizado_en,
        d1_0.codigo_penal,
        d1_0.creado_en,
        d1_0.descripcion,
        d1_0.nombre,
        d1_0.pena_maxima,
        d1_0.pena_minima,
        d1_0.tipo_pena,
        d1_0.valoracion 
    from
        delito d1_0 
    where
        upper(d1_0.nombre) like upper(?) escape '\'
&amp#27;[2m2025-05-11T11:17:46.314-03:00&amp#27;[0;39m &amp#27;[32m INFO&amp#27;[0;39m &amp#27;[35m16907&amp#27;[0;39m &amp#27;[2m---&amp#27;[0;39m &amp#27;[2m[           main]&amp#27;[0;39m &amp#27;[2m&amp#27;[0;39m&amp#27;[36mi.StatisticalLoggingSessionEventListener&amp#27;[0;39m &amp#27;[2m:&amp#27;[0;39m Session Metrics {
    7750 nanoseconds spent acquiring 1 JDBC connections;
    0 nanoseconds spent releasing 0 JDBC connections;
    23917 nanoseconds spent preparing 1 JDBC statements;
    1504833 nanoseconds spent executing 1 JDBC statements;
    0 nanoseconds spent executing 0 JDBC batches;
    0 nanoseconds spent performing 0 L2C puts;
    0 nanoseconds spent performing 0 L2C hits;
    0 nanoseconds spent performing 0 L2C misses;
    0 nanoseconds spent executing 0 flushes (flushing a total of 0 entities and 0 collections);
    0 nanoseconds spent executing 0 partial-flushes (flushing a total of 0 entities and 0 collections)
}
&amp#27;[2m2025-05-11T11:17:46.315-03:00&amp#27;[0;39m &amp#27;[32mDEBUG&amp#27;[0;39m &amp#27;[35m16907&amp#27;[0;39m &amp#27;[2m---&amp#27;[0;39m &amp#27;[2m[           main]&amp#27;[0;39m &amp#27;[2m&amp#27;[0;39m&amp#27;[36morg.hibernate.SQL                       &amp#27;[0;39m &amp#27;[2m:&amp#27;[0;39m 
    /* <criteria> */ select
        d1_0.id,
        d1_0.actualizado_en,
        d1_0.codigo_penal,
        d1_0.creado_en,
        d1_0.descripcion,
        d1_0.nombre,
        d1_0.pena_maxima,
        d1_0.pena_minima,
        d1_0.tipo_pena,
        d1_0.valoracion 
    from
        delito d1_0 
    where
        upper(d1_0.nombre) like upper(?) escape '\'
Hibernate: 
    /* <criteria> */ select
        d1_0.id,
        d1_0.actualizado_en,
        d1_0.codigo_penal,
        d1_0.creado_en,
        d1_0.descripcion,
        d1_0.nombre,
        d1_0.pena_maxima,
        d1_0.pena_minima,
        d1_0.tipo_pena,
        d1_0.valoracion 
    from
        delito d1_0 
    where
        upper(d1_0.nombre) like upper(?) escape '\'
&amp#27;[2m2025-05-11T11:17:46.317-03:00&amp#27;[0;39m &amp#27;[32m INFO&amp#27;[0;39m &amp#27;[35m16907&amp#27;[0;39m &amp#27;[2m---&amp#27;[0;39m &amp#27;[2m[           main]&amp#27;[0;39m &amp#27;[2m&amp#27;[0;39m&amp#27;[36mi.StatisticalLoggingSessionEventListener&amp#27;[0;39m &amp#27;[2m:&amp#27;[0;39m Session Metrics {
    7667 nanoseconds spent acquiring 1 JDBC connections;
    0 nanoseconds spent releasing 0 JDBC connections;
    27875 nanoseconds spent preparing 1 JDBC statements;
    1410167 nanoseconds spent executing 1 JDBC statements;
    0 nanoseconds spent executing 0 JDBC batches;
    0 nanoseconds spent performing 0 L2C puts;
    0 nanoseconds spent performing 0 L2C hits;
    0 nanoseconds spent performing 0 L2C misses;
    0 nanoseconds spent executing 0 flushes (flushing a total of 0 entities and 0 collections);
    0 nanoseconds spent executing 0 partial-flushes (flushing a total of 0 entities and 0 collections)
}
&amp#27;[2m2025-05-11T11:17:46.318-03:00&amp#27;[0;39m &amp#27;[32mDEBUG&amp#27;[0;39m &amp#27;[35m16907&amp#27;[0;39m &amp#27;[2m---&amp#27;[0;39m &amp#27;[2m[           main]&amp#27;[0;39m &amp#27;[2m&amp#27;[0;39m&amp#27;[36morg.hibernate.SQL                       &amp#27;[0;39m &amp#27;[2m:&amp#27;[0;39m 
    /* <criteria> */ select
        d1_0.id,
        d1_0.actualizado_en,
        d1_0.codigo_penal,
        d1_0.creado_en,
        d1_0.descripcion,
        d1_0.nombre,
        d1_0.pena_maxima,
        d1_0.pena_minima,
        d1_0.tipo_pena,
        d1_0.valoracion 
    from
        delito d1_0 
    where
        upper(d1_0.nombre) like upper(?) escape '\'
Hibernate: 
    /* <criteria> */ select
        d1_0.id,
        d1_0.actualizado_en,
        d1_0.codigo_penal,
        d1_0.creado_en,
        d1_0.descripcion,
        d1_0.nombre,
        d1_0.pena_maxima,
        d1_0.pena_minima,
        d1_0.tipo_pena,
        d1_0.valoracion 
    from
        delito d1_0 
    where
        upper(d1_0.nombre) like upper(?) escape '\'
&amp#27;[2m2025-05-11T11:17:46.321-03:00&amp#27;[0;39m &amp#27;[32m INFO&amp#27;[0;39m &amp#27;[35m16907&amp#27;[0;39m &amp#27;[2m---&amp#27;[0;39m &amp#27;[2m[           main]&amp#27;[0;39m &amp#27;[2m&amp#27;[0;39m&amp#27;[36mi.StatisticalLoggingSessionEventListener&amp#27;[0;39m &amp#27;[2m:&amp#27;[0;39m Session Metrics {
    11667 nanoseconds spent acquiring 1 JDBC connections;
    0 nanoseconds spent releasing 0 JDBC connections;
    33333 nanoseconds spent preparing 1 JDBC statements;
    2979292 nanoseconds spent executing 1 JDBC statements;
    0 nanoseconds spent executing 0 JDBC batches;
    0 nanoseconds spent performing 0 L2C puts;
    0 nanoseconds spent performing 0 L2C hits;
    0 nanoseconds spent performing 0 L2C misses;
    0 nanoseconds spent executing 0 flushes (flushing a total of 0 entities and 0 collections);
    0 nanoseconds spent executing 0 partial-flushes (flushing a total of 0 entities and 0 collections)
}
&amp#27;[2m2025-05-11T11:17:46.322-03:00&amp#27;[0;39m &amp#27;[32mDEBUG&amp#27;[0;39m &amp#27;[35m16907&amp#27;[0;39m &amp#27;[2m---&amp#27;[0;39m &amp#27;[2m[           main]&amp#27;[0;39m &amp#27;[2m&amp#27;[0;39m&amp#27;[36morg.hibernate.SQL                       &amp#27;[0;39m &amp#27;[2m:&amp#27;[0;39m 
    /* <criteria> */ select
        d1_0.id,
        d1_0.actualizado_en,
        d1_0.codigo_penal,
        d1_0.creado_en,
        d1_0.descripcion,
        d1_0.nombre,
        d1_0.pena_maxima,
        d1_0.pena_minima,
        d1_0.tipo_pena,
        d1_0.valoracion 
    from
        delito d1_0 
    where
        upper(d1_0.nombre) like upper(?) escape '\'
Hibernate: 
    /* <criteria> */ select
        d1_0.id,
        d1_0.actualizado_en,
        d1_0.codigo_penal,
        d1_0.creado_en,
        d1_0.descripcion,
        d1_0.nombre,
        d1_0.pena_maxima,
        d1_0.pena_minima,
        d1_0.tipo_pena,
        d1_0.valoracion 
    from
        delito d1_0 
    where
        upper(d1_0.nombre) like upper(?) escape '\'
&amp#27;[2m2025-05-11T11:17:46.324-03:00&amp#27;[0;39m &amp#27;[32m INFO&amp#27;[0;39m &amp#27;[35m16907&amp#27;[0;39m &amp#27;[2m---&amp#27;[0;39m &amp#27;[2m[           main]&amp#27;[0;39m &amp#27;[2m&amp#27;[0;39m&amp#27;[36mi.StatisticalLoggingSessionEventListener&amp#27;[0;39m &amp#27;[2m:&amp#27;[0;39m Session Metrics {
    12250 nanoseconds spent acquiring 1 JDBC connections;
    0 nanoseconds spent releasing 0 JDBC connections;
    37500 nanoseconds spent preparing 1 JDBC statements;
    1623791 nanoseconds spent executing 1 JDBC statements;
    0 nanoseconds spent executing 0 JDBC batches;
    0 nanoseconds spent performing 0 L2C puts;
    0 nanoseconds spent performing 0 L2C hits;
    0 nanoseconds spent performing 0 L2C misses;
    0 nanoseconds spent executing 0 flushes (flushing a total of 0 entities and 0 collections);
    0 nanoseconds spent executing 0 partial-flushes (flushing a total of 0 entities and 0 collections)
}
&amp#27;[2m2025-05-11T11:17:46.325-03:00&amp#27;[0;39m &amp#27;[32mDEBUG&amp#27;[0;39m &amp#27;[35m16907&amp#27;[0;39m &amp#27;[2m---&amp#27;[0;39m &amp#27;[2m[           main]&amp#27;[0;39m &amp#27;[2m&amp#27;[0;39m&amp#27;[36morg.hibernate.SQL                       &amp#27;[0;39m &amp#27;[2m:&amp#27;[0;39m 
    /* <criteria> */ select
        d1_0.id,
        d1_0.actualizado_en,
        d1_0.codigo_penal,
        d1_0.creado_en,
        d1_0.descripcion,
        d1_0.nombre,
        d1_0.pena_maxima,
        d1_0.pena_minima,
        d1_0.tipo_pena,
        d1_0.valoracion 
    from
        delito d1_0 
    where
        upper(d1_0.nombre) like upper(?) escape '\'
Hibernate: 
    /* <criteria> */ select
        d1_0.id,
        d1_0.actualizado_en,
        d1_0.codigo_penal,
        d1_0.creado_en,
        d1_0.descripcion,
        d1_0.nombre,
        d1_0.pena_maxima,
        d1_0.pena_minima,
        d1_0.tipo_pena,
        d1_0.valoracion 
    from
        delito d1_0 
    where
        upper(d1_0.nombre) like upper(?) escape '\'
&amp#27;[2m2025-05-11T11:17:46.327-03:00&amp#27;[0;39m &amp#27;[32m INFO&amp#27;[0;39m &amp#27;[35m16907&amp#27;[0;39m &amp#27;[2m---&amp#27;[0;39m &amp#27;[2m[           main]&amp#27;[0;39m &amp#27;[2m&amp#27;[0;39m&amp#27;[36mi.StatisticalLoggingSessionEventListener&amp#27;[0;39m &amp#27;[2m:&amp#27;[0;39m Session Metrics {
    9625 nanoseconds spent acquiring 1 JDBC connections;
    0 nanoseconds spent releasing 0 JDBC connections;
    27791 nanoseconds spent preparing 1 JDBC statements;
    1351834 nanoseconds spent executing 1 JDBC statements;
    0 nanoseconds spent executing 0 JDBC batches;
    0 nanoseconds spent performing 0 L2C puts;
    0 nanoseconds spent performing 0 L2C hits;
    0 nanoseconds spent performing 0 L2C misses;
    0 nanoseconds spent executing 0 flushes (flushing a total of 0 entities and 0 collections);
    0 nanoseconds spent executing 0 partial-flushes (flushing a total of 0 entities and 0 collections)
}
&amp#27;[2m2025-05-11T11:17:46.327-03:00&amp#27;[0;39m &amp#27;[32mDEBUG&amp#27;[0;39m &amp#27;[35m16907&amp#27;[0;39m &amp#27;[2m---&amp#27;[0;39m &amp#27;[2m[           main]&amp#27;[0;39m &amp#27;[2m&amp#27;[0;39m&amp#27;[36morg.hibernate.SQL                       &amp#27;[0;39m &amp#27;[2m:&amp#27;[0;39m 
    /* <criteria> */ select
        d1_0.id,
        d1_0.actualizado_en,
        d1_0.codigo_penal,
        d1_0.creado_en,
        d1_0.descripcion,
        d1_0.nombre,
        d1_0.pena_maxima,
        d1_0.pena_minima,
        d1_0.tipo_pena,
        d1_0.valoracion 
    from
        delito d1_0 
    where
        upper(d1_0.nombre) like upper(?) escape '\'
Hibernate: 
    /* <criteria> */ select
        d1_0.id,
        d1_0.actualizado_en,
        d1_0.codigo_penal,
        d1_0.creado_en,
        d1_0.descripcion,
        d1_0.nombre,
        d1_0.pena_maxima,
        d1_0.pena_minima,
        d1_0.tipo_pena,
        d1_0.valoracion 
    from
        delito d1_0 
    where
        upper(d1_0.nombre) like upper(?) escape '\'
&amp#27;[2m2025-05-11T11:17:46.329-03:00&amp#27;[0;39m &amp#27;[32m INFO&amp#27;[0;39m &amp#27;[35m16907&amp#27;[0;39m &amp#27;[2m---&amp#27;[0;39m &amp#27;[2m[           main]&amp#27;[0;39m &amp#27;[2m&amp#27;[0;39m&amp#27;[36mi.StatisticalLoggingSessionEventListener&amp#27;[0;39m &amp#27;[2m:&amp#27;[0;39m Session Metrics {
    8250 nanoseconds spent acquiring 1 JDBC connections;
    0 nanoseconds spent releasing 0 JDBC connections;
    24000 nanoseconds spent preparing 1 JDBC statements;
    1914125 nanoseconds spent executing 1 JDBC statements;
    0 nanoseconds spent executing 0 JDBC batches;
    0 nanoseconds spent performing 0 L2C puts;
    0 nanoseconds spent performing 0 L2C hits;
    0 nanoseconds spent performing 0 L2C misses;
    0 nanoseconds spent executing 0 flushes (flushing a total of 0 entities and 0 collections);
    0 nanoseconds spent executing 0 partial-flushes (flushing a total of 0 entities and 0 collections)
}
&amp#27;[2m2025-05-11T11:17:46.330-03:00&amp#27;[0;39m &amp#27;[32mDEBUG&amp#27;[0;39m &amp#27;[35m16907&amp#27;[0;39m &amp#27;[2m---&amp#27;[0;39m &amp#27;[2m[           main]&amp#27;[0;39m &amp#27;[2m&amp#27;[0;39m&amp#27;[36morg.hibernate.SQL                       &amp#27;[0;39m &amp#27;[2m:&amp#27;[0;39m 
    /* <criteria> */ select
        d1_0.id,
        d1_0.actualizado_en,
        d1_0.codigo_penal,
        d1_0.creado_en,
        d1_0.descripcion,
        d1_0.nombre,
        d1_0.pena_maxima,
        d1_0.pena_minima,
        d1_0.tipo_pena,
        d1_0.valoracion 
    from
        delito d1_0 
    where
        upper(d1_0.nombre) like upper(?) escape '\'
Hibernate: 
    /* <criteria> */ select
        d1_0.id,
        d1_0.actualizado_en,
        d1_0.codigo_penal,
        d1_0.creado_en,
        d1_0.descripcion,
        d1_0.nombre,
        d1_0.pena_maxima,
        d1_0.pena_minima,
        d1_0.tipo_pena,
        d1_0.valoracion 
    from
        delito d1_0 
    where
        upper(d1_0.nombre) like upper(?) escape '\'
&amp#27;[2m2025-05-11T11:17:46.332-03:00&amp#27;[0;39m &amp#27;[32m INFO&amp#27;[0;39m &amp#27;[35m16907&amp#27;[0;39m &amp#27;[2m---&amp#27;[0;39m &amp#27;[2m[           main]&amp#27;[0;39m &amp#27;[2m&amp#27;[0;39m&amp#27;[36mi.StatisticalLoggingSessionEventListener&amp#27;[0;39m &amp#27;[2m:&amp#27;[0;39m Session Metrics {
    12584 nanoseconds spent acquiring 1 JDBC connections;
    0 nanoseconds spent releasing 0 JDBC connections;
    29833 nanoseconds spent preparing 1 JDBC statements;
    1990083 nanoseconds spent executing 1 JDBC statements;
    0 nanoseconds spent executing 0 JDBC batches;
    0 nanoseconds spent performing 0 L2C puts;
    0 nanoseconds spent performing 0 L2C hits;
    0 nanoseconds spent performing 0 L2C misses;
    0 nanoseconds spent executing 0 flushes (flushing a total of 0 entities and 0 collections);
    0 nanoseconds spent executing 0 partial-flushes (flushing a total of 0 entities and 0 collections)
}
&amp#27;[2m2025-05-11T11:17:46.333-03:00&amp#27;[0;39m &amp#27;[32mDEBUG&amp#27;[0;39m &amp#27;[35m16907&amp#27;[0;39m &amp#27;[2m---&amp#27;[0;39m &amp#27;[2m[           main]&amp#27;[0;39m &amp#27;[2m&amp#27;[0;39m&amp#27;[36morg.hibernate.SQL                       &amp#27;[0;39m &amp#27;[2m:&amp#27;[0;39m 
    /* <criteria> */ select
        d1_0.id,
        d1_0.actualizado_en,
        d1_0.codigo_penal,
        d1_0.creado_en,
        d1_0.descripcion,
        d1_0.nombre,
        d1_0.pena_maxima,
        d1_0.pena_minima,
        d1_0.tipo_pena,
        d1_0.valoracion 
    from
        delito d1_0 
    where
        upper(d1_0.nombre) like upper(?) escape '\'
Hibernate: 
    /* <criteria> */ select
        d1_0.id,
        d1_0.actualizado_en,
        d1_0.codigo_penal,
        d1_0.creado_en,
        d1_0.descripcion,
        d1_0.nombre,
        d1_0.pena_maxima,
        d1_0.pena_minima,
        d1_0.tipo_pena,
        d1_0.valoracion 
    from
        delito d1_0 
    where
        upper(d1_0.nombre) like upper(?) escape '\'
&amp#27;[2m2025-05-11T11:17:46.335-03:00&amp#27;[0;39m &amp#27;[32m INFO&amp#27;[0;39m &amp#27;[35m16907&amp#27;[0;39m &amp#27;[2m---&amp#27;[0;39m &amp#27;[2m[           main]&amp#27;[0;39m &amp#27;[2m&amp#27;[0;39m&amp#27;[36mi.StatisticalLoggingSessionEventListener&amp#27;[0;39m &amp#27;[2m:&amp#27;[0;39m Session Metrics {
    8417 nanoseconds spent acquiring 1 JDBC connections;
    0 nanoseconds spent releasing 0 JDBC connections;
    27458 nanoseconds spent preparing 1 JDBC statements;
    1597667 nanoseconds spent executing 1 JDBC statements;
    0 nanoseconds spent executing 0 JDBC batches;
    0 nanoseconds spent performing 0 L2C puts;
    0 nanoseconds spent performing 0 L2C hits;
    0 nanoseconds spent performing 0 L2C misses;
    0 nanoseconds spent executing 0 flushes (flushing a total of 0 entities and 0 collections);
    0 nanoseconds spent executing 0 partial-flushes (flushing a total of 0 entities and 0 collections)
}
&amp#27;[2m2025-05-11T11:17:46.336-03:00&amp#27;[0;39m &amp#27;[32mDEBUG&amp#27;[0;39m &amp#27;[35m16907&amp#27;[0;39m &amp#27;[2m---&amp#27;[0;39m &amp#27;[2m[           main]&amp#27;[0;39m &amp#27;[2m&amp#27;[0;39m&amp#27;[36morg.hibernate.SQL                       &amp#27;[0;39m &amp#27;[2m:&amp#27;[0;39m 
    /* <criteria> */ select
        d1_0.id,
        d1_0.actualizado_en,
        d1_0.codigo_penal,
        d1_0.creado_en,
        d1_0.descripcion,
        d1_0.nombre,
        d1_0.pena_maxima,
        d1_0.pena_minima,
        d1_0.tipo_pena,
        d1_0.valoracion 
    from
        delito d1_0 
    where
        upper(d1_0.nombre) like upper(?) escape '\'
Hibernate: 
    /* <criteria> */ select
        d1_0.id,
        d1_0.actualizado_en,
        d1_0.codigo_penal,
        d1_0.creado_en,
        d1_0.descripcion,
        d1_0.nombre,
        d1_0.pena_maxima,
        d1_0.pena_minima,
        d1_0.tipo_pena,
        d1_0.valoracion 
    from
        delito d1_0 
    where
        upper(d1_0.nombre) like upper(?) escape '\'
&amp#27;[2m2025-05-11T11:17:46.338-03:00&amp#27;[0;39m &amp#27;[32m INFO&amp#27;[0;39m &amp#27;[35m16907&amp#27;[0;39m &amp#27;[2m---&amp#27;[0;39m &amp#27;[2m[           main]&amp#27;[0;39m &amp#27;[2m&amp#27;[0;39m&amp#27;[36mi.StatisticalLoggingSessionEventListener&amp#27;[0;39m &amp#27;[2m:&amp#27;[0;39m Session Metrics {
    8459 nanoseconds spent acquiring 1 JDBC connections;
    0 nanoseconds spent releasing 0 JDBC connections;
    25584 nanoseconds spent preparing 1 JDBC statements;
    1686584 nanoseconds spent executing 1 JDBC statements;
    0 nanoseconds spent executing 0 JDBC batches;
    0 nanoseconds spent performing 0 L2C puts;
    0 nanoseconds spent performing 0 L2C hits;
    0 nanoseconds spent performing 0 L2C misses;
    0 nanoseconds spent executing 0 flushes (flushing a total of 0 entities and 0 collections);
    0 nanoseconds spent executing 0 partial-flushes (flushing a total of 0 entities and 0 collections)
}
&amp#27;[2m2025-05-11T11:17:46.338-03:00&amp#27;[0;39m &amp#27;[32mDEBUG&amp#27;[0;39m &amp#27;[35m16907&amp#27;[0;39m &amp#27;[2m---&amp#27;[0;39m &amp#27;[2m[           main]&amp#27;[0;39m &amp#27;[2m&amp#27;[0;39m&amp#27;[36morg.hibernate.SQL                       &amp#27;[0;39m &amp#27;[2m:&amp#27;[0;39m 
    /* <criteria> */ select
        d1_0.id,
        d1_0.actualizado_en,
        d1_0.codigo_penal,
        d1_0.creado_en,
        d1_0.descripcion,
        d1_0.nombre,
        d1_0.pena_maxima,
        d1_0.pena_minima,
        d1_0.tipo_pena,
        d1_0.valoracion 
    from
        delito d1_0 
    where
        upper(d1_0.nombre) like upper(?) escape '\'
Hibernate: 
    /* <criteria> */ select
        d1_0.id,
        d1_0.actualizado_en,
        d1_0.codigo_penal,
        d1_0.creado_en,
        d1_0.descripcion,
        d1_0.nombre,
        d1_0.pena_maxima,
        d1_0.pena_minima,
        d1_0.tipo_pena,
        d1_0.valoracion 
    from
        delito d1_0 
    where
        upper(d1_0.nombre) like upper(?) escape '\'
&amp#27;[2m2025-05-11T11:17:46.340-03:00&amp#27;[0;39m &amp#27;[32m INFO&amp#27;[0;39m &amp#27;[35m16907&amp#27;[0;39m &amp#27;[2m---&amp#27;[0;39m &amp#27;[2m[           main]&amp#27;[0;39m &amp#27;[2m&amp#27;[0;39m&amp#27;[36mi.StatisticalLoggingSessionEventListener&amp#27;[0;39m &amp#27;[2m:&amp#27;[0;39m Session Metrics {
    8000 nanoseconds spent acquiring 1 JDBC connections;
    0 nanoseconds spent releasing 0 JDBC connections;
    25833 nanoseconds spent preparing 1 JDBC statements;
    1839542 nanoseconds spent executing 1 JDBC statements;
    0 nanoseconds spent executing 0 JDBC batches;
    0 nanoseconds spent performing 0 L2C puts;
    0 nanoseconds spent performing 0 L2C hits;
    0 nanoseconds spent performing 0 L2C misses;
    0 nanoseconds spent executing 0 flushes (flushing a total of 0 entities and 0 collections);
    0 nanoseconds spent executing 0 partial-flushes (flushing a total of 0 entities and 0 collections)
}
&amp#27;[2m2025-05-11T11:17:46.341-03:00&amp#27;[0;39m &amp#27;[32mDEBUG&amp#27;[0;39m &amp#27;[35m16907&amp#27;[0;39m &amp#27;[2m---&amp#27;[0;39m &amp#27;[2m[           main]&amp#27;[0;39m &amp#27;[2m&amp#27;[0;39m&amp#27;[36morg.hibernate.SQL                       &amp#27;[0;39m &amp#27;[2m:&amp#27;[0;39m 
    /* <criteria> */ select
        d1_0.id,
        d1_0.actualizado_en,
        d1_0.codigo_penal,
        d1_0.creado_en,
        d1_0.descripcion,
        d1_0.nombre,
        d1_0.pena_maxima,
        d1_0.pena_minima,
        d1_0.tipo_pena,
        d1_0.valoracion 
    from
        delito d1_0 
    where
        upper(d1_0.nombre) like upper(?) escape '\'
Hibernate: 
    /* <criteria> */ select
        d1_0.id,
        d1_0.actualizado_en,
        d1_0.codigo_penal,
        d1_0.creado_en,
        d1_0.descripcion,
        d1_0.nombre,
        d1_0.pena_maxima,
        d1_0.pena_minima,
        d1_0.tipo_pena,
        d1_0.valoracion 
    from
        delito d1_0 
    where
        upper(d1_0.nombre) like upper(?) escape '\'
&amp#27;[2m2025-05-11T11:17:46.344-03:00&amp#27;[0;39m &amp#27;[32m INFO&amp#27;[0;39m &amp#27;[35m16907&amp#27;[0;39m &amp#27;[2m---&amp#27;[0;39m &amp#27;[2m[           main]&amp#27;[0;39m &amp#27;[2m&amp#27;[0;39m&amp#27;[36mi.StatisticalLoggingSessionEventListener&amp#27;[0;39m &amp#27;[2m:&amp#27;[0;39m Session Metrics {
    10917 nanoseconds spent acquiring 1 JDBC connections;
    0 nanoseconds spent releasing 0 JDBC connections;
    30792 nanoseconds spent preparing 1 JDBC statements;
    2375833 nanoseconds spent executing 1 JDBC statements;
    0 nanoseconds spent executing 0 JDBC batches;
    0 nanoseconds spent performing 0 L2C puts;
    0 nanoseconds spent performing 0 L2C hits;
    0 nanoseconds spent performing 0 L2C misses;
    0 nanoseconds spent executing 0 flushes (flushing a total of 0 entities and 0 collections);
    0 nanoseconds spent executing 0 partial-flushes (flushing a total of 0 entities and 0 collections)
}
&amp#27;[2m2025-05-11T11:17:46.345-03:00&amp#27;[0;39m &amp#27;[32mDEBUG&amp#27;[0;39m &amp#27;[35m16907&amp#27;[0;39m &amp#27;[2m---&amp#27;[0;39m &amp#27;[2m[           main]&amp#27;[0;39m &amp#27;[2m&amp#27;[0;39m&amp#27;[36morg.hibernate.SQL                       &amp#27;[0;39m &amp#27;[2m:&amp#27;[0;39m 
    /* <criteria> */ select
        d1_0.id,
        d1_0.actualizado_en,
        d1_0.codigo_penal,
        d1_0.creado_en,
        d1_0.descripcion,
        d1_0.nombre,
        d1_0.pena_maxima,
        d1_0.pena_minima,
        d1_0.tipo_pena,
        d1_0.valoracion 
    from
        delito d1_0 
    where
        upper(d1_0.nombre) like upper(?) escape '\'
Hibernate: 
    /* <criteria> */ select
        d1_0.id,
        d1_0.actualizado_en,
        d1_0.codigo_penal,
        d1_0.creado_en,
        d1_0.descripcion,
        d1_0.nombre,
        d1_0.pena_maxima,
        d1_0.pena_minima,
        d1_0.tipo_pena,
        d1_0.valoracion 
    from
        delito d1_0 
    where
        upper(d1_0.nombre) like upper(?) escape '\'
&amp#27;[2m2025-05-11T11:17:46.347-03:00&amp#27;[0;39m &amp#27;[32m INFO&amp#27;[0;39m &amp#27;[35m16907&amp#27;[0;39m &amp#27;[2m---&amp#27;[0;39m &amp#27;[2m[           main]&amp#27;[0;39m &amp#27;[2m&amp#27;[0;39m&amp#27;[36mi.StatisticalLoggingSessionEventListener&amp#27;[0;39m &amp#27;[2m:&amp#27;[0;39m Session Metrics {
    9000 nanoseconds spent acquiring 1 JDBC connections;
    0 nanoseconds spent releasing 0 JDBC connections;
    26667 nanoseconds spent preparing 1 JDBC statements;
    1755834 nanoseconds spent executing 1 JDBC statements;
    0 nanoseconds spent executing 0 JDBC batches;
    0 nanoseconds spent performing 0 L2C puts;
    0 nanoseconds spent performing 0 L2C hits;
    0 nanoseconds spent performing 0 L2C misses;
    0 nanoseconds spent executing 0 flushes (flushing a total of 0 entities and 0 collections);
    0 nanoseconds spent executing 0 partial-flushes (flushing a total of 0 entities and 0 collections)
}
&amp#27;[2m2025-05-11T11:17:46.347-03:00&amp#27;[0;39m &amp#27;[32mDEBUG&amp#27;[0;39m &amp#27;[35m16907&amp#27;[0;39m &amp#27;[2m---&amp#27;[0;39m &amp#27;[2m[           main]&amp#27;[0;39m &amp#27;[2m&amp#27;[0;39m&amp#27;[36morg.hibernate.SQL                       &amp#27;[0;39m &amp#27;[2m:&amp#27;[0;39m 
    /* <criteria> */ select
        d1_0.id,
        d1_0.actualizado_en,
        d1_0.codigo_penal,
        d1_0.creado_en,
        d1_0.descripcion,
        d1_0.nombre,
        d1_0.pena_maxima,
        d1_0.pena_minima,
        d1_0.tipo_pena,
        d1_0.valoracion 
    from
        delito d1_0 
    where
        upper(d1_0.nombre) like upper(?) escape '\'
Hibernate: 
    /* <criteria> */ select
        d1_0.id,
        d1_0.actualizado_en,
        d1_0.codigo_penal,
        d1_0.creado_en,
        d1_0.descripcion,
        d1_0.nombre,
        d1_0.pena_maxima,
        d1_0.pena_minima,
        d1_0.tipo_pena,
        d1_0.valoracion 
    from
        delito d1_0 
    where
        upper(d1_0.nombre) like upper(?) escape '\'
&amp#27;[2m2025-05-11T11:17:46.349-03:00&amp#27;[0;39m &amp#27;[32m INFO&amp#27;[0;39m &amp#27;[35m16907&amp#27;[0;39m &amp#27;[2m---&amp#27;[0;39m &amp#27;[2m[           main]&amp#27;[0;39m &amp#27;[2m&amp#27;[0;39m&amp#27;[36mi.StatisticalLoggingSessionEventListener&amp#27;[0;39m &amp#27;[2m:&amp#27;[0;39m Session Metrics {
    9084 nanoseconds spent acquiring 1 JDBC connections;
    0 nanoseconds spent releasing 0 JDBC connections;
    25833 nanoseconds spent preparing 1 JDBC statements;
    1601792 nanoseconds spent executing 1 JDBC statements;
    0 nanoseconds spent executing 0 JDBC batches;
    0 nanoseconds spent performing 0 L2C puts;
    0 nanoseconds spent performing 0 L2C hits;
    0 nanoseconds spent performing 0 L2C misses;
    0 nanoseconds spent executing 0 flushes (flushing a total of 0 entities and 0 collections);
    0 nanoseconds spent executing 0 partial-flushes (flushing a total of 0 entities and 0 collections)
}
&amp#27;[2m2025-05-11T11:17:46.350-03:00&amp#27;[0;39m &amp#27;[32mDEBUG&amp#27;[0;39m &amp#27;[35m16907&amp#27;[0;39m &amp#27;[2m---&amp#27;[0;39m &amp#27;[2m[           main]&amp#27;[0;39m &amp#27;[2m&amp#27;[0;39m&amp#27;[36morg.hibernate.SQL                       &amp#27;[0;39m &amp#27;[2m:&amp#27;[0;39m 
    /* <criteria> */ select
        d1_0.id,
        d1_0.actualizado_en,
        d1_0.codigo_penal,
        d1_0.creado_en,
        d1_0.descripcion,
        d1_0.nombre,
        d1_0.pena_maxima,
        d1_0.pena_minima,
        d1_0.tipo_pena,
        d1_0.valoracion 
    from
        delito d1_0 
    where
        upper(d1_0.nombre) like upper(?) escape '\'
Hibernate: 
    /* <criteria> */ select
        d1_0.id,
        d1_0.actualizado_en,
        d1_0.codigo_penal,
        d1_0.creado_en,
        d1_0.descripcion,
        d1_0.nombre,
        d1_0.pena_maxima,
        d1_0.pena_minima,
        d1_0.tipo_pena,
        d1_0.valoracion 
    from
        delito d1_0 
    where
        upper(d1_0.nombre) like upper(?) escape '\'
&amp#27;[2m2025-05-11T11:17:46.352-03:00&amp#27;[0;39m &amp#27;[32m INFO&amp#27;[0;39m &amp#27;[35m16907&amp#27;[0;39m &amp#27;[2m---&amp#27;[0;39m &amp#27;[2m[           main]&amp#27;[0;39m &amp#27;[2m&amp#27;[0;39m&amp#27;[36mi.StatisticalLoggingSessionEventListener&amp#27;[0;39m &amp#27;[2m:&amp#27;[0;39m Session Metrics {
    8167 nanoseconds spent acquiring 1 JDBC connections;
    0 nanoseconds spent releasing 0 JDBC connections;
    24458 nanoseconds spent preparing 1 JDBC statements;
    1808542 nanoseconds spent executing 1 JDBC statements;
    0 nanoseconds spent executing 0 JDBC batches;
    0 nanoseconds spent performing 0 L2C puts;
    0 nanoseconds spent performing 0 L2C hits;
    0 nanoseconds spent performing 0 L2C misses;
    0 nanoseconds spent executing 0 flushes (flushing a total of 0 entities and 0 collections);
    0 nanoseconds spent executing 0 partial-flushes (flushing a total of 0 entities and 0 collections)
}
&amp#27;[2m2025-05-11T11:17:46.353-03:00&amp#27;[0;39m &amp#27;[32mDEBUG&amp#27;[0;39m &amp#27;[35m16907&amp#27;[0;39m &amp#27;[2m---&amp#27;[0;39m &amp#27;[2m[           main]&amp#27;[0;39m &amp#27;[2m&amp#27;[0;39m&amp#27;[36morg.hibernate.SQL                       &amp#27;[0;39m &amp#27;[2m:&amp#27;[0;39m 
    /* <criteria> */ select
        d1_0.id,
        d1_0.actualizado_en,
        d1_0.codigo_penal,
        d1_0.creado_en,
        d1_0.descripcion,
        d1_0.nombre,
        d1_0.pena_maxima,
        d1_0.pena_minima,
        d1_0.tipo_pena,
        d1_0.valoracion 
    from
        delito d1_0 
    where
        upper(d1_0.nombre) like upper(?) escape '\'
Hibernate: 
    /* <criteria> */ select
        d1_0.id,
        d1_0.actualizado_en,
        d1_0.codigo_penal,
        d1_0.creado_en,
        d1_0.descripcion,
        d1_0.nombre,
        d1_0.pena_maxima,
        d1_0.pena_minima,
        d1_0.tipo_pena,
        d1_0.valoracion 
    from
        delito d1_0 
    where
        upper(d1_0.nombre) like upper(?) escape '\'
&amp#27;[2m2025-05-11T11:17:46.355-03:00&amp#27;[0;39m &amp#27;[32m INFO&amp#27;[0;39m &amp#27;[35m16907&amp#27;[0;39m &amp#27;[2m---&amp#27;[0;39m &amp#27;[2m[           main]&amp#27;[0;39m &amp#27;[2m&amp#27;[0;39m&amp#27;[36mi.StatisticalLoggingSessionEventListener&amp#27;[0;39m &amp#27;[2m:&amp#27;[0;39m Session Metrics {
    7542 nanoseconds spent acquiring 1 JDBC connections;
    0 nanoseconds spent releasing 0 JDBC connections;
    23958 nanoseconds spent preparing 1 JDBC statements;
    2075042 nanoseconds spent executing 1 JDBC statements;
    0 nanoseconds spent executing 0 JDBC batches;
    0 nanoseconds spent performing 0 L2C puts;
    0 nanoseconds spent performing 0 L2C hits;
    0 nanoseconds spent performing 0 L2C misses;
    0 nanoseconds spent executing 0 flushes (flushing a total of 0 entities and 0 collections);
    0 nanoseconds spent executing 0 partial-flushes (flushing a total of 0 entities and 0 collections)
}
&amp#27;[2m2025-05-11T11:17:46.356-03:00&amp#27;[0;39m &amp#27;[32mDEBUG&amp#27;[0;39m &amp#27;[35m16907&amp#27;[0;39m &amp#27;[2m---&amp#27;[0;39m &amp#27;[2m[           main]&amp#27;[0;39m &amp#27;[2m&amp#27;[0;39m&amp#27;[36morg.hibernate.SQL                       &amp#27;[0;39m &amp#27;[2m:&amp#27;[0;39m 
    /* <criteria> */ select
        d1_0.id,
        d1_0.actualizado_en,
        d1_0.codigo_penal,
        d1_0.creado_en,
        d1_0.descripcion,
        d1_0.nombre,
        d1_0.pena_maxima,
        d1_0.pena_minima,
        d1_0.tipo_pena,
        d1_0.valoracion 
    from
        delito d1_0 
    where
        upper(d1_0.nombre) like upper(?) escape '\'
Hibernate: 
    /* <criteria> */ select
        d1_0.id,
        d1_0.actualizado_en,
        d1_0.codigo_penal,
        d1_0.creado_en,
        d1_0.descripcion,
        d1_0.nombre,
        d1_0.pena_maxima,
        d1_0.pena_minima,
        d1_0.tipo_pena,
        d1_0.valoracion 
    from
        delito d1_0 
    where
        upper(d1_0.nombre) like upper(?) escape '\'
&amp#27;[2m2025-05-11T11:17:46.358-03:00&amp#27;[0;39m &amp#27;[32m INFO&amp#27;[0;39m &amp#27;[35m16907&amp#27;[0;39m &amp#27;[2m---&amp#27;[0;39m &amp#27;[2m[           main]&amp#27;[0;39m &amp#27;[2m&amp#27;[0;39m&amp#27;[36mi.StatisticalLoggingSessionEventListener&amp#27;[0;39m &amp#27;[2m:&amp#27;[0;39m Session Metrics {
    14125 nanoseconds spent acquiring 1 JDBC connections;
    0 nanoseconds spent releasing 0 JDBC connections;
    28083 nanoseconds spent preparing 1 JDBC statements;
    2042459 nanoseconds spent executing 1 JDBC statements;
    0 nanoseconds spent executing 0 JDBC batches;
    0 nanoseconds spent performing 0 L2C puts;
    0 nanoseconds spent performing 0 L2C hits;
    0 nanoseconds spent performing 0 L2C misses;
    0 nanoseconds spent executing 0 flushes (flushing a total of 0 entities and 0 collections);
    0 nanoseconds spent executing 0 partial-flushes (flushing a total of 0 entities and 0 collections)
}
&amp#27;[2m2025-05-11T11:17:46.358-03:00&amp#27;[0;39m &amp#27;[32mDEBUG&amp#27;[0;39m &amp#27;[35m16907&amp#27;[0;39m &amp#27;[2m---&amp#27;[0;39m &amp#27;[2m[           main]&amp#27;[0;39m &amp#27;[2m&amp#27;[0;39m&amp#27;[36morg.hibernate.SQL                       &amp#27;[0;39m &amp#27;[2m:&amp#27;[0;39m 
    /* <criteria> */ select
        d1_0.id,
        d1_0.actualizado_en,
        d1_0.codigo_penal,
        d1_0.creado_en,
        d1_0.descripcion,
        d1_0.nombre,
        d1_0.pena_maxima,
        d1_0.pena_minima,
        d1_0.tipo_pena,
        d1_0.valoracion 
    from
        delito d1_0 
    where
        upper(d1_0.nombre) like upper(?) escape '\'
Hibernate: 
    /* <criteria> */ select
        d1_0.id,
        d1_0.actualizado_en,
        d1_0.codigo_penal,
        d1_0.creado_en,
        d1_0.descripcion,
        d1_0.nombre,
        d1_0.pena_maxima,
        d1_0.pena_minima,
        d1_0.tipo_pena,
        d1_0.valoracion 
    from
        delito d1_0 
    where
        upper(d1_0.nombre) like upper(?) escape '\'
&amp#27;[2m2025-05-11T11:17:46.361-03:00&amp#27;[0;39m &amp#27;[32m INFO&amp#27;[0;39m &amp#27;[35m16907&amp#27;[0;39m &amp#27;[2m---&amp#27;[0;39m &amp#27;[2m[           main]&amp#27;[0;39m &amp#27;[2m&amp#27;[0;39m&amp#27;[36mi.StatisticalLoggingSessionEventListener&amp#27;[0;39m &amp#27;[2m:&amp#27;[0;39m Session Metrics {
    7625 nanoseconds spent acquiring 1 JDBC connections;
    0 nanoseconds spent releasing 0 JDBC connections;
    23834 nanoseconds spent preparing 1 JDBC statements;
    2377250 nanoseconds spent executing 1 JDBC statements;
    0 nanoseconds spent executing 0 JDBC batches;
    0 nanoseconds spent performing 0 L2C puts;
    0 nanoseconds spent performing 0 L2C hits;
    0 nanoseconds spent performing 0 L2C misses;
    0 nanoseconds spent executing 0 flushes (flushing a total of 0 entities and 0 collections);
    0 nanoseconds spent executing 0 partial-flushes (flushing a total of 0 entities and 0 collections)
}
&amp#27;[2m2025-05-11T11:17:46.362-03:00&amp#27;[0;39m &amp#27;[32mDEBUG&amp#27;[0;39m &amp#27;[35m16907&amp#27;[0;39m &amp#27;[2m---&amp#27;[0;39m &amp#27;[2m[           main]&amp#27;[0;39m &amp#27;[2m&amp#27;[0;39m&amp#27;[36morg.hibernate.SQL                       &amp#27;[0;39m &amp#27;[2m:&amp#27;[0;39m 
    /* <criteria> */ select
        d1_0.id,
        d1_0.actualizado_en,
        d1_0.codigo_penal,
        d1_0.creado_en,
        d1_0.descripcion,
        d1_0.nombre,
        d1_0.pena_maxima,
        d1_0.pena_minima,
        d1_0.tipo_pena,
        d1_0.valoracion 
    from
        delito d1_0 
    where
        upper(d1_0.nombre) like upper(?) escape '\'
Hibernate: 
    /* <criteria> */ select
        d1_0.id,
        d1_0.actualizado_en,
        d1_0.codigo_penal,
        d1_0.creado_en,
        d1_0.descripcion,
        d1_0.nombre,
        d1_0.pena_maxima,
        d1_0.pena_minima,
        d1_0.tipo_pena,
        d1_0.valoracion 
    from
        delito d1_0 
    where
        upper(d1_0.nombre) like upper(?) escape '\'
&amp#27;[2m2025-05-11T11:17:46.364-03:00&amp#27;[0;39m &amp#27;[32m INFO&amp#27;[0;39m &amp#27;[35m16907&amp#27;[0;39m &amp#27;[2m---&amp#27;[0;39m &amp#27;[2m[           main]&amp#27;[0;39m &amp#27;[2m&amp#27;[0;39m&amp#27;[36mi.StatisticalLoggingSessionEventListener&amp#27;[0;39m &amp#27;[2m:&amp#27;[0;39m Session Metrics {
    7250 nanoseconds spent acquiring 1 JDBC connections;
    0 nanoseconds spent releasing 0 JDBC connections;
    22583 nanoseconds spent preparing 1 JDBC statements;
    2446500 nanoseconds spent executing 1 JDBC statements;
    0 nanoseconds spent executing 0 JDBC batches;
    0 nanoseconds spent performing 0 L2C puts;
    0 nanoseconds spent performing 0 L2C hits;
    0 nanoseconds spent performing 0 L2C misses;
    0 nanoseconds spent executing 0 flushes (flushing a total of 0 entities and 0 collections);
    0 nanoseconds spent executing 0 partial-flushes (flushing a total of 0 entities and 0 collections)
}
&amp#27;[2m2025-05-11T11:17:46.365-03:00&amp#27;[0;39m &amp#27;[32mDEBUG&amp#27;[0;39m &amp#27;[35m16907&amp#27;[0;39m &amp#27;[2m---&amp#27;[0;39m &amp#27;[2m[           main]&amp#27;[0;39m &amp#27;[2m&amp#27;[0;39m&amp#27;[36morg.hibernate.SQL                       &amp#27;[0;39m &amp#27;[2m:&amp#27;[0;39m 
    /* <criteria> */ select
        d1_0.id,
        d1_0.actualizado_en,
        d1_0.codigo_penal,
        d1_0.creado_en,
        d1_0.descripcion,
        d1_0.nombre,
        d1_0.pena_maxima,
        d1_0.pena_minima,
        d1_0.tipo_pena,
        d1_0.valoracion 
    from
        delito d1_0 
    where
        upper(d1_0.nombre) like upper(?) escape '\'
Hibernate: 
    /* <criteria> */ select
        d1_0.id,
        d1_0.actualizado_en,
        d1_0.codigo_penal,
        d1_0.creado_en,
        d1_0.descripcion,
        d1_0.nombre,
        d1_0.pena_maxima,
        d1_0.pena_minima,
        d1_0.tipo_pena,
        d1_0.valoracion 
    from
        delito d1_0 
    where
        upper(d1_0.nombre) like upper(?) escape '\'
&amp#27;[2m2025-05-11T11:17:46.368-03:00&amp#27;[0;39m &amp#27;[32m INFO&amp#27;[0;39m &amp#27;[35m16907&amp#27;[0;39m &amp#27;[2m---&amp#27;[0;39m &amp#27;[2m[           main]&amp#27;[0;39m &amp#27;[2m&amp#27;[0;39m&amp#27;[36mi.StatisticalLoggingSessionEventListener&amp#27;[0;39m &amp#27;[2m:&amp#27;[0;39m Session Metrics {
    8875 nanoseconds spent acquiring 1 JDBC connections;
    0 nanoseconds spent releasing 0 JDBC connections;
    27625 nanoseconds spent preparing 1 JDBC statements;
    2819125 nanoseconds spent executing 1 JDBC statements;
    0 nanoseconds spent executing 0 JDBC batches;
    0 nanoseconds spent performing 0 L2C puts;
    0 nanoseconds spent performing 0 L2C hits;
    0 nanoseconds spent performing 0 L2C misses;
    0 nanoseconds spent executing 0 flushes (flushing a total of 0 entities and 0 collections);
    0 nanoseconds spent executing 0 partial-flushes (flushing a total of 0 entities and 0 collections)
}
&amp#27;[2m2025-05-11T11:17:46.369-03:00&amp#27;[0;39m &amp#27;[32mDEBUG&amp#27;[0;39m &amp#27;[35m16907&amp#27;[0;39m &amp#27;[2m---&amp#27;[0;39m &amp#27;[2m[           main]&amp#27;[0;39m &amp#27;[2m&amp#27;[0;39m&amp#27;[36morg.hibernate.SQL                       &amp#27;[0;39m &amp#27;[2m:&amp#27;[0;39m 
    /* <criteria> */ select
        d1_0.id,
        d1_0.actualizado_en,
        d1_0.codigo_penal,
        d1_0.creado_en,
        d1_0.descripcion,
        d1_0.nombre,
        d1_0.pena_maxima,
        d1_0.pena_minima,
        d1_0.tipo_pena,
        d1_0.valoracion 
    from
        delito d1_0 
    where
        upper(d1_0.nombre) like upper(?) escape '\'
Hibernate: 
    /* <criteria> */ select
        d1_0.id,
        d1_0.actualizado_en,
        d1_0.codigo_penal,
        d1_0.creado_en,
        d1_0.descripcion,
        d1_0.nombre,
        d1_0.pena_maxima,
        d1_0.pena_minima,
        d1_0.tipo_pena,
        d1_0.valoracion 
    from
        delito d1_0 
    where
        upper(d1_0.nombre) like upper(?) escape '\'
&amp#27;[2m2025-05-11T11:17:46.371-03:00&amp#27;[0;39m &amp#27;[32m INFO&amp#27;[0;39m &amp#27;[35m16907&amp#27;[0;39m &amp#27;[2m---&amp#27;[0;39m &amp#27;[2m[           main]&amp#27;[0;39m &amp#27;[2m&amp#27;[0;39m&amp#27;[36mi.StatisticalLoggingSessionEventListener&amp#27;[0;39m &amp#27;[2m:&amp#27;[0;39m Session Metrics {
    7250 nanoseconds spent acquiring 1 JDBC connections;
    0 nanoseconds spent releasing 0 JDBC connections;
    23125 nanoseconds spent preparing 1 JDBC statements;
    1917750 nanoseconds spent executing 1 JDBC statements;
    0 nanoseconds spent executing 0 JDBC batches;
    0 nanoseconds spent performing 0 L2C puts;
    0 nanoseconds spent performing 0 L2C hits;
    0 nanoseconds spent performing 0 L2C misses;
    0 nanoseconds spent executing 0 flushes (flushing a total of 0 entities and 0 collections);
    0 nanoseconds spent executing 0 partial-flushes (flushing a total of 0 entities and 0 collections)
}
&amp#27;[2m2025-05-11T11:17:46.371-03:00&amp#27;[0;39m &amp#27;[32mDEBUG&amp#27;[0;39m &amp#27;[35m16907&amp#27;[0;39m &amp#27;[2m---&amp#27;[0;39m &amp#27;[2m[           main]&amp#27;[0;39m &amp#27;[2m&amp#27;[0;39m&amp#27;[36morg.hibernate.SQL                       &amp#27;[0;39m &amp#27;[2m:&amp#27;[0;39m 
    /* <criteria> */ select
        d1_0.id,
        d1_0.actualizado_en,
        d1_0.codigo_penal,
        d1_0.creado_en,
        d1_0.descripcion,
        d1_0.nombre,
        d1_0.pena_maxima,
        d1_0.pena_minima,
        d1_0.tipo_pena,
        d1_0.valoracion 
    from
        delito d1_0 
    where
        upper(d1_0.nombre) like upper(?) escape '\'
Hibernate: 
    /* <criteria> */ select
        d1_0.id,
        d1_0.actualizado_en,
        d1_0.codigo_penal,
        d1_0.creado_en,
        d1_0.descripcion,
        d1_0.nombre,
        d1_0.pena_maxima,
        d1_0.pena_minima,
        d1_0.tipo_pena,
        d1_0.valoracion 
    from
        delito d1_0 
    where
        upper(d1_0.nombre) like upper(?) escape '\'
&amp#27;[2m2025-05-11T11:17:46.373-03:00&amp#27;[0;39m &amp#27;[32m INFO&amp#27;[0;39m &amp#27;[35m16907&amp#27;[0;39m &amp#27;[2m---&amp#27;[0;39m &amp#27;[2m[           main]&amp#27;[0;39m &amp#27;[2m&amp#27;[0;39m&amp#27;[36mi.StatisticalLoggingSessionEventListener&amp#27;[0;39m &amp#27;[2m:&amp#27;[0;39m Session Metrics {
    8083 nanoseconds spent acquiring 1 JDBC connections;
    0 nanoseconds spent releasing 0 JDBC connections;
    28458 nanoseconds spent preparing 1 JDBC statements;
    1675458 nanoseconds spent executing 1 JDBC statements;
    0 nanoseconds spent executing 0 JDBC batches;
    0 nanoseconds spent performing 0 L2C puts;
    0 nanoseconds spent performing 0 L2C hits;
    0 nanoseconds spent performing 0 L2C misses;
    0 nanoseconds spent executing 0 flushes (flushing a total of 0 entities and 0 collections);
    0 nanoseconds spent executing 0 partial-flushes (flushing a total of 0 entities and 0 collections)
}
&amp#27;[2m2025-05-11T11:17:46.374-03:00&amp#27;[0;39m &amp#27;[32mDEBUG&amp#27;[0;39m &amp#27;[35m16907&amp#27;[0;39m &amp#27;[2m---&amp#27;[0;39m &amp#27;[2m[           main]&amp#27;[0;39m &amp#27;[2m&amp#27;[0;39m&amp#27;[36morg.hibernate.SQL                       &amp#27;[0;39m &amp#27;[2m:&amp#27;[0;39m 
    /* <criteria> */ select
        d1_0.id,
        d1_0.actualizado_en,
        d1_0.codigo_penal,
        d1_0.creado_en,
        d1_0.descripcion,
        d1_0.nombre,
        d1_0.pena_maxima,
        d1_0.pena_minima,
        d1_0.tipo_pena,
        d1_0.valoracion 
    from
        delito d1_0 
    where
        upper(d1_0.nombre) like upper(?) escape '\'
Hibernate: 
    /* <criteria> */ select
        d1_0.id,
        d1_0.actualizado_en,
        d1_0.codigo_penal,
        d1_0.creado_en,
        d1_0.descripcion,
        d1_0.nombre,
        d1_0.pena_maxima,
        d1_0.pena_minima,
        d1_0.tipo_pena,
        d1_0.valoracion 
    from
        delito d1_0 
    where
        upper(d1_0.nombre) like upper(?) escape '\'
&amp#27;[2m2025-05-11T11:17:46.376-03:00&amp#27;[0;39m &amp#27;[32m INFO&amp#27;[0;39m &amp#27;[35m16907&amp#27;[0;39m &amp#27;[2m---&amp#27;[0;39m &amp#27;[2m[           main]&amp#27;[0;39m &amp#27;[2m&amp#27;[0;39m&amp#27;[36mi.StatisticalLoggingSessionEventListener&amp#27;[0;39m &amp#27;[2m:&amp#27;[0;39m Session Metrics {
    8041 nanoseconds spent acquiring 1 JDBC connections;
    0 nanoseconds spent releasing 0 JDBC connections;
    25125 nanoseconds spent preparing 1 JDBC statements;
    1697625 nanoseconds spent executing 1 JDBC statements;
    0 nanoseconds spent executing 0 JDBC batches;
    0 nanoseconds spent performing 0 L2C puts;
    0 nanoseconds spent performing 0 L2C hits;
    0 nanoseconds spent performing 0 L2C misses;
    0 nanoseconds spent executing 0 flushes (flushing a total of 0 entities and 0 collections);
    0 nanoseconds spent executing 0 partial-flushes (flushing a total of 0 entities and 0 collections)
}
&amp#27;[2m2025-05-11T11:17:46.376-03:00&amp#27;[0;39m &amp#27;[32mDEBUG&amp#27;[0;39m &amp#27;[35m16907&amp#27;[0;39m &amp#27;[2m---&amp#27;[0;39m &amp#27;[2m[           main]&amp#27;[0;39m &amp#27;[2m&amp#27;[0;39m&amp#27;[36morg.hibernate.SQL                       &amp#27;[0;39m &amp#27;[2m:&amp#27;[0;39m 
    /* <criteria> */ select
        d1_0.id,
        d1_0.actualizado_en,
        d1_0.codigo_penal,
        d1_0.creado_en,
        d1_0.descripcion,
        d1_0.nombre,
        d1_0.pena_maxima,
        d1_0.pena_minima,
        d1_0.tipo_pena,
        d1_0.valoracion 
    from
        delito d1_0 
    where
        upper(d1_0.nombre) like upper(?) escape '\'
Hibernate: 
    /* <criteria> */ select
        d1_0.id,
        d1_0.actualizado_en,
        d1_0.codigo_penal,
        d1_0.creado_en,
        d1_0.descripcion,
        d1_0.nombre,
        d1_0.pena_maxima,
        d1_0.pena_minima,
        d1_0.tipo_pena,
        d1_0.valoracion 
    from
        delito d1_0 
    where
        upper(d1_0.nombre) like upper(?) escape '\'
&amp#27;[2m2025-05-11T11:17:46.378-03:00&amp#27;[0;39m &amp#27;[32m INFO&amp#27;[0;39m &amp#27;[35m16907&amp#27;[0;39m &amp#27;[2m---&amp#27;[0;39m &amp#27;[2m[           main]&amp#27;[0;39m &amp#27;[2m&amp#27;[0;39m&amp#27;[36mi.StatisticalLoggingSessionEventListener&amp#27;[0;39m &amp#27;[2m:&amp#27;[0;39m Session Metrics {
    7167 nanoseconds spent acquiring 1 JDBC connections;
    0 nanoseconds spent releasing 0 JDBC connections;
    21958 nanoseconds spent preparing 1 JDBC statements;
    1629542 nanoseconds spent executing 1 JDBC statements;
    0 nanoseconds spent executing 0 JDBC batches;
    0 nanoseconds spent performing 0 L2C puts;
    0 nanoseconds spent performing 0 L2C hits;
    0 nanoseconds spent performing 0 L2C misses;
    0 nanoseconds spent executing 0 flushes (flushing a total of 0 entities and 0 collections);
    0 nanoseconds spent executing 0 partial-flushes (flushing a total of 0 entities and 0 collections)
}
&amp#27;[2m2025-05-11T11:17:46.379-03:00&amp#27;[0;39m &amp#27;[32mDEBUG&amp#27;[0;39m &amp#27;[35m16907&amp#27;[0;39m &amp#27;[2m---&amp#27;[0;39m &amp#27;[2m[           main]&amp#27;[0;39m &amp#27;[2m&amp#27;[0;39m&amp#27;[36morg.hibernate.SQL                       &amp#27;[0;39m &amp#27;[2m:&amp#27;[0;39m 
    /* <criteria> */ select
        d1_0.id,
        d1_0.actualizado_en,
        d1_0.codigo_penal,
        d1_0.creado_en,
        d1_0.descripcion,
        d1_0.nombre,
        d1_0.pena_maxima,
        d1_0.pena_minima,
        d1_0.tipo_pena,
        d1_0.valoracion 
    from
        delito d1_0 
    where
        upper(d1_0.nombre) like upper(?) escape '\'
Hibernate: 
    /* <criteria> */ select
        d1_0.id,
        d1_0.actualizado_en,
        d1_0.codigo_penal,
        d1_0.creado_en,
        d1_0.descripcion,
        d1_0.nombre,
        d1_0.pena_maxima,
        d1_0.pena_minima,
        d1_0.tipo_pena,
        d1_0.valoracion 
    from
        delito d1_0 
    where
        upper(d1_0.nombre) like upper(?) escape '\'
&amp#27;[2m2025-05-11T11:17:46.381-03:00&amp#27;[0;39m &amp#27;[32m INFO&amp#27;[0;39m &amp#27;[35m16907&amp#27;[0;39m &amp#27;[2m---&amp#27;[0;39m &amp#27;[2m[           main]&amp#27;[0;39m &amp#27;[2m&amp#27;[0;39m&amp#27;[36mi.StatisticalLoggingSessionEventListener&amp#27;[0;39m &amp#27;[2m:&amp#27;[0;39m Session Metrics {
    9375 nanoseconds spent acquiring 1 JDBC connections;
    0 nanoseconds spent releasing 0 JDBC connections;
    30250 nanoseconds spent preparing 1 JDBC statements;
    1584500 nanoseconds spent executing 1 JDBC statements;
    0 nanoseconds spent executing 0 JDBC batches;
    0 nanoseconds spent performing 0 L2C puts;
    0 nanoseconds spent performing 0 L2C hits;
    0 nanoseconds spent performing 0 L2C misses;
    0 nanoseconds spent executing 0 flushes (flushing a total of 0 entities and 0 collections);
    0 nanoseconds spent executing 0 partial-flushes (flushing a total of 0 entities and 0 collections)
}
&amp#27;[2m2025-05-11T11:17:46.382-03:00&amp#27;[0;39m &amp#27;[32mDEBUG&amp#27;[0;39m &amp#27;[35m16907&amp#27;[0;39m &amp#27;[2m---&amp#27;[0;39m &amp#27;[2m[           main]&amp#27;[0;39m &amp#27;[2m&amp#27;[0;39m&amp#27;[36morg.hibernate.SQL                       &amp#27;[0;39m &amp#27;[2m:&amp#27;[0;39m 
    /* <criteria> */ select
        d1_0.id,
        d1_0.actualizado_en,
        d1_0.codigo_penal,
        d1_0.creado_en,
        d1_0.descripcion,
        d1_0.nombre,
        d1_0.pena_maxima,
        d1_0.pena_minima,
        d1_0.tipo_pena,
        d1_0.valoracion 
    from
        delito d1_0 
    where
        upper(d1_0.nombre) like upper(?) escape '\'
Hibernate: 
    /* <criteria> */ select
        d1_0.id,
        d1_0.actualizado_en,
        d1_0.codigo_penal,
        d1_0.creado_en,
        d1_0.descripcion,
        d1_0.nombre,
        d1_0.pena_maxima,
        d1_0.pena_minima,
        d1_0.tipo_pena,
        d1_0.valoracion 
    from
        delito d1_0 
    where
        upper(d1_0.nombre) like upper(?) escape '\'
&amp#27;[2m2025-05-11T11:17:46.383-03:00&amp#27;[0;39m &amp#27;[32m INFO&amp#27;[0;39m &amp#27;[35m16907&amp#27;[0;39m &amp#27;[2m---&amp#27;[0;39m &amp#27;[2m[           main]&amp#27;[0;39m &amp#27;[2m&amp#27;[0;39m&amp#27;[36mi.StatisticalLoggingSessionEventListener&amp#27;[0;39m &amp#27;[2m:&amp#27;[0;39m Session Metrics {
    8042 nanoseconds spent acquiring 1 JDBC connections;
    0 nanoseconds spent releasing 0 JDBC connections;
    28375 nanoseconds spent preparing 1 JDBC statements;
    1250542 nanoseconds spent executing 1 JDBC statements;
    0 nanoseconds spent executing 0 JDBC batches;
    0 nanoseconds spent performing 0 L2C puts;
    0 nanoseconds spent performing 0 L2C hits;
    0 nanoseconds spent performing 0 L2C misses;
    0 nanoseconds spent executing 0 flushes (flushing a total of 0 entities and 0 collections);
    0 nanoseconds spent executing 0 partial-flushes (flushing a total of 0 entities and 0 collections)
}
&amp#27;[2m2025-05-11T11:17:46.384-03:00&amp#27;[0;39m &amp#27;[32mDEBUG&amp#27;[0;39m &amp#27;[35m16907&amp#27;[0;39m &amp#27;[2m---&amp#27;[0;39m &amp#27;[2m[           main]&amp#27;[0;39m &amp#27;[2m&amp#27;[0;39m&amp#27;[36morg.hibernate.SQL                       &amp#27;[0;39m &amp#27;[2m:&amp#27;[0;39m 
    /* <criteria> */ select
        d1_0.id,
        d1_0.actualizado_en,
        d1_0.codigo_penal,
        d1_0.creado_en,
        d1_0.descripcion,
        d1_0.nombre,
        d1_0.pena_maxima,
        d1_0.pena_minima,
        d1_0.tipo_pena,
        d1_0.valoracion 
    from
        delito d1_0 
    where
        upper(d1_0.nombre) like upper(?) escape '\'
Hibernate: 
    /* <criteria> */ select
        d1_0.id,
        d1_0.actualizado_en,
        d1_0.codigo_penal,
        d1_0.creado_en,
        d1_0.descripcion,
        d1_0.nombre,
        d1_0.pena_maxima,
        d1_0.pena_minima,
        d1_0.tipo_pena,
        d1_0.valoracion 
    from
        delito d1_0 
    where
        upper(d1_0.nombre) like upper(?) escape '\'
&amp#27;[2m2025-05-11T11:17:46.386-03:00&amp#27;[0;39m &amp#27;[32m INFO&amp#27;[0;39m &amp#27;[35m16907&amp#27;[0;39m &amp#27;[2m---&amp#27;[0;39m &amp#27;[2m[           main]&amp#27;[0;39m &amp#27;[2m&amp#27;[0;39m&amp#27;[36mi.StatisticalLoggingSessionEventListener&amp#27;[0;39m &amp#27;[2m:&amp#27;[0;39m Session Metrics {
    9708 nanoseconds spent acquiring 1 JDBC connections;
    0 nanoseconds spent releasing 0 JDBC connections;
    71583 nanoseconds spent preparing 1 JDBC statements;
    1571375 nanoseconds spent executing 1 JDBC statements;
    0 nanoseconds spent executing 0 JDBC batches;
    0 nanoseconds spent performing 0 L2C puts;
    0 nanoseconds spent performing 0 L2C hits;
    0 nanoseconds spent performing 0 L2C misses;
    0 nanoseconds spent executing 0 flushes (flushing a total of 0 entities and 0 collections);
    0 nanoseconds spent executing 0 partial-flushes (flushing a total of 0 entities and 0 collections)
}
&amp#27;[2m2025-05-11T11:17:46.387-03:00&amp#27;[0;39m &amp#27;[32mDEBUG&amp#27;[0;39m &amp#27;[35m16907&amp#27;[0;39m &amp#27;[2m---&amp#27;[0;39m &amp#27;[2m[           main]&amp#27;[0;39m &amp#27;[2m&amp#27;[0;39m&amp#27;[36morg.hibernate.SQL                       &amp#27;[0;39m &amp#27;[2m:&amp#27;[0;39m 
    /* <criteria> */ select
        d1_0.id,
        d1_0.actualizado_en,
        d1_0.codigo_penal,
        d1_0.creado_en,
        d1_0.descripcion,
        d1_0.nombre,
        d1_0.pena_maxima,
        d1_0.pena_minima,
        d1_0.tipo_pena,
        d1_0.valoracion 
    from
        delito d1_0 
    where
        upper(d1_0.nombre) like upper(?) escape '\'
Hibernate: 
    /* <criteria> */ select
        d1_0.id,
        d1_0.actualizado_en,
        d1_0.codigo_penal,
        d1_0.creado_en,
        d1_0.descripcion,
        d1_0.nombre,
        d1_0.pena_maxima,
        d1_0.pena_minima,
        d1_0.tipo_pena,
        d1_0.valoracion 
    from
        delito d1_0 
    where
        upper(d1_0.nombre) like upper(?) escape '\'
&amp#27;[2m2025-05-11T11:17:46.388-03:00&amp#27;[0;39m &amp#27;[32m INFO&amp#27;[0;39m &amp#27;[35m16907&amp#27;[0;39m &amp#27;[2m---&amp#27;[0;39m &amp#27;[2m[           main]&amp#27;[0;39m &amp#27;[2m&amp#27;[0;39m&amp#27;[36mi.StatisticalLoggingSessionEventListener&amp#27;[0;39m &amp#27;[2m:&amp#27;[0;39m Session Metrics {
    9000 nanoseconds spent acquiring 1 JDBC connections;
    0 nanoseconds spent releasing 0 JDBC connections;
    33208 nanoseconds spent preparing 1 JDBC statements;
    1534125 nanoseconds spent executing 1 JDBC statements;
    0 nanoseconds spent executing 0 JDBC batches;
    0 nanoseconds spent performing 0 L2C puts;
    0 nanoseconds spent performing 0 L2C hits;
    0 nanoseconds spent performing 0 L2C misses;
    0 nanoseconds spent executing 0 flushes (flushing a total of 0 entities and 0 collections);
    0 nanoseconds spent executing 0 partial-flushes (flushing a total of 0 entities and 0 collections)
}
&amp#27;[2m2025-05-11T11:17:46.389-03:00&amp#27;[0;39m &amp#27;[32mDEBUG&amp#27;[0;39m &amp#27;[35m16907&amp#27;[0;39m &amp#27;[2m---&amp#27;[0;39m &amp#27;[2m[           main]&amp#27;[0;39m &amp#27;[2m&amp#27;[0;39m&amp#27;[36morg.hibernate.SQL                       &amp#27;[0;39m &amp#27;[2m:&amp#27;[0;39m 
    /* <criteria> */ select
        d1_0.id,
        d1_0.actualizado_en,
        d1_0.codigo_penal,
        d1_0.creado_en,
        d1_0.descripcion,
        d1_0.nombre,
        d1_0.pena_maxima,
        d1_0.pena_minima,
        d1_0.tipo_pena,
        d1_0.valoracion 
    from
        delito d1_0 
    where
        upper(d1_0.nombre) like upper(?) escape '\'
Hibernate: 
    /* <criteria> */ select
        d1_0.id,
        d1_0.actualizado_en,
        d1_0.codigo_penal,
        d1_0.creado_en,
        d1_0.descripcion,
        d1_0.nombre,
        d1_0.pena_maxima,
        d1_0.pena_minima,
        d1_0.tipo_pena,
        d1_0.valoracion 
    from
        delito d1_0 
    where
        upper(d1_0.nombre) like upper(?) escape '\'
&amp#27;[2m2025-05-11T11:17:46.392-03:00&amp#27;[0;39m &amp#27;[32m INFO&amp#27;[0;39m &amp#27;[35m16907&amp#27;[0;39m &amp#27;[2m---&amp#27;[0;39m &amp#27;[2m[           main]&amp#27;[0;39m &amp#27;[2m&amp#27;[0;39m&amp#27;[36mi.StatisticalLoggingSessionEventListener&amp#27;[0;39m &amp#27;[2m:&amp#27;[0;39m Session Metrics {
    9334 nanoseconds spent acquiring 1 JDBC connections;
    0 nanoseconds spent releasing 0 JDBC connections;
    27166 nanoseconds spent preparing 1 JDBC statements;
    2013334 nanoseconds spent executing 1 JDBC statements;
    0 nanoseconds spent executing 0 JDBC batches;
    0 nanoseconds spent performing 0 L2C puts;
    0 nanoseconds spent performing 0 L2C hits;
    0 nanoseconds spent performing 0 L2C misses;
    0 nanoseconds spent executing 0 flushes (flushing a total of 0 entities and 0 collections);
    0 nanoseconds spent executing 0 partial-flushes (flushing a total of 0 entities and 0 collections)
}
&amp#27;[2m2025-05-11T11:17:46.392-03:00&amp#27;[0;39m &amp#27;[32mDEBUG&amp#27;[0;39m &amp#27;[35m16907&amp#27;[0;39m &amp#27;[2m---&amp#27;[0;39m &amp#27;[2m[           main]&amp#27;[0;39m &amp#27;[2m&amp#27;[0;39m&amp#27;[36morg.hibernate.SQL                       &amp#27;[0;39m &amp#27;[2m:&amp#27;[0;39m 
    /* <criteria> */ select
        d1_0.id,
        d1_0.actualizado_en,
        d1_0.codigo_penal,
        d1_0.creado_en,
        d1_0.descripcion,
        d1_0.nombre,
        d1_0.pena_maxima,
        d1_0.pena_minima,
        d1_0.tipo_pena,
        d1_0.valoracion 
    from
        delito d1_0 
    where
        upper(d1_0.nombre) like upper(?) escape '\'
Hibernate: 
    /* <criteria> */ select
        d1_0.id,
        d1_0.actualizado_en,
        d1_0.codigo_penal,
        d1_0.creado_en,
        d1_0.descripcion,
        d1_0.nombre,
        d1_0.pena_maxima,
        d1_0.pena_minima,
        d1_0.tipo_pena,
        d1_0.valoracion 
    from
        delito d1_0 
    where
        upper(d1_0.nombre) like upper(?) escape '\'
&amp#27;[2m2025-05-11T11:17:46.408-03:00&amp#27;[0;39m &amp#27;[32m INFO&amp#27;[0;39m &amp#27;[35m16907&amp#27;[0;39m &amp#27;[2m---&amp#27;[0;39m &amp#27;[2m[           main]&amp#27;[0;39m &amp#27;[2m&amp#27;[0;39m&amp#27;[36mi.StatisticalLoggingSessionEventListener&amp#27;[0;39m &amp#27;[2m:&amp#27;[0;39m Session Metrics {
    12084 nanoseconds spent acquiring 1 JDBC connections;
    0 nanoseconds spent releasing 0 JDBC connections;
    34583 nanoseconds spent preparing 1 JDBC statements;
    13737875 nanoseconds spent executing 1 JDBC statements;
    0 nanoseconds spent executing 0 JDBC batches;
    0 nanoseconds spent performing 0 L2C puts;
    0 nanoseconds spent performing 0 L2C hits;
    0 nanoseconds spent performing 0 L2C misses;
    0 nanoseconds spent executing 0 flushes (flushing a total of 0 entities and 0 collections);
    0 nanoseconds spent executing 0 partial-flushes (flushing a total of 0 entities and 0 collections)
}
&amp#27;[2m2025-05-11T11:17:46.420-03:00&amp#27;[0;39m &amp#27;[32mDEBUG&amp#27;[0;39m &amp#27;[35m16907&amp#27;[0;39m &amp#27;[2m---&amp#27;[0;39m &amp#27;[2m[           main]&amp#27;[0;39m &amp#27;[2m&amp#27;[0;39m&amp#27;[36morg.hibernate.SQL                       &amp#27;[0;39m &amp#27;[2m:&amp#27;[0;39m 
    /* <criteria> */ select
        d1_0.id,
        d1_0.actualizado_en,
        d1_0.codigo_penal,
        d1_0.creado_en,
        d1_0.descripcion,
        d1_0.nombre,
        d1_0.pena_maxima,
        d1_0.pena_minima,
        d1_0.tipo_pena,
        d1_0.valoracion 
    from
        delito d1_0 
    where
        upper(d1_0.nombre) like upper(?) escape '\'
Hibernate: 
    /* <criteria> */ select
        d1_0.id,
        d1_0.actualizado_en,
        d1_0.codigo_penal,
        d1_0.creado_en,
        d1_0.descripcion,
        d1_0.nombre,
        d1_0.pena_maxima,
        d1_0.pena_minima,
        d1_0.tipo_pena,
        d1_0.valoracion 
    from
        delito d1_0 
    where
        upper(d1_0.nombre) like upper(?) escape '\'
&amp#27;[2m2025-05-11T11:17:46.440-03:00&amp#27;[0;39m &amp#27;[32m INFO&amp#27;[0;39m &amp#27;[35m16907&amp#27;[0;39m &amp#27;[2m---&amp#27;[0;39m &amp#27;[2m[           main]&amp#27;[0;39m &amp#27;[2m&amp#27;[0;39m&amp#27;[36mi.StatisticalLoggingSessionEventListener&amp#27;[0;39m &amp#27;[2m:&amp#27;[0;39m Session Metrics {
    26375 nanoseconds spent acquiring 1 JDBC connections;
    0 nanoseconds spent releasing 0 JDBC connections;
    70375 nanoseconds spent preparing 1 JDBC statements;
    17207000 nanoseconds spent executing 1 JDBC statements;
    0 nanoseconds spent executing 0 JDBC batches;
    0 nanoseconds spent performing 0 L2C puts;
    0 nanoseconds spent performing 0 L2C hits;
    0 nanoseconds spent performing 0 L2C misses;
    0 nanoseconds spent executing 0 flushes (flushing a total of 0 entities and 0 collections);
    0 nanoseconds spent executing 0 partial-flushes (flushing a total of 0 entities and 0 collections)
}
&amp#27;[2m2025-05-11T11:17:46.447-03:00&amp#27;[0;39m &amp#27;[32mDEBUG&amp#27;[0;39m &amp#27;[35m16907&amp#27;[0;39m &amp#27;[2m---&amp#27;[0;39m &amp#27;[2m[           main]&amp#27;[0;39m &amp#27;[2m&amp#27;[0;39m&amp#27;[36morg.hibernate.SQL                       &amp#27;[0;39m &amp#27;[2m:&amp#27;[0;39m 
    /* <criteria> */ select
        d1_0.id,
        d1_0.actualizado_en,
        d1_0.codigo_penal,
        d1_0.creado_en,
        d1_0.descripcion,
        d1_0.nombre,
        d1_0.pena_maxima,
        d1_0.pena_minima,
        d1_0.tipo_pena,
        d1_0.valoracion 
    from
        delito d1_0 
    where
        upper(d1_0.nombre) like upper(?) escape '\'
Hibernate: 
    /* <criteria> */ select
        d1_0.id,
        d1_0.actualizado_en,
        d1_0.codigo_penal,
        d1_0.creado_en,
        d1_0.descripcion,
        d1_0.nombre,
        d1_0.pena_maxima,
        d1_0.pena_minima,
        d1_0.tipo_pena,
        d1_0.valoracion 
    from
        delito d1_0 
    where
        upper(d1_0.nombre) like upper(?) escape '\'
&amp#27;[2m2025-05-11T11:17:46.455-03:00&amp#27;[0;39m &amp#27;[32m INFO&amp#27;[0;39m &amp#27;[35m16907&amp#27;[0;39m &amp#27;[2m---&amp#27;[0;39m &amp#27;[2m[           main]&amp#27;[0;39m &amp#27;[2m&amp#27;[0;39m&amp#27;[36mi.StatisticalLoggingSessionEventListener&amp#27;[0;39m &amp#27;[2m:&amp#27;[0;39m Session Metrics {
    46750 nanoseconds spent acquiring 1 JDBC connections;
    0 nanoseconds spent releasing 0 JDBC connections;
    591250 nanoseconds spent preparing 1 JDBC statements;
    5572208 nanoseconds spent executing 1 JDBC statements;
    0 nanoseconds spent executing 0 JDBC batches;
    0 nanoseconds spent performing 0 L2C puts;
    0 nanoseconds spent performing 0 L2C hits;
    0 nanoseconds spent performing 0 L2C misses;
    0 nanoseconds spent executing 0 flushes (flushing a total of 0 entities and 0 collections);
    0 nanoseconds spent executing 0 partial-flushes (flushing a total of 0 entities and 0 collections)
}
&amp#27;[2m2025-05-11T11:17:46.456-03:00&amp#27;[0;39m &amp#27;[32mDEBUG&amp#27;[0;39m &amp#27;[35m16907&amp#27;[0;39m &amp#27;[2m---&amp#27;[0;39m &amp#27;[2m[           main]&amp#27;[0;39m &amp#27;[2m&amp#27;[0;39m&amp#27;[36morg.hibernate.SQL                       &amp#27;[0;39m &amp#27;[2m:&amp#27;[0;39m 
    /* <criteria> */ select
        d1_0.id,
        d1_0.actualizado_en,
        d1_0.codigo_penal,
        d1_0.creado_en,
        d1_0.descripcion,
        d1_0.nombre,
        d1_0.pena_maxima,
        d1_0.pena_minima,
        d1_0.tipo_pena,
        d1_0.valoracion 
    from
        delito d1_0 
    where
        upper(d1_0.nombre) like upper(?) escape '\'
Hibernate: 
    /* <criteria> */ select
        d1_0.id,
        d1_0.actualizado_en,
        d1_0.codigo_penal,
        d1_0.creado_en,
        d1_0.descripcion,
        d1_0.nombre,
        d1_0.pena_maxima,
        d1_0.pena_minima,
        d1_0.tipo_pena,
        d1_0.valoracion 
    from
        delito d1_0 
    where
        upper(d1_0.nombre) like upper(?) escape '\'
&amp#27;[2m2025-05-11T11:17:46.458-03:00&amp#27;[0;39m &amp#27;[32m INFO&amp#27;[0;39m &amp#27;[35m16907&amp#27;[0;39m &amp#27;[2m---&amp#27;[0;39m &amp#27;[2m[           main]&amp#27;[0;39m &amp#27;[2m&amp#27;[0;39m&amp#27;[36mi.StatisticalLoggingSessionEventListener&amp#27;[0;39m &amp#27;[2m:&amp#27;[0;39m Session Metrics {
    11959 nanoseconds spent acquiring 1 JDBC connections;
    0 nanoseconds spent releasing 0 JDBC connections;
    34792 nanoseconds spent preparing 1 JDBC statements;
    1077042 nanoseconds spent executing 1 JDBC statements;
    0 nanoseconds spent executing 0 JDBC batches;
    0 nanoseconds spent performing 0 L2C puts;
    0 nanoseconds spent performing 0 L2C hits;
    0 nanoseconds spent performing 0 L2C misses;
    0 nanoseconds spent executing 0 flushes (flushing a total of 0 entities and 0 collections);
    0 nanoseconds spent executing 0 partial-flushes (flushing a total of 0 entities and 0 collections)
}
&amp#27;[2m2025-05-11T11:17:46.458-03:00&amp#27;[0;39m &amp#27;[32mDEBUG&amp#27;[0;39m &amp#27;[35m16907&amp#27;[0;39m &amp#27;[2m---&amp#27;[0;39m &amp#27;[2m[           main]&amp#27;[0;39m &amp#27;[2m&amp#27;[0;39m&amp#27;[36morg.hibernate.SQL                       &amp#27;[0;39m &amp#27;[2m:&amp#27;[0;39m 
    /* <criteria> */ select
        d1_0.id,
        d1_0.actualizado_en,
        d1_0.codigo_penal,
        d1_0.creado_en,
        d1_0.descripcion,
        d1_0.nombre,
        d1_0.pena_maxima,
        d1_0.pena_minima,
        d1_0.tipo_pena,
        d1_0.valoracion 
    from
        delito d1_0 
    where
        upper(d1_0.nombre) like upper(?) escape '\'
Hibernate: 
    /* <criteria> */ select
        d1_0.id,
        d1_0.actualizado_en,
        d1_0.codigo_penal,
        d1_0.creado_en,
        d1_0.descripcion,
        d1_0.nombre,
        d1_0.pena_maxima,
        d1_0.pena_minima,
        d1_0.tipo_pena,
        d1_0.valoracion 
    from
        delito d1_0 
    where
        upper(d1_0.nombre) like upper(?) escape '\'
&amp#27;[2m2025-05-11T11:17:46.459-03:00&amp#27;[0;39m &amp#27;[32m INFO&amp#27;[0;39m &amp#27;[35m16907&amp#27;[0;39m &amp#27;[2m---&amp#27;[0;39m &amp#27;[2m[           main]&amp#27;[0;39m &amp#27;[2m&amp#27;[0;39m&amp#27;[36mi.StatisticalLoggingSessionEventListener&amp#27;[0;39m &amp#27;[2m:&amp#27;[0;39m Session Metrics {
    17209 nanoseconds spent acquiring 1 JDBC connections;
    0 nanoseconds spent releasing 0 JDBC connections;
    32459 nanoseconds spent preparing 1 JDBC statements;
    819667 nanoseconds spent executing 1 JDBC statements;
    0 nanoseconds spent executing 0 JDBC batches;
    0 nanoseconds spent performing 0 L2C puts;
    0 nanoseconds spent performing 0 L2C hits;
    0 nanoseconds spent performing 0 L2C misses;
    0 nanoseconds spent executing 0 flushes (flushing a total of 0 entities and 0 collections);
    0 nanoseconds spent executing 0 partial-flushes (flushing a total of 0 entities and 0 collections)
}
&amp#27;[2m2025-05-11T11:17:46.460-03:00&amp#27;[0;39m &amp#27;[32mDEBUG&amp#27;[0;39m &amp#27;[35m16907&amp#27;[0;39m &amp#27;[2m---&amp#27;[0;39m &amp#27;[2m[           main]&amp#27;[0;39m &amp#27;[2m&amp#27;[0;39m&amp#27;[36morg.hibernate.SQL                       &amp#27;[0;39m &amp#27;[2m:&amp#27;[0;39m 
    /* <criteria> */ select
        d1_0.id,
        d1_0.actualizado_en,
        d1_0.codigo_penal,
        d1_0.creado_en,
        d1_0.descripcion,
        d1_0.nombre,
        d1_0.pena_maxima,
        d1_0.pena_minima,
        d1_0.tipo_pena,
        d1_0.valoracion 
    from
        delito d1_0 
    where
        upper(d1_0.nombre) like upper(?) escape '\'
Hibernate: 
    /* <criteria> */ select
        d1_0.id,
        d1_0.actualizado_en,
        d1_0.codigo_penal,
        d1_0.creado_en,
        d1_0.descripcion,
        d1_0.nombre,
        d1_0.pena_maxima,
        d1_0.pena_minima,
        d1_0.tipo_pena,
        d1_0.valoracion 
    from
        delito d1_0 
    where
        upper(d1_0.nombre) like upper(?) escape '\'
&amp#27;[2m2025-05-11T11:17:46.461-03:00&amp#27;[0;39m &amp#27;[32m INFO&amp#27;[0;39m &amp#27;[35m16907&amp#27;[0;39m &amp#27;[2m---&amp#27;[0;39m &amp#27;[2m[           main]&amp#27;[0;39m &amp#27;[2m&amp#27;[0;39m&amp#27;[36mi.StatisticalLoggingSessionEventListener&amp#27;[0;39m &amp#27;[2m:&amp#27;[0;39m Session Metrics {
    14166 nanoseconds spent acquiring 1 JDBC connections;
    0 nanoseconds spent releasing 0 JDBC connections;
    29875 nanoseconds spent preparing 1 JDBC statements;
    938958 nanoseconds spent executing 1 JDBC statements;
    0 nanoseconds spent executing 0 JDBC batches;
    0 nanoseconds spent performing 0 L2C puts;
    0 nanoseconds spent performing 0 L2C hits;
    0 nanoseconds spent performing 0 L2C misses;
    0 nanoseconds spent executing 0 flushes (flushing a total of 0 entities and 0 collections);
    0 nanoseconds spent executing 0 partial-flushes (flushing a total of 0 entities and 0 collections)
}
&amp#27;[2m2025-05-11T11:17:46.462-03:00&amp#27;[0;39m &amp#27;[32mDEBUG&amp#27;[0;39m &amp#27;[35m16907&amp#27;[0;39m &amp#27;[2m---&amp#27;[0;39m &amp#27;[2m[           main]&amp#27;[0;39m &amp#27;[2m&amp#27;[0;39m&amp#27;[36morg.hibernate.SQL                       &amp#27;[0;39m &amp#27;[2m:&amp#27;[0;39m 
    /* <criteria> */ select
        d1_0.id,
        d1_0.actualizado_en,
        d1_0.codigo_penal,
        d1_0.creado_en,
        d1_0.descripcion,
        d1_0.nombre,
        d1_0.pena_maxima,
        d1_0.pena_minima,
        d1_0.tipo_pena,
        d1_0.valoracion 
    from
        delito d1_0 
    where
        upper(d1_0.nombre) like upper(?) escape '\'
Hibernate: 
    /* <criteria> */ select
        d1_0.id,
        d1_0.actualizado_en,
        d1_0.codigo_penal,
        d1_0.creado_en,
        d1_0.descripcion,
        d1_0.nombre,
        d1_0.pena_maxima,
        d1_0.pena_minima,
        d1_0.tipo_pena,
        d1_0.valoracion 
    from
        delito d1_0 
    where
        upper(d1_0.nombre) like upper(?) escape '\'
&amp#27;[2m2025-05-11T11:17:46.464-03:00&amp#27;[0;39m &amp#27;[32m INFO&amp#27;[0;39m &amp#27;[35m16907&amp#27;[0;39m &amp#27;[2m---&amp#27;[0;39m &amp#27;[2m[           main]&amp#27;[0;39m &amp#27;[2m&amp#27;[0;39m&amp#27;[36mi.StatisticalLoggingSessionEventListener&amp#27;[0;39m &amp#27;[2m:&amp#27;[0;39m Session Metrics {
    18750 nanoseconds spent acquiring 1 JDBC connections;
    0 nanoseconds spent releasing 0 JDBC connections;
    50709 nanoseconds spent preparing 1 JDBC statements;
    1157166 nanoseconds spent executing 1 JDBC statements;
    0 nanoseconds spent executing 0 JDBC batches;
    0 nanoseconds spent performing 0 L2C puts;
    0 nanoseconds spent performing 0 L2C hits;
    0 nanoseconds spent performing 0 L2C misses;
    0 nanoseconds spent executing 0 flushes (flushing a total of 0 entities and 0 collections);
    0 nanoseconds spent executing 0 partial-flushes (flushing a total of 0 entities and 0 collections)
}
&amp#27;[2m2025-05-11T11:17:46.465-03:00&amp#27;[0;39m &amp#27;[32mDEBUG&amp#27;[0;39m &amp#27;[35m16907&amp#27;[0;39m &amp#27;[2m---&amp#27;[0;39m &amp#27;[2m[           main]&amp#27;[0;39m &amp#27;[2m&amp#27;[0;39m&amp#27;[36morg.hibernate.SQL                       &amp#27;[0;39m &amp#27;[2m:&amp#27;[0;39m 
    /* <criteria> */ select
        d1_0.id,
        d1_0.actualizado_en,
        d1_0.codigo_penal,
        d1_0.creado_en,
        d1_0.descripcion,
        d1_0.nombre,
        d1_0.pena_maxima,
        d1_0.pena_minima,
        d1_0.tipo_pena,
        d1_0.valoracion 
    from
        delito d1_0 
    where
        upper(d1_0.nombre) like upper(?) escape '\'
Hibernate: 
    /* <criteria> */ select
        d1_0.id,
        d1_0.actualizado_en,
        d1_0.codigo_penal,
        d1_0.creado_en,
        d1_0.descripcion,
        d1_0.nombre,
        d1_0.pena_maxima,
        d1_0.pena_minima,
        d1_0.tipo_pena,
        d1_0.valoracion 
    from
        delito d1_0 
    where
        upper(d1_0.nombre) like upper(?) escape '\'
&amp#27;[2m2025-05-11T11:17:46.470-03:00&amp#27;[0;39m &amp#27;[32m INFO&amp#27;[0;39m &amp#27;[35m16907&amp#27;[0;39m &amp#27;[2m---&amp#27;[0;39m &amp#27;[2m[           main]&amp#27;[0;39m &amp#27;[2m&amp#27;[0;39m&amp#27;[36mi.StatisticalLoggingSessionEventListener&amp#27;[0;39m &amp#27;[2m:&amp#27;[0;39m Session Metrics {
    36542 nanoseconds spent acquiring 1 JDBC connections;
    0 nanoseconds spent releasing 0 JDBC connections;
    108375 nanoseconds spent preparing 1 JDBC statements;
    4152042 nanoseconds spent executing 1 JDBC statements;
    0 nanoseconds spent executing 0 JDBC batches;
    0 nanoseconds spent performing 0 L2C puts;
    0 nanoseconds spent performing 0 L2C hits;
    0 nanoseconds spent performing 0 L2C misses;
    0 nanoseconds spent executing 0 flushes (flushing a total of 0 entities and 0 collections);
    0 nanoseconds spent executing 0 partial-flushes (flushing a total of 0 entities and 0 collections)
}
&amp#27;[2m2025-05-11T11:17:46.472-03:00&amp#27;[0;39m &amp#27;[32mDEBUG&amp#27;[0;39m &amp#27;[35m16907&amp#27;[0;39m &amp#27;[2m---&amp#27;[0;39m &amp#27;[2m[           main]&amp#27;[0;39m &amp#27;[2m&amp#27;[0;39m&amp#27;[36morg.hibernate.SQL                       &amp#27;[0;39m &amp#27;[2m:&amp#27;[0;39m 
    /* <criteria> */ select
        d1_0.id,
        d1_0.actualizado_en,
        d1_0.codigo_penal,
        d1_0.creado_en,
        d1_0.descripcion,
        d1_0.nombre,
        d1_0.pena_maxima,
        d1_0.pena_minima,
        d1_0.tipo_pena,
        d1_0.valoracion 
    from
        delito d1_0 
    where
        upper(d1_0.nombre) like upper(?) escape '\'
Hibernate: 
    /* <criteria> */ select
        d1_0.id,
        d1_0.actualizado_en,
        d1_0.codigo_penal,
        d1_0.creado_en,
        d1_0.descripcion,
        d1_0.nombre,
        d1_0.pena_maxima,
        d1_0.pena_minima,
        d1_0.tipo_pena,
        d1_0.valoracion 
    from
        delito d1_0 
    where
        upper(d1_0.nombre) like upper(?) escape '\'
&amp#27;[2m2025-05-11T11:17:46.476-03:00&amp#27;[0;39m &amp#27;[32m INFO&amp#27;[0;39m &amp#27;[35m16907&amp#27;[0;39m &amp#27;[2m---&amp#27;[0;39m &amp#27;[2m[           main]&amp#27;[0;39m &amp#27;[2m&amp#27;[0;39m&amp#27;[36mi.StatisticalLoggingSessionEventListener&amp#27;[0;39m &amp#27;[2m:&amp#27;[0;39m Session Metrics {
    19500 nanoseconds spent acquiring 1 JDBC connections;
    0 nanoseconds spent releasing 0 JDBC connections;
    56084 nanoseconds spent preparing 1 JDBC statements;
    2552542 nanoseconds spent executing 1 JDBC statements;
    0 nanoseconds spent executing 0 JDBC batches;
    0 nanoseconds spent performing 0 L2C puts;
    0 nanoseconds spent performing 0 L2C hits;
    0 nanoseconds spent performing 0 L2C misses;
    0 nanoseconds spent executing 0 flushes (flushing a total of 0 entities and 0 collections);
    0 nanoseconds spent executing 0 partial-flushes (flushing a total of 0 entities and 0 collections)
}
&amp#27;[2m2025-05-11T11:17:46.477-03:00&amp#27;[0;39m &amp#27;[32mDEBUG&amp#27;[0;39m &amp#27;[35m16907&amp#27;[0;39m &amp#27;[2m---&amp#27;[0;39m &amp#27;[2m[           main]&amp#27;[0;39m &amp#27;[2m&amp#27;[0;39m&amp#27;[36morg.hibernate.SQL                       &amp#27;[0;39m &amp#27;[2m:&amp#27;[0;39m 
    /* <criteria> */ select
        d1_0.id,
        d1_0.actualizado_en,
        d1_0.codigo_penal,
        d1_0.creado_en,
        d1_0.descripcion,
        d1_0.nombre,
        d1_0.pena_maxima,
        d1_0.pena_minima,
        d1_0.tipo_pena,
        d1_0.valoracion 
    from
        delito d1_0 
    where
        upper(d1_0.nombre) like upper(?) escape '\'
Hibernate: 
    /* <criteria> */ select
        d1_0.id,
        d1_0.actualizado_en,
        d1_0.codigo_penal,
        d1_0.creado_en,
        d1_0.descripcion,
        d1_0.nombre,
        d1_0.pena_maxima,
        d1_0.pena_minima,
        d1_0.tipo_pena,
        d1_0.valoracion 
    from
        delito d1_0 
    where
        upper(d1_0.nombre) like upper(?) escape '\'
&amp#27;[2m2025-05-11T11:17:46.480-03:00&amp#27;[0;39m &amp#27;[32m INFO&amp#27;[0;39m &amp#27;[35m16907&amp#27;[0;39m &amp#27;[2m---&amp#27;[0;39m &amp#27;[2m[           main]&amp#27;[0;39m &amp#27;[2m&amp#27;[0;39m&amp#27;[36mi.StatisticalLoggingSessionEventListener&amp#27;[0;39m &amp#27;[2m:&amp#27;[0;39m Session Metrics {
    14542 nanoseconds spent acquiring 1 JDBC connections;
    0 nanoseconds spent releasing 0 JDBC connections;
    44708 nanoseconds spent preparing 1 JDBC statements;
    1006542 nanoseconds spent executing 1 JDBC statements;
    0 nanoseconds spent executing 0 JDBC batches;
    0 nanoseconds spent performing 0 L2C puts;
    0 nanoseconds spent performing 0 L2C hits;
    0 nanoseconds spent performing 0 L2C misses;
    0 nanoseconds spent executing 0 flushes (flushing a total of 0 entities and 0 collections);
    0 nanoseconds spent executing 0 partial-flushes (flushing a total of 0 entities and 0 collections)
}
&amp#27;[2m2025-05-11T11:17:46.481-03:00&amp#27;[0;39m &amp#27;[32mDEBUG&amp#27;[0;39m &amp#27;[35m16907&amp#27;[0;39m &amp#27;[2m---&amp#27;[0;39m &amp#27;[2m[           main]&amp#27;[0;39m &amp#27;[2m&amp#27;[0;39m&amp#27;[36morg.hibernate.SQL                       &amp#27;[0;39m &amp#27;[2m:&amp#27;[0;39m 
    /* <criteria> */ select
        d1_0.id,
        d1_0.actualizado_en,
        d1_0.codigo_penal,
        d1_0.creado_en,
        d1_0.descripcion,
        d1_0.nombre,
        d1_0.pena_maxima,
        d1_0.pena_minima,
        d1_0.tipo_pena,
        d1_0.valoracion 
    from
        delito d1_0 
    where
        upper(d1_0.nombre) like upper(?) escape '\'
Hibernate: 
    /* <criteria> */ select
        d1_0.id,
        d1_0.actualizado_en,
        d1_0.codigo_penal,
        d1_0.creado_en,
        d1_0.descripcion,
        d1_0.nombre,
        d1_0.pena_maxima,
        d1_0.pena_minima,
        d1_0.tipo_pena,
        d1_0.valoracion 
    from
        delito d1_0 
    where
        upper(d1_0.nombre) like upper(?) escape '\'
&amp#27;[2m2025-05-11T11:17:46.482-03:00&amp#27;[0;39m &amp#27;[32m INFO&amp#27;[0;39m &amp#27;[35m16907&amp#27;[0;39m &amp#27;[2m---&amp#27;[0;39m &amp#27;[2m[           main]&amp#27;[0;39m &amp#27;[2m&amp#27;[0;39m&amp#27;[36mi.StatisticalLoggingSessionEventListener&amp#27;[0;39m &amp#27;[2m:&amp#27;[0;39m Session Metrics {
    8416 nanoseconds spent acquiring 1 JDBC connections;
    0 nanoseconds spent releasing 0 JDBC connections;
    25458 nanoseconds spent preparing 1 JDBC statements;
    868709 nanoseconds spent executing 1 JDBC statements;
    0 nanoseconds spent executing 0 JDBC batches;
    0 nanoseconds spent performing 0 L2C puts;
    0 nanoseconds spent performing 0 L2C hits;
    0 nanoseconds spent performing 0 L2C misses;
    0 nanoseconds spent executing 0 flushes (flushing a total of 0 entities and 0 collections);
    0 nanoseconds spent executing 0 partial-flushes (flushing a total of 0 entities and 0 collections)
}
&amp#27;[2m2025-05-11T11:17:46.482-03:00&amp#27;[0;39m &amp#27;[32mDEBUG&amp#27;[0;39m &amp#27;[35m16907&amp#27;[0;39m &amp#27;[2m---&amp#27;[0;39m &amp#27;[2m[           main]&amp#27;[0;39m &amp#27;[2m&amp#27;[0;39m&amp#27;[36morg.hibernate.SQL                       &amp#27;[0;39m &amp#27;[2m:&amp#27;[0;39m 
    /* <criteria> */ select
        d1_0.id,
        d1_0.actualizado_en,
        d1_0.codigo_penal,
        d1_0.creado_en,
        d1_0.descripcion,
        d1_0.nombre,
        d1_0.pena_maxima,
        d1_0.pena_minima,
        d1_0.tipo_pena,
        d1_0.valoracion 
    from
        delito d1_0 
    where
        upper(d1_0.nombre) like upper(?) escape '\'
Hibernate: 
    /* <criteria> */ select
        d1_0.id,
        d1_0.actualizado_en,
        d1_0.codigo_penal,
        d1_0.creado_en,
        d1_0.descripcion,
        d1_0.nombre,
        d1_0.pena_maxima,
        d1_0.pena_minima,
        d1_0.tipo_pena,
        d1_0.valoracion 
    from
        delito d1_0 
    where
        upper(d1_0.nombre) like upper(?) escape '\'
&amp#27;[2m2025-05-11T11:17:46.484-03:00&amp#27;[0;39m &amp#27;[32m INFO&amp#27;[0;39m &amp#27;[35m16907&amp#27;[0;39m &amp#27;[2m---&amp#27;[0;39m &amp#27;[2m[           main]&amp#27;[0;39m &amp#27;[2m&amp#27;[0;39m&amp#27;[36mi.StatisticalLoggingSessionEventListener&amp#27;[0;39m &amp#27;[2m:&amp#27;[0;39m Session Metrics {
    15667 nanoseconds spent acquiring 1 JDBC connections;
    0 nanoseconds spent releasing 0 JDBC connections;
    34708 nanoseconds spent preparing 1 JDBC statements;
    967000 nanoseconds spent executing 1 JDBC statements;
    0 nanoseconds spent executing 0 JDBC batches;
    0 nanoseconds spent performing 0 L2C puts;
    0 nanoseconds spent performing 0 L2C hits;
    0 nanoseconds spent performing 0 L2C misses;
    0 nanoseconds spent executing 0 flushes (flushing a total of 0 entities and 0 collections);
    0 nanoseconds spent executing 0 partial-flushes (flushing a total of 0 entities and 0 collections)
}
&amp#27;[2m2025-05-11T11:17:46.484-03:00&amp#27;[0;39m &amp#27;[32mDEBUG&amp#27;[0;39m &amp#27;[35m16907&amp#27;[0;39m &amp#27;[2m---&amp#27;[0;39m &amp#27;[2m[           main]&amp#27;[0;39m &amp#27;[2m&amp#27;[0;39m&amp#27;[36morg.hibernate.SQL                       &amp#27;[0;39m &amp#27;[2m:&amp#27;[0;39m 
    /* <criteria> */ select
        d1_0.id,
        d1_0.actualizado_en,
        d1_0.codigo_penal,
        d1_0.creado_en,
        d1_0.descripcion,
        d1_0.nombre,
        d1_0.pena_maxima,
        d1_0.pena_minima,
        d1_0.tipo_pena,
        d1_0.valoracion 
    from
        delito d1_0 
    where
        upper(d1_0.nombre) like upper(?) escape '\'
Hibernate: 
    /* <criteria> */ select
        d1_0.id,
        d1_0.actualizado_en,
        d1_0.codigo_penal,
        d1_0.creado_en,
        d1_0.descripcion,
        d1_0.nombre,
        d1_0.pena_maxima,
        d1_0.pena_minima,
        d1_0.tipo_pena,
        d1_0.valoracion 
    from
        delito d1_0 
    where
        upper(d1_0.nombre) like upper(?) escape '\'
&amp#27;[2m2025-05-11T11:17:46.486-03:00&amp#27;[0;39m &amp#27;[32m INFO&amp#27;[0;39m &amp#27;[35m16907&amp#27;[0;39m &amp#27;[2m---&amp#27;[0;39m &amp#27;[2m[           main]&amp#27;[0;39m &amp#27;[2m&amp#27;[0;39m&amp#27;[36mi.StatisticalLoggingSessionEventListener&amp#27;[0;39m &amp#27;[2m:&amp#27;[0;39m Session Metrics {
    8666 nanoseconds spent acquiring 1 JDBC connections;
    0 nanoseconds spent releasing 0 JDBC connections;
    26875 nanoseconds spent preparing 1 JDBC statements;
    1030208 nanoseconds spent executing 1 JDBC statements;
    0 nanoseconds spent executing 0 JDBC batches;
    0 nanoseconds spent performing 0 L2C puts;
    0 nanoseconds spent performing 0 L2C hits;
    0 nanoseconds spent performing 0 L2C misses;
    0 nanoseconds spent executing 0 flushes (flushing a total of 0 entities and 0 collections);
    0 nanoseconds spent executing 0 partial-flushes (flushing a total of 0 entities and 0 collections)
}
&amp#27;[2m2025-05-11T11:17:46.486-03:00&amp#27;[0;39m &amp#27;[32mDEBUG&amp#27;[0;39m &amp#27;[35m16907&amp#27;[0;39m &amp#27;[2m---&amp#27;[0;39m &amp#27;[2m[           main]&amp#27;[0;39m &amp#27;[2m&amp#27;[0;39m&amp#27;[36morg.hibernate.SQL                       &amp#27;[0;39m &amp#27;[2m:&amp#27;[0;39m 
    /* <criteria> */ select
        d1_0.id,
        d1_0.actualizado_en,
        d1_0.codigo_penal,
        d1_0.creado_en,
        d1_0.descripcion,
        d1_0.nombre,
        d1_0.pena_maxima,
        d1_0.pena_minima,
        d1_0.tipo_pena,
        d1_0.valoracion 
    from
        delito d1_0 
    where
        upper(d1_0.nombre) like upper(?) escape '\'
Hibernate: 
    /* <criteria> */ select
        d1_0.id,
        d1_0.actualizado_en,
        d1_0.codigo_penal,
        d1_0.creado_en,
        d1_0.descripcion,
        d1_0.nombre,
        d1_0.pena_maxima,
        d1_0.pena_minima,
        d1_0.tipo_pena,
        d1_0.valoracion 
    from
        delito d1_0 
    where
        upper(d1_0.nombre) like upper(?) escape '\'
&amp#27;[2m2025-05-11T11:17:46.488-03:00&amp#27;[0;39m &amp#27;[32m INFO&amp#27;[0;39m &amp#27;[35m16907&amp#27;[0;39m &amp#27;[2m---&amp#27;[0;39m &amp#27;[2m[           main]&amp#27;[0;39m &amp#27;[2m&amp#27;[0;39m&amp#27;[36mi.StatisticalLoggingSessionEventListener&amp#27;[0;39m &amp#27;[2m:&amp#27;[0;39m Session Metrics {
    8750 nanoseconds spent acquiring 1 JDBC connections;
    0 nanoseconds spent releasing 0 JDBC connections;
    26959 nanoseconds spent preparing 1 JDBC statements;
    997125 nanoseconds spent executing 1 JDBC statements;
    0 nanoseconds spent executing 0 JDBC batches;
    0 nanoseconds spent performing 0 L2C puts;
    0 nanoseconds spent performing 0 L2C hits;
    0 nanoseconds spent performing 0 L2C misses;
    0 nanoseconds spent executing 0 flushes (flushing a total of 0 entities and 0 collections);
    0 nanoseconds spent executing 0 partial-flushes (flushing a total of 0 entities and 0 collections)
}
&amp#27;[2m2025-05-11T11:17:46.488-03:00&amp#27;[0;39m &amp#27;[32mDEBUG&amp#27;[0;39m &amp#27;[35m16907&amp#27;[0;39m &amp#27;[2m---&amp#27;[0;39m &amp#27;[2m[           main]&amp#27;[0;39m &amp#27;[2m&amp#27;[0;39m&amp#27;[36morg.hibernate.SQL                       &amp#27;[0;39m &amp#27;[2m:&amp#27;[0;39m 
    /* <criteria> */ select
        d1_0.id,
        d1_0.actualizado_en,
        d1_0.codigo_penal,
        d1_0.creado_en,
        d1_0.descripcion,
        d1_0.nombre,
        d1_0.pena_maxima,
        d1_0.pena_minima,
        d1_0.tipo_pena,
        d1_0.valoracion 
    from
        delito d1_0 
    where
        upper(d1_0.nombre) like upper(?) escape '\'
Hibernate: 
    /* <criteria> */ select
        d1_0.id,
        d1_0.actualizado_en,
        d1_0.codigo_penal,
        d1_0.creado_en,
        d1_0.descripcion,
        d1_0.nombre,
        d1_0.pena_maxima,
        d1_0.pena_minima,
        d1_0.tipo_pena,
        d1_0.valoracion 
    from
        delito d1_0 
    where
        upper(d1_0.nombre) like upper(?) escape '\'
&amp#27;[2m2025-05-11T11:17:46.489-03:00&amp#27;[0;39m &amp#27;[32m INFO&amp#27;[0;39m &amp#27;[35m16907&amp#27;[0;39m &amp#27;[2m---&amp#27;[0;39m &amp#27;[2m[           main]&amp#27;[0;39m &amp#27;[2m&amp#27;[0;39m&amp#27;[36mi.StatisticalLoggingSessionEventListener&amp#27;[0;39m &amp#27;[2m:&amp#27;[0;39m Session Metrics {
    8666 nanoseconds spent acquiring 1 JDBC connections;
    0 nanoseconds spent releasing 0 JDBC connections;
    25750 nanoseconds spent preparing 1 JDBC statements;
    929500 nanoseconds spent executing 1 JDBC statements;
    0 nanoseconds spent executing 0 JDBC batches;
    0 nanoseconds spent performing 0 L2C puts;
    0 nanoseconds spent performing 0 L2C hits;
    0 nanoseconds spent performing 0 L2C misses;
    0 nanoseconds spent executing 0 flushes (flushing a total of 0 entities and 0 collections);
    0 nanoseconds spent executing 0 partial-flushes (flushing a total of 0 entities and 0 collections)
}
&amp#27;[2m2025-05-11T11:17:46.490-03:00&amp#27;[0;39m &amp#27;[32mDEBUG&amp#27;[0;39m &amp#27;[35m16907&amp#27;[0;39m &amp#27;[2m---&amp#27;[0;39m &amp#27;[2m[           main]&amp#27;[0;39m &amp#27;[2m&amp#27;[0;39m&amp#27;[36morg.hibernate.SQL                       &amp#27;[0;39m &amp#27;[2m:&amp#27;[0;39m 
    /* <criteria> */ select
        d1_0.id,
        d1_0.actualizado_en,
        d1_0.codigo_penal,
        d1_0.creado_en,
        d1_0.descripcion,
        d1_0.nombre,
        d1_0.pena_maxima,
        d1_0.pena_minima,
        d1_0.tipo_pena,
        d1_0.valoracion 
    from
        delito d1_0 
    where
        upper(d1_0.nombre) like upper(?) escape '\'
Hibernate: 
    /* <criteria> */ select
        d1_0.id,
        d1_0.actualizado_en,
        d1_0.codigo_penal,
        d1_0.creado_en,
        d1_0.descripcion,
        d1_0.nombre,
        d1_0.pena_maxima,
        d1_0.pena_minima,
        d1_0.tipo_pena,
        d1_0.valoracion 
    from
        delito d1_0 
    where
        upper(d1_0.nombre) like upper(?) escape '\'
&amp#27;[2m2025-05-11T11:17:46.491-03:00&amp#27;[0;39m &amp#27;[32m INFO&amp#27;[0;39m &amp#27;[35m16907&amp#27;[0;39m &amp#27;[2m---&amp#27;[0;39m &amp#27;[2m[           main]&amp#27;[0;39m &amp#27;[2m&amp#27;[0;39m&amp#27;[36mi.StatisticalLoggingSessionEventListener&amp#27;[0;39m &amp#27;[2m:&amp#27;[0;39m Session Metrics {
    8417 nanoseconds spent acquiring 1 JDBC connections;
    0 nanoseconds spent releasing 0 JDBC connections;
    25375 nanoseconds spent preparing 1 JDBC statements;
    976416 nanoseconds spent executing 1 JDBC statements;
    0 nanoseconds spent executing 0 JDBC batches;
    0 nanoseconds spent performing 0 L2C puts;
    0 nanoseconds spent performing 0 L2C hits;
    0 nanoseconds spent performing 0 L2C misses;
    0 nanoseconds spent executing 0 flushes (flushing a total of 0 entities and 0 collections);
    0 nanoseconds spent executing 0 partial-flushes (flushing a total of 0 entities and 0 collections)
}
&amp#27;[2m2025-05-11T11:17:46.492-03:00&amp#27;[0;39m &amp#27;[32mDEBUG&amp#27;[0;39m &amp#27;[35m16907&amp#27;[0;39m &amp#27;[2m---&amp#27;[0;39m &amp#27;[2m[           main]&amp#27;[0;39m &amp#27;[2m&amp#27;[0;39m&amp#27;[36morg.hibernate.SQL                       &amp#27;[0;39m &amp#27;[2m:&amp#27;[0;39m 
    /* <criteria> */ select
        d1_0.id,
        d1_0.actualizado_en,
        d1_0.codigo_penal,
        d1_0.creado_en,
        d1_0.descripcion,
        d1_0.nombre,
        d1_0.pena_maxima,
        d1_0.pena_minima,
        d1_0.tipo_pena,
        d1_0.valoracion 
    from
        delito d1_0 
    where
        upper(d1_0.nombre) like upper(?) escape '\'
Hibernate: 
    /* <criteria> */ select
        d1_0.id,
        d1_0.actualizado_en,
        d1_0.codigo_penal,
        d1_0.creado_en,
        d1_0.descripcion,
        d1_0.nombre,
        d1_0.pena_maxima,
        d1_0.pena_minima,
        d1_0.tipo_pena,
        d1_0.valoracion 
    from
        delito d1_0 
    where
        upper(d1_0.nombre) like upper(?) escape '\'
&amp#27;[2m2025-05-11T11:17:46.494-03:00&amp#27;[0;39m &amp#27;[32m INFO&amp#27;[0;39m &amp#27;[35m16907&amp#27;[0;39m &amp#27;[2m---&amp#27;[0;39m &amp#27;[2m[           main]&amp#27;[0;39m &amp#27;[2m&amp#27;[0;39m&amp#27;[36mi.StatisticalLoggingSessionEventListener&amp#27;[0;39m &amp#27;[2m:&amp#27;[0;39m Session Metrics {
    10708 nanoseconds spent acquiring 1 JDBC connections;
    0 nanoseconds spent releasing 0 JDBC connections;
    31250 nanoseconds spent preparing 1 JDBC statements;
    1028583 nanoseconds spent executing 1 JDBC statements;
    0 nanoseconds spent executing 0 JDBC batches;
    0 nanoseconds spent performing 0 L2C puts;
    0 nanoseconds spent performing 0 L2C hits;
    0 nanoseconds spent performing 0 L2C misses;
    0 nanoseconds spent executing 0 flushes (flushing a total of 0 entities and 0 collections);
    0 nanoseconds spent executing 0 partial-flushes (flushing a total of 0 entities and 0 collections)
}
&amp#27;[2m2025-05-11T11:17:46.494-03:00&amp#27;[0;39m &amp#27;[32mDEBUG&amp#27;[0;39m &amp#27;[35m16907&amp#27;[0;39m &amp#27;[2m---&amp#27;[0;39m &amp#27;[2m[           main]&amp#27;[0;39m &amp#27;[2m&amp#27;[0;39m&amp#27;[36morg.hibernate.SQL                       &amp#27;[0;39m &amp#27;[2m:&amp#27;[0;39m 
    /* <criteria> */ select
        d1_0.id,
        d1_0.actualizado_en,
        d1_0.codigo_penal,
        d1_0.creado_en,
        d1_0.descripcion,
        d1_0.nombre,
        d1_0.pena_maxima,
        d1_0.pena_minima,
        d1_0.tipo_pena,
        d1_0.valoracion 
    from
        delito d1_0 
    where
        upper(d1_0.nombre) like upper(?) escape '\'
Hibernate: 
    /* <criteria> */ select
        d1_0.id,
        d1_0.actualizado_en,
        d1_0.codigo_penal,
        d1_0.creado_en,
        d1_0.descripcion,
        d1_0.nombre,
        d1_0.pena_maxima,
        d1_0.pena_minima,
        d1_0.tipo_pena,
        d1_0.valoracion 
    from
        delito d1_0 
    where
        upper(d1_0.nombre) like upper(?) escape '\'
&amp#27;[2m2025-05-11T11:17:46.496-03:00&amp#27;[0;39m &amp#27;[32m INFO&amp#27;[0;39m &amp#27;[35m16907&amp#27;[0;39m &amp#27;[2m---&amp#27;[0;39m &amp#27;[2m[           main]&amp#27;[0;39m &amp#27;[2m&amp#27;[0;39m&amp#27;[36mi.StatisticalLoggingSessionEventListener&amp#27;[0;39m &amp#27;[2m:&amp#27;[0;39m Session Metrics {
    10417 nanoseconds spent acquiring 1 JDBC connections;
    0 nanoseconds spent releasing 0 JDBC connections;
    29458 nanoseconds spent preparing 1 JDBC statements;
    956250 nanoseconds spent executing 1 JDBC statements;
    0 nanoseconds spent executing 0 JDBC batches;
    0 nanoseconds spent performing 0 L2C puts;
    0 nanoseconds spent performing 0 L2C hits;
    0 nanoseconds spent performing 0 L2C misses;
    0 nanoseconds spent executing 0 flushes (flushing a total of 0 entities and 0 collections);
    0 nanoseconds spent executing 0 partial-flushes (flushing a total of 0 entities and 0 collections)
}
&amp#27;[2m2025-05-11T11:17:46.496-03:00&amp#27;[0;39m &amp#27;[32mDEBUG&amp#27;[0;39m &amp#27;[35m16907&amp#27;[0;39m &amp#27;[2m---&amp#27;[0;39m &amp#27;[2m[           main]&amp#27;[0;39m &amp#27;[2m&amp#27;[0;39m&amp#27;[36morg.hibernate.SQL                       &amp#27;[0;39m &amp#27;[2m:&amp#27;[0;39m 
    /* <criteria> */ select
        d1_0.id,
        d1_0.actualizado_en,
        d1_0.codigo_penal,
        d1_0.creado_en,
        d1_0.descripcion,
        d1_0.nombre,
        d1_0.pena_maxima,
        d1_0.pena_minima,
        d1_0.tipo_pena,
        d1_0.valoracion 
    from
        delito d1_0 
    where
        upper(d1_0.nombre) like upper(?) escape '\'
Hibernate: 
    /* <criteria> */ select
        d1_0.id,
        d1_0.actualizado_en,
        d1_0.codigo_penal,
        d1_0.creado_en,
        d1_0.descripcion,
        d1_0.nombre,
        d1_0.pena_maxima,
        d1_0.pena_minima,
        d1_0.tipo_pena,
        d1_0.valoracion 
    from
        delito d1_0 
    where
        upper(d1_0.nombre) like upper(?) escape '\'
&amp#27;[2m2025-05-11T11:17:46.498-03:00&amp#27;[0;39m &amp#27;[32m INFO&amp#27;[0;39m &amp#27;[35m16907&amp#27;[0;39m &amp#27;[2m---&amp#27;[0;39m &amp#27;[2m[           main]&amp#27;[0;39m &amp#27;[2m&amp#27;[0;39m&amp#27;[36mi.StatisticalLoggingSessionEventListener&amp#27;[0;39m &amp#27;[2m:&amp#27;[0;39m Session Metrics {
    8583 nanoseconds spent acquiring 1 JDBC connections;
    0 nanoseconds spent releasing 0 JDBC connections;
    26833 nanoseconds spent preparing 1 JDBC statements;
    1017541 nanoseconds spent executing 1 JDBC statements;
    0 nanoseconds spent executing 0 JDBC batches;
    0 nanoseconds spent performing 0 L2C puts;
    0 nanoseconds spent performing 0 L2C hits;
    0 nanoseconds spent performing 0 L2C misses;
    0 nanoseconds spent executing 0 flushes (flushing a total of 0 entities and 0 collections);
    0 nanoseconds spent executing 0 partial-flushes (flushing a total of 0 entities and 0 collections)
}
&amp#27;[2m2025-05-11T11:17:46.498-03:00&amp#27;[0;39m &amp#27;[32mDEBUG&amp#27;[0;39m &amp#27;[35m16907&amp#27;[0;39m &amp#27;[2m---&amp#27;[0;39m &amp#27;[2m[           main]&amp#27;[0;39m &amp#27;[2m&amp#27;[0;39m&amp#27;[36morg.hibernate.SQL                       &amp#27;[0;39m &amp#27;[2m:&amp#27;[0;39m 
    /* <criteria> */ select
        d1_0.id,
        d1_0.actualizado_en,
        d1_0.codigo_penal,
        d1_0.creado_en,
        d1_0.descripcion,
        d1_0.nombre,
        d1_0.pena_maxima,
        d1_0.pena_minima,
        d1_0.tipo_pena,
        d1_0.valoracion 
    from
        delito d1_0 
    where
        upper(d1_0.nombre) like upper(?) escape '\'
Hibernate: 
    /* <criteria> */ select
        d1_0.id,
        d1_0.actualizado_en,
        d1_0.codigo_penal,
        d1_0.creado_en,
        d1_0.descripcion,
        d1_0.nombre,
        d1_0.pena_maxima,
        d1_0.pena_minima,
        d1_0.tipo_pena,
        d1_0.valoracion 
    from
        delito d1_0 
    where
        upper(d1_0.nombre) like upper(?) escape '\'
&amp#27;[2m2025-05-11T11:17:46.500-03:00&amp#27;[0;39m &amp#27;[32m INFO&amp#27;[0;39m &amp#27;[35m16907&amp#27;[0;39m &amp#27;[2m---&amp#27;[0;39m &amp#27;[2m[           main]&amp#27;[0;39m &amp#27;[2m&amp#27;[0;39m&amp#27;[36mi.StatisticalLoggingSessionEventListener&amp#27;[0;39m &amp#27;[2m:&amp#27;[0;39m Session Metrics {
    12584 nanoseconds spent acquiring 1 JDBC connections;
    0 nanoseconds spent releasing 0 JDBC connections;
    35625 nanoseconds spent preparing 1 JDBC statements;
    993542 nanoseconds spent executing 1 JDBC statements;
    0 nanoseconds spent executing 0 JDBC batches;
    0 nanoseconds spent performing 0 L2C puts;
    0 nanoseconds spent performing 0 L2C hits;
    0 nanoseconds spent performing 0 L2C misses;
    0 nanoseconds spent executing 0 flushes (flushing a total of 0 entities and 0 collections);
    0 nanoseconds spent executing 0 partial-flushes (flushing a total of 0 entities and 0 collections)
}
&amp#27;[2m2025-05-11T11:17:46.500-03:00&amp#27;[0;39m &amp#27;[32mDEBUG&amp#27;[0;39m &amp#27;[35m16907&amp#27;[0;39m &amp#27;[2m---&amp#27;[0;39m &amp#27;[2m[           main]&amp#27;[0;39m &amp#27;[2m&amp#27;[0;39m&amp#27;[36morg.hibernate.SQL                       &amp#27;[0;39m &amp#27;[2m:&amp#27;[0;39m 
    /* <criteria> */ select
        d1_0.id,
        d1_0.actualizado_en,
        d1_0.codigo_penal,
        d1_0.creado_en,
        d1_0.descripcion,
        d1_0.nombre,
        d1_0.pena_maxima,
        d1_0.pena_minima,
        d1_0.tipo_pena,
        d1_0.valoracion 
    from
        delito d1_0 
    where
        upper(d1_0.nombre) like upper(?) escape '\'
Hibernate: 
    /* <criteria> */ select
        d1_0.id,
        d1_0.actualizado_en,
        d1_0.codigo_penal,
        d1_0.creado_en,
        d1_0.descripcion,
        d1_0.nombre,
        d1_0.pena_maxima,
        d1_0.pena_minima,
        d1_0.tipo_pena,
        d1_0.valoracion 
    from
        delito d1_0 
    where
        upper(d1_0.nombre) like upper(?) escape '\'
&amp#27;[2m2025-05-11T11:17:46.502-03:00&amp#27;[0;39m &amp#27;[32m INFO&amp#27;[0;39m &amp#27;[35m16907&amp#27;[0;39m &amp#27;[2m---&amp#27;[0;39m &amp#27;[2m[           main]&amp#27;[0;39m &amp#27;[2m&amp#27;[0;39m&amp#27;[36mi.StatisticalLoggingSessionEventListener&amp#27;[0;39m &amp#27;[2m:&amp#27;[0;39m Session Metrics {
    12541 nanoseconds spent acquiring 1 JDBC connections;
    0 nanoseconds spent releasing 0 JDBC connections;
    29834 nanoseconds spent preparing 1 JDBC statements;
    983208 nanoseconds spent executing 1 JDBC statements;
    0 nanoseconds spent executing 0 JDBC batches;
    0 nanoseconds spent performing 0 L2C puts;
    0 nanoseconds spent performing 0 L2C hits;
    0 nanoseconds spent performing 0 L2C misses;
    0 nanoseconds spent executing 0 flushes (flushing a total of 0 entities and 0 collections);
    0 nanoseconds spent executing 0 partial-flushes (flushing a total of 0 entities and 0 collections)
}
&amp#27;[2m2025-05-11T11:17:46.503-03:00&amp#27;[0;39m &amp#27;[32mDEBUG&amp#27;[0;39m &amp#27;[35m16907&amp#27;[0;39m &amp#27;[2m---&amp#27;[0;39m &amp#27;[2m[           main]&amp#27;[0;39m &amp#27;[2m&amp#27;[0;39m&amp#27;[36morg.hibernate.SQL                       &amp#27;[0;39m &amp#27;[2m:&amp#27;[0;39m 
    /* <criteria> */ select
        d1_0.id,
        d1_0.actualizado_en,
        d1_0.codigo_penal,
        d1_0.creado_en,
        d1_0.descripcion,
        d1_0.nombre,
        d1_0.pena_maxima,
        d1_0.pena_minima,
        d1_0.tipo_pena,
        d1_0.valoracion 
    from
        delito d1_0 
    where
        upper(d1_0.nombre) like upper(?) escape '\'
Hibernate: 
    /* <criteria> */ select
        d1_0.id,
        d1_0.actualizado_en,
        d1_0.codigo_penal,
        d1_0.creado_en,
        d1_0.descripcion,
        d1_0.nombre,
        d1_0.pena_maxima,
        d1_0.pena_minima,
        d1_0.tipo_pena,
        d1_0.valoracion 
    from
        delito d1_0 
    where
        upper(d1_0.nombre) like upper(?) escape '\'
&amp#27;[2m2025-05-11T11:17:46.504-03:00&amp#27;[0;39m &amp#27;[32m INFO&amp#27;[0;39m &amp#27;[35m16907&amp#27;[0;39m &amp#27;[2m---&amp#27;[0;39m &amp#27;[2m[           main]&amp#27;[0;39m &amp#27;[2m&amp#27;[0;39m&amp#27;[36mi.StatisticalLoggingSessionEventListener&amp#27;[0;39m &amp#27;[2m:&amp#27;[0;39m Session Metrics {
    12375 nanoseconds spent acquiring 1 JDBC connections;
    0 nanoseconds spent releasing 0 JDBC connections;
    32000 nanoseconds spent preparing 1 JDBC statements;
    1065166 nanoseconds spent executing 1 JDBC statements;
    0 nanoseconds spent executing 0 JDBC batches;
    0 nanoseconds spent performing 0 L2C puts;
    0 nanoseconds spent performing 0 L2C hits;
    0 nanoseconds spent performing 0 L2C misses;
    0 nanoseconds spent executing 0 flushes (flushing a total of 0 entities and 0 collections);
    0 nanoseconds spent executing 0 partial-flushes (flushing a total of 0 entities and 0 collections)
}
&amp#27;[2m2025-05-11T11:17:46.505-03:00&amp#27;[0;39m &amp#27;[32mDEBUG&amp#27;[0;39m &amp#27;[35m16907&amp#27;[0;39m &amp#27;[2m---&amp#27;[0;39m &amp#27;[2m[           main]&amp#27;[0;39m &amp#27;[2m&amp#27;[0;39m&amp#27;[36morg.hibernate.SQL                       &amp#27;[0;39m &amp#27;[2m:&amp#27;[0;39m 
    /* <criteria> */ select
        d1_0.id,
        d1_0.actualizado_en,
        d1_0.codigo_penal,
        d1_0.creado_en,
        d1_0.descripcion,
        d1_0.nombre,
        d1_0.pena_maxima,
        d1_0.pena_minima,
        d1_0.tipo_pena,
        d1_0.valoracion 
    from
        delito d1_0 
    where
        upper(d1_0.nombre) like upper(?) escape '\'
Hibernate: 
    /* <criteria> */ select
        d1_0.id,
        d1_0.actualizado_en,
        d1_0.codigo_penal,
        d1_0.creado_en,
        d1_0.descripcion,
        d1_0.nombre,
        d1_0.pena_maxima,
        d1_0.pena_minima,
        d1_0.tipo_pena,
        d1_0.valoracion 
    from
        delito d1_0 
    where
        upper(d1_0.nombre) like upper(?) escape '\'
&amp#27;[2m2025-05-11T11:17:46.506-03:00&amp#27;[0;39m &amp#27;[32m INFO&amp#27;[0;39m &amp#27;[35m16907&amp#27;[0;39m &amp#27;[2m---&amp#27;[0;39m &amp#27;[2m[           main]&amp#27;[0;39m &amp#27;[2m&amp#27;[0;39m&amp#27;[36mi.StatisticalLoggingSessionEventListener&amp#27;[0;39m &amp#27;[2m:&amp#27;[0;39m Session Metrics {
    11833 nanoseconds spent acquiring 1 JDBC connections;
    0 nanoseconds spent releasing 0 JDBC connections;
    32208 nanoseconds spent preparing 1 JDBC statements;
    1022042 nanoseconds spent executing 1 JDBC statements;
    0 nanoseconds spent executing 0 JDBC batches;
    0 nanoseconds spent performing 0 L2C puts;
    0 nanoseconds spent performing 0 L2C hits;
    0 nanoseconds spent performing 0 L2C misses;
    0 nanoseconds spent executing 0 flushes (flushing a total of 0 entities and 0 collections);
    0 nanoseconds spent executing 0 partial-flushes (flushing a total of 0 entities and 0 collections)
}
&amp#27;[2m2025-05-11T11:17:46.507-03:00&amp#27;[0;39m &amp#27;[32mDEBUG&amp#27;[0;39m &amp#27;[35m16907&amp#27;[0;39m &amp#27;[2m---&amp#27;[0;39m &amp#27;[2m[           main]&amp#27;[0;39m &amp#27;[2m&amp#27;[0;39m&amp#27;[36morg.hibernate.SQL                       &amp#27;[0;39m &amp#27;[2m:&amp#27;[0;39m 
    /* <criteria> */ select
        d1_0.id,
        d1_0.actualizado_en,
        d1_0.codigo_penal,
        d1_0.creado_en,
        d1_0.descripcion,
        d1_0.nombre,
        d1_0.pena_maxima,
        d1_0.pena_minima,
        d1_0.tipo_pena,
        d1_0.valoracion 
    from
        delito d1_0 
    where
        upper(d1_0.nombre) like upper(?) escape '\'
Hibernate: 
    /* <criteria> */ select
        d1_0.id,
        d1_0.actualizado_en,
        d1_0.codigo_penal,
        d1_0.creado_en,
        d1_0.descripcion,
        d1_0.nombre,
        d1_0.pena_maxima,
        d1_0.pena_minima,
        d1_0.tipo_pena,
        d1_0.valoracion 
    from
        delito d1_0 
    where
        upper(d1_0.nombre) like upper(?) escape '\'
&amp#27;[2m2025-05-11T11:17:46.508-03:00&amp#27;[0;39m &amp#27;[32m INFO&amp#27;[0;39m &amp#27;[35m16907&amp#27;[0;39m &amp#27;[2m---&amp#27;[0;39m &amp#27;[2m[           main]&amp#27;[0;39m &amp#27;[2m&amp#27;[0;39m&amp#27;[36mi.StatisticalLoggingSessionEventListener&amp#27;[0;39m &amp#27;[2m:&amp#27;[0;39m Session Metrics {
    10959 nanoseconds spent acquiring 1 JDBC connections;
    0 nanoseconds spent releasing 0 JDBC connections;
    30667 nanoseconds spent preparing 1 JDBC statements;
    819209 nanoseconds spent executing 1 JDBC statements;
    0 nanoseconds spent executing 0 JDBC batches;
    0 nanoseconds spent performing 0 L2C puts;
    0 nanoseconds spent performing 0 L2C hits;
    0 nanoseconds spent performing 0 L2C misses;
    0 nanoseconds spent executing 0 flushes (flushing a total of 0 entities and 0 collections);
    0 nanoseconds spent executing 0 partial-flushes (flushing a total of 0 entities and 0 collections)
}
&amp#27;[2m2025-05-11T11:17:46.508-03:00&amp#27;[0;39m &amp#27;[32mDEBUG&amp#27;[0;39m &amp#27;[35m16907&amp#27;[0;39m &amp#27;[2m---&amp#27;[0;39m &amp#27;[2m[           main]&amp#27;[0;39m &amp#27;[2m&amp#27;[0;39m&amp#27;[36morg.hibernate.SQL                       &amp#27;[0;39m &amp#27;[2m:&amp#27;[0;39m 
    /* <criteria> */ select
        d1_0.id,
        d1_0.actualizado_en,
        d1_0.codigo_penal,
        d1_0.creado_en,
        d1_0.descripcion,
        d1_0.nombre,
        d1_0.pena_maxima,
        d1_0.pena_minima,
        d1_0.tipo_pena,
        d1_0.valoracion 
    from
        delito d1_0 
    where
        upper(d1_0.nombre) like upper(?) escape '\'
Hibernate: 
    /* <criteria> */ select
        d1_0.id,
        d1_0.actualizado_en,
        d1_0.codigo_penal,
        d1_0.creado_en,
        d1_0.descripcion,
        d1_0.nombre,
        d1_0.pena_maxima,
        d1_0.pena_minima,
        d1_0.tipo_pena,
        d1_0.valoracion 
    from
        delito d1_0 
    where
        upper(d1_0.nombre) like upper(?) escape '\'
&amp#27;[2m2025-05-11T11:17:46.510-03:00&amp#27;[0;39m &amp#27;[32m INFO&amp#27;[0;39m &amp#27;[35m16907&amp#27;[0;39m &amp#27;[2m---&amp#27;[0;39m &amp#27;[2m[           main]&amp#27;[0;39m &amp#27;[2m&amp#27;[0;39m&amp#27;[36mi.StatisticalLoggingSessionEventListener&amp#27;[0;39m &amp#27;[2m:&amp#27;[0;39m Session Metrics {
    14041 nanoseconds spent acquiring 1 JDBC connections;
    0 nanoseconds spent releasing 0 JDBC connections;
    32209 nanoseconds spent preparing 1 JDBC statements;
    945083 nanoseconds spent executing 1 JDBC statements;
    0 nanoseconds spent executing 0 JDBC batches;
    0 nanoseconds spent performing 0 L2C puts;
    0 nanoseconds spent performing 0 L2C hits;
    0 nanoseconds spent performing 0 L2C misses;
    0 nanoseconds spent executing 0 flushes (flushing a total of 0 entities and 0 collections);
    0 nanoseconds spent executing 0 partial-flushes (flushing a total of 0 entities and 0 collections)
}
&amp#27;[2m2025-05-11T11:17:46.510-03:00&amp#27;[0;39m &amp#27;[32mDEBUG&amp#27;[0;39m &amp#27;[35m16907&amp#27;[0;39m &amp#27;[2m---&amp#27;[0;39m &amp#27;[2m[           main]&amp#27;[0;39m &amp#27;[2m&amp#27;[0;39m&amp#27;[36morg.hibernate.SQL                       &amp#27;[0;39m &amp#27;[2m:&amp#27;[0;39m 
    /* <criteria> */ select
        d1_0.id,
        d1_0.actualizado_en,
        d1_0.codigo_penal,
        d1_0.creado_en,
        d1_0.descripcion,
        d1_0.nombre,
        d1_0.pena_maxima,
        d1_0.pena_minima,
        d1_0.tipo_pena,
        d1_0.valoracion 
    from
        delito d1_0 
    where
        upper(d1_0.nombre) like upper(?) escape '\'
Hibernate: 
    /* <criteria> */ select
        d1_0.id,
        d1_0.actualizado_en,
        d1_0.codigo_penal,
        d1_0.creado_en,
        d1_0.descripcion,
        d1_0.nombre,
        d1_0.pena_maxima,
        d1_0.pena_minima,
        d1_0.tipo_pena,
        d1_0.valoracion 
    from
        delito d1_0 
    where
        upper(d1_0.nombre) like upper(?) escape '\'
&amp#27;[2m2025-05-11T11:17:46.512-03:00&amp#27;[0;39m &amp#27;[32m INFO&amp#27;[0;39m &amp#27;[35m16907&amp#27;[0;39m &amp#27;[2m---&amp#27;[0;39m &amp#27;[2m[           main]&amp#27;[0;39m &amp#27;[2m&amp#27;[0;39m&amp#27;[36mi.StatisticalLoggingSessionEventListener&amp#27;[0;39m &amp#27;[2m:&amp#27;[0;39m Session Metrics {
    11250 nanoseconds spent acquiring 1 JDBC connections;
    0 nanoseconds spent releasing 0 JDBC connections;
    31833 nanoseconds spent preparing 1 JDBC statements;
    1027166 nanoseconds spent executing 1 JDBC statements;
    0 nanoseconds spent executing 0 JDBC batches;
    0 nanoseconds spent performing 0 L2C puts;
    0 nanoseconds spent performing 0 L2C hits;
    0 nanoseconds spent performing 0 L2C misses;
    0 nanoseconds spent executing 0 flushes (flushing a total of 0 entities and 0 collections);
    0 nanoseconds spent executing 0 partial-flushes (flushing a total of 0 entities and 0 collections)
}
&amp#27;[2m2025-05-11T11:17:46.512-03:00&amp#27;[0;39m &amp#27;[32mDEBUG&amp#27;[0;39m &amp#27;[35m16907&amp#27;[0;39m &amp#27;[2m---&amp#27;[0;39m &amp#27;[2m[           main]&amp#27;[0;39m &amp#27;[2m&amp#27;[0;39m&amp#27;[36morg.hibernate.SQL                       &amp#27;[0;39m &amp#27;[2m:&amp#27;[0;39m 
    /* <criteria> */ select
        d1_0.id,
        d1_0.actualizado_en,
        d1_0.codigo_penal,
        d1_0.creado_en,
        d1_0.descripcion,
        d1_0.nombre,
        d1_0.pena_maxima,
        d1_0.pena_minima,
        d1_0.tipo_pena,
        d1_0.valoracion 
    from
        delito d1_0 
    where
        upper(d1_0.nombre) like upper(?) escape '\'
Hibernate: 
    /* <criteria> */ select
        d1_0.id,
        d1_0.actualizado_en,
        d1_0.codigo_penal,
        d1_0.creado_en,
        d1_0.descripcion,
        d1_0.nombre,
        d1_0.pena_maxima,
        d1_0.pena_minima,
        d1_0.tipo_pena,
        d1_0.valoracion 
    from
        delito d1_0 
    where
        upper(d1_0.nombre) like upper(?) escape '\'
&amp#27;[2m2025-05-11T11:17:46.514-03:00&amp#27;[0;39m &amp#27;[32m INFO&amp#27;[0;39m &amp#27;[35m16907&amp#27;[0;39m &amp#27;[2m---&amp#27;[0;39m &amp#27;[2m[           main]&amp#27;[0;39m &amp#27;[2m&amp#27;[0;39m&amp#27;[36mi.StatisticalLoggingSessionEventListener&amp#27;[0;39m &amp#27;[2m:&amp#27;[0;39m Session Metrics {
    10083 nanoseconds spent acquiring 1 JDBC connections;
    0 nanoseconds spent releasing 0 JDBC connections;
    30834 nanoseconds spent preparing 1 JDBC statements;
    902750 nanoseconds spent executing 1 JDBC statements;
    0 nanoseconds spent executing 0 JDBC batches;
    0 nanoseconds spent performing 0 L2C puts;
    0 nanoseconds spent performing 0 L2C hits;
    0 nanoseconds spent performing 0 L2C misses;
    0 nanoseconds spent executing 0 flushes (flushing a total of 0 entities and 0 collections);
    0 nanoseconds spent executing 0 partial-flushes (flushing a total of 0 entities and 0 collections)
}
&amp#27;[2m2025-05-11T11:17:46.515-03:00&amp#27;[0;39m &amp#27;[32mDEBUG&amp#27;[0;39m &amp#27;[35m16907&amp#27;[0;39m &amp#27;[2m---&amp#27;[0;39m &amp#27;[2m[           main]&amp#27;[0;39m &amp#27;[2m&amp#27;[0;39m&amp#27;[36morg.hibernate.SQL                       &amp#27;[0;39m &amp#27;[2m:&amp#27;[0;39m 
    /* <criteria> */ select
        d1_0.id,
        d1_0.actualizado_en,
        d1_0.codigo_penal,
        d1_0.creado_en,
        d1_0.descripcion,
        d1_0.nombre,
        d1_0.pena_maxima,
        d1_0.pena_minima,
        d1_0.tipo_pena,
        d1_0.valoracion 
    from
        delito d1_0 
    where
        upper(d1_0.nombre) like upper(?) escape '\'
Hibernate: 
    /* <criteria> */ select
        d1_0.id,
        d1_0.actualizado_en,
        d1_0.codigo_penal,
        d1_0.creado_en,
        d1_0.descripcion,
        d1_0.nombre,
        d1_0.pena_maxima,
        d1_0.pena_minima,
        d1_0.tipo_pena,
        d1_0.valoracion 
    from
        delito d1_0 
    where
        upper(d1_0.nombre) like upper(?) escape '\'
&amp#27;[2m2025-05-11T11:17:46.516-03:00&amp#27;[0;39m &amp#27;[32m INFO&amp#27;[0;39m &amp#27;[35m16907&amp#27;[0;39m &amp#27;[2m---&amp#27;[0;39m &amp#27;[2m[           main]&amp#27;[0;39m &amp#27;[2m&amp#27;[0;39m&amp#27;[36mi.StatisticalLoggingSessionEventListener&amp#27;[0;39m &amp#27;[2m:&amp#27;[0;39m Session Metrics {
    9458 nanoseconds spent acquiring 1 JDBC connections;
    0 nanoseconds spent releasing 0 JDBC connections;
    33458 nanoseconds spent preparing 1 JDBC statements;
    1014333 nanoseconds spent executing 1 JDBC statements;
    0 nanoseconds spent executing 0 JDBC batches;
    0 nanoseconds spent performing 0 L2C puts;
    0 nanoseconds spent performing 0 L2C hits;
    0 nanoseconds spent performing 0 L2C misses;
    0 nanoseconds spent executing 0 flushes (flushing a total of 0 entities and 0 collections);
    0 nanoseconds spent executing 0 partial-flushes (flushing a total of 0 entities and 0 collections)
}
&amp#27;[2m2025-05-11T11:17:46.517-03:00&amp#27;[0;39m &amp#27;[32mDEBUG&amp#27;[0;39m &amp#27;[35m16907&amp#27;[0;39m &amp#27;[2m---&amp#27;[0;39m &amp#27;[2m[           main]&amp#27;[0;39m &amp#27;[2m&amp#27;[0;39m&amp#27;[36morg.hibernate.SQL                       &amp#27;[0;39m &amp#27;[2m:&amp#27;[0;39m 
    /* <criteria> */ select
        d1_0.id,
        d1_0.actualizado_en,
        d1_0.codigo_penal,
        d1_0.creado_en,
        d1_0.descripcion,
        d1_0.nombre,
        d1_0.pena_maxima,
        d1_0.pena_minima,
        d1_0.tipo_pena,
        d1_0.valoracion 
    from
        delito d1_0 
    where
        upper(d1_0.nombre) like upper(?) escape '\'
Hibernate: 
    /* <criteria> */ select
        d1_0.id,
        d1_0.actualizado_en,
        d1_0.codigo_penal,
        d1_0.creado_en,
        d1_0.descripcion,
        d1_0.nombre,
        d1_0.pena_maxima,
        d1_0.pena_minima,
        d1_0.tipo_pena,
        d1_0.valoracion 
    from
        delito d1_0 
    where
        upper(d1_0.nombre) like upper(?) escape '\'
&amp#27;[2m2025-05-11T11:17:46.518-03:00&amp#27;[0;39m &amp#27;[32m INFO&amp#27;[0;39m &amp#27;[35m16907&amp#27;[0;39m &amp#27;[2m---&amp#27;[0;39m &amp#27;[2m[           main]&amp#27;[0;39m &amp#27;[2m&amp#27;[0;39m&amp#27;[36mi.StatisticalLoggingSessionEventListener&amp#27;[0;39m &amp#27;[2m:&amp#27;[0;39m Session Metrics {
    10875 nanoseconds spent acquiring 1 JDBC connections;
    0 nanoseconds spent releasing 0 JDBC connections;
    31667 nanoseconds spent preparing 1 JDBC statements;
    891042 nanoseconds spent executing 1 JDBC statements;
    0 nanoseconds spent executing 0 JDBC batches;
    0 nanoseconds spent performing 0 L2C puts;
    0 nanoseconds spent performing 0 L2C hits;
    0 nanoseconds spent performing 0 L2C misses;
    0 nanoseconds spent executing 0 flushes (flushing a total of 0 entities and 0 collections);
    0 nanoseconds spent executing 0 partial-flushes (flushing a total of 0 entities and 0 collections)
}
&amp#27;[2m2025-05-11T11:17:46.519-03:00&amp#27;[0;39m &amp#27;[32mDEBUG&amp#27;[0;39m &amp#27;[35m16907&amp#27;[0;39m &amp#27;[2m---&amp#27;[0;39m &amp#27;[2m[           main]&amp#27;[0;39m &amp#27;[2m&amp#27;[0;39m&amp#27;[36morg.hibernate.SQL                       &amp#27;[0;39m &amp#27;[2m:&amp#27;[0;39m 
    /* <criteria> */ select
        d1_0.id,
        d1_0.actualizado_en,
        d1_0.codigo_penal,
        d1_0.creado_en,
        d1_0.descripcion,
        d1_0.nombre,
        d1_0.pena_maxima,
        d1_0.pena_minima,
        d1_0.tipo_pena,
        d1_0.valoracion 
    from
        delito d1_0 
    where
        upper(d1_0.nombre) like upper(?) escape '\'
Hibernate: 
    /* <criteria> */ select
        d1_0.id,
        d1_0.actualizado_en,
        d1_0.codigo_penal,
        d1_0.creado_en,
        d1_0.descripcion,
        d1_0.nombre,
        d1_0.pena_maxima,
        d1_0.pena_minima,
        d1_0.tipo_pena,
        d1_0.valoracion 
    from
        delito d1_0 
    where
        upper(d1_0.nombre) like upper(?) escape '\'
&amp#27;[2m2025-05-11T11:17:46.520-03:00&amp#27;[0;39m &amp#27;[32m INFO&amp#27;[0;39m &amp#27;[35m16907&amp#27;[0;39m &amp#27;[2m---&amp#27;[0;39m &amp#27;[2m[           main]&amp#27;[0;39m &amp#27;[2m&amp#27;[0;39m&amp#27;[36mi.StatisticalLoggingSessionEventListener&amp#27;[0;39m &amp#27;[2m:&amp#27;[0;39m Session Metrics {
    8833 nanoseconds spent acquiring 1 JDBC connections;
    0 nanoseconds spent releasing 0 JDBC connections;
    26709 nanoseconds spent preparing 1 JDBC statements;
    1035542 nanoseconds spent executing 1 JDBC statements;
    0 nanoseconds spent executing 0 JDBC batches;
    0 nanoseconds spent performing 0 L2C puts;
    0 nanoseconds spent performing 0 L2C hits;
    0 nanoseconds spent performing 0 L2C misses;
    0 nanoseconds spent executing 0 flushes (flushing a total of 0 entities and 0 collections);
    0 nanoseconds spent executing 0 partial-flushes (flushing a total of 0 entities and 0 collections)
}
&amp#27;[2m2025-05-11T11:17:46.521-03:00&amp#27;[0;39m &amp#27;[32mDEBUG&amp#27;[0;39m &amp#27;[35m16907&amp#27;[0;39m &amp#27;[2m---&amp#27;[0;39m &amp#27;[2m[           main]&amp#27;[0;39m &amp#27;[2m&amp#27;[0;39m&amp#27;[36morg.hibernate.SQL                       &amp#27;[0;39m &amp#27;[2m:&amp#27;[0;39m 
    /* <criteria> */ select
        d1_0.id,
        d1_0.actualizado_en,
        d1_0.codigo_penal,
        d1_0.creado_en,
        d1_0.descripcion,
        d1_0.nombre,
        d1_0.pena_maxima,
        d1_0.pena_minima,
        d1_0.tipo_pena,
        d1_0.valoracion 
    from
        delito d1_0 
    where
        upper(d1_0.nombre) like upper(?) escape '\'
Hibernate: 
    /* <criteria> */ select
        d1_0.id,
        d1_0.actualizado_en,
        d1_0.codigo_penal,
        d1_0.creado_en,
        d1_0.descripcion,
        d1_0.nombre,
        d1_0.pena_maxima,
        d1_0.pena_minima,
        d1_0.tipo_pena,
        d1_0.valoracion 
    from
        delito d1_0 
    where
        upper(d1_0.nombre) like upper(?) escape '\'
&amp#27;[2m2025-05-11T11:17:46.522-03:00&amp#27;[0;39m &amp#27;[32m INFO&amp#27;[0;39m &amp#27;[35m16907&amp#27;[0;39m &amp#27;[2m---&amp#27;[0;39m &amp#27;[2m[           main]&amp#27;[0;39m &amp#27;[2m&amp#27;[0;39m&amp#27;[36mi.StatisticalLoggingSessionEventListener&amp#27;[0;39m &amp#27;[2m:&amp#27;[0;39m Session Metrics {
    19500 nanoseconds spent acquiring 1 JDBC connections;
    0 nanoseconds spent releasing 0 JDBC connections;
    40208 nanoseconds spent preparing 1 JDBC statements;
    1082458 nanoseconds spent executing 1 JDBC statements;
    0 nanoseconds spent executing 0 JDBC batches;
    0 nanoseconds spent performing 0 L2C puts;
    0 nanoseconds spent performing 0 L2C hits;
    0 nanoseconds spent performing 0 L2C misses;
    0 nanoseconds spent executing 0 flushes (flushing a total of 0 entities and 0 collections);
    0 nanoseconds spent executing 0 partial-flushes (flushing a total of 0 entities and 0 collections)
}
&amp#27;[2m2025-05-11T11:17:46.523-03:00&amp#27;[0;39m &amp#27;[32mDEBUG&amp#27;[0;39m &amp#27;[35m16907&amp#27;[0;39m &amp#27;[2m---&amp#27;[0;39m &amp#27;[2m[           main]&amp#27;[0;39m &amp#27;[2m&amp#27;[0;39m&amp#27;[36morg.hibernate.SQL                       &amp#27;[0;39m &amp#27;[2m:&amp#27;[0;39m 
    /* <criteria> */ select
        d1_0.id,
        d1_0.actualizado_en,
        d1_0.codigo_penal,
        d1_0.creado_en,
        d1_0.descripcion,
        d1_0.nombre,
        d1_0.pena_maxima,
        d1_0.pena_minima,
        d1_0.tipo_pena,
        d1_0.valoracion 
    from
        delito d1_0 
    where
        upper(d1_0.nombre) like upper(?) escape '\'
Hibernate: 
    /* <criteria> */ select
        d1_0.id,
        d1_0.actualizado_en,
        d1_0.codigo_penal,
        d1_0.creado_en,
        d1_0.descripcion,
        d1_0.nombre,
        d1_0.pena_maxima,
        d1_0.pena_minima,
        d1_0.tipo_pena,
        d1_0.valoracion 
    from
        delito d1_0 
    where
        upper(d1_0.nombre) like upper(?) escape '\'
&amp#27;[2m2025-05-11T11:17:46.525-03:00&amp#27;[0;39m &amp#27;[32m INFO&amp#27;[0;39m &amp#27;[35m16907&amp#27;[0;39m &amp#27;[2m---&amp#27;[0;39m &amp#27;[2m[           main]&amp#27;[0;39m &amp#27;[2m&amp#27;[0;39m&amp#27;[36mi.StatisticalLoggingSessionEventListener&amp#27;[0;39m &amp#27;[2m:&amp#27;[0;39m Session Metrics {
    10291 nanoseconds spent acquiring 1 JDBC connections;
    0 nanoseconds spent releasing 0 JDBC connections;
    29416 nanoseconds spent preparing 1 JDBC statements;
    1304084 nanoseconds spent executing 1 JDBC statements;
    0 nanoseconds spent executing 0 JDBC batches;
    0 nanoseconds spent performing 0 L2C puts;
    0 nanoseconds spent performing 0 L2C hits;
    0 nanoseconds spent performing 0 L2C misses;
    0 nanoseconds spent executing 0 flushes (flushing a total of 0 entities and 0 collections);
    0 nanoseconds spent executing 0 partial-flushes (flushing a total of 0 entities and 0 collections)
}
&amp#27;[2m2025-05-11T11:17:46.526-03:00&amp#27;[0;39m &amp#27;[32mDEBUG&amp#27;[0;39m &amp#27;[35m16907&amp#27;[0;39m &amp#27;[2m---&amp#27;[0;39m &amp#27;[2m[           main]&amp#27;[0;39m &amp#27;[2m&amp#27;[0;39m&amp#27;[36morg.hibernate.SQL                       &amp#27;[0;39m &amp#27;[2m:&amp#27;[0;39m 
    /* <criteria> */ select
        d1_0.id,
        d1_0.actualizado_en,
        d1_0.codigo_penal,
        d1_0.creado_en,
        d1_0.descripcion,
        d1_0.nombre,
        d1_0.pena_maxima,
        d1_0.pena_minima,
        d1_0.tipo_pena,
        d1_0.valoracion 
    from
        delito d1_0 
    where
        upper(d1_0.nombre) like upper(?) escape '\'
Hibernate: 
    /* <criteria> */ select
        d1_0.id,
        d1_0.actualizado_en,
        d1_0.codigo_penal,
        d1_0.creado_en,
        d1_0.descripcion,
        d1_0.nombre,
        d1_0.pena_maxima,
        d1_0.pena_minima,
        d1_0.tipo_pena,
        d1_0.valoracion 
    from
        delito d1_0 
    where
        upper(d1_0.nombre) like upper(?) escape '\'
&amp#27;[2m2025-05-11T11:17:46.527-03:00&amp#27;[0;39m &amp#27;[32m INFO&amp#27;[0;39m &amp#27;[35m16907&amp#27;[0;39m &amp#27;[2m---&amp#27;[0;39m &amp#27;[2m[           main]&amp#27;[0;39m &amp#27;[2m&amp#27;[0;39m&amp#27;[36mi.StatisticalLoggingSessionEventListener&amp#27;[0;39m &amp#27;[2m:&amp#27;[0;39m Session Metrics {
    10708 nanoseconds spent acquiring 1 JDBC connections;
    0 nanoseconds spent releasing 0 JDBC connections;
    32584 nanoseconds spent preparing 1 JDBC statements;
    984042 nanoseconds spent executing 1 JDBC statements;
    0 nanoseconds spent executing 0 JDBC batches;
    0 nanoseconds spent performing 0 L2C puts;
    0 nanoseconds spent performing 0 L2C hits;
    0 nanoseconds spent performing 0 L2C misses;
    0 nanoseconds spent executing 0 flushes (flushing a total of 0 entities and 0 collections);
    0 nanoseconds spent executing 0 partial-flushes (flushing a total of 0 entities and 0 collections)
}
&amp#27;[2m2025-05-11T11:17:46.528-03:00&amp#27;[0;39m &amp#27;[32mDEBUG&amp#27;[0;39m &amp#27;[35m16907&amp#27;[0;39m &amp#27;[2m---&amp#27;[0;39m &amp#27;[2m[           main]&amp#27;[0;39m &amp#27;[2m&amp#27;[0;39m&amp#27;[36morg.hibernate.SQL                       &amp#27;[0;39m &amp#27;[2m:&amp#27;[0;39m 
    /* <criteria> */ select
        d1_0.id,
        d1_0.actualizado_en,
        d1_0.codigo_penal,
        d1_0.creado_en,
        d1_0.descripcion,
        d1_0.nombre,
        d1_0.pena_maxima,
        d1_0.pena_minima,
        d1_0.tipo_pena,
        d1_0.valoracion 
    from
        delito d1_0 
    where
        upper(d1_0.nombre) like upper(?) escape '\'
Hibernate: 
    /* <criteria> */ select
        d1_0.id,
        d1_0.actualizado_en,
        d1_0.codigo_penal,
        d1_0.creado_en,
        d1_0.descripcion,
        d1_0.nombre,
        d1_0.pena_maxima,
        d1_0.pena_minima,
        d1_0.tipo_pena,
        d1_0.valoracion 
    from
        delito d1_0 
    where
        upper(d1_0.nombre) like upper(?) escape '\'
&amp#27;[2m2025-05-11T11:17:46.529-03:00&amp#27;[0;39m &amp#27;[32m INFO&amp#27;[0;39m &amp#27;[35m16907&amp#27;[0;39m &amp#27;[2m---&amp#27;[0;39m &amp#27;[2m[           main]&amp#27;[0;39m &amp#27;[2m&amp#27;[0;39m&amp#27;[36mi.StatisticalLoggingSessionEventListener&amp#27;[0;39m &amp#27;[2m:&amp#27;[0;39m Session Metrics {
    13042 nanoseconds spent acquiring 1 JDBC connections;
    0 nanoseconds spent releasing 0 JDBC connections;
    35084 nanoseconds spent preparing 1 JDBC statements;
    1053708 nanoseconds spent executing 1 JDBC statements;
    0 nanoseconds spent executing 0 JDBC batches;
    0 nanoseconds spent performing 0 L2C puts;
    0 nanoseconds spent performing 0 L2C hits;
    0 nanoseconds spent performing 0 L2C misses;
    0 nanoseconds spent executing 0 flushes (flushing a total of 0 entities and 0 collections);
    0 nanoseconds spent executing 0 partial-flushes (flushing a total of 0 entities and 0 collections)
}
&amp#27;[2m2025-05-11T11:17:46.530-03:00&amp#27;[0;39m &amp#27;[32mDEBUG&amp#27;[0;39m &amp#27;[35m16907&amp#27;[0;39m &amp#27;[2m---&amp#27;[0;39m &amp#27;[2m[           main]&amp#27;[0;39m &amp#27;[2m&amp#27;[0;39m&amp#27;[36morg.hibernate.SQL                       &amp#27;[0;39m &amp#27;[2m:&amp#27;[0;39m 
    /* <criteria> */ select
        d1_0.id,
        d1_0.actualizado_en,
        d1_0.codigo_penal,
        d1_0.creado_en,
        d1_0.descripcion,
        d1_0.nombre,
        d1_0.pena_maxima,
        d1_0.pena_minima,
        d1_0.tipo_pena,
        d1_0.valoracion 
    from
        delito d1_0 
    where
        upper(d1_0.nombre) like upper(?) escape '\'
Hibernate: 
    /* <criteria> */ select
        d1_0.id,
        d1_0.actualizado_en,
        d1_0.codigo_penal,
        d1_0.creado_en,
        d1_0.descripcion,
        d1_0.nombre,
        d1_0.pena_maxima,
        d1_0.pena_minima,
        d1_0.tipo_pena,
        d1_0.valoracion 
    from
        delito d1_0 
    where
        upper(d1_0.nombre) like upper(?) escape '\'
&amp#27;[2m2025-05-11T11:17:46.532-03:00&amp#27;[0;39m &amp#27;[32m INFO&amp#27;[0;39m &amp#27;[35m16907&amp#27;[0;39m &amp#27;[2m---&amp#27;[0;39m &amp#27;[2m[           main]&amp#27;[0;39m &amp#27;[2m&amp#27;[0;39m&amp#27;[36mi.StatisticalLoggingSessionEventListener&amp#27;[0;39m &amp#27;[2m:&amp#27;[0;39m Session Metrics {
    10875 nanoseconds spent acquiring 1 JDBC connections;
    0 nanoseconds spent releasing 0 JDBC connections;
    33042 nanoseconds spent preparing 1 JDBC statements;
    1137042 nanoseconds spent executing 1 JDBC statements;
    0 nanoseconds spent executing 0 JDBC batches;
    0 nanoseconds spent performing 0 L2C puts;
    0 nanoseconds spent performing 0 L2C hits;
    0 nanoseconds spent performing 0 L2C misses;
    0 nanoseconds spent executing 0 flushes (flushing a total of 0 entities and 0 collections);
    0 nanoseconds spent executing 0 partial-flushes (flushing a total of 0 entities and 0 collections)
}
&amp#27;[2m2025-05-11T11:17:46.532-03:00&amp#27;[0;39m &amp#27;[32mDEBUG&amp#27;[0;39m &amp#27;[35m16907&amp#27;[0;39m &amp#27;[2m---&amp#27;[0;39m &amp#27;[2m[           main]&amp#27;[0;39m &amp#27;[2m&amp#27;[0;39m&amp#27;[36morg.hibernate.SQL                       &amp#27;[0;39m &amp#27;[2m:&amp#27;[0;39m 
    /* <criteria> */ select
        d1_0.id,
        d1_0.actualizado_en,
        d1_0.codigo_penal,
        d1_0.creado_en,
        d1_0.descripcion,
        d1_0.nombre,
        d1_0.pena_maxima,
        d1_0.pena_minima,
        d1_0.tipo_pena,
        d1_0.valoracion 
    from
        delito d1_0 
    where
        upper(d1_0.nombre) like upper(?) escape '\'
Hibernate: 
    /* <criteria> */ select
        d1_0.id,
        d1_0.actualizado_en,
        d1_0.codigo_penal,
        d1_0.creado_en,
        d1_0.descripcion,
        d1_0.nombre,
        d1_0.pena_maxima,
        d1_0.pena_minima,
        d1_0.tipo_pena,
        d1_0.valoracion 
    from
        delito d1_0 
    where
        upper(d1_0.nombre) like upper(?) escape '\'
&amp#27;[2m2025-05-11T11:17:46.534-03:00&amp#27;[0;39m &amp#27;[32m INFO&amp#27;[0;39m &amp#27;[35m16907&amp#27;[0;39m &amp#27;[2m---&amp#27;[0;39m &amp#27;[2m[           main]&amp#27;[0;39m &amp#27;[2m&amp#27;[0;39m&amp#27;[36mi.StatisticalLoggingSessionEventListener&amp#27;[0;39m &amp#27;[2m:&amp#27;[0;39m Session Metrics {
    7500 nanoseconds spent acquiring 1 JDBC connections;
    0 nanoseconds spent releasing 0 JDBC connections;
    24291 nanoseconds spent preparing 1 JDBC statements;
    1212459 nanoseconds spent executing 1 JDBC statements;
    0 nanoseconds spent executing 0 JDBC batches;
    0 nanoseconds spent performing 0 L2C puts;
    0 nanoseconds spent performing 0 L2C hits;
    0 nanoseconds spent performing 0 L2C misses;
    0 nanoseconds spent executing 0 flushes (flushing a total of 0 entities and 0 collections);
    0 nanoseconds spent executing 0 partial-flushes (flushing a total of 0 entities and 0 collections)
}
&amp#27;[2m2025-05-11T11:17:46.535-03:00&amp#27;[0;39m &amp#27;[32mDEBUG&amp#27;[0;39m &amp#27;[35m16907&amp#27;[0;39m &amp#27;[2m---&amp#27;[0;39m &amp#27;[2m[           main]&amp#27;[0;39m &amp#27;[2m&amp#27;[0;39m&amp#27;[36morg.hibernate.SQL                       &amp#27;[0;39m &amp#27;[2m:&amp#27;[0;39m 
    /* <criteria> */ select
        d1_0.id,
        d1_0.actualizado_en,
        d1_0.codigo_penal,
        d1_0.creado_en,
        d1_0.descripcion,
        d1_0.nombre,
        d1_0.pena_maxima,
        d1_0.pena_minima,
        d1_0.tipo_pena,
        d1_0.valoracion 
    from
        delito d1_0 
    where
        upper(d1_0.nombre) like upper(?) escape '\'
Hibernate: 
    /* <criteria> */ select
        d1_0.id,
        d1_0.actualizado_en,
        d1_0.codigo_penal,
        d1_0.creado_en,
        d1_0.descripcion,
        d1_0.nombre,
        d1_0.pena_maxima,
        d1_0.pena_minima,
        d1_0.tipo_pena,
        d1_0.valoracion 
    from
        delito d1_0 
    where
        upper(d1_0.nombre) like upper(?) escape '\'
&amp#27;[2m2025-05-11T11:17:46.536-03:00&amp#27;[0;39m &amp#27;[32m INFO&amp#27;[0;39m &amp#27;[35m16907&amp#27;[0;39m &amp#27;[2m---&amp#27;[0;39m &amp#27;[2m[           main]&amp#27;[0;39m &amp#27;[2m&amp#27;[0;39m&amp#27;[36mi.StatisticalLoggingSessionEventListener&amp#27;[0;39m &amp#27;[2m:&amp#27;[0;39m Session Metrics {
    8709 nanoseconds spent acquiring 1 JDBC connections;
    0 nanoseconds spent releasing 0 JDBC connections;
    34875 nanoseconds spent preparing 1 JDBC statements;
    1177541 nanoseconds spent executing 1 JDBC statements;
    0 nanoseconds spent executing 0 JDBC batches;
    0 nanoseconds spent performing 0 L2C puts;
    0 nanoseconds spent performing 0 L2C hits;
    0 nanoseconds spent performing 0 L2C misses;
    0 nanoseconds spent executing 0 flushes (flushing a total of 0 entities and 0 collections);
    0 nanoseconds spent executing 0 partial-flushes (flushing a total of 0 entities and 0 collections)
}
&amp#27;[2m2025-05-11T11:17:46.537-03:00&amp#27;[0;39m &amp#27;[32mDEBUG&amp#27;[0;39m &amp#27;[35m16907&amp#27;[0;39m &amp#27;[2m---&amp#27;[0;39m &amp#27;[2m[           main]&amp#27;[0;39m &amp#27;[2m&amp#27;[0;39m&amp#27;[36morg.hibernate.SQL                       &amp#27;[0;39m &amp#27;[2m:&amp#27;[0;39m 
    /* <criteria> */ select
        d1_0.id,
        d1_0.actualizado_en,
        d1_0.codigo_penal,
        d1_0.creado_en,
        d1_0.descripcion,
        d1_0.nombre,
        d1_0.pena_maxima,
        d1_0.pena_minima,
        d1_0.tipo_pena,
        d1_0.valoracion 
    from
        delito d1_0 
    where
        upper(d1_0.nombre) like upper(?) escape '\'
Hibernate: 
    /* <criteria> */ select
        d1_0.id,
        d1_0.actualizado_en,
        d1_0.codigo_penal,
        d1_0.creado_en,
        d1_0.descripcion,
        d1_0.nombre,
        d1_0.pena_maxima,
        d1_0.pena_minima,
        d1_0.tipo_pena,
        d1_0.valoracion 
    from
        delito d1_0 
    where
        upper(d1_0.nombre) like upper(?) escape '\'
&amp#27;[2m2025-05-11T11:17:46.538-03:00&amp#27;[0;39m &amp#27;[32m INFO&amp#27;[0;39m &amp#27;[35m16907&amp#27;[0;39m &amp#27;[2m---&amp#27;[0;39m &amp#27;[2m[           main]&amp#27;[0;39m &amp#27;[2m&amp#27;[0;39m&amp#27;[36mi.StatisticalLoggingSessionEventListener&amp#27;[0;39m &amp#27;[2m:&amp#27;[0;39m Session Metrics {
    7750 nanoseconds spent acquiring 1 JDBC connections;
    0 nanoseconds spent releasing 0 JDBC connections;
    28959 nanoseconds spent preparing 1 JDBC statements;
    1147959 nanoseconds spent executing 1 JDBC statements;
    0 nanoseconds spent executing 0 JDBC batches;
    0 nanoseconds spent performing 0 L2C puts;
    0 nanoseconds spent performing 0 L2C hits;
    0 nanoseconds spent performing 0 L2C misses;
    0 nanoseconds spent executing 0 flushes (flushing a total of 0 entities and 0 collections);
    0 nanoseconds spent executing 0 partial-flushes (flushing a total of 0 entities and 0 collections)
}
&amp#27;[2m2025-05-11T11:17:46.539-03:00&amp#27;[0;39m &amp#27;[32mDEBUG&amp#27;[0;39m &amp#27;[35m16907&amp#27;[0;39m &amp#27;[2m---&amp#27;[0;39m &amp#27;[2m[           main]&amp#27;[0;39m &amp#27;[2m&amp#27;[0;39m&amp#27;[36morg.hibernate.SQL                       &amp#27;[0;39m &amp#27;[2m:&amp#27;[0;39m 
    /* <criteria> */ select
        d1_0.id,
        d1_0.actualizado_en,
        d1_0.codigo_penal,
        d1_0.creado_en,
        d1_0.descripcion,
        d1_0.nombre,
        d1_0.pena_maxima,
        d1_0.pena_minima,
        d1_0.tipo_pena,
        d1_0.valoracion 
    from
        delito d1_0 
    where
        upper(d1_0.nombre) like upper(?) escape '\'
Hibernate: 
    /* <criteria> */ select
        d1_0.id,
        d1_0.actualizado_en,
        d1_0.codigo_penal,
        d1_0.creado_en,
        d1_0.descripcion,
        d1_0.nombre,
        d1_0.pena_maxima,
        d1_0.pena_minima,
        d1_0.tipo_pena,
        d1_0.valoracion 
    from
        delito d1_0 
    where
        upper(d1_0.nombre) like upper(?) escape '\'
&amp#27;[2m2025-05-11T11:17:46.540-03:00&amp#27;[0;39m &amp#27;[32m INFO&amp#27;[0;39m &amp#27;[35m16907&amp#27;[0;39m &amp#27;[2m---&amp#27;[0;39m &amp#27;[2m[           main]&amp#27;[0;39m &amp#27;[2m&amp#27;[0;39m&amp#27;[36mi.StatisticalLoggingSessionEventListener&amp#27;[0;39m &amp#27;[2m:&amp#27;[0;39m Session Metrics {
    8625 nanoseconds spent acquiring 1 JDBC connections;
    0 nanoseconds spent releasing 0 JDBC connections;
    28333 nanoseconds spent preparing 1 JDBC statements;
    858167 nanoseconds spent executing 1 JDBC statements;
    0 nanoseconds spent executing 0 JDBC batches;
    0 nanoseconds spent performing 0 L2C puts;
    0 nanoseconds spent performing 0 L2C hits;
    0 nanoseconds spent performing 0 L2C misses;
    0 nanoseconds spent executing 0 flushes (flushing a total of 0 entities and 0 collections);
    0 nanoseconds spent executing 0 partial-flushes (flushing a total of 0 entities and 0 collections)
}
&amp#27;[2m2025-05-11T11:17:46.541-03:00&amp#27;[0;39m &amp#27;[32mDEBUG&amp#27;[0;39m &amp#27;[35m16907&amp#27;[0;39m &amp#27;[2m---&amp#27;[0;39m &amp#27;[2m[           main]&amp#27;[0;39m &amp#27;[2m&amp#27;[0;39m&amp#27;[36morg.hibernate.SQL                       &amp#27;[0;39m &amp#27;[2m:&amp#27;[0;39m 
    /* <criteria> */ select
        d1_0.id,
        d1_0.actualizado_en,
        d1_0.codigo_penal,
        d1_0.creado_en,
        d1_0.descripcion,
        d1_0.nombre,
        d1_0.pena_maxima,
        d1_0.pena_minima,
        d1_0.tipo_pena,
        d1_0.valoracion 
    from
        delito d1_0 
    where
        upper(d1_0.nombre) like upper(?) escape '\'
Hibernate: 
    /* <criteria> */ select
        d1_0.id,
        d1_0.actualizado_en,
        d1_0.codigo_penal,
        d1_0.creado_en,
        d1_0.descripcion,
        d1_0.nombre,
        d1_0.pena_maxima,
        d1_0.pena_minima,
        d1_0.tipo_pena,
        d1_0.valoracion 
    from
        delito d1_0 
    where
        upper(d1_0.nombre) like upper(?) escape '\'
&amp#27;[2m2025-05-11T11:17:46.542-03:00&amp#27;[0;39m &amp#27;[32m INFO&amp#27;[0;39m &amp#27;[35m16907&amp#27;[0;39m &amp#27;[2m---&amp#27;[0;39m &amp#27;[2m[           main]&amp#27;[0;39m &amp#27;[2m&amp#27;[0;39m&amp#27;[36mi.StatisticalLoggingSessionEventListener&amp#27;[0;39m &amp#27;[2m:&amp#27;[0;39m Session Metrics {
    10416 nanoseconds spent acquiring 1 JDBC connections;
    0 nanoseconds spent releasing 0 JDBC connections;
    34083 nanoseconds spent preparing 1 JDBC statements;
    1166792 nanoseconds spent executing 1 JDBC statements;
    0 nanoseconds spent executing 0 JDBC batches;
    0 nanoseconds spent performing 0 L2C puts;
    0 nanoseconds spent performing 0 L2C hits;
    0 nanoseconds spent performing 0 L2C misses;
    0 nanoseconds spent executing 0 flushes (flushing a total of 0 entities and 0 collections);
    0 nanoseconds spent executing 0 partial-flushes (flushing a total of 0 entities and 0 collections)
}
&amp#27;[2m2025-05-11T11:17:46.543-03:00&amp#27;[0;39m &amp#27;[32mDEBUG&amp#27;[0;39m &amp#27;[35m16907&amp#27;[0;39m &amp#27;[2m---&amp#27;[0;39m &amp#27;[2m[           main]&amp#27;[0;39m &amp#27;[2m&amp#27;[0;39m&amp#27;[36morg.hibernate.SQL                       &amp#27;[0;39m &amp#27;[2m:&amp#27;[0;39m 
    /* <criteria> */ select
        d1_0.id,
        d1_0.actualizado_en,
        d1_0.codigo_penal,
        d1_0.creado_en,
        d1_0.descripcion,
        d1_0.nombre,
        d1_0.pena_maxima,
        d1_0.pena_minima,
        d1_0.tipo_pena,
        d1_0.valoracion 
    from
        delito d1_0 
    where
        upper(d1_0.nombre) like upper(?) escape '\'
Hibernate: 
    /* <criteria> */ select
        d1_0.id,
        d1_0.actualizado_en,
        d1_0.codigo_penal,
        d1_0.creado_en,
        d1_0.descripcion,
        d1_0.nombre,
        d1_0.pena_maxima,
        d1_0.pena_minima,
        d1_0.tipo_pena,
        d1_0.valoracion 
    from
        delito d1_0 
    where
        upper(d1_0.nombre) like upper(?) escape '\'
&amp#27;[2m2025-05-11T11:17:46.544-03:00&amp#27;[0;39m &amp#27;[32m INFO&amp#27;[0;39m &amp#27;[35m16907&amp#27;[0;39m &amp#27;[2m---&amp#27;[0;39m &amp#27;[2m[           main]&amp#27;[0;39m &amp#27;[2m&amp#27;[0;39m&amp#27;[36mi.StatisticalLoggingSessionEventListener&amp#27;[0;39m &amp#27;[2m:&amp#27;[0;39m Session Metrics {
    8666 nanoseconds spent acquiring 1 JDBC connections;
    0 nanoseconds spent releasing 0 JDBC connections;
    27042 nanoseconds spent preparing 1 JDBC statements;
    1044375 nanoseconds spent executing 1 JDBC statements;
    0 nanoseconds spent executing 0 JDBC batches;
    0 nanoseconds spent performing 0 L2C puts;
    0 nanoseconds spent performing 0 L2C hits;
    0 nanoseconds spent performing 0 L2C misses;
    0 nanoseconds spent executing 0 flushes (flushing a total of 0 entities and 0 collections);
    0 nanoseconds spent executing 0 partial-flushes (flushing a total of 0 entities and 0 collections)
}
&amp#27;[2m2025-05-11T11:17:46.545-03:00&amp#27;[0;39m &amp#27;[32mDEBUG&amp#27;[0;39m &amp#27;[35m16907&amp#27;[0;39m &amp#27;[2m---&amp#27;[0;39m &amp#27;[2m[           main]&amp#27;[0;39m &amp#27;[2m&amp#27;[0;39m&amp#27;[36morg.hibernate.SQL                       &amp#27;[0;39m &amp#27;[2m:&amp#27;[0;39m 
    /* <criteria> */ select
        d1_0.id,
        d1_0.actualizado_en,
        d1_0.codigo_penal,
        d1_0.creado_en,
        d1_0.descripcion,
        d1_0.nombre,
        d1_0.pena_maxima,
        d1_0.pena_minima,
        d1_0.tipo_pena,
        d1_0.valoracion 
    from
        delito d1_0 
    where
        upper(d1_0.nombre) like upper(?) escape '\'
Hibernate: 
    /* <criteria> */ select
        d1_0.id,
        d1_0.actualizado_en,
        d1_0.codigo_penal,
        d1_0.creado_en,
        d1_0.descripcion,
        d1_0.nombre,
        d1_0.pena_maxima,
        d1_0.pena_minima,
        d1_0.tipo_pena,
        d1_0.valoracion 
    from
        delito d1_0 
    where
        upper(d1_0.nombre) like upper(?) escape '\'
&amp#27;[2m2025-05-11T11:17:46.546-03:00&amp#27;[0;39m &amp#27;[32m INFO&amp#27;[0;39m &amp#27;[35m16907&amp#27;[0;39m &amp#27;[2m---&amp#27;[0;39m &amp#27;[2m[           main]&amp#27;[0;39m &amp#27;[2m&amp#27;[0;39m&amp#27;[36mi.StatisticalLoggingSessionEventListener&amp#27;[0;39m &amp#27;[2m:&amp#27;[0;39m Session Metrics {
    9292 nanoseconds spent acquiring 1 JDBC connections;
    0 nanoseconds spent releasing 0 JDBC connections;
    32583 nanoseconds spent preparing 1 JDBC statements;
    930709 nanoseconds spent executing 1 JDBC statements;
    0 nanoseconds spent executing 0 JDBC batches;
    0 nanoseconds spent performing 0 L2C puts;
    0 nanoseconds spent performing 0 L2C hits;
    0 nanoseconds spent performing 0 L2C misses;
    0 nanoseconds spent executing 0 flushes (flushing a total of 0 entities and 0 collections);
    0 nanoseconds spent executing 0 partial-flushes (flushing a total of 0 entities and 0 collections)
}
&amp#27;[2m2025-05-11T11:17:46.547-03:00&amp#27;[0;39m &amp#27;[32mDEBUG&amp#27;[0;39m &amp#27;[35m16907&amp#27;[0;39m &amp#27;[2m---&amp#27;[0;39m &amp#27;[2m[           main]&amp#27;[0;39m &amp#27;[2m&amp#27;[0;39m&amp#27;[36morg.hibernate.SQL                       &amp#27;[0;39m &amp#27;[2m:&amp#27;[0;39m 
    /* <criteria> */ select
        d1_0.id,
        d1_0.actualizado_en,
        d1_0.codigo_penal,
        d1_0.creado_en,
        d1_0.descripcion,
        d1_0.nombre,
        d1_0.pena_maxima,
        d1_0.pena_minima,
        d1_0.tipo_pena,
        d1_0.valoracion 
    from
        delito d1_0 
    where
        upper(d1_0.nombre) like upper(?) escape '\'
Hibernate: 
    /* <criteria> */ select
        d1_0.id,
        d1_0.actualizado_en,
        d1_0.codigo_penal,
        d1_0.creado_en,
        d1_0.descripcion,
        d1_0.nombre,
        d1_0.pena_maxima,
        d1_0.pena_minima,
        d1_0.tipo_pena,
        d1_0.valoracion 
    from
        delito d1_0 
    where
        upper(d1_0.nombre) like upper(?) escape '\'
&amp#27;[2m2025-05-11T11:17:46.548-03:00&amp#27;[0;39m &amp#27;[32m INFO&amp#27;[0;39m &amp#27;[35m16907&amp#27;[0;39m &amp#27;[2m---&amp#27;[0;39m &amp#27;[2m[           main]&amp#27;[0;39m &amp#27;[2m&amp#27;[0;39m&amp#27;[36mi.StatisticalLoggingSessionEventListener&amp#27;[0;39m &amp#27;[2m:&amp#27;[0;39m Session Metrics {
    7833 nanoseconds spent acquiring 1 JDBC connections;
    0 nanoseconds spent releasing 0 JDBC connections;
    24833 nanoseconds spent preparing 1 JDBC statements;
    934875 nanoseconds spent executing 1 JDBC statements;
    0 nanoseconds spent executing 0 JDBC batches;
    0 nanoseconds spent performing 0 L2C puts;
    0 nanoseconds spent performing 0 L2C hits;
    0 nanoseconds spent performing 0 L2C misses;
    0 nanoseconds spent executing 0 flushes (flushing a total of 0 entities and 0 collections);
    0 nanoseconds spent executing 0 partial-flushes (flushing a total of 0 entities and 0 collections)
}
&amp#27;[2m2025-05-11T11:17:46.549-03:00&amp#27;[0;39m &amp#27;[32mDEBUG&amp#27;[0;39m &amp#27;[35m16907&amp#27;[0;39m &amp#27;[2m---&amp#27;[0;39m &amp#27;[2m[           main]&amp#27;[0;39m &amp#27;[2m&amp#27;[0;39m&amp#27;[36morg.hibernate.SQL                       &amp#27;[0;39m &amp#27;[2m:&amp#27;[0;39m 
    /* <criteria> */ select
        d1_0.id,
        d1_0.actualizado_en,
        d1_0.codigo_penal,
        d1_0.creado_en,
        d1_0.descripcion,
        d1_0.nombre,
        d1_0.pena_maxima,
        d1_0.pena_minima,
        d1_0.tipo_pena,
        d1_0.valoracion 
    from
        delito d1_0 
    where
        upper(d1_0.nombre) like upper(?) escape '\'
Hibernate: 
    /* <criteria> */ select
        d1_0.id,
        d1_0.actualizado_en,
        d1_0.codigo_penal,
        d1_0.creado_en,
        d1_0.descripcion,
        d1_0.nombre,
        d1_0.pena_maxima,
        d1_0.pena_minima,
        d1_0.tipo_pena,
        d1_0.valoracion 
    from
        delito d1_0 
    where
        upper(d1_0.nombre) like upper(?) escape '\'
&amp#27;[2m2025-05-11T11:17:46.550-03:00&amp#27;[0;39m &amp#27;[32m INFO&amp#27;[0;39m &amp#27;[35m16907&amp#27;[0;39m &amp#27;[2m---&amp#27;[0;39m &amp#27;[2m[           main]&amp#27;[0;39m &amp#27;[2m&amp#27;[0;39m&amp#27;[36mi.StatisticalLoggingSessionEventListener&amp#27;[0;39m &amp#27;[2m:&amp#27;[0;39m Session Metrics {
    12083 nanoseconds spent acquiring 1 JDBC connections;
    0 nanoseconds spent releasing 0 JDBC connections;
    31000 nanoseconds spent preparing 1 JDBC statements;
    936416 nanoseconds spent executing 1 JDBC statements;
    0 nanoseconds spent executing 0 JDBC batches;
    0 nanoseconds spent performing 0 L2C puts;
    0 nanoseconds spent performing 0 L2C hits;
    0 nanoseconds spent performing 0 L2C misses;
    0 nanoseconds spent executing 0 flushes (flushing a total of 0 entities and 0 collections);
    0 nanoseconds spent executing 0 partial-flushes (flushing a total of 0 entities and 0 collections)
}
&amp#27;[2m2025-05-11T11:17:46.551-03:00&amp#27;[0;39m &amp#27;[32mDEBUG&amp#27;[0;39m &amp#27;[35m16907&amp#27;[0;39m &amp#27;[2m---&amp#27;[0;39m &amp#27;[2m[           main]&amp#27;[0;39m &amp#27;[2m&amp#27;[0;39m&amp#27;[36morg.hibernate.SQL                       &amp#27;[0;39m &amp#27;[2m:&amp#27;[0;39m 
    /* <criteria> */ select
        d1_0.id,
        d1_0.actualizado_en,
        d1_0.codigo_penal,
        d1_0.creado_en,
        d1_0.descripcion,
        d1_0.nombre,
        d1_0.pena_maxima,
        d1_0.pena_minima,
        d1_0.tipo_pena,
        d1_0.valoracion 
    from
        delito d1_0 
    where
        upper(d1_0.nombre) like upper(?) escape '\'
Hibernate: 
    /* <criteria> */ select
        d1_0.id,
        d1_0.actualizado_en,
        d1_0.codigo_penal,
        d1_0.creado_en,
        d1_0.descripcion,
        d1_0.nombre,
        d1_0.pena_maxima,
        d1_0.pena_minima,
        d1_0.tipo_pena,
        d1_0.valoracion 
    from
        delito d1_0 
    where
        upper(d1_0.nombre) like upper(?) escape '\'
&amp#27;[2m2025-05-11T11:17:46.552-03:00&amp#27;[0;39m &amp#27;[32m INFO&amp#27;[0;39m &amp#27;[35m16907&amp#27;[0;39m &amp#27;[2m---&amp#27;[0;39m &amp#27;[2m[           main]&amp#27;[0;39m &amp#27;[2m&amp#27;[0;39m&amp#27;[36mi.StatisticalLoggingSessionEventListener&amp#27;[0;39m &amp#27;[2m:&amp#27;[0;39m Session Metrics {
    13542 nanoseconds spent acquiring 1 JDBC connections;
    0 nanoseconds spent releasing 0 JDBC connections;
    38708 nanoseconds spent preparing 1 JDBC statements;
    890209 nanoseconds spent executing 1 JDBC statements;
    0 nanoseconds spent executing 0 JDBC batches;
    0 nanoseconds spent performing 0 L2C puts;
    0 nanoseconds spent performing 0 L2C hits;
    0 nanoseconds spent performing 0 L2C misses;
    0 nanoseconds spent executing 0 flushes (flushing a total of 0 entities and 0 collections);
    0 nanoseconds spent executing 0 partial-flushes (flushing a total of 0 entities and 0 collections)
}
&amp#27;[2m2025-05-11T11:17:46.553-03:00&amp#27;[0;39m &amp#27;[32mDEBUG&amp#27;[0;39m &amp#27;[35m16907&amp#27;[0;39m &amp#27;[2m---&amp#27;[0;39m &amp#27;[2m[           main]&amp#27;[0;39m &amp#27;[2m&amp#27;[0;39m&amp#27;[36morg.hibernate.SQL                       &amp#27;[0;39m &amp#27;[2m:&amp#27;[0;39m 
    /* <criteria> */ select
        d1_0.id,
        d1_0.actualizado_en,
        d1_0.codigo_penal,
        d1_0.creado_en,
        d1_0.descripcion,
        d1_0.nombre,
        d1_0.pena_maxima,
        d1_0.pena_minima,
        d1_0.tipo_pena,
        d1_0.valoracion 
    from
        delito d1_0 
    where
        upper(d1_0.nombre) like upper(?) escape '\'
Hibernate: 
    /* <criteria> */ select
        d1_0.id,
        d1_0.actualizado_en,
        d1_0.codigo_penal,
        d1_0.creado_en,
        d1_0.descripcion,
        d1_0.nombre,
        d1_0.pena_maxima,
        d1_0.pena_minima,
        d1_0.tipo_pena,
        d1_0.valoracion 
    from
        delito d1_0 
    where
        upper(d1_0.nombre) like upper(?) escape '\'
&amp#27;[2m2025-05-11T11:17:46.554-03:00&amp#27;[0;39m &amp#27;[32m INFO&amp#27;[0;39m &amp#27;[35m16907&amp#27;[0;39m &amp#27;[2m---&amp#27;[0;39m &amp#27;[2m[           main]&amp#27;[0;39m &amp#27;[2m&amp#27;[0;39m&amp#27;[36mi.StatisticalLoggingSessionEventListener&amp#27;[0;39m &amp#27;[2m:&amp#27;[0;39m Session Metrics {
    8500 nanoseconds spent acquiring 1 JDBC connections;
    0 nanoseconds spent releasing 0 JDBC connections;
    25000 nanoseconds spent preparing 1 JDBC statements;
    897041 nanoseconds spent executing 1 JDBC statements;
    0 nanoseconds spent executing 0 JDBC batches;
    0 nanoseconds spent performing 0 L2C puts;
    0 nanoseconds spent performing 0 L2C hits;
    0 nanoseconds spent performing 0 L2C misses;
    0 nanoseconds spent executing 0 flushes (flushing a total of 0 entities and 0 collections);
    0 nanoseconds spent executing 0 partial-flushes (flushing a total of 0 entities and 0 collections)
}
&amp#27;[2m2025-05-11T11:17:46.556-03:00&amp#27;[0;39m &amp#27;[32mDEBUG&amp#27;[0;39m &amp#27;[35m16907&amp#27;[0;39m &amp#27;[2m---&amp#27;[0;39m &amp#27;[2m[           main]&amp#27;[0;39m &amp#27;[2m&amp#27;[0;39m&amp#27;[36morg.hibernate.SQL                       &amp#27;[0;39m &amp#27;[2m:&amp#27;[0;39m 
    /* <criteria> */ select
        d1_0.id,
        d1_0.actualizado_en,
        d1_0.codigo_penal,
        d1_0.creado_en,
        d1_0.descripcion,
        d1_0.nombre,
        d1_0.pena_maxima,
        d1_0.pena_minima,
        d1_0.tipo_pena,
        d1_0.valoracion 
    from
        delito d1_0 
    where
        upper(d1_0.nombre) like upper(?) escape '\'
Hibernate: 
    /* <criteria> */ select
        d1_0.id,
        d1_0.actualizado_en,
        d1_0.codigo_penal,
        d1_0.creado_en,
        d1_0.descripcion,
        d1_0.nombre,
        d1_0.pena_maxima,
        d1_0.pena_minima,
        d1_0.tipo_pena,
        d1_0.valoracion 
    from
        delito d1_0 
    where
        upper(d1_0.nombre) like upper(?) escape '\'
&amp#27;[2m2025-05-11T11:17:46.557-03:00&amp#27;[0;39m &amp#27;[32m INFO&amp#27;[0;39m &amp#27;[35m16907&amp#27;[0;39m &amp#27;[2m---&amp#27;[0;39m &amp#27;[2m[           main]&amp#27;[0;39m &amp#27;[2m&amp#27;[0;39m&amp#27;[36mi.StatisticalLoggingSessionEventListener&amp#27;[0;39m &amp#27;[2m:&amp#27;[0;39m Session Metrics {
    10959 nanoseconds spent acquiring 1 JDBC connections;
    0 nanoseconds spent releasing 0 JDBC connections;
    43041 nanoseconds spent preparing 1 JDBC statements;
    777167 nanoseconds spent executing 1 JDBC statements;
    0 nanoseconds spent executing 0 JDBC batches;
    0 nanoseconds spent performing 0 L2C puts;
    0 nanoseconds spent performing 0 L2C hits;
    0 nanoseconds spent performing 0 L2C misses;
    0 nanoseconds spent executing 0 flushes (flushing a total of 0 entities and 0 collections);
    0 nanoseconds spent executing 0 partial-flushes (flushing a total of 0 entities and 0 collections)
}
&amp#27;[2m2025-05-11T11:17:46.557-03:00&amp#27;[0;39m &amp#27;[32mDEBUG&amp#27;[0;39m &amp#27;[35m16907&amp#27;[0;39m &amp#27;[2m---&amp#27;[0;39m &amp#27;[2m[           main]&amp#27;[0;39m &amp#27;[2m&amp#27;[0;39m&amp#27;[36morg.hibernate.SQL                       &amp#27;[0;39m &amp#27;[2m:&amp#27;[0;39m 
    /* <criteria> */ select
        d1_0.id,
        d1_0.actualizado_en,
        d1_0.codigo_penal,
        d1_0.creado_en,
        d1_0.descripcion,
        d1_0.nombre,
        d1_0.pena_maxima,
        d1_0.pena_minima,
        d1_0.tipo_pena,
        d1_0.valoracion 
    from
        delito d1_0 
    where
        upper(d1_0.nombre) like upper(?) escape '\'
Hibernate: 
    /* <criteria> */ select
        d1_0.id,
        d1_0.actualizado_en,
        d1_0.codigo_penal,
        d1_0.creado_en,
        d1_0.descripcion,
        d1_0.nombre,
        d1_0.pena_maxima,
        d1_0.pena_minima,
        d1_0.tipo_pena,
        d1_0.valoracion 
    from
        delito d1_0 
    where
        upper(d1_0.nombre) like upper(?) escape '\'
&amp#27;[2m2025-05-11T11:17:46.559-03:00&amp#27;[0;39m &amp#27;[32m INFO&amp#27;[0;39m &amp#27;[35m16907&amp#27;[0;39m &amp#27;[2m---&amp#27;[0;39m &amp#27;[2m[           main]&amp#27;[0;39m &amp#27;[2m&amp#27;[0;39m&amp#27;[36mi.StatisticalLoggingSessionEventListener&amp#27;[0;39m &amp#27;[2m:&amp#27;[0;39m Session Metrics {
    7250 nanoseconds spent acquiring 1 JDBC connections;
    0 nanoseconds spent releasing 0 JDBC connections;
    24292 nanoseconds spent preparing 1 JDBC statements;
    997375 nanoseconds spent executing 1 JDBC statements;
    0 nanoseconds spent executing 0 JDBC batches;
    0 nanoseconds spent performing 0 L2C puts;
    0 nanoseconds spent performing 0 L2C hits;
    0 nanoseconds spent performing 0 L2C misses;
    0 nanoseconds spent executing 0 flushes (flushing a total of 0 entities and 0 collections);
    0 nanoseconds spent executing 0 partial-flushes (flushing a total of 0 entities and 0 collections)
}
&amp#27;[2m2025-05-11T11:17:46.559-03:00&amp#27;[0;39m &amp#27;[32mDEBUG&amp#27;[0;39m &amp#27;[35m16907&amp#27;[0;39m &amp#27;[2m---&amp#27;[0;39m &amp#27;[2m[           main]&amp#27;[0;39m &amp#27;[2m&amp#27;[0;39m&amp#27;[36morg.hibernate.SQL                       &amp#27;[0;39m &amp#27;[2m:&amp#27;[0;39m 
    /* <criteria> */ select
        d1_0.id,
        d1_0.actualizado_en,
        d1_0.codigo_penal,
        d1_0.creado_en,
        d1_0.descripcion,
        d1_0.nombre,
        d1_0.pena_maxima,
        d1_0.pena_minima,
        d1_0.tipo_pena,
        d1_0.valoracion 
    from
        delito d1_0 
    where
        upper(d1_0.nombre) like upper(?) escape '\'
Hibernate: 
    /* <criteria> */ select
        d1_0.id,
        d1_0.actualizado_en,
        d1_0.codigo_penal,
        d1_0.creado_en,
        d1_0.descripcion,
        d1_0.nombre,
        d1_0.pena_maxima,
        d1_0.pena_minima,
        d1_0.tipo_pena,
        d1_0.valoracion 
    from
        delito d1_0 
    where
        upper(d1_0.nombre) like upper(?) escape '\'
&amp#27;[2m2025-05-11T11:17:46.560-03:00&amp#27;[0;39m &amp#27;[32m INFO&amp#27;[0;39m &amp#27;[35m16907&amp#27;[0;39m &amp#27;[2m---&amp#27;[0;39m &amp#27;[2m[           main]&amp#27;[0;39m &amp#27;[2m&amp#27;[0;39m&amp#27;[36mi.StatisticalLoggingSessionEventListener&amp#27;[0;39m &amp#27;[2m:&amp#27;[0;39m Session Metrics {
    8792 nanoseconds spent acquiring 1 JDBC connections;
    0 nanoseconds spent releasing 0 JDBC connections;
    25250 nanoseconds spent preparing 1 JDBC statements;
    819583 nanoseconds spent executing 1 JDBC statements;
    0 nanoseconds spent executing 0 JDBC batches;
    0 nanoseconds spent performing 0 L2C puts;
    0 nanoseconds spent performing 0 L2C hits;
    0 nanoseconds spent performing 0 L2C misses;
    0 nanoseconds spent executing 0 flushes (flushing a total of 0 entities and 0 collections);
    0 nanoseconds spent executing 0 partial-flushes (flushing a total of 0 entities and 0 collections)
}
&amp#27;[2m2025-05-11T11:17:46.561-03:00&amp#27;[0;39m &amp#27;[32mDEBUG&amp#27;[0;39m &amp#27;[35m16907&amp#27;[0;39m &amp#27;[2m---&amp#27;[0;39m &amp#27;[2m[           main]&amp#27;[0;39m &amp#27;[2m&amp#27;[0;39m&amp#27;[36morg.hibernate.SQL                       &amp#27;[0;39m &amp#27;[2m:&amp#27;[0;39m 
    /* <criteria> */ select
        d1_0.id,
        d1_0.actualizado_en,
        d1_0.codigo_penal,
        d1_0.creado_en,
        d1_0.descripcion,
        d1_0.nombre,
        d1_0.pena_maxima,
        d1_0.pena_minima,
        d1_0.tipo_pena,
        d1_0.valoracion 
    from
        delito d1_0 
    where
        upper(d1_0.nombre) like upper(?) escape '\'
Hibernate: 
    /* <criteria> */ select
        d1_0.id,
        d1_0.actualizado_en,
        d1_0.codigo_penal,
        d1_0.creado_en,
        d1_0.descripcion,
        d1_0.nombre,
        d1_0.pena_maxima,
        d1_0.pena_minima,
        d1_0.tipo_pena,
        d1_0.valoracion 
    from
        delito d1_0 
    where
        upper(d1_0.nombre) like upper(?) escape '\'
&amp#27;[2m2025-05-11T11:17:46.562-03:00&amp#27;[0;39m &amp#27;[32m INFO&amp#27;[0;39m &amp#27;[35m16907&amp#27;[0;39m &amp#27;[2m---&amp#27;[0;39m &amp#27;[2m[           main]&amp#27;[0;39m &amp#27;[2m&amp#27;[0;39m&amp#27;[36mi.StatisticalLoggingSessionEventListener&amp#27;[0;39m &amp#27;[2m:&amp#27;[0;39m Session Metrics {
    9750 nanoseconds spent acquiring 1 JDBC connections;
    0 nanoseconds spent releasing 0 JDBC connections;
    32417 nanoseconds spent preparing 1 JDBC statements;
    878709 nanoseconds spent executing 1 JDBC statements;
    0 nanoseconds spent executing 0 JDBC batches;
    0 nanoseconds spent performing 0 L2C puts;
    0 nanoseconds spent performing 0 L2C hits;
    0 nanoseconds spent performing 0 L2C misses;
    0 nanoseconds spent executing 0 flushes (flushing a total of 0 entities and 0 collections);
    0 nanoseconds spent executing 0 partial-flushes (flushing a total of 0 entities and 0 collections)
}
&amp#27;[2m2025-05-11T11:17:46.563-03:00&amp#27;[0;39m &amp#27;[32mDEBUG&amp#27;[0;39m &amp#27;[35m16907&amp#27;[0;39m &amp#27;[2m---&amp#27;[0;39m &amp#27;[2m[           main]&amp#27;[0;39m &amp#27;[2m&amp#27;[0;39m&amp#27;[36morg.hibernate.SQL                       &amp#27;[0;39m &amp#27;[2m:&amp#27;[0;39m 
    /* <criteria> */ select
        d1_0.id,
        d1_0.actualizado_en,
        d1_0.codigo_penal,
        d1_0.creado_en,
        d1_0.descripcion,
        d1_0.nombre,
        d1_0.pena_maxima,
        d1_0.pena_minima,
        d1_0.tipo_pena,
        d1_0.valoracion 
    from
        delito d1_0 
    where
        upper(d1_0.nombre) like upper(?) escape '\'
Hibernate: 
    /* <criteria> */ select
        d1_0.id,
        d1_0.actualizado_en,
        d1_0.codigo_penal,
        d1_0.creado_en,
        d1_0.descripcion,
        d1_0.nombre,
        d1_0.pena_maxima,
        d1_0.pena_minima,
        d1_0.tipo_pena,
        d1_0.valoracion 
    from
        delito d1_0 
    where
        upper(d1_0.nombre) like upper(?) escape '\'
&amp#27;[2m2025-05-11T11:17:46.564-03:00&amp#27;[0;39m &amp#27;[32m INFO&amp#27;[0;39m &amp#27;[35m16907&amp#27;[0;39m &amp#27;[2m---&amp#27;[0;39m &amp#27;[2m[           main]&amp#27;[0;39m &amp#27;[2m&amp#27;[0;39m&amp#27;[36mi.StatisticalLoggingSessionEventListener&amp#27;[0;39m &amp#27;[2m:&amp#27;[0;39m Session Metrics {
    8834 nanoseconds spent acquiring 1 JDBC connections;
    0 nanoseconds spent releasing 0 JDBC connections;
    27125 nanoseconds spent preparing 1 JDBC statements;
    867917 nanoseconds spent executing 1 JDBC statements;
    0 nanoseconds spent executing 0 JDBC batches;
    0 nanoseconds spent performing 0 L2C puts;
    0 nanoseconds spent performing 0 L2C hits;
    0 nanoseconds spent performing 0 L2C misses;
    0 nanoseconds spent executing 0 flushes (flushing a total of 0 entities and 0 collections);
    0 nanoseconds spent executing 0 partial-flushes (flushing a total of 0 entities and 0 collections)
}
&amp#27;[2m2025-05-11T11:17:46.565-03:00&amp#27;[0;39m &amp#27;[32mDEBUG&amp#27;[0;39m &amp#27;[35m16907&amp#27;[0;39m &amp#27;[2m---&amp#27;[0;39m &amp#27;[2m[           main]&amp#27;[0;39m &amp#27;[2m&amp#27;[0;39m&amp#27;[36morg.hibernate.SQL                       &amp#27;[0;39m &amp#27;[2m:&amp#27;[0;39m 
    /* <criteria> */ select
        d1_0.id,
        d1_0.actualizado_en,
        d1_0.codigo_penal,
        d1_0.creado_en,
        d1_0.descripcion,
        d1_0.nombre,
        d1_0.pena_maxima,
        d1_0.pena_minima,
        d1_0.tipo_pena,
        d1_0.valoracion 
    from
        delito d1_0 
    where
        upper(d1_0.nombre) like upper(?) escape '\'
Hibernate: 
    /* <criteria> */ select
        d1_0.id,
        d1_0.actualizado_en,
        d1_0.codigo_penal,
        d1_0.creado_en,
        d1_0.descripcion,
        d1_0.nombre,
        d1_0.pena_maxima,
        d1_0.pena_minima,
        d1_0.tipo_pena,
        d1_0.valoracion 
    from
        delito d1_0 
    where
        upper(d1_0.nombre) like upper(?) escape '\'
&amp#27;[2m2025-05-11T11:17:46.566-03:00&amp#27;[0;39m &amp#27;[32m INFO&amp#27;[0;39m &amp#27;[35m16907&amp#27;[0;39m &amp#27;[2m---&amp#27;[0;39m &amp#27;[2m[           main]&amp#27;[0;39m &amp#27;[2m&amp#27;[0;39m&amp#27;[36mi.StatisticalLoggingSessionEventListener&amp#27;[0;39m &amp#27;[2m:&amp#27;[0;39m Session Metrics {
    7458 nanoseconds spent acquiring 1 JDBC connections;
    0 nanoseconds spent releasing 0 JDBC connections;
    23416 nanoseconds spent preparing 1 JDBC statements;
    929542 nanoseconds spent executing 1 JDBC statements;
    0 nanoseconds spent executing 0 JDBC batches;
    0 nanoseconds spent performing 0 L2C puts;
    0 nanoseconds spent performing 0 L2C hits;
    0 nanoseconds spent performing 0 L2C misses;
    0 nanoseconds spent executing 0 flushes (flushing a total of 0 entities and 0 collections);
    0 nanoseconds spent executing 0 partial-flushes (flushing a total of 0 entities and 0 collections)
}
&amp#27;[2m2025-05-11T11:17:46.567-03:00&amp#27;[0;39m &amp#27;[32mDEBUG&amp#27;[0;39m &amp#27;[35m16907&amp#27;[0;39m &amp#27;[2m---&amp#27;[0;39m &amp#27;[2m[           main]&amp#27;[0;39m &amp#27;[2m&amp#27;[0;39m&amp#27;[36morg.hibernate.SQL                       &amp#27;[0;39m &amp#27;[2m:&amp#27;[0;39m 
    /* <criteria> */ select
        d1_0.id,
        d1_0.actualizado_en,
        d1_0.codigo_penal,
        d1_0.creado_en,
        d1_0.descripcion,
        d1_0.nombre,
        d1_0.pena_maxima,
        d1_0.pena_minima,
        d1_0.tipo_pena,
        d1_0.valoracion 
    from
        delito d1_0 
    where
        upper(d1_0.nombre) like upper(?) escape '\'
Hibernate: 
    /* <criteria> */ select
        d1_0.id,
        d1_0.actualizado_en,
        d1_0.codigo_penal,
        d1_0.creado_en,
        d1_0.descripcion,
        d1_0.nombre,
        d1_0.pena_maxima,
        d1_0.pena_minima,
        d1_0.tipo_pena,
        d1_0.valoracion 
    from
        delito d1_0 
    where
        upper(d1_0.nombre) like upper(?) escape '\'
&amp#27;[2m2025-05-11T11:17:46.568-03:00&amp#27;[0;39m &amp#27;[32m INFO&amp#27;[0;39m &amp#27;[35m16907&amp#27;[0;39m &amp#27;[2m---&amp#27;[0;39m &amp#27;[2m[           main]&amp#27;[0;39m &amp#27;[2m&amp#27;[0;39m&amp#27;[36mi.StatisticalLoggingSessionEventListener&amp#27;[0;39m &amp#27;[2m:&amp#27;[0;39m Session Metrics {
    7459 nanoseconds spent acquiring 1 JDBC connections;
    0 nanoseconds spent releasing 0 JDBC connections;
    23709 nanoseconds spent preparing 1 JDBC statements;
    856042 nanoseconds spent executing 1 JDBC statements;
    0 nanoseconds spent executing 0 JDBC batches;
    0 nanoseconds spent performing 0 L2C puts;
    0 nanoseconds spent performing 0 L2C hits;
    0 nanoseconds spent performing 0 L2C misses;
    0 nanoseconds spent executing 0 flushes (flushing a total of 0 entities and 0 collections);
    0 nanoseconds spent executing 0 partial-flushes (flushing a total of 0 entities and 0 collections)
}
&amp#27;[2m2025-05-11T11:17:46.569-03:00&amp#27;[0;39m &amp#27;[32mDEBUG&amp#27;[0;39m &amp#27;[35m16907&amp#27;[0;39m &amp#27;[2m---&amp#27;[0;39m &amp#27;[2m[           main]&amp#27;[0;39m &amp#27;[2m&amp#27;[0;39m&amp#27;[36morg.hibernate.SQL                       &amp#27;[0;39m &amp#27;[2m:&amp#27;[0;39m 
    /* <criteria> */ select
        d1_0.id,
        d1_0.actualizado_en,
        d1_0.codigo_penal,
        d1_0.creado_en,
        d1_0.descripcion,
        d1_0.nombre,
        d1_0.pena_maxima,
        d1_0.pena_minima,
        d1_0.tipo_pena,
        d1_0.valoracion 
    from
        delito d1_0 
    where
        upper(d1_0.nombre) like upper(?) escape '\'
Hibernate: 
    /* <criteria> */ select
        d1_0.id,
        d1_0.actualizado_en,
        d1_0.codigo_penal,
        d1_0.creado_en,
        d1_0.descripcion,
        d1_0.nombre,
        d1_0.pena_maxima,
        d1_0.pena_minima,
        d1_0.tipo_pena,
        d1_0.valoracion 
    from
        delito d1_0 
    where
        upper(d1_0.nombre) like upper(?) escape '\'
&amp#27;[2m2025-05-11T11:17:46.570-03:00&amp#27;[0;39m &amp#27;[32m INFO&amp#27;[0;39m &amp#27;[35m16907&amp#27;[0;39m &amp#27;[2m---&amp#27;[0;39m &amp#27;[2m[           main]&amp#27;[0;39m &amp#27;[2m&amp#27;[0;39m&amp#27;[36mi.StatisticalLoggingSessionEventListener&amp#27;[0;39m &amp#27;[2m:&amp#27;[0;39m Session Metrics {
    7458 nanoseconds spent acquiring 1 JDBC connections;
    0 nanoseconds spent releasing 0 JDBC connections;
    23000 nanoseconds spent preparing 1 JDBC statements;
    820458 nanoseconds spent executing 1 JDBC statements;
    0 nanoseconds spent executing 0 JDBC batches;
    0 nanoseconds spent performing 0 L2C puts;
    0 nanoseconds spent performing 0 L2C hits;
    0 nanoseconds spent performing 0 L2C misses;
    0 nanoseconds spent executing 0 flushes (flushing a total of 0 entities and 0 collections);
    0 nanoseconds spent executing 0 partial-flushes (flushing a total of 0 entities and 0 collections)
}
&amp#27;[2m2025-05-11T11:17:46.570-03:00&amp#27;[0;39m &amp#27;[32mDEBUG&amp#27;[0;39m &amp#27;[35m16907&amp#27;[0;39m &amp#27;[2m---&amp#27;[0;39m &amp#27;[2m[           main]&amp#27;[0;39m &amp#27;[2m&amp#27;[0;39m&amp#27;[36morg.hibernate.SQL                       &amp#27;[0;39m &amp#27;[2m:&amp#27;[0;39m 
    /* <criteria> */ select
        d1_0.id,
        d1_0.actualizado_en,
        d1_0.codigo_penal,
        d1_0.creado_en,
        d1_0.descripcion,
        d1_0.nombre,
        d1_0.pena_maxima,
        d1_0.pena_minima,
        d1_0.tipo_pena,
        d1_0.valoracion 
    from
        delito d1_0 
    where
        upper(d1_0.nombre) like upper(?) escape '\'
Hibernate: 
    /* <criteria> */ select
        d1_0.id,
        d1_0.actualizado_en,
        d1_0.codigo_penal,
        d1_0.creado_en,
        d1_0.descripcion,
        d1_0.nombre,
        d1_0.pena_maxima,
        d1_0.pena_minima,
        d1_0.tipo_pena,
        d1_0.valoracion 
    from
        delito d1_0 
    where
        upper(d1_0.nombre) like upper(?) escape '\'
&amp#27;[2m2025-05-11T11:17:46.571-03:00&amp#27;[0;39m &amp#27;[32m INFO&amp#27;[0;39m &amp#27;[35m16907&amp#27;[0;39m &amp#27;[2m---&amp#27;[0;39m &amp#27;[2m[           main]&amp#27;[0;39m &amp#27;[2m&amp#27;[0;39m&amp#27;[36mi.StatisticalLoggingSessionEventListener&amp#27;[0;39m &amp#27;[2m:&amp#27;[0;39m Session Metrics {
    9375 nanoseconds spent acquiring 1 JDBC connections;
    0 nanoseconds spent releasing 0 JDBC connections;
    23916 nanoseconds spent preparing 1 JDBC statements;
    872250 nanoseconds spent executing 1 JDBC statements;
    0 nanoseconds spent executing 0 JDBC batches;
    0 nanoseconds spent performing 0 L2C puts;
    0 nanoseconds spent performing 0 L2C hits;
    0 nanoseconds spent performing 0 L2C misses;
    0 nanoseconds spent executing 0 flushes (flushing a total of 0 entities and 0 collections);
    0 nanoseconds spent executing 0 partial-flushes (flushing a total of 0 entities and 0 collections)
}
&amp#27;[2m2025-05-11T11:17:46.572-03:00&amp#27;[0;39m &amp#27;[32mDEBUG&amp#27;[0;39m &amp#27;[35m16907&amp#27;[0;39m &amp#27;[2m---&amp#27;[0;39m &amp#27;[2m[           main]&amp#27;[0;39m &amp#27;[2m&amp#27;[0;39m&amp#27;[36morg.hibernate.SQL                       &amp#27;[0;39m &amp#27;[2m:&amp#27;[0;39m 
    /* <criteria> */ select
        d1_0.id,
        d1_0.actualizado_en,
        d1_0.codigo_penal,
        d1_0.creado_en,
        d1_0.descripcion,
        d1_0.nombre,
        d1_0.pena_maxima,
        d1_0.pena_minima,
        d1_0.tipo_pena,
        d1_0.valoracion 
    from
        delito d1_0 
    where
        upper(d1_0.nombre) like upper(?) escape '\'
Hibernate: 
    /* <criteria> */ select
        d1_0.id,
        d1_0.actualizado_en,
        d1_0.codigo_penal,
        d1_0.creado_en,
        d1_0.descripcion,
        d1_0.nombre,
        d1_0.pena_maxima,
        d1_0.pena_minima,
        d1_0.tipo_pena,
        d1_0.valoracion 
    from
        delito d1_0 
    where
        upper(d1_0.nombre) like upper(?) escape '\'
&amp#27;[2m2025-05-11T11:17:46.573-03:00&amp#27;[0;39m &amp#27;[32m INFO&amp#27;[0;39m &amp#27;[35m16907&amp#27;[0;39m &amp#27;[2m---&amp#27;[0;39m &amp#27;[2m[           main]&amp#27;[0;39m &amp#27;[2m&amp#27;[0;39m&amp#27;[36mi.StatisticalLoggingSessionEventListener&amp#27;[0;39m &amp#27;[2m:&amp#27;[0;39m Session Metrics {
    7583 nanoseconds spent acquiring 1 JDBC connections;
    0 nanoseconds spent releasing 0 JDBC connections;
    24417 nanoseconds spent preparing 1 JDBC statements;
    854083 nanoseconds spent executing 1 JDBC statements;
    0 nanoseconds spent executing 0 JDBC batches;
    0 nanoseconds spent performing 0 L2C puts;
    0 nanoseconds spent performing 0 L2C hits;
    0 nanoseconds spent performing 0 L2C misses;
    0 nanoseconds spent executing 0 flushes (flushing a total of 0 entities and 0 collections);
    0 nanoseconds spent executing 0 partial-flushes (flushing a total of 0 entities and 0 collections)
}
&amp#27;[2m2025-05-11T11:17:46.574-03:00&amp#27;[0;39m &amp#27;[32mDEBUG&amp#27;[0;39m &amp#27;[35m16907&amp#27;[0;39m &amp#27;[2m---&amp#27;[0;39m &amp#27;[2m[           main]&amp#27;[0;39m &amp#27;[2m&amp#27;[0;39m&amp#27;[36morg.hibernate.SQL                       &amp#27;[0;39m &amp#27;[2m:&amp#27;[0;39m 
    /* <criteria> */ select
        d1_0.id,
        d1_0.actualizado_en,
        d1_0.codigo_penal,
        d1_0.creado_en,
        d1_0.descripcion,
        d1_0.nombre,
        d1_0.pena_maxima,
        d1_0.pena_minima,
        d1_0.tipo_pena,
        d1_0.valoracion 
    from
        delito d1_0 
    where
        upper(d1_0.nombre) like upper(?) escape '\'
Hibernate: 
    /* <criteria> */ select
        d1_0.id,
        d1_0.actualizado_en,
        d1_0.codigo_penal,
        d1_0.creado_en,
        d1_0.descripcion,
        d1_0.nombre,
        d1_0.pena_maxima,
        d1_0.pena_minima,
        d1_0.tipo_pena,
        d1_0.valoracion 
    from
        delito d1_0 
    where
        upper(d1_0.nombre) like upper(?) escape '\'
&amp#27;[2m2025-05-11T11:17:46.575-03:00&amp#27;[0;39m &amp#27;[32m INFO&amp#27;[0;39m &amp#27;[35m16907&amp#27;[0;39m &amp#27;[2m---&amp#27;[0;39m &amp#27;[2m[           main]&amp#27;[0;39m &amp#27;[2m&amp#27;[0;39m&amp#27;[36mi.StatisticalLoggingSessionEventListener&amp#27;[0;39m &amp#27;[2m:&amp#27;[0;39m Session Metrics {
    7083 nanoseconds spent acquiring 1 JDBC connections;
    0 nanoseconds spent releasing 0 JDBC connections;
    26542 nanoseconds spent preparing 1 JDBC statements;
    907417 nanoseconds spent executing 1 JDBC statements;
    0 nanoseconds spent executing 0 JDBC batches;
    0 nanoseconds spent performing 0 L2C puts;
    0 nanoseconds spent performing 0 L2C hits;
    0 nanoseconds spent performing 0 L2C misses;
    0 nanoseconds spent executing 0 flushes (flushing a total of 0 entities and 0 collections);
    0 nanoseconds spent executing 0 partial-flushes (flushing a total of 0 entities and 0 collections)
}
&amp#27;[2m2025-05-11T11:17:46.575-03:00&amp#27;[0;39m &amp#27;[32mDEBUG&amp#27;[0;39m &amp#27;[35m16907&amp#27;[0;39m &amp#27;[2m---&amp#27;[0;39m &amp#27;[2m[           main]&amp#27;[0;39m &amp#27;[2m&amp#27;[0;39m&amp#27;[36morg.hibernate.SQL                       &amp#27;[0;39m &amp#27;[2m:&amp#27;[0;39m 
    /* <criteria> */ select
        d1_0.id,
        d1_0.actualizado_en,
        d1_0.codigo_penal,
        d1_0.creado_en,
        d1_0.descripcion,
        d1_0.nombre,
        d1_0.pena_maxima,
        d1_0.pena_minima,
        d1_0.tipo_pena,
        d1_0.valoracion 
    from
        delito d1_0 
    where
        upper(d1_0.nombre) like upper(?) escape '\'
Hibernate: 
    /* <criteria> */ select
        d1_0.id,
        d1_0.actualizado_en,
        d1_0.codigo_penal,
        d1_0.creado_en,
        d1_0.descripcion,
        d1_0.nombre,
        d1_0.pena_maxima,
        d1_0.pena_minima,
        d1_0.tipo_pena,
        d1_0.valoracion 
    from
        delito d1_0 
    where
        upper(d1_0.nombre) like upper(?) escape '\'
&amp#27;[2m2025-05-11T11:17:46.577-03:00&amp#27;[0;39m &amp#27;[32m INFO&amp#27;[0;39m &amp#27;[35m16907&amp#27;[0;39m &amp#27;[2m---&amp#27;[0;39m &amp#27;[2m[           main]&amp#27;[0;39m &amp#27;[2m&amp#27;[0;39m&amp#27;[36mi.StatisticalLoggingSessionEventListener&amp#27;[0;39m &amp#27;[2m:&amp#27;[0;39m Session Metrics {
    7583 nanoseconds spent acquiring 1 JDBC connections;
    0 nanoseconds spent releasing 0 JDBC connections;
    24292 nanoseconds spent preparing 1 JDBC statements;
    904167 nanoseconds spent executing 1 JDBC statements;
    0 nanoseconds spent executing 0 JDBC batches;
    0 nanoseconds spent performing 0 L2C puts;
    0 nanoseconds spent performing 0 L2C hits;
    0 nanoseconds spent performing 0 L2C misses;
    0 nanoseconds spent executing 0 flushes (flushing a total of 0 entities and 0 collections);
    0 nanoseconds spent executing 0 partial-flushes (flushing a total of 0 entities and 0 collections)
}
&amp#27;[2m2025-05-11T11:17:46.577-03:00&amp#27;[0;39m &amp#27;[32mDEBUG&amp#27;[0;39m &amp#27;[35m16907&amp#27;[0;39m &amp#27;[2m---&amp#27;[0;39m &amp#27;[2m[           main]&amp#27;[0;39m &amp#27;[2m&amp#27;[0;39m&amp#27;[36morg.hibernate.SQL                       &amp#27;[0;39m &amp#27;[2m:&amp#27;[0;39m 
    /* <criteria> */ select
        d1_0.id,
        d1_0.actualizado_en,
        d1_0.codigo_penal,
        d1_0.creado_en,
        d1_0.descripcion,
        d1_0.nombre,
        d1_0.pena_maxima,
        d1_0.pena_minima,
        d1_0.tipo_pena,
        d1_0.valoracion 
    from
        delito d1_0 
    where
        upper(d1_0.nombre) like upper(?) escape '\'
Hibernate: 
    /* <criteria> */ select
        d1_0.id,
        d1_0.actualizado_en,
        d1_0.codigo_penal,
        d1_0.creado_en,
        d1_0.descripcion,
        d1_0.nombre,
        d1_0.pena_maxima,
        d1_0.pena_minima,
        d1_0.tipo_pena,
        d1_0.valoracion 
    from
        delito d1_0 
    where
        upper(d1_0.nombre) like upper(?) escape '\'
&amp#27;[2m2025-05-11T11:17:46.578-03:00&amp#27;[0;39m &amp#27;[32m INFO&amp#27;[0;39m &amp#27;[35m16907&amp#27;[0;39m &amp#27;[2m---&amp#27;[0;39m &amp#27;[2m[           main]&amp#27;[0;39m &amp#27;[2m&amp#27;[0;39m&amp#27;[36mi.StatisticalLoggingSessionEventListener&amp#27;[0;39m &amp#27;[2m:&amp#27;[0;39m Session Metrics {
    7333 nanoseconds spent acquiring 1 JDBC connections;
    0 nanoseconds spent releasing 0 JDBC connections;
    23709 nanoseconds spent preparing 1 JDBC statements;
    816250 nanoseconds spent executing 1 JDBC statements;
    0 nanoseconds spent executing 0 JDBC batches;
    0 nanoseconds spent performing 0 L2C puts;
    0 nanoseconds spent performing 0 L2C hits;
    0 nanoseconds spent performing 0 L2C misses;
    0 nanoseconds spent executing 0 flushes (flushing a total of 0 entities and 0 collections);
    0 nanoseconds spent executing 0 partial-flushes (flushing a total of 0 entities and 0 collections)
}
&amp#27;[2m2025-05-11T11:17:46.579-03:00&amp#27;[0;39m &amp#27;[32mDEBUG&amp#27;[0;39m &amp#27;[35m16907&amp#27;[0;39m &amp#27;[2m---&amp#27;[0;39m &amp#27;[2m[           main]&amp#27;[0;39m &amp#27;[2m&amp#27;[0;39m&amp#27;[36morg.hibernate.SQL                       &amp#27;[0;39m &amp#27;[2m:&amp#27;[0;39m 
    /* <criteria> */ select
        d1_0.id,
        d1_0.actualizado_en,
        d1_0.codigo_penal,
        d1_0.creado_en,
        d1_0.descripcion,
        d1_0.nombre,
        d1_0.pena_maxima,
        d1_0.pena_minima,
        d1_0.tipo_pena,
        d1_0.valoracion 
    from
        delito d1_0 
    where
        upper(d1_0.nombre) like upper(?) escape '\'
Hibernate: 
    /* <criteria> */ select
        d1_0.id,
        d1_0.actualizado_en,
        d1_0.codigo_penal,
        d1_0.creado_en,
        d1_0.descripcion,
        d1_0.nombre,
        d1_0.pena_maxima,
        d1_0.pena_minima,
        d1_0.tipo_pena,
        d1_0.valoracion 
    from
        delito d1_0 
    where
        upper(d1_0.nombre) like upper(?) escape '\'
&amp#27;[2m2025-05-11T11:17:46.580-03:00&amp#27;[0;39m &amp#27;[32m INFO&amp#27;[0;39m &amp#27;[35m16907&amp#27;[0;39m &amp#27;[2m---&amp#27;[0;39m &amp#27;[2m[           main]&amp#27;[0;39m &amp#27;[2m&amp#27;[0;39m&amp#27;[36mi.StatisticalLoggingSessionEventListener&amp#27;[0;39m &amp#27;[2m:&amp#27;[0;39m Session Metrics {
    8917 nanoseconds spent acquiring 1 JDBC connections;
    0 nanoseconds spent releasing 0 JDBC connections;
    28125 nanoseconds spent preparing 1 JDBC statements;
    1022042 nanoseconds spent executing 1 JDBC statements;
    0 nanoseconds spent executing 0 JDBC batches;
    0 nanoseconds spent performing 0 L2C puts;
    0 nanoseconds spent performing 0 L2C hits;
    0 nanoseconds spent performing 0 L2C misses;
    0 nanoseconds spent executing 0 flushes (flushing a total of 0 entities and 0 collections);
    0 nanoseconds spent executing 0 partial-flushes (flushing a total of 0 entities and 0 collections)
}
&amp#27;[2m2025-05-11T11:17:46.581-03:00&amp#27;[0;39m &amp#27;[32mDEBUG&amp#27;[0;39m &amp#27;[35m16907&amp#27;[0;39m &amp#27;[2m---&amp#27;[0;39m &amp#27;[2m[           main]&amp#27;[0;39m &amp#27;[2m&amp#27;[0;39m&amp#27;[36morg.hibernate.SQL                       &amp#27;[0;39m &amp#27;[2m:&amp#27;[0;39m 
    /* <criteria> */ select
        d1_0.id,
        d1_0.actualizado_en,
        d1_0.codigo_penal,
        d1_0.creado_en,
        d1_0.descripcion,
        d1_0.nombre,
        d1_0.pena_maxima,
        d1_0.pena_minima,
        d1_0.tipo_pena,
        d1_0.valoracion 
    from
        delito d1_0 
    where
        upper(d1_0.nombre) like upper(?) escape '\'
Hibernate: 
    /* <criteria> */ select
        d1_0.id,
        d1_0.actualizado_en,
        d1_0.codigo_penal,
        d1_0.creado_en,
        d1_0.descripcion,
        d1_0.nombre,
        d1_0.pena_maxima,
        d1_0.pena_minima,
        d1_0.tipo_pena,
        d1_0.valoracion 
    from
        delito d1_0 
    where
        upper(d1_0.nombre) like upper(?) escape '\'
&amp#27;[2m2025-05-11T11:17:46.582-03:00&amp#27;[0;39m &amp#27;[32m INFO&amp#27;[0;39m &amp#27;[35m16907&amp#27;[0;39m &amp#27;[2m---&amp#27;[0;39m &amp#27;[2m[           main]&amp#27;[0;39m &amp#27;[2m&amp#27;[0;39m&amp#27;[36mi.StatisticalLoggingSessionEventListener&amp#27;[0;39m &amp#27;[2m:&amp#27;[0;39m Session Metrics {
    9375 nanoseconds spent acquiring 1 JDBC connections;
    0 nanoseconds spent releasing 0 JDBC connections;
    28875 nanoseconds spent preparing 1 JDBC statements;
    914750 nanoseconds spent executing 1 JDBC statements;
    0 nanoseconds spent executing 0 JDBC batches;
    0 nanoseconds spent performing 0 L2C puts;
    0 nanoseconds spent performing 0 L2C hits;
    0 nanoseconds spent performing 0 L2C misses;
    0 nanoseconds spent executing 0 flushes (flushing a total of 0 entities and 0 collections);
    0 nanoseconds spent executing 0 partial-flushes (flushing a total of 0 entities and 0 collections)
}
&amp#27;[2m2025-05-11T11:17:46.583-03:00&amp#27;[0;39m &amp#27;[32mDEBUG&amp#27;[0;39m &amp#27;[35m16907&amp#27;[0;39m &amp#27;[2m---&amp#27;[0;39m &amp#27;[2m[           main]&amp#27;[0;39m &amp#27;[2m&amp#27;[0;39m&amp#27;[36morg.hibernate.SQL                       &amp#27;[0;39m &amp#27;[2m:&amp#27;[0;39m 
    /* <criteria> */ select
        d1_0.id,
        d1_0.actualizado_en,
        d1_0.codigo_penal,
        d1_0.creado_en,
        d1_0.descripcion,
        d1_0.nombre,
        d1_0.pena_maxima,
        d1_0.pena_minima,
        d1_0.tipo_pena,
        d1_0.valoracion 
    from
        delito d1_0 
    where
        upper(d1_0.nombre) like upper(?) escape '\'
Hibernate: 
    /* <criteria> */ select
        d1_0.id,
        d1_0.actualizado_en,
        d1_0.codigo_penal,
        d1_0.creado_en,
        d1_0.descripcion,
        d1_0.nombre,
        d1_0.pena_maxima,
        d1_0.pena_minima,
        d1_0.tipo_pena,
        d1_0.valoracion 
    from
        delito d1_0 
    where
        upper(d1_0.nombre) like upper(?) escape '\'
&amp#27;[2m2025-05-11T11:17:46.584-03:00&amp#27;[0;39m &amp#27;[32m INFO&amp#27;[0;39m &amp#27;[35m16907&amp#27;[0;39m &amp#27;[2m---&amp#27;[0;39m &amp#27;[2m[           main]&amp#27;[0;39m &amp#27;[2m&amp#27;[0;39m&amp#27;[36mi.StatisticalLoggingSessionEventListener&amp#27;[0;39m &amp#27;[2m:&amp#27;[0;39m Session Metrics {
    10375 nanoseconds spent acquiring 1 JDBC connections;
    0 nanoseconds spent releasing 0 JDBC connections;
    31750 nanoseconds spent preparing 1 JDBC statements;
    970041 nanoseconds spent executing 1 JDBC statements;
    0 nanoseconds spent executing 0 JDBC batches;
    0 nanoseconds spent performing 0 L2C puts;
    0 nanoseconds spent performing 0 L2C hits;
    0 nanoseconds spent performing 0 L2C misses;
    0 nanoseconds spent executing 0 flushes (flushing a total of 0 entities and 0 collections);
    0 nanoseconds spent executing 0 partial-flushes (flushing a total of 0 entities and 0 collections)
}
&amp#27;[2m2025-05-11T11:17:46.585-03:00&amp#27;[0;39m &amp#27;[32mDEBUG&amp#27;[0;39m &amp#27;[35m16907&amp#27;[0;39m &amp#27;[2m---&amp#27;[0;39m &amp#27;[2m[           main]&amp#27;[0;39m &amp#27;[2m&amp#27;[0;39m&amp#27;[36morg.hibernate.SQL                       &amp#27;[0;39m &amp#27;[2m:&amp#27;[0;39m 
    /* <criteria> */ select
        d1_0.id,
        d1_0.actualizado_en,
        d1_0.codigo_penal,
        d1_0.creado_en,
        d1_0.descripcion,
        d1_0.nombre,
        d1_0.pena_maxima,
        d1_0.pena_minima,
        d1_0.tipo_pena,
        d1_0.valoracion 
    from
        delito d1_0 
    where
        upper(d1_0.nombre) like upper(?) escape '\'
Hibernate: 
    /* <criteria> */ select
        d1_0.id,
        d1_0.actualizado_en,
        d1_0.codigo_penal,
        d1_0.creado_en,
        d1_0.descripcion,
        d1_0.nombre,
        d1_0.pena_maxima,
        d1_0.pena_minima,
        d1_0.tipo_pena,
        d1_0.valoracion 
    from
        delito d1_0 
    where
        upper(d1_0.nombre) like upper(?) escape '\'
&amp#27;[2m2025-05-11T11:17:46.586-03:00&amp#27;[0;39m &amp#27;[32m INFO&amp#27;[0;39m &amp#27;[35m16907&amp#27;[0;39m &amp#27;[2m---&amp#27;[0;39m &amp#27;[2m[           main]&amp#27;[0;39m &amp#27;[2m&amp#27;[0;39m&amp#27;[36mi.StatisticalLoggingSessionEventListener&amp#27;[0;39m &amp#27;[2m:&amp#27;[0;39m Session Metrics {
    9166 nanoseconds spent acquiring 1 JDBC connections;
    0 nanoseconds spent releasing 0 JDBC connections;
    30542 nanoseconds spent preparing 1 JDBC statements;
    1064750 nanoseconds spent executing 1 JDBC statements;
    0 nanoseconds spent executing 0 JDBC batches;
    0 nanoseconds spent performing 0 L2C puts;
    0 nanoseconds spent performing 0 L2C hits;
    0 nanoseconds spent performing 0 L2C misses;
    0 nanoseconds spent executing 0 flushes (flushing a total of 0 entities and 0 collections);
    0 nanoseconds spent executing 0 partial-flushes (flushing a total of 0 entities and 0 collections)
}
&amp#27;[2m2025-05-11T11:17:46.587-03:00&amp#27;[0;39m &amp#27;[32mDEBUG&amp#27;[0;39m &amp#27;[35m16907&amp#27;[0;39m &amp#27;[2m---&amp#27;[0;39m &amp#27;[2m[           main]&amp#27;[0;39m &amp#27;[2m&amp#27;[0;39m&amp#27;[36morg.hibernate.SQL                       &amp#27;[0;39m &amp#27;[2m:&amp#27;[0;39m 
    /* <criteria> */ select
        d1_0.id,
        d1_0.actualizado_en,
        d1_0.codigo_penal,
        d1_0.creado_en,
        d1_0.descripcion,
        d1_0.nombre,
        d1_0.pena_maxima,
        d1_0.pena_minima,
        d1_0.tipo_pena,
        d1_0.valoracion 
    from
        delito d1_0 
    where
        upper(d1_0.nombre) like upper(?) escape '\'
Hibernate: 
    /* <criteria> */ select
        d1_0.id,
        d1_0.actualizado_en,
        d1_0.codigo_penal,
        d1_0.creado_en,
        d1_0.descripcion,
        d1_0.nombre,
        d1_0.pena_maxima,
        d1_0.pena_minima,
        d1_0.tipo_pena,
        d1_0.valoracion 
    from
        delito d1_0 
    where
        upper(d1_0.nombre) like upper(?) escape '\'
&amp#27;[2m2025-05-11T11:17:46.588-03:00&amp#27;[0;39m &amp#27;[32m INFO&amp#27;[0;39m &amp#27;[35m16907&amp#27;[0;39m &amp#27;[2m---&amp#27;[0;39m &amp#27;[2m[           main]&amp#27;[0;39m &amp#27;[2m&amp#27;[0;39m&amp#27;[36mi.StatisticalLoggingSessionEventListener&amp#27;[0;39m &amp#27;[2m:&amp#27;[0;39m Session Metrics {
    8917 nanoseconds spent acquiring 1 JDBC connections;
    0 nanoseconds spent releasing 0 JDBC connections;
    24958 nanoseconds spent preparing 1 JDBC statements;
    780000 nanoseconds spent executing 1 JDBC statements;
    0 nanoseconds spent executing 0 JDBC batches;
    0 nanoseconds spent performing 0 L2C puts;
    0 nanoseconds spent performing 0 L2C hits;
    0 nanoseconds spent performing 0 L2C misses;
    0 nanoseconds spent executing 0 flushes (flushing a total of 0 entities and 0 collections);
    0 nanoseconds spent executing 0 partial-flushes (flushing a total of 0 entities and 0 collections)
}
&amp#27;[2m2025-05-11T11:17:46.589-03:00&amp#27;[0;39m &amp#27;[32mDEBUG&amp#27;[0;39m &amp#27;[35m16907&amp#27;[0;39m &amp#27;[2m---&amp#27;[0;39m &amp#27;[2m[           main]&amp#27;[0;39m &amp#27;[2m&amp#27;[0;39m&amp#27;[36morg.hibernate.SQL                       &amp#27;[0;39m &amp#27;[2m:&amp#27;[0;39m 
    /* <criteria> */ select
        d1_0.id,
        d1_0.actualizado_en,
        d1_0.codigo_penal,
        d1_0.creado_en,
        d1_0.descripcion,
        d1_0.nombre,
        d1_0.pena_maxima,
        d1_0.pena_minima,
        d1_0.tipo_pena,
        d1_0.valoracion 
    from
        delito d1_0 
    where
        upper(d1_0.nombre) like upper(?) escape '\'
Hibernate: 
    /* <criteria> */ select
        d1_0.id,
        d1_0.actualizado_en,
        d1_0.codigo_penal,
        d1_0.creado_en,
        d1_0.descripcion,
        d1_0.nombre,
        d1_0.pena_maxima,
        d1_0.pena_minima,
        d1_0.tipo_pena,
        d1_0.valoracion 
    from
        delito d1_0 
    where
        upper(d1_0.nombre) like upper(?) escape '\'
&amp#27;[2m2025-05-11T11:17:46.590-03:00&amp#27;[0;39m &amp#27;[32m INFO&amp#27;[0;39m &amp#27;[35m16907&amp#27;[0;39m &amp#27;[2m---&amp#27;[0;39m &amp#27;[2m[           main]&amp#27;[0;39m &amp#27;[2m&amp#27;[0;39m&amp#27;[36mi.StatisticalLoggingSessionEventListener&amp#27;[0;39m &amp#27;[2m:&amp#27;[0;39m Session Metrics {
    8000 nanoseconds spent acquiring 1 JDBC connections;
    0 nanoseconds spent releasing 0 JDBC connections;
    25667 nanoseconds spent preparing 1 JDBC statements;
    1080708 nanoseconds spent executing 1 JDBC statements;
    0 nanoseconds spent executing 0 JDBC batches;
    0 nanoseconds spent performing 0 L2C puts;
    0 nanoseconds spent performing 0 L2C hits;
    0 nanoseconds spent performing 0 L2C misses;
    0 nanoseconds spent executing 0 flushes (flushing a total of 0 entities and 0 collections);
    0 nanoseconds spent executing 0 partial-flushes (flushing a total of 0 entities and 0 collections)
}
&amp#27;[2m2025-05-11T11:17:46.591-03:00&amp#27;[0;39m &amp#27;[32mDEBUG&amp#27;[0;39m &amp#27;[35m16907&amp#27;[0;39m &amp#27;[2m---&amp#27;[0;39m &amp#27;[2m[           main]&amp#27;[0;39m &amp#27;[2m&amp#27;[0;39m&amp#27;[36morg.hibernate.SQL                       &amp#27;[0;39m &amp#27;[2m:&amp#27;[0;39m 
    /* <criteria> */ select
        d1_0.id,
        d1_0.actualizado_en,
        d1_0.codigo_penal,
        d1_0.creado_en,
        d1_0.descripcion,
        d1_0.nombre,
        d1_0.pena_maxima,
        d1_0.pena_minima,
        d1_0.tipo_pena,
        d1_0.valoracion 
    from
        delito d1_0 
    where
        upper(d1_0.nombre) like upper(?) escape '\'
Hibernate: 
    /* <criteria> */ select
        d1_0.id,
        d1_0.actualizado_en,
        d1_0.codigo_penal,
        d1_0.creado_en,
        d1_0.descripcion,
        d1_0.nombre,
        d1_0.pena_maxima,
        d1_0.pena_minima,
        d1_0.tipo_pena,
        d1_0.valoracion 
    from
        delito d1_0 
    where
        upper(d1_0.nombre) like upper(?) escape '\'
&amp#27;[2m2025-05-11T11:17:46.592-03:00&amp#27;[0;39m &amp#27;[32m INFO&amp#27;[0;39m &amp#27;[35m16907&amp#27;[0;39m &amp#27;[2m---&amp#27;[0;39m &amp#27;[2m[           main]&amp#27;[0;39m &amp#27;[2m&amp#27;[0;39m&amp#27;[36mi.StatisticalLoggingSessionEventListener&amp#27;[0;39m &amp#27;[2m:&amp#27;[0;39m Session Metrics {
    8667 nanoseconds spent acquiring 1 JDBC connections;
    0 nanoseconds spent releasing 0 JDBC connections;
    27250 nanoseconds spent preparing 1 JDBC statements;
    899583 nanoseconds spent executing 1 JDBC statements;
    0 nanoseconds spent executing 0 JDBC batches;
    0 nanoseconds spent performing 0 L2C puts;
    0 nanoseconds spent performing 0 L2C hits;
    0 nanoseconds spent performing 0 L2C misses;
    0 nanoseconds spent executing 0 flushes (flushing a total of 0 entities and 0 collections);
    0 nanoseconds spent executing 0 partial-flushes (flushing a total of 0 entities and 0 collections)
}
&amp#27;[2m2025-05-11T11:17:46.593-03:00&amp#27;[0;39m &amp#27;[32mDEBUG&amp#27;[0;39m &amp#27;[35m16907&amp#27;[0;39m &amp#27;[2m---&amp#27;[0;39m &amp#27;[2m[           main]&amp#27;[0;39m &amp#27;[2m&amp#27;[0;39m&amp#27;[36morg.hibernate.SQL                       &amp#27;[0;39m &amp#27;[2m:&amp#27;[0;39m 
    /* <criteria> */ select
        d1_0.id,
        d1_0.actualizado_en,
        d1_0.codigo_penal,
        d1_0.creado_en,
        d1_0.descripcion,
        d1_0.nombre,
        d1_0.pena_maxima,
        d1_0.pena_minima,
        d1_0.tipo_pena,
        d1_0.valoracion 
    from
        delito d1_0 
    where
        upper(d1_0.nombre) like upper(?) escape '\'
Hibernate: 
    /* <criteria> */ select
        d1_0.id,
        d1_0.actualizado_en,
        d1_0.codigo_penal,
        d1_0.creado_en,
        d1_0.descripcion,
        d1_0.nombre,
        d1_0.pena_maxima,
        d1_0.pena_minima,
        d1_0.tipo_pena,
        d1_0.valoracion 
    from
        delito d1_0 
    where
        upper(d1_0.nombre) like upper(?) escape '\'
&amp#27;[2m2025-05-11T11:17:46.594-03:00&amp#27;[0;39m &amp#27;[32m INFO&amp#27;[0;39m &amp#27;[35m16907&amp#27;[0;39m &amp#27;[2m---&amp#27;[0;39m &amp#27;[2m[           main]&amp#27;[0;39m &amp#27;[2m&amp#27;[0;39m&amp#27;[36mi.StatisticalLoggingSessionEventListener&amp#27;[0;39m &amp#27;[2m:&amp#27;[0;39m Session Metrics {
    10250 nanoseconds spent acquiring 1 JDBC connections;
    0 nanoseconds spent releasing 0 JDBC connections;
    40875 nanoseconds spent preparing 1 JDBC statements;
    1063417 nanoseconds spent executing 1 JDBC statements;
    0 nanoseconds spent executing 0 JDBC batches;
    0 nanoseconds spent performing 0 L2C puts;
    0 nanoseconds spent performing 0 L2C hits;
    0 nanoseconds spent performing 0 L2C misses;
    0 nanoseconds spent executing 0 flushes (flushing a total of 0 entities and 0 collections);
    0 nanoseconds spent executing 0 partial-flushes (flushing a total of 0 entities and 0 collections)
}
&amp#27;[2m2025-05-11T11:17:46.595-03:00&amp#27;[0;39m &amp#27;[32mDEBUG&amp#27;[0;39m &amp#27;[35m16907&amp#27;[0;39m &amp#27;[2m---&amp#27;[0;39m &amp#27;[2m[           main]&amp#27;[0;39m &amp#27;[2m&amp#27;[0;39m&amp#27;[36morg.hibernate.SQL                       &amp#27;[0;39m &amp#27;[2m:&amp#27;[0;39m 
    /* <criteria> */ select
        d1_0.id,
        d1_0.actualizado_en,
        d1_0.codigo_penal,
        d1_0.creado_en,
        d1_0.descripcion,
        d1_0.nombre,
        d1_0.pena_maxima,
        d1_0.pena_minima,
        d1_0.tipo_pena,
        d1_0.valoracion 
    from
        delito d1_0 
    where
        upper(d1_0.nombre) like upper(?) escape '\'
Hibernate: 
    /* <criteria> */ select
        d1_0.id,
        d1_0.actualizado_en,
        d1_0.codigo_penal,
        d1_0.creado_en,
        d1_0.descripcion,
        d1_0.nombre,
        d1_0.pena_maxima,
        d1_0.pena_minima,
        d1_0.tipo_pena,
        d1_0.valoracion 
    from
        delito d1_0 
    where
        upper(d1_0.nombre) like upper(?) escape '\'
&amp#27;[2m2025-05-11T11:17:46.596-03:00&amp#27;[0;39m &amp#27;[32m INFO&amp#27;[0;39m &amp#27;[35m16907&amp#27;[0;39m &amp#27;[2m---&amp#27;[0;39m &amp#27;[2m[           main]&amp#27;[0;39m &amp#27;[2m&amp#27;[0;39m&amp#27;[36mi.StatisticalLoggingSessionEventListener&amp#27;[0;39m &amp#27;[2m:&amp#27;[0;39m Session Metrics {
    8916 nanoseconds spent acquiring 1 JDBC connections;
    0 nanoseconds spent releasing 0 JDBC connections;
    27083 nanoseconds spent preparing 1 JDBC statements;
    895000 nanoseconds spent executing 1 JDBC statements;
    0 nanoseconds spent executing 0 JDBC batches;
    0 nanoseconds spent performing 0 L2C puts;
    0 nanoseconds spent performing 0 L2C hits;
    0 nanoseconds spent performing 0 L2C misses;
    0 nanoseconds spent executing 0 flushes (flushing a total of 0 entities and 0 collections);
    0 nanoseconds spent executing 0 partial-flushes (flushing a total of 0 entities and 0 collections)
}
&amp#27;[2m2025-05-11T11:17:46.597-03:00&amp#27;[0;39m &amp#27;[32mDEBUG&amp#27;[0;39m &amp#27;[35m16907&amp#27;[0;39m &amp#27;[2m---&amp#27;[0;39m &amp#27;[2m[           main]&amp#27;[0;39m &amp#27;[2m&amp#27;[0;39m&amp#27;[36morg.hibernate.SQL                       &amp#27;[0;39m &amp#27;[2m:&amp#27;[0;39m 
    /* <criteria> */ select
        d1_0.id,
        d1_0.actualizado_en,
        d1_0.codigo_penal,
        d1_0.creado_en,
        d1_0.descripcion,
        d1_0.nombre,
        d1_0.pena_maxima,
        d1_0.pena_minima,
        d1_0.tipo_pena,
        d1_0.valoracion 
    from
        delito d1_0 
    where
        upper(d1_0.nombre) like upper(?) escape '\'
Hibernate: 
    /* <criteria> */ select
        d1_0.id,
        d1_0.actualizado_en,
        d1_0.codigo_penal,
        d1_0.creado_en,
        d1_0.descripcion,
        d1_0.nombre,
        d1_0.pena_maxima,
        d1_0.pena_minima,
        d1_0.tipo_pena,
        d1_0.valoracion 
    from
        delito d1_0 
    where
        upper(d1_0.nombre) like upper(?) escape '\'
&amp#27;[2m2025-05-11T11:17:46.598-03:00&amp#27;[0;39m &amp#27;[32m INFO&amp#27;[0;39m &amp#27;[35m16907&amp#27;[0;39m &amp#27;[2m---&amp#27;[0;39m &amp#27;[2m[           main]&amp#27;[0;39m &amp#27;[2m&amp#27;[0;39m&amp#27;[36mi.StatisticalLoggingSessionEventListener&amp#27;[0;39m &amp#27;[2m:&amp#27;[0;39m Session Metrics {
    10083 nanoseconds spent acquiring 1 JDBC connections;
    0 nanoseconds spent releasing 0 JDBC connections;
    31792 nanoseconds spent preparing 1 JDBC statements;
    833500 nanoseconds spent executing 1 JDBC statements;
    0 nanoseconds spent executing 0 JDBC batches;
    0 nanoseconds spent performing 0 L2C puts;
    0 nanoseconds spent performing 0 L2C hits;
    0 nanoseconds spent performing 0 L2C misses;
    0 nanoseconds spent executing 0 flushes (flushing a total of 0 entities and 0 collections);
    0 nanoseconds spent executing 0 partial-flushes (flushing a total of 0 entities and 0 collections)
}
&amp#27;[2m2025-05-11T11:17:46.599-03:00&amp#27;[0;39m &amp#27;[32mDEBUG&amp#27;[0;39m &amp#27;[35m16907&amp#27;[0;39m &amp#27;[2m---&amp#27;[0;39m &amp#27;[2m[           main]&amp#27;[0;39m &amp#27;[2m&amp#27;[0;39m&amp#27;[36morg.hibernate.SQL                       &amp#27;[0;39m &amp#27;[2m:&amp#27;[0;39m 
    /* <criteria> */ select
        d1_0.id,
        d1_0.actualizado_en,
        d1_0.codigo_penal,
        d1_0.creado_en,
        d1_0.descripcion,
        d1_0.nombre,
        d1_0.pena_maxima,
        d1_0.pena_minima,
        d1_0.tipo_pena,
        d1_0.valoracion 
    from
        delito d1_0 
    where
        upper(d1_0.nombre) like upper(?) escape '\'
Hibernate: 
    /* <criteria> */ select
        d1_0.id,
        d1_0.actualizado_en,
        d1_0.codigo_penal,
        d1_0.creado_en,
        d1_0.descripcion,
        d1_0.nombre,
        d1_0.pena_maxima,
        d1_0.pena_minima,
        d1_0.tipo_pena,
        d1_0.valoracion 
    from
        delito d1_0 
    where
        upper(d1_0.nombre) like upper(?) escape '\'
&amp#27;[2m2025-05-11T11:17:46.600-03:00&amp#27;[0;39m &amp#27;[32m INFO&amp#27;[0;39m &amp#27;[35m16907&amp#27;[0;39m &amp#27;[2m---&amp#27;[0;39m &amp#27;[2m[           main]&amp#27;[0;39m &amp#27;[2m&amp#27;[0;39m&amp#27;[36mi.StatisticalLoggingSessionEventListener&amp#27;[0;39m &amp#27;[2m:&amp#27;[0;39m Session Metrics {
    7833 nanoseconds spent acquiring 1 JDBC connections;
    0 nanoseconds spent releasing 0 JDBC connections;
    25875 nanoseconds spent preparing 1 JDBC statements;
    827459 nanoseconds spent executing 1 JDBC statements;
    0 nanoseconds spent executing 0 JDBC batches;
    0 nanoseconds spent performing 0 L2C puts;
    0 nanoseconds spent performing 0 L2C hits;
    0 nanoseconds spent performing 0 L2C misses;
    0 nanoseconds spent executing 0 flushes (flushing a total of 0 entities and 0 collections);
    0 nanoseconds spent executing 0 partial-flushes (flushing a total of 0 entities and 0 collections)
}
&amp#27;[2m2025-05-11T11:17:46.600-03:00&amp#27;[0;39m &amp#27;[32mDEBUG&amp#27;[0;39m &amp#27;[35m16907&amp#27;[0;39m &amp#27;[2m---&amp#27;[0;39m &amp#27;[2m[           main]&amp#27;[0;39m &amp#27;[2m&amp#27;[0;39m&amp#27;[36morg.hibernate.SQL                       &amp#27;[0;39m &amp#27;[2m:&amp#27;[0;39m 
    /* <criteria> */ select
        d1_0.id,
        d1_0.actualizado_en,
        d1_0.codigo_penal,
        d1_0.creado_en,
        d1_0.descripcion,
        d1_0.nombre,
        d1_0.pena_maxima,
        d1_0.pena_minima,
        d1_0.tipo_pena,
        d1_0.valoracion 
    from
        delito d1_0 
    where
        upper(d1_0.nombre) like upper(?) escape '\'
Hibernate: 
    /* <criteria> */ select
        d1_0.id,
        d1_0.actualizado_en,
        d1_0.codigo_penal,
        d1_0.creado_en,
        d1_0.descripcion,
        d1_0.nombre,
        d1_0.pena_maxima,
        d1_0.pena_minima,
        d1_0.tipo_pena,
        d1_0.valoracion 
    from
        delito d1_0 
    where
        upper(d1_0.nombre) like upper(?) escape '\'
&amp#27;[2m2025-05-11T11:17:46.602-03:00&amp#27;[0;39m &amp#27;[32m INFO&amp#27;[0;39m &amp#27;[35m16907&amp#27;[0;39m &amp#27;[2m---&amp#27;[0;39m &amp#27;[2m[           main]&amp#27;[0;39m &amp#27;[2m&amp#27;[0;39m&amp#27;[36mi.StatisticalLoggingSessionEventListener&amp#27;[0;39m &amp#27;[2m:&amp#27;[0;39m Session Metrics {
    7834 nanoseconds spent acquiring 1 JDBC connections;
    0 nanoseconds spent releasing 0 JDBC connections;
    24958 nanoseconds spent preparing 1 JDBC statements;
    949375 nanoseconds spent executing 1 JDBC statements;
    0 nanoseconds spent executing 0 JDBC batches;
    0 nanoseconds spent performing 0 L2C puts;
    0 nanoseconds spent performing 0 L2C hits;
    0 nanoseconds spent performing 0 L2C misses;
    0 nanoseconds spent executing 0 flushes (flushing a total of 0 entities and 0 collections);
    0 nanoseconds spent executing 0 partial-flushes (flushing a total of 0 entities and 0 collections)
}
&amp#27;[2m2025-05-11T11:17:46.602-03:00&amp#27;[0;39m &amp#27;[32mDEBUG&amp#27;[0;39m &amp#27;[35m16907&amp#27;[0;39m &amp#27;[2m---&amp#27;[0;39m &amp#27;[2m[           main]&amp#27;[0;39m &amp#27;[2m&amp#27;[0;39m&amp#27;[36morg.hibernate.SQL                       &amp#27;[0;39m &amp#27;[2m:&amp#27;[0;39m 
    /* <criteria> */ select
        d1_0.id,
        d1_0.actualizado_en,
        d1_0.codigo_penal,
        d1_0.creado_en,
        d1_0.descripcion,
        d1_0.nombre,
        d1_0.pena_maxima,
        d1_0.pena_minima,
        d1_0.tipo_pena,
        d1_0.valoracion 
    from
        delito d1_0 
    where
        upper(d1_0.nombre) like upper(?) escape '\'
Hibernate: 
    /* <criteria> */ select
        d1_0.id,
        d1_0.actualizado_en,
        d1_0.codigo_penal,
        d1_0.creado_en,
        d1_0.descripcion,
        d1_0.nombre,
        d1_0.pena_maxima,
        d1_0.pena_minima,
        d1_0.tipo_pena,
        d1_0.valoracion 
    from
        delito d1_0 
    where
        upper(d1_0.nombre) like upper(?) escape '\'
&amp#27;[2m2025-05-11T11:17:46.604-03:00&amp#27;[0;39m &amp#27;[32m INFO&amp#27;[0;39m &amp#27;[35m16907&amp#27;[0;39m &amp#27;[2m---&amp#27;[0;39m &amp#27;[2m[           main]&amp#27;[0;39m &amp#27;[2m&amp#27;[0;39m&amp#27;[36mi.StatisticalLoggingSessionEventListener&amp#27;[0;39m &amp#27;[2m:&amp#27;[0;39m Session Metrics {
    10250 nanoseconds spent acquiring 1 JDBC connections;
    0 nanoseconds spent releasing 0 JDBC connections;
    33583 nanoseconds spent preparing 1 JDBC statements;
    922125 nanoseconds spent executing 1 JDBC statements;
    0 nanoseconds spent executing 0 JDBC batches;
    0 nanoseconds spent performing 0 L2C puts;
    0 nanoseconds spent performing 0 L2C hits;
    0 nanoseconds spent performing 0 L2C misses;
    0 nanoseconds spent executing 0 flushes (flushing a total of 0 entities and 0 collections);
    0 nanoseconds spent executing 0 partial-flushes (flushing a total of 0 entities and 0 collections)
}
&amp#27;[2m2025-05-11T11:17:46.604-03:00&amp#27;[0;39m &amp#27;[32mDEBUG&amp#27;[0;39m &amp#27;[35m16907&amp#27;[0;39m &amp#27;[2m---&amp#27;[0;39m &amp#27;[2m[           main]&amp#27;[0;39m &amp#27;[2m&amp#27;[0;39m&amp#27;[36morg.hibernate.SQL                       &amp#27;[0;39m &amp#27;[2m:&amp#27;[0;39m 
    /* <criteria> */ select
        d1_0.id,
        d1_0.actualizado_en,
        d1_0.codigo_penal,
        d1_0.creado_en,
        d1_0.descripcion,
        d1_0.nombre,
        d1_0.pena_maxima,
        d1_0.pena_minima,
        d1_0.tipo_pena,
        d1_0.valoracion 
    from
        delito d1_0 
    where
        upper(d1_0.nombre) like upper(?) escape '\'
Hibernate: 
    /* <criteria> */ select
        d1_0.id,
        d1_0.actualizado_en,
        d1_0.codigo_penal,
        d1_0.creado_en,
        d1_0.descripcion,
        d1_0.nombre,
        d1_0.pena_maxima,
        d1_0.pena_minima,
        d1_0.tipo_pena,
        d1_0.valoracion 
    from
        delito d1_0 
    where
        upper(d1_0.nombre) like upper(?) escape '\'
&amp#27;[2m2025-05-11T11:17:46.605-03:00&amp#27;[0;39m &amp#27;[32m INFO&amp#27;[0;39m &amp#27;[35m16907&amp#27;[0;39m &amp#27;[2m---&amp#27;[0;39m &amp#27;[2m[           main]&amp#27;[0;39m &amp#27;[2m&amp#27;[0;39m&amp#27;[36mi.StatisticalLoggingSessionEventListener&amp#27;[0;39m &amp#27;[2m:&amp#27;[0;39m Session Metrics {
    9625 nanoseconds spent acquiring 1 JDBC connections;
    0 nanoseconds spent releasing 0 JDBC connections;
    31416 nanoseconds spent preparing 1 JDBC statements;
    951292 nanoseconds spent executing 1 JDBC statements;
    0 nanoseconds spent executing 0 JDBC batches;
    0 nanoseconds spent performing 0 L2C puts;
    0 nanoseconds spent performing 0 L2C hits;
    0 nanoseconds spent performing 0 L2C misses;
    0 nanoseconds spent executing 0 flushes (flushing a total of 0 entities and 0 collections);
    0 nanoseconds spent executing 0 partial-flushes (flushing a total of 0 entities and 0 collections)
}
&amp#27;[2m2025-05-11T11:17:46.606-03:00&amp#27;[0;39m &amp#27;[32mDEBUG&amp#27;[0;39m &amp#27;[35m16907&amp#27;[0;39m &amp#27;[2m---&amp#27;[0;39m &amp#27;[2m[           main]&amp#27;[0;39m &amp#27;[2m&amp#27;[0;39m&amp#27;[36morg.hibernate.SQL                       &amp#27;[0;39m &amp#27;[2m:&amp#27;[0;39m 
    /* <criteria> */ select
        d1_0.id,
        d1_0.actualizado_en,
        d1_0.codigo_penal,
        d1_0.creado_en,
        d1_0.descripcion,
        d1_0.nombre,
        d1_0.pena_maxima,
        d1_0.pena_minima,
        d1_0.tipo_pena,
        d1_0.valoracion 
    from
        delito d1_0 
    where
        upper(d1_0.nombre) like upper(?) escape '\'
Hibernate: 
    /* <criteria> */ select
        d1_0.id,
        d1_0.actualizado_en,
        d1_0.codigo_penal,
        d1_0.creado_en,
        d1_0.descripcion,
        d1_0.nombre,
        d1_0.pena_maxima,
        d1_0.pena_minima,
        d1_0.tipo_pena,
        d1_0.valoracion 
    from
        delito d1_0 
    where
        upper(d1_0.nombre) like upper(?) escape '\'
&amp#27;[2m2025-05-11T11:17:46.607-03:00&amp#27;[0;39m &amp#27;[32m INFO&amp#27;[0;39m &amp#27;[35m16907&amp#27;[0;39m &amp#27;[2m---&amp#27;[0;39m &amp#27;[2m[           main]&amp#27;[0;39m &amp#27;[2m&amp#27;[0;39m&amp#27;[36mi.StatisticalLoggingSessionEventListener&amp#27;[0;39m &amp#27;[2m:&amp#27;[0;39m Session Metrics {
    7584 nanoseconds spent acquiring 1 JDBC connections;
    0 nanoseconds spent releasing 0 JDBC connections;
    24750 nanoseconds spent preparing 1 JDBC statements;
    768708 nanoseconds spent executing 1 JDBC statements;
    0 nanoseconds spent executing 0 JDBC batches;
    0 nanoseconds spent performing 0 L2C puts;
    0 nanoseconds spent performing 0 L2C hits;
    0 nanoseconds spent performing 0 L2C misses;
    0 nanoseconds spent executing 0 flushes (flushing a total of 0 entities and 0 collections);
    0 nanoseconds spent executing 0 partial-flushes (flushing a total of 0 entities and 0 collections)
}
&amp#27;[2m2025-05-11T11:17:46.608-03:00&amp#27;[0;39m &amp#27;[32mDEBUG&amp#27;[0;39m &amp#27;[35m16907&amp#27;[0;39m &amp#27;[2m---&amp#27;[0;39m &amp#27;[2m[           main]&amp#27;[0;39m &amp#27;[2m&amp#27;[0;39m&amp#27;[36morg.hibernate.SQL                       &amp#27;[0;39m &amp#27;[2m:&amp#27;[0;39m 
    /* <criteria> */ select
        d1_0.id,
        d1_0.actualizado_en,
        d1_0.codigo_penal,
        d1_0.creado_en,
        d1_0.descripcion,
        d1_0.nombre,
        d1_0.pena_maxima,
        d1_0.pena_minima,
        d1_0.tipo_pena,
        d1_0.valoracion 
    from
        delito d1_0 
    where
        upper(d1_0.nombre) like upper(?) escape '\'
Hibernate: 
    /* <criteria> */ select
        d1_0.id,
        d1_0.actualizado_en,
        d1_0.codigo_penal,
        d1_0.creado_en,
        d1_0.descripcion,
        d1_0.nombre,
        d1_0.pena_maxima,
        d1_0.pena_minima,
        d1_0.tipo_pena,
        d1_0.valoracion 
    from
        delito d1_0 
    where
        upper(d1_0.nombre) like upper(?) escape '\'
&amp#27;[2m2025-05-11T11:17:46.609-03:00&amp#27;[0;39m &amp#27;[32m INFO&amp#27;[0;39m &amp#27;[35m16907&amp#27;[0;39m &amp#27;[2m---&amp#27;[0;39m &amp#27;[2m[           main]&amp#27;[0;39m &amp#27;[2m&amp#27;[0;39m&amp#27;[36mi.StatisticalLoggingSessionEventListener&amp#27;[0;39m &amp#27;[2m:&amp#27;[0;39m Session Metrics {
    8709 nanoseconds spent acquiring 1 JDBC connections;
    0 nanoseconds spent releasing 0 JDBC connections;
    26667 nanoseconds spent preparing 1 JDBC statements;
    795333 nanoseconds spent executing 1 JDBC statements;
    0 nanoseconds spent executing 0 JDBC batches;
    0 nanoseconds spent performing 0 L2C puts;
    0 nanoseconds spent performing 0 L2C hits;
    0 nanoseconds spent performing 0 L2C misses;
    0 nanoseconds spent executing 0 flushes (flushing a total of 0 entities and 0 collections);
    0 nanoseconds spent executing 0 partial-flushes (flushing a total of 0 entities and 0 collections)
}
&amp#27;[2m2025-05-11T11:17:46.609-03:00&amp#27;[0;39m &amp#27;[32mDEBUG&amp#27;[0;39m &amp#27;[35m16907&amp#27;[0;39m &amp#27;[2m---&amp#27;[0;39m &amp#27;[2m[           main]&amp#27;[0;39m &amp#27;[2m&amp#27;[0;39m&amp#27;[36morg.hibernate.SQL                       &amp#27;[0;39m &amp#27;[2m:&amp#27;[0;39m 
    /* <criteria> */ select
        d1_0.id,
        d1_0.actualizado_en,
        d1_0.codigo_penal,
        d1_0.creado_en,
        d1_0.descripcion,
        d1_0.nombre,
        d1_0.pena_maxima,
        d1_0.pena_minima,
        d1_0.tipo_pena,
        d1_0.valoracion 
    from
        delito d1_0 
    where
        upper(d1_0.nombre) like upper(?) escape '\'
Hibernate: 
    /* <criteria> */ select
        d1_0.id,
        d1_0.actualizado_en,
        d1_0.codigo_penal,
        d1_0.creado_en,
        d1_0.descripcion,
        d1_0.nombre,
        d1_0.pena_maxima,
        d1_0.pena_minima,
        d1_0.tipo_pena,
        d1_0.valoracion 
    from
        delito d1_0 
    where
        upper(d1_0.nombre) like upper(?) escape '\'
&amp#27;[2m2025-05-11T11:17:46.610-03:00&amp#27;[0;39m &amp#27;[32m INFO&amp#27;[0;39m &amp#27;[35m16907&amp#27;[0;39m &amp#27;[2m---&amp#27;[0;39m &amp#27;[2m[           main]&amp#27;[0;39m &amp#27;[2m&amp#27;[0;39m&amp#27;[36mi.StatisticalLoggingSessionEventListener&amp#27;[0;39m &amp#27;[2m:&amp#27;[0;39m Session Metrics {
    8166 nanoseconds spent acquiring 1 JDBC connections;
    0 nanoseconds spent releasing 0 JDBC connections;
    25792 nanoseconds spent preparing 1 JDBC statements;
    886375 nanoseconds spent executing 1 JDBC statements;
    0 nanoseconds spent executing 0 JDBC batches;
    0 nanoseconds spent performing 0 L2C puts;
    0 nanoseconds spent performing 0 L2C hits;
    0 nanoseconds spent performing 0 L2C misses;
    0 nanoseconds spent executing 0 flushes (flushing a total of 0 entities and 0 collections);
    0 nanoseconds spent executing 0 partial-flushes (flushing a total of 0 entities and 0 collections)
}
&amp#27;[2m2025-05-11T11:17:46.611-03:00&amp#27;[0;39m &amp#27;[32mDEBUG&amp#27;[0;39m &amp#27;[35m16907&amp#27;[0;39m &amp#27;[2m---&amp#27;[0;39m &amp#27;[2m[           main]&amp#27;[0;39m &amp#27;[2m&amp#27;[0;39m&amp#27;[36morg.hibernate.SQL                       &amp#27;[0;39m &amp#27;[2m:&amp#27;[0;39m 
    /* <criteria> */ select
        d1_0.id,
        d1_0.actualizado_en,
        d1_0.codigo_penal,
        d1_0.creado_en,
        d1_0.descripcion,
        d1_0.nombre,
        d1_0.pena_maxima,
        d1_0.pena_minima,
        d1_0.tipo_pena,
        d1_0.valoracion 
    from
        delito d1_0 
    where
        upper(d1_0.nombre) like upper(?) escape '\'
Hibernate: 
    /* <criteria> */ select
        d1_0.id,
        d1_0.actualizado_en,
        d1_0.codigo_penal,
        d1_0.creado_en,
        d1_0.descripcion,
        d1_0.nombre,
        d1_0.pena_maxima,
        d1_0.pena_minima,
        d1_0.tipo_pena,
        d1_0.valoracion 
    from
        delito d1_0 
    where
        upper(d1_0.nombre) like upper(?) escape '\'
&amp#27;[2m2025-05-11T11:17:46.612-03:00&amp#27;[0;39m &amp#27;[32m INFO&amp#27;[0;39m &amp#27;[35m16907&amp#27;[0;39m &amp#27;[2m---&amp#27;[0;39m &amp#27;[2m[           main]&amp#27;[0;39m &amp#27;[2m&amp#27;[0;39m&amp#27;[36mi.StatisticalLoggingSessionEventListener&amp#27;[0;39m &amp#27;[2m:&amp#27;[0;39m Session Metrics {
    8458 nanoseconds spent acquiring 1 JDBC connections;
    0 nanoseconds spent releasing 0 JDBC connections;
    21792 nanoseconds spent preparing 1 JDBC statements;
    905292 nanoseconds spent executing 1 JDBC statements;
    0 nanoseconds spent executing 0 JDBC batches;
    0 nanoseconds spent performing 0 L2C puts;
    0 nanoseconds spent performing 0 L2C hits;
    0 nanoseconds spent performing 0 L2C misses;
    0 nanoseconds spent executing 0 flushes (flushing a total of 0 entities and 0 collections);
    0 nanoseconds spent executing 0 partial-flushes (flushing a total of 0 entities and 0 collections)
}
&amp#27;[2m2025-05-11T11:17:46.613-03:00&amp#27;[0;39m &amp#27;[32mDEBUG&amp#27;[0;39m &amp#27;[35m16907&amp#27;[0;39m &amp#27;[2m---&amp#27;[0;39m &amp#27;[2m[           main]&amp#27;[0;39m &amp#27;[2m&amp#27;[0;39m&amp#27;[36morg.hibernate.SQL                       &amp#27;[0;39m &amp#27;[2m:&amp#27;[0;39m 
    /* <criteria> */ select
        d1_0.id,
        d1_0.actualizado_en,
        d1_0.codigo_penal,
        d1_0.creado_en,
        d1_0.descripcion,
        d1_0.nombre,
        d1_0.pena_maxima,
        d1_0.pena_minima,
        d1_0.tipo_pena,
        d1_0.valoracion 
    from
        delito d1_0 
    where
        upper(d1_0.nombre) like upper(?) escape '\'
Hibernate: 
    /* <criteria> */ select
        d1_0.id,
        d1_0.actualizado_en,
        d1_0.codigo_penal,
        d1_0.creado_en,
        d1_0.descripcion,
        d1_0.nombre,
        d1_0.pena_maxima,
        d1_0.pena_minima,
        d1_0.tipo_pena,
        d1_0.valoracion 
    from
        delito d1_0 
    where
        upper(d1_0.nombre) like upper(?) escape '\'
&amp#27;[2m2025-05-11T11:17:46.614-03:00&amp#27;[0;39m &amp#27;[32m INFO&amp#27;[0;39m &amp#27;[35m16907&amp#27;[0;39m &amp#27;[2m---&amp#27;[0;39m &amp#27;[2m[           main]&amp#27;[0;39m &amp#27;[2m&amp#27;[0;39m&amp#27;[36mi.StatisticalLoggingSessionEventListener&amp#27;[0;39m &amp#27;[2m:&amp#27;[0;39m Session Metrics {
    8958 nanoseconds spent acquiring 1 JDBC connections;
    0 nanoseconds spent releasing 0 JDBC connections;
    28083 nanoseconds spent preparing 1 JDBC statements;
    895083 nanoseconds spent executing 1 JDBC statements;
    0 nanoseconds spent executing 0 JDBC batches;
    0 nanoseconds spent performing 0 L2C puts;
    0 nanoseconds spent performing 0 L2C hits;
    0 nanoseconds spent performing 0 L2C misses;
    0 nanoseconds spent executing 0 flushes (flushing a total of 0 entities and 0 collections);
    0 nanoseconds spent executing 0 partial-flushes (flushing a total of 0 entities and 0 collections)
}
&amp#27;[2m2025-05-11T11:17:46.615-03:00&amp#27;[0;39m &amp#27;[32mDEBUG&amp#27;[0;39m &amp#27;[35m16907&amp#27;[0;39m &amp#27;[2m---&amp#27;[0;39m &amp#27;[2m[           main]&amp#27;[0;39m &amp#27;[2m&amp#27;[0;39m&amp#27;[36morg.hibernate.SQL                       &amp#27;[0;39m &amp#27;[2m:&amp#27;[0;39m 
    /* <criteria> */ select
        d1_0.id,
        d1_0.actualizado_en,
        d1_0.codigo_penal,
        d1_0.creado_en,
        d1_0.descripcion,
        d1_0.nombre,
        d1_0.pena_maxima,
        d1_0.pena_minima,
        d1_0.tipo_pena,
        d1_0.valoracion 
    from
        delito d1_0 
    where
        upper(d1_0.nombre) like upper(?) escape '\'
Hibernate: 
    /* <criteria> */ select
        d1_0.id,
        d1_0.actualizado_en,
        d1_0.codigo_penal,
        d1_0.creado_en,
        d1_0.descripcion,
        d1_0.nombre,
        d1_0.pena_maxima,
        d1_0.pena_minima,
        d1_0.tipo_pena,
        d1_0.valoracion 
    from
        delito d1_0 
    where
        upper(d1_0.nombre) like upper(?) escape '\'
&amp#27;[2m2025-05-11T11:17:46.616-03:00&amp#27;[0;39m &amp#27;[32m INFO&amp#27;[0;39m &amp#27;[35m16907&amp#27;[0;39m &amp#27;[2m---&amp#27;[0;39m &amp#27;[2m[           main]&amp#27;[0;39m &amp#27;[2m&amp#27;[0;39m&amp#27;[36mi.StatisticalLoggingSessionEventListener&amp#27;[0;39m &amp#27;[2m:&amp#27;[0;39m Session Metrics {
    7792 nanoseconds spent acquiring 1 JDBC connections;
    0 nanoseconds spent releasing 0 JDBC connections;
    26834 nanoseconds spent preparing 1 JDBC statements;
    834375 nanoseconds spent executing 1 JDBC statements;
    0 nanoseconds spent executing 0 JDBC batches;
    0 nanoseconds spent performing 0 L2C puts;
    0 nanoseconds spent performing 0 L2C hits;
    0 nanoseconds spent performing 0 L2C misses;
    0 nanoseconds spent executing 0 flushes (flushing a total of 0 entities and 0 collections);
    0 nanoseconds spent executing 0 partial-flushes (flushing a total of 0 entities and 0 collections)
}
&amp#27;[2m2025-05-11T11:17:46.616-03:00&amp#27;[0;39m &amp#27;[32mDEBUG&amp#27;[0;39m &amp#27;[35m16907&amp#27;[0;39m &amp#27;[2m---&amp#27;[0;39m &amp#27;[2m[           main]&amp#27;[0;39m &amp#27;[2m&amp#27;[0;39m&amp#27;[36morg.hibernate.SQL                       &amp#27;[0;39m &amp#27;[2m:&amp#27;[0;39m 
    /* <criteria> */ select
        d1_0.id,
        d1_0.actualizado_en,
        d1_0.codigo_penal,
        d1_0.creado_en,
        d1_0.descripcion,
        d1_0.nombre,
        d1_0.pena_maxima,
        d1_0.pena_minima,
        d1_0.tipo_pena,
        d1_0.valoracion 
    from
        delito d1_0 
    where
        upper(d1_0.nombre) like upper(?) escape '\'
Hibernate: 
    /* <criteria> */ select
        d1_0.id,
        d1_0.actualizado_en,
        d1_0.codigo_penal,
        d1_0.creado_en,
        d1_0.descripcion,
        d1_0.nombre,
        d1_0.pena_maxima,
        d1_0.pena_minima,
        d1_0.tipo_pena,
        d1_0.valoracion 
    from
        delito d1_0 
    where
        upper(d1_0.nombre) like upper(?) escape '\'
&amp#27;[2m2025-05-11T11:17:46.618-03:00&amp#27;[0;39m &amp#27;[32m INFO&amp#27;[0;39m &amp#27;[35m16907&amp#27;[0;39m &amp#27;[2m---&amp#27;[0;39m &amp#27;[2m[           main]&amp#27;[0;39m &amp#27;[2m&amp#27;[0;39m&amp#27;[36mi.StatisticalLoggingSessionEventListener&amp#27;[0;39m &amp#27;[2m:&amp#27;[0;39m Session Metrics {
    7208 nanoseconds spent acquiring 1 JDBC connections;
    0 nanoseconds spent releasing 0 JDBC connections;
    22958 nanoseconds spent preparing 1 JDBC statements;
    845958 nanoseconds spent executing 1 JDBC statements;
    0 nanoseconds spent executing 0 JDBC batches;
    0 nanoseconds spent performing 0 L2C puts;
    0 nanoseconds spent performing 0 L2C hits;
    0 nanoseconds spent performing 0 L2C misses;
    0 nanoseconds spent executing 0 flushes (flushing a total of 0 entities and 0 collections);
    0 nanoseconds spent executing 0 partial-flushes (flushing a total of 0 entities and 0 collections)
}
&amp#27;[2m2025-05-11T11:17:46.618-03:00&amp#27;[0;39m &amp#27;[32mDEBUG&amp#27;[0;39m &amp#27;[35m16907&amp#27;[0;39m &amp#27;[2m---&amp#27;[0;39m &amp#27;[2m[           main]&amp#27;[0;39m &amp#27;[2m&amp#27;[0;39m&amp#27;[36morg.hibernate.SQL                       &amp#27;[0;39m &amp#27;[2m:&amp#27;[0;39m 
    /* <criteria> */ select
        d1_0.id,
        d1_0.actualizado_en,
        d1_0.codigo_penal,
        d1_0.creado_en,
        d1_0.descripcion,
        d1_0.nombre,
        d1_0.pena_maxima,
        d1_0.pena_minima,
        d1_0.tipo_pena,
        d1_0.valoracion 
    from
        delito d1_0 
    where
        upper(d1_0.nombre) like upper(?) escape '\'
Hibernate: 
    /* <criteria> */ select
        d1_0.id,
        d1_0.actualizado_en,
        d1_0.codigo_penal,
        d1_0.creado_en,
        d1_0.descripcion,
        d1_0.nombre,
        d1_0.pena_maxima,
        d1_0.pena_minima,
        d1_0.tipo_pena,
        d1_0.valoracion 
    from
        delito d1_0 
    where
        upper(d1_0.nombre) like upper(?) escape '\'
&amp#27;[2m2025-05-11T11:17:46.620-03:00&amp#27;[0;39m &amp#27;[32m INFO&amp#27;[0;39m &amp#27;[35m16907&amp#27;[0;39m &amp#27;[2m---&amp#27;[0;39m &amp#27;[2m[           main]&amp#27;[0;39m &amp#27;[2m&amp#27;[0;39m&amp#27;[36mi.StatisticalLoggingSessionEventListener&amp#27;[0;39m &amp#27;[2m:&amp#27;[0;39m Session Metrics {
    7459 nanoseconds spent acquiring 1 JDBC connections;
    0 nanoseconds spent releasing 0 JDBC connections;
    27750 nanoseconds spent preparing 1 JDBC statements;
    957584 nanoseconds spent executing 1 JDBC statements;
    0 nanoseconds spent executing 0 JDBC batches;
    0 nanoseconds spent performing 0 L2C puts;
    0 nanoseconds spent performing 0 L2C hits;
    0 nanoseconds spent performing 0 L2C misses;
    0 nanoseconds spent executing 0 flushes (flushing a total of 0 entities and 0 collections);
    0 nanoseconds spent executing 0 partial-flushes (flushing a total of 0 entities and 0 collections)
}
&amp#27;[2m2025-05-11T11:17:46.620-03:00&amp#27;[0;39m &amp#27;[32mDEBUG&amp#27;[0;39m &amp#27;[35m16907&amp#27;[0;39m &amp#27;[2m---&amp#27;[0;39m &amp#27;[2m[           main]&amp#27;[0;39m &amp#27;[2m&amp#27;[0;39m&amp#27;[36morg.hibernate.SQL                       &amp#27;[0;39m &amp#27;[2m:&amp#27;[0;39m 
    /* <criteria> */ select
        d1_0.id,
        d1_0.actualizado_en,
        d1_0.codigo_penal,
        d1_0.creado_en,
        d1_0.descripcion,
        d1_0.nombre,
        d1_0.pena_maxima,
        d1_0.pena_minima,
        d1_0.tipo_pena,
        d1_0.valoracion 
    from
        delito d1_0 
    where
        upper(d1_0.nombre) like upper(?) escape '\'
Hibernate: 
    /* <criteria> */ select
        d1_0.id,
        d1_0.actualizado_en,
        d1_0.codigo_penal,
        d1_0.creado_en,
        d1_0.descripcion,
        d1_0.nombre,
        d1_0.pena_maxima,
        d1_0.pena_minima,
        d1_0.tipo_pena,
        d1_0.valoracion 
    from
        delito d1_0 
    where
        upper(d1_0.nombre) like upper(?) escape '\'
&amp#27;[2m2025-05-11T11:17:46.621-03:00&amp#27;[0;39m &amp#27;[32m INFO&amp#27;[0;39m &amp#27;[35m16907&amp#27;[0;39m &amp#27;[2m---&amp#27;[0;39m &amp#27;[2m[           main]&amp#27;[0;39m &amp#27;[2m&amp#27;[0;39m&amp#27;[36mi.StatisticalLoggingSessionEventListener&amp#27;[0;39m &amp#27;[2m:&amp#27;[0;39m Session Metrics {
    7584 nanoseconds spent acquiring 1 JDBC connections;
    0 nanoseconds spent releasing 0 JDBC connections;
    24458 nanoseconds spent preparing 1 JDBC statements;
    871583 nanoseconds spent executing 1 JDBC statements;
    0 nanoseconds spent executing 0 JDBC batches;
    0 nanoseconds spent performing 0 L2C puts;
    0 nanoseconds spent performing 0 L2C hits;
    0 nanoseconds spent performing 0 L2C misses;
    0 nanoseconds spent executing 0 flushes (flushing a total of 0 entities and 0 collections);
    0 nanoseconds spent executing 0 partial-flushes (flushing a total of 0 entities and 0 collections)
}
&amp#27;[2m2025-05-11T11:17:46.622-03:00&amp#27;[0;39m &amp#27;[32mDEBUG&amp#27;[0;39m &amp#27;[35m16907&amp#27;[0;39m &amp#27;[2m---&amp#27;[0;39m &amp#27;[2m[           main]&amp#27;[0;39m &amp#27;[2m&amp#27;[0;39m&amp#27;[36morg.hibernate.SQL                       &amp#27;[0;39m &amp#27;[2m:&amp#27;[0;39m 
    /* <criteria> */ select
        d1_0.id,
        d1_0.actualizado_en,
        d1_0.codigo_penal,
        d1_0.creado_en,
        d1_0.descripcion,
        d1_0.nombre,
        d1_0.pena_maxima,
        d1_0.pena_minima,
        d1_0.tipo_pena,
        d1_0.valoracion 
    from
        delito d1_0 
    where
        upper(d1_0.nombre) like upper(?) escape '\'
Hibernate: 
    /* <criteria> */ select
        d1_0.id,
        d1_0.actualizado_en,
        d1_0.codigo_penal,
        d1_0.creado_en,
        d1_0.descripcion,
        d1_0.nombre,
        d1_0.pena_maxima,
        d1_0.pena_minima,
        d1_0.tipo_pena,
        d1_0.valoracion 
    from
        delito d1_0 
    where
        upper(d1_0.nombre) like upper(?) escape '\'
&amp#27;[2m2025-05-11T11:17:46.623-03:00&amp#27;[0;39m &amp#27;[32m INFO&amp#27;[0;39m &amp#27;[35m16907&amp#27;[0;39m &amp#27;[2m---&amp#27;[0;39m &amp#27;[2m[           main]&amp#27;[0;39m &amp#27;[2m&amp#27;[0;39m&amp#27;[36mi.StatisticalLoggingSessionEventListener&amp#27;[0;39m &amp#27;[2m:&amp#27;[0;39m Session Metrics {
    9209 nanoseconds spent acquiring 1 JDBC connections;
    0 nanoseconds spent releasing 0 JDBC connections;
    30083 nanoseconds spent preparing 1 JDBC statements;
    965875 nanoseconds spent executing 1 JDBC statements;
    0 nanoseconds spent executing 0 JDBC batches;
    0 nanoseconds spent performing 0 L2C puts;
    0 nanoseconds spent performing 0 L2C hits;
    0 nanoseconds spent performing 0 L2C misses;
    0 nanoseconds spent executing 0 flushes (flushing a total of 0 entities and 0 collections);
    0 nanoseconds spent executing 0 partial-flushes (flushing a total of 0 entities and 0 collections)
}
&amp#27;[2m2025-05-11T11:17:46.624-03:00&amp#27;[0;39m &amp#27;[32mDEBUG&amp#27;[0;39m &amp#27;[35m16907&amp#27;[0;39m &amp#27;[2m---&amp#27;[0;39m &amp#27;[2m[           main]&amp#27;[0;39m &amp#27;[2m&amp#27;[0;39m&amp#27;[36morg.hibernate.SQL                       &amp#27;[0;39m &amp#27;[2m:&amp#27;[0;39m 
    /* <criteria> */ select
        d1_0.id,
        d1_0.actualizado_en,
        d1_0.codigo_penal,
        d1_0.creado_en,
        d1_0.descripcion,
        d1_0.nombre,
        d1_0.pena_maxima,
        d1_0.pena_minima,
        d1_0.tipo_pena,
        d1_0.valoracion 
    from
        delito d1_0 
    where
        upper(d1_0.nombre) like upper(?) escape '\'
Hibernate: 
    /* <criteria> */ select
        d1_0.id,
        d1_0.actualizado_en,
        d1_0.codigo_penal,
        d1_0.creado_en,
        d1_0.descripcion,
        d1_0.nombre,
        d1_0.pena_maxima,
        d1_0.pena_minima,
        d1_0.tipo_pena,
        d1_0.valoracion 
    from
        delito d1_0 
    where
        upper(d1_0.nombre) like upper(?) escape '\'
&amp#27;[2m2025-05-11T11:17:46.625-03:00&amp#27;[0;39m &amp#27;[32m INFO&amp#27;[0;39m &amp#27;[35m16907&amp#27;[0;39m &amp#27;[2m---&amp#27;[0;39m &amp#27;[2m[           main]&amp#27;[0;39m &amp#27;[2m&amp#27;[0;39m&amp#27;[36mi.StatisticalLoggingSessionEventListener&amp#27;[0;39m &amp#27;[2m:&amp#27;[0;39m Session Metrics {
    8750 nanoseconds spent acquiring 1 JDBC connections;
    0 nanoseconds spent releasing 0 JDBC connections;
    26750 nanoseconds spent preparing 1 JDBC statements;
    960417 nanoseconds spent executing 1 JDBC statements;
    0 nanoseconds spent executing 0 JDBC batches;
    0 nanoseconds spent performing 0 L2C puts;
    0 nanoseconds spent performing 0 L2C hits;
    0 nanoseconds spent performing 0 L2C misses;
    0 nanoseconds spent executing 0 flushes (flushing a total of 0 entities and 0 collections);
    0 nanoseconds spent executing 0 partial-flushes (flushing a total of 0 entities and 0 collections)
}
&amp#27;[2m2025-05-11T11:17:46.626-03:00&amp#27;[0;39m &amp#27;[32mDEBUG&amp#27;[0;39m &amp#27;[35m16907&amp#27;[0;39m &amp#27;[2m---&amp#27;[0;39m &amp#27;[2m[           main]&amp#27;[0;39m &amp#27;[2m&amp#27;[0;39m&amp#27;[36morg.hibernate.SQL                       &amp#27;[0;39m &amp#27;[2m:&amp#27;[0;39m 
    /* <criteria> */ select
        d1_0.id,
        d1_0.actualizado_en,
        d1_0.codigo_penal,
        d1_0.creado_en,
        d1_0.descripcion,
        d1_0.nombre,
        d1_0.pena_maxima,
        d1_0.pena_minima,
        d1_0.tipo_pena,
        d1_0.valoracion 
    from
        delito d1_0 
    where
        upper(d1_0.nombre) like upper(?) escape '\'
Hibernate: 
    /* <criteria> */ select
        d1_0.id,
        d1_0.actualizado_en,
        d1_0.codigo_penal,
        d1_0.creado_en,
        d1_0.descripcion,
        d1_0.nombre,
        d1_0.pena_maxima,
        d1_0.pena_minima,
        d1_0.tipo_pena,
        d1_0.valoracion 
    from
        delito d1_0 
    where
        upper(d1_0.nombre) like upper(?) escape '\'
&amp#27;[2m2025-05-11T11:17:46.627-03:00&amp#27;[0;39m &amp#27;[32m INFO&amp#27;[0;39m &amp#27;[35m16907&amp#27;[0;39m &amp#27;[2m---&amp#27;[0;39m &amp#27;[2m[           main]&amp#27;[0;39m &amp#27;[2m&amp#27;[0;39m&amp#27;[36mi.StatisticalLoggingSessionEventListener&amp#27;[0;39m &amp#27;[2m:&amp#27;[0;39m Session Metrics {
    11417 nanoseconds spent acquiring 1 JDBC connections;
    0 nanoseconds spent releasing 0 JDBC connections;
    28708 nanoseconds spent preparing 1 JDBC statements;
    975375 nanoseconds spent executing 1 JDBC statements;
    0 nanoseconds spent executing 0 JDBC batches;
    0 nanoseconds spent performing 0 L2C puts;
    0 nanoseconds spent performing 0 L2C hits;
    0 nanoseconds spent performing 0 L2C misses;
    0 nanoseconds spent executing 0 flushes (flushing a total of 0 entities and 0 collections);
    0 nanoseconds spent executing 0 partial-flushes (flushing a total of 0 entities and 0 collections)
}
&amp#27;[2m2025-05-11T11:17:46.628-03:00&amp#27;[0;39m &amp#27;[32mDEBUG&amp#27;[0;39m &amp#27;[35m16907&amp#27;[0;39m &amp#27;[2m---&amp#27;[0;39m &amp#27;[2m[           main]&amp#27;[0;39m &amp#27;[2m&amp#27;[0;39m&amp#27;[36morg.hibernate.SQL                       &amp#27;[0;39m &amp#27;[2m:&amp#27;[0;39m 
    /* <criteria> */ select
        d1_0.id,
        d1_0.actualizado_en,
        d1_0.codigo_penal,
        d1_0.creado_en,
        d1_0.descripcion,
        d1_0.nombre,
        d1_0.pena_maxima,
        d1_0.pena_minima,
        d1_0.tipo_pena,
        d1_0.valoracion 
    from
        delito d1_0 
    where
        upper(d1_0.nombre) like upper(?) escape '\'
Hibernate: 
    /* <criteria> */ select
        d1_0.id,
        d1_0.actualizado_en,
        d1_0.codigo_penal,
        d1_0.creado_en,
        d1_0.descripcion,
        d1_0.nombre,
        d1_0.pena_maxima,
        d1_0.pena_minima,
        d1_0.tipo_pena,
        d1_0.valoracion 
    from
        delito d1_0 
    where
        upper(d1_0.nombre) like upper(?) escape '\'
&amp#27;[2m2025-05-11T11:17:46.629-03:00&amp#27;[0;39m &amp#27;[32m INFO&amp#27;[0;39m &amp#27;[35m16907&amp#27;[0;39m &amp#27;[2m---&amp#27;[0;39m &amp#27;[2m[           main]&amp#27;[0;39m &amp#27;[2m&amp#27;[0;39m&amp#27;[36mi.StatisticalLoggingSessionEventListener&amp#27;[0;39m &amp#27;[2m:&amp#27;[0;39m Session Metrics {
    8500 nanoseconds spent acquiring 1 JDBC connections;
    0 nanoseconds spent releasing 0 JDBC connections;
    26500 nanoseconds spent preparing 1 JDBC statements;
    920792 nanoseconds spent executing 1 JDBC statements;
    0 nanoseconds spent executing 0 JDBC batches;
    0 nanoseconds spent performing 0 L2C puts;
    0 nanoseconds spent performing 0 L2C hits;
    0 nanoseconds spent performing 0 L2C misses;
    0 nanoseconds spent executing 0 flushes (flushing a total of 0 entities and 0 collections);
    0 nanoseconds spent executing 0 partial-flushes (flushing a total of 0 entities and 0 collections)
}
&amp#27;[2m2025-05-11T11:17:46.630-03:00&amp#27;[0;39m &amp#27;[32mDEBUG&amp#27;[0;39m &amp#27;[35m16907&amp#27;[0;39m &amp#27;[2m---&amp#27;[0;39m &amp#27;[2m[           main]&amp#27;[0;39m &amp#27;[2m&amp#27;[0;39m&amp#27;[36morg.hibernate.SQL                       &amp#27;[0;39m &amp#27;[2m:&amp#27;[0;39m 
    /* <criteria> */ select
        d1_0.id,
        d1_0.actualizado_en,
        d1_0.codigo_penal,
        d1_0.creado_en,
        d1_0.descripcion,
        d1_0.nombre,
        d1_0.pena_maxima,
        d1_0.pena_minima,
        d1_0.tipo_pena,
        d1_0.valoracion 
    from
        delito d1_0 
    where
        upper(d1_0.nombre) like upper(?) escape '\'
Hibernate: 
    /* <criteria> */ select
        d1_0.id,
        d1_0.actualizado_en,
        d1_0.codigo_penal,
        d1_0.creado_en,
        d1_0.descripcion,
        d1_0.nombre,
        d1_0.pena_maxima,
        d1_0.pena_minima,
        d1_0.tipo_pena,
        d1_0.valoracion 
    from
        delito d1_0 
    where
        upper(d1_0.nombre) like upper(?) escape '\'
&amp#27;[2m2025-05-11T11:17:46.631-03:00&amp#27;[0;39m &amp#27;[32m INFO&amp#27;[0;39m &amp#27;[35m16907&amp#27;[0;39m &amp#27;[2m---&amp#27;[0;39m &amp#27;[2m[           main]&amp#27;[0;39m &amp#27;[2m&amp#27;[0;39m&amp#27;[36mi.StatisticalLoggingSessionEventListener&amp#27;[0;39m &amp#27;[2m:&amp#27;[0;39m Session Metrics {
    7541 nanoseconds spent acquiring 1 JDBC connections;
    0 nanoseconds spent releasing 0 JDBC connections;
    24375 nanoseconds spent preparing 1 JDBC statements;
    844542 nanoseconds spent executing 1 JDBC statements;
    0 nanoseconds spent executing 0 JDBC batches;
    0 nanoseconds spent performing 0 L2C puts;
    0 nanoseconds spent performing 0 L2C hits;
    0 nanoseconds spent performing 0 L2C misses;
    0 nanoseconds spent executing 0 flushes (flushing a total of 0 entities and 0 collections);
    0 nanoseconds spent executing 0 partial-flushes (flushing a total of 0 entities and 0 collections)
}
&amp#27;[2m2025-05-11T11:17:46.631-03:00&amp#27;[0;39m &amp#27;[32mDEBUG&amp#27;[0;39m &amp#27;[35m16907&amp#27;[0;39m &amp#27;[2m---&amp#27;[0;39m &amp#27;[2m[           main]&amp#27;[0;39m &amp#27;[2m&amp#27;[0;39m&amp#27;[36morg.hibernate.SQL                       &amp#27;[0;39m &amp#27;[2m:&amp#27;[0;39m 
    /* <criteria> */ select
        d1_0.id,
        d1_0.actualizado_en,
        d1_0.codigo_penal,
        d1_0.creado_en,
        d1_0.descripcion,
        d1_0.nombre,
        d1_0.pena_maxima,
        d1_0.pena_minima,
        d1_0.tipo_pena,
        d1_0.valoracion 
    from
        delito d1_0 
    where
        upper(d1_0.nombre) like upper(?) escape '\'
Hibernate: 
    /* <criteria> */ select
        d1_0.id,
        d1_0.actualizado_en,
        d1_0.codigo_penal,
        d1_0.creado_en,
        d1_0.descripcion,
        d1_0.nombre,
        d1_0.pena_maxima,
        d1_0.pena_minima,
        d1_0.tipo_pena,
        d1_0.valoracion 
    from
        delito d1_0 
    where
        upper(d1_0.nombre) like upper(?) escape '\'
&amp#27;[2m2025-05-11T11:17:46.633-03:00&amp#27;[0;39m &amp#27;[32m INFO&amp#27;[0;39m &amp#27;[35m16907&amp#27;[0;39m &amp#27;[2m---&amp#27;[0;39m &amp#27;[2m[           main]&amp#27;[0;39m &amp#27;[2m&amp#27;[0;39m&amp#27;[36mi.StatisticalLoggingSessionEventListener&amp#27;[0;39m &amp#27;[2m:&amp#27;[0;39m Session Metrics {
    7083 nanoseconds spent acquiring 1 JDBC connections;
    0 nanoseconds spent releasing 0 JDBC connections;
    21500 nanoseconds spent preparing 1 JDBC statements;
    846083 nanoseconds spent executing 1 JDBC statements;
    0 nanoseconds spent executing 0 JDBC batches;
    0 nanoseconds spent performing 0 L2C puts;
    0 nanoseconds spent performing 0 L2C hits;
    0 nanoseconds spent performing 0 L2C misses;
    0 nanoseconds spent executing 0 flushes (flushing a total of 0 entities and 0 collections);
    0 nanoseconds spent executing 0 partial-flushes (flushing a total of 0 entities and 0 collections)
}
&amp#27;[2m2025-05-11T11:17:46.633-03:00&amp#27;[0;39m &amp#27;[32mDEBUG&amp#27;[0;39m &amp#27;[35m16907&amp#27;[0;39m &amp#27;[2m---&amp#27;[0;39m &amp#27;[2m[           main]&amp#27;[0;39m &amp#27;[2m&amp#27;[0;39m&amp#27;[36morg.hibernate.SQL                       &amp#27;[0;39m &amp#27;[2m:&amp#27;[0;39m 
    /* <criteria> */ select
        d1_0.id,
        d1_0.actualizado_en,
        d1_0.codigo_penal,
        d1_0.creado_en,
        d1_0.descripcion,
        d1_0.nombre,
        d1_0.pena_maxima,
        d1_0.pena_minima,
        d1_0.tipo_pena,
        d1_0.valoracion 
    from
        delito d1_0 
    where
        upper(d1_0.nombre) like upper(?) escape '\'
Hibernate: 
    /* <criteria> */ select
        d1_0.id,
        d1_0.actualizado_en,
        d1_0.codigo_penal,
        d1_0.creado_en,
        d1_0.descripcion,
        d1_0.nombre,
        d1_0.pena_maxima,
        d1_0.pena_minima,
        d1_0.tipo_pena,
        d1_0.valoracion 
    from
        delito d1_0 
    where
        upper(d1_0.nombre) like upper(?) escape '\'
&amp#27;[2m2025-05-11T11:17:46.634-03:00&amp#27;[0;39m &amp#27;[32m INFO&amp#27;[0;39m &amp#27;[35m16907&amp#27;[0;39m &amp#27;[2m---&amp#27;[0;39m &amp#27;[2m[           main]&amp#27;[0;39m &amp#27;[2m&amp#27;[0;39m&amp#27;[36mi.StatisticalLoggingSessionEventListener&amp#27;[0;39m &amp#27;[2m:&amp#27;[0;39m Session Metrics {
    9458 nanoseconds spent acquiring 1 JDBC connections;
    0 nanoseconds spent releasing 0 JDBC connections;
    30167 nanoseconds spent preparing 1 JDBC statements;
    829000 nanoseconds spent executing 1 JDBC statements;
    0 nanoseconds spent executing 0 JDBC batches;
    0 nanoseconds spent performing 0 L2C puts;
    0 nanoseconds spent performing 0 L2C hits;
    0 nanoseconds spent performing 0 L2C misses;
    0 nanoseconds spent executing 0 flushes (flushing a total of 0 entities and 0 collections);
    0 nanoseconds spent executing 0 partial-flushes (flushing a total of 0 entities and 0 collections)
}
&amp#27;[2m2025-05-11T11:17:46.635-03:00&amp#27;[0;39m &amp#27;[32mDEBUG&amp#27;[0;39m &amp#27;[35m16907&amp#27;[0;39m &amp#27;[2m---&amp#27;[0;39m &amp#27;[2m[           main]&amp#27;[0;39m &amp#27;[2m&amp#27;[0;39m&amp#27;[36morg.hibernate.SQL                       &amp#27;[0;39m &amp#27;[2m:&amp#27;[0;39m 
    /* <criteria> */ select
        d1_0.id,
        d1_0.actualizado_en,
        d1_0.codigo_penal,
        d1_0.creado_en,
        d1_0.descripcion,
        d1_0.nombre,
        d1_0.pena_maxima,
        d1_0.pena_minima,
        d1_0.tipo_pena,
        d1_0.valoracion 
    from
        delito d1_0 
    where
        upper(d1_0.nombre) like upper(?) escape '\'
Hibernate: 
    /* <criteria> */ select
        d1_0.id,
        d1_0.actualizado_en,
        d1_0.codigo_penal,
        d1_0.creado_en,
        d1_0.descripcion,
        d1_0.nombre,
        d1_0.pena_maxima,
        d1_0.pena_minima,
        d1_0.tipo_pena,
        d1_0.valoracion 
    from
        delito d1_0 
    where
        upper(d1_0.nombre) like upper(?) escape '\'
&amp#27;[2m2025-05-11T11:17:46.636-03:00&amp#27;[0;39m &amp#27;[32m INFO&amp#27;[0;39m &amp#27;[35m16907&amp#27;[0;39m &amp#27;[2m---&amp#27;[0;39m &amp#27;[2m[           main]&amp#27;[0;39m &amp#27;[2m&amp#27;[0;39m&amp#27;[36mi.StatisticalLoggingSessionEventListener&amp#27;[0;39m &amp#27;[2m:&amp#27;[0;39m Session Metrics {
    24583 nanoseconds spent acquiring 1 JDBC connections;
    0 nanoseconds spent releasing 0 JDBC connections;
    41667 nanoseconds spent preparing 1 JDBC statements;
    865583 nanoseconds spent executing 1 JDBC statements;
    0 nanoseconds spent executing 0 JDBC batches;
    0 nanoseconds spent performing 0 L2C puts;
    0 nanoseconds spent performing 0 L2C hits;
    0 nanoseconds spent performing 0 L2C misses;
    0 nanoseconds spent executing 0 flushes (flushing a total of 0 entities and 0 collections);
    0 nanoseconds spent executing 0 partial-flushes (flushing a total of 0 entities and 0 collections)
}
&amp#27;[2m2025-05-11T11:17:46.636-03:00&amp#27;[0;39m &amp#27;[32mDEBUG&amp#27;[0;39m &amp#27;[35m16907&amp#27;[0;39m &amp#27;[2m---&amp#27;[0;39m &amp#27;[2m[           main]&amp#27;[0;39m &amp#27;[2m&amp#27;[0;39m&amp#27;[36morg.hibernate.SQL                       &amp#27;[0;39m &amp#27;[2m:&amp#27;[0;39m 
    /* <criteria> */ select
        d1_0.id,
        d1_0.actualizado_en,
        d1_0.codigo_penal,
        d1_0.creado_en,
        d1_0.descripcion,
        d1_0.nombre,
        d1_0.pena_maxima,
        d1_0.pena_minima,
        d1_0.tipo_pena,
        d1_0.valoracion 
    from
        delito d1_0 
    where
        upper(d1_0.nombre) like upper(?) escape '\'
Hibernate: 
    /* <criteria> */ select
        d1_0.id,
        d1_0.actualizado_en,
        d1_0.codigo_penal,
        d1_0.creado_en,
        d1_0.descripcion,
        d1_0.nombre,
        d1_0.pena_maxima,
        d1_0.pena_minima,
        d1_0.tipo_pena,
        d1_0.valoracion 
    from
        delito d1_0 
    where
        upper(d1_0.nombre) like upper(?) escape '\'
&amp#27;[2m2025-05-11T11:17:46.638-03:00&amp#27;[0;39m &amp#27;[32m INFO&amp#27;[0;39m &amp#27;[35m16907&amp#27;[0;39m &amp#27;[2m---&amp#27;[0;39m &amp#27;[2m[           main]&amp#27;[0;39m &amp#27;[2m&amp#27;[0;39m&amp#27;[36mi.StatisticalLoggingSessionEventListener&amp#27;[0;39m &amp#27;[2m:&amp#27;[0;39m Session Metrics {
    22792 nanoseconds spent acquiring 1 JDBC connections;
    0 nanoseconds spent releasing 0 JDBC connections;
    40041 nanoseconds spent preparing 1 JDBC statements;
    974041 nanoseconds spent executing 1 JDBC statements;
    0 nanoseconds spent executing 0 JDBC batches;
    0 nanoseconds spent performing 0 L2C puts;
    0 nanoseconds spent performing 0 L2C hits;
    0 nanoseconds spent performing 0 L2C misses;
    0 nanoseconds spent executing 0 flushes (flushing a total of 0 entities and 0 collections);
    0 nanoseconds spent executing 0 partial-flushes (flushing a total of 0 entities and 0 collections)
}
&amp#27;[2m2025-05-11T11:17:46.638-03:00&amp#27;[0;39m &amp#27;[32mDEBUG&amp#27;[0;39m &amp#27;[35m16907&amp#27;[0;39m &amp#27;[2m---&amp#27;[0;39m &amp#27;[2m[           main]&amp#27;[0;39m &amp#27;[2m&amp#27;[0;39m&amp#27;[36morg.hibernate.SQL                       &amp#27;[0;39m &amp#27;[2m:&amp#27;[0;39m 
    /* <criteria> */ select
        d1_0.id,
        d1_0.actualizado_en,
        d1_0.codigo_penal,
        d1_0.creado_en,
        d1_0.descripcion,
        d1_0.nombre,
        d1_0.pena_maxima,
        d1_0.pena_minima,
        d1_0.tipo_pena,
        d1_0.valoracion 
    from
        delito d1_0 
    where
        upper(d1_0.nombre) like upper(?) escape '\'
Hibernate: 
    /* <criteria> */ select
        d1_0.id,
        d1_0.actualizado_en,
        d1_0.codigo_penal,
        d1_0.creado_en,
        d1_0.descripcion,
        d1_0.nombre,
        d1_0.pena_maxima,
        d1_0.pena_minima,
        d1_0.tipo_pena,
        d1_0.valoracion 
    from
        delito d1_0 
    where
        upper(d1_0.nombre) like upper(?) escape '\'
&amp#27;[2m2025-05-11T11:17:46.639-03:00&amp#27;[0;39m &amp#27;[32m INFO&amp#27;[0;39m &amp#27;[35m16907&amp#27;[0;39m &amp#27;[2m---&amp#27;[0;39m &amp#27;[2m[           main]&amp#27;[0;39m &amp#27;[2m&amp#27;[0;39m&amp#27;[36mi.StatisticalLoggingSessionEventListener&amp#27;[0;39m &amp#27;[2m:&amp#27;[0;39m Session Metrics {
    7250 nanoseconds spent acquiring 1 JDBC connections;
    0 nanoseconds spent releasing 0 JDBC connections;
    32625 nanoseconds spent preparing 1 JDBC statements;
    853416 nanoseconds spent executing 1 JDBC statements;
    0 nanoseconds spent executing 0 JDBC batches;
    0 nanoseconds spent performing 0 L2C puts;
    0 nanoseconds spent performing 0 L2C hits;
    0 nanoseconds spent performing 0 L2C misses;
    0 nanoseconds spent executing 0 flushes (flushing a total of 0 entities and 0 collections);
    0 nanoseconds spent executing 0 partial-flushes (flushing a total of 0 entities and 0 collections)
}
&amp#27;[2m2025-05-11T11:17:46.640-03:00&amp#27;[0;39m &amp#27;[32mDEBUG&amp#27;[0;39m &amp#27;[35m16907&amp#27;[0;39m &amp#27;[2m---&amp#27;[0;39m &amp#27;[2m[           main]&amp#27;[0;39m &amp#27;[2m&amp#27;[0;39m&amp#27;[36morg.hibernate.SQL                       &amp#27;[0;39m &amp#27;[2m:&amp#27;[0;39m 
    /* <criteria> */ select
        d1_0.id,
        d1_0.actualizado_en,
        d1_0.codigo_penal,
        d1_0.creado_en,
        d1_0.descripcion,
        d1_0.nombre,
        d1_0.pena_maxima,
        d1_0.pena_minima,
        d1_0.tipo_pena,
        d1_0.valoracion 
    from
        delito d1_0 
    where
        upper(d1_0.nombre) like upper(?) escape '\'
Hibernate: 
    /* <criteria> */ select
        d1_0.id,
        d1_0.actualizado_en,
        d1_0.codigo_penal,
        d1_0.creado_en,
        d1_0.descripcion,
        d1_0.nombre,
        d1_0.pena_maxima,
        d1_0.pena_minima,
        d1_0.tipo_pena,
        d1_0.valoracion 
    from
        delito d1_0 
    where
        upper(d1_0.nombre) like upper(?) escape '\'
&amp#27;[2m2025-05-11T11:17:46.641-03:00&amp#27;[0;39m &amp#27;[32m INFO&amp#27;[0;39m &amp#27;[35m16907&amp#27;[0;39m &amp#27;[2m---&amp#27;[0;39m &amp#27;[2m[           main]&amp#27;[0;39m &amp#27;[2m&amp#27;[0;39m&amp#27;[36mi.StatisticalLoggingSessionEventListener&amp#27;[0;39m &amp#27;[2m:&amp#27;[0;39m Session Metrics {
    8208 nanoseconds spent acquiring 1 JDBC connections;
    0 nanoseconds spent releasing 0 JDBC connections;
    27875 nanoseconds spent preparing 1 JDBC statements;
    1019125 nanoseconds spent executing 1 JDBC statements;
    0 nanoseconds spent executing 0 JDBC batches;
    0 nanoseconds spent performing 0 L2C puts;
    0 nanoseconds spent performing 0 L2C hits;
    0 nanoseconds spent performing 0 L2C misses;
    0 nanoseconds spent executing 0 flushes (flushing a total of 0 entities and 0 collections);
    0 nanoseconds spent executing 0 partial-flushes (flushing a total of 0 entities and 0 collections)
}
&amp#27;[2m2025-05-11T11:17:46.642-03:00&amp#27;[0;39m &amp#27;[32mDEBUG&amp#27;[0;39m &amp#27;[35m16907&amp#27;[0;39m &amp#27;[2m---&amp#27;[0;39m &amp#27;[2m[           main]&amp#27;[0;39m &amp#27;[2m&amp#27;[0;39m&amp#27;[36morg.hibernate.SQL                       &amp#27;[0;39m &amp#27;[2m:&amp#27;[0;39m 
    /* <criteria> */ select
        d1_0.id,
        d1_0.actualizado_en,
        d1_0.codigo_penal,
        d1_0.creado_en,
        d1_0.descripcion,
        d1_0.nombre,
        d1_0.pena_maxima,
        d1_0.pena_minima,
        d1_0.tipo_pena,
        d1_0.valoracion 
    from
        delito d1_0 
    where
        upper(d1_0.nombre) like upper(?) escape '\'
Hibernate: 
    /* <criteria> */ select
        d1_0.id,
        d1_0.actualizado_en,
        d1_0.codigo_penal,
        d1_0.creado_en,
        d1_0.descripcion,
        d1_0.nombre,
        d1_0.pena_maxima,
        d1_0.pena_minima,
        d1_0.tipo_pena,
        d1_0.valoracion 
    from
        delito d1_0 
    where
        upper(d1_0.nombre) like upper(?) escape '\'
&amp#27;[2m2025-05-11T11:17:46.643-03:00&amp#27;[0;39m &amp#27;[32m INFO&amp#27;[0;39m &amp#27;[35m16907&amp#27;[0;39m &amp#27;[2m---&amp#27;[0;39m &amp#27;[2m[           main]&amp#27;[0;39m &amp#27;[2m&amp#27;[0;39m&amp#27;[36mi.StatisticalLoggingSessionEventListener&amp#27;[0;39m &amp#27;[2m:&amp#27;[0;39m Session Metrics {
    7500 nanoseconds spent acquiring 1 JDBC connections;
    0 nanoseconds spent releasing 0 JDBC connections;
    25416 nanoseconds spent preparing 1 JDBC statements;
    939875 nanoseconds spent executing 1 JDBC statements;
    0 nanoseconds spent executing 0 JDBC batches;
    0 nanoseconds spent performing 0 L2C puts;
    0 nanoseconds spent performing 0 L2C hits;
    0 nanoseconds spent performing 0 L2C misses;
    0 nanoseconds spent executing 0 flushes (flushing a total of 0 entities and 0 collections);
    0 nanoseconds spent executing 0 partial-flushes (flushing a total of 0 entities and 0 collections)
}
&amp#27;[2m2025-05-11T11:17:46.644-03:00&amp#27;[0;39m &amp#27;[32mDEBUG&amp#27;[0;39m &amp#27;[35m16907&amp#27;[0;39m &amp#27;[2m---&amp#27;[0;39m &amp#27;[2m[           main]&amp#27;[0;39m &amp#27;[2m&amp#27;[0;39m&amp#27;[36morg.hibernate.SQL                       &amp#27;[0;39m &amp#27;[2m:&amp#27;[0;39m 
    /* <criteria> */ select
        d1_0.id,
        d1_0.actualizado_en,
        d1_0.codigo_penal,
        d1_0.creado_en,
        d1_0.descripcion,
        d1_0.nombre,
        d1_0.pena_maxima,
        d1_0.pena_minima,
        d1_0.tipo_pena,
        d1_0.valoracion 
    from
        delito d1_0 
    where
        upper(d1_0.nombre) like upper(?) escape '\'
Hibernate: 
    /* <criteria> */ select
        d1_0.id,
        d1_0.actualizado_en,
        d1_0.codigo_penal,
        d1_0.creado_en,
        d1_0.descripcion,
        d1_0.nombre,
        d1_0.pena_maxima,
        d1_0.pena_minima,
        d1_0.tipo_pena,
        d1_0.valoracion 
    from
        delito d1_0 
    where
        upper(d1_0.nombre) like upper(?) escape '\'
&amp#27;[2m2025-05-11T11:17:46.645-03:00&amp#27;[0;39m &amp#27;[32m INFO&amp#27;[0;39m &amp#27;[35m16907&amp#27;[0;39m &amp#27;[2m---&amp#27;[0;39m &amp#27;[2m[           main]&amp#27;[0;39m &amp#27;[2m&amp#27;[0;39m&amp#27;[36mi.StatisticalLoggingSessionEventListener&amp#27;[0;39m &amp#27;[2m:&amp#27;[0;39m Session Metrics {
    10250 nanoseconds spent acquiring 1 JDBC connections;
    0 nanoseconds spent releasing 0 JDBC connections;
    27083 nanoseconds spent preparing 1 JDBC statements;
    1042167 nanoseconds spent executing 1 JDBC statements;
    0 nanoseconds spent executing 0 JDBC batches;
    0 nanoseconds spent performing 0 L2C puts;
    0 nanoseconds spent performing 0 L2C hits;
    0 nanoseconds spent performing 0 L2C misses;
    0 nanoseconds spent executing 0 flushes (flushing a total of 0 entities and 0 collections);
    0 nanoseconds spent executing 0 partial-flushes (flushing a total of 0 entities and 0 collections)
}
&amp#27;[2m2025-05-11T11:17:46.646-03:00&amp#27;[0;39m &amp#27;[32mDEBUG&amp#27;[0;39m &amp#27;[35m16907&amp#27;[0;39m &amp#27;[2m---&amp#27;[0;39m &amp#27;[2m[           main]&amp#27;[0;39m &amp#27;[2m&amp#27;[0;39m&amp#27;[36morg.hibernate.SQL                       &amp#27;[0;39m &amp#27;[2m:&amp#27;[0;39m 
    /* <criteria> */ select
        d1_0.id,
        d1_0.actualizado_en,
        d1_0.codigo_penal,
        d1_0.creado_en,
        d1_0.descripcion,
        d1_0.nombre,
        d1_0.pena_maxima,
        d1_0.pena_minima,
        d1_0.tipo_pena,
        d1_0.valoracion 
    from
        delito d1_0 
    where
        upper(d1_0.nombre) like upper(?) escape '\'
Hibernate: 
    /* <criteria> */ select
        d1_0.id,
        d1_0.actualizado_en,
        d1_0.codigo_penal,
        d1_0.creado_en,
        d1_0.descripcion,
        d1_0.nombre,
        d1_0.pena_maxima,
        d1_0.pena_minima,
        d1_0.tipo_pena,
        d1_0.valoracion 
    from
        delito d1_0 
    where
        upper(d1_0.nombre) like upper(?) escape '\'
&amp#27;[2m2025-05-11T11:17:46.647-03:00&amp#27;[0;39m &amp#27;[32m INFO&amp#27;[0;39m &amp#27;[35m16907&amp#27;[0;39m &amp#27;[2m---&amp#27;[0;39m &amp#27;[2m[           main]&amp#27;[0;39m &amp#27;[2m&amp#27;[0;39m&amp#27;[36mi.StatisticalLoggingSessionEventListener&amp#27;[0;39m &amp#27;[2m:&amp#27;[0;39m Session Metrics {
    8167 nanoseconds spent acquiring 1 JDBC connections;
    0 nanoseconds spent releasing 0 JDBC connections;
    29042 nanoseconds spent preparing 1 JDBC statements;
    994542 nanoseconds spent executing 1 JDBC statements;
    0 nanoseconds spent executing 0 JDBC batches;
    0 nanoseconds spent performing 0 L2C puts;
    0 nanoseconds spent performing 0 L2C hits;
    0 nanoseconds spent performing 0 L2C misses;
    0 nanoseconds spent executing 0 flushes (flushing a total of 0 entities and 0 collections);
    0 nanoseconds spent executing 0 partial-flushes (flushing a total of 0 entities and 0 collections)
}
&amp#27;[2m2025-05-11T11:17:46.648-03:00&amp#27;[0;39m &amp#27;[32mDEBUG&amp#27;[0;39m &amp#27;[35m16907&amp#27;[0;39m &amp#27;[2m---&amp#27;[0;39m &amp#27;[2m[           main]&amp#27;[0;39m &amp#27;[2m&amp#27;[0;39m&amp#27;[36morg.hibernate.SQL                       &amp#27;[0;39m &amp#27;[2m:&amp#27;[0;39m 
    /* <criteria> */ select
        d1_0.id,
        d1_0.actualizado_en,
        d1_0.codigo_penal,
        d1_0.creado_en,
        d1_0.descripcion,
        d1_0.nombre,
        d1_0.pena_maxima,
        d1_0.pena_minima,
        d1_0.tipo_pena,
        d1_0.valoracion 
    from
        delito d1_0 
    where
        upper(d1_0.nombre) like upper(?) escape '\'
Hibernate: 
    /* <criteria> */ select
        d1_0.id,
        d1_0.actualizado_en,
        d1_0.codigo_penal,
        d1_0.creado_en,
        d1_0.descripcion,
        d1_0.nombre,
        d1_0.pena_maxima,
        d1_0.pena_minima,
        d1_0.tipo_pena,
        d1_0.valoracion 
    from
        delito d1_0 
    where
        upper(d1_0.nombre) like upper(?) escape '\'
&amp#27;[2m2025-05-11T11:17:46.649-03:00&amp#27;[0;39m &amp#27;[32m INFO&amp#27;[0;39m &amp#27;[35m16907&amp#27;[0;39m &amp#27;[2m---&amp#27;[0;39m &amp#27;[2m[           main]&amp#27;[0;39m &amp#27;[2m&amp#27;[0;39m&amp#27;[36mi.StatisticalLoggingSessionEventListener&amp#27;[0;39m &amp#27;[2m:&amp#27;[0;39m Session Metrics {
    5500 nanoseconds spent acquiring 1 JDBC connections;
    0 nanoseconds spent releasing 0 JDBC connections;
    19917 nanoseconds spent preparing 1 JDBC statements;
    890709 nanoseconds spent executing 1 JDBC statements;
    0 nanoseconds spent executing 0 JDBC batches;
    0 nanoseconds spent performing 0 L2C puts;
    0 nanoseconds spent performing 0 L2C hits;
    0 nanoseconds spent performing 0 L2C misses;
    0 nanoseconds spent executing 0 flushes (flushing a total of 0 entities and 0 collections);
    0 nanoseconds spent executing 0 partial-flushes (flushing a total of 0 entities and 0 collections)
}
&amp#27;[2m2025-05-11T11:17:46.650-03:00&amp#27;[0;39m &amp#27;[32mDEBUG&amp#27;[0;39m &amp#27;[35m16907&amp#27;[0;39m &amp#27;[2m---&amp#27;[0;39m &amp#27;[2m[           main]&amp#27;[0;39m &amp#27;[2m&amp#27;[0;39m&amp#27;[36morg.hibernate.SQL                       &amp#27;[0;39m &amp#27;[2m:&amp#27;[0;39m 
    /* <criteria> */ select
        d1_0.id,
        d1_0.actualizado_en,
        d1_0.codigo_penal,
        d1_0.creado_en,
        d1_0.descripcion,
        d1_0.nombre,
        d1_0.pena_maxima,
        d1_0.pena_minima,
        d1_0.tipo_pena,
        d1_0.valoracion 
    from
        delito d1_0 
    where
        upper(d1_0.nombre) like upper(?) escape '\'
Hibernate: 
    /* <criteria> */ select
        d1_0.id,
        d1_0.actualizado_en,
        d1_0.codigo_penal,
        d1_0.creado_en,
        d1_0.descripcion,
        d1_0.nombre,
        d1_0.pena_maxima,
        d1_0.pena_minima,
        d1_0.tipo_pena,
        d1_0.valoracion 
    from
        delito d1_0 
    where
        upper(d1_0.nombre) like upper(?) escape '\'
&amp#27;[2m2025-05-11T11:17:46.651-03:00&amp#27;[0;39m &amp#27;[32m INFO&amp#27;[0;39m &amp#27;[35m16907&amp#27;[0;39m &amp#27;[2m---&amp#27;[0;39m &amp#27;[2m[           main]&amp#27;[0;39m &amp#27;[2m&amp#27;[0;39m&amp#27;[36mi.StatisticalLoggingSessionEventListener&amp#27;[0;39m &amp#27;[2m:&amp#27;[0;39m Session Metrics {
    31750 nanoseconds spent acquiring 1 JDBC connections;
    0 nanoseconds spent releasing 0 JDBC connections;
    66208 nanoseconds spent preparing 1 JDBC statements;
    1078292 nanoseconds spent executing 1 JDBC statements;
    0 nanoseconds spent executing 0 JDBC batches;
    0 nanoseconds spent performing 0 L2C puts;
    0 nanoseconds spent performing 0 L2C hits;
    0 nanoseconds spent performing 0 L2C misses;
    0 nanoseconds spent executing 0 flushes (flushing a total of 0 entities and 0 collections);
    0 nanoseconds spent executing 0 partial-flushes (flushing a total of 0 entities and 0 collections)
}
&amp#27;[2m2025-05-11T11:17:46.652-03:00&amp#27;[0;39m &amp#27;[32mDEBUG&amp#27;[0;39m &amp#27;[35m16907&amp#27;[0;39m &amp#27;[2m---&amp#27;[0;39m &amp#27;[2m[           main]&amp#27;[0;39m &amp#27;[2m&amp#27;[0;39m&amp#27;[36morg.hibernate.SQL                       &amp#27;[0;39m &amp#27;[2m:&amp#27;[0;39m 
    /* <criteria> */ select
        d1_0.id,
        d1_0.actualizado_en,
        d1_0.codigo_penal,
        d1_0.creado_en,
        d1_0.descripcion,
        d1_0.nombre,
        d1_0.pena_maxima,
        d1_0.pena_minima,
        d1_0.tipo_pena,
        d1_0.valoracion 
    from
        delito d1_0 
    where
        upper(d1_0.nombre) like upper(?) escape '\'
Hibernate: 
    /* <criteria> */ select
        d1_0.id,
        d1_0.actualizado_en,
        d1_0.codigo_penal,
        d1_0.creado_en,
        d1_0.descripcion,
        d1_0.nombre,
        d1_0.pena_maxima,
        d1_0.pena_minima,
        d1_0.tipo_pena,
        d1_0.valoracion 
    from
        delito d1_0 
    where
        upper(d1_0.nombre) like upper(?) escape '\'
&amp#27;[2m2025-05-11T11:17:46.653-03:00&amp#27;[0;39m &amp#27;[32m INFO&amp#27;[0;39m &amp#27;[35m16907&amp#27;[0;39m &amp#27;[2m---&amp#27;[0;39m &amp#27;[2m[           main]&amp#27;[0;39m &amp#27;[2m&amp#27;[0;39m&amp#27;[36mi.StatisticalLoggingSessionEventListener&amp#27;[0;39m &amp#27;[2m:&amp#27;[0;39m Session Metrics {
    9750 nanoseconds spent acquiring 1 JDBC connections;
    0 nanoseconds spent releasing 0 JDBC connections;
    29083 nanoseconds spent preparing 1 JDBC statements;
    1032792 nanoseconds spent executing 1 JDBC statements;
    0 nanoseconds spent executing 0 JDBC batches;
    0 nanoseconds spent performing 0 L2C puts;
    0 nanoseconds spent performing 0 L2C hits;
    0 nanoseconds spent performing 0 L2C misses;
    0 nanoseconds spent executing 0 flushes (flushing a total of 0 entities and 0 collections);
    0 nanoseconds spent executing 0 partial-flushes (flushing a total of 0 entities and 0 collections)
}
&amp#27;[2m2025-05-11T11:17:46.654-03:00&amp#27;[0;39m &amp#27;[32mDEBUG&amp#27;[0;39m &amp#27;[35m16907&amp#27;[0;39m &amp#27;[2m---&amp#27;[0;39m &amp#27;[2m[           main]&amp#27;[0;39m &amp#27;[2m&amp#27;[0;39m&amp#27;[36morg.hibernate.SQL                       &amp#27;[0;39m &amp#27;[2m:&amp#27;[0;39m 
    /* <criteria> */ select
        d1_0.id,
        d1_0.actualizado_en,
        d1_0.codigo_penal,
        d1_0.creado_en,
        d1_0.descripcion,
        d1_0.nombre,
        d1_0.pena_maxima,
        d1_0.pena_minima,
        d1_0.tipo_pena,
        d1_0.valoracion 
    from
        delito d1_0 
    where
        upper(d1_0.nombre) like upper(?) escape '\'
Hibernate: 
    /* <criteria> */ select
        d1_0.id,
        d1_0.actualizado_en,
        d1_0.codigo_penal,
        d1_0.creado_en,
        d1_0.descripcion,
        d1_0.nombre,
        d1_0.pena_maxima,
        d1_0.pena_minima,
        d1_0.tipo_pena,
        d1_0.valoracion 
    from
        delito d1_0 
    where
        upper(d1_0.nombre) like upper(?) escape '\'
&amp#27;[2m2025-05-11T11:17:46.655-03:00&amp#27;[0;39m &amp#27;[32m INFO&amp#27;[0;39m &amp#27;[35m16907&amp#27;[0;39m &amp#27;[2m---&amp#27;[0;39m &amp#27;[2m[           main]&amp#27;[0;39m &amp#27;[2m&amp#27;[0;39m&amp#27;[36mi.StatisticalLoggingSessionEventListener&amp#27;[0;39m &amp#27;[2m:&amp#27;[0;39m Session Metrics {
    7417 nanoseconds spent acquiring 1 JDBC connections;
    0 nanoseconds spent releasing 0 JDBC connections;
    33917 nanoseconds spent preparing 1 JDBC statements;
    934459 nanoseconds spent executing 1 JDBC statements;
    0 nanoseconds spent executing 0 JDBC batches;
    0 nanoseconds spent performing 0 L2C puts;
    0 nanoseconds spent performing 0 L2C hits;
    0 nanoseconds spent performing 0 L2C misses;
    0 nanoseconds spent executing 0 flushes (flushing a total of 0 entities and 0 collections);
    0 nanoseconds spent executing 0 partial-flushes (flushing a total of 0 entities and 0 collections)
}
&amp#27;[2m2025-05-11T11:17:46.656-03:00&amp#27;[0;39m &amp#27;[32mDEBUG&amp#27;[0;39m &amp#27;[35m16907&amp#27;[0;39m &amp#27;[2m---&amp#27;[0;39m &amp#27;[2m[           main]&amp#27;[0;39m &amp#27;[2m&amp#27;[0;39m&amp#27;[36morg.hibernate.SQL                       &amp#27;[0;39m &amp#27;[2m:&amp#27;[0;39m 
    /* <criteria> */ select
        d1_0.id,
        d1_0.actualizado_en,
        d1_0.codigo_penal,
        d1_0.creado_en,
        d1_0.descripcion,
        d1_0.nombre,
        d1_0.pena_maxima,
        d1_0.pena_minima,
        d1_0.tipo_pena,
        d1_0.valoracion 
    from
        delito d1_0 
    where
        upper(d1_0.nombre) like upper(?) escape '\'
Hibernate: 
    /* <criteria> */ select
        d1_0.id,
        d1_0.actualizado_en,
        d1_0.codigo_penal,
        d1_0.creado_en,
        d1_0.descripcion,
        d1_0.nombre,
        d1_0.pena_maxima,
        d1_0.pena_minima,
        d1_0.tipo_pena,
        d1_0.valoracion 
    from
        delito d1_0 
    where
        upper(d1_0.nombre) like upper(?) escape '\'
&amp#27;[2m2025-05-11T11:17:46.657-03:00&amp#27;[0;39m &amp#27;[32m INFO&amp#27;[0;39m &amp#27;[35m16907&amp#27;[0;39m &amp#27;[2m---&amp#27;[0;39m &amp#27;[2m[           main]&amp#27;[0;39m &amp#27;[2m&amp#27;[0;39m&amp#27;[36mi.StatisticalLoggingSessionEventListener&amp#27;[0;39m &amp#27;[2m:&amp#27;[0;39m Session Metrics {
    9583 nanoseconds spent acquiring 1 JDBC connections;
    0 nanoseconds spent releasing 0 JDBC connections;
    38333 nanoseconds spent preparing 1 JDBC statements;
    865167 nanoseconds spent executing 1 JDBC statements;
    0 nanoseconds spent executing 0 JDBC batches;
    0 nanoseconds spent performing 0 L2C puts;
    0 nanoseconds spent performing 0 L2C hits;
    0 nanoseconds spent performing 0 L2C misses;
    0 nanoseconds spent executing 0 flushes (flushing a total of 0 entities and 0 collections);
    0 nanoseconds spent executing 0 partial-flushes (flushing a total of 0 entities and 0 collections)
}
&amp#27;[2m2025-05-11T11:17:46.658-03:00&amp#27;[0;39m &amp#27;[32mDEBUG&amp#27;[0;39m &amp#27;[35m16907&amp#27;[0;39m &amp#27;[2m---&amp#27;[0;39m &amp#27;[2m[           main]&amp#27;[0;39m &amp#27;[2m&amp#27;[0;39m&amp#27;[36morg.hibernate.SQL                       &amp#27;[0;39m &amp#27;[2m:&amp#27;[0;39m 
    /* <criteria> */ select
        d1_0.id,
        d1_0.actualizado_en,
        d1_0.codigo_penal,
        d1_0.creado_en,
        d1_0.descripcion,
        d1_0.nombre,
        d1_0.pena_maxima,
        d1_0.pena_minima,
        d1_0.tipo_pena,
        d1_0.valoracion 
    from
        delito d1_0 
    where
        upper(d1_0.nombre) like upper(?) escape '\'
Hibernate: 
    /* <criteria> */ select
        d1_0.id,
        d1_0.actualizado_en,
        d1_0.codigo_penal,
        d1_0.creado_en,
        d1_0.descripcion,
        d1_0.nombre,
        d1_0.pena_maxima,
        d1_0.pena_minima,
        d1_0.tipo_pena,
        d1_0.valoracion 
    from
        delito d1_0 
    where
        upper(d1_0.nombre) like upper(?) escape '\'
&amp#27;[2m2025-05-11T11:17:46.659-03:00&amp#27;[0;39m &amp#27;[32m INFO&amp#27;[0;39m &amp#27;[35m16907&amp#27;[0;39m &amp#27;[2m---&amp#27;[0;39m &amp#27;[2m[           main]&amp#27;[0;39m &amp#27;[2m&amp#27;[0;39m&amp#27;[36mi.StatisticalLoggingSessionEventListener&amp#27;[0;39m &amp#27;[2m:&amp#27;[0;39m Session Metrics {
    7750 nanoseconds spent acquiring 1 JDBC connections;
    0 nanoseconds spent releasing 0 JDBC connections;
    28167 nanoseconds spent preparing 1 JDBC statements;
    1133833 nanoseconds spent executing 1 JDBC statements;
    0 nanoseconds spent executing 0 JDBC batches;
    0 nanoseconds spent performing 0 L2C puts;
    0 nanoseconds spent performing 0 L2C hits;
    0 nanoseconds spent performing 0 L2C misses;
    0 nanoseconds spent executing 0 flushes (flushing a total of 0 entities and 0 collections);
    0 nanoseconds spent executing 0 partial-flushes (flushing a total of 0 entities and 0 collections)
}
&amp#27;[2m2025-05-11T11:17:46.660-03:00&amp#27;[0;39m &amp#27;[32mDEBUG&amp#27;[0;39m &amp#27;[35m16907&amp#27;[0;39m &amp#27;[2m---&amp#27;[0;39m &amp#27;[2m[           main]&amp#27;[0;39m &amp#27;[2m&amp#27;[0;39m&amp#27;[36morg.hibernate.SQL                       &amp#27;[0;39m &amp#27;[2m:&amp#27;[0;39m 
    /* <criteria> */ select
        d1_0.id,
        d1_0.actualizado_en,
        d1_0.codigo_penal,
        d1_0.creado_en,
        d1_0.descripcion,
        d1_0.nombre,
        d1_0.pena_maxima,
        d1_0.pena_minima,
        d1_0.tipo_pena,
        d1_0.valoracion 
    from
        delito d1_0 
    where
        upper(d1_0.nombre) like upper(?) escape '\'
Hibernate: 
    /* <criteria> */ select
        d1_0.id,
        d1_0.actualizado_en,
        d1_0.codigo_penal,
        d1_0.creado_en,
        d1_0.descripcion,
        d1_0.nombre,
        d1_0.pena_maxima,
        d1_0.pena_minima,
        d1_0.tipo_pena,
        d1_0.valoracion 
    from
        delito d1_0 
    where
        upper(d1_0.nombre) like upper(?) escape '\'
&amp#27;[2m2025-05-11T11:17:46.661-03:00&amp#27;[0;39m &amp#27;[32m INFO&amp#27;[0;39m &amp#27;[35m16907&amp#27;[0;39m &amp#27;[2m---&amp#27;[0;39m &amp#27;[2m[           main]&amp#27;[0;39m &amp#27;[2m&amp#27;[0;39m&amp#27;[36mi.StatisticalLoggingSessionEventListener&amp#27;[0;39m &amp#27;[2m:&amp#27;[0;39m Session Metrics {
    10792 nanoseconds spent acquiring 1 JDBC connections;
    0 nanoseconds spent releasing 0 JDBC connections;
    27959 nanoseconds spent preparing 1 JDBC statements;
    967667 nanoseconds spent executing 1 JDBC statements;
    0 nanoseconds spent executing 0 JDBC batches;
    0 nanoseconds spent performing 0 L2C puts;
    0 nanoseconds spent performing 0 L2C hits;
    0 nanoseconds spent performing 0 L2C misses;
    0 nanoseconds spent executing 0 flushes (flushing a total of 0 entities and 0 collections);
    0 nanoseconds spent executing 0 partial-flushes (flushing a total of 0 entities and 0 collections)
}
&amp#27;[2m2025-05-11T11:17:46.661-03:00&amp#27;[0;39m &amp#27;[32mDEBUG&amp#27;[0;39m &amp#27;[35m16907&amp#27;[0;39m &amp#27;[2m---&amp#27;[0;39m &amp#27;[2m[           main]&amp#27;[0;39m &amp#27;[2m&amp#27;[0;39m&amp#27;[36morg.hibernate.SQL                       &amp#27;[0;39m &amp#27;[2m:&amp#27;[0;39m 
    /* <criteria> */ select
        d1_0.id,
        d1_0.actualizado_en,
        d1_0.codigo_penal,
        d1_0.creado_en,
        d1_0.descripcion,
        d1_0.nombre,
        d1_0.pena_maxima,
        d1_0.pena_minima,
        d1_0.tipo_pena,
        d1_0.valoracion 
    from
        delito d1_0 
    where
        upper(d1_0.nombre) like upper(?) escape '\'
Hibernate: 
    /* <criteria> */ select
        d1_0.id,
        d1_0.actualizado_en,
        d1_0.codigo_penal,
        d1_0.creado_en,
        d1_0.descripcion,
        d1_0.nombre,
        d1_0.pena_maxima,
        d1_0.pena_minima,
        d1_0.tipo_pena,
        d1_0.valoracion 
    from
        delito d1_0 
    where
        upper(d1_0.nombre) like upper(?) escape '\'
&amp#27;[2m2025-05-11T11:17:46.663-03:00&amp#27;[0;39m &amp#27;[32m INFO&amp#27;[0;39m &amp#27;[35m16907&amp#27;[0;39m &amp#27;[2m---&amp#27;[0;39m &amp#27;[2m[           main]&amp#27;[0;39m &amp#27;[2m&amp#27;[0;39m&amp#27;[36mi.StatisticalLoggingSessionEventListener&amp#27;[0;39m &amp#27;[2m:&amp#27;[0;39m Session Metrics {
    7625 nanoseconds spent acquiring 1 JDBC connections;
    0 nanoseconds spent releasing 0 JDBC connections;
    23500 nanoseconds spent preparing 1 JDBC statements;
    887917 nanoseconds spent executing 1 JDBC statements;
    0 nanoseconds spent executing 0 JDBC batches;
    0 nanoseconds spent performing 0 L2C puts;
    0 nanoseconds spent performing 0 L2C hits;
    0 nanoseconds spent performing 0 L2C misses;
    0 nanoseconds spent executing 0 flushes (flushing a total of 0 entities and 0 collections);
    0 nanoseconds spent executing 0 partial-flushes (flushing a total of 0 entities and 0 collections)
}
&amp#27;[2m2025-05-11T11:17:46.663-03:00&amp#27;[0;39m &amp#27;[32mDEBUG&amp#27;[0;39m &amp#27;[35m16907&amp#27;[0;39m &amp#27;[2m---&amp#27;[0;39m &amp#27;[2m[           main]&amp#27;[0;39m &amp#27;[2m&amp#27;[0;39m&amp#27;[36morg.hibernate.SQL                       &amp#27;[0;39m &amp#27;[2m:&amp#27;[0;39m 
    /* <criteria> */ select
        d1_0.id,
        d1_0.actualizado_en,
        d1_0.codigo_penal,
        d1_0.creado_en,
        d1_0.descripcion,
        d1_0.nombre,
        d1_0.pena_maxima,
        d1_0.pena_minima,
        d1_0.tipo_pena,
        d1_0.valoracion 
    from
        delito d1_0 
    where
        upper(d1_0.nombre) like upper(?) escape '\'
Hibernate: 
    /* <criteria> */ select
        d1_0.id,
        d1_0.actualizado_en,
        d1_0.codigo_penal,
        d1_0.creado_en,
        d1_0.descripcion,
        d1_0.nombre,
        d1_0.pena_maxima,
        d1_0.pena_minima,
        d1_0.tipo_pena,
        d1_0.valoracion 
    from
        delito d1_0 
    where
        upper(d1_0.nombre) like upper(?) escape '\'
&amp#27;[2m2025-05-11T11:17:46.665-03:00&amp#27;[0;39m &amp#27;[32m INFO&amp#27;[0;39m &amp#27;[35m16907&amp#27;[0;39m &amp#27;[2m---&amp#27;[0;39m &amp#27;[2m[           main]&amp#27;[0;39m &amp#27;[2m&amp#27;[0;39m&amp#27;[36mi.StatisticalLoggingSessionEventListener&amp#27;[0;39m &amp#27;[2m:&amp#27;[0;39m Session Metrics {
    9375 nanoseconds spent acquiring 1 JDBC connections;
    0 nanoseconds spent releasing 0 JDBC connections;
    29292 nanoseconds spent preparing 1 JDBC statements;
    993750 nanoseconds spent executing 1 JDBC statements;
    0 nanoseconds spent executing 0 JDBC batches;
    0 nanoseconds spent performing 0 L2C puts;
    0 nanoseconds spent performing 0 L2C hits;
    0 nanoseconds spent performing 0 L2C misses;
    0 nanoseconds spent executing 0 flushes (flushing a total of 0 entities and 0 collections);
    0 nanoseconds spent executing 0 partial-flushes (flushing a total of 0 entities and 0 collections)
}
&amp#27;[2m2025-05-11T11:17:46.666-03:00&amp#27;[0;39m &amp#27;[32mDEBUG&amp#27;[0;39m &amp#27;[35m16907&amp#27;[0;39m &amp#27;[2m---&amp#27;[0;39m &amp#27;[2m[           main]&amp#27;[0;39m &amp#27;[2m&amp#27;[0;39m&amp#27;[36morg.hibernate.SQL                       &amp#27;[0;39m &amp#27;[2m:&amp#27;[0;39m 
    /* <criteria> */ select
        d1_0.id,
        d1_0.actualizado_en,
        d1_0.codigo_penal,
        d1_0.creado_en,
        d1_0.descripcion,
        d1_0.nombre,
        d1_0.pena_maxima,
        d1_0.pena_minima,
        d1_0.tipo_pena,
        d1_0.valoracion 
    from
        delito d1_0 
    where
        upper(d1_0.nombre) like upper(?) escape '\'
Hibernate: 
    /* <criteria> */ select
        d1_0.id,
        d1_0.actualizado_en,
        d1_0.codigo_penal,
        d1_0.creado_en,
        d1_0.descripcion,
        d1_0.nombre,
        d1_0.pena_maxima,
        d1_0.pena_minima,
        d1_0.tipo_pena,
        d1_0.valoracion 
    from
        delito d1_0 
    where
        upper(d1_0.nombre) like upper(?) escape '\'
&amp#27;[2m2025-05-11T11:17:46.667-03:00&amp#27;[0;39m &amp#27;[32m INFO&amp#27;[0;39m &amp#27;[35m16907&amp#27;[0;39m &amp#27;[2m---&amp#27;[0;39m &amp#27;[2m[           main]&amp#27;[0;39m &amp#27;[2m&amp#27;[0;39m&amp#27;[36mi.StatisticalLoggingSessionEventListener&amp#27;[0;39m &amp#27;[2m:&amp#27;[0;39m Session Metrics {
    9333 nanoseconds spent acquiring 1 JDBC connections;
    0 nanoseconds spent releasing 0 JDBC connections;
    28750 nanoseconds spent preparing 1 JDBC statements;
    938917 nanoseconds spent executing 1 JDBC statements;
    0 nanoseconds spent executing 0 JDBC batches;
    0 nanoseconds spent performing 0 L2C puts;
    0 nanoseconds spent performing 0 L2C hits;
    0 nanoseconds spent performing 0 L2C misses;
    0 nanoseconds spent executing 0 flushes (flushing a total of 0 entities and 0 collections);
    0 nanoseconds spent executing 0 partial-flushes (flushing a total of 0 entities and 0 collections)
}
&amp#27;[2m2025-05-11T11:17:46.667-03:00&amp#27;[0;39m &amp#27;[32mDEBUG&amp#27;[0;39m &amp#27;[35m16907&amp#27;[0;39m &amp#27;[2m---&amp#27;[0;39m &amp#27;[2m[           main]&amp#27;[0;39m &amp#27;[2m&amp#27;[0;39m&amp#27;[36morg.hibernate.SQL                       &amp#27;[0;39m &amp#27;[2m:&amp#27;[0;39m 
    /* <criteria> */ select
        d1_0.id,
        d1_0.actualizado_en,
        d1_0.codigo_penal,
        d1_0.creado_en,
        d1_0.descripcion,
        d1_0.nombre,
        d1_0.pena_maxima,
        d1_0.pena_minima,
        d1_0.tipo_pena,
        d1_0.valoracion 
    from
        delito d1_0 
    where
        upper(d1_0.nombre) like upper(?) escape '\'
Hibernate: 
    /* <criteria> */ select
        d1_0.id,
        d1_0.actualizado_en,
        d1_0.codigo_penal,
        d1_0.creado_en,
        d1_0.descripcion,
        d1_0.nombre,
        d1_0.pena_maxima,
        d1_0.pena_minima,
        d1_0.tipo_pena,
        d1_0.valoracion 
    from
        delito d1_0 
    where
        upper(d1_0.nombre) like upper(?) escape '\'
&amp#27;[2m2025-05-11T11:17:46.669-03:00&amp#27;[0;39m &amp#27;[32m INFO&amp#27;[0;39m &amp#27;[35m16907&amp#27;[0;39m &amp#27;[2m---&amp#27;[0;39m &amp#27;[2m[           main]&amp#27;[0;39m &amp#27;[2m&amp#27;[0;39m&amp#27;[36mi.StatisticalLoggingSessionEventListener&amp#27;[0;39m &amp#27;[2m:&amp#27;[0;39m Session Metrics {
    6000 nanoseconds spent acquiring 1 JDBC connections;
    0 nanoseconds spent releasing 0 JDBC connections;
    19375 nanoseconds spent preparing 1 JDBC statements;
    864833 nanoseconds spent executing 1 JDBC statements;
    0 nanoseconds spent executing 0 JDBC batches;
    0 nanoseconds spent performing 0 L2C puts;
    0 nanoseconds spent performing 0 L2C hits;
    0 nanoseconds spent performing 0 L2C misses;
    0 nanoseconds spent executing 0 flushes (flushing a total of 0 entities and 0 collections);
    0 nanoseconds spent executing 0 partial-flushes (flushing a total of 0 entities and 0 collections)
}
&amp#27;[2m2025-05-11T11:17:46.669-03:00&amp#27;[0;39m &amp#27;[32mDEBUG&amp#27;[0;39m &amp#27;[35m16907&amp#27;[0;39m &amp#27;[2m---&amp#27;[0;39m &amp#27;[2m[           main]&amp#27;[0;39m &amp#27;[2m&amp#27;[0;39m&amp#27;[36morg.hibernate.SQL                       &amp#27;[0;39m &amp#27;[2m:&amp#27;[0;39m 
    /* <criteria> */ select
        d1_0.id,
        d1_0.actualizado_en,
        d1_0.codigo_penal,
        d1_0.creado_en,
        d1_0.descripcion,
        d1_0.nombre,
        d1_0.pena_maxima,
        d1_0.pena_minima,
        d1_0.tipo_pena,
        d1_0.valoracion 
    from
        delito d1_0 
    where
        upper(d1_0.nombre) like upper(?) escape '\'
Hibernate: 
    /* <criteria> */ select
        d1_0.id,
        d1_0.actualizado_en,
        d1_0.codigo_penal,
        d1_0.creado_en,
        d1_0.descripcion,
        d1_0.nombre,
        d1_0.pena_maxima,
        d1_0.pena_minima,
        d1_0.tipo_pena,
        d1_0.valoracion 
    from
        delito d1_0 
    where
        upper(d1_0.nombre) like upper(?) escape '\'
&amp#27;[2m2025-05-11T11:17:46.670-03:00&amp#27;[0;39m &amp#27;[32m INFO&amp#27;[0;39m &amp#27;[35m16907&amp#27;[0;39m &amp#27;[2m---&amp#27;[0;39m &amp#27;[2m[           main]&amp#27;[0;39m &amp#27;[2m&amp#27;[0;39m&amp#27;[36mi.StatisticalLoggingSessionEventListener&amp#27;[0;39m &amp#27;[2m:&amp#27;[0;39m Session Metrics {
    8334 nanoseconds spent acquiring 1 JDBC connections;
    0 nanoseconds spent releasing 0 JDBC connections;
    25750 nanoseconds spent preparing 1 JDBC statements;
    891750 nanoseconds spent executing 1 JDBC statements;
    0 nanoseconds spent executing 0 JDBC batches;
    0 nanoseconds spent performing 0 L2C puts;
    0 nanoseconds spent performing 0 L2C hits;
    0 nanoseconds spent performing 0 L2C misses;
    0 nanoseconds spent executing 0 flushes (flushing a total of 0 entities and 0 collections);
    0 nanoseconds spent executing 0 partial-flushes (flushing a total of 0 entities and 0 collections)
}
&amp#27;[2m2025-05-11T11:17:46.671-03:00&amp#27;[0;39m &amp#27;[32mDEBUG&amp#27;[0;39m &amp#27;[35m16907&amp#27;[0;39m &amp#27;[2m---&amp#27;[0;39m &amp#27;[2m[           main]&amp#27;[0;39m &amp#27;[2m&amp#27;[0;39m&amp#27;[36morg.hibernate.SQL                       &amp#27;[0;39m &amp#27;[2m:&amp#27;[0;39m 
    /* <criteria> */ select
        d1_0.id,
        d1_0.actualizado_en,
        d1_0.codigo_penal,
        d1_0.creado_en,
        d1_0.descripcion,
        d1_0.nombre,
        d1_0.pena_maxima,
        d1_0.pena_minima,
        d1_0.tipo_pena,
        d1_0.valoracion 
    from
        delito d1_0 
    where
        upper(d1_0.nombre) like upper(?) escape '\'
Hibernate: 
    /* <criteria> */ select
        d1_0.id,
        d1_0.actualizado_en,
        d1_0.codigo_penal,
        d1_0.creado_en,
        d1_0.descripcion,
        d1_0.nombre,
        d1_0.pena_maxima,
        d1_0.pena_minima,
        d1_0.tipo_pena,
        d1_0.valoracion 
    from
        delito d1_0 
    where
        upper(d1_0.nombre) like upper(?) escape '\'
&amp#27;[2m2025-05-11T11:17:46.672-03:00&amp#27;[0;39m &amp#27;[32m INFO&amp#27;[0;39m &amp#27;[35m16907&amp#27;[0;39m &amp#27;[2m---&amp#27;[0;39m &amp#27;[2m[           main]&amp#27;[0;39m &amp#27;[2m&amp#27;[0;39m&amp#27;[36mi.StatisticalLoggingSessionEventListener&amp#27;[0;39m &amp#27;[2m:&amp#27;[0;39m Session Metrics {
    6125 nanoseconds spent acquiring 1 JDBC connections;
    0 nanoseconds spent releasing 0 JDBC connections;
    20750 nanoseconds spent preparing 1 JDBC statements;
    765333 nanoseconds spent executing 1 JDBC statements;
    0 nanoseconds spent executing 0 JDBC batches;
    0 nanoseconds spent performing 0 L2C puts;
    0 nanoseconds spent performing 0 L2C hits;
    0 nanoseconds spent performing 0 L2C misses;
    0 nanoseconds spent executing 0 flushes (flushing a total of 0 entities and 0 collections);
    0 nanoseconds spent executing 0 partial-flushes (flushing a total of 0 entities and 0 collections)
}
&amp#27;[2m2025-05-11T11:17:46.672-03:00&amp#27;[0;39m &amp#27;[32mDEBUG&amp#27;[0;39m &amp#27;[35m16907&amp#27;[0;39m &amp#27;[2m---&amp#27;[0;39m &amp#27;[2m[           main]&amp#27;[0;39m &amp#27;[2m&amp#27;[0;39m&amp#27;[36morg.hibernate.SQL                       &amp#27;[0;39m &amp#27;[2m:&amp#27;[0;39m 
    /* <criteria> */ select
        d1_0.id,
        d1_0.actualizado_en,
        d1_0.codigo_penal,
        d1_0.creado_en,
        d1_0.descripcion,
        d1_0.nombre,
        d1_0.pena_maxima,
        d1_0.pena_minima,
        d1_0.tipo_pena,
        d1_0.valoracion 
    from
        delito d1_0 
    where
        upper(d1_0.nombre) like upper(?) escape '\'
Hibernate: 
    /* <criteria> */ select
        d1_0.id,
        d1_0.actualizado_en,
        d1_0.codigo_penal,
        d1_0.creado_en,
        d1_0.descripcion,
        d1_0.nombre,
        d1_0.pena_maxima,
        d1_0.pena_minima,
        d1_0.tipo_pena,
        d1_0.valoracion 
    from
        delito d1_0 
    where
        upper(d1_0.nombre) like upper(?) escape '\'
&amp#27;[2m2025-05-11T11:17:46.676-03:00&amp#27;[0;39m &amp#27;[32m INFO&amp#27;[0;39m &amp#27;[35m16907&amp#27;[0;39m &amp#27;[2m---&amp#27;[0;39m &amp#27;[2m[           main]&amp#27;[0;39m &amp#27;[2m&amp#27;[0;39m&amp#27;[36mi.StatisticalLoggingSessionEventListener&amp#27;[0;39m &amp#27;[2m:&amp#27;[0;39m Session Metrics {
    6417 nanoseconds spent acquiring 1 JDBC connections;
    0 nanoseconds spent releasing 0 JDBC connections;
    23709 nanoseconds spent preparing 1 JDBC statements;
    975541 nanoseconds spent executing 1 JDBC statements;
    0 nanoseconds spent executing 0 JDBC batches;
    0 nanoseconds spent performing 0 L2C puts;
    0 nanoseconds spent performing 0 L2C hits;
    0 nanoseconds spent performing 0 L2C misses;
    0 nanoseconds spent executing 0 flushes (flushing a total of 0 entities and 0 collections);
    0 nanoseconds spent executing 0 partial-flushes (flushing a total of 0 entities and 0 collections)
}
&amp#27;[2m2025-05-11T11:17:46.676-03:00&amp#27;[0;39m &amp#27;[32mDEBUG&amp#27;[0;39m &amp#27;[35m16907&amp#27;[0;39m &amp#27;[2m---&amp#27;[0;39m &amp#27;[2m[           main]&amp#27;[0;39m &amp#27;[2m&amp#27;[0;39m&amp#27;[36morg.hibernate.SQL                       &amp#27;[0;39m &amp#27;[2m:&amp#27;[0;39m 
    /* <criteria> */ select
        d1_0.id,
        d1_0.actualizado_en,
        d1_0.codigo_penal,
        d1_0.creado_en,
        d1_0.descripcion,
        d1_0.nombre,
        d1_0.pena_maxima,
        d1_0.pena_minima,
        d1_0.tipo_pena,
        d1_0.valoracion 
    from
        delito d1_0 
    where
        upper(d1_0.nombre) like upper(?) escape '\'
Hibernate: 
    /* <criteria> */ select
        d1_0.id,
        d1_0.actualizado_en,
        d1_0.codigo_penal,
        d1_0.creado_en,
        d1_0.descripcion,
        d1_0.nombre,
        d1_0.pena_maxima,
        d1_0.pena_minima,
        d1_0.tipo_pena,
        d1_0.valoracion 
    from
        delito d1_0 
    where
        upper(d1_0.nombre) like upper(?) escape '\'
&amp#27;[2m2025-05-11T11:17:46.678-03:00&amp#27;[0;39m &amp#27;[32m INFO&amp#27;[0;39m &amp#27;[35m16907&amp#27;[0;39m &amp#27;[2m---&amp#27;[0;39m &amp#27;[2m[           main]&amp#27;[0;39m &amp#27;[2m&amp#27;[0;39m&amp#27;[36mi.StatisticalLoggingSessionEventListener&amp#27;[0;39m &amp#27;[2m:&amp#27;[0;39m Session Metrics {
    13750 nanoseconds spent acquiring 1 JDBC connections;
    0 nanoseconds spent releasing 0 JDBC connections;
    134916 nanoseconds spent preparing 1 JDBC statements;
    1088458 nanoseconds spent executing 1 JDBC statements;
    0 nanoseconds spent executing 0 JDBC batches;
    0 nanoseconds spent performing 0 L2C puts;
    0 nanoseconds spent performing 0 L2C hits;
    0 nanoseconds spent performing 0 L2C misses;
    0 nanoseconds spent executing 0 flushes (flushing a total of 0 entities and 0 collections);
    0 nanoseconds spent executing 0 partial-flushes (flushing a total of 0 entities and 0 collections)
}
&amp#27;[2m2025-05-11T11:17:46.678-03:00&amp#27;[0;39m &amp#27;[32mDEBUG&amp#27;[0;39m &amp#27;[35m16907&amp#27;[0;39m &amp#27;[2m---&amp#27;[0;39m &amp#27;[2m[           main]&amp#27;[0;39m &amp#27;[2m&amp#27;[0;39m&amp#27;[36morg.hibernate.SQL                       &amp#27;[0;39m &amp#27;[2m:&amp#27;[0;39m 
    /* <criteria> */ select
        d1_0.id,
        d1_0.actualizado_en,
        d1_0.codigo_penal,
        d1_0.creado_en,
        d1_0.descripcion,
        d1_0.nombre,
        d1_0.pena_maxima,
        d1_0.pena_minima,
        d1_0.tipo_pena,
        d1_0.valoracion 
    from
        delito d1_0 
    where
        upper(d1_0.nombre) like upper(?) escape '\'
Hibernate: 
    /* <criteria> */ select
        d1_0.id,
        d1_0.actualizado_en,
        d1_0.codigo_penal,
        d1_0.creado_en,
        d1_0.descripcion,
        d1_0.nombre,
        d1_0.pena_maxima,
        d1_0.pena_minima,
        d1_0.tipo_pena,
        d1_0.valoracion 
    from
        delito d1_0 
    where
        upper(d1_0.nombre) like upper(?) escape '\'
&amp#27;[2m2025-05-11T11:17:46.680-03:00&amp#27;[0;39m &amp#27;[32m INFO&amp#27;[0;39m &amp#27;[35m16907&amp#27;[0;39m &amp#27;[2m---&amp#27;[0;39m &amp#27;[2m[           main]&amp#27;[0;39m &amp#27;[2m&amp#27;[0;39m&amp#27;[36mi.StatisticalLoggingSessionEventListener&amp#27;[0;39m &amp#27;[2m:&amp#27;[0;39m Session Metrics {
    7375 nanoseconds spent acquiring 1 JDBC connections;
    0 nanoseconds spent releasing 0 JDBC connections;
    29458 nanoseconds spent preparing 1 JDBC statements;
    877458 nanoseconds spent executing 1 JDBC statements;
    0 nanoseconds spent executing 0 JDBC batches;
    0 nanoseconds spent performing 0 L2C puts;
    0 nanoseconds spent performing 0 L2C hits;
    0 nanoseconds spent performing 0 L2C misses;
    0 nanoseconds spent executing 0 flushes (flushing a total of 0 entities and 0 collections);
    0 nanoseconds spent executing 0 partial-flushes (flushing a total of 0 entities and 0 collections)
}
&amp#27;[2m2025-05-11T11:17:46.680-03:00&amp#27;[0;39m &amp#27;[32mDEBUG&amp#27;[0;39m &amp#27;[35m16907&amp#27;[0;39m &amp#27;[2m---&amp#27;[0;39m &amp#27;[2m[           main]&amp#27;[0;39m &amp#27;[2m&amp#27;[0;39m&amp#27;[36morg.hibernate.SQL                       &amp#27;[0;39m &amp#27;[2m:&amp#27;[0;39m 
    /* <criteria> */ select
        d1_0.id,
        d1_0.actualizado_en,
        d1_0.codigo_penal,
        d1_0.creado_en,
        d1_0.descripcion,
        d1_0.nombre,
        d1_0.pena_maxima,
        d1_0.pena_minima,
        d1_0.tipo_pena,
        d1_0.valoracion 
    from
        delito d1_0 
    where
        upper(d1_0.nombre) like upper(?) escape '\'
Hibernate: 
    /* <criteria> */ select
        d1_0.id,
        d1_0.actualizado_en,
        d1_0.codigo_penal,
        d1_0.creado_en,
        d1_0.descripcion,
        d1_0.nombre,
        d1_0.pena_maxima,
        d1_0.pena_minima,
        d1_0.tipo_pena,
        d1_0.valoracion 
    from
        delito d1_0 
    where
        upper(d1_0.nombre) like upper(?) escape '\'
&amp#27;[2m2025-05-11T11:17:46.681-03:00&amp#27;[0;39m &amp#27;[32m INFO&amp#27;[0;39m &amp#27;[35m16907&amp#27;[0;39m &amp#27;[2m---&amp#27;[0;39m &amp#27;[2m[           main]&amp#27;[0;39m &amp#27;[2m&amp#27;[0;39m&amp#27;[36mi.StatisticalLoggingSessionEventListener&amp#27;[0;39m &amp#27;[2m:&amp#27;[0;39m Session Metrics {
    6792 nanoseconds spent acquiring 1 JDBC connections;
    0 nanoseconds spent releasing 0 JDBC connections;
    21292 nanoseconds spent preparing 1 JDBC statements;
    941000 nanoseconds spent executing 1 JDBC statements;
    0 nanoseconds spent executing 0 JDBC batches;
    0 nanoseconds spent performing 0 L2C puts;
    0 nanoseconds spent performing 0 L2C hits;
    0 nanoseconds spent performing 0 L2C misses;
    0 nanoseconds spent executing 0 flushes (flushing a total of 0 entities and 0 collections);
    0 nanoseconds spent executing 0 partial-flushes (flushing a total of 0 entities and 0 collections)
}
&amp#27;[2m2025-05-11T11:17:46.682-03:00&amp#27;[0;39m &amp#27;[32mDEBUG&amp#27;[0;39m &amp#27;[35m16907&amp#27;[0;39m &amp#27;[2m---&amp#27;[0;39m &amp#27;[2m[           main]&amp#27;[0;39m &amp#27;[2m&amp#27;[0;39m&amp#27;[36morg.hibernate.SQL                       &amp#27;[0;39m &amp#27;[2m:&amp#27;[0;39m 
    /* <criteria> */ select
        d1_0.id,
        d1_0.actualizado_en,
        d1_0.codigo_penal,
        d1_0.creado_en,
        d1_0.descripcion,
        d1_0.nombre,
        d1_0.pena_maxima,
        d1_0.pena_minima,
        d1_0.tipo_pena,
        d1_0.valoracion 
    from
        delito d1_0 
    where
        upper(d1_0.nombre) like upper(?) escape '\'
Hibernate: 
    /* <criteria> */ select
        d1_0.id,
        d1_0.actualizado_en,
        d1_0.codigo_penal,
        d1_0.creado_en,
        d1_0.descripcion,
        d1_0.nombre,
        d1_0.pena_maxima,
        d1_0.pena_minima,
        d1_0.tipo_pena,
        d1_0.valoracion 
    from
        delito d1_0 
    where
        upper(d1_0.nombre) like upper(?) escape '\'
&amp#27;[2m2025-05-11T11:17:46.683-03:00&amp#27;[0;39m &amp#27;[32m INFO&amp#27;[0;39m &amp#27;[35m16907&amp#27;[0;39m &amp#27;[2m---&amp#27;[0;39m &amp#27;[2m[           main]&amp#27;[0;39m &amp#27;[2m&amp#27;[0;39m&amp#27;[36mi.StatisticalLoggingSessionEventListener&amp#27;[0;39m &amp#27;[2m:&amp#27;[0;39m Session Metrics {
    7250 nanoseconds spent acquiring 1 JDBC connections;
    0 nanoseconds spent releasing 0 JDBC connections;
    23000 nanoseconds spent preparing 1 JDBC statements;
    854459 nanoseconds spent executing 1 JDBC statements;
    0 nanoseconds spent executing 0 JDBC batches;
    0 nanoseconds spent performing 0 L2C puts;
    0 nanoseconds spent performing 0 L2C hits;
    0 nanoseconds spent performing 0 L2C misses;
    0 nanoseconds spent executing 0 flushes (flushing a total of 0 entities and 0 collections);
    0 nanoseconds spent executing 0 partial-flushes (flushing a total of 0 entities and 0 collections)
}
&amp#27;[2m2025-05-11T11:17:46.684-03:00&amp#27;[0;39m &amp#27;[32mDEBUG&amp#27;[0;39m &amp#27;[35m16907&amp#27;[0;39m &amp#27;[2m---&amp#27;[0;39m &amp#27;[2m[           main]&amp#27;[0;39m &amp#27;[2m&amp#27;[0;39m&amp#27;[36morg.hibernate.SQL                       &amp#27;[0;39m &amp#27;[2m:&amp#27;[0;39m 
    /* <criteria> */ select
        d1_0.id,
        d1_0.actualizado_en,
        d1_0.codigo_penal,
        d1_0.creado_en,
        d1_0.descripcion,
        d1_0.nombre,
        d1_0.pena_maxima,
        d1_0.pena_minima,
        d1_0.tipo_pena,
        d1_0.valoracion 
    from
        delito d1_0 
    where
        upper(d1_0.nombre) like upper(?) escape '\'
Hibernate: 
    /* <criteria> */ select
        d1_0.id,
        d1_0.actualizado_en,
        d1_0.codigo_penal,
        d1_0.creado_en,
        d1_0.descripcion,
        d1_0.nombre,
        d1_0.pena_maxima,
        d1_0.pena_minima,
        d1_0.tipo_pena,
        d1_0.valoracion 
    from
        delito d1_0 
    where
        upper(d1_0.nombre) like upper(?) escape '\'
&amp#27;[2m2025-05-11T11:17:46.685-03:00&amp#27;[0;39m &amp#27;[32m INFO&amp#27;[0;39m &amp#27;[35m16907&amp#27;[0;39m &amp#27;[2m---&amp#27;[0;39m &amp#27;[2m[           main]&amp#27;[0;39m &amp#27;[2m&amp#27;[0;39m&amp#27;[36mi.StatisticalLoggingSessionEventListener&amp#27;[0;39m &amp#27;[2m:&amp#27;[0;39m Session Metrics {
    7209 nanoseconds spent acquiring 1 JDBC connections;
    0 nanoseconds spent releasing 0 JDBC connections;
    22667 nanoseconds spent preparing 1 JDBC statements;
    936083 nanoseconds spent executing 1 JDBC statements;
    0 nanoseconds spent executing 0 JDBC batches;
    0 nanoseconds spent performing 0 L2C puts;
    0 nanoseconds spent performing 0 L2C hits;
    0 nanoseconds spent performing 0 L2C misses;
    0 nanoseconds spent executing 0 flushes (flushing a total of 0 entities and 0 collections);
    0 nanoseconds spent executing 0 partial-flushes (flushing a total of 0 entities and 0 collections)
}
&amp#27;[2m2025-05-11T11:17:46.685-03:00&amp#27;[0;39m &amp#27;[32mDEBUG&amp#27;[0;39m &amp#27;[35m16907&amp#27;[0;39m &amp#27;[2m---&amp#27;[0;39m &amp#27;[2m[           main]&amp#27;[0;39m &amp#27;[2m&amp#27;[0;39m&amp#27;[36morg.hibernate.SQL                       &amp#27;[0;39m &amp#27;[2m:&amp#27;[0;39m 
    /* <criteria> */ select
        d1_0.id,
        d1_0.actualizado_en,
        d1_0.codigo_penal,
        d1_0.creado_en,
        d1_0.descripcion,
        d1_0.nombre,
        d1_0.pena_maxima,
        d1_0.pena_minima,
        d1_0.tipo_pena,
        d1_0.valoracion 
    from
        delito d1_0 
    where
        upper(d1_0.nombre) like upper(?) escape '\'
Hibernate: 
    /* <criteria> */ select
        d1_0.id,
        d1_0.actualizado_en,
        d1_0.codigo_penal,
        d1_0.creado_en,
        d1_0.descripcion,
        d1_0.nombre,
        d1_0.pena_maxima,
        d1_0.pena_minima,
        d1_0.tipo_pena,
        d1_0.valoracion 
    from
        delito d1_0 
    where
        upper(d1_0.nombre) like upper(?) escape '\'
&amp#27;[2m2025-05-11T11:17:46.686-03:00&amp#27;[0;39m &amp#27;[32m INFO&amp#27;[0;39m &amp#27;[35m16907&amp#27;[0;39m &amp#27;[2m---&amp#27;[0;39m &amp#27;[2m[           main]&amp#27;[0;39m &amp#27;[2m&amp#27;[0;39m&amp#27;[36mi.StatisticalLoggingSessionEventListener&amp#27;[0;39m &amp#27;[2m:&amp#27;[0;39m Session Metrics {
    7792 nanoseconds spent acquiring 1 JDBC connections;
    0 nanoseconds spent releasing 0 JDBC connections;
    24708 nanoseconds spent preparing 1 JDBC statements;
    816000 nanoseconds spent executing 1 JDBC statements;
    0 nanoseconds spent executing 0 JDBC batches;
    0 nanoseconds spent performing 0 L2C puts;
    0 nanoseconds spent performing 0 L2C hits;
    0 nanoseconds spent performing 0 L2C misses;
    0 nanoseconds spent executing 0 flushes (flushing a total of 0 entities and 0 collections);
    0 nanoseconds spent executing 0 partial-flushes (flushing a total of 0 entities and 0 collections)
}
&amp#27;[2m2025-05-11T11:17:46.687-03:00&amp#27;[0;39m &amp#27;[32mDEBUG&amp#27;[0;39m &amp#27;[35m16907&amp#27;[0;39m &amp#27;[2m---&amp#27;[0;39m &amp#27;[2m[           main]&amp#27;[0;39m &amp#27;[2m&amp#27;[0;39m&amp#27;[36morg.hibernate.SQL                       &amp#27;[0;39m &amp#27;[2m:&amp#27;[0;39m 
    /* <criteria> */ select
        d1_0.id,
        d1_0.actualizado_en,
        d1_0.codigo_penal,
        d1_0.creado_en,
        d1_0.descripcion,
        d1_0.nombre,
        d1_0.pena_maxima,
        d1_0.pena_minima,
        d1_0.tipo_pena,
        d1_0.valoracion 
    from
        delito d1_0 
    where
        upper(d1_0.nombre) like upper(?) escape '\'
Hibernate: 
    /* <criteria> */ select
        d1_0.id,
        d1_0.actualizado_en,
        d1_0.codigo_penal,
        d1_0.creado_en,
        d1_0.descripcion,
        d1_0.nombre,
        d1_0.pena_maxima,
        d1_0.pena_minima,
        d1_0.tipo_pena,
        d1_0.valoracion 
    from
        delito d1_0 
    where
        upper(d1_0.nombre) like upper(?) escape '\'
&amp#27;[2m2025-05-11T11:17:46.688-03:00&amp#27;[0;39m &amp#27;[32m INFO&amp#27;[0;39m &amp#27;[35m16907&amp#27;[0;39m &amp#27;[2m---&amp#27;[0;39m &amp#27;[2m[           main]&amp#27;[0;39m &amp#27;[2m&amp#27;[0;39m&amp#27;[36mi.StatisticalLoggingSessionEventListener&amp#27;[0;39m &amp#27;[2m:&amp#27;[0;39m Session Metrics {
    5166 nanoseconds spent acquiring 1 JDBC connections;
    0 nanoseconds spent releasing 0 JDBC connections;
    17167 nanoseconds spent preparing 1 JDBC statements;
    876250 nanoseconds spent executing 1 JDBC statements;
    0 nanoseconds spent executing 0 JDBC batches;
    0 nanoseconds spent performing 0 L2C puts;
    0 nanoseconds spent performing 0 L2C hits;
    0 nanoseconds spent performing 0 L2C misses;
    0 nanoseconds spent executing 0 flushes (flushing a total of 0 entities and 0 collections);
    0 nanoseconds spent executing 0 partial-flushes (flushing a total of 0 entities and 0 collections)
}
&amp#27;[2m2025-05-11T11:17:46.689-03:00&amp#27;[0;39m &amp#27;[32mDEBUG&amp#27;[0;39m &amp#27;[35m16907&amp#27;[0;39m &amp#27;[2m---&amp#27;[0;39m &amp#27;[2m[           main]&amp#27;[0;39m &amp#27;[2m&amp#27;[0;39m&amp#27;[36morg.hibernate.SQL                       &amp#27;[0;39m &amp#27;[2m:&amp#27;[0;39m 
    /* <criteria> */ select
        d1_0.id,
        d1_0.actualizado_en,
        d1_0.codigo_penal,
        d1_0.creado_en,
        d1_0.descripcion,
        d1_0.nombre,
        d1_0.pena_maxima,
        d1_0.pena_minima,
        d1_0.tipo_pena,
        d1_0.valoracion 
    from
        delito d1_0 
    where
        upper(d1_0.nombre) like upper(?) escape '\'
Hibernate: 
    /* <criteria> */ select
        d1_0.id,
        d1_0.actualizado_en,
        d1_0.codigo_penal,
        d1_0.creado_en,
        d1_0.descripcion,
        d1_0.nombre,
        d1_0.pena_maxima,
        d1_0.pena_minima,
        d1_0.tipo_pena,
        d1_0.valoracion 
    from
        delito d1_0 
    where
        upper(d1_0.nombre) like upper(?) escape '\'
&amp#27;[2m2025-05-11T11:17:46.690-03:00&amp#27;[0;39m &amp#27;[32m INFO&amp#27;[0;39m &amp#27;[35m16907&amp#27;[0;39m &amp#27;[2m---&amp#27;[0;39m &amp#27;[2m[           main]&amp#27;[0;39m &amp#27;[2m&amp#27;[0;39m&amp#27;[36mi.StatisticalLoggingSessionEventListener&amp#27;[0;39m &amp#27;[2m:&amp#27;[0;39m Session Metrics {
    9375 nanoseconds spent acquiring 1 JDBC connections;
    0 nanoseconds spent releasing 0 JDBC connections;
    27750 nanoseconds spent preparing 1 JDBC statements;
    1057125 nanoseconds spent executing 1 JDBC statements;
    0 nanoseconds spent executing 0 JDBC batches;
    0 nanoseconds spent performing 0 L2C puts;
    0 nanoseconds spent performing 0 L2C hits;
    0 nanoseconds spent performing 0 L2C misses;
    0 nanoseconds spent executing 0 flushes (flushing a total of 0 entities and 0 collections);
    0 nanoseconds spent executing 0 partial-flushes (flushing a total of 0 entities and 0 collections)
}
&amp#27;[2m2025-05-11T11:17:46.691-03:00&amp#27;[0;39m &amp#27;[32mDEBUG&amp#27;[0;39m &amp#27;[35m16907&amp#27;[0;39m &amp#27;[2m---&amp#27;[0;39m &amp#27;[2m[           main]&amp#27;[0;39m &amp#27;[2m&amp#27;[0;39m&amp#27;[36morg.hibernate.SQL                       &amp#27;[0;39m &amp#27;[2m:&amp#27;[0;39m 
    /* <criteria> */ select
        d1_0.id,
        d1_0.actualizado_en,
        d1_0.codigo_penal,
        d1_0.creado_en,
        d1_0.descripcion,
        d1_0.nombre,
        d1_0.pena_maxima,
        d1_0.pena_minima,
        d1_0.tipo_pena,
        d1_0.valoracion 
    from
        delito d1_0 
    where
        upper(d1_0.nombre) like upper(?) escape '\'
Hibernate: 
    /* <criteria> */ select
        d1_0.id,
        d1_0.actualizado_en,
        d1_0.codigo_penal,
        d1_0.creado_en,
        d1_0.descripcion,
        d1_0.nombre,
        d1_0.pena_maxima,
        d1_0.pena_minima,
        d1_0.tipo_pena,
        d1_0.valoracion 
    from
        delito d1_0 
    where
        upper(d1_0.nombre) like upper(?) escape '\'
&amp#27;[2m2025-05-11T11:17:46.692-03:00&amp#27;[0;39m &amp#27;[32m INFO&amp#27;[0;39m &amp#27;[35m16907&amp#27;[0;39m &amp#27;[2m---&amp#27;[0;39m &amp#27;[2m[           main]&amp#27;[0;39m &amp#27;[2m&amp#27;[0;39m&amp#27;[36mi.StatisticalLoggingSessionEventListener&amp#27;[0;39m &amp#27;[2m:&amp#27;[0;39m Session Metrics {
    7208 nanoseconds spent acquiring 1 JDBC connections;
    0 nanoseconds spent releasing 0 JDBC connections;
    25458 nanoseconds spent preparing 1 JDBC statements;
    923917 nanoseconds spent executing 1 JDBC statements;
    0 nanoseconds spent executing 0 JDBC batches;
    0 nanoseconds spent performing 0 L2C puts;
    0 nanoseconds spent performing 0 L2C hits;
    0 nanoseconds spent performing 0 L2C misses;
    0 nanoseconds spent executing 0 flushes (flushing a total of 0 entities and 0 collections);
    0 nanoseconds spent executing 0 partial-flushes (flushing a total of 0 entities and 0 collections)
}
&amp#27;[2m2025-05-11T11:17:46.692-03:00&amp#27;[0;39m &amp#27;[32mDEBUG&amp#27;[0;39m &amp#27;[35m16907&amp#27;[0;39m &amp#27;[2m---&amp#27;[0;39m &amp#27;[2m[           main]&amp#27;[0;39m &amp#27;[2m&amp#27;[0;39m&amp#27;[36morg.hibernate.SQL                       &amp#27;[0;39m &amp#27;[2m:&amp#27;[0;39m 
    /* <criteria> */ select
        d1_0.id,
        d1_0.actualizado_en,
        d1_0.codigo_penal,
        d1_0.creado_en,
        d1_0.descripcion,
        d1_0.nombre,
        d1_0.pena_maxima,
        d1_0.pena_minima,
        d1_0.tipo_pena,
        d1_0.valoracion 
    from
        delito d1_0 
    where
        upper(d1_0.nombre) like upper(?) escape '\'
Hibernate: 
    /* <criteria> */ select
        d1_0.id,
        d1_0.actualizado_en,
        d1_0.codigo_penal,
        d1_0.creado_en,
        d1_0.descripcion,
        d1_0.nombre,
        d1_0.pena_maxima,
        d1_0.pena_minima,
        d1_0.tipo_pena,
        d1_0.valoracion 
    from
        delito d1_0 
    where
        upper(d1_0.nombre) like upper(?) escape '\'
&amp#27;[2m2025-05-11T11:17:46.694-03:00&amp#27;[0;39m &amp#27;[32m INFO&amp#27;[0;39m &amp#27;[35m16907&amp#27;[0;39m &amp#27;[2m---&amp#27;[0;39m &amp#27;[2m[           main]&amp#27;[0;39m &amp#27;[2m&amp#27;[0;39m&amp#27;[36mi.StatisticalLoggingSessionEventListener&amp#27;[0;39m &amp#27;[2m:&amp#27;[0;39m Session Metrics {
    7875 nanoseconds spent acquiring 1 JDBC connections;
    0 nanoseconds spent releasing 0 JDBC connections;
    23709 nanoseconds spent preparing 1 JDBC statements;
    782833 nanoseconds spent executing 1 JDBC statements;
    0 nanoseconds spent executing 0 JDBC batches;
    0 nanoseconds spent performing 0 L2C puts;
    0 nanoseconds spent performing 0 L2C hits;
    0 nanoseconds spent performing 0 L2C misses;
    0 nanoseconds spent executing 0 flushes (flushing a total of 0 entities and 0 collections);
    0 nanoseconds spent executing 0 partial-flushes (flushing a total of 0 entities and 0 collections)
}
&amp#27;[2m2025-05-11T11:17:46.694-03:00&amp#27;[0;39m &amp#27;[32mDEBUG&amp#27;[0;39m &amp#27;[35m16907&amp#27;[0;39m &amp#27;[2m---&amp#27;[0;39m &amp#27;[2m[           main]&amp#27;[0;39m &amp#27;[2m&amp#27;[0;39m&amp#27;[36morg.hibernate.SQL                       &amp#27;[0;39m &amp#27;[2m:&amp#27;[0;39m 
    /* <criteria> */ select
        d1_0.id,
        d1_0.actualizado_en,
        d1_0.codigo_penal,
        d1_0.creado_en,
        d1_0.descripcion,
        d1_0.nombre,
        d1_0.pena_maxima,
        d1_0.pena_minima,
        d1_0.tipo_pena,
        d1_0.valoracion 
    from
        delito d1_0 
    where
        upper(d1_0.nombre) like upper(?) escape '\'
Hibernate: 
    /* <criteria> */ select
        d1_0.id,
        d1_0.actualizado_en,
        d1_0.codigo_penal,
        d1_0.creado_en,
        d1_0.descripcion,
        d1_0.nombre,
        d1_0.pena_maxima,
        d1_0.pena_minima,
        d1_0.tipo_pena,
        d1_0.valoracion 
    from
        delito d1_0 
    where
        upper(d1_0.nombre) like upper(?) escape '\'
&amp#27;[2m2025-05-11T11:17:46.695-03:00&amp#27;[0;39m &amp#27;[32m INFO&amp#27;[0;39m &amp#27;[35m16907&amp#27;[0;39m &amp#27;[2m---&amp#27;[0;39m &amp#27;[2m[           main]&amp#27;[0;39m &amp#27;[2m&amp#27;[0;39m&amp#27;[36mi.StatisticalLoggingSessionEventListener&amp#27;[0;39m &amp#27;[2m:&amp#27;[0;39m Session Metrics {
    7834 nanoseconds spent acquiring 1 JDBC connections;
    0 nanoseconds spent releasing 0 JDBC connections;
    24916 nanoseconds spent preparing 1 JDBC statements;
    879583 nanoseconds spent executing 1 JDBC statements;
    0 nanoseconds spent executing 0 JDBC batches;
    0 nanoseconds spent performing 0 L2C puts;
    0 nanoseconds spent performing 0 L2C hits;
    0 nanoseconds spent performing 0 L2C misses;
    0 nanoseconds spent executing 0 flushes (flushing a total of 0 entities and 0 collections);
    0 nanoseconds spent executing 0 partial-flushes (flushing a total of 0 entities and 0 collections)
}
&amp#27;[2m2025-05-11T11:17:46.696-03:00&amp#27;[0;39m &amp#27;[32mDEBUG&amp#27;[0;39m &amp#27;[35m16907&amp#27;[0;39m &amp#27;[2m---&amp#27;[0;39m &amp#27;[2m[           main]&amp#27;[0;39m &amp#27;[2m&amp#27;[0;39m&amp#27;[36morg.hibernate.SQL                       &amp#27;[0;39m &amp#27;[2m:&amp#27;[0;39m 
    /* <criteria> */ select
        d1_0.id,
        d1_0.actualizado_en,
        d1_0.codigo_penal,
        d1_0.creado_en,
        d1_0.descripcion,
        d1_0.nombre,
        d1_0.pena_maxima,
        d1_0.pena_minima,
        d1_0.tipo_pena,
        d1_0.valoracion 
    from
        delito d1_0 
    where
        upper(d1_0.nombre) like upper(?) escape '\'
Hibernate: 
    /* <criteria> */ select
        d1_0.id,
        d1_0.actualizado_en,
        d1_0.codigo_penal,
        d1_0.creado_en,
        d1_0.descripcion,
        d1_0.nombre,
        d1_0.pena_maxima,
        d1_0.pena_minima,
        d1_0.tipo_pena,
        d1_0.valoracion 
    from
        delito d1_0 
    where
        upper(d1_0.nombre) like upper(?) escape '\'
&amp#27;[2m2025-05-11T11:17:46.697-03:00&amp#27;[0;39m &amp#27;[32m INFO&amp#27;[0;39m &amp#27;[35m16907&amp#27;[0;39m &amp#27;[2m---&amp#27;[0;39m &amp#27;[2m[           main]&amp#27;[0;39m &amp#27;[2m&amp#27;[0;39m&amp#27;[36mi.StatisticalLoggingSessionEventListener&amp#27;[0;39m &amp#27;[2m:&amp#27;[0;39m Session Metrics {
    6125 nanoseconds spent acquiring 1 JDBC connections;
    0 nanoseconds spent releasing 0 JDBC connections;
    18417 nanoseconds spent preparing 1 JDBC statements;
    975125 nanoseconds spent executing 1 JDBC statements;
    0 nanoseconds spent executing 0 JDBC batches;
    0 nanoseconds spent performing 0 L2C puts;
    0 nanoseconds spent performing 0 L2C hits;
    0 nanoseconds spent performing 0 L2C misses;
    0 nanoseconds spent executing 0 flushes (flushing a total of 0 entities and 0 collections);
    0 nanoseconds spent executing 0 partial-flushes (flushing a total of 0 entities and 0 collections)
}
&amp#27;[2m2025-05-11T11:17:46.698-03:00&amp#27;[0;39m &amp#27;[32mDEBUG&amp#27;[0;39m &amp#27;[35m16907&amp#27;[0;39m &amp#27;[2m---&amp#27;[0;39m &amp#27;[2m[           main]&amp#27;[0;39m &amp#27;[2m&amp#27;[0;39m&amp#27;[36morg.hibernate.SQL                       &amp#27;[0;39m &amp#27;[2m:&amp#27;[0;39m 
    /* <criteria> */ select
        d1_0.id,
        d1_0.actualizado_en,
        d1_0.codigo_penal,
        d1_0.creado_en,
        d1_0.descripcion,
        d1_0.nombre,
        d1_0.pena_maxima,
        d1_0.pena_minima,
        d1_0.tipo_pena,
        d1_0.valoracion 
    from
        delito d1_0 
    where
        upper(d1_0.nombre) like upper(?) escape '\'
Hibernate: 
    /* <criteria> */ select
        d1_0.id,
        d1_0.actualizado_en,
        d1_0.codigo_penal,
        d1_0.creado_en,
        d1_0.descripcion,
        d1_0.nombre,
        d1_0.pena_maxima,
        d1_0.pena_minima,
        d1_0.tipo_pena,
        d1_0.valoracion 
    from
        delito d1_0 
    where
        upper(d1_0.nombre) like upper(?) escape '\'
&amp#27;[2m2025-05-11T11:17:46.699-03:00&amp#27;[0;39m &amp#27;[32m INFO&amp#27;[0;39m &amp#27;[35m16907&amp#27;[0;39m &amp#27;[2m---&amp#27;[0;39m &amp#27;[2m[           main]&amp#27;[0;39m &amp#27;[2m&amp#27;[0;39m&amp#27;[36mi.StatisticalLoggingSessionEventListener&amp#27;[0;39m &amp#27;[2m:&amp#27;[0;39m Session Metrics {
    8917 nanoseconds spent acquiring 1 JDBC connections;
    0 nanoseconds spent releasing 0 JDBC connections;
    26000 nanoseconds spent preparing 1 JDBC statements;
    829833 nanoseconds spent executing 1 JDBC statements;
    0 nanoseconds spent executing 0 JDBC batches;
    0 nanoseconds spent performing 0 L2C puts;
    0 nanoseconds spent performing 0 L2C hits;
    0 nanoseconds spent performing 0 L2C misses;
    0 nanoseconds spent executing 0 flushes (flushing a total of 0 entities and 0 collections);
    0 nanoseconds spent executing 0 partial-flushes (flushing a total of 0 entities and 0 collections)
}
&amp#27;[2m2025-05-11T11:17:46.699-03:00&amp#27;[0;39m &amp#27;[32mDEBUG&amp#27;[0;39m &amp#27;[35m16907&amp#27;[0;39m &amp#27;[2m---&amp#27;[0;39m &amp#27;[2m[           main]&amp#27;[0;39m &amp#27;[2m&amp#27;[0;39m&amp#27;[36morg.hibernate.SQL                       &amp#27;[0;39m &amp#27;[2m:&amp#27;[0;39m 
    /* <criteria> */ select
        d1_0.id,
        d1_0.actualizado_en,
        d1_0.codigo_penal,
        d1_0.creado_en,
        d1_0.descripcion,
        d1_0.nombre,
        d1_0.pena_maxima,
        d1_0.pena_minima,
        d1_0.tipo_pena,
        d1_0.valoracion 
    from
        delito d1_0 
    where
        upper(d1_0.nombre) like upper(?) escape '\'
Hibernate: 
    /* <criteria> */ select
        d1_0.id,
        d1_0.actualizado_en,
        d1_0.codigo_penal,
        d1_0.creado_en,
        d1_0.descripcion,
        d1_0.nombre,
        d1_0.pena_maxima,
        d1_0.pena_minima,
        d1_0.tipo_pena,
        d1_0.valoracion 
    from
        delito d1_0 
    where
        upper(d1_0.nombre) like upper(?) escape '\'
&amp#27;[2m2025-05-11T11:17:46.701-03:00&amp#27;[0;39m &amp#27;[32m INFO&amp#27;[0;39m &amp#27;[35m16907&amp#27;[0;39m &amp#27;[2m---&amp#27;[0;39m &amp#27;[2m[           main]&amp#27;[0;39m &amp#27;[2m&amp#27;[0;39m&amp#27;[36mi.StatisticalLoggingSessionEventListener&amp#27;[0;39m &amp#27;[2m:&amp#27;[0;39m Session Metrics {
    7708 nanoseconds spent acquiring 1 JDBC connections;
    0 nanoseconds spent releasing 0 JDBC connections;
    24583 nanoseconds spent preparing 1 JDBC statements;
    1077584 nanoseconds spent executing 1 JDBC statements;
    0 nanoseconds spent executing 0 JDBC batches;
    0 nanoseconds spent performing 0 L2C puts;
    0 nanoseconds spent performing 0 L2C hits;
    0 nanoseconds spent performing 0 L2C misses;
    0 nanoseconds spent executing 0 flushes (flushing a total of 0 entities and 0 collections);
    0 nanoseconds spent executing 0 partial-flushes (flushing a total of 0 entities and 0 collections)
}
&amp#27;[2m2025-05-11T11:17:46.701-03:00&amp#27;[0;39m &amp#27;[32mDEBUG&amp#27;[0;39m &amp#27;[35m16907&amp#27;[0;39m &amp#27;[2m---&amp#27;[0;39m &amp#27;[2m[           main]&amp#27;[0;39m &amp#27;[2m&amp#27;[0;39m&amp#27;[36morg.hibernate.SQL                       &amp#27;[0;39m &amp#27;[2m:&amp#27;[0;39m 
    /* <criteria> */ select
        d1_0.id,
        d1_0.actualizado_en,
        d1_0.codigo_penal,
        d1_0.creado_en,
        d1_0.descripcion,
        d1_0.nombre,
        d1_0.pena_maxima,
        d1_0.pena_minima,
        d1_0.tipo_pena,
        d1_0.valoracion 
    from
        delito d1_0 
    where
        upper(d1_0.nombre) like upper(?) escape '\'
Hibernate: 
    /* <criteria> */ select
        d1_0.id,
        d1_0.actualizado_en,
        d1_0.codigo_penal,
        d1_0.creado_en,
        d1_0.descripcion,
        d1_0.nombre,
        d1_0.pena_maxima,
        d1_0.pena_minima,
        d1_0.tipo_pena,
        d1_0.valoracion 
    from
        delito d1_0 
    where
        upper(d1_0.nombre) like upper(?) escape '\'
&amp#27;[2m2025-05-11T11:17:46.703-03:00&amp#27;[0;39m &amp#27;[32m INFO&amp#27;[0;39m &amp#27;[35m16907&amp#27;[0;39m &amp#27;[2m---&amp#27;[0;39m &amp#27;[2m[           main]&amp#27;[0;39m &amp#27;[2m&amp#27;[0;39m&amp#27;[36mi.StatisticalLoggingSessionEventListener&amp#27;[0;39m &amp#27;[2m:&amp#27;[0;39m Session Metrics {
    8583 nanoseconds spent acquiring 1 JDBC connections;
    0 nanoseconds spent releasing 0 JDBC connections;
    38333 nanoseconds spent preparing 1 JDBC statements;
    1086000 nanoseconds spent executing 1 JDBC statements;
    0 nanoseconds spent executing 0 JDBC batches;
    0 nanoseconds spent performing 0 L2C puts;
    0 nanoseconds spent performing 0 L2C hits;
    0 nanoseconds spent performing 0 L2C misses;
    0 nanoseconds spent executing 0 flushes (flushing a total of 0 entities and 0 collections);
    0 nanoseconds spent executing 0 partial-flushes (flushing a total of 0 entities and 0 collections)
}
&amp#27;[2m2025-05-11T11:17:46.703-03:00&amp#27;[0;39m &amp#27;[32mDEBUG&amp#27;[0;39m &amp#27;[35m16907&amp#27;[0;39m &amp#27;[2m---&amp#27;[0;39m &amp#27;[2m[           main]&amp#27;[0;39m &amp#27;[2m&amp#27;[0;39m&amp#27;[36morg.hibernate.SQL                       &amp#27;[0;39m &amp#27;[2m:&amp#27;[0;39m 
    /* <criteria> */ select
        d1_0.id,
        d1_0.actualizado_en,
        d1_0.codigo_penal,
        d1_0.creado_en,
        d1_0.descripcion,
        d1_0.nombre,
        d1_0.pena_maxima,
        d1_0.pena_minima,
        d1_0.tipo_pena,
        d1_0.valoracion 
    from
        delito d1_0 
    where
        upper(d1_0.nombre) like upper(?) escape '\'
Hibernate: 
    /* <criteria> */ select
        d1_0.id,
        d1_0.actualizado_en,
        d1_0.codigo_penal,
        d1_0.creado_en,
        d1_0.descripcion,
        d1_0.nombre,
        d1_0.pena_maxima,
        d1_0.pena_minima,
        d1_0.tipo_pena,
        d1_0.valoracion 
    from
        delito d1_0 
    where
        upper(d1_0.nombre) like upper(?) escape '\'
&amp#27;[2m2025-05-11T11:17:46.705-03:00&amp#27;[0;39m &amp#27;[32m INFO&amp#27;[0;39m &amp#27;[35m16907&amp#27;[0;39m &amp#27;[2m---&amp#27;[0;39m &amp#27;[2m[           main]&amp#27;[0;39m &amp#27;[2m&amp#27;[0;39m&amp#27;[36mi.StatisticalLoggingSessionEventListener&amp#27;[0;39m &amp#27;[2m:&amp#27;[0;39m Session Metrics {
    7625 nanoseconds spent acquiring 1 JDBC connections;
    0 nanoseconds spent releasing 0 JDBC connections;
    25625 nanoseconds spent preparing 1 JDBC statements;
    1007792 nanoseconds spent executing 1 JDBC statements;
    0 nanoseconds spent executing 0 JDBC batches;
    0 nanoseconds spent performing 0 L2C puts;
    0 nanoseconds spent performing 0 L2C hits;
    0 nanoseconds spent performing 0 L2C misses;
    0 nanoseconds spent executing 0 flushes (flushing a total of 0 entities and 0 collections);
    0 nanoseconds spent executing 0 partial-flushes (flushing a total of 0 entities and 0 collections)
}
&amp#27;[2m2025-05-11T11:17:46.706-03:00&amp#27;[0;39m &amp#27;[32mDEBUG&amp#27;[0;39m &amp#27;[35m16907&amp#27;[0;39m &amp#27;[2m---&amp#27;[0;39m &amp#27;[2m[           main]&amp#27;[0;39m &amp#27;[2m&amp#27;[0;39m&amp#27;[36morg.hibernate.SQL                       &amp#27;[0;39m &amp#27;[2m:&amp#27;[0;39m 
    /* <criteria> */ select
        d1_0.id,
        d1_0.actualizado_en,
        d1_0.codigo_penal,
        d1_0.creado_en,
        d1_0.descripcion,
        d1_0.nombre,
        d1_0.pena_maxima,
        d1_0.pena_minima,
        d1_0.tipo_pena,
        d1_0.valoracion 
    from
        delito d1_0 
    where
        upper(d1_0.nombre) like upper(?) escape '\'
Hibernate: 
    /* <criteria> */ select
        d1_0.id,
        d1_0.actualizado_en,
        d1_0.codigo_penal,
        d1_0.creado_en,
        d1_0.descripcion,
        d1_0.nombre,
        d1_0.pena_maxima,
        d1_0.pena_minima,
        d1_0.tipo_pena,
        d1_0.valoracion 
    from
        delito d1_0 
    where
        upper(d1_0.nombre) like upper(?) escape '\'
&amp#27;[2m2025-05-11T11:17:46.707-03:00&amp#27;[0;39m &amp#27;[32m INFO&amp#27;[0;39m &amp#27;[35m16907&amp#27;[0;39m &amp#27;[2m---&amp#27;[0;39m &amp#27;[2m[           main]&amp#27;[0;39m &amp#27;[2m&amp#27;[0;39m&amp#27;[36mi.StatisticalLoggingSessionEventListener&amp#27;[0;39m &amp#27;[2m:&amp#27;[0;39m Session Metrics {
    10333 nanoseconds spent acquiring 1 JDBC connections;
    0 nanoseconds spent releasing 0 JDBC connections;
    31250 nanoseconds spent preparing 1 JDBC statements;
    1017750 nanoseconds spent executing 1 JDBC statements;
    0 nanoseconds spent executing 0 JDBC batches;
    0 nanoseconds spent performing 0 L2C puts;
    0 nanoseconds spent performing 0 L2C hits;
    0 nanoseconds spent performing 0 L2C misses;
    0 nanoseconds spent executing 0 flushes (flushing a total of 0 entities and 0 collections);
    0 nanoseconds spent executing 0 partial-flushes (flushing a total of 0 entities and 0 collections)
}
&amp#27;[2m2025-05-11T11:17:46.708-03:00&amp#27;[0;39m &amp#27;[32mDEBUG&amp#27;[0;39m &amp#27;[35m16907&amp#27;[0;39m &amp#27;[2m---&amp#27;[0;39m &amp#27;[2m[           main]&amp#27;[0;39m &amp#27;[2m&amp#27;[0;39m&amp#27;[36morg.hibernate.SQL                       &amp#27;[0;39m &amp#27;[2m:&amp#27;[0;39m 
    /* <criteria> */ select
        d1_0.id,
        d1_0.actualizado_en,
        d1_0.codigo_penal,
        d1_0.creado_en,
        d1_0.descripcion,
        d1_0.nombre,
        d1_0.pena_maxima,
        d1_0.pena_minima,
        d1_0.tipo_pena,
        d1_0.valoracion 
    from
        delito d1_0 
    where
        upper(d1_0.nombre) like upper(?) escape '\'
Hibernate: 
    /* <criteria> */ select
        d1_0.id,
        d1_0.actualizado_en,
        d1_0.codigo_penal,
        d1_0.creado_en,
        d1_0.descripcion,
        d1_0.nombre,
        d1_0.pena_maxima,
        d1_0.pena_minima,
        d1_0.tipo_pena,
        d1_0.valoracion 
    from
        delito d1_0 
    where
        upper(d1_0.nombre) like upper(?) escape '\'
&amp#27;[2m2025-05-11T11:17:46.709-03:00&amp#27;[0;39m &amp#27;[32m INFO&amp#27;[0;39m &amp#27;[35m16907&amp#27;[0;39m &amp#27;[2m---&amp#27;[0;39m &amp#27;[2m[           main]&amp#27;[0;39m &amp#27;[2m&amp#27;[0;39m&amp#27;[36mi.StatisticalLoggingSessionEventListener&amp#27;[0;39m &amp#27;[2m:&amp#27;[0;39m Session Metrics {
    13250 nanoseconds spent acquiring 1 JDBC connections;
    0 nanoseconds spent releasing 0 JDBC connections;
    80541 nanoseconds spent preparing 1 JDBC statements;
    1086959 nanoseconds spent executing 1 JDBC statements;
    0 nanoseconds spent executing 0 JDBC batches;
    0 nanoseconds spent performing 0 L2C puts;
    0 nanoseconds spent performing 0 L2C hits;
    0 nanoseconds spent performing 0 L2C misses;
    0 nanoseconds spent executing 0 flushes (flushing a total of 0 entities and 0 collections);
    0 nanoseconds spent executing 0 partial-flushes (flushing a total of 0 entities and 0 collections)
}
&amp#27;[2m2025-05-11T11:17:46.710-03:00&amp#27;[0;39m &amp#27;[32mDEBUG&amp#27;[0;39m &amp#27;[35m16907&amp#27;[0;39m &amp#27;[2m---&amp#27;[0;39m &amp#27;[2m[           main]&amp#27;[0;39m &amp#27;[2m&amp#27;[0;39m&amp#27;[36morg.hibernate.SQL                       &amp#27;[0;39m &amp#27;[2m:&amp#27;[0;39m 
    /* <criteria> */ select
        d1_0.id,
        d1_0.actualizado_en,
        d1_0.codigo_penal,
        d1_0.creado_en,
        d1_0.descripcion,
        d1_0.nombre,
        d1_0.pena_maxima,
        d1_0.pena_minima,
        d1_0.tipo_pena,
        d1_0.valoracion 
    from
        delito d1_0 
    where
        upper(d1_0.nombre) like upper(?) escape '\'
Hibernate: 
    /* <criteria> */ select
        d1_0.id,
        d1_0.actualizado_en,
        d1_0.codigo_penal,
        d1_0.creado_en,
        d1_0.descripcion,
        d1_0.nombre,
        d1_0.pena_maxima,
        d1_0.pena_minima,
        d1_0.tipo_pena,
        d1_0.valoracion 
    from
        delito d1_0 
    where
        upper(d1_0.nombre) like upper(?) escape '\'
&amp#27;[2m2025-05-11T11:17:46.711-03:00&amp#27;[0;39m &amp#27;[32m INFO&amp#27;[0;39m &amp#27;[35m16907&amp#27;[0;39m &amp#27;[2m---&amp#27;[0;39m &amp#27;[2m[           main]&amp#27;[0;39m &amp#27;[2m&amp#27;[0;39m&amp#27;[36mi.StatisticalLoggingSessionEventListener&amp#27;[0;39m &amp#27;[2m:&amp#27;[0;39m Session Metrics {
    7500 nanoseconds spent acquiring 1 JDBC connections;
    0 nanoseconds spent releasing 0 JDBC connections;
    22167 nanoseconds spent preparing 1 JDBC statements;
    992959 nanoseconds spent executing 1 JDBC statements;
    0 nanoseconds spent executing 0 JDBC batches;
    0 nanoseconds spent performing 0 L2C puts;
    0 nanoseconds spent performing 0 L2C hits;
    0 nanoseconds spent performing 0 L2C misses;
    0 nanoseconds spent executing 0 flushes (flushing a total of 0 entities and 0 collections);
    0 nanoseconds spent executing 0 partial-flushes (flushing a total of 0 entities and 0 collections)
}
&amp#27;[2m2025-05-11T11:17:46.712-03:00&amp#27;[0;39m &amp#27;[32mDEBUG&amp#27;[0;39m &amp#27;[35m16907&amp#27;[0;39m &amp#27;[2m---&amp#27;[0;39m &amp#27;[2m[           main]&amp#27;[0;39m &amp#27;[2m&amp#27;[0;39m&amp#27;[36morg.hibernate.SQL                       &amp#27;[0;39m &amp#27;[2m:&amp#27;[0;39m 
    /* <criteria> */ select
        d1_0.id,
        d1_0.actualizado_en,
        d1_0.codigo_penal,
        d1_0.creado_en,
        d1_0.descripcion,
        d1_0.nombre,
        d1_0.pena_maxima,
        d1_0.pena_minima,
        d1_0.tipo_pena,
        d1_0.valoracion 
    from
        delito d1_0 
    where
        upper(d1_0.nombre) like upper(?) escape '\'
Hibernate: 
    /* <criteria> */ select
        d1_0.id,
        d1_0.actualizado_en,
        d1_0.codigo_penal,
        d1_0.creado_en,
        d1_0.descripcion,
        d1_0.nombre,
        d1_0.pena_maxima,
        d1_0.pena_minima,
        d1_0.tipo_pena,
        d1_0.valoracion 
    from
        delito d1_0 
    where
        upper(d1_0.nombre) like upper(?) escape '\'
&amp#27;[2m2025-05-11T11:17:46.713-03:00&amp#27;[0;39m &amp#27;[32m INFO&amp#27;[0;39m &amp#27;[35m16907&amp#27;[0;39m &amp#27;[2m---&amp#27;[0;39m &amp#27;[2m[           main]&amp#27;[0;39m &amp#27;[2m&amp#27;[0;39m&amp#27;[36mi.StatisticalLoggingSessionEventListener&amp#27;[0;39m &amp#27;[2m:&amp#27;[0;39m Session Metrics {
    6875 nanoseconds spent acquiring 1 JDBC connections;
    0 nanoseconds spent releasing 0 JDBC connections;
    22667 nanoseconds spent preparing 1 JDBC statements;
    1068208 nanoseconds spent executing 1 JDBC statements;
    0 nanoseconds spent executing 0 JDBC batches;
    0 nanoseconds spent performing 0 L2C puts;
    0 nanoseconds spent performing 0 L2C hits;
    0 nanoseconds spent performing 0 L2C misses;
    0 nanoseconds spent executing 0 flushes (flushing a total of 0 entities and 0 collections);
    0 nanoseconds spent executing 0 partial-flushes (flushing a total of 0 entities and 0 collections)
}
&amp#27;[2m2025-05-11T11:17:46.714-03:00&amp#27;[0;39m &amp#27;[32mDEBUG&amp#27;[0;39m &amp#27;[35m16907&amp#27;[0;39m &amp#27;[2m---&amp#27;[0;39m &amp#27;[2m[           main]&amp#27;[0;39m &amp#27;[2m&amp#27;[0;39m&amp#27;[36morg.hibernate.SQL                       &amp#27;[0;39m &amp#27;[2m:&amp#27;[0;39m 
    /* <criteria> */ select
        d1_0.id,
        d1_0.actualizado_en,
        d1_0.codigo_penal,
        d1_0.creado_en,
        d1_0.descripcion,
        d1_0.nombre,
        d1_0.pena_maxima,
        d1_0.pena_minima,
        d1_0.tipo_pena,
        d1_0.valoracion 
    from
        delito d1_0 
    where
        upper(d1_0.nombre) like upper(?) escape '\'
Hibernate: 
    /* <criteria> */ select
        d1_0.id,
        d1_0.actualizado_en,
        d1_0.codigo_penal,
        d1_0.creado_en,
        d1_0.descripcion,
        d1_0.nombre,
        d1_0.pena_maxima,
        d1_0.pena_minima,
        d1_0.tipo_pena,
        d1_0.valoracion 
    from
        delito d1_0 
    where
        upper(d1_0.nombre) like upper(?) escape '\'
&amp#27;[2m2025-05-11T11:17:46.715-03:00&amp#27;[0;39m &amp#27;[32m INFO&amp#27;[0;39m &amp#27;[35m16907&amp#27;[0;39m &amp#27;[2m---&amp#27;[0;39m &amp#27;[2m[           main]&amp#27;[0;39m &amp#27;[2m&amp#27;[0;39m&amp#27;[36mi.StatisticalLoggingSessionEventListener&amp#27;[0;39m &amp#27;[2m:&amp#27;[0;39m Session Metrics {
    11250 nanoseconds spent acquiring 1 JDBC connections;
    0 nanoseconds spent releasing 0 JDBC connections;
    38666 nanoseconds spent preparing 1 JDBC statements;
    1007833 nanoseconds spent executing 1 JDBC statements;
    0 nanoseconds spent executing 0 JDBC batches;
    0 nanoseconds spent performing 0 L2C puts;
    0 nanoseconds spent performing 0 L2C hits;
    0 nanoseconds spent performing 0 L2C misses;
    0 nanoseconds spent executing 0 flushes (flushing a total of 0 entities and 0 collections);
    0 nanoseconds spent executing 0 partial-flushes (flushing a total of 0 entities and 0 collections)
}
&amp#27;[2m2025-05-11T11:17:46.716-03:00&amp#27;[0;39m &amp#27;[32mDEBUG&amp#27;[0;39m &amp#27;[35m16907&amp#27;[0;39m &amp#27;[2m---&amp#27;[0;39m &amp#27;[2m[           main]&amp#27;[0;39m &amp#27;[2m&amp#27;[0;39m&amp#27;[36morg.hibernate.SQL                       &amp#27;[0;39m &amp#27;[2m:&amp#27;[0;39m 
    /* <criteria> */ select
        d1_0.id,
        d1_0.actualizado_en,
        d1_0.codigo_penal,
        d1_0.creado_en,
        d1_0.descripcion,
        d1_0.nombre,
        d1_0.pena_maxima,
        d1_0.pena_minima,
        d1_0.tipo_pena,
        d1_0.valoracion 
    from
        delito d1_0 
    where
        upper(d1_0.nombre) like upper(?) escape '\'
Hibernate: 
    /* <criteria> */ select
        d1_0.id,
        d1_0.actualizado_en,
        d1_0.codigo_penal,
        d1_0.creado_en,
        d1_0.descripcion,
        d1_0.nombre,
        d1_0.pena_maxima,
        d1_0.pena_minima,
        d1_0.tipo_pena,
        d1_0.valoracion 
    from
        delito d1_0 
    where
        upper(d1_0.nombre) like upper(?) escape '\'
&amp#27;[2m2025-05-11T11:17:46.717-03:00&amp#27;[0;39m &amp#27;[32m INFO&amp#27;[0;39m &amp#27;[35m16907&amp#27;[0;39m &amp#27;[2m---&amp#27;[0;39m &amp#27;[2m[           main]&amp#27;[0;39m &amp#27;[2m&amp#27;[0;39m&amp#27;[36mi.StatisticalLoggingSessionEventListener&amp#27;[0;39m &amp#27;[2m:&amp#27;[0;39m Session Metrics {
    7208 nanoseconds spent acquiring 1 JDBC connections;
    0 nanoseconds spent releasing 0 JDBC connections;
    23542 nanoseconds spent preparing 1 JDBC statements;
    1051583 nanoseconds spent executing 1 JDBC statements;
    0 nanoseconds spent executing 0 JDBC batches;
    0 nanoseconds spent performing 0 L2C puts;
    0 nanoseconds spent performing 0 L2C hits;
    0 nanoseconds spent performing 0 L2C misses;
    0 nanoseconds spent executing 0 flushes (flushing a total of 0 entities and 0 collections);
    0 nanoseconds spent executing 0 partial-flushes (flushing a total of 0 entities and 0 collections)
}
&amp#27;[2m2025-05-11T11:17:46.718-03:00&amp#27;[0;39m &amp#27;[32mDEBUG&amp#27;[0;39m &amp#27;[35m16907&amp#27;[0;39m &amp#27;[2m---&amp#27;[0;39m &amp#27;[2m[           main]&amp#27;[0;39m &amp#27;[2m&amp#27;[0;39m&amp#27;[36morg.hibernate.SQL                       &amp#27;[0;39m &amp#27;[2m:&amp#27;[0;39m 
    /* <criteria> */ select
        d1_0.id,
        d1_0.actualizado_en,
        d1_0.codigo_penal,
        d1_0.creado_en,
        d1_0.descripcion,
        d1_0.nombre,
        d1_0.pena_maxima,
        d1_0.pena_minima,
        d1_0.tipo_pena,
        d1_0.valoracion 
    from
        delito d1_0 
    where
        upper(d1_0.nombre) like upper(?) escape '\'
Hibernate: 
    /* <criteria> */ select
        d1_0.id,
        d1_0.actualizado_en,
        d1_0.codigo_penal,
        d1_0.creado_en,
        d1_0.descripcion,
        d1_0.nombre,
        d1_0.pena_maxima,
        d1_0.pena_minima,
        d1_0.tipo_pena,
        d1_0.valoracion 
    from
        delito d1_0 
    where
        upper(d1_0.nombre) like upper(?) escape '\'
&amp#27;[2m2025-05-11T11:17:46.719-03:00&amp#27;[0;39m &amp#27;[32m INFO&amp#27;[0;39m &amp#27;[35m16907&amp#27;[0;39m &amp#27;[2m---&amp#27;[0;39m &amp#27;[2m[           main]&amp#27;[0;39m &amp#27;[2m&amp#27;[0;39m&amp#27;[36mi.StatisticalLoggingSessionEventListener&amp#27;[0;39m &amp#27;[2m:&amp#27;[0;39m Session Metrics {
    7417 nanoseconds spent acquiring 1 JDBC connections;
    0 nanoseconds spent releasing 0 JDBC connections;
    22791 nanoseconds spent preparing 1 JDBC statements;
    1082708 nanoseconds spent executing 1 JDBC statements;
    0 nanoseconds spent executing 0 JDBC batches;
    0 nanoseconds spent performing 0 L2C puts;
    0 nanoseconds spent performing 0 L2C hits;
    0 nanoseconds spent performing 0 L2C misses;
    0 nanoseconds spent executing 0 flushes (flushing a total of 0 entities and 0 collections);
    0 nanoseconds spent executing 0 partial-flushes (flushing a total of 0 entities and 0 collections)
}
&amp#27;[2m2025-05-11T11:17:46.720-03:00&amp#27;[0;39m &amp#27;[32mDEBUG&amp#27;[0;39m &amp#27;[35m16907&amp#27;[0;39m &amp#27;[2m---&amp#27;[0;39m &amp#27;[2m[           main]&amp#27;[0;39m &amp#27;[2m&amp#27;[0;39m&amp#27;[36morg.hibernate.SQL                       &amp#27;[0;39m &amp#27;[2m:&amp#27;[0;39m 
    /* <criteria> */ select
        d1_0.id,
        d1_0.actualizado_en,
        d1_0.codigo_penal,
        d1_0.creado_en,
        d1_0.descripcion,
        d1_0.nombre,
        d1_0.pena_maxima,
        d1_0.pena_minima,
        d1_0.tipo_pena,
        d1_0.valoracion 
    from
        delito d1_0 
    where
        upper(d1_0.nombre) like upper(?) escape '\'
Hibernate: 
    /* <criteria> */ select
        d1_0.id,
        d1_0.actualizado_en,
        d1_0.codigo_penal,
        d1_0.creado_en,
        d1_0.descripcion,
        d1_0.nombre,
        d1_0.pena_maxima,
        d1_0.pena_minima,
        d1_0.tipo_pena,
        d1_0.valoracion 
    from
        delito d1_0 
    where
        upper(d1_0.nombre) like upper(?) escape '\'
&amp#27;[2m2025-05-11T11:17:46.721-03:00&amp#27;[0;39m &amp#27;[32m INFO&amp#27;[0;39m &amp#27;[35m16907&amp#27;[0;39m &amp#27;[2m---&amp#27;[0;39m &amp#27;[2m[           main]&amp#27;[0;39m &amp#27;[2m&amp#27;[0;39m&amp#27;[36mi.StatisticalLoggingSessionEventListener&amp#27;[0;39m &amp#27;[2m:&amp#27;[0;39m Session Metrics {
    7500 nanoseconds spent acquiring 1 JDBC connections;
    0 nanoseconds spent releasing 0 JDBC connections;
    23541 nanoseconds spent preparing 1 JDBC statements;
    1084125 nanoseconds spent executing 1 JDBC statements;
    0 nanoseconds spent executing 0 JDBC batches;
    0 nanoseconds spent performing 0 L2C puts;
    0 nanoseconds spent performing 0 L2C hits;
    0 nanoseconds spent performing 0 L2C misses;
    0 nanoseconds spent executing 0 flushes (flushing a total of 0 entities and 0 collections);
    0 nanoseconds spent executing 0 partial-flushes (flushing a total of 0 entities and 0 collections)
}
&amp#27;[2m2025-05-11T11:17:46.722-03:00&amp#27;[0;39m &amp#27;[32mDEBUG&amp#27;[0;39m &amp#27;[35m16907&amp#27;[0;39m &amp#27;[2m---&amp#27;[0;39m &amp#27;[2m[           main]&amp#27;[0;39m &amp#27;[2m&amp#27;[0;39m&amp#27;[36morg.hibernate.SQL                       &amp#27;[0;39m &amp#27;[2m:&amp#27;[0;39m 
    /* <criteria> */ select
        d1_0.id,
        d1_0.actualizado_en,
        d1_0.codigo_penal,
        d1_0.creado_en,
        d1_0.descripcion,
        d1_0.nombre,
        d1_0.pena_maxima,
        d1_0.pena_minima,
        d1_0.tipo_pena,
        d1_0.valoracion 
    from
        delito d1_0 
    where
        upper(d1_0.nombre) like upper(?) escape '\'
Hibernate: 
    /* <criteria> */ select
        d1_0.id,
        d1_0.actualizado_en,
        d1_0.codigo_penal,
        d1_0.creado_en,
        d1_0.descripcion,
        d1_0.nombre,
        d1_0.pena_maxima,
        d1_0.pena_minima,
        d1_0.tipo_pena,
        d1_0.valoracion 
    from
        delito d1_0 
    where
        upper(d1_0.nombre) like upper(?) escape '\'
&amp#27;[2m2025-05-11T11:17:46.723-03:00&amp#27;[0;39m &amp#27;[32m INFO&amp#27;[0;39m &amp#27;[35m16907&amp#27;[0;39m &amp#27;[2m---&amp#27;[0;39m &amp#27;[2m[           main]&amp#27;[0;39m &amp#27;[2m&amp#27;[0;39m&amp#27;[36mi.StatisticalLoggingSessionEventListener&amp#27;[0;39m &amp#27;[2m:&amp#27;[0;39m Session Metrics {
    9834 nanoseconds spent acquiring 1 JDBC connections;
    0 nanoseconds spent releasing 0 JDBC connections;
    30459 nanoseconds spent preparing 1 JDBC statements;
    997834 nanoseconds spent executing 1 JDBC statements;
    0 nanoseconds spent executing 0 JDBC batches;
    0 nanoseconds spent performing 0 L2C puts;
    0 nanoseconds spent performing 0 L2C hits;
    0 nanoseconds spent performing 0 L2C misses;
    0 nanoseconds spent executing 0 flushes (flushing a total of 0 entities and 0 collections);
    0 nanoseconds spent executing 0 partial-flushes (flushing a total of 0 entities and 0 collections)
}
&amp#27;[2m2025-05-11T11:17:46.724-03:00&amp#27;[0;39m &amp#27;[32mDEBUG&amp#27;[0;39m &amp#27;[35m16907&amp#27;[0;39m &amp#27;[2m---&amp#27;[0;39m &amp#27;[2m[           main]&amp#27;[0;39m &amp#27;[2m&amp#27;[0;39m&amp#27;[36morg.hibernate.SQL                       &amp#27;[0;39m &amp#27;[2m:&amp#27;[0;39m 
    /* <criteria> */ select
        d1_0.id,
        d1_0.actualizado_en,
        d1_0.codigo_penal,
        d1_0.creado_en,
        d1_0.descripcion,
        d1_0.nombre,
        d1_0.pena_maxima,
        d1_0.pena_minima,
        d1_0.tipo_pena,
        d1_0.valoracion 
    from
        delito d1_0 
    where
        upper(d1_0.nombre) like upper(?) escape '\'
Hibernate: 
    /* <criteria> */ select
        d1_0.id,
        d1_0.actualizado_en,
        d1_0.codigo_penal,
        d1_0.creado_en,
        d1_0.descripcion,
        d1_0.nombre,
        d1_0.pena_maxima,
        d1_0.pena_minima,
        d1_0.tipo_pena,
        d1_0.valoracion 
    from
        delito d1_0 
    where
        upper(d1_0.nombre) like upper(?) escape '\'
&amp#27;[2m2025-05-11T11:17:46.725-03:00&amp#27;[0;39m &amp#27;[32m INFO&amp#27;[0;39m &amp#27;[35m16907&amp#27;[0;39m &amp#27;[2m---&amp#27;[0;39m &amp#27;[2m[           main]&amp#27;[0;39m &amp#27;[2m&amp#27;[0;39m&amp#27;[36mi.StatisticalLoggingSessionEventListener&amp#27;[0;39m &amp#27;[2m:&amp#27;[0;39m Session Metrics {
    6875 nanoseconds spent acquiring 1 JDBC connections;
    0 nanoseconds spent releasing 0 JDBC connections;
    20667 nanoseconds spent preparing 1 JDBC statements;
    867458 nanoseconds spent executing 1 JDBC statements;
    0 nanoseconds spent executing 0 JDBC batches;
    0 nanoseconds spent performing 0 L2C puts;
    0 nanoseconds spent performing 0 L2C hits;
    0 nanoseconds spent performing 0 L2C misses;
    0 nanoseconds spent executing 0 flushes (flushing a total of 0 entities and 0 collections);
    0 nanoseconds spent executing 0 partial-flushes (flushing a total of 0 entities and 0 collections)
}
&amp#27;[2m2025-05-11T11:17:46.725-03:00&amp#27;[0;39m &amp#27;[32mDEBUG&amp#27;[0;39m &amp#27;[35m16907&amp#27;[0;39m &amp#27;[2m---&amp#27;[0;39m &amp#27;[2m[           main]&amp#27;[0;39m &amp#27;[2m&amp#27;[0;39m&amp#27;[36morg.hibernate.SQL                       &amp#27;[0;39m &amp#27;[2m:&amp#27;[0;39m 
    /* <criteria> */ select
        d1_0.id,
        d1_0.actualizado_en,
        d1_0.codigo_penal,
        d1_0.creado_en,
        d1_0.descripcion,
        d1_0.nombre,
        d1_0.pena_maxima,
        d1_0.pena_minima,
        d1_0.tipo_pena,
        d1_0.valoracion 
    from
        delito d1_0 
    where
        upper(d1_0.nombre) like upper(?) escape '\'
Hibernate: 
    /* <criteria> */ select
        d1_0.id,
        d1_0.actualizado_en,
        d1_0.codigo_penal,
        d1_0.creado_en,
        d1_0.descripcion,
        d1_0.nombre,
        d1_0.pena_maxima,
        d1_0.pena_minima,
        d1_0.tipo_pena,
        d1_0.valoracion 
    from
        delito d1_0 
    where
        upper(d1_0.nombre) like upper(?) escape '\'
&amp#27;[2m2025-05-11T11:17:46.727-03:00&amp#27;[0;39m &amp#27;[32m INFO&amp#27;[0;39m &amp#27;[35m16907&amp#27;[0;39m &amp#27;[2m---&amp#27;[0;39m &amp#27;[2m[           main]&amp#27;[0;39m &amp#27;[2m&amp#27;[0;39m&amp#27;[36mi.StatisticalLoggingSessionEventListener&amp#27;[0;39m &amp#27;[2m:&amp#27;[0;39m Session Metrics {
    6917 nanoseconds spent acquiring 1 JDBC connections;
    0 nanoseconds spent releasing 0 JDBC connections;
    23167 nanoseconds spent preparing 1 JDBC statements;
    951042 nanoseconds spent executing 1 JDBC statements;
    0 nanoseconds spent executing 0 JDBC batches;
    0 nanoseconds spent performing 0 L2C puts;
    0 nanoseconds spent performing 0 L2C hits;
    0 nanoseconds spent performing 0 L2C misses;
    0 nanoseconds spent executing 0 flushes (flushing a total of 0 entities and 0 collections);
    0 nanoseconds spent executing 0 partial-flushes (flushing a total of 0 entities and 0 collections)
}
&amp#27;[2m2025-05-11T11:17:46.727-03:00&amp#27;[0;39m &amp#27;[32mDEBUG&amp#27;[0;39m &amp#27;[35m16907&amp#27;[0;39m &amp#27;[2m---&amp#27;[0;39m &amp#27;[2m[           main]&amp#27;[0;39m &amp#27;[2m&amp#27;[0;39m&amp#27;[36morg.hibernate.SQL                       &amp#27;[0;39m &amp#27;[2m:&amp#27;[0;39m 
    /* <criteria> */ select
        d1_0.id,
        d1_0.actualizado_en,
        d1_0.codigo_penal,
        d1_0.creado_en,
        d1_0.descripcion,
        d1_0.nombre,
        d1_0.pena_maxima,
        d1_0.pena_minima,
        d1_0.tipo_pena,
        d1_0.valoracion 
    from
        delito d1_0 
    where
        upper(d1_0.nombre) like upper(?) escape '\'
Hibernate: 
    /* <criteria> */ select
        d1_0.id,
        d1_0.actualizado_en,
        d1_0.codigo_penal,
        d1_0.creado_en,
        d1_0.descripcion,
        d1_0.nombre,
        d1_0.pena_maxima,
        d1_0.pena_minima,
        d1_0.tipo_pena,
        d1_0.valoracion 
    from
        delito d1_0 
    where
        upper(d1_0.nombre) like upper(?) escape '\'
&amp#27;[2m2025-05-11T11:17:46.728-03:00&amp#27;[0;39m &amp#27;[32m INFO&amp#27;[0;39m &amp#27;[35m16907&amp#27;[0;39m &amp#27;[2m---&amp#27;[0;39m &amp#27;[2m[           main]&amp#27;[0;39m &amp#27;[2m&amp#27;[0;39m&amp#27;[36mi.StatisticalLoggingSessionEventListener&amp#27;[0;39m &amp#27;[2m:&amp#27;[0;39m Session Metrics {
    7292 nanoseconds spent acquiring 1 JDBC connections;
    0 nanoseconds spent releasing 0 JDBC connections;
    25333 nanoseconds spent preparing 1 JDBC statements;
    1044292 nanoseconds spent executing 1 JDBC statements;
    0 nanoseconds spent executing 0 JDBC batches;
    0 nanoseconds spent performing 0 L2C puts;
    0 nanoseconds spent performing 0 L2C hits;
    0 nanoseconds spent performing 0 L2C misses;
    0 nanoseconds spent executing 0 flushes (flushing a total of 0 entities and 0 collections);
    0 nanoseconds spent executing 0 partial-flushes (flushing a total of 0 entities and 0 collections)
}
&amp#27;[2m2025-05-11T11:17:46.729-03:00&amp#27;[0;39m &amp#27;[32mDEBUG&amp#27;[0;39m &amp#27;[35m16907&amp#27;[0;39m &amp#27;[2m---&amp#27;[0;39m &amp#27;[2m[           main]&amp#27;[0;39m &amp#27;[2m&amp#27;[0;39m&amp#27;[36morg.hibernate.SQL                       &amp#27;[0;39m &amp#27;[2m:&amp#27;[0;39m 
    /* <criteria> */ select
        d1_0.id,
        d1_0.actualizado_en,
        d1_0.codigo_penal,
        d1_0.creado_en,
        d1_0.descripcion,
        d1_0.nombre,
        d1_0.pena_maxima,
        d1_0.pena_minima,
        d1_0.tipo_pena,
        d1_0.valoracion 
    from
        delito d1_0 
    where
        upper(d1_0.nombre) like upper(?) escape '\'
Hibernate: 
    /* <criteria> */ select
        d1_0.id,
        d1_0.actualizado_en,
        d1_0.codigo_penal,
        d1_0.creado_en,
        d1_0.descripcion,
        d1_0.nombre,
        d1_0.pena_maxima,
        d1_0.pena_minima,
        d1_0.tipo_pena,
        d1_0.valoracion 
    from
        delito d1_0 
    where
        upper(d1_0.nombre) like upper(?) escape '\'
&amp#27;[2m2025-05-11T11:17:46.730-03:00&amp#27;[0;39m &amp#27;[32m INFO&amp#27;[0;39m &amp#27;[35m16907&amp#27;[0;39m &amp#27;[2m---&amp#27;[0;39m &amp#27;[2m[           main]&amp#27;[0;39m &amp#27;[2m&amp#27;[0;39m&amp#27;[36mi.StatisticalLoggingSessionEventListener&amp#27;[0;39m &amp#27;[2m:&amp#27;[0;39m Session Metrics {
    7958 nanoseconds spent acquiring 1 JDBC connections;
    0 nanoseconds spent releasing 0 JDBC connections;
    24958 nanoseconds spent preparing 1 JDBC statements;
    914500 nanoseconds spent executing 1 JDBC statements;
    0 nanoseconds spent executing 0 JDBC batches;
    0 nanoseconds spent performing 0 L2C puts;
    0 nanoseconds spent performing 0 L2C hits;
    0 nanoseconds spent performing 0 L2C misses;
    0 nanoseconds spent executing 0 flushes (flushing a total of 0 entities and 0 collections);
    0 nanoseconds spent executing 0 partial-flushes (flushing a total of 0 entities and 0 collections)
}
&amp#27;[2m2025-05-11T11:17:46.731-03:00&amp#27;[0;39m &amp#27;[32mDEBUG&amp#27;[0;39m &amp#27;[35m16907&amp#27;[0;39m &amp#27;[2m---&amp#27;[0;39m &amp#27;[2m[           main]&amp#27;[0;39m &amp#27;[2m&amp#27;[0;39m&amp#27;[36morg.hibernate.SQL                       &amp#27;[0;39m &amp#27;[2m:&amp#27;[0;39m 
    /* <criteria> */ select
        d1_0.id,
        d1_0.actualizado_en,
        d1_0.codigo_penal,
        d1_0.creado_en,
        d1_0.descripcion,
        d1_0.nombre,
        d1_0.pena_maxima,
        d1_0.pena_minima,
        d1_0.tipo_pena,
        d1_0.valoracion 
    from
        delito d1_0 
    where
        upper(d1_0.nombre) like upper(?) escape '\'
Hibernate: 
    /* <criteria> */ select
        d1_0.id,
        d1_0.actualizado_en,
        d1_0.codigo_penal,
        d1_0.creado_en,
        d1_0.descripcion,
        d1_0.nombre,
        d1_0.pena_maxima,
        d1_0.pena_minima,
        d1_0.tipo_pena,
        d1_0.valoracion 
    from
        delito d1_0 
    where
        upper(d1_0.nombre) like upper(?) escape '\'
&amp#27;[2m2025-05-11T11:17:46.732-03:00&amp#27;[0;39m &amp#27;[32m INFO&amp#27;[0;39m &amp#27;[35m16907&amp#27;[0;39m &amp#27;[2m---&amp#27;[0;39m &amp#27;[2m[           main]&amp#27;[0;39m &amp#27;[2m&amp#27;[0;39m&amp#27;[36mi.StatisticalLoggingSessionEventListener&amp#27;[0;39m &amp#27;[2m:&amp#27;[0;39m Session Metrics {
    8250 nanoseconds spent acquiring 1 JDBC connections;
    0 nanoseconds spent releasing 0 JDBC connections;
    25042 nanoseconds spent preparing 1 JDBC statements;
    840750 nanoseconds spent executing 1 JDBC statements;
    0 nanoseconds spent executing 0 JDBC batches;
    0 nanoseconds spent performing 0 L2C puts;
    0 nanoseconds spent performing 0 L2C hits;
    0 nanoseconds spent performing 0 L2C misses;
    0 nanoseconds spent executing 0 flushes (flushing a total of 0 entities and 0 collections);
    0 nanoseconds spent executing 0 partial-flushes (flushing a total of 0 entities and 0 collections)
}
&amp#27;[2m2025-05-11T11:17:46.733-03:00&amp#27;[0;39m &amp#27;[32mDEBUG&amp#27;[0;39m &amp#27;[35m16907&amp#27;[0;39m &amp#27;[2m---&amp#27;[0;39m &amp#27;[2m[           main]&amp#27;[0;39m &amp#27;[2m&amp#27;[0;39m&amp#27;[36morg.hibernate.SQL                       &amp#27;[0;39m &amp#27;[2m:&amp#27;[0;39m 
    /* <criteria> */ select
        d1_0.id,
        d1_0.actualizado_en,
        d1_0.codigo_penal,
        d1_0.creado_en,
        d1_0.descripcion,
        d1_0.nombre,
        d1_0.pena_maxima,
        d1_0.pena_minima,
        d1_0.tipo_pena,
        d1_0.valoracion 
    from
        delito d1_0 
    where
        upper(d1_0.nombre) like upper(?) escape '\'
Hibernate: 
    /* <criteria> */ select
        d1_0.id,
        d1_0.actualizado_en,
        d1_0.codigo_penal,
        d1_0.creado_en,
        d1_0.descripcion,
        d1_0.nombre,
        d1_0.pena_maxima,
        d1_0.pena_minima,
        d1_0.tipo_pena,
        d1_0.valoracion 
    from
        delito d1_0 
    where
        upper(d1_0.nombre) like upper(?) escape '\'
&amp#27;[2m2025-05-11T11:17:46.734-03:00&amp#27;[0;39m &amp#27;[32m INFO&amp#27;[0;39m &amp#27;[35m16907&amp#27;[0;39m &amp#27;[2m---&amp#27;[0;39m &amp#27;[2m[           main]&amp#27;[0;39m &amp#27;[2m&amp#27;[0;39m&amp#27;[36mi.StatisticalLoggingSessionEventListener&amp#27;[0;39m &amp#27;[2m:&amp#27;[0;39m Session Metrics {
    7084 nanoseconds spent acquiring 1 JDBC connections;
    0 nanoseconds spent releasing 0 JDBC connections;
    27708 nanoseconds spent preparing 1 JDBC statements;
    928084 nanoseconds spent executing 1 JDBC statements;
    0 nanoseconds spent executing 0 JDBC batches;
    0 nanoseconds spent performing 0 L2C puts;
    0 nanoseconds spent performing 0 L2C hits;
    0 nanoseconds spent performing 0 L2C misses;
    0 nanoseconds spent executing 0 flushes (flushing a total of 0 entities and 0 collections);
    0 nanoseconds spent executing 0 partial-flushes (flushing a total of 0 entities and 0 collections)
}
&amp#27;[2m2025-05-11T11:17:46.734-03:00&amp#27;[0;39m &amp#27;[32mDEBUG&amp#27;[0;39m &amp#27;[35m16907&amp#27;[0;39m &amp#27;[2m---&amp#27;[0;39m &amp#27;[2m[           main]&amp#27;[0;39m &amp#27;[2m&amp#27;[0;39m&amp#27;[36morg.hibernate.SQL                       &amp#27;[0;39m &amp#27;[2m:&amp#27;[0;39m 
    /* <criteria> */ select
        d1_0.id,
        d1_0.actualizado_en,
        d1_0.codigo_penal,
        d1_0.creado_en,
        d1_0.descripcion,
        d1_0.nombre,
        d1_0.pena_maxima,
        d1_0.pena_minima,
        d1_0.tipo_pena,
        d1_0.valoracion 
    from
        delito d1_0 
    where
        upper(d1_0.nombre) like upper(?) escape '\'
Hibernate: 
    /* <criteria> */ select
        d1_0.id,
        d1_0.actualizado_en,
        d1_0.codigo_penal,
        d1_0.creado_en,
        d1_0.descripcion,
        d1_0.nombre,
        d1_0.pena_maxima,
        d1_0.pena_minima,
        d1_0.tipo_pena,
        d1_0.valoracion 
    from
        delito d1_0 
    where
        upper(d1_0.nombre) like upper(?) escape '\'
&amp#27;[2m2025-05-11T11:17:46.736-03:00&amp#27;[0;39m &amp#27;[32m INFO&amp#27;[0;39m &amp#27;[35m16907&amp#27;[0;39m &amp#27;[2m---&amp#27;[0;39m &amp#27;[2m[           main]&amp#27;[0;39m &amp#27;[2m&amp#27;[0;39m&amp#27;[36mi.StatisticalLoggingSessionEventListener&amp#27;[0;39m &amp#27;[2m:&amp#27;[0;39m Session Metrics {
    10875 nanoseconds spent acquiring 1 JDBC connections;
    0 nanoseconds spent releasing 0 JDBC connections;
    27542 nanoseconds spent preparing 1 JDBC statements;
    942416 nanoseconds spent executing 1 JDBC statements;
    0 nanoseconds spent executing 0 JDBC batches;
    0 nanoseconds spent performing 0 L2C puts;
    0 nanoseconds spent performing 0 L2C hits;
    0 nanoseconds spent performing 0 L2C misses;
    0 nanoseconds spent executing 0 flushes (flushing a total of 0 entities and 0 collections);
    0 nanoseconds spent executing 0 partial-flushes (flushing a total of 0 entities and 0 collections)
}
&amp#27;[2m2025-05-11T11:17:46.736-03:00&amp#27;[0;39m &amp#27;[32mDEBUG&amp#27;[0;39m &amp#27;[35m16907&amp#27;[0;39m &amp#27;[2m---&amp#27;[0;39m &amp#27;[2m[           main]&amp#27;[0;39m &amp#27;[2m&amp#27;[0;39m&amp#27;[36morg.hibernate.SQL                       &amp#27;[0;39m &amp#27;[2m:&amp#27;[0;39m 
    /* <criteria> */ select
        d1_0.id,
        d1_0.actualizado_en,
        d1_0.codigo_penal,
        d1_0.creado_en,
        d1_0.descripcion,
        d1_0.nombre,
        d1_0.pena_maxima,
        d1_0.pena_minima,
        d1_0.tipo_pena,
        d1_0.valoracion 
    from
        delito d1_0 
    where
        upper(d1_0.nombre) like upper(?) escape '\'
Hibernate: 
    /* <criteria> */ select
        d1_0.id,
        d1_0.actualizado_en,
        d1_0.codigo_penal,
        d1_0.creado_en,
        d1_0.descripcion,
        d1_0.nombre,
        d1_0.pena_maxima,
        d1_0.pena_minima,
        d1_0.tipo_pena,
        d1_0.valoracion 
    from
        delito d1_0 
    where
        upper(d1_0.nombre) like upper(?) escape '\'
&amp#27;[2m2025-05-11T11:17:46.738-03:00&amp#27;[0;39m &amp#27;[32m INFO&amp#27;[0;39m &amp#27;[35m16907&amp#27;[0;39m &amp#27;[2m---&amp#27;[0;39m &amp#27;[2m[           main]&amp#27;[0;39m &amp#27;[2m&amp#27;[0;39m&amp#27;[36mi.StatisticalLoggingSessionEventListener&amp#27;[0;39m &amp#27;[2m:&amp#27;[0;39m Session Metrics {
    7959 nanoseconds spent acquiring 1 JDBC connections;
    0 nanoseconds spent releasing 0 JDBC connections;
    27125 nanoseconds spent preparing 1 JDBC statements;
    1027875 nanoseconds spent executing 1 JDBC statements;
    0 nanoseconds spent executing 0 JDBC batches;
    0 nanoseconds spent performing 0 L2C puts;
    0 nanoseconds spent performing 0 L2C hits;
    0 nanoseconds spent performing 0 L2C misses;
    0 nanoseconds spent executing 0 flushes (flushing a total of 0 entities and 0 collections);
    0 nanoseconds spent executing 0 partial-flushes (flushing a total of 0 entities and 0 collections)
}
&amp#27;[2m2025-05-11T11:17:46.738-03:00&amp#27;[0;39m &amp#27;[32mDEBUG&amp#27;[0;39m &amp#27;[35m16907&amp#27;[0;39m &amp#27;[2m---&amp#27;[0;39m &amp#27;[2m[           main]&amp#27;[0;39m &amp#27;[2m&amp#27;[0;39m&amp#27;[36morg.hibernate.SQL                       &amp#27;[0;39m &amp#27;[2m:&amp#27;[0;39m 
    /* <criteria> */ select
        d1_0.id,
        d1_0.actualizado_en,
        d1_0.codigo_penal,
        d1_0.creado_en,
        d1_0.descripcion,
        d1_0.nombre,
        d1_0.pena_maxima,
        d1_0.pena_minima,
        d1_0.tipo_pena,
        d1_0.valoracion 
    from
        delito d1_0 
    where
        upper(d1_0.nombre) like upper(?) escape '\'
Hibernate: 
    /* <criteria> */ select
        d1_0.id,
        d1_0.actualizado_en,
        d1_0.codigo_penal,
        d1_0.creado_en,
        d1_0.descripcion,
        d1_0.nombre,
        d1_0.pena_maxima,
        d1_0.pena_minima,
        d1_0.tipo_pena,
        d1_0.valoracion 
    from
        delito d1_0 
    where
        upper(d1_0.nombre) like upper(?) escape '\'
&amp#27;[2m2025-05-11T11:17:46.739-03:00&amp#27;[0;39m &amp#27;[32m INFO&amp#27;[0;39m &amp#27;[35m16907&amp#27;[0;39m &amp#27;[2m---&amp#27;[0;39m &amp#27;[2m[           main]&amp#27;[0;39m &amp#27;[2m&amp#27;[0;39m&amp#27;[36mi.StatisticalLoggingSessionEventListener&amp#27;[0;39m &amp#27;[2m:&amp#27;[0;39m Session Metrics {
    6541 nanoseconds spent acquiring 1 JDBC connections;
    0 nanoseconds spent releasing 0 JDBC connections;
    20791 nanoseconds spent preparing 1 JDBC statements;
    841792 nanoseconds spent executing 1 JDBC statements;
    0 nanoseconds spent executing 0 JDBC batches;
    0 nanoseconds spent performing 0 L2C puts;
    0 nanoseconds spent performing 0 L2C hits;
    0 nanoseconds spent performing 0 L2C misses;
    0 nanoseconds spent executing 0 flushes (flushing a total of 0 entities and 0 collections);
    0 nanoseconds spent executing 0 partial-flushes (flushing a total of 0 entities and 0 collections)
}
&amp#27;[2m2025-05-11T11:17:46.740-03:00&amp#27;[0;39m &amp#27;[32mDEBUG&amp#27;[0;39m &amp#27;[35m16907&amp#27;[0;39m &amp#27;[2m---&amp#27;[0;39m &amp#27;[2m[           main]&amp#27;[0;39m &amp#27;[2m&amp#27;[0;39m&amp#27;[36morg.hibernate.SQL                       &amp#27;[0;39m &amp#27;[2m:&amp#27;[0;39m 
    /* <criteria> */ select
        d1_0.id,
        d1_0.actualizado_en,
        d1_0.codigo_penal,
        d1_0.creado_en,
        d1_0.descripcion,
        d1_0.nombre,
        d1_0.pena_maxima,
        d1_0.pena_minima,
        d1_0.tipo_pena,
        d1_0.valoracion 
    from
        delito d1_0 
    where
        upper(d1_0.nombre) like upper(?) escape '\'
Hibernate: 
    /* <criteria> */ select
        d1_0.id,
        d1_0.actualizado_en,
        d1_0.codigo_penal,
        d1_0.creado_en,
        d1_0.descripcion,
        d1_0.nombre,
        d1_0.pena_maxima,
        d1_0.pena_minima,
        d1_0.tipo_pena,
        d1_0.valoracion 
    from
        delito d1_0 
    where
        upper(d1_0.nombre) like upper(?) escape '\'
&amp#27;[2m2025-05-11T11:17:46.741-03:00&amp#27;[0;39m &amp#27;[32m INFO&amp#27;[0;39m &amp#27;[35m16907&amp#27;[0;39m &amp#27;[2m---&amp#27;[0;39m &amp#27;[2m[           main]&amp#27;[0;39m &amp#27;[2m&amp#27;[0;39m&amp#27;[36mi.StatisticalLoggingSessionEventListener&amp#27;[0;39m &amp#27;[2m:&amp#27;[0;39m Session Metrics {
    6833 nanoseconds spent acquiring 1 JDBC connections;
    0 nanoseconds spent releasing 0 JDBC connections;
    23084 nanoseconds spent preparing 1 JDBC statements;
    971833 nanoseconds spent executing 1 JDBC statements;
    0 nanoseconds spent executing 0 JDBC batches;
    0 nanoseconds spent performing 0 L2C puts;
    0 nanoseconds spent performing 0 L2C hits;
    0 nanoseconds spent performing 0 L2C misses;
    0 nanoseconds spent executing 0 flushes (flushing a total of 0 entities and 0 collections);
    0 nanoseconds spent executing 0 partial-flushes (flushing a total of 0 entities and 0 collections)
}
&amp#27;[2m2025-05-11T11:17:46.741-03:00&amp#27;[0;39m &amp#27;[32mDEBUG&amp#27;[0;39m &amp#27;[35m16907&amp#27;[0;39m &amp#27;[2m---&amp#27;[0;39m &amp#27;[2m[           main]&amp#27;[0;39m &amp#27;[2m&amp#27;[0;39m&amp#27;[36morg.hibernate.SQL                       &amp#27;[0;39m &amp#27;[2m:&amp#27;[0;39m 
    /* <criteria> */ select
        d1_0.id,
        d1_0.actualizado_en,
        d1_0.codigo_penal,
        d1_0.creado_en,
        d1_0.descripcion,
        d1_0.nombre,
        d1_0.pena_maxima,
        d1_0.pena_minima,
        d1_0.tipo_pena,
        d1_0.valoracion 
    from
        delito d1_0 
    where
        upper(d1_0.nombre) like upper(?) escape '\'
Hibernate: 
    /* <criteria> */ select
        d1_0.id,
        d1_0.actualizado_en,
        d1_0.codigo_penal,
        d1_0.creado_en,
        d1_0.descripcion,
        d1_0.nombre,
        d1_0.pena_maxima,
        d1_0.pena_minima,
        d1_0.tipo_pena,
        d1_0.valoracion 
    from
        delito d1_0 
    where
        upper(d1_0.nombre) like upper(?) escape '\'
&amp#27;[2m2025-05-11T11:17:46.743-03:00&amp#27;[0;39m &amp#27;[32m INFO&amp#27;[0;39m &amp#27;[35m16907&amp#27;[0;39m &amp#27;[2m---&amp#27;[0;39m &amp#27;[2m[           main]&amp#27;[0;39m &amp#27;[2m&amp#27;[0;39m&amp#27;[36mi.StatisticalLoggingSessionEventListener&amp#27;[0;39m &amp#27;[2m:&amp#27;[0;39m Session Metrics {
    6625 nanoseconds spent acquiring 1 JDBC connections;
    0 nanoseconds spent releasing 0 JDBC connections;
    21250 nanoseconds spent preparing 1 JDBC statements;
    939625 nanoseconds spent executing 1 JDBC statements;
    0 nanoseconds spent executing 0 JDBC batches;
    0 nanoseconds spent performing 0 L2C puts;
    0 nanoseconds spent performing 0 L2C hits;
    0 nanoseconds spent performing 0 L2C misses;
    0 nanoseconds spent executing 0 flushes (flushing a total of 0 entities and 0 collections);
    0 nanoseconds spent executing 0 partial-flushes (flushing a total of 0 entities and 0 collections)
}
&amp#27;[2m2025-05-11T11:17:46.743-03:00&amp#27;[0;39m &amp#27;[32mDEBUG&amp#27;[0;39m &amp#27;[35m16907&amp#27;[0;39m &amp#27;[2m---&amp#27;[0;39m &amp#27;[2m[           main]&amp#27;[0;39m &amp#27;[2m&amp#27;[0;39m&amp#27;[36morg.hibernate.SQL                       &amp#27;[0;39m &amp#27;[2m:&amp#27;[0;39m 
    /* <criteria> */ select
        d1_0.id,
        d1_0.actualizado_en,
        d1_0.codigo_penal,
        d1_0.creado_en,
        d1_0.descripcion,
        d1_0.nombre,
        d1_0.pena_maxima,
        d1_0.pena_minima,
        d1_0.tipo_pena,
        d1_0.valoracion 
    from
        delito d1_0 
    where
        upper(d1_0.nombre) like upper(?) escape '\'
Hibernate: 
    /* <criteria> */ select
        d1_0.id,
        d1_0.actualizado_en,
        d1_0.codigo_penal,
        d1_0.creado_en,
        d1_0.descripcion,
        d1_0.nombre,
        d1_0.pena_maxima,
        d1_0.pena_minima,
        d1_0.tipo_pena,
        d1_0.valoracion 
    from
        delito d1_0 
    where
        upper(d1_0.nombre) like upper(?) escape '\'
&amp#27;[2m2025-05-11T11:17:46.744-03:00&amp#27;[0;39m &amp#27;[32m INFO&amp#27;[0;39m &amp#27;[35m16907&amp#27;[0;39m &amp#27;[2m---&amp#27;[0;39m &amp#27;[2m[           main]&amp#27;[0;39m &amp#27;[2m&amp#27;[0;39m&amp#27;[36mi.StatisticalLoggingSessionEventListener&amp#27;[0;39m &amp#27;[2m:&amp#27;[0;39m Session Metrics {
    6500 nanoseconds spent acquiring 1 JDBC connections;
    0 nanoseconds spent releasing 0 JDBC connections;
    23875 nanoseconds spent preparing 1 JDBC statements;
    1264875 nanoseconds spent executing 1 JDBC statements;
    0 nanoseconds spent executing 0 JDBC batches;
    0 nanoseconds spent performing 0 L2C puts;
    0 nanoseconds spent performing 0 L2C hits;
    0 nanoseconds spent performing 0 L2C misses;
    0 nanoseconds spent executing 0 flushes (flushing a total of 0 entities and 0 collections);
    0 nanoseconds spent executing 0 partial-flushes (flushing a total of 0 entities and 0 collections)
}
&amp#27;[2m2025-05-11T11:17:46.752-03:00&amp#27;[0;39m &amp#27;[32mDEBUG&amp#27;[0;39m &amp#27;[35m16907&amp#27;[0;39m &amp#27;[2m---&amp#27;[0;39m &amp#27;[2m[           main]&amp#27;[0;39m &amp#27;[2m&amp#27;[0;39m&amp#27;[36morg.hibernate.SQL                       &amp#27;[0;39m &amp#27;[2m:&amp#27;[0;39m 
    select
        seq_delito.nextval 
    from
        dual
Hibernate: 
    select
        seq_delito.nextval 
    from
        dual
&amp#27;[2m2025-05-11T11:17:46.766-03:00&amp#27;[0;39m &amp#27;[32mDEBUG&amp#27;[0;39m &amp#27;[35m16907&amp#27;[0;39m &amp#27;[2m---&amp#27;[0;39m &amp#27;[2m[           main]&amp#27;[0;39m &amp#27;[2m&amp#27;[0;39m&amp#27;[36morg.hibernate.SQL                       &amp#27;[0;39m &amp#27;[2m:&amp#27;[0;39m 
    /* insert for
        com.cufre.expedientes.model.Delito */insert 
    into
        delito (actualizado_en, codigo_penal, creado_en, descripcion, nombre, pena_maxima, pena_minima, tipo_pena, valoracion, id) 
    values
        (?, ?, ?, ?, ?, ?, ?, ?, ?, ?)
Hibernate: 
    /* insert for
        com.cufre.expedientes.model.Delito */insert 
    into
        delito (actualizado_en, codigo_penal, creado_en, descripcion, nombre, pena_maxima, pena_minima, tipo_pena, valoracion, id) 
    values
        (?, ?, ?, ?, ?, ?, ?, ?, ?, ?)
&amp#27;[2m2025-05-11T11:17:46.807-03:00&amp#27;[0;39m &amp#27;[32m INFO&amp#27;[0;39m &amp#27;[35m16907&amp#27;[0;39m &amp#27;[2m---&amp#27;[0;39m &amp#27;[2m[           main]&amp#27;[0;39m &amp#27;[2m&amp#27;[0;39m&amp#27;[36mi.StatisticalLoggingSessionEventListener&amp#27;[0;39m &amp#27;[2m:&amp#27;[0;39m Session Metrics {
    10958 nanoseconds spent acquiring 1 JDBC connections;
    0 nanoseconds spent releasing 0 JDBC connections;
    156126 nanoseconds spent preparing 2 JDBC statements;
    1608666 nanoseconds spent executing 1 JDBC statements;
    31401375 nanoseconds spent executing 1 JDBC batches;
    0 nanoseconds spent performing 0 L2C puts;
    0 nanoseconds spent performing 0 L2C hits;
    0 nanoseconds spent performing 0 L2C misses;
    43128292 nanoseconds spent executing 1 flushes (flushing a total of 1 entities and 1 collections);
    0 nanoseconds spent executing 0 partial-flushes (flushing a total of 0 entities and 0 collections)
}
&amp#27;[2m2025-05-11T11:17:46.808-03:00&amp#27;[0;39m &amp#27;[32mDEBUG&amp#27;[0;39m &amp#27;[35m16907&amp#27;[0;39m &amp#27;[2m---&amp#27;[0;39m &amp#27;[2m[           main]&amp#27;[0;39m &amp#27;[2m&amp#27;[0;39m&amp#27;[36morg.hibernate.SQL                       &amp#27;[0;39m &amp#27;[2m:&amp#27;[0;39m 
    /* <criteria> */ select
        d1_0.id,
        d1_0.actualizado_en,
        d1_0.codigo_penal,
        d1_0.creado_en,
        d1_0.descripcion,
        d1_0.nombre,
        d1_0.pena_maxima,
        d1_0.pena_minima,
        d1_0.tipo_pena,
        d1_0.valoracion 
    from
        delito d1_0 
    where
        upper(d1_0.nombre) like upper(?) escape '\'
Hibernate: 
    /* <criteria> */ select
        d1_0.id,
        d1_0.actualizado_en,
        d1_0.codigo_penal,
        d1_0.creado_en,
        d1_0.descripcion,
        d1_0.nombre,
        d1_0.pena_maxima,
        d1_0.pena_minima,
        d1_0.tipo_pena,
        d1_0.valoracion 
    from
        delito d1_0 
    where
        upper(d1_0.nombre) like upper(?) escape '\'
&amp#27;[2m2025-05-11T11:17:46.810-03:00&amp#27;[0;39m &amp#27;[32m INFO&amp#27;[0;39m &amp#27;[35m16907&amp#27;[0;39m &amp#27;[2m---&amp#27;[0;39m &amp#27;[2m[           main]&amp#27;[0;39m &amp#27;[2m&amp#27;[0;39m&amp#27;[36mi.StatisticalLoggingSessionEventListener&amp#27;[0;39m &amp#27;[2m:&amp#27;[0;39m Session Metrics {
    10625 nanoseconds spent acquiring 1 JDBC connections;
    0 nanoseconds spent releasing 0 JDBC connections;
    44333 nanoseconds spent preparing 1 JDBC statements;
    1256834 nanoseconds spent executing 1 JDBC statements;
    0 nanoseconds spent executing 0 JDBC batches;
    0 nanoseconds spent performing 0 L2C puts;
    0 nanoseconds spent performing 0 L2C hits;
    0 nanoseconds spent performing 0 L2C misses;
    0 nanoseconds spent executing 0 flushes (flushing a total of 0 entities and 0 collections);
    0 nanoseconds spent executing 0 partial-flushes (flushing a total of 0 entities and 0 collections)
}
&amp#27;[2m2025-05-11T11:17:46.810-03:00&amp#27;[0;39m &amp#27;[32mDEBUG&amp#27;[0;39m &amp#27;[35m16907&amp#27;[0;39m &amp#27;[2m---&amp#27;[0;39m &amp#27;[2m[           main]&amp#27;[0;39m &amp#27;[2m&amp#27;[0;39m&amp#27;[36morg.hibernate.SQL                       &amp#27;[0;39m &amp#27;[2m:&amp#27;[0;39m 
    select
        seq_delito.nextval 
    from
        dual
Hibernate: 
    select
        seq_delito.nextval 
    from
        dual
&amp#27;[2m2025-05-11T11:17:46.811-03:00&amp#27;[0;39m &amp#27;[32mDEBUG&amp#27;[0;39m &amp#27;[35m16907&amp#27;[0;39m &amp#27;[2m---&amp#27;[0;39m &amp#27;[2m[           main]&amp#27;[0;39m &amp#27;[2m&amp#27;[0;39m&amp#27;[36morg.hibernate.SQL                       &amp#27;[0;39m &amp#27;[2m:&amp#27;[0;39m 
    /* insert for
        com.cufre.expedientes.model.Delito */insert 
    into
        delito (actualizado_en, codigo_penal, creado_en, descripcion, nombre, pena_maxima, pena_minima, tipo_pena, valoracion, id) 
    values
        (?, ?, ?, ?, ?, ?, ?, ?, ?, ?)
Hibernate: 
    /* insert for
        com.cufre.expedientes.model.Delito */insert 
    into
        delito (actualizado_en, codigo_penal, creado_en, descripcion, nombre, pena_maxima, pena_minima, tipo_pena, valoracion, id) 
    values
        (?, ?, ?, ?, ?, ?, ?, ?, ?, ?)
&amp#27;[2m2025-05-11T11:17:46.812-03:00&amp#27;[0;39m &amp#27;[32m INFO&amp#27;[0;39m &amp#27;[35m16907&amp#27;[0;39m &amp#27;[2m---&amp#27;[0;39m &amp#27;[2m[           main]&amp#27;[0;39m &amp#27;[2m&amp#27;[0;39m&amp#27;[36mi.StatisticalLoggingSessionEventListener&amp#27;[0;39m &amp#27;[2m:&amp#27;[0;39m Session Metrics {
    7333 nanoseconds spent acquiring 1 JDBC connections;
    0 nanoseconds spent releasing 0 JDBC connections;
    25416 nanoseconds spent preparing 2 JDBC statements;
    401875 nanoseconds spent executing 1 JDBC statements;
    654208 nanoseconds spent executing 1 JDBC batches;
    0 nanoseconds spent performing 0 L2C puts;
    0 nanoseconds spent performing 0 L2C hits;
    0 nanoseconds spent performing 0 L2C misses;
    1140833 nanoseconds spent executing 1 flushes (flushing a total of 1 entities and 1 collections);
    0 nanoseconds spent executing 0 partial-flushes (flushing a total of 0 entities and 0 collections)
}
&amp#27;[2m2025-05-11T11:17:46.813-03:00&amp#27;[0;39m &amp#27;[32mDEBUG&amp#27;[0;39m &amp#27;[35m16907&amp#27;[0;39m &amp#27;[2m---&amp#27;[0;39m &amp#27;[2m[           main]&amp#27;[0;39m &amp#27;[2m&amp#27;[0;39m&amp#27;[36morg.hibernate.SQL                       &amp#27;[0;39m &amp#27;[2m:&amp#27;[0;39m 
    /* <criteria> */ select
        d1_0.id,
        d1_0.actualizado_en,
        d1_0.codigo_penal,
        d1_0.creado_en,
        d1_0.descripcion,
        d1_0.nombre,
        d1_0.pena_maxima,
        d1_0.pena_minima,
        d1_0.tipo_pena,
        d1_0.valoracion 
    from
        delito d1_0 
    where
        upper(d1_0.nombre) like upper(?) escape '\'
Hibernate: 
    /* <criteria> */ select
        d1_0.id,
        d1_0.actualizado_en,
        d1_0.codigo_penal,
        d1_0.creado_en,
        d1_0.descripcion,
        d1_0.nombre,
        d1_0.pena_maxima,
        d1_0.pena_minima,
        d1_0.tipo_pena,
        d1_0.valoracion 
    from
        delito d1_0 
    where
        upper(d1_0.nombre) like upper(?) escape '\'
&amp#27;[2m2025-05-11T11:17:46.814-03:00&amp#27;[0;39m &amp#27;[32m INFO&amp#27;[0;39m &amp#27;[35m16907&amp#27;[0;39m &amp#27;[2m---&amp#27;[0;39m &amp#27;[2m[           main]&amp#27;[0;39m &amp#27;[2m&amp#27;[0;39m&amp#27;[36mi.StatisticalLoggingSessionEventListener&amp#27;[0;39m &amp#27;[2m:&amp#27;[0;39m Session Metrics {
    9792 nanoseconds spent acquiring 1 JDBC connections;
    0 nanoseconds spent releasing 0 JDBC connections;
    30000 nanoseconds spent preparing 1 JDBC statements;
    897917 nanoseconds spent executing 1 JDBC statements;
    0 nanoseconds spent executing 0 JDBC batches;
    0 nanoseconds spent performing 0 L2C puts;
    0 nanoseconds spent performing 0 L2C hits;
    0 nanoseconds spent performing 0 L2C misses;
    0 nanoseconds spent executing 0 flushes (flushing a total of 0 entities and 0 collections);
    0 nanoseconds spent executing 0 partial-flushes (flushing a total of 0 entities and 0 collections)
}
&amp#27;[2m2025-05-11T11:17:46.815-03:00&amp#27;[0;39m &amp#27;[32mDEBUG&amp#27;[0;39m &amp#27;[35m16907&amp#27;[0;39m &amp#27;[2m---&amp#27;[0;39m &amp#27;[2m[           main]&amp#27;[0;39m &amp#27;[2m&amp#27;[0;39m&amp#27;[36morg.hibernate.SQL                       &amp#27;[0;39m &amp#27;[2m:&amp#27;[0;39m 
    select
        seq_delito.nextval 
    from
        dual
Hibernate: 
    select
        seq_delito.nextval 
    from
        dual
&amp#27;[2m2025-05-11T11:17:46.816-03:00&amp#27;[0;39m &amp#27;[32mDEBUG&amp#27;[0;39m &amp#27;[35m16907&amp#27;[0;39m &amp#27;[2m---&amp#27;[0;39m &amp#27;[2m[           main]&amp#27;[0;39m &amp#27;[2m&amp#27;[0;39m&amp#27;[36morg.hibernate.SQL                       &amp#27;[0;39m &amp#27;[2m:&amp#27;[0;39m 
    /* insert for
        com.cufre.expedientes.model.Delito */insert 
    into
        delito (actualizado_en, codigo_penal, creado_en, descripcion, nombre, pena_maxima, pena_minima, tipo_pena, valoracion, id) 
    values
        (?, ?, ?, ?, ?, ?, ?, ?, ?, ?)
Hibernate: 
    /* insert for
        com.cufre.expedientes.model.Delito */insert 
    into
        delito (actualizado_en, codigo_penal, creado_en, descripcion, nombre, pena_maxima, pena_minima, tipo_pena, valoracion, id) 
    values
        (?, ?, ?, ?, ?, ?, ?, ?, ?, ?)
&amp#27;[2m2025-05-11T11:17:46.820-03:00&amp#27;[0;39m &amp#27;[32m INFO&amp#27;[0;39m &amp#27;[35m16907&amp#27;[0;39m &amp#27;[2m---&amp#27;[0;39m &amp#27;[2m[           main]&amp#27;[0;39m &amp#27;[2m&amp#27;[0;39m&amp#27;[36mi.StatisticalLoggingSessionEventListener&amp#27;[0;39m &amp#27;[2m:&amp#27;[0;39m Session Metrics {
    6375 nanoseconds spent acquiring 1 JDBC connections;
    0 nanoseconds spent releasing 0 JDBC connections;
    27292 nanoseconds spent preparing 2 JDBC statements;
    448792 nanoseconds spent executing 1 JDBC statements;
    3107250 nanoseconds spent executing 1 JDBC batches;
    0 nanoseconds spent performing 0 L2C puts;
    0 nanoseconds spent performing 0 L2C hits;
    0 nanoseconds spent performing 0 L2C misses;
    3639958 nanoseconds spent executing 1 flushes (flushing a total of 1 entities and 1 collections);
    0 nanoseconds spent executing 0 partial-flushes (flushing a total of 0 entities and 0 collections)
}
&amp#27;[2m2025-05-11T11:17:46.820-03:00&amp#27;[0;39m &amp#27;[32mDEBUG&amp#27;[0;39m &amp#27;[35m16907&amp#27;[0;39m &amp#27;[2m---&amp#27;[0;39m &amp#27;[2m[           main]&amp#27;[0;39m &amp#27;[2m&amp#27;[0;39m&amp#27;[36morg.hibernate.SQL                       &amp#27;[0;39m &amp#27;[2m:&amp#27;[0;39m 
    /* <criteria> */ select
        d1_0.id,
        d1_0.actualizado_en,
        d1_0.codigo_penal,
        d1_0.creado_en,
        d1_0.descripcion,
        d1_0.nombre,
        d1_0.pena_maxima,
        d1_0.pena_minima,
        d1_0.tipo_pena,
        d1_0.valoracion 
    from
        delito d1_0 
    where
        upper(d1_0.nombre) like upper(?) escape '\'
Hibernate: 
    /* <criteria> */ select
        d1_0.id,
        d1_0.actualizado_en,
        d1_0.codigo_penal,
        d1_0.creado_en,
        d1_0.descripcion,
        d1_0.nombre,
        d1_0.pena_maxima,
        d1_0.pena_minima,
        d1_0.tipo_pena,
        d1_0.valoracion 
    from
        delito d1_0 
    where
        upper(d1_0.nombre) like upper(?) escape '\'
&amp#27;[2m2025-05-11T11:17:46.822-03:00&amp#27;[0;39m &amp#27;[32m INFO&amp#27;[0;39m &amp#27;[35m16907&amp#27;[0;39m &amp#27;[2m---&amp#27;[0;39m &amp#27;[2m[           main]&amp#27;[0;39m &amp#27;[2m&amp#27;[0;39m&amp#27;[36mi.StatisticalLoggingSessionEventListener&amp#27;[0;39m &amp#27;[2m:&amp#27;[0;39m Session Metrics {
    8541 nanoseconds spent acquiring 1 JDBC connections;
    0 nanoseconds spent releasing 0 JDBC connections;
    26250 nanoseconds spent preparing 1 JDBC statements;
    912666 nanoseconds spent executing 1 JDBC statements;
    0 nanoseconds spent executing 0 JDBC batches;
    0 nanoseconds spent performing 0 L2C puts;
    0 nanoseconds spent performing 0 L2C hits;
    0 nanoseconds spent performing 0 L2C misses;
    0 nanoseconds spent executing 0 flushes (flushing a total of 0 entities and 0 collections);
    0 nanoseconds spent executing 0 partial-flushes (flushing a total of 0 entities and 0 collections)
}
&amp#27;[2m2025-05-11T11:17:46.822-03:00&amp#27;[0;39m &amp#27;[32mDEBUG&amp#27;[0;39m &amp#27;[35m16907&amp#27;[0;39m &amp#27;[2m---&amp#27;[0;39m &amp#27;[2m[           main]&amp#27;[0;39m &amp#27;[2m&amp#27;[0;39m&amp#27;[36morg.hibernate.SQL                       &amp#27;[0;39m &amp#27;[2m:&amp#27;[0;39m 
    select
        seq_delito.nextval 
    from
        dual
Hibernate: 
    select
        seq_delito.nextval 
    from
        dual
&amp#27;[2m2025-05-11T11:17:46.823-03:00&amp#27;[0;39m &amp#27;[32mDEBUG&amp#27;[0;39m &amp#27;[35m16907&amp#27;[0;39m &amp#27;[2m---&amp#27;[0;39m &amp#27;[2m[           main]&amp#27;[0;39m &amp#27;[2m&amp#27;[0;39m&amp#27;[36morg.hibernate.SQL                       &amp#27;[0;39m &amp#27;[2m:&amp#27;[0;39m 
    /* insert for
        com.cufre.expedientes.model.Delito */insert 
    into
        delito (actualizado_en, codigo_penal, creado_en, descripcion, nombre, pena_maxima, pena_minima, tipo_pena, valoracion, id) 
    values
        (?, ?, ?, ?, ?, ?, ?, ?, ?, ?)
Hibernate: 
    /* insert for
        com.cufre.expedientes.model.Delito */insert 
    into
        delito (actualizado_en, codigo_penal, creado_en, descripcion, nombre, pena_maxima, pena_minima, tipo_pena, valoracion, id) 
    values
        (?, ?, ?, ?, ?, ?, ?, ?, ?, ?)
&amp#27;[2m2025-05-11T11:17:46.826-03:00&amp#27;[0;39m &amp#27;[32m INFO&amp#27;[0;39m &amp#27;[35m16907&amp#27;[0;39m &amp#27;[2m---&amp#27;[0;39m &amp#27;[2m[           main]&amp#27;[0;39m &amp#27;[2m&amp#27;[0;39m&amp#27;[36mi.StatisticalLoggingSessionEventListener&amp#27;[0;39m &amp#27;[2m:&amp#27;[0;39m Session Metrics {
    5708 nanoseconds spent acquiring 1 JDBC connections;
    0 nanoseconds spent releasing 0 JDBC connections;
    31167 nanoseconds spent preparing 2 JDBC statements;
    287333 nanoseconds spent executing 1 JDBC statements;
    2376042 nanoseconds spent executing 1 JDBC batches;
    0 nanoseconds spent performing 0 L2C puts;
    0 nanoseconds spent performing 0 L2C hits;
    0 nanoseconds spent performing 0 L2C misses;
    2884584 nanoseconds spent executing 1 flushes (flushing a total of 1 entities and 1 collections);
    0 nanoseconds spent executing 0 partial-flushes (flushing a total of 0 entities and 0 collections)
}
&amp#27;[2m2025-05-11T11:17:46.827-03:00&amp#27;[0;39m &amp#27;[32mDEBUG&amp#27;[0;39m &amp#27;[35m16907&amp#27;[0;39m &amp#27;[2m---&amp#27;[0;39m &amp#27;[2m[           main]&amp#27;[0;39m &amp#27;[2m&amp#27;[0;39m&amp#27;[36morg.hibernate.SQL                       &amp#27;[0;39m &amp#27;[2m:&amp#27;[0;39m 
    /* <criteria> */ select
        d1_0.id,
        d1_0.actualizado_en,
        d1_0.codigo_penal,
        d1_0.creado_en,
        d1_0.descripcion,
        d1_0.nombre,
        d1_0.pena_maxima,
        d1_0.pena_minima,
        d1_0.tipo_pena,
        d1_0.valoracion 
    from
        delito d1_0 
    where
        upper(d1_0.nombre) like upper(?) escape '\'
Hibernate: 
    /* <criteria> */ select
        d1_0.id,
        d1_0.actualizado_en,
        d1_0.codigo_penal,
        d1_0.creado_en,
        d1_0.descripcion,
        d1_0.nombre,
        d1_0.pena_maxima,
        d1_0.pena_minima,
        d1_0.tipo_pena,
        d1_0.valoracion 
    from
        delito d1_0 
    where
        upper(d1_0.nombre) like upper(?) escape '\'
&amp#27;[2m2025-05-11T11:17:46.828-03:00&amp#27;[0;39m &amp#27;[32m INFO&amp#27;[0;39m &amp#27;[35m16907&amp#27;[0;39m &amp#27;[2m---&amp#27;[0;39m &amp#27;[2m[           main]&amp#27;[0;39m &amp#27;[2m&amp#27;[0;39m&amp#27;[36mi.StatisticalLoggingSessionEventListener&amp#27;[0;39m &amp#27;[2m:&amp#27;[0;39m Session Metrics {
    15000 nanoseconds spent acquiring 1 JDBC connections;
    0 nanoseconds spent releasing 0 JDBC connections;
    58375 nanoseconds spent preparing 1 JDBC statements;
    1000042 nanoseconds spent executing 1 JDBC statements;
    0 nanoseconds spent executing 0 JDBC batches;
    0 nanoseconds spent performing 0 L2C puts;
    0 nanoseconds spent performing 0 L2C hits;
    0 nanoseconds spent performing 0 L2C misses;
    0 nanoseconds spent executing 0 flushes (flushing a total of 0 entities and 0 collections);
    0 nanoseconds spent executing 0 partial-flushes (flushing a total of 0 entities and 0 collections)
}
&amp#27;[2m2025-05-11T11:17:46.828-03:00&amp#27;[0;39m &amp#27;[32mDEBUG&amp#27;[0;39m &amp#27;[35m16907&amp#27;[0;39m &amp#27;[2m---&amp#27;[0;39m &amp#27;[2m[           main]&amp#27;[0;39m &amp#27;[2m&amp#27;[0;39m&amp#27;[36morg.hibernate.SQL                       &amp#27;[0;39m &amp#27;[2m:&amp#27;[0;39m 
    select
        seq_delito.nextval 
    from
        dual
Hibernate: 
    select
        seq_delito.nextval 
    from
        dual
&amp#27;[2m2025-05-11T11:17:46.829-03:00&amp#27;[0;39m &amp#27;[32mDEBUG&amp#27;[0;39m &amp#27;[35m16907&amp#27;[0;39m &amp#27;[2m---&amp#27;[0;39m &amp#27;[2m[           main]&amp#27;[0;39m &amp#27;[2m&amp#27;[0;39m&amp#27;[36morg.hibernate.SQL                       &amp#27;[0;39m &amp#27;[2m:&amp#27;[0;39m 
    /* insert for
        com.cufre.expedientes.model.Delito */insert 
    into
        delito (actualizado_en, codigo_penal, creado_en, descripcion, nombre, pena_maxima, pena_minima, tipo_pena, valoracion, id) 
    values
        (?, ?, ?, ?, ?, ?, ?, ?, ?, ?)
Hibernate: 
    /* insert for
        com.cufre.expedientes.model.Delito */insert 
    into
        delito (actualizado_en, codigo_penal, creado_en, descripcion, nombre, pena_maxima, pena_minima, tipo_pena, valoracion, id) 
    values
        (?, ?, ?, ?, ?, ?, ?, ?, ?, ?)
&amp#27;[2m2025-05-11T11:17:46.831-03:00&amp#27;[0;39m &amp#27;[32m INFO&amp#27;[0;39m &amp#27;[35m16907&amp#27;[0;39m &amp#27;[2m---&amp#27;[0;39m &amp#27;[2m[           main]&amp#27;[0;39m &amp#27;[2m&amp#27;[0;39m&amp#27;[36mi.StatisticalLoggingSessionEventListener&amp#27;[0;39m &amp#27;[2m:&amp#27;[0;39m Session Metrics {
    6291 nanoseconds spent acquiring 1 JDBC connections;
    0 nanoseconds spent releasing 0 JDBC connections;
    23083 nanoseconds spent preparing 2 JDBC statements;
    324125 nanoseconds spent executing 1 JDBC statements;
    614625 nanoseconds spent executing 1 JDBC batches;
    0 nanoseconds spent performing 0 L2C puts;
    0 nanoseconds spent performing 0 L2C hits;
    0 nanoseconds spent performing 0 L2C misses;
    1066167 nanoseconds spent executing 1 flushes (flushing a total of 1 entities and 1 collections);
    0 nanoseconds spent executing 0 partial-flushes (flushing a total of 0 entities and 0 collections)
}
&amp#27;[2m2025-05-11T11:17:46.832-03:00&amp#27;[0;39m &amp#27;[32mDEBUG&amp#27;[0;39m &amp#27;[35m16907&amp#27;[0;39m &amp#27;[2m---&amp#27;[0;39m &amp#27;[2m[           main]&amp#27;[0;39m &amp#27;[2m&amp#27;[0;39m&amp#27;[36morg.hibernate.SQL                       &amp#27;[0;39m &amp#27;[2m:&amp#27;[0;39m 
    /* <criteria> */ select
        d1_0.id,
        d1_0.actualizado_en,
        d1_0.codigo_penal,
        d1_0.creado_en,
        d1_0.descripcion,
        d1_0.nombre,
        d1_0.pena_maxima,
        d1_0.pena_minima,
        d1_0.tipo_pena,
        d1_0.valoracion 
    from
        delito d1_0 
    where
        upper(d1_0.nombre) like upper(?) escape '\'
Hibernate: 
    /* <criteria> */ select
        d1_0.id,
        d1_0.actualizado_en,
        d1_0.codigo_penal,
        d1_0.creado_en,
        d1_0.descripcion,
        d1_0.nombre,
        d1_0.pena_maxima,
        d1_0.pena_minima,
        d1_0.tipo_pena,
        d1_0.valoracion 
    from
        delito d1_0 
    where
        upper(d1_0.nombre) like upper(?) escape '\'
&amp#27;[2m2025-05-11T11:17:46.833-03:00&amp#27;[0;39m &amp#27;[32m INFO&amp#27;[0;39m &amp#27;[35m16907&amp#27;[0;39m &amp#27;[2m---&amp#27;[0;39m &amp#27;[2m[           main]&amp#27;[0;39m &amp#27;[2m&amp#27;[0;39m&amp#27;[36mi.StatisticalLoggingSessionEventListener&amp#27;[0;39m &amp#27;[2m:&amp#27;[0;39m Session Metrics {
    7542 nanoseconds spent acquiring 1 JDBC connections;
    0 nanoseconds spent releasing 0 JDBC connections;
    24625 nanoseconds spent preparing 1 JDBC statements;
    897083 nanoseconds spent executing 1 JDBC statements;
    0 nanoseconds spent executing 0 JDBC batches;
    0 nanoseconds spent performing 0 L2C puts;
    0 nanoseconds spent performing 0 L2C hits;
    0 nanoseconds spent performing 0 L2C misses;
    0 nanoseconds spent executing 0 flushes (flushing a total of 0 entities and 0 collections);
    0 nanoseconds spent executing 0 partial-flushes (flushing a total of 0 entities and 0 collections)
}
&amp#27;[2m2025-05-11T11:17:46.833-03:00&amp#27;[0;39m &amp#27;[32mDEBUG&amp#27;[0;39m &amp#27;[35m16907&amp#27;[0;39m &amp#27;[2m---&amp#27;[0;39m &amp#27;[2m[           main]&amp#27;[0;39m &amp#27;[2m&amp#27;[0;39m&amp#27;[36morg.hibernate.SQL                       &amp#27;[0;39m &amp#27;[2m:&amp#27;[0;39m 
    select
        seq_delito.nextval 
    from
        dual
Hibernate: 
    select
        seq_delito.nextval 
    from
        dual
&amp#27;[2m2025-05-11T11:17:46.834-03:00&amp#27;[0;39m &amp#27;[32mDEBUG&amp#27;[0;39m &amp#27;[35m16907&amp#27;[0;39m &amp#27;[2m---&amp#27;[0;39m &amp#27;[2m[           main]&amp#27;[0;39m &amp#27;[2m&amp#27;[0;39m&amp#27;[36morg.hibernate.SQL                       &amp#27;[0;39m &amp#27;[2m:&amp#27;[0;39m 
    /* insert for
        com.cufre.expedientes.model.Delito */insert 
    into
        delito (actualizado_en, codigo_penal, creado_en, descripcion, nombre, pena_maxima, pena_minima, tipo_pena, valoracion, id) 
    values
        (?, ?, ?, ?, ?, ?, ?, ?, ?, ?)
Hibernate: 
    /* insert for
        com.cufre.expedientes.model.Delito */insert 
    into
        delito (actualizado_en, codigo_penal, creado_en, descripcion, nombre, pena_maxima, pena_minima, tipo_pena, valoracion, id) 
    values
        (?, ?, ?, ?, ?, ?, ?, ?, ?, ?)
&amp#27;[2m2025-05-11T11:17:46.835-03:00&amp#27;[0;39m &amp#27;[32m INFO&amp#27;[0;39m &amp#27;[35m16907&amp#27;[0;39m &amp#27;[2m---&amp#27;[0;39m &amp#27;[2m[           main]&amp#27;[0;39m &amp#27;[2m&amp#27;[0;39m&amp#27;[36mi.StatisticalLoggingSessionEventListener&amp#27;[0;39m &amp#27;[2m:&amp#27;[0;39m Session Metrics {
    7458 nanoseconds spent acquiring 1 JDBC connections;
    0 nanoseconds spent releasing 0 JDBC connections;
    35042 nanoseconds spent preparing 2 JDBC statements;
    353041 nanoseconds spent executing 1 JDBC statements;
    598000 nanoseconds spent executing 1 JDBC batches;
    0 nanoseconds spent performing 0 L2C puts;
    0 nanoseconds spent performing 0 L2C hits;
    0 nanoseconds spent performing 0 L2C misses;
    1013292 nanoseconds spent executing 1 flushes (flushing a total of 1 entities and 1 collections);
    0 nanoseconds spent executing 0 partial-flushes (flushing a total of 0 entities and 0 collections)
}
&amp#27;[2m2025-05-11T11:17:46.836-03:00&amp#27;[0;39m &amp#27;[32mDEBUG&amp#27;[0;39m &amp#27;[35m16907&amp#27;[0;39m &amp#27;[2m---&amp#27;[0;39m &amp#27;[2m[           main]&amp#27;[0;39m &amp#27;[2m&amp#27;[0;39m&amp#27;[36morg.hibernate.SQL                       &amp#27;[0;39m &amp#27;[2m:&amp#27;[0;39m 
    /* <criteria> */ select
        d1_0.id,
        d1_0.actualizado_en,
        d1_0.codigo_penal,
        d1_0.creado_en,
        d1_0.descripcion,
        d1_0.nombre,
        d1_0.pena_maxima,
        d1_0.pena_minima,
        d1_0.tipo_pena,
        d1_0.valoracion 
    from
        delito d1_0 
    where
        upper(d1_0.nombre) like upper(?) escape '\'
Hibernate: 
    /* <criteria> */ select
        d1_0.id,
        d1_0.actualizado_en,
        d1_0.codigo_penal,
        d1_0.creado_en,
        d1_0.descripcion,
        d1_0.nombre,
        d1_0.pena_maxima,
        d1_0.pena_minima,
        d1_0.tipo_pena,
        d1_0.valoracion 
    from
        delito d1_0 
    where
        upper(d1_0.nombre) like upper(?) escape '\'
&amp#27;[2m2025-05-11T11:17:46.837-03:00&amp#27;[0;39m &amp#27;[32m INFO&amp#27;[0;39m &amp#27;[35m16907&amp#27;[0;39m &amp#27;[2m---&amp#27;[0;39m &amp#27;[2m[           main]&amp#27;[0;39m &amp#27;[2m&amp#27;[0;39m&amp#27;[36mi.StatisticalLoggingSessionEventListener&amp#27;[0;39m &amp#27;[2m:&amp#27;[0;39m Session Metrics {
    11417 nanoseconds spent acquiring 1 JDBC connections;
    0 nanoseconds spent releasing 0 JDBC connections;
    33334 nanoseconds spent preparing 1 JDBC statements;
    869416 nanoseconds spent executing 1 JDBC statements;
    0 nanoseconds spent executing 0 JDBC batches;
    0 nanoseconds spent performing 0 L2C puts;
    0 nanoseconds spent performing 0 L2C hits;
    0 nanoseconds spent performing 0 L2C misses;
    0 nanoseconds spent executing 0 flushes (flushing a total of 0 entities and 0 collections);
    0 nanoseconds spent executing 0 partial-flushes (flushing a total of 0 entities and 0 collections)
}
&amp#27;[2m2025-05-11T11:17:46.837-03:00&amp#27;[0;39m &amp#27;[32mDEBUG&amp#27;[0;39m &amp#27;[35m16907&amp#27;[0;39m &amp#27;[2m---&amp#27;[0;39m &amp#27;[2m[           main]&amp#27;[0;39m &amp#27;[2m&amp#27;[0;39m&amp#27;[36morg.hibernate.SQL                       &amp#27;[0;39m &amp#27;[2m:&amp#27;[0;39m 
    select
        seq_delito.nextval 
    from
        dual
Hibernate: 
    select
        seq_delito.nextval 
    from
        dual
&amp#27;[2m2025-05-11T11:17:46.838-03:00&amp#27;[0;39m &amp#27;[32mDEBUG&amp#27;[0;39m &amp#27;[35m16907&amp#27;[0;39m &amp#27;[2m---&amp#27;[0;39m &amp#27;[2m[           main]&amp#27;[0;39m &amp#27;[2m&amp#27;[0;39m&amp#27;[36morg.hibernate.SQL                       &amp#27;[0;39m &amp#27;[2m:&amp#27;[0;39m 
    /* insert for
        com.cufre.expedientes.model.Delito */insert 
    into
        delito (actualizado_en, codigo_penal, creado_en, descripcion, nombre, pena_maxima, pena_minima, tipo_pena, valoracion, id) 
    values
        (?, ?, ?, ?, ?, ?, ?, ?, ?, ?)
Hibernate: 
    /* insert for
        com.cufre.expedientes.model.Delito */insert 
    into
        delito (actualizado_en, codigo_penal, creado_en, descripcion, nombre, pena_maxima, pena_minima, tipo_pena, valoracion, id) 
    values
        (?, ?, ?, ?, ?, ?, ?, ?, ?, ?)
&amp#27;[2m2025-05-11T11:17:46.840-03:00&amp#27;[0;39m &amp#27;[32m INFO&amp#27;[0;39m &amp#27;[35m16907&amp#27;[0;39m &amp#27;[2m---&amp#27;[0;39m &amp#27;[2m[           main]&amp#27;[0;39m &amp#27;[2m&amp#27;[0;39m&amp#27;[36mi.StatisticalLoggingSessionEventListener&amp#27;[0;39m &amp#27;[2m:&amp#27;[0;39m Session Metrics {
    4583 nanoseconds spent acquiring 1 JDBC connections;
    0 nanoseconds spent releasing 0 JDBC connections;
    27791 nanoseconds spent preparing 2 JDBC statements;
    326500 nanoseconds spent executing 1 JDBC statements;
    687542 nanoseconds spent executing 1 JDBC batches;
    0 nanoseconds spent performing 0 L2C puts;
    0 nanoseconds spent performing 0 L2C hits;
    0 nanoseconds spent performing 0 L2C misses;
    1175583 nanoseconds spent executing 1 flushes (flushing a total of 1 entities and 1 collections);
    0 nanoseconds spent executing 0 partial-flushes (flushing a total of 0 entities and 0 collections)
}
&amp#27;[2m2025-05-11T11:17:46.841-03:00&amp#27;[0;39m &amp#27;[32mDEBUG&amp#27;[0;39m &amp#27;[35m16907&amp#27;[0;39m &amp#27;[2m---&amp#27;[0;39m &amp#27;[2m[           main]&amp#27;[0;39m &amp#27;[2m&amp#27;[0;39m&amp#27;[36morg.hibernate.SQL                       &amp#27;[0;39m &amp#27;[2m:&amp#27;[0;39m 
    /* <criteria> */ select
        d1_0.id,
        d1_0.actualizado_en,
        d1_0.codigo_penal,
        d1_0.creado_en,
        d1_0.descripcion,
        d1_0.nombre,
        d1_0.pena_maxima,
        d1_0.pena_minima,
        d1_0.tipo_pena,
        d1_0.valoracion 
    from
        delito d1_0 
    where
        upper(d1_0.nombre) like upper(?) escape '\'
Hibernate: 
    /* <criteria> */ select
        d1_0.id,
        d1_0.actualizado_en,
        d1_0.codigo_penal,
        d1_0.creado_en,
        d1_0.descripcion,
        d1_0.nombre,
        d1_0.pena_maxima,
        d1_0.pena_minima,
        d1_0.tipo_pena,
        d1_0.valoracion 
    from
        delito d1_0 
    where
        upper(d1_0.nombre) like upper(?) escape '\'
&amp#27;[2m2025-05-11T11:17:46.843-03:00&amp#27;[0;39m &amp#27;[32m INFO&amp#27;[0;39m &amp#27;[35m16907&amp#27;[0;39m &amp#27;[2m---&amp#27;[0;39m &amp#27;[2m[           main]&amp#27;[0;39m &amp#27;[2m&amp#27;[0;39m&amp#27;[36mi.StatisticalLoggingSessionEventListener&amp#27;[0;39m &amp#27;[2m:&amp#27;[0;39m Session Metrics {
    10667 nanoseconds spent acquiring 1 JDBC connections;
    0 nanoseconds spent releasing 0 JDBC connections;
    46041 nanoseconds spent preparing 1 JDBC statements;
    999208 nanoseconds spent executing 1 JDBC statements;
    0 nanoseconds spent executing 0 JDBC batches;
    0 nanoseconds spent performing 0 L2C puts;
    0 nanoseconds spent performing 0 L2C hits;
    0 nanoseconds spent performing 0 L2C misses;
    0 nanoseconds spent executing 0 flushes (flushing a total of 0 entities and 0 collections);
    0 nanoseconds spent executing 0 partial-flushes (flushing a total of 0 entities and 0 collections)
}
&amp#27;[2m2025-05-11T11:17:46.843-03:00&amp#27;[0;39m &amp#27;[32mDEBUG&amp#27;[0;39m &amp#27;[35m16907&amp#27;[0;39m &amp#27;[2m---&amp#27;[0;39m &amp#27;[2m[           main]&amp#27;[0;39m &amp#27;[2m&amp#27;[0;39m&amp#27;[36morg.hibernate.SQL                       &amp#27;[0;39m &amp#27;[2m:&amp#27;[0;39m 
    select
        seq_delito.nextval 
    from
        dual
Hibernate: 
    select
        seq_delito.nextval 
    from
        dual
&amp#27;[2m2025-05-11T11:17:46.844-03:00&amp#27;[0;39m &amp#27;[32mDEBUG&amp#27;[0;39m &amp#27;[35m16907&amp#27;[0;39m &amp#27;[2m---&amp#27;[0;39m &amp#27;[2m[           main]&amp#27;[0;39m &amp#27;[2m&amp#27;[0;39m&amp#27;[36morg.hibernate.SQL                       &amp#27;[0;39m &amp#27;[2m:&amp#27;[0;39m 
    /* insert for
        com.cufre.expedientes.model.Delito */insert 
    into
        delito (actualizado_en, codigo_penal, creado_en, descripcion, nombre, pena_maxima, pena_minima, tipo_pena, valoracion, id) 
    values
        (?, ?, ?, ?, ?, ?, ?, ?, ?, ?)
Hibernate: 
    /* insert for
        com.cufre.expedientes.model.Delito */insert 
    into
        delito (actualizado_en, codigo_penal, creado_en, descripcion, nombre, pena_maxima, pena_minima, tipo_pena, valoracion, id) 
    values
        (?, ?, ?, ?, ?, ?, ?, ?, ?, ?)
&amp#27;[2m2025-05-11T11:17:46.845-03:00&amp#27;[0;39m &amp#27;[32m INFO&amp#27;[0;39m &amp#27;[35m16907&amp#27;[0;39m &amp#27;[2m---&amp#27;[0;39m &amp#27;[2m[           main]&amp#27;[0;39m &amp#27;[2m&amp#27;[0;39m&amp#27;[36mi.StatisticalLoggingSessionEventListener&amp#27;[0;39m &amp#27;[2m:&amp#27;[0;39m Session Metrics {
    5708 nanoseconds spent acquiring 1 JDBC connections;
    0 nanoseconds spent releasing 0 JDBC connections;
    18542 nanoseconds spent preparing 2 JDBC statements;
    327792 nanoseconds spent executing 1 JDBC statements;
    578625 nanoseconds spent executing 1 JDBC batches;
    0 nanoseconds spent performing 0 L2C puts;
    0 nanoseconds spent performing 0 L2C hits;
    0 nanoseconds spent performing 0 L2C misses;
    1063166 nanoseconds spent executing 1 flushes (flushing a total of 1 entities and 1 collections);
    0 nanoseconds spent executing 0 partial-flushes (flushing a total of 0 entities and 0 collections)
}
&amp#27;[2m2025-05-11T11:17:46.846-03:00&amp#27;[0;39m &amp#27;[32mDEBUG&amp#27;[0;39m &amp#27;[35m16907&amp#27;[0;39m &amp#27;[2m---&amp#27;[0;39m &amp#27;[2m[           main]&amp#27;[0;39m &amp#27;[2m&amp#27;[0;39m&amp#27;[36morg.hibernate.SQL                       &amp#27;[0;39m &amp#27;[2m:&amp#27;[0;39m 
    /* <criteria> */ select
        d1_0.id,
        d1_0.actualizado_en,
        d1_0.codigo_penal,
        d1_0.creado_en,
        d1_0.descripcion,
        d1_0.nombre,
        d1_0.pena_maxima,
        d1_0.pena_minima,
        d1_0.tipo_pena,
        d1_0.valoracion 
    from
        delito d1_0 
    where
        upper(d1_0.nombre) like upper(?) escape '\'
Hibernate: 
    /* <criteria> */ select
        d1_0.id,
        d1_0.actualizado_en,
        d1_0.codigo_penal,
        d1_0.creado_en,
        d1_0.descripcion,
        d1_0.nombre,
        d1_0.pena_maxima,
        d1_0.pena_minima,
        d1_0.tipo_pena,
        d1_0.valoracion 
    from
        delito d1_0 
    where
        upper(d1_0.nombre) like upper(?) escape '\'
&amp#27;[2m2025-05-11T11:17:46.847-03:00&amp#27;[0;39m &amp#27;[32m INFO&amp#27;[0;39m &amp#27;[35m16907&amp#27;[0;39m &amp#27;[2m---&amp#27;[0;39m &amp#27;[2m[           main]&amp#27;[0;39m &amp#27;[2m&amp#27;[0;39m&amp#27;[36mi.StatisticalLoggingSessionEventListener&amp#27;[0;39m &amp#27;[2m:&amp#27;[0;39m Session Metrics {
    8750 nanoseconds spent acquiring 1 JDBC connections;
    0 nanoseconds spent releasing 0 JDBC connections;
    26292 nanoseconds spent preparing 1 JDBC statements;
    895459 nanoseconds spent executing 1 JDBC statements;
    0 nanoseconds spent executing 0 JDBC batches;
    0 nanoseconds spent performing 0 L2C puts;
    0 nanoseconds spent performing 0 L2C hits;
    0 nanoseconds spent performing 0 L2C misses;
    0 nanoseconds spent executing 0 flushes (flushing a total of 0 entities and 0 collections);
    0 nanoseconds spent executing 0 partial-flushes (flushing a total of 0 entities and 0 collections)
}
&amp#27;[2m2025-05-11T11:17:46.848-03:00&amp#27;[0;39m &amp#27;[32mDEBUG&amp#27;[0;39m &amp#27;[35m16907&amp#27;[0;39m &amp#27;[2m---&amp#27;[0;39m &amp#27;[2m[           main]&amp#27;[0;39m &amp#27;[2m&amp#27;[0;39m&amp#27;[36morg.hibernate.SQL                       &amp#27;[0;39m &amp#27;[2m:&amp#27;[0;39m 
    select
        seq_delito.nextval 
    from
        dual
Hibernate: 
    select
        seq_delito.nextval 
    from
        dual
&amp#27;[2m2025-05-11T11:17:46.848-03:00&amp#27;[0;39m &amp#27;[32mDEBUG&amp#27;[0;39m &amp#27;[35m16907&amp#27;[0;39m &amp#27;[2m---&amp#27;[0;39m &amp#27;[2m[           main]&amp#27;[0;39m &amp#27;[2m&amp#27;[0;39m&amp#27;[36morg.hibernate.SQL                       &amp#27;[0;39m &amp#27;[2m:&amp#27;[0;39m 
    /* insert for
        com.cufre.expedientes.model.Delito */insert 
    into
        delito (actualizado_en, codigo_penal, creado_en, descripcion, nombre, pena_maxima, pena_minima, tipo_pena, valoracion, id) 
    values
        (?, ?, ?, ?, ?, ?, ?, ?, ?, ?)
Hibernate: 
    /* insert for
        com.cufre.expedientes.model.Delito */insert 
    into
        delito (actualizado_en, codigo_penal, creado_en, descripcion, nombre, pena_maxima, pena_minima, tipo_pena, valoracion, id) 
    values
        (?, ?, ?, ?, ?, ?, ?, ?, ?, ?)
&amp#27;[2m2025-05-11T11:17:46.850-03:00&amp#27;[0;39m &amp#27;[32m INFO&amp#27;[0;39m &amp#27;[35m16907&amp#27;[0;39m &amp#27;[2m---&amp#27;[0;39m &amp#27;[2m[           main]&amp#27;[0;39m &amp#27;[2m&amp#27;[0;39m&amp#27;[36mi.StatisticalLoggingSessionEventListener&amp#27;[0;39m &amp#27;[2m:&amp#27;[0;39m Session Metrics {
    5459 nanoseconds spent acquiring 1 JDBC connections;
    0 nanoseconds spent releasing 0 JDBC connections;
    19917 nanoseconds spent preparing 2 JDBC statements;
    281291 nanoseconds spent executing 1 JDBC statements;
    516042 nanoseconds spent executing 1 JDBC batches;
    0 nanoseconds spent performing 0 L2C puts;
    0 nanoseconds spent performing 0 L2C hits;
    0 nanoseconds spent performing 0 L2C misses;
    913833 nanoseconds spent executing 1 flushes (flushing a total of 1 entities and 1 collections);
    0 nanoseconds spent executing 0 partial-flushes (flushing a total of 0 entities and 0 collections)
}
&amp#27;[2m2025-05-11T11:17:46.850-03:00&amp#27;[0;39m &amp#27;[32mDEBUG&amp#27;[0;39m &amp#27;[35m16907&amp#27;[0;39m &amp#27;[2m---&amp#27;[0;39m &amp#27;[2m[           main]&amp#27;[0;39m &amp#27;[2m&amp#27;[0;39m&amp#27;[36morg.hibernate.SQL                       &amp#27;[0;39m &amp#27;[2m:&amp#27;[0;39m 
    /* <criteria> */ select
        d1_0.id,
        d1_0.actualizado_en,
        d1_0.codigo_penal,
        d1_0.creado_en,
        d1_0.descripcion,
        d1_0.nombre,
        d1_0.pena_maxima,
        d1_0.pena_minima,
        d1_0.tipo_pena,
        d1_0.valoracion 
    from
        delito d1_0 
    where
        upper(d1_0.nombre) like upper(?) escape '\'
Hibernate: 
    /* <criteria> */ select
        d1_0.id,
        d1_0.actualizado_en,
        d1_0.codigo_penal,
        d1_0.creado_en,
        d1_0.descripcion,
        d1_0.nombre,
        d1_0.pena_maxima,
        d1_0.pena_minima,
        d1_0.tipo_pena,
        d1_0.valoracion 
    from
        delito d1_0 
    where
        upper(d1_0.nombre) like upper(?) escape '\'
&amp#27;[2m2025-05-11T11:17:46.851-03:00&amp#27;[0;39m &amp#27;[32m INFO&amp#27;[0;39m &amp#27;[35m16907&amp#27;[0;39m &amp#27;[2m---&amp#27;[0;39m &amp#27;[2m[           main]&amp#27;[0;39m &amp#27;[2m&amp#27;[0;39m&amp#27;[36mi.StatisticalLoggingSessionEventListener&amp#27;[0;39m &amp#27;[2m:&amp#27;[0;39m Session Metrics {
    7667 nanoseconds spent acquiring 1 JDBC connections;
    0 nanoseconds spent releasing 0 JDBC connections;
    25334 nanoseconds spent preparing 1 JDBC statements;
    869333 nanoseconds spent executing 1 JDBC statements;
    0 nanoseconds spent executing 0 JDBC batches;
    0 nanoseconds spent performing 0 L2C puts;
    0 nanoseconds spent performing 0 L2C hits;
    0 nanoseconds spent performing 0 L2C misses;
    0 nanoseconds spent executing 0 flushes (flushing a total of 0 entities and 0 collections);
    0 nanoseconds spent executing 0 partial-flushes (flushing a total of 0 entities and 0 collections)
}
&amp#27;[2m2025-05-11T11:17:46.852-03:00&amp#27;[0;39m &amp#27;[32mDEBUG&amp#27;[0;39m &amp#27;[35m16907&amp#27;[0;39m &amp#27;[2m---&amp#27;[0;39m &amp#27;[2m[           main]&amp#27;[0;39m &amp#27;[2m&amp#27;[0;39m&amp#27;[36morg.hibernate.SQL                       &amp#27;[0;39m &amp#27;[2m:&amp#27;[0;39m 
    select
        seq_delito.nextval 
    from
        dual
Hibernate: 
    select
        seq_delito.nextval 
    from
        dual
&amp#27;[2m2025-05-11T11:17:46.852-03:00&amp#27;[0;39m &amp#27;[32mDEBUG&amp#27;[0;39m &amp#27;[35m16907&amp#27;[0;39m &amp#27;[2m---&amp#27;[0;39m &amp#27;[2m[           main]&amp#27;[0;39m &amp#27;[2m&amp#27;[0;39m&amp#27;[36morg.hibernate.SQL                       &amp#27;[0;39m &amp#27;[2m:&amp#27;[0;39m 
    /* insert for
        com.cufre.expedientes.model.Delito */insert 
    into
        delito (actualizado_en, codigo_penal, creado_en, descripcion, nombre, pena_maxima, pena_minima, tipo_pena, valoracion, id) 
    values
        (?, ?, ?, ?, ?, ?, ?, ?, ?, ?)
Hibernate: 
    /* insert for
        com.cufre.expedientes.model.Delito */insert 
    into
        delito (actualizado_en, codigo_penal, creado_en, descripcion, nombre, pena_maxima, pena_minima, tipo_pena, valoracion, id) 
    values
        (?, ?, ?, ?, ?, ?, ?, ?, ?, ?)
&amp#27;[2m2025-05-11T11:17:46.859-03:00&amp#27;[0;39m &amp#27;[32m INFO&amp#27;[0;39m &amp#27;[35m16907&amp#27;[0;39m &amp#27;[2m---&amp#27;[0;39m &amp#27;[2m[           main]&amp#27;[0;39m &amp#27;[2m&amp#27;[0;39m&amp#27;[36mi.StatisticalLoggingSessionEventListener&amp#27;[0;39m &amp#27;[2m:&amp#27;[0;39m Session Metrics {
    5833 nanoseconds spent acquiring 1 JDBC connections;
    0 nanoseconds spent releasing 0 JDBC connections;
    20418 nanoseconds spent preparing 2 JDBC statements;
    295459 nanoseconds spent executing 1 JDBC statements;
    5542000 nanoseconds spent executing 1 JDBC batches;
    0 nanoseconds spent performing 0 L2C puts;
    0 nanoseconds spent performing 0 L2C hits;
    0 nanoseconds spent performing 0 L2C misses;
    5972000 nanoseconds spent executing 1 flushes (flushing a total of 1 entities and 1 collections);
    0 nanoseconds spent executing 0 partial-flushes (flushing a total of 0 entities and 0 collections)
}
&amp#27;[2m2025-05-11T11:17:46.860-03:00&amp#27;[0;39m &amp#27;[32mDEBUG&amp#27;[0;39m &amp#27;[35m16907&amp#27;[0;39m &amp#27;[2m---&amp#27;[0;39m &amp#27;[2m[           main]&amp#27;[0;39m &amp#27;[2m&amp#27;[0;39m&amp#27;[36morg.hibernate.SQL                       &amp#27;[0;39m &amp#27;[2m:&amp#27;[0;39m 
    /* <criteria> */ select
        d1_0.id,
        d1_0.actualizado_en,
        d1_0.codigo_penal,
        d1_0.creado_en,
        d1_0.descripcion,
        d1_0.nombre,
        d1_0.pena_maxima,
        d1_0.pena_minima,
        d1_0.tipo_pena,
        d1_0.valoracion 
    from
        delito d1_0 
    where
        upper(d1_0.nombre) like upper(?) escape '\'
Hibernate: 
    /* <criteria> */ select
        d1_0.id,
        d1_0.actualizado_en,
        d1_0.codigo_penal,
        d1_0.creado_en,
        d1_0.descripcion,
        d1_0.nombre,
        d1_0.pena_maxima,
        d1_0.pena_minima,
        d1_0.tipo_pena,
        d1_0.valoracion 
    from
        delito d1_0 
    where
        upper(d1_0.nombre) like upper(?) escape '\'
&amp#27;[2m2025-05-11T11:17:46.861-03:00&amp#27;[0;39m &amp#27;[32m INFO&amp#27;[0;39m &amp#27;[35m16907&amp#27;[0;39m &amp#27;[2m---&amp#27;[0;39m &amp#27;[2m[           main]&amp#27;[0;39m &amp#27;[2m&amp#27;[0;39m&amp#27;[36mi.StatisticalLoggingSessionEventListener&amp#27;[0;39m &amp#27;[2m:&amp#27;[0;39m Session Metrics {
    9500 nanoseconds spent acquiring 1 JDBC connections;
    0 nanoseconds spent releasing 0 JDBC connections;
    30500 nanoseconds spent preparing 1 JDBC statements;
    935625 nanoseconds spent executing 1 JDBC statements;
    0 nanoseconds spent executing 0 JDBC batches;
    0 nanoseconds spent performing 0 L2C puts;
    0 nanoseconds spent performing 0 L2C hits;
    0 nanoseconds spent performing 0 L2C misses;
    0 nanoseconds spent executing 0 flushes (flushing a total of 0 entities and 0 collections);
    0 nanoseconds spent executing 0 partial-flushes (flushing a total of 0 entities and 0 collections)
}
&amp#27;[2m2025-05-11T11:17:46.862-03:00&amp#27;[0;39m &amp#27;[32mDEBUG&amp#27;[0;39m &amp#27;[35m16907&amp#27;[0;39m &amp#27;[2m---&amp#27;[0;39m &amp#27;[2m[           main]&amp#27;[0;39m &amp#27;[2m&amp#27;[0;39m&amp#27;[36morg.hibernate.SQL                       &amp#27;[0;39m &amp#27;[2m:&amp#27;[0;39m 
    select
        seq_delito.nextval 
    from
        dual
Hibernate: 
    select
        seq_delito.nextval 
    from
        dual
&amp#27;[2m2025-05-11T11:17:46.862-03:00&amp#27;[0;39m &amp#27;[32mDEBUG&amp#27;[0;39m &amp#27;[35m16907&amp#27;[0;39m &amp#27;[2m---&amp#27;[0;39m &amp#27;[2m[           main]&amp#27;[0;39m &amp#27;[2m&amp#27;[0;39m&amp#27;[36morg.hibernate.SQL                       &amp#27;[0;39m &amp#27;[2m:&amp#27;[0;39m 
    /* insert for
        com.cufre.expedientes.model.Delito */insert 
    into
        delito (actualizado_en, codigo_penal, creado_en, descripcion, nombre, pena_maxima, pena_minima, tipo_pena, valoracion, id) 
    values
        (?, ?, ?, ?, ?, ?, ?, ?, ?, ?)
Hibernate: 
    /* insert for
        com.cufre.expedientes.model.Delito */insert 
    into
        delito (actualizado_en, codigo_penal, creado_en, descripcion, nombre, pena_maxima, pena_minima, tipo_pena, valoracion, id) 
    values
        (?, ?, ?, ?, ?, ?, ?, ?, ?, ?)
&amp#27;[2m2025-05-11T11:17:46.865-03:00&amp#27;[0;39m &amp#27;[32m INFO&amp#27;[0;39m &amp#27;[35m16907&amp#27;[0;39m &amp#27;[2m---&amp#27;[0;39m &amp#27;[2m[           main]&amp#27;[0;39m &amp#27;[2m&amp#27;[0;39m&amp#27;[36mi.StatisticalLoggingSessionEventListener&amp#27;[0;39m &amp#27;[2m:&amp#27;[0;39m Session Metrics {
    5792 nanoseconds spent acquiring 1 JDBC connections;
    0 nanoseconds spent releasing 0 JDBC connections;
    20167 nanoseconds spent preparing 2 JDBC statements;
    356333 nanoseconds spent executing 1 JDBC statements;
    1632459 nanoseconds spent executing 1 JDBC batches;
    0 nanoseconds spent performing 0 L2C puts;
    0 nanoseconds spent performing 0 L2C hits;
    0 nanoseconds spent performing 0 L2C misses;
    2008333 nanoseconds spent executing 1 flushes (flushing a total of 1 entities and 1 collections);
    0 nanoseconds spent executing 0 partial-flushes (flushing a total of 0 entities and 0 collections)
}
&amp#27;[2m2025-05-11T11:17:46.865-03:00&amp#27;[0;39m &amp#27;[32mDEBUG&amp#27;[0;39m &amp#27;[35m16907&amp#27;[0;39m &amp#27;[2m---&amp#27;[0;39m &amp#27;[2m[           main]&amp#27;[0;39m &amp#27;[2m&amp#27;[0;39m&amp#27;[36morg.hibernate.SQL                       &amp#27;[0;39m &amp#27;[2m:&amp#27;[0;39m 
    /* <criteria> */ select
        d1_0.id,
        d1_0.actualizado_en,
        d1_0.codigo_penal,
        d1_0.creado_en,
        d1_0.descripcion,
        d1_0.nombre,
        d1_0.pena_maxima,
        d1_0.pena_minima,
        d1_0.tipo_pena,
        d1_0.valoracion 
    from
        delito d1_0 
    where
        upper(d1_0.nombre) like upper(?) escape '\'
Hibernate: 
    /* <criteria> */ select
        d1_0.id,
        d1_0.actualizado_en,
        d1_0.codigo_penal,
        d1_0.creado_en,
        d1_0.descripcion,
        d1_0.nombre,
        d1_0.pena_maxima,
        d1_0.pena_minima,
        d1_0.tipo_pena,
        d1_0.valoracion 
    from
        delito d1_0 
    where
        upper(d1_0.nombre) like upper(?) escape '\'
&amp#27;[2m2025-05-11T11:17:46.867-03:00&amp#27;[0;39m &amp#27;[32m INFO&amp#27;[0;39m &amp#27;[35m16907&amp#27;[0;39m &amp#27;[2m---&amp#27;[0;39m &amp#27;[2m[           main]&amp#27;[0;39m &amp#27;[2m&amp#27;[0;39m&amp#27;[36mi.StatisticalLoggingSessionEventListener&amp#27;[0;39m &amp#27;[2m:&amp#27;[0;39m Session Metrics {
    8083 nanoseconds spent acquiring 1 JDBC connections;
    0 nanoseconds spent releasing 0 JDBC connections;
    21500 nanoseconds spent preparing 1 JDBC statements;
    899125 nanoseconds spent executing 1 JDBC statements;
    0 nanoseconds spent executing 0 JDBC batches;
    0 nanoseconds spent performing 0 L2C puts;
    0 nanoseconds spent performing 0 L2C hits;
    0 nanoseconds spent performing 0 L2C misses;
    0 nanoseconds spent executing 0 flushes (flushing a total of 0 entities and 0 collections);
    0 nanoseconds spent executing 0 partial-flushes (flushing a total of 0 entities and 0 collections)
}
&amp#27;[2m2025-05-11T11:17:46.867-03:00&amp#27;[0;39m &amp#27;[32mDEBUG&amp#27;[0;39m &amp#27;[35m16907&amp#27;[0;39m &amp#27;[2m---&amp#27;[0;39m &amp#27;[2m[           main]&amp#27;[0;39m &amp#27;[2m&amp#27;[0;39m&amp#27;[36morg.hibernate.SQL                       &amp#27;[0;39m &amp#27;[2m:&amp#27;[0;39m 
    select
        seq_delito.nextval 
    from
        dual
Hibernate: 
    select
        seq_delito.nextval 
    from
        dual
&amp#27;[2m2025-05-11T11:17:46.868-03:00&amp#27;[0;39m &amp#27;[32mDEBUG&amp#27;[0;39m &amp#27;[35m16907&amp#27;[0;39m &amp#27;[2m---&amp#27;[0;39m &amp#27;[2m[           main]&amp#27;[0;39m &amp#27;[2m&amp#27;[0;39m&amp#27;[36morg.hibernate.SQL                       &amp#27;[0;39m &amp#27;[2m:&amp#27;[0;39m 
    /* insert for
        com.cufre.expedientes.model.Delito */insert 
    into
        delito (actualizado_en, codigo_penal, creado_en, descripcion, nombre, pena_maxima, pena_minima, tipo_pena, valoracion, id) 
    values
        (?, ?, ?, ?, ?, ?, ?, ?, ?, ?)
Hibernate: 
    /* insert for
        com.cufre.expedientes.model.Delito */insert 
    into
        delito (actualizado_en, codigo_penal, creado_en, descripcion, nombre, pena_maxima, pena_minima, tipo_pena, valoracion, id) 
    values
        (?, ?, ?, ?, ?, ?, ?, ?, ?, ?)
&amp#27;[2m2025-05-11T11:17:46.870-03:00&amp#27;[0;39m &amp#27;[32m INFO&amp#27;[0;39m &amp#27;[35m16907&amp#27;[0;39m &amp#27;[2m---&amp#27;[0;39m &amp#27;[2m[           main]&amp#27;[0;39m &amp#27;[2m&amp#27;[0;39m&amp#27;[36mi.StatisticalLoggingSessionEventListener&amp#27;[0;39m &amp#27;[2m:&amp#27;[0;39m Session Metrics {
    5833 nanoseconds spent acquiring 1 JDBC connections;
    0 nanoseconds spent releasing 0 JDBC connections;
    19334 nanoseconds spent preparing 2 JDBC statements;
    324833 nanoseconds spent executing 1 JDBC statements;
    892125 nanoseconds spent executing 1 JDBC batches;
    0 nanoseconds spent performing 0 L2C puts;
    0 nanoseconds spent performing 0 L2C hits;
    0 nanoseconds spent performing 0 L2C misses;
    1261417 nanoseconds spent executing 1 flushes (flushing a total of 1 entities and 1 collections);
    0 nanoseconds spent executing 0 partial-flushes (flushing a total of 0 entities and 0 collections)
}
&amp#27;[2m2025-05-11T11:17:46.870-03:00&amp#27;[0;39m &amp#27;[32mDEBUG&amp#27;[0;39m &amp#27;[35m16907&amp#27;[0;39m &amp#27;[2m---&amp#27;[0;39m &amp#27;[2m[           main]&amp#27;[0;39m &amp#27;[2m&amp#27;[0;39m&amp#27;[36morg.hibernate.SQL                       &amp#27;[0;39m &amp#27;[2m:&amp#27;[0;39m 
    /* <criteria> */ select
        d1_0.id,
        d1_0.actualizado_en,
        d1_0.codigo_penal,
        d1_0.creado_en,
        d1_0.descripcion,
        d1_0.nombre,
        d1_0.pena_maxima,
        d1_0.pena_minima,
        d1_0.tipo_pena,
        d1_0.valoracion 
    from
        delito d1_0 
    where
        upper(d1_0.nombre) like upper(?) escape '\'
Hibernate: 
    /* <criteria> */ select
        d1_0.id,
        d1_0.actualizado_en,
        d1_0.codigo_penal,
        d1_0.creado_en,
        d1_0.descripcion,
        d1_0.nombre,
        d1_0.pena_maxima,
        d1_0.pena_minima,
        d1_0.tipo_pena,
        d1_0.valoracion 
    from
        delito d1_0 
    where
        upper(d1_0.nombre) like upper(?) escape '\'
&amp#27;[2m2025-05-11T11:17:46.871-03:00&amp#27;[0;39m &amp#27;[32m INFO&amp#27;[0;39m &amp#27;[35m16907&amp#27;[0;39m &amp#27;[2m---&amp#27;[0;39m &amp#27;[2m[           main]&amp#27;[0;39m &amp#27;[2m&amp#27;[0;39m&amp#27;[36mi.StatisticalLoggingSessionEventListener&amp#27;[0;39m &amp#27;[2m:&amp#27;[0;39m Session Metrics {
    7833 nanoseconds spent acquiring 1 JDBC connections;
    0 nanoseconds spent releasing 0 JDBC connections;
    21250 nanoseconds spent preparing 1 JDBC statements;
    895708 nanoseconds spent executing 1 JDBC statements;
    0 nanoseconds spent executing 0 JDBC batches;
    0 nanoseconds spent performing 0 L2C puts;
    0 nanoseconds spent performing 0 L2C hits;
    0 nanoseconds spent performing 0 L2C misses;
    0 nanoseconds spent executing 0 flushes (flushing a total of 0 entities and 0 collections);
    0 nanoseconds spent executing 0 partial-flushes (flushing a total of 0 entities and 0 collections)
}
&amp#27;[2m2025-05-11T11:17:46.872-03:00&amp#27;[0;39m &amp#27;[32mDEBUG&amp#27;[0;39m &amp#27;[35m16907&amp#27;[0;39m &amp#27;[2m---&amp#27;[0;39m &amp#27;[2m[           main]&amp#27;[0;39m &amp#27;[2m&amp#27;[0;39m&amp#27;[36morg.hibernate.SQL                       &amp#27;[0;39m &amp#27;[2m:&amp#27;[0;39m 
    select
        seq_delito.nextval 
    from
        dual
Hibernate: 
    select
        seq_delito.nextval 
    from
        dual
&amp#27;[2m2025-05-11T11:17:46.872-03:00&amp#27;[0;39m &amp#27;[32mDEBUG&amp#27;[0;39m &amp#27;[35m16907&amp#27;[0;39m &amp#27;[2m---&amp#27;[0;39m &amp#27;[2m[           main]&amp#27;[0;39m &amp#27;[2m&amp#27;[0;39m&amp#27;[36morg.hibernate.SQL                       &amp#27;[0;39m &amp#27;[2m:&amp#27;[0;39m 
    /* insert for
        com.cufre.expedientes.model.Delito */insert 
    into
        delito (actualizado_en, codigo_penal, creado_en, descripcion, nombre, pena_maxima, pena_minima, tipo_pena, valoracion, id) 
    values
        (?, ?, ?, ?, ?, ?, ?, ?, ?, ?)
Hibernate: 
    /* insert for
        com.cufre.expedientes.model.Delito */insert 
    into
        delito (actualizado_en, codigo_penal, creado_en, descripcion, nombre, pena_maxima, pena_minima, tipo_pena, valoracion, id) 
    values
        (?, ?, ?, ?, ?, ?, ?, ?, ?, ?)
&amp#27;[2m2025-05-11T11:17:46.874-03:00&amp#27;[0;39m &amp#27;[32m INFO&amp#27;[0;39m &amp#27;[35m16907&amp#27;[0;39m &amp#27;[2m---&amp#27;[0;39m &amp#27;[2m[           main]&amp#27;[0;39m &amp#27;[2m&amp#27;[0;39m&amp#27;[36mi.StatisticalLoggingSessionEventListener&amp#27;[0;39m &amp#27;[2m:&amp#27;[0;39m Session Metrics {
    6000 nanoseconds spent acquiring 1 JDBC connections;
    0 nanoseconds spent releasing 0 JDBC connections;
    18875 nanoseconds spent preparing 2 JDBC statements;
    336333 nanoseconds spent executing 1 JDBC statements;
    461708 nanoseconds spent executing 1 JDBC batches;
    0 nanoseconds spent performing 0 L2C puts;
    0 nanoseconds spent performing 0 L2C hits;
    0 nanoseconds spent performing 0 L2C misses;
    841916 nanoseconds spent executing 1 flushes (flushing a total of 1 entities and 1 collections);
    0 nanoseconds spent executing 0 partial-flushes (flushing a total of 0 entities and 0 collections)
}
&amp#27;[2m2025-05-11T11:17:46.874-03:00&amp#27;[0;39m &amp#27;[32mDEBUG&amp#27;[0;39m &amp#27;[35m16907&amp#27;[0;39m &amp#27;[2m---&amp#27;[0;39m &amp#27;[2m[           main]&amp#27;[0;39m &amp#27;[2m&amp#27;[0;39m&amp#27;[36morg.hibernate.SQL                       &amp#27;[0;39m &amp#27;[2m:&amp#27;[0;39m 
    /* <criteria> */ select
        d1_0.id,
        d1_0.actualizado_en,
        d1_0.codigo_penal,
        d1_0.creado_en,
        d1_0.descripcion,
        d1_0.nombre,
        d1_0.pena_maxima,
        d1_0.pena_minima,
        d1_0.tipo_pena,
        d1_0.valoracion 
    from
        delito d1_0 
    where
        upper(d1_0.nombre) like upper(?) escape '\'
Hibernate: 
    /* <criteria> */ select
        d1_0.id,
        d1_0.actualizado_en,
        d1_0.codigo_penal,
        d1_0.creado_en,
        d1_0.descripcion,
        d1_0.nombre,
        d1_0.pena_maxima,
        d1_0.pena_minima,
        d1_0.tipo_pena,
        d1_0.valoracion 
    from
        delito d1_0 
    where
        upper(d1_0.nombre) like upper(?) escape '\'
&amp#27;[2m2025-05-11T11:17:46.875-03:00&amp#27;[0;39m &amp#27;[32m INFO&amp#27;[0;39m &amp#27;[35m16907&amp#27;[0;39m &amp#27;[2m---&amp#27;[0;39m &amp#27;[2m[           main]&amp#27;[0;39m &amp#27;[2m&amp#27;[0;39m&amp#27;[36mi.StatisticalLoggingSessionEventListener&amp#27;[0;39m &amp#27;[2m:&amp#27;[0;39m Session Metrics {
    19834 nanoseconds spent acquiring 1 JDBC connections;
    0 nanoseconds spent releasing 0 JDBC connections;
    33459 nanoseconds spent preparing 1 JDBC statements;
    822334 nanoseconds spent executing 1 JDBC statements;
    0 nanoseconds spent executing 0 JDBC batches;
    0 nanoseconds spent performing 0 L2C puts;
    0 nanoseconds spent performing 0 L2C hits;
    0 nanoseconds spent performing 0 L2C misses;
    0 nanoseconds spent executing 0 flushes (flushing a total of 0 entities and 0 collections);
    0 nanoseconds spent executing 0 partial-flushes (flushing a total of 0 entities and 0 collections)
}
&amp#27;[2m2025-05-11T11:17:46.876-03:00&amp#27;[0;39m &amp#27;[32mDEBUG&amp#27;[0;39m &amp#27;[35m16907&amp#27;[0;39m &amp#27;[2m---&amp#27;[0;39m &amp#27;[2m[           main]&amp#27;[0;39m &amp#27;[2m&amp#27;[0;39m&amp#27;[36morg.hibernate.SQL                       &amp#27;[0;39m &amp#27;[2m:&amp#27;[0;39m 
    /* <criteria> */ select
        d1_0.id,
        d1_0.actualizado_en,
        d1_0.codigo_penal,
        d1_0.creado_en,
        d1_0.descripcion,
        d1_0.nombre,
        d1_0.pena_maxima,
        d1_0.pena_minima,
        d1_0.tipo_pena,
        d1_0.valoracion 
    from
        delito d1_0 
    where
        upper(d1_0.nombre) like upper(?) escape '\'
Hibernate: 
    /* <criteria> */ select
        d1_0.id,
        d1_0.actualizado_en,
        d1_0.codigo_penal,
        d1_0.creado_en,
        d1_0.descripcion,
        d1_0.nombre,
        d1_0.pena_maxima,
        d1_0.pena_minima,
        d1_0.tipo_pena,
        d1_0.valoracion 
    from
        delito d1_0 
    where
        upper(d1_0.nombre) like upper(?) escape '\'
&amp#27;[2m2025-05-11T11:17:46.877-03:00&amp#27;[0;39m &amp#27;[32m INFO&amp#27;[0;39m &amp#27;[35m16907&amp#27;[0;39m &amp#27;[2m---&amp#27;[0;39m &amp#27;[2m[           main]&amp#27;[0;39m &amp#27;[2m&amp#27;[0;39m&amp#27;[36mi.StatisticalLoggingSessionEventListener&amp#27;[0;39m &amp#27;[2m:&amp#27;[0;39m Session Metrics {
    14333 nanoseconds spent acquiring 1 JDBC connections;
    0 nanoseconds spent releasing 0 JDBC connections;
    27791 nanoseconds spent preparing 1 JDBC statements;
    905958 nanoseconds spent executing 1 JDBC statements;
    0 nanoseconds spent executing 0 JDBC batches;
    0 nanoseconds spent performing 0 L2C puts;
    0 nanoseconds spent performing 0 L2C hits;
    0 nanoseconds spent performing 0 L2C misses;
    0 nanoseconds spent executing 0 flushes (flushing a total of 0 entities and 0 collections);
    0 nanoseconds spent executing 0 partial-flushes (flushing a total of 0 entities and 0 collections)
}
&amp#27;[2m2025-05-11T11:17:46.878-03:00&amp#27;[0;39m &amp#27;[32mDEBUG&amp#27;[0;39m &amp#27;[35m16907&amp#27;[0;39m &amp#27;[2m---&amp#27;[0;39m &amp#27;[2m[           main]&amp#27;[0;39m &amp#27;[2m&amp#27;[0;39m&amp#27;[36morg.hibernate.SQL                       &amp#27;[0;39m &amp#27;[2m:&amp#27;[0;39m 
    /* <criteria> */ select
        d1_0.id,
        d1_0.actualizado_en,
        d1_0.codigo_penal,
        d1_0.creado_en,
        d1_0.descripcion,
        d1_0.nombre,
        d1_0.pena_maxima,
        d1_0.pena_minima,
        d1_0.tipo_pena,
        d1_0.valoracion 
    from
        delito d1_0 
    where
        upper(d1_0.nombre) like upper(?) escape '\'
Hibernate: 
    /* <criteria> */ select
        d1_0.id,
        d1_0.actualizado_en,
        d1_0.codigo_penal,
        d1_0.creado_en,
        d1_0.descripcion,
        d1_0.nombre,
        d1_0.pena_maxima,
        d1_0.pena_minima,
        d1_0.tipo_pena,
        d1_0.valoracion 
    from
        delito d1_0 
    where
        upper(d1_0.nombre) like upper(?) escape '\'
&amp#27;[2m2025-05-11T11:17:46.879-03:00&amp#27;[0;39m &amp#27;[32m INFO&amp#27;[0;39m &amp#27;[35m16907&amp#27;[0;39m &amp#27;[2m---&amp#27;[0;39m &amp#27;[2m[           main]&amp#27;[0;39m &amp#27;[2m&amp#27;[0;39m&amp#27;[36mi.StatisticalLoggingSessionEventListener&amp#27;[0;39m &amp#27;[2m:&amp#27;[0;39m Session Metrics {
    21416 nanoseconds spent acquiring 1 JDBC connections;
    0 nanoseconds spent releasing 0 JDBC connections;
    35959 nanoseconds spent preparing 1 JDBC statements;
    857416 nanoseconds spent executing 1 JDBC statements;
    0 nanoseconds spent executing 0 JDBC batches;
    0 nanoseconds spent performing 0 L2C puts;
    0 nanoseconds spent performing 0 L2C hits;
    0 nanoseconds spent performing 0 L2C misses;
    0 nanoseconds spent executing 0 flushes (flushing a total of 0 entities and 0 collections);
    0 nanoseconds spent executing 0 partial-flushes (flushing a total of 0 entities and 0 collections)
}
&amp#27;[2m2025-05-11T11:17:46.879-03:00&amp#27;[0;39m &amp#27;[32mDEBUG&amp#27;[0;39m &amp#27;[35m16907&amp#27;[0;39m &amp#27;[2m---&amp#27;[0;39m &amp#27;[2m[           main]&amp#27;[0;39m &amp#27;[2m&amp#27;[0;39m&amp#27;[36morg.hibernate.SQL                       &amp#27;[0;39m &amp#27;[2m:&amp#27;[0;39m 
    select
        seq_delito.nextval 
    from
        dual
Hibernate: 
    select
        seq_delito.nextval 
    from
        dual
&amp#27;[2m2025-05-11T11:17:46.880-03:00&amp#27;[0;39m &amp#27;[32mDEBUG&amp#27;[0;39m &amp#27;[35m16907&amp#27;[0;39m &amp#27;[2m---&amp#27;[0;39m &amp#27;[2m[           main]&amp#27;[0;39m &amp#27;[2m&amp#27;[0;39m&amp#27;[36morg.hibernate.SQL                       &amp#27;[0;39m &amp#27;[2m:&amp#27;[0;39m 
    /* insert for
        com.cufre.expedientes.model.Delito */insert 
    into
        delito (actualizado_en, codigo_penal, creado_en, descripcion, nombre, pena_maxima, pena_minima, tipo_pena, valoracion, id) 
    values
        (?, ?, ?, ?, ?, ?, ?, ?, ?, ?)
Hibernate: 
    /* insert for
        com.cufre.expedientes.model.Delito */insert 
    into
        delito (actualizado_en, codigo_penal, creado_en, descripcion, nombre, pena_maxima, pena_minima, tipo_pena, valoracion, id) 
    values
        (?, ?, ?, ?, ?, ?, ?, ?, ?, ?)
&amp#27;[2m2025-05-11T11:17:46.881-03:00&amp#27;[0;39m &amp#27;[32m INFO&amp#27;[0;39m &amp#27;[35m16907&amp#27;[0;39m &amp#27;[2m---&amp#27;[0;39m &amp#27;[2m[           main]&amp#27;[0;39m &amp#27;[2m&amp#27;[0;39m&amp#27;[36mi.StatisticalLoggingSessionEventListener&amp#27;[0;39m &amp#27;[2m:&amp#27;[0;39m Session Metrics {
    5542 nanoseconds spent acquiring 1 JDBC connections;
    0 nanoseconds spent releasing 0 JDBC connections;
    23375 nanoseconds spent preparing 2 JDBC statements;
    427834 nanoseconds spent executing 1 JDBC statements;
    385083 nanoseconds spent executing 1 JDBC batches;
    0 nanoseconds spent performing 0 L2C puts;
    0 nanoseconds spent performing 0 L2C hits;
    0 nanoseconds spent performing 0 L2C misses;
    739291 nanoseconds spent executing 1 flushes (flushing a total of 1 entities and 1 collections);
    0 nanoseconds spent executing 0 partial-flushes (flushing a total of 0 entities and 0 collections)
}
&amp#27;[2m2025-05-11T11:17:46.881-03:00&amp#27;[0;39m &amp#27;[32mDEBUG&amp#27;[0;39m &amp#27;[35m16907&amp#27;[0;39m &amp#27;[2m---&amp#27;[0;39m &amp#27;[2m[           main]&amp#27;[0;39m &amp#27;[2m&amp#27;[0;39m&amp#27;[36morg.hibernate.SQL                       &amp#27;[0;39m &amp#27;[2m:&amp#27;[0;39m 
    /* <criteria> */ select
        d1_0.id,
        d1_0.actualizado_en,
        d1_0.codigo_penal,
        d1_0.creado_en,
        d1_0.descripcion,
        d1_0.nombre,
        d1_0.pena_maxima,
        d1_0.pena_minima,
        d1_0.tipo_pena,
        d1_0.valoracion 
    from
        delito d1_0 
    where
        upper(d1_0.nombre) like upper(?) escape '\'
Hibernate: 
    /* <criteria> */ select
        d1_0.id,
        d1_0.actualizado_en,
        d1_0.codigo_penal,
        d1_0.creado_en,
        d1_0.descripcion,
        d1_0.nombre,
        d1_0.pena_maxima,
        d1_0.pena_minima,
        d1_0.tipo_pena,
        d1_0.valoracion 
    from
        delito d1_0 
    where
        upper(d1_0.nombre) like upper(?) escape '\'
&amp#27;[2m2025-05-11T11:17:46.882-03:00&amp#27;[0;39m &amp#27;[32m INFO&amp#27;[0;39m &amp#27;[35m16907&amp#27;[0;39m &amp#27;[2m---&amp#27;[0;39m &amp#27;[2m[           main]&amp#27;[0;39m &amp#27;[2m&amp#27;[0;39m&amp#27;[36mi.StatisticalLoggingSessionEventListener&amp#27;[0;39m &amp#27;[2m:&amp#27;[0;39m Session Metrics {
    7084 nanoseconds spent acquiring 1 JDBC connections;
    0 nanoseconds spent releasing 0 JDBC connections;
    19000 nanoseconds spent preparing 1 JDBC statements;
    773167 nanoseconds spent executing 1 JDBC statements;
    0 nanoseconds spent executing 0 JDBC batches;
    0 nanoseconds spent performing 0 L2C puts;
    0 nanoseconds spent performing 0 L2C hits;
    0 nanoseconds spent performing 0 L2C misses;
    0 nanoseconds spent executing 0 flushes (flushing a total of 0 entities and 0 collections);
    0 nanoseconds spent executing 0 partial-flushes (flushing a total of 0 entities and 0 collections)
}
&amp#27;[2m2025-05-11T11:17:46.883-03:00&amp#27;[0;39m &amp#27;[32mDEBUG&amp#27;[0;39m &amp#27;[35m16907&amp#27;[0;39m &amp#27;[2m---&amp#27;[0;39m &amp#27;[2m[           main]&amp#27;[0;39m &amp#27;[2m&amp#27;[0;39m&amp#27;[36morg.hibernate.SQL                       &amp#27;[0;39m &amp#27;[2m:&amp#27;[0;39m 
    select
        seq_delito.nextval 
    from
        dual
Hibernate: 
    select
        seq_delito.nextval 
    from
        dual
&amp#27;[2m2025-05-11T11:17:46.883-03:00&amp#27;[0;39m &amp#27;[32mDEBUG&amp#27;[0;39m &amp#27;[35m16907&amp#27;[0;39m &amp#27;[2m---&amp#27;[0;39m &amp#27;[2m[           main]&amp#27;[0;39m &amp#27;[2m&amp#27;[0;39m&amp#27;[36morg.hibernate.SQL                       &amp#27;[0;39m &amp#27;[2m:&amp#27;[0;39m 
    /* insert for
        com.cufre.expedientes.model.Delito */insert 
    into
        delito (actualizado_en, codigo_penal, creado_en, descripcion, nombre, pena_maxima, pena_minima, tipo_pena, valoracion, id) 
    values
        (?, ?, ?, ?, ?, ?, ?, ?, ?, ?)
Hibernate: 
    /* insert for
        com.cufre.expedientes.model.Delito */insert 
    into
        delito (actualizado_en, codigo_penal, creado_en, descripcion, nombre, pena_maxima, pena_minima, tipo_pena, valoracion, id) 
    values
        (?, ?, ?, ?, ?, ?, ?, ?, ?, ?)
&amp#27;[2m2025-05-11T11:17:46.885-03:00&amp#27;[0;39m &amp#27;[32m INFO&amp#27;[0;39m &amp#27;[35m16907&amp#27;[0;39m &amp#27;[2m---&amp#27;[0;39m &amp#27;[2m[           main]&amp#27;[0;39m &amp#27;[2m&amp#27;[0;39m&amp#27;[36mi.StatisticalLoggingSessionEventListener&amp#27;[0;39m &amp#27;[2m:&amp#27;[0;39m Session Metrics {
    8000 nanoseconds spent acquiring 1 JDBC connections;
    0 nanoseconds spent releasing 0 JDBC connections;
    25250 nanoseconds spent preparing 2 JDBC statements;
    292125 nanoseconds spent executing 1 JDBC statements;
    1008167 nanoseconds spent executing 1 JDBC batches;
    0 nanoseconds spent performing 0 L2C puts;
    0 nanoseconds spent performing 0 L2C hits;
    0 nanoseconds spent performing 0 L2C misses;
    1419875 nanoseconds spent executing 1 flushes (flushing a total of 1 entities and 1 collections);
    0 nanoseconds spent executing 0 partial-flushes (flushing a total of 0 entities and 0 collections)
}
&amp#27;[2m2025-05-11T11:17:46.886-03:00&amp#27;[0;39m &amp#27;[32mDEBUG&amp#27;[0;39m &amp#27;[35m16907&amp#27;[0;39m &amp#27;[2m---&amp#27;[0;39m &amp#27;[2m[           main]&amp#27;[0;39m &amp#27;[2m&amp#27;[0;39m&amp#27;[36morg.hibernate.SQL                       &amp#27;[0;39m &amp#27;[2m:&amp#27;[0;39m 
    /* <criteria> */ select
        d1_0.id,
        d1_0.actualizado_en,
        d1_0.codigo_penal,
        d1_0.creado_en,
        d1_0.descripcion,
        d1_0.nombre,
        d1_0.pena_maxima,
        d1_0.pena_minima,
        d1_0.tipo_pena,
        d1_0.valoracion 
    from
        delito d1_0 
    where
        upper(d1_0.nombre) like upper(?) escape '\'
Hibernate: 
    /* <criteria> */ select
        d1_0.id,
        d1_0.actualizado_en,
        d1_0.codigo_penal,
        d1_0.creado_en,
        d1_0.descripcion,
        d1_0.nombre,
        d1_0.pena_maxima,
        d1_0.pena_minima,
        d1_0.tipo_pena,
        d1_0.valoracion 
    from
        delito d1_0 
    where
        upper(d1_0.nombre) like upper(?) escape '\'
&amp#27;[2m2025-05-11T11:17:46.887-03:00&amp#27;[0;39m &amp#27;[32m INFO&amp#27;[0;39m &amp#27;[35m16907&amp#27;[0;39m &amp#27;[2m---&amp#27;[0;39m &amp#27;[2m[           main]&amp#27;[0;39m &amp#27;[2m&amp#27;[0;39m&amp#27;[36mi.StatisticalLoggingSessionEventListener&amp#27;[0;39m &amp#27;[2m:&amp#27;[0;39m Session Metrics {
    7333 nanoseconds spent acquiring 1 JDBC connections;
    0 nanoseconds spent releasing 0 JDBC connections;
    21416 nanoseconds spent preparing 1 JDBC statements;
    782875 nanoseconds spent executing 1 JDBC statements;
    0 nanoseconds spent executing 0 JDBC batches;
    0 nanoseconds spent performing 0 L2C puts;
    0 nanoseconds spent performing 0 L2C hits;
    0 nanoseconds spent performing 0 L2C misses;
    0 nanoseconds spent executing 0 flushes (flushing a total of 0 entities and 0 collections);
    0 nanoseconds spent executing 0 partial-flushes (flushing a total of 0 entities and 0 collections)
}
&amp#27;[2m2025-05-11T11:17:46.887-03:00&amp#27;[0;39m &amp#27;[32mDEBUG&amp#27;[0;39m &amp#27;[35m16907&amp#27;[0;39m &amp#27;[2m---&amp#27;[0;39m &amp#27;[2m[           main]&amp#27;[0;39m &amp#27;[2m&amp#27;[0;39m&amp#27;[36morg.hibernate.SQL                       &amp#27;[0;39m &amp#27;[2m:&amp#27;[0;39m 
    select
        seq_delito.nextval 
    from
        dual
Hibernate: 
    select
        seq_delito.nextval 
    from
        dual
&amp#27;[2m2025-05-11T11:17:46.888-03:00&amp#27;[0;39m &amp#27;[32mDEBUG&amp#27;[0;39m &amp#27;[35m16907&amp#27;[0;39m &amp#27;[2m---&amp#27;[0;39m &amp#27;[2m[           main]&amp#27;[0;39m &amp#27;[2m&amp#27;[0;39m&amp#27;[36morg.hibernate.SQL                       &amp#27;[0;39m &amp#27;[2m:&amp#27;[0;39m 
    /* insert for
        com.cufre.expedientes.model.Delito */insert 
    into
        delito (actualizado_en, codigo_penal, creado_en, descripcion, nombre, pena_maxima, pena_minima, tipo_pena, valoracion, id) 
    values
        (?, ?, ?, ?, ?, ?, ?, ?, ?, ?)
Hibernate: 
    /* insert for
        com.cufre.expedientes.model.Delito */insert 
    into
        delito (actualizado_en, codigo_penal, creado_en, descripcion, nombre, pena_maxima, pena_minima, tipo_pena, valoracion, id) 
    values
        (?, ?, ?, ?, ?, ?, ?, ?, ?, ?)
&amp#27;[2m2025-05-11T11:17:46.889-03:00&amp#27;[0;39m &amp#27;[32m INFO&amp#27;[0;39m &amp#27;[35m16907&amp#27;[0;39m &amp#27;[2m---&amp#27;[0;39m &amp#27;[2m[           main]&amp#27;[0;39m &amp#27;[2m&amp#27;[0;39m&amp#27;[36mi.StatisticalLoggingSessionEventListener&amp#27;[0;39m &amp#27;[2m:&amp#27;[0;39m Session Metrics {
    4958 nanoseconds spent acquiring 1 JDBC connections;
    0 nanoseconds spent releasing 0 JDBC connections;
    17333 nanoseconds spent preparing 2 JDBC statements;
    257791 nanoseconds spent executing 1 JDBC statements;
    384583 nanoseconds spent executing 1 JDBC batches;
    0 nanoseconds spent performing 0 L2C puts;
    0 nanoseconds spent performing 0 L2C hits;
    0 nanoseconds spent performing 0 L2C misses;
    772208 nanoseconds spent executing 1 flushes (flushing a total of 1 entities and 1 collections);
    0 nanoseconds spent executing 0 partial-flushes (flushing a total of 0 entities and 0 collections)
}
&amp#27;[2m2025-05-11T11:17:46.890-03:00&amp#27;[0;39m &amp#27;[32mDEBUG&amp#27;[0;39m &amp#27;[35m16907&amp#27;[0;39m &amp#27;[2m---&amp#27;[0;39m &amp#27;[2m[           main]&amp#27;[0;39m &amp#27;[2m&amp#27;[0;39m&amp#27;[36morg.hibernate.SQL                       &amp#27;[0;39m &amp#27;[2m:&amp#27;[0;39m 
    /* <criteria> */ select
        d1_0.id,
        d1_0.actualizado_en,
        d1_0.codigo_penal,
        d1_0.creado_en,
        d1_0.descripcion,
        d1_0.nombre,
        d1_0.pena_maxima,
        d1_0.pena_minima,
        d1_0.tipo_pena,
        d1_0.valoracion 
    from
        delito d1_0 
    where
        upper(d1_0.nombre) like upper(?) escape '\'
Hibernate: 
    /* <criteria> */ select
        d1_0.id,
        d1_0.actualizado_en,
        d1_0.codigo_penal,
        d1_0.creado_en,
        d1_0.descripcion,
        d1_0.nombre,
        d1_0.pena_maxima,
        d1_0.pena_minima,
        d1_0.tipo_pena,
        d1_0.valoracion 
    from
        delito d1_0 
    where
        upper(d1_0.nombre) like upper(?) escape '\'
&amp#27;[2m2025-05-11T11:17:46.891-03:00&amp#27;[0;39m &amp#27;[32m INFO&amp#27;[0;39m &amp#27;[35m16907&amp#27;[0;39m &amp#27;[2m---&amp#27;[0;39m &amp#27;[2m[           main]&amp#27;[0;39m &amp#27;[2m&amp#27;[0;39m&amp#27;[36mi.StatisticalLoggingSessionEventListener&amp#27;[0;39m &amp#27;[2m:&amp#27;[0;39m Session Metrics {
    7416 nanoseconds spent acquiring 1 JDBC connections;
    0 nanoseconds spent releasing 0 JDBC connections;
    22375 nanoseconds spent preparing 1 JDBC statements;
    907292 nanoseconds spent executing 1 JDBC statements;
    0 nanoseconds spent executing 0 JDBC batches;
    0 nanoseconds spent performing 0 L2C puts;
    0 nanoseconds spent performing 0 L2C hits;
    0 nanoseconds spent performing 0 L2C misses;
    0 nanoseconds spent executing 0 flushes (flushing a total of 0 entities and 0 collections);
    0 nanoseconds spent executing 0 partial-flushes (flushing a total of 0 entities and 0 collections)
}
&amp#27;[2m2025-05-11T11:17:46.891-03:00&amp#27;[0;39m &amp#27;[32mDEBUG&amp#27;[0;39m &amp#27;[35m16907&amp#27;[0;39m &amp#27;[2m---&amp#27;[0;39m &amp#27;[2m[           main]&amp#27;[0;39m &amp#27;[2m&amp#27;[0;39m&amp#27;[36morg.hibernate.SQL                       &amp#27;[0;39m &amp#27;[2m:&amp#27;[0;39m 
    select
        seq_delito.nextval 
    from
        dual
Hibernate: 
    select
        seq_delito.nextval 
    from
        dual
&amp#27;[2m2025-05-11T11:17:46.895-03:00&amp#27;[0;39m &amp#27;[32mDEBUG&amp#27;[0;39m &amp#27;[35m16907&amp#27;[0;39m &amp#27;[2m---&amp#27;[0;39m &amp#27;[2m[           main]&amp#27;[0;39m &amp#27;[2m&amp#27;[0;39m&amp#27;[36morg.hibernate.SQL                       &amp#27;[0;39m &amp#27;[2m:&amp#27;[0;39m 
    /* insert for
        com.cufre.expedientes.model.Delito */insert 
    into
        delito (actualizado_en, codigo_penal, creado_en, descripcion, nombre, pena_maxima, pena_minima, tipo_pena, valoracion, id) 
    values
        (?, ?, ?, ?, ?, ?, ?, ?, ?, ?)
Hibernate: 
    /* insert for
        com.cufre.expedientes.model.Delito */insert 
    into
        delito (actualizado_en, codigo_penal, creado_en, descripcion, nombre, pena_maxima, pena_minima, tipo_pena, valoracion, id) 
    values
        (?, ?, ?, ?, ?, ?, ?, ?, ?, ?)
&amp#27;[2m2025-05-11T11:17:46.896-03:00&amp#27;[0;39m &amp#27;[32m INFO&amp#27;[0;39m &amp#27;[35m16907&amp#27;[0;39m &amp#27;[2m---&amp#27;[0;39m &amp#27;[2m[           main]&amp#27;[0;39m &amp#27;[2m&amp#27;[0;39m&amp#27;[36mi.StatisticalLoggingSessionEventListener&amp#27;[0;39m &amp#27;[2m:&amp#27;[0;39m Session Metrics {
    4625 nanoseconds spent acquiring 1 JDBC connections;
    0 nanoseconds spent releasing 0 JDBC connections;
    21833 nanoseconds spent preparing 2 JDBC statements;
    3793875 nanoseconds spent executing 1 JDBC statements;
    463208 nanoseconds spent executing 1 JDBC batches;
    0 nanoseconds spent performing 0 L2C puts;
    0 nanoseconds spent performing 0 L2C hits;
    0 nanoseconds spent performing 0 L2C misses;
    898583 nanoseconds spent executing 1 flushes (flushing a total of 1 entities and 1 collections);
    0 nanoseconds spent executing 0 partial-flushes (flushing a total of 0 entities and 0 collections)
}
&amp#27;[2m2025-05-11T11:17:46.897-03:00&amp#27;[0;39m &amp#27;[32mDEBUG&amp#27;[0;39m &amp#27;[35m16907&amp#27;[0;39m &amp#27;[2m---&amp#27;[0;39m &amp#27;[2m[           main]&amp#27;[0;39m &amp#27;[2m&amp#27;[0;39m&amp#27;[36morg.hibernate.SQL                       &amp#27;[0;39m &amp#27;[2m:&amp#27;[0;39m 
    /* <criteria> */ select
        d1_0.id,
        d1_0.actualizado_en,
        d1_0.codigo_penal,
        d1_0.creado_en,
        d1_0.descripcion,
        d1_0.nombre,
        d1_0.pena_maxima,
        d1_0.pena_minima,
        d1_0.tipo_pena,
        d1_0.valoracion 
    from
        delito d1_0 
    where
        upper(d1_0.nombre) like upper(?) escape '\'
Hibernate: 
    /* <criteria> */ select
        d1_0.id,
        d1_0.actualizado_en,
        d1_0.codigo_penal,
        d1_0.creado_en,
        d1_0.descripcion,
        d1_0.nombre,
        d1_0.pena_maxima,
        d1_0.pena_minima,
        d1_0.tipo_pena,
        d1_0.valoracion 
    from
        delito d1_0 
    where
        upper(d1_0.nombre) like upper(?) escape '\'
&amp#27;[2m2025-05-11T11:17:46.898-03:00&amp#27;[0;39m &amp#27;[32m INFO&amp#27;[0;39m &amp#27;[35m16907&amp#27;[0;39m &amp#27;[2m---&amp#27;[0;39m &amp#27;[2m[           main]&amp#27;[0;39m &amp#27;[2m&amp#27;[0;39m&amp#27;[36mi.StatisticalLoggingSessionEventListener&amp#27;[0;39m &amp#27;[2m:&amp#27;[0;39m Session Metrics {
    7875 nanoseconds spent acquiring 1 JDBC connections;
    0 nanoseconds spent releasing 0 JDBC connections;
    24291 nanoseconds spent preparing 1 JDBC statements;
    770125 nanoseconds spent executing 1 JDBC statements;
    0 nanoseconds spent executing 0 JDBC batches;
    0 nanoseconds spent performing 0 L2C puts;
    0 nanoseconds spent performing 0 L2C hits;
    0 nanoseconds spent performing 0 L2C misses;
    0 nanoseconds spent executing 0 flushes (flushing a total of 0 entities and 0 collections);
    0 nanoseconds spent executing 0 partial-flushes (flushing a total of 0 entities and 0 collections)
}
&amp#27;[2m2025-05-11T11:17:46.898-03:00&amp#27;[0;39m &amp#27;[32mDEBUG&amp#27;[0;39m &amp#27;[35m16907&amp#27;[0;39m &amp#27;[2m---&amp#27;[0;39m &amp#27;[2m[           main]&amp#27;[0;39m &amp#27;[2m&amp#27;[0;39m&amp#27;[36morg.hibernate.SQL                       &amp#27;[0;39m &amp#27;[2m:&amp#27;[0;39m 
    select
        seq_delito.nextval 
    from
        dual
Hibernate: 
    select
        seq_delito.nextval 
    from
        dual
&amp#27;[2m2025-05-11T11:17:46.899-03:00&amp#27;[0;39m &amp#27;[32mDEBUG&amp#27;[0;39m &amp#27;[35m16907&amp#27;[0;39m &amp#27;[2m---&amp#27;[0;39m &amp#27;[2m[           main]&amp#27;[0;39m &amp#27;[2m&amp#27;[0;39m&amp#27;[36morg.hibernate.SQL                       &amp#27;[0;39m &amp#27;[2m:&amp#27;[0;39m 
    /* insert for
        com.cufre.expedientes.model.Delito */insert 
    into
        delito (actualizado_en, codigo_penal, creado_en, descripcion, nombre, pena_maxima, pena_minima, tipo_pena, valoracion, id) 
    values
        (?, ?, ?, ?, ?, ?, ?, ?, ?, ?)
Hibernate: 
    /* insert for
        com.cufre.expedientes.model.Delito */insert 
    into
        delito (actualizado_en, codigo_penal, creado_en, descripcion, nombre, pena_maxima, pena_minima, tipo_pena, valoracion, id) 
    values
        (?, ?, ?, ?, ?, ?, ?, ?, ?, ?)
&amp#27;[2m2025-05-11T11:17:46.900-03:00&amp#27;[0;39m &amp#27;[32m INFO&amp#27;[0;39m &amp#27;[35m16907&amp#27;[0;39m &amp#27;[2m---&amp#27;[0;39m &amp#27;[2m[           main]&amp#27;[0;39m &amp#27;[2m&amp#27;[0;39m&amp#27;[36mi.StatisticalLoggingSessionEventListener&amp#27;[0;39m &amp#27;[2m:&amp#27;[0;39m Session Metrics {
    5250 nanoseconds spent acquiring 1 JDBC connections;
    0 nanoseconds spent releasing 0 JDBC connections;
    17750 nanoseconds spent preparing 2 JDBC statements;
    286833 nanoseconds spent executing 1 JDBC statements;
    386250 nanoseconds spent executing 1 JDBC batches;
    0 nanoseconds spent performing 0 L2C puts;
    0 nanoseconds spent performing 0 L2C hits;
    0 nanoseconds spent performing 0 L2C misses;
    766833 nanoseconds spent executing 1 flushes (flushing a total of 1 entities and 1 collections);
    0 nanoseconds spent executing 0 partial-flushes (flushing a total of 0 entities and 0 collections)
}
&amp#27;[2m2025-05-11T11:17:46.901-03:00&amp#27;[0;39m &amp#27;[32mDEBUG&amp#27;[0;39m &amp#27;[35m16907&amp#27;[0;39m &amp#27;[2m---&amp#27;[0;39m &amp#27;[2m[           main]&amp#27;[0;39m &amp#27;[2m&amp#27;[0;39m&amp#27;[36morg.hibernate.SQL                       &amp#27;[0;39m &amp#27;[2m:&amp#27;[0;39m 
    /* <criteria> */ select
        d1_0.id,
        d1_0.actualizado_en,
        d1_0.codigo_penal,
        d1_0.creado_en,
        d1_0.descripcion,
        d1_0.nombre,
        d1_0.pena_maxima,
        d1_0.pena_minima,
        d1_0.tipo_pena,
        d1_0.valoracion 
    from
        delito d1_0 
    where
        upper(d1_0.nombre) like upper(?) escape '\'
Hibernate: 
    /* <criteria> */ select
        d1_0.id,
        d1_0.actualizado_en,
        d1_0.codigo_penal,
        d1_0.creado_en,
        d1_0.descripcion,
        d1_0.nombre,
        d1_0.pena_maxima,
        d1_0.pena_minima,
        d1_0.tipo_pena,
        d1_0.valoracion 
    from
        delito d1_0 
    where
        upper(d1_0.nombre) like upper(?) escape '\'
&amp#27;[2m2025-05-11T11:17:46.902-03:00&amp#27;[0;39m &amp#27;[32m INFO&amp#27;[0;39m &amp#27;[35m16907&amp#27;[0;39m &amp#27;[2m---&amp#27;[0;39m &amp#27;[2m[           main]&amp#27;[0;39m &amp#27;[2m&amp#27;[0;39m&amp#27;[36mi.StatisticalLoggingSessionEventListener&amp#27;[0;39m &amp#27;[2m:&amp#27;[0;39m Session Metrics {
    6917 nanoseconds spent acquiring 1 JDBC connections;
    0 nanoseconds spent releasing 0 JDBC connections;
    22000 nanoseconds spent preparing 1 JDBC statements;
    827875 nanoseconds spent executing 1 JDBC statements;
    0 nanoseconds spent executing 0 JDBC batches;
    0 nanoseconds spent performing 0 L2C puts;
    0 nanoseconds spent performing 0 L2C hits;
    0 nanoseconds spent performing 0 L2C misses;
    0 nanoseconds spent executing 0 flushes (flushing a total of 0 entities and 0 collections);
    0 nanoseconds spent executing 0 partial-flushes (flushing a total of 0 entities and 0 collections)
}
&amp#27;[2m2025-05-11T11:17:46.902-03:00&amp#27;[0;39m &amp#27;[32mDEBUG&amp#27;[0;39m &amp#27;[35m16907&amp#27;[0;39m &amp#27;[2m---&amp#27;[0;39m &amp#27;[2m[           main]&amp#27;[0;39m &amp#27;[2m&amp#27;[0;39m&amp#27;[36morg.hibernate.SQL                       &amp#27;[0;39m &amp#27;[2m:&amp#27;[0;39m 
    select
        seq_delito.nextval 
    from
        dual
Hibernate: 
    select
        seq_delito.nextval 
    from
        dual
&amp#27;[2m2025-05-11T11:17:46.903-03:00&amp#27;[0;39m &amp#27;[32mDEBUG&amp#27;[0;39m &amp#27;[35m16907&amp#27;[0;39m &amp#27;[2m---&amp#27;[0;39m &amp#27;[2m[           main]&amp#27;[0;39m &amp#27;[2m&amp#27;[0;39m&amp#27;[36morg.hibernate.SQL                       &amp#27;[0;39m &amp#27;[2m:&amp#27;[0;39m 
    /* insert for
        com.cufre.expedientes.model.Delito */insert 
    into
        delito (actualizado_en, codigo_penal, creado_en, descripcion, nombre, pena_maxima, pena_minima, tipo_pena, valoracion, id) 
    values
        (?, ?, ?, ?, ?, ?, ?, ?, ?, ?)
Hibernate: 
    /* insert for
        com.cufre.expedientes.model.Delito */insert 
    into
        delito (actualizado_en, codigo_penal, creado_en, descripcion, nombre, pena_maxima, pena_minima, tipo_pena, valoracion, id) 
    values
        (?, ?, ?, ?, ?, ?, ?, ?, ?, ?)
&amp#27;[2m2025-05-11T11:17:46.904-03:00&amp#27;[0;39m &amp#27;[32m INFO&amp#27;[0;39m &amp#27;[35m16907&amp#27;[0;39m &amp#27;[2m---&amp#27;[0;39m &amp#27;[2m[           main]&amp#27;[0;39m &amp#27;[2m&amp#27;[0;39m&amp#27;[36mi.StatisticalLoggingSessionEventListener&amp#27;[0;39m &amp#27;[2m:&amp#27;[0;39m Session Metrics {
    5417 nanoseconds spent acquiring 1 JDBC connections;
    0 nanoseconds spent releasing 0 JDBC connections;
    17917 nanoseconds spent preparing 2 JDBC statements;
    304208 nanoseconds spent executing 1 JDBC statements;
    482541 nanoseconds spent executing 1 JDBC batches;
    0 nanoseconds spent performing 0 L2C puts;
    0 nanoseconds spent performing 0 L2C hits;
    0 nanoseconds spent performing 0 L2C misses;
    877083 nanoseconds spent executing 1 flushes (flushing a total of 1 entities and 1 collections);
    0 nanoseconds spent executing 0 partial-flushes (flushing a total of 0 entities and 0 collections)
}
&amp#27;[2m2025-05-11T11:17:46.904-03:00&amp#27;[0;39m &amp#27;[32mDEBUG&amp#27;[0;39m &amp#27;[35m16907&amp#27;[0;39m &amp#27;[2m---&amp#27;[0;39m &amp#27;[2m[           main]&amp#27;[0;39m &amp#27;[2m&amp#27;[0;39m&amp#27;[36morg.hibernate.SQL                       &amp#27;[0;39m &amp#27;[2m:&amp#27;[0;39m 
    /* <criteria> */ select
        d1_0.id,
        d1_0.actualizado_en,
        d1_0.codigo_penal,
        d1_0.creado_en,
        d1_0.descripcion,
        d1_0.nombre,
        d1_0.pena_maxima,
        d1_0.pena_minima,
        d1_0.tipo_pena,
        d1_0.valoracion 
    from
        delito d1_0 
    where
        upper(d1_0.nombre) like upper(?) escape '\'
Hibernate: 
    /* <criteria> */ select
        d1_0.id,
        d1_0.actualizado_en,
        d1_0.codigo_penal,
        d1_0.creado_en,
        d1_0.descripcion,
        d1_0.nombre,
        d1_0.pena_maxima,
        d1_0.pena_minima,
        d1_0.tipo_pena,
        d1_0.valoracion 
    from
        delito d1_0 
    where
        upper(d1_0.nombre) like upper(?) escape '\'
&amp#27;[2m2025-05-11T11:17:46.905-03:00&amp#27;[0;39m &amp#27;[32m INFO&amp#27;[0;39m &amp#27;[35m16907&amp#27;[0;39m &amp#27;[2m---&amp#27;[0;39m &amp#27;[2m[           main]&amp#27;[0;39m &amp#27;[2m&amp#27;[0;39m&amp#27;[36mi.StatisticalLoggingSessionEventListener&amp#27;[0;39m &amp#27;[2m:&amp#27;[0;39m Session Metrics {
    7458 nanoseconds spent acquiring 1 JDBC connections;
    0 nanoseconds spent releasing 0 JDBC connections;
    20834 nanoseconds spent preparing 1 JDBC statements;
    815041 nanoseconds spent executing 1 JDBC statements;
    0 nanoseconds spent executing 0 JDBC batches;
    0 nanoseconds spent performing 0 L2C puts;
    0 nanoseconds spent performing 0 L2C hits;
    0 nanoseconds spent performing 0 L2C misses;
    0 nanoseconds spent executing 0 flushes (flushing a total of 0 entities and 0 collections);
    0 nanoseconds spent executing 0 partial-flushes (flushing a total of 0 entities and 0 collections)
}
&amp#27;[2m2025-05-11T11:17:46.906-03:00&amp#27;[0;39m &amp#27;[32mDEBUG&amp#27;[0;39m &amp#27;[35m16907&amp#27;[0;39m &amp#27;[2m---&amp#27;[0;39m &amp#27;[2m[           main]&amp#27;[0;39m &amp#27;[2m&amp#27;[0;39m&amp#27;[36morg.hibernate.SQL                       &amp#27;[0;39m &amp#27;[2m:&amp#27;[0;39m 
    select
        seq_delito.nextval 
    from
        dual
Hibernate: 
    select
        seq_delito.nextval 
    from
        dual
&amp#27;[2m2025-05-11T11:17:46.906-03:00&amp#27;[0;39m &amp#27;[32mDEBUG&amp#27;[0;39m &amp#27;[35m16907&amp#27;[0;39m &amp#27;[2m---&amp#27;[0;39m &amp#27;[2m[           main]&amp#27;[0;39m &amp#27;[2m&amp#27;[0;39m&amp#27;[36morg.hibernate.SQL                       &amp#27;[0;39m &amp#27;[2m:&amp#27;[0;39m 
    /* insert for
        com.cufre.expedientes.model.Delito */insert 
    into
        delito (actualizado_en, codigo_penal, creado_en, descripcion, nombre, pena_maxima, pena_minima, tipo_pena, valoracion, id) 
    values
        (?, ?, ?, ?, ?, ?, ?, ?, ?, ?)
Hibernate: 
    /* insert for
        com.cufre.expedientes.model.Delito */insert 
    into
        delito (actualizado_en, codigo_penal, creado_en, descripcion, nombre, pena_maxima, pena_minima, tipo_pena, valoracion, id) 
    values
        (?, ?, ?, ?, ?, ?, ?, ?, ?, ?)
&amp#27;[2m2025-05-11T11:17:46.908-03:00&amp#27;[0;39m &amp#27;[32m INFO&amp#27;[0;39m &amp#27;[35m16907&amp#27;[0;39m &amp#27;[2m---&amp#27;[0;39m &amp#27;[2m[           main]&amp#27;[0;39m &amp#27;[2m&amp#27;[0;39m&amp#27;[36mi.StatisticalLoggingSessionEventListener&amp#27;[0;39m &amp#27;[2m:&amp#27;[0;39m Session Metrics {
    5125 nanoseconds spent acquiring 1 JDBC connections;
    0 nanoseconds spent releasing 0 JDBC connections;
    16833 nanoseconds spent preparing 2 JDBC statements;
    284125 nanoseconds spent executing 1 JDBC statements;
    411416 nanoseconds spent executing 1 JDBC batches;
    0 nanoseconds spent performing 0 L2C puts;
    0 nanoseconds spent performing 0 L2C hits;
    0 nanoseconds spent performing 0 L2C misses;
    766292 nanoseconds spent executing 1 flushes (flushing a total of 1 entities and 1 collections);
    0 nanoseconds spent executing 0 partial-flushes (flushing a total of 0 entities and 0 collections)
}
&amp#27;[2m2025-05-11T11:17:46.908-03:00&amp#27;[0;39m &amp#27;[32mDEBUG&amp#27;[0;39m &amp#27;[35m16907&amp#27;[0;39m &amp#27;[2m---&amp#27;[0;39m &amp#27;[2m[           main]&amp#27;[0;39m &amp#27;[2m&amp#27;[0;39m&amp#27;[36morg.hibernate.SQL                       &amp#27;[0;39m &amp#27;[2m:&amp#27;[0;39m 
    /* <criteria> */ select
        d1_0.id,
        d1_0.actualizado_en,
        d1_0.codigo_penal,
        d1_0.creado_en,
        d1_0.descripcion,
        d1_0.nombre,
        d1_0.pena_maxima,
        d1_0.pena_minima,
        d1_0.tipo_pena,
        d1_0.valoracion 
    from
        delito d1_0 
    where
        upper(d1_0.nombre) like upper(?) escape '\'
Hibernate: 
    /* <criteria> */ select
        d1_0.id,
        d1_0.actualizado_en,
        d1_0.codigo_penal,
        d1_0.creado_en,
        d1_0.descripcion,
        d1_0.nombre,
        d1_0.pena_maxima,
        d1_0.pena_minima,
        d1_0.tipo_pena,
        d1_0.valoracion 
    from
        delito d1_0 
    where
        upper(d1_0.nombre) like upper(?) escape '\'
&amp#27;[2m2025-05-11T11:17:46.909-03:00&amp#27;[0;39m &amp#27;[32m INFO&amp#27;[0;39m &amp#27;[35m16907&amp#27;[0;39m &amp#27;[2m---&amp#27;[0;39m &amp#27;[2m[           main]&amp#27;[0;39m &amp#27;[2m&amp#27;[0;39m&amp#27;[36mi.StatisticalLoggingSessionEventListener&amp#27;[0;39m &amp#27;[2m:&amp#27;[0;39m Session Metrics {
    6834 nanoseconds spent acquiring 1 JDBC connections;
    0 nanoseconds spent releasing 0 JDBC connections;
    18500 nanoseconds spent preparing 1 JDBC statements;
    739542 nanoseconds spent executing 1 JDBC statements;
    0 nanoseconds spent executing 0 JDBC batches;
    0 nanoseconds spent performing 0 L2C puts;
    0 nanoseconds spent performing 0 L2C hits;
    0 nanoseconds spent performing 0 L2C misses;
    0 nanoseconds spent executing 0 flushes (flushing a total of 0 entities and 0 collections);
    0 nanoseconds spent executing 0 partial-flushes (flushing a total of 0 entities and 0 collections)
}
&amp#27;[2m2025-05-11T11:17:46.909-03:00&amp#27;[0;39m &amp#27;[32mDEBUG&amp#27;[0;39m &amp#27;[35m16907&amp#27;[0;39m &amp#27;[2m---&amp#27;[0;39m &amp#27;[2m[           main]&amp#27;[0;39m &amp#27;[2m&amp#27;[0;39m&amp#27;[36morg.hibernate.SQL                       &amp#27;[0;39m &amp#27;[2m:&amp#27;[0;39m 
    select
        seq_delito.nextval 
    from
        dual
Hibernate: 
    select
        seq_delito.nextval 
    from
        dual
&amp#27;[2m2025-05-11T11:17:46.910-03:00&amp#27;[0;39m &amp#27;[32mDEBUG&amp#27;[0;39m &amp#27;[35m16907&amp#27;[0;39m &amp#27;[2m---&amp#27;[0;39m &amp#27;[2m[           main]&amp#27;[0;39m &amp#27;[2m&amp#27;[0;39m&amp#27;[36morg.hibernate.SQL                       &amp#27;[0;39m &amp#27;[2m:&amp#27;[0;39m 
    /* insert for
        com.cufre.expedientes.model.Delito */insert 
    into
        delito (actualizado_en, codigo_penal, creado_en, descripcion, nombre, pena_maxima, pena_minima, tipo_pena, valoracion, id) 
    values
        (?, ?, ?, ?, ?, ?, ?, ?, ?, ?)
Hibernate: 
    /* insert for
        com.cufre.expedientes.model.Delito */insert 
    into
        delito (actualizado_en, codigo_penal, creado_en, descripcion, nombre, pena_maxima, pena_minima, tipo_pena, valoracion, id) 
    values
        (?, ?, ?, ?, ?, ?, ?, ?, ?, ?)
&amp#27;[2m2025-05-11T11:17:46.912-03:00&amp#27;[0;39m &amp#27;[32m INFO&amp#27;[0;39m &amp#27;[35m16907&amp#27;[0;39m &amp#27;[2m---&amp#27;[0;39m &amp#27;[2m[           main]&amp#27;[0;39m &amp#27;[2m&amp#27;[0;39m&amp#27;[36mi.StatisticalLoggingSessionEventListener&amp#27;[0;39m &amp#27;[2m:&amp#27;[0;39m Session Metrics {
    5000 nanoseconds spent acquiring 1 JDBC connections;
    0 nanoseconds spent releasing 0 JDBC connections;
    17417 nanoseconds spent preparing 2 JDBC statements;
    285167 nanoseconds spent executing 1 JDBC statements;
    784667 nanoseconds spent executing 1 JDBC batches;
    0 nanoseconds spent performing 0 L2C puts;
    0 nanoseconds spent performing 0 L2C hits;
    0 nanoseconds spent performing 0 L2C misses;
    1137125 nanoseconds spent executing 1 flushes (flushing a total of 1 entities and 1 collections);
    0 nanoseconds spent executing 0 partial-flushes (flushing a total of 0 entities and 0 collections)
}
&amp#27;[2m2025-05-11T11:17:46.912-03:00&amp#27;[0;39m &amp#27;[32mDEBUG&amp#27;[0;39m &amp#27;[35m16907&amp#27;[0;39m &amp#27;[2m---&amp#27;[0;39m &amp#27;[2m[           main]&amp#27;[0;39m &amp#27;[2m&amp#27;[0;39m&amp#27;[36morg.hibernate.SQL                       &amp#27;[0;39m &amp#27;[2m:&amp#27;[0;39m 
    /* <criteria> */ select
        d1_0.id,
        d1_0.actualizado_en,
        d1_0.codigo_penal,
        d1_0.creado_en,
        d1_0.descripcion,
        d1_0.nombre,
        d1_0.pena_maxima,
        d1_0.pena_minima,
        d1_0.tipo_pena,
        d1_0.valoracion 
    from
        delito d1_0 
    where
        upper(d1_0.nombre) like upper(?) escape '\'
Hibernate: 
    /* <criteria> */ select
        d1_0.id,
        d1_0.actualizado_en,
        d1_0.codigo_penal,
        d1_0.creado_en,
        d1_0.descripcion,
        d1_0.nombre,
        d1_0.pena_maxima,
        d1_0.pena_minima,
        d1_0.tipo_pena,
        d1_0.valoracion 
    from
        delito d1_0 
    where
        upper(d1_0.nombre) like upper(?) escape '\'
&amp#27;[2m2025-05-11T11:17:46.913-03:00&amp#27;[0;39m &amp#27;[32m INFO&amp#27;[0;39m &amp#27;[35m16907&amp#27;[0;39m &amp#27;[2m---&amp#27;[0;39m &amp#27;[2m[           main]&amp#27;[0;39m &amp#27;[2m&amp#27;[0;39m&amp#27;[36mi.StatisticalLoggingSessionEventListener&amp#27;[0;39m &amp#27;[2m:&amp#27;[0;39m Session Metrics {
    8000 nanoseconds spent acquiring 1 JDBC connections;
    0 nanoseconds spent releasing 0 JDBC connections;
    21250 nanoseconds spent preparing 1 JDBC statements;
    892875 nanoseconds spent executing 1 JDBC statements;
    0 nanoseconds spent executing 0 JDBC batches;
    0 nanoseconds spent performing 0 L2C puts;
    0 nanoseconds spent performing 0 L2C hits;
    0 nanoseconds spent performing 0 L2C misses;
    0 nanoseconds spent executing 0 flushes (flushing a total of 0 entities and 0 collections);
    0 nanoseconds spent executing 0 partial-flushes (flushing a total of 0 entities and 0 collections)
}
&amp#27;[2m2025-05-11T11:17:46.913-03:00&amp#27;[0;39m &amp#27;[32mDEBUG&amp#27;[0;39m &amp#27;[35m16907&amp#27;[0;39m &amp#27;[2m---&amp#27;[0;39m &amp#27;[2m[           main]&amp#27;[0;39m &amp#27;[2m&amp#27;[0;39m&amp#27;[36morg.hibernate.SQL                       &amp#27;[0;39m &amp#27;[2m:&amp#27;[0;39m 
    select
        seq_delito.nextval 
    from
        dual
Hibernate: 
    select
        seq_delito.nextval 
    from
        dual
&amp#27;[2m2025-05-11T11:17:46.914-03:00&amp#27;[0;39m &amp#27;[32mDEBUG&amp#27;[0;39m &amp#27;[35m16907&amp#27;[0;39m &amp#27;[2m---&amp#27;[0;39m &amp#27;[2m[           main]&amp#27;[0;39m &amp#27;[2m&amp#27;[0;39m&amp#27;[36morg.hibernate.SQL                       &amp#27;[0;39m &amp#27;[2m:&amp#27;[0;39m 
    /* insert for
        com.cufre.expedientes.model.Delito */insert 
    into
        delito (actualizado_en, codigo_penal, creado_en, descripcion, nombre, pena_maxima, pena_minima, tipo_pena, valoracion, id) 
    values
        (?, ?, ?, ?, ?, ?, ?, ?, ?, ?)
Hibernate: 
    /* insert for
        com.cufre.expedientes.model.Delito */insert 
    into
        delito (actualizado_en, codigo_penal, creado_en, descripcion, nombre, pena_maxima, pena_minima, tipo_pena, valoracion, id) 
    values
        (?, ?, ?, ?, ?, ?, ?, ?, ?, ?)
&amp#27;[2m2025-05-11T11:17:46.916-03:00&amp#27;[0;39m &amp#27;[32m INFO&amp#27;[0;39m &amp#27;[35m16907&amp#27;[0;39m &amp#27;[2m---&amp#27;[0;39m &amp#27;[2m[           main]&amp#27;[0;39m &amp#27;[2m&amp#27;[0;39m&amp#27;[36mi.StatisticalLoggingSessionEventListener&amp#27;[0;39m &amp#27;[2m:&amp#27;[0;39m Session Metrics {
    5416 nanoseconds spent acquiring 1 JDBC connections;
    0 nanoseconds spent releasing 0 JDBC connections;
    20126 nanoseconds spent preparing 2 JDBC statements;
    320000 nanoseconds spent executing 1 JDBC statements;
    750917 nanoseconds spent executing 1 JDBC batches;
    0 nanoseconds spent performing 0 L2C puts;
    0 nanoseconds spent performing 0 L2C hits;
    0 nanoseconds spent performing 0 L2C misses;
    1204208 nanoseconds spent executing 1 flushes (flushing a total of 1 entities and 1 collections);
    0 nanoseconds spent executing 0 partial-flushes (flushing a total of 0 entities and 0 collections)
}
&amp#27;[2m2025-05-11T11:17:46.917-03:00&amp#27;[0;39m &amp#27;[32mDEBUG&amp#27;[0;39m &amp#27;[35m16907&amp#27;[0;39m &amp#27;[2m---&amp#27;[0;39m &amp#27;[2m[           main]&amp#27;[0;39m &amp#27;[2m&amp#27;[0;39m&amp#27;[36morg.hibernate.SQL                       &amp#27;[0;39m &amp#27;[2m:&amp#27;[0;39m 
    /* <criteria> */ select
        d1_0.id,
        d1_0.actualizado_en,
        d1_0.codigo_penal,
        d1_0.creado_en,
        d1_0.descripcion,
        d1_0.nombre,
        d1_0.pena_maxima,
        d1_0.pena_minima,
        d1_0.tipo_pena,
        d1_0.valoracion 
    from
        delito d1_0 
    where
        upper(d1_0.nombre) like upper(?) escape '\'
Hibernate: 
    /* <criteria> */ select
        d1_0.id,
        d1_0.actualizado_en,
        d1_0.codigo_penal,
        d1_0.creado_en,
        d1_0.descripcion,
        d1_0.nombre,
        d1_0.pena_maxima,
        d1_0.pena_minima,
        d1_0.tipo_pena,
        d1_0.valoracion 
    from
        delito d1_0 
    where
        upper(d1_0.nombre) like upper(?) escape '\'
&amp#27;[2m2025-05-11T11:17:46.918-03:00&amp#27;[0;39m &amp#27;[32m INFO&amp#27;[0;39m &amp#27;[35m16907&amp#27;[0;39m &amp#27;[2m---&amp#27;[0;39m &amp#27;[2m[           main]&amp#27;[0;39m &amp#27;[2m&amp#27;[0;39m&amp#27;[36mi.StatisticalLoggingSessionEventListener&amp#27;[0;39m &amp#27;[2m:&amp#27;[0;39m Session Metrics {
    10916 nanoseconds spent acquiring 1 JDBC connections;
    0 nanoseconds spent releasing 0 JDBC connections;
    33958 nanoseconds spent preparing 1 JDBC statements;
    1076417 nanoseconds spent executing 1 JDBC statements;
    0 nanoseconds spent executing 0 JDBC batches;
    0 nanoseconds spent performing 0 L2C puts;
    0 nanoseconds spent performing 0 L2C hits;
    0 nanoseconds spent performing 0 L2C misses;
    0 nanoseconds spent executing 0 flushes (flushing a total of 0 entities and 0 collections);
    0 nanoseconds spent executing 0 partial-flushes (flushing a total of 0 entities and 0 collections)
}
&amp#27;[2m2025-05-11T11:17:46.918-03:00&amp#27;[0;39m &amp#27;[32mDEBUG&amp#27;[0;39m &amp#27;[35m16907&amp#27;[0;39m &amp#27;[2m---&amp#27;[0;39m &amp#27;[2m[           main]&amp#27;[0;39m &amp#27;[2m&amp#27;[0;39m&amp#27;[36morg.hibernate.SQL                       &amp#27;[0;39m &amp#27;[2m:&amp#27;[0;39m 
    select
        seq_delito.nextval 
    from
        dual
Hibernate: 
    select
        seq_delito.nextval 
    from
        dual
&amp#27;[2m2025-05-11T11:17:46.919-03:00&amp#27;[0;39m &amp#27;[32mDEBUG&amp#27;[0;39m &amp#27;[35m16907&amp#27;[0;39m &amp#27;[2m---&amp#27;[0;39m &amp#27;[2m[           main]&amp#27;[0;39m &amp#27;[2m&amp#27;[0;39m&amp#27;[36morg.hibernate.SQL                       &amp#27;[0;39m &amp#27;[2m:&amp#27;[0;39m 
    /* insert for
        com.cufre.expedientes.model.Delito */insert 
    into
        delito (actualizado_en, codigo_penal, creado_en, descripcion, nombre, pena_maxima, pena_minima, tipo_pena, valoracion, id) 
    values
        (?, ?, ?, ?, ?, ?, ?, ?, ?, ?)
Hibernate: 
    /* insert for
        com.cufre.expedientes.model.Delito */insert 
    into
        delito (actualizado_en, codigo_penal, creado_en, descripcion, nombre, pena_maxima, pena_minima, tipo_pena, valoracion, id) 
    values
        (?, ?, ?, ?, ?, ?, ?, ?, ?, ?)
&amp#27;[2m2025-05-11T11:17:46.921-03:00&amp#27;[0;39m &amp#27;[32m INFO&amp#27;[0;39m &amp#27;[35m16907&amp#27;[0;39m &amp#27;[2m---&amp#27;[0;39m &amp#27;[2m[           main]&amp#27;[0;39m &amp#27;[2m&amp#27;[0;39m&amp#27;[36mi.StatisticalLoggingSessionEventListener&amp#27;[0;39m &amp#27;[2m:&amp#27;[0;39m Session Metrics {
    9584 nanoseconds spent acquiring 1 JDBC connections;
    0 nanoseconds spent releasing 0 JDBC connections;
    23209 nanoseconds spent preparing 2 JDBC statements;
    336834 nanoseconds spent executing 1 JDBC statements;
    506500 nanoseconds spent executing 1 JDBC batches;
    0 nanoseconds spent performing 0 L2C puts;
    0 nanoseconds spent performing 0 L2C hits;
    0 nanoseconds spent performing 0 L2C misses;
    1003208 nanoseconds spent executing 1 flushes (flushing a total of 1 entities and 1 collections);
    0 nanoseconds spent executing 0 partial-flushes (flushing a total of 0 entities and 0 collections)
}
&amp#27;[2m2025-05-11T11:17:46.922-03:00&amp#27;[0;39m &amp#27;[32mDEBUG&amp#27;[0;39m &amp#27;[35m16907&amp#27;[0;39m &amp#27;[2m---&amp#27;[0;39m &amp#27;[2m[           main]&amp#27;[0;39m &amp#27;[2m&amp#27;[0;39m&amp#27;[36morg.hibernate.SQL                       &amp#27;[0;39m &amp#27;[2m:&amp#27;[0;39m 
    /* <criteria> */ select
        d1_0.id,
        d1_0.actualizado_en,
        d1_0.codigo_penal,
        d1_0.creado_en,
        d1_0.descripcion,
        d1_0.nombre,
        d1_0.pena_maxima,
        d1_0.pena_minima,
        d1_0.tipo_pena,
        d1_0.valoracion 
    from
        delito d1_0 
    where
        upper(d1_0.nombre) like upper(?) escape '\'
Hibernate: 
    /* <criteria> */ select
        d1_0.id,
        d1_0.actualizado_en,
        d1_0.codigo_penal,
        d1_0.creado_en,
        d1_0.descripcion,
        d1_0.nombre,
        d1_0.pena_maxima,
        d1_0.pena_minima,
        d1_0.tipo_pena,
        d1_0.valoracion 
    from
        delito d1_0 
    where
        upper(d1_0.nombre) like upper(?) escape '\'
&amp#27;[2m2025-05-11T11:17:46.923-03:00&amp#27;[0;39m &amp#27;[32m INFO&amp#27;[0;39m &amp#27;[35m16907&amp#27;[0;39m &amp#27;[2m---&amp#27;[0;39m &amp#27;[2m[           main]&amp#27;[0;39m &amp#27;[2m&amp#27;[0;39m&amp#27;[36mi.StatisticalLoggingSessionEventListener&amp#27;[0;39m &amp#27;[2m:&amp#27;[0;39m Session Metrics {
    11708 nanoseconds spent acquiring 1 JDBC connections;
    0 nanoseconds spent releasing 0 JDBC connections;
    29042 nanoseconds spent preparing 1 JDBC statements;
    979041 nanoseconds spent executing 1 JDBC statements;
    0 nanoseconds spent executing 0 JDBC batches;
    0 nanoseconds spent performing 0 L2C puts;
    0 nanoseconds spent performing 0 L2C hits;
    0 nanoseconds spent performing 0 L2C misses;
    0 nanoseconds spent executing 0 flushes (flushing a total of 0 entities and 0 collections);
    0 nanoseconds spent executing 0 partial-flushes (flushing a total of 0 entities and 0 collections)
}
&amp#27;[2m2025-05-11T11:17:46.923-03:00&amp#27;[0;39m &amp#27;[32mDEBUG&amp#27;[0;39m &amp#27;[35m16907&amp#27;[0;39m &amp#27;[2m---&amp#27;[0;39m &amp#27;[2m[           main]&amp#27;[0;39m &amp#27;[2m&amp#27;[0;39m&amp#27;[36morg.hibernate.SQL                       &amp#27;[0;39m &amp#27;[2m:&amp#27;[0;39m 
    select
        seq_delito.nextval 
    from
        dual
Hibernate: 
    select
        seq_delito.nextval 
    from
        dual
&amp#27;[2m2025-05-11T11:17:46.924-03:00&amp#27;[0;39m &amp#27;[32mDEBUG&amp#27;[0;39m &amp#27;[35m16907&amp#27;[0;39m &amp#27;[2m---&amp#27;[0;39m &amp#27;[2m[           main]&amp#27;[0;39m &amp#27;[2m&amp#27;[0;39m&amp#27;[36morg.hibernate.SQL                       &amp#27;[0;39m &amp#27;[2m:&amp#27;[0;39m 
    /* insert for
        com.cufre.expedientes.model.Delito */insert 
    into
        delito (actualizado_en, codigo_penal, creado_en, descripcion, nombre, pena_maxima, pena_minima, tipo_pena, valoracion, id) 
    values
        (?, ?, ?, ?, ?, ?, ?, ?, ?, ?)
Hibernate: 
    /* insert for
        com.cufre.expedientes.model.Delito */insert 
    into
        delito (actualizado_en, codigo_penal, creado_en, descripcion, nombre, pena_maxima, pena_minima, tipo_pena, valoracion, id) 
    values
        (?, ?, ?, ?, ?, ?, ?, ?, ?, ?)
&amp#27;[2m2025-05-11T11:17:46.925-03:00&amp#27;[0;39m &amp#27;[32m INFO&amp#27;[0;39m &amp#27;[35m16907&amp#27;[0;39m &amp#27;[2m---&amp#27;[0;39m &amp#27;[2m[           main]&amp#27;[0;39m &amp#27;[2m&amp#27;[0;39m&amp#27;[36mi.StatisticalLoggingSessionEventListener&amp#27;[0;39m &amp#27;[2m:&amp#27;[0;39m Session Metrics {
    7458 nanoseconds spent acquiring 1 JDBC connections;
    0 nanoseconds spent releasing 0 JDBC connections;
    37291 nanoseconds spent preparing 2 JDBC statements;
    355250 nanoseconds spent executing 1 JDBC statements;
    486833 nanoseconds spent executing 1 JDBC batches;
    0 nanoseconds spent performing 0 L2C puts;
    0 nanoseconds spent performing 0 L2C hits;
    0 nanoseconds spent performing 0 L2C misses;
    925125 nanoseconds spent executing 1 flushes (flushing a total of 1 entities and 1 collections);
    0 nanoseconds spent executing 0 partial-flushes (flushing a total of 0 entities and 0 collections)
}
&amp#27;[2m2025-05-11T11:17:46.926-03:00&amp#27;[0;39m &amp#27;[32mDEBUG&amp#27;[0;39m &amp#27;[35m16907&amp#27;[0;39m &amp#27;[2m---&amp#27;[0;39m &amp#27;[2m[           main]&amp#27;[0;39m &amp#27;[2m&amp#27;[0;39m&amp#27;[36morg.hibernate.SQL                       &amp#27;[0;39m &amp#27;[2m:&amp#27;[0;39m 
    /* <criteria> */ select
        d1_0.id,
        d1_0.actualizado_en,
        d1_0.codigo_penal,
        d1_0.creado_en,
        d1_0.descripcion,
        d1_0.nombre,
        d1_0.pena_maxima,
        d1_0.pena_minima,
        d1_0.tipo_pena,
        d1_0.valoracion 
    from
        delito d1_0 
    where
        upper(d1_0.nombre) like upper(?) escape '\'
Hibernate: 
    /* <criteria> */ select
        d1_0.id,
        d1_0.actualizado_en,
        d1_0.codigo_penal,
        d1_0.creado_en,
        d1_0.descripcion,
        d1_0.nombre,
        d1_0.pena_maxima,
        d1_0.pena_minima,
        d1_0.tipo_pena,
        d1_0.valoracion 
    from
        delito d1_0 
    where
        upper(d1_0.nombre) like upper(?) escape '\'
&amp#27;[2m2025-05-11T11:17:46.927-03:00&amp#27;[0;39m &amp#27;[32m INFO&amp#27;[0;39m &amp#27;[35m16907&amp#27;[0;39m &amp#27;[2m---&amp#27;[0;39m &amp#27;[2m[           main]&amp#27;[0;39m &amp#27;[2m&amp#27;[0;39m&amp#27;[36mi.StatisticalLoggingSessionEventListener&amp#27;[0;39m &amp#27;[2m:&amp#27;[0;39m Session Metrics {
    7292 nanoseconds spent acquiring 1 JDBC connections;
    0 nanoseconds spent releasing 0 JDBC connections;
    19375 nanoseconds spent preparing 1 JDBC statements;
    835042 nanoseconds spent executing 1 JDBC statements;
    0 nanoseconds spent executing 0 JDBC batches;
    0 nanoseconds spent performing 0 L2C puts;
    0 nanoseconds spent performing 0 L2C hits;
    0 nanoseconds spent performing 0 L2C misses;
    0 nanoseconds spent executing 0 flushes (flushing a total of 0 entities and 0 collections);
    0 nanoseconds spent executing 0 partial-flushes (flushing a total of 0 entities and 0 collections)
}
&amp#27;[2m2025-05-11T11:17:46.927-03:00&amp#27;[0;39m &amp#27;[32mDEBUG&amp#27;[0;39m &amp#27;[35m16907&amp#27;[0;39m &amp#27;[2m---&amp#27;[0;39m &amp#27;[2m[           main]&amp#27;[0;39m &amp#27;[2m&amp#27;[0;39m&amp#27;[36morg.hibernate.SQL                       &amp#27;[0;39m &amp#27;[2m:&amp#27;[0;39m 
    select
        seq_delito.nextval 
    from
        dual
Hibernate: 
    select
        seq_delito.nextval 
    from
        dual
&amp#27;[2m2025-05-11T11:17:46.928-03:00&amp#27;[0;39m &amp#27;[32mDEBUG&amp#27;[0;39m &amp#27;[35m16907&amp#27;[0;39m &amp#27;[2m---&amp#27;[0;39m &amp#27;[2m[           main]&amp#27;[0;39m &amp#27;[2m&amp#27;[0;39m&amp#27;[36morg.hibernate.SQL                       &amp#27;[0;39m &amp#27;[2m:&amp#27;[0;39m 
    /* insert for
        com.cufre.expedientes.model.Delito */insert 
    into
        delito (actualizado_en, codigo_penal, creado_en, descripcion, nombre, pena_maxima, pena_minima, tipo_pena, valoracion, id) 
    values
        (?, ?, ?, ?, ?, ?, ?, ?, ?, ?)
Hibernate: 
    /* insert for
        com.cufre.expedientes.model.Delito */insert 
    into
        delito (actualizado_en, codigo_penal, creado_en, descripcion, nombre, pena_maxima, pena_minima, tipo_pena, valoracion, id) 
    values
        (?, ?, ?, ?, ?, ?, ?, ?, ?, ?)
&amp#27;[2m2025-05-11T11:17:46.929-03:00&amp#27;[0;39m &amp#27;[32m INFO&amp#27;[0;39m &amp#27;[35m16907&amp#27;[0;39m &amp#27;[2m---&amp#27;[0;39m &amp#27;[2m[           main]&amp#27;[0;39m &amp#27;[2m&amp#27;[0;39m&amp#27;[36mi.StatisticalLoggingSessionEventListener&amp#27;[0;39m &amp#27;[2m:&amp#27;[0;39m Session Metrics {
    4792 nanoseconds spent acquiring 1 JDBC connections;
    0 nanoseconds spent releasing 0 JDBC connections;
    16208 nanoseconds spent preparing 2 JDBC statements;
    279792 nanoseconds spent executing 1 JDBC statements;
    424083 nanoseconds spent executing 1 JDBC batches;
    0 nanoseconds spent performing 0 L2C puts;
    0 nanoseconds spent performing 0 L2C hits;
    0 nanoseconds spent performing 0 L2C misses;
    751709 nanoseconds spent executing 1 flushes (flushing a total of 1 entities and 1 collections);
    0 nanoseconds spent executing 0 partial-flushes (flushing a total of 0 entities and 0 collections)
}
&amp#27;[2m2025-05-11T11:17:46.930-03:00&amp#27;[0;39m &amp#27;[32mDEBUG&amp#27;[0;39m &amp#27;[35m16907&amp#27;[0;39m &amp#27;[2m---&amp#27;[0;39m &amp#27;[2m[           main]&amp#27;[0;39m &amp#27;[2m&amp#27;[0;39m&amp#27;[36morg.hibernate.SQL                       &amp#27;[0;39m &amp#27;[2m:&amp#27;[0;39m 
    /* <criteria> */ select
        d1_0.id,
        d1_0.actualizado_en,
        d1_0.codigo_penal,
        d1_0.creado_en,
        d1_0.descripcion,
        d1_0.nombre,
        d1_0.pena_maxima,
        d1_0.pena_minima,
        d1_0.tipo_pena,
        d1_0.valoracion 
    from
        delito d1_0 
    where
        upper(d1_0.nombre) like upper(?) escape '\'
Hibernate: 
    /* <criteria> */ select
        d1_0.id,
        d1_0.actualizado_en,
        d1_0.codigo_penal,
        d1_0.creado_en,
        d1_0.descripcion,
        d1_0.nombre,
        d1_0.pena_maxima,
        d1_0.pena_minima,
        d1_0.tipo_pena,
        d1_0.valoracion 
    from
        delito d1_0 
    where
        upper(d1_0.nombre) like upper(?) escape '\'
&amp#27;[2m2025-05-11T11:17:46.931-03:00&amp#27;[0;39m &amp#27;[32m INFO&amp#27;[0;39m &amp#27;[35m16907&amp#27;[0;39m &amp#27;[2m---&amp#27;[0;39m &amp#27;[2m[           main]&amp#27;[0;39m &amp#27;[2m&amp#27;[0;39m&amp#27;[36mi.StatisticalLoggingSessionEventListener&amp#27;[0;39m &amp#27;[2m:&amp#27;[0;39m Session Metrics {
    7458 nanoseconds spent acquiring 1 JDBC connections;
    0 nanoseconds spent releasing 0 JDBC connections;
    20500 nanoseconds spent preparing 1 JDBC statements;
    906500 nanoseconds spent executing 1 JDBC statements;
    0 nanoseconds spent executing 0 JDBC batches;
    0 nanoseconds spent performing 0 L2C puts;
    0 nanoseconds spent performing 0 L2C hits;
    0 nanoseconds spent performing 0 L2C misses;
    0 nanoseconds spent executing 0 flushes (flushing a total of 0 entities and 0 collections);
    0 nanoseconds spent executing 0 partial-flushes (flushing a total of 0 entities and 0 collections)
}
&amp#27;[2m2025-05-11T11:17:46.931-03:00&amp#27;[0;39m &amp#27;[32mDEBUG&amp#27;[0;39m &amp#27;[35m16907&amp#27;[0;39m &amp#27;[2m---&amp#27;[0;39m &amp#27;[2m[           main]&amp#27;[0;39m &amp#27;[2m&amp#27;[0;39m&amp#27;[36morg.hibernate.SQL                       &amp#27;[0;39m &amp#27;[2m:&amp#27;[0;39m 
    select
        seq_delito.nextval 
    from
        dual
Hibernate: 
    select
        seq_delito.nextval 
    from
        dual
&amp#27;[2m2025-05-11T11:17:46.932-03:00&amp#27;[0;39m &amp#27;[32mDEBUG&amp#27;[0;39m &amp#27;[35m16907&amp#27;[0;39m &amp#27;[2m---&amp#27;[0;39m &amp#27;[2m[           main]&amp#27;[0;39m &amp#27;[2m&amp#27;[0;39m&amp#27;[36morg.hibernate.SQL                       &amp#27;[0;39m &amp#27;[2m:&amp#27;[0;39m 
    /* insert for
        com.cufre.expedientes.model.Delito */insert 
    into
        delito (actualizado_en, codigo_penal, creado_en, descripcion, nombre, pena_maxima, pena_minima, tipo_pena, valoracion, id) 
    values
        (?, ?, ?, ?, ?, ?, ?, ?, ?, ?)
Hibernate: 
    /* insert for
        com.cufre.expedientes.model.Delito */insert 
    into
        delito (actualizado_en, codigo_penal, creado_en, descripcion, nombre, pena_maxima, pena_minima, tipo_pena, valoracion, id) 
    values
        (?, ?, ?, ?, ?, ?, ?, ?, ?, ?)
&amp#27;[2m2025-05-11T11:17:46.933-03:00&amp#27;[0;39m &amp#27;[32m INFO&amp#27;[0;39m &amp#27;[35m16907&amp#27;[0;39m &amp#27;[2m---&amp#27;[0;39m &amp#27;[2m[           main]&amp#27;[0;39m &amp#27;[2m&amp#27;[0;39m&amp#27;[36mi.StatisticalLoggingSessionEventListener&amp#27;[0;39m &amp#27;[2m:&amp#27;[0;39m Session Metrics {
    4750 nanoseconds spent acquiring 1 JDBC connections;
    0 nanoseconds spent releasing 0 JDBC connections;
    19334 nanoseconds spent preparing 2 JDBC statements;
    359625 nanoseconds spent executing 1 JDBC statements;
    523917 nanoseconds spent executing 1 JDBC batches;
    0 nanoseconds spent performing 0 L2C puts;
    0 nanoseconds spent performing 0 L2C hits;
    0 nanoseconds spent performing 0 L2C misses;
    900958 nanoseconds spent executing 1 flushes (flushing a total of 1 entities and 1 collections);
    0 nanoseconds spent executing 0 partial-flushes (flushing a total of 0 entities and 0 collections)
}
&amp#27;[2m2025-05-11T11:17:46.934-03:00&amp#27;[0;39m &amp#27;[32mDEBUG&amp#27;[0;39m &amp#27;[35m16907&amp#27;[0;39m &amp#27;[2m---&amp#27;[0;39m &amp#27;[2m[           main]&amp#27;[0;39m &amp#27;[2m&amp#27;[0;39m&amp#27;[36morg.hibernate.SQL                       &amp#27;[0;39m &amp#27;[2m:&amp#27;[0;39m 
    /* <criteria> */ select
        d1_0.id,
        d1_0.actualizado_en,
        d1_0.codigo_penal,
        d1_0.creado_en,
        d1_0.descripcion,
        d1_0.nombre,
        d1_0.pena_maxima,
        d1_0.pena_minima,
        d1_0.tipo_pena,
        d1_0.valoracion 
    from
        delito d1_0 
    where
        upper(d1_0.nombre) like upper(?) escape '\'
Hibernate: 
    /* <criteria> */ select
        d1_0.id,
        d1_0.actualizado_en,
        d1_0.codigo_penal,
        d1_0.creado_en,
        d1_0.descripcion,
        d1_0.nombre,
        d1_0.pena_maxima,
        d1_0.pena_minima,
        d1_0.tipo_pena,
        d1_0.valoracion 
    from
        delito d1_0 
    where
        upper(d1_0.nombre) like upper(?) escape '\'
&amp#27;[2m2025-05-11T11:17:46.935-03:00&amp#27;[0;39m &amp#27;[32m INFO&amp#27;[0;39m &amp#27;[35m16907&amp#27;[0;39m &amp#27;[2m---&amp#27;[0;39m &amp#27;[2m[           main]&amp#27;[0;39m &amp#27;[2m&amp#27;[0;39m&amp#27;[36mi.StatisticalLoggingSessionEventListener&amp#27;[0;39m &amp#27;[2m:&amp#27;[0;39m Session Metrics {
    8875 nanoseconds spent acquiring 1 JDBC connections;
    0 nanoseconds spent releasing 0 JDBC connections;
    23625 nanoseconds spent preparing 1 JDBC statements;
    967292 nanoseconds spent executing 1 JDBC statements;
    0 nanoseconds spent executing 0 JDBC batches;
    0 nanoseconds spent performing 0 L2C puts;
    0 nanoseconds spent performing 0 L2C hits;
    0 nanoseconds spent performing 0 L2C misses;
    0 nanoseconds spent executing 0 flushes (flushing a total of 0 entities and 0 collections);
    0 nanoseconds spent executing 0 partial-flushes (flushing a total of 0 entities and 0 collections)
}
&amp#27;[2m2025-05-11T11:17:46.935-03:00&amp#27;[0;39m &amp#27;[32mDEBUG&amp#27;[0;39m &amp#27;[35m16907&amp#27;[0;39m &amp#27;[2m---&amp#27;[0;39m &amp#27;[2m[           main]&amp#27;[0;39m &amp#27;[2m&amp#27;[0;39m&amp#27;[36morg.hibernate.SQL                       &amp#27;[0;39m &amp#27;[2m:&amp#27;[0;39m 
    select
        seq_delito.nextval 
    from
        dual
Hibernate: 
    select
        seq_delito.nextval 
    from
        dual
&amp#27;[2m2025-05-11T11:17:46.936-03:00&amp#27;[0;39m &amp#27;[32mDEBUG&amp#27;[0;39m &amp#27;[35m16907&amp#27;[0;39m &amp#27;[2m---&amp#27;[0;39m &amp#27;[2m[           main]&amp#27;[0;39m &amp#27;[2m&amp#27;[0;39m&amp#27;[36morg.hibernate.SQL                       &amp#27;[0;39m &amp#27;[2m:&amp#27;[0;39m 
    /* insert for
        com.cufre.expedientes.model.Delito */insert 
    into
        delito (actualizado_en, codigo_penal, creado_en, descripcion, nombre, pena_maxima, pena_minima, tipo_pena, valoracion, id) 
    values
        (?, ?, ?, ?, ?, ?, ?, ?, ?, ?)
Hibernate: 
    /* insert for
        com.cufre.expedientes.model.Delito */insert 
    into
        delito (actualizado_en, codigo_penal, creado_en, descripcion, nombre, pena_maxima, pena_minima, tipo_pena, valoracion, id) 
    values
        (?, ?, ?, ?, ?, ?, ?, ?, ?, ?)
&amp#27;[2m2025-05-11T11:17:46.939-03:00&amp#27;[0;39m &amp#27;[32m INFO&amp#27;[0;39m &amp#27;[35m16907&amp#27;[0;39m &amp#27;[2m---&amp#27;[0;39m &amp#27;[2m[           main]&amp#27;[0;39m &amp#27;[2m&amp#27;[0;39m&amp#27;[36mi.StatisticalLoggingSessionEventListener&amp#27;[0;39m &amp#27;[2m:&amp#27;[0;39m Session Metrics {
    5750 nanoseconds spent acquiring 1 JDBC connections;
    0 nanoseconds spent releasing 0 JDBC connections;
    22125 nanoseconds spent preparing 2 JDBC statements;
    384417 nanoseconds spent executing 1 JDBC statements;
    2165083 nanoseconds spent executing 1 JDBC batches;
    0 nanoseconds spent performing 0 L2C puts;
    0 nanoseconds spent performing 0 L2C hits;
    0 nanoseconds spent performing 0 L2C misses;
    2541208 nanoseconds spent executing 1 flushes (flushing a total of 1 entities and 1 collections);
    0 nanoseconds spent executing 0 partial-flushes (flushing a total of 0 entities and 0 collections)
}
&amp#27;[2m2025-05-11T11:17:46.940-03:00&amp#27;[0;39m &amp#27;[32mDEBUG&amp#27;[0;39m &amp#27;[35m16907&amp#27;[0;39m &amp#27;[2m---&amp#27;[0;39m &amp#27;[2m[           main]&amp#27;[0;39m &amp#27;[2m&amp#27;[0;39m&amp#27;[36morg.hibernate.SQL                       &amp#27;[0;39m &amp#27;[2m:&amp#27;[0;39m 
    /* <criteria> */ select
        d1_0.id,
        d1_0.actualizado_en,
        d1_0.codigo_penal,
        d1_0.creado_en,
        d1_0.descripcion,
        d1_0.nombre,
        d1_0.pena_maxima,
        d1_0.pena_minima,
        d1_0.tipo_pena,
        d1_0.valoracion 
    from
        delito d1_0 
    where
        upper(d1_0.nombre) like upper(?) escape '\'
Hibernate: 
    /* <criteria> */ select
        d1_0.id,
        d1_0.actualizado_en,
        d1_0.codigo_penal,
        d1_0.creado_en,
        d1_0.descripcion,
        d1_0.nombre,
        d1_0.pena_maxima,
        d1_0.pena_minima,
        d1_0.tipo_pena,
        d1_0.valoracion 
    from
        delito d1_0 
    where
        upper(d1_0.nombre) like upper(?) escape '\'
&amp#27;[2m2025-05-11T11:17:46.941-03:00&amp#27;[0;39m &amp#27;[32m INFO&amp#27;[0;39m &amp#27;[35m16907&amp#27;[0;39m &amp#27;[2m---&amp#27;[0;39m &amp#27;[2m[           main]&amp#27;[0;39m &amp#27;[2m&amp#27;[0;39m&amp#27;[36mi.StatisticalLoggingSessionEventListener&amp#27;[0;39m &amp#27;[2m:&amp#27;[0;39m Session Metrics {
    10167 nanoseconds spent acquiring 1 JDBC connections;
    0 nanoseconds spent releasing 0 JDBC connections;
    26958 nanoseconds spent preparing 1 JDBC statements;
    1020958 nanoseconds spent executing 1 JDBC statements;
    0 nanoseconds spent executing 0 JDBC batches;
    0 nanoseconds spent performing 0 L2C puts;
    0 nanoseconds spent performing 0 L2C hits;
    0 nanoseconds spent performing 0 L2C misses;
    0 nanoseconds spent executing 0 flushes (flushing a total of 0 entities and 0 collections);
    0 nanoseconds spent executing 0 partial-flushes (flushing a total of 0 entities and 0 collections)
}
&amp#27;[2m2025-05-11T11:17:46.942-03:00&amp#27;[0;39m &amp#27;[32mDEBUG&amp#27;[0;39m &amp#27;[35m16907&amp#27;[0;39m &amp#27;[2m---&amp#27;[0;39m &amp#27;[2m[           main]&amp#27;[0;39m &amp#27;[2m&amp#27;[0;39m&amp#27;[36morg.hibernate.SQL                       &amp#27;[0;39m &amp#27;[2m:&amp#27;[0;39m 
    select
        seq_delito.nextval 
    from
        dual
Hibernate: 
    select
        seq_delito.nextval 
    from
        dual
&amp#27;[2m2025-05-11T11:17:46.943-03:00&amp#27;[0;39m &amp#27;[32mDEBUG&amp#27;[0;39m &amp#27;[35m16907&amp#27;[0;39m &amp#27;[2m---&amp#27;[0;39m &amp#27;[2m[           main]&amp#27;[0;39m &amp#27;[2m&amp#27;[0;39m&amp#27;[36morg.hibernate.SQL                       &amp#27;[0;39m &amp#27;[2m:&amp#27;[0;39m 
    /* insert for
        com.cufre.expedientes.model.Delito */insert 
    into
        delito (actualizado_en, codigo_penal, creado_en, descripcion, nombre, pena_maxima, pena_minima, tipo_pena, valoracion, id) 
    values
        (?, ?, ?, ?, ?, ?, ?, ?, ?, ?)
Hibernate: 
    /* insert for
        com.cufre.expedientes.model.Delito */insert 
    into
        delito (actualizado_en, codigo_penal, creado_en, descripcion, nombre, pena_maxima, pena_minima, tipo_pena, valoracion, id) 
    values
        (?, ?, ?, ?, ?, ?, ?, ?, ?, ?)
&amp#27;[2m2025-05-11T11:17:46.944-03:00&amp#27;[0;39m &amp#27;[32m INFO&amp#27;[0;39m &amp#27;[35m16907&amp#27;[0;39m &amp#27;[2m---&amp#27;[0;39m &amp#27;[2m[           main]&amp#27;[0;39m &amp#27;[2m&amp#27;[0;39m&amp#27;[36mi.StatisticalLoggingSessionEventListener&amp#27;[0;39m &amp#27;[2m:&amp#27;[0;39m Session Metrics {
    10792 nanoseconds spent acquiring 1 JDBC connections;
    0 nanoseconds spent releasing 0 JDBC connections;
    21750 nanoseconds spent preparing 2 JDBC statements;
    423625 nanoseconds spent executing 1 JDBC statements;
    495250 nanoseconds spent executing 1 JDBC batches;
    0 nanoseconds spent performing 0 L2C puts;
    0 nanoseconds spent performing 0 L2C hits;
    0 nanoseconds spent performing 0 L2C misses;
    883625 nanoseconds spent executing 1 flushes (flushing a total of 1 entities and 1 collections);
    0 nanoseconds spent executing 0 partial-flushes (flushing a total of 0 entities and 0 collections)
}
&amp#27;[2m2025-05-11T11:17:46.945-03:00&amp#27;[0;39m &amp#27;[32mDEBUG&amp#27;[0;39m &amp#27;[35m16907&amp#27;[0;39m &amp#27;[2m---&amp#27;[0;39m &amp#27;[2m[           main]&amp#27;[0;39m &amp#27;[2m&amp#27;[0;39m&amp#27;[36morg.hibernate.SQL                       &amp#27;[0;39m &amp#27;[2m:&amp#27;[0;39m 
    /* <criteria> */ select
        d1_0.id,
        d1_0.actualizado_en,
        d1_0.codigo_penal,
        d1_0.creado_en,
        d1_0.descripcion,
        d1_0.nombre,
        d1_0.pena_maxima,
        d1_0.pena_minima,
        d1_0.tipo_pena,
        d1_0.valoracion 
    from
        delito d1_0 
    where
        upper(d1_0.nombre) like upper(?) escape '\'
Hibernate: 
    /* <criteria> */ select
        d1_0.id,
        d1_0.actualizado_en,
        d1_0.codigo_penal,
        d1_0.creado_en,
        d1_0.descripcion,
        d1_0.nombre,
        d1_0.pena_maxima,
        d1_0.pena_minima,
        d1_0.tipo_pena,
        d1_0.valoracion 
    from
        delito d1_0 
    where
        upper(d1_0.nombre) like upper(?) escape '\'
&amp#27;[2m2025-05-11T11:17:46.946-03:00&amp#27;[0;39m &amp#27;[32m INFO&amp#27;[0;39m &amp#27;[35m16907&amp#27;[0;39m &amp#27;[2m---&amp#27;[0;39m &amp#27;[2m[           main]&amp#27;[0;39m &amp#27;[2m&amp#27;[0;39m&amp#27;[36mi.StatisticalLoggingSessionEventListener&amp#27;[0;39m &amp#27;[2m:&amp#27;[0;39m Session Metrics {
    7292 nanoseconds spent acquiring 1 JDBC connections;
    0 nanoseconds spent releasing 0 JDBC connections;
    20792 nanoseconds spent preparing 1 JDBC statements;
    980542 nanoseconds spent executing 1 JDBC statements;
    0 nanoseconds spent executing 0 JDBC batches;
    0 nanoseconds spent performing 0 L2C puts;
    0 nanoseconds spent performing 0 L2C hits;
    0 nanoseconds spent performing 0 L2C misses;
    0 nanoseconds spent executing 0 flushes (flushing a total of 0 entities and 0 collections);
    0 nanoseconds spent executing 0 partial-flushes (flushing a total of 0 entities and 0 collections)
}
&amp#27;[2m2025-05-11T11:17:46.946-03:00&amp#27;[0;39m &amp#27;[32mDEBUG&amp#27;[0;39m &amp#27;[35m16907&amp#27;[0;39m &amp#27;[2m---&amp#27;[0;39m &amp#27;[2m[           main]&amp#27;[0;39m &amp#27;[2m&amp#27;[0;39m&amp#27;[36morg.hibernate.SQL                       &amp#27;[0;39m &amp#27;[2m:&amp#27;[0;39m 
    select
        seq_delito.nextval 
    from
        dual
Hibernate: 
    select
        seq_delito.nextval 
    from
        dual
&amp#27;[2m2025-05-11T11:17:46.947-03:00&amp#27;[0;39m &amp#27;[32mDEBUG&amp#27;[0;39m &amp#27;[35m16907&amp#27;[0;39m &amp#27;[2m---&amp#27;[0;39m &amp#27;[2m[           main]&amp#27;[0;39m &amp#27;[2m&amp#27;[0;39m&amp#27;[36morg.hibernate.SQL                       &amp#27;[0;39m &amp#27;[2m:&amp#27;[0;39m 
    /* insert for
        com.cufre.expedientes.model.Delito */insert 
    into
        delito (actualizado_en, codigo_penal, creado_en, descripcion, nombre, pena_maxima, pena_minima, tipo_pena, valoracion, id) 
    values
        (?, ?, ?, ?, ?, ?, ?, ?, ?, ?)
Hibernate: 
    /* insert for
        com.cufre.expedientes.model.Delito */insert 
    into
        delito (actualizado_en, codigo_penal, creado_en, descripcion, nombre, pena_maxima, pena_minima, tipo_pena, valoracion, id) 
    values
        (?, ?, ?, ?, ?, ?, ?, ?, ?, ?)
&amp#27;[2m2025-05-11T11:17:46.948-03:00&amp#27;[0;39m &amp#27;[32m INFO&amp#27;[0;39m &amp#27;[35m16907&amp#27;[0;39m &amp#27;[2m---&amp#27;[0;39m &amp#27;[2m[           main]&amp#27;[0;39m &amp#27;[2m&amp#27;[0;39m&amp#27;[36mi.StatisticalLoggingSessionEventListener&amp#27;[0;39m &amp#27;[2m:&amp#27;[0;39m Session Metrics {
    4042 nanoseconds spent acquiring 1 JDBC connections;
    0 nanoseconds spent releasing 0 JDBC connections;
    18249 nanoseconds spent preparing 2 JDBC statements;
    295708 nanoseconds spent executing 1 JDBC statements;
    489042 nanoseconds spent executing 1 JDBC batches;
    0 nanoseconds spent performing 0 L2C puts;
    0 nanoseconds spent performing 0 L2C hits;
    0 nanoseconds spent performing 0 L2C misses;
    841167 nanoseconds spent executing 1 flushes (flushing a total of 1 entities and 1 collections);
    0 nanoseconds spent executing 0 partial-flushes (flushing a total of 0 entities and 0 collections)
}
&amp#27;[2m2025-05-11T11:17:46.949-03:00&amp#27;[0;39m &amp#27;[32mDEBUG&amp#27;[0;39m &amp#27;[35m16907&amp#27;[0;39m &amp#27;[2m---&amp#27;[0;39m &amp#27;[2m[           main]&amp#27;[0;39m &amp#27;[2m&amp#27;[0;39m&amp#27;[36morg.hibernate.SQL                       &amp#27;[0;39m &amp#27;[2m:&amp#27;[0;39m 
    /* <criteria> */ select
        d1_0.id,
        d1_0.actualizado_en,
        d1_0.codigo_penal,
        d1_0.creado_en,
        d1_0.descripcion,
        d1_0.nombre,
        d1_0.pena_maxima,
        d1_0.pena_minima,
        d1_0.tipo_pena,
        d1_0.valoracion 
    from
        delito d1_0 
    where
        upper(d1_0.nombre) like upper(?) escape '\'
Hibernate: 
    /* <criteria> */ select
        d1_0.id,
        d1_0.actualizado_en,
        d1_0.codigo_penal,
        d1_0.creado_en,
        d1_0.descripcion,
        d1_0.nombre,
        d1_0.pena_maxima,
        d1_0.pena_minima,
        d1_0.tipo_pena,
        d1_0.valoracion 
    from
        delito d1_0 
    where
        upper(d1_0.nombre) like upper(?) escape '\'
&amp#27;[2m2025-05-11T11:17:46.950-03:00&amp#27;[0;39m &amp#27;[32m INFO&amp#27;[0;39m &amp#27;[35m16907&amp#27;[0;39m &amp#27;[2m---&amp#27;[0;39m &amp#27;[2m[           main]&amp#27;[0;39m &amp#27;[2m&amp#27;[0;39m&amp#27;[36mi.StatisticalLoggingSessionEventListener&amp#27;[0;39m &amp#27;[2m:&amp#27;[0;39m Session Metrics {
    7000 nanoseconds spent acquiring 1 JDBC connections;
    0 nanoseconds spent releasing 0 JDBC connections;
    19500 nanoseconds spent preparing 1 JDBC statements;
    899209 nanoseconds spent executing 1 JDBC statements;
    0 nanoseconds spent executing 0 JDBC batches;
    0 nanoseconds spent performing 0 L2C puts;
    0 nanoseconds spent performing 0 L2C hits;
    0 nanoseconds spent performing 0 L2C misses;
    0 nanoseconds spent executing 0 flushes (flushing a total of 0 entities and 0 collections);
    0 nanoseconds spent executing 0 partial-flushes (flushing a total of 0 entities and 0 collections)
}
&amp#27;[2m2025-05-11T11:17:46.950-03:00&amp#27;[0;39m &amp#27;[32mDEBUG&amp#27;[0;39m &amp#27;[35m16907&amp#27;[0;39m &amp#27;[2m---&amp#27;[0;39m &amp#27;[2m[           main]&amp#27;[0;39m &amp#27;[2m&amp#27;[0;39m&amp#27;[36morg.hibernate.SQL                       &amp#27;[0;39m &amp#27;[2m:&amp#27;[0;39m 
    select
        seq_delito.nextval 
    from
        dual
Hibernate: 
    select
        seq_delito.nextval 
    from
        dual
&amp#27;[2m2025-05-11T11:17:46.950-03:00&amp#27;[0;39m &amp#27;[32mDEBUG&amp#27;[0;39m &amp#27;[35m16907&amp#27;[0;39m &amp#27;[2m---&amp#27;[0;39m &amp#27;[2m[           main]&amp#27;[0;39m &amp#27;[2m&amp#27;[0;39m&amp#27;[36morg.hibernate.SQL                       &amp#27;[0;39m &amp#27;[2m:&amp#27;[0;39m 
    /* insert for
        com.cufre.expedientes.model.Delito */insert 
    into
        delito (actualizado_en, codigo_penal, creado_en, descripcion, nombre, pena_maxima, pena_minima, tipo_pena, valoracion, id) 
    values
        (?, ?, ?, ?, ?, ?, ?, ?, ?, ?)
Hibernate: 
    /* insert for
        com.cufre.expedientes.model.Delito */insert 
    into
        delito (actualizado_en, codigo_penal, creado_en, descripcion, nombre, pena_maxima, pena_minima, tipo_pena, valoracion, id) 
    values
        (?, ?, ?, ?, ?, ?, ?, ?, ?, ?)
&amp#27;[2m2025-05-11T11:17:46.952-03:00&amp#27;[0;39m &amp#27;[32m INFO&amp#27;[0;39m &amp#27;[35m16907&amp#27;[0;39m &amp#27;[2m---&amp#27;[0;39m &amp#27;[2m[           main]&amp#27;[0;39m &amp#27;[2m&amp#27;[0;39m&amp#27;[36mi.StatisticalLoggingSessionEventListener&amp#27;[0;39m &amp#27;[2m:&amp#27;[0;39m Session Metrics {
    4667 nanoseconds spent acquiring 1 JDBC connections;
    0 nanoseconds spent releasing 0 JDBC connections;
    16833 nanoseconds spent preparing 2 JDBC statements;
    269708 nanoseconds spent executing 1 JDBC statements;
    443917 nanoseconds spent executing 1 JDBC batches;
    0 nanoseconds spent performing 0 L2C puts;
    0 nanoseconds spent performing 0 L2C hits;
    0 nanoseconds spent performing 0 L2C misses;
    877000 nanoseconds spent executing 1 flushes (flushing a total of 1 entities and 1 collections);
    0 nanoseconds spent executing 0 partial-flushes (flushing a total of 0 entities and 0 collections)
}
&amp#27;[2m2025-05-11T11:17:46.952-03:00&amp#27;[0;39m &amp#27;[32mDEBUG&amp#27;[0;39m &amp#27;[35m16907&amp#27;[0;39m &amp#27;[2m---&amp#27;[0;39m &amp#27;[2m[           main]&amp#27;[0;39m &amp#27;[2m&amp#27;[0;39m&amp#27;[36morg.hibernate.SQL                       &amp#27;[0;39m &amp#27;[2m:&amp#27;[0;39m 
    /* <criteria> */ select
        d1_0.id,
        d1_0.actualizado_en,
        d1_0.codigo_penal,
        d1_0.creado_en,
        d1_0.descripcion,
        d1_0.nombre,
        d1_0.pena_maxima,
        d1_0.pena_minima,
        d1_0.tipo_pena,
        d1_0.valoracion 
    from
        delito d1_0 
    where
        upper(d1_0.nombre) like upper(?) escape '\'
Hibernate: 
    /* <criteria> */ select
        d1_0.id,
        d1_0.actualizado_en,
        d1_0.codigo_penal,
        d1_0.creado_en,
        d1_0.descripcion,
        d1_0.nombre,
        d1_0.pena_maxima,
        d1_0.pena_minima,
        d1_0.tipo_pena,
        d1_0.valoracion 
    from
        delito d1_0 
    where
        upper(d1_0.nombre) like upper(?) escape '\'
&amp#27;[2m2025-05-11T11:17:46.953-03:00&amp#27;[0;39m &amp#27;[32m INFO&amp#27;[0;39m &amp#27;[35m16907&amp#27;[0;39m &amp#27;[2m---&amp#27;[0;39m &amp#27;[2m[           main]&amp#27;[0;39m &amp#27;[2m&amp#27;[0;39m&amp#27;[36mi.StatisticalLoggingSessionEventListener&amp#27;[0;39m &amp#27;[2m:&amp#27;[0;39m Session Metrics {
    6667 nanoseconds spent acquiring 1 JDBC connections;
    0 nanoseconds spent releasing 0 JDBC connections;
    20667 nanoseconds spent preparing 1 JDBC statements;
    870500 nanoseconds spent executing 1 JDBC statements;
    0 nanoseconds spent executing 0 JDBC batches;
    0 nanoseconds spent performing 0 L2C puts;
    0 nanoseconds spent performing 0 L2C hits;
    0 nanoseconds spent performing 0 L2C misses;
    0 nanoseconds spent executing 0 flushes (flushing a total of 0 entities and 0 collections);
    0 nanoseconds spent executing 0 partial-flushes (flushing a total of 0 entities and 0 collections)
}
&amp#27;[2m2025-05-11T11:17:46.953-03:00&amp#27;[0;39m &amp#27;[32mDEBUG&amp#27;[0;39m &amp#27;[35m16907&amp#27;[0;39m &amp#27;[2m---&amp#27;[0;39m &amp#27;[2m[           main]&amp#27;[0;39m &amp#27;[2m&amp#27;[0;39m&amp#27;[36morg.hibernate.SQL                       &amp#27;[0;39m &amp#27;[2m:&amp#27;[0;39m 
    select
        seq_delito.nextval 
    from
        dual
Hibernate: 
    select
        seq_delito.nextval 
    from
        dual
&amp#27;[2m2025-05-11T11:17:46.954-03:00&amp#27;[0;39m &amp#27;[32mDEBUG&amp#27;[0;39m &amp#27;[35m16907&amp#27;[0;39m &amp#27;[2m---&amp#27;[0;39m &amp#27;[2m[           main]&amp#27;[0;39m &amp#27;[2m&amp#27;[0;39m&amp#27;[36morg.hibernate.SQL                       &amp#27;[0;39m &amp#27;[2m:&amp#27;[0;39m 
    /* insert for
        com.cufre.expedientes.model.Delito */insert 
    into
        delito (actualizado_en, codigo_penal, creado_en, descripcion, nombre, pena_maxima, pena_minima, tipo_pena, valoracion, id) 
    values
        (?, ?, ?, ?, ?, ?, ?, ?, ?, ?)
Hibernate: 
    /* insert for
        com.cufre.expedientes.model.Delito */insert 
    into
        delito (actualizado_en, codigo_penal, creado_en, descripcion, nombre, pena_maxima, pena_minima, tipo_pena, valoracion, id) 
    values
        (?, ?, ?, ?, ?, ?, ?, ?, ?, ?)
&amp#27;[2m2025-05-11T11:17:46.955-03:00&amp#27;[0;39m &amp#27;[32m INFO&amp#27;[0;39m &amp#27;[35m16907&amp#27;[0;39m &amp#27;[2m---&amp#27;[0;39m &amp#27;[2m[           main]&amp#27;[0;39m &amp#27;[2m&amp#27;[0;39m&amp#27;[36mi.StatisticalLoggingSessionEventListener&amp#27;[0;39m &amp#27;[2m:&amp#27;[0;39m Session Metrics {
    4583 nanoseconds spent acquiring 1 JDBC connections;
    0 nanoseconds spent releasing 0 JDBC connections;
    15333 nanoseconds spent preparing 2 JDBC statements;
    292792 nanoseconds spent executing 1 JDBC statements;
    392083 nanoseconds spent executing 1 JDBC batches;
    0 nanoseconds spent performing 0 L2C puts;
    0 nanoseconds spent performing 0 L2C hits;
    0 nanoseconds spent performing 0 L2C misses;
    704916 nanoseconds spent executing 1 flushes (flushing a total of 1 entities and 1 collections);
    0 nanoseconds spent executing 0 partial-flushes (flushing a total of 0 entities and 0 collections)
}
&amp#27;[2m2025-05-11T11:17:46.956-03:00&amp#27;[0;39m &amp#27;[32mDEBUG&amp#27;[0;39m &amp#27;[35m16907&amp#27;[0;39m &amp#27;[2m---&amp#27;[0;39m &amp#27;[2m[           main]&amp#27;[0;39m &amp#27;[2m&amp#27;[0;39m&amp#27;[36morg.hibernate.SQL                       &amp#27;[0;39m &amp#27;[2m:&amp#27;[0;39m 
    /* <criteria> */ select
        d1_0.id,
        d1_0.actualizado_en,
        d1_0.codigo_penal,
        d1_0.creado_en,
        d1_0.descripcion,
        d1_0.nombre,
        d1_0.pena_maxima,
        d1_0.pena_minima,
        d1_0.tipo_pena,
        d1_0.valoracion 
    from
        delito d1_0 
    where
        upper(d1_0.nombre) like upper(?) escape '\'
Hibernate: 
    /* <criteria> */ select
        d1_0.id,
        d1_0.actualizado_en,
        d1_0.codigo_penal,
        d1_0.creado_en,
        d1_0.descripcion,
        d1_0.nombre,
        d1_0.pena_maxima,
        d1_0.pena_minima,
        d1_0.tipo_pena,
        d1_0.valoracion 
    from
        delito d1_0 
    where
        upper(d1_0.nombre) like upper(?) escape '\'
&amp#27;[2m2025-05-11T11:17:46.957-03:00&amp#27;[0;39m &amp#27;[32m INFO&amp#27;[0;39m &amp#27;[35m16907&amp#27;[0;39m &amp#27;[2m---&amp#27;[0;39m &amp#27;[2m[           main]&amp#27;[0;39m &amp#27;[2m&amp#27;[0;39m&amp#27;[36mi.StatisticalLoggingSessionEventListener&amp#27;[0;39m &amp#27;[2m:&amp#27;[0;39m Session Metrics {
    6000 nanoseconds spent acquiring 1 JDBC connections;
    0 nanoseconds spent releasing 0 JDBC connections;
    18250 nanoseconds spent preparing 1 JDBC statements;
    972416 nanoseconds spent executing 1 JDBC statements;
    0 nanoseconds spent executing 0 JDBC batches;
    0 nanoseconds spent performing 0 L2C puts;
    0 nanoseconds spent performing 0 L2C hits;
    0 nanoseconds spent performing 0 L2C misses;
    0 nanoseconds spent executing 0 flushes (flushing a total of 0 entities and 0 collections);
    0 nanoseconds spent executing 0 partial-flushes (flushing a total of 0 entities and 0 collections)
}
&amp#27;[2m2025-05-11T11:17:46.957-03:00&amp#27;[0;39m &amp#27;[32mDEBUG&amp#27;[0;39m &amp#27;[35m16907&amp#27;[0;39m &amp#27;[2m---&amp#27;[0;39m &amp#27;[2m[           main]&amp#27;[0;39m &amp#27;[2m&amp#27;[0;39m&amp#27;[36morg.hibernate.SQL                       &amp#27;[0;39m &amp#27;[2m:&amp#27;[0;39m 
    select
        seq_delito.nextval 
    from
        dual
Hibernate: 
    select
        seq_delito.nextval 
    from
        dual
&amp#27;[2m2025-05-11T11:17:46.958-03:00&amp#27;[0;39m &amp#27;[32mDEBUG&amp#27;[0;39m &amp#27;[35m16907&amp#27;[0;39m &amp#27;[2m---&amp#27;[0;39m &amp#27;[2m[           main]&amp#27;[0;39m &amp#27;[2m&amp#27;[0;39m&amp#27;[36morg.hibernate.SQL                       &amp#27;[0;39m &amp#27;[2m:&amp#27;[0;39m 
    /* insert for
        com.cufre.expedientes.model.Delito */insert 
    into
        delito (actualizado_en, codigo_penal, creado_en, descripcion, nombre, pena_maxima, pena_minima, tipo_pena, valoracion, id) 
    values
        (?, ?, ?, ?, ?, ?, ?, ?, ?, ?)
Hibernate: 
    /* insert for
        com.cufre.expedientes.model.Delito */insert 
    into
        delito (actualizado_en, codigo_penal, creado_en, descripcion, nombre, pena_maxima, pena_minima, tipo_pena, valoracion, id) 
    values
        (?, ?, ?, ?, ?, ?, ?, ?, ?, ?)
&amp#27;[2m2025-05-11T11:17:46.959-03:00&amp#27;[0;39m &amp#27;[32m INFO&amp#27;[0;39m &amp#27;[35m16907&amp#27;[0;39m &amp#27;[2m---&amp#27;[0;39m &amp#27;[2m[           main]&amp#27;[0;39m &amp#27;[2m&amp#27;[0;39m&amp#27;[36mi.StatisticalLoggingSessionEventListener&amp#27;[0;39m &amp#27;[2m:&amp#27;[0;39m Session Metrics {
    5250 nanoseconds spent acquiring 1 JDBC connections;
    0 nanoseconds spent releasing 0 JDBC connections;
    25291 nanoseconds spent preparing 2 JDBC statements;
    349791 nanoseconds spent executing 1 JDBC statements;
    516292 nanoseconds spent executing 1 JDBC batches;
    0 nanoseconds spent performing 0 L2C puts;
    0 nanoseconds spent performing 0 L2C hits;
    0 nanoseconds spent performing 0 L2C misses;
    897833 nanoseconds spent executing 1 flushes (flushing a total of 1 entities and 1 collections);
    0 nanoseconds spent executing 0 partial-flushes (flushing a total of 0 entities and 0 collections)
}
&amp#27;[2m2025-05-11T11:17:46.960-03:00&amp#27;[0;39m &amp#27;[32mDEBUG&amp#27;[0;39m &amp#27;[35m16907&amp#27;[0;39m &amp#27;[2m---&amp#27;[0;39m &amp#27;[2m[           main]&amp#27;[0;39m &amp#27;[2m&amp#27;[0;39m&amp#27;[36morg.hibernate.SQL                       &amp#27;[0;39m &amp#27;[2m:&amp#27;[0;39m 
    /* <criteria> */ select
        d1_0.id,
        d1_0.actualizado_en,
        d1_0.codigo_penal,
        d1_0.creado_en,
        d1_0.descripcion,
        d1_0.nombre,
        d1_0.pena_maxima,
        d1_0.pena_minima,
        d1_0.tipo_pena,
        d1_0.valoracion 
    from
        delito d1_0 
    where
        upper(d1_0.nombre) like upper(?) escape '\'
Hibernate: 
    /* <criteria> */ select
        d1_0.id,
        d1_0.actualizado_en,
        d1_0.codigo_penal,
        d1_0.creado_en,
        d1_0.descripcion,
        d1_0.nombre,
        d1_0.pena_maxima,
        d1_0.pena_minima,
        d1_0.tipo_pena,
        d1_0.valoracion 
    from
        delito d1_0 
    where
        upper(d1_0.nombre) like upper(?) escape '\'
&amp#27;[2m2025-05-11T11:17:46.961-03:00&amp#27;[0;39m &amp#27;[32m INFO&amp#27;[0;39m &amp#27;[35m16907&amp#27;[0;39m &amp#27;[2m---&amp#27;[0;39m &amp#27;[2m[           main]&amp#27;[0;39m &amp#27;[2m&amp#27;[0;39m&amp#27;[36mi.StatisticalLoggingSessionEventListener&amp#27;[0;39m &amp#27;[2m:&amp#27;[0;39m Session Metrics {
    7167 nanoseconds spent acquiring 1 JDBC connections;
    0 nanoseconds spent releasing 0 JDBC connections;
    23792 nanoseconds spent preparing 1 JDBC statements;
    890542 nanoseconds spent executing 1 JDBC statements;
    0 nanoseconds spent executing 0 JDBC batches;
    0 nanoseconds spent performing 0 L2C puts;
    0 nanoseconds spent performing 0 L2C hits;
    0 nanoseconds spent performing 0 L2C misses;
    0 nanoseconds spent executing 0 flushes (flushing a total of 0 entities and 0 collections);
    0 nanoseconds spent executing 0 partial-flushes (flushing a total of 0 entities and 0 collections)
}
&amp#27;[2m2025-05-11T11:17:46.961-03:00&amp#27;[0;39m &amp#27;[32mDEBUG&amp#27;[0;39m &amp#27;[35m16907&amp#27;[0;39m &amp#27;[2m---&amp#27;[0;39m &amp#27;[2m[           main]&amp#27;[0;39m &amp#27;[2m&amp#27;[0;39m&amp#27;[36morg.hibernate.SQL                       &amp#27;[0;39m &amp#27;[2m:&amp#27;[0;39m 
    select
        seq_delito.nextval 
    from
        dual
Hibernate: 
    select
        seq_delito.nextval 
    from
        dual
&amp#27;[2m2025-05-11T11:17:46.962-03:00&amp#27;[0;39m &amp#27;[32mDEBUG&amp#27;[0;39m &amp#27;[35m16907&amp#27;[0;39m &amp#27;[2m---&amp#27;[0;39m &amp#27;[2m[           main]&amp#27;[0;39m &amp#27;[2m&amp#27;[0;39m&amp#27;[36morg.hibernate.SQL                       &amp#27;[0;39m &amp#27;[2m:&amp#27;[0;39m 
    /* insert for
        com.cufre.expedientes.model.Delito */insert 
    into
        delito (actualizado_en, codigo_penal, creado_en, descripcion, nombre, pena_maxima, pena_minima, tipo_pena, valoracion, id) 
    values
        (?, ?, ?, ?, ?, ?, ?, ?, ?, ?)
Hibernate: 
    /* insert for
        com.cufre.expedientes.model.Delito */insert 
    into
        delito (actualizado_en, codigo_penal, creado_en, descripcion, nombre, pena_maxima, pena_minima, tipo_pena, valoracion, id) 
    values
        (?, ?, ?, ?, ?, ?, ?, ?, ?, ?)
&amp#27;[2m2025-05-11T11:17:46.963-03:00&amp#27;[0;39m &amp#27;[32m INFO&amp#27;[0;39m &amp#27;[35m16907&amp#27;[0;39m &amp#27;[2m---&amp#27;[0;39m &amp#27;[2m[           main]&amp#27;[0;39m &amp#27;[2m&amp#27;[0;39m&amp#27;[36mi.StatisticalLoggingSessionEventListener&amp#27;[0;39m &amp#27;[2m:&amp#27;[0;39m Session Metrics {
    4625 nanoseconds spent acquiring 1 JDBC connections;
    0 nanoseconds spent releasing 0 JDBC connections;
    16666 nanoseconds spent preparing 2 JDBC statements;
    324333 nanoseconds spent executing 1 JDBC statements;
    487958 nanoseconds spent executing 1 JDBC batches;
    0 nanoseconds spent performing 0 L2C puts;
    0 nanoseconds spent performing 0 L2C hits;
    0 nanoseconds spent performing 0 L2C misses;
    847042 nanoseconds spent executing 1 flushes (flushing a total of 1 entities and 1 collections);
    0 nanoseconds spent executing 0 partial-flushes (flushing a total of 0 entities and 0 collections)
}
&amp#27;[2m2025-05-11T11:17:46.964-03:00&amp#27;[0;39m &amp#27;[32mDEBUG&amp#27;[0;39m &amp#27;[35m16907&amp#27;[0;39m &amp#27;[2m---&amp#27;[0;39m &amp#27;[2m[           main]&amp#27;[0;39m &amp#27;[2m&amp#27;[0;39m&amp#27;[36morg.hibernate.SQL                       &amp#27;[0;39m &amp#27;[2m:&amp#27;[0;39m 
    /* <criteria> */ select
        d1_0.id,
        d1_0.actualizado_en,
        d1_0.codigo_penal,
        d1_0.creado_en,
        d1_0.descripcion,
        d1_0.nombre,
        d1_0.pena_maxima,
        d1_0.pena_minima,
        d1_0.tipo_pena,
        d1_0.valoracion 
    from
        delito d1_0 
    where
        upper(d1_0.nombre) like upper(?) escape '\'
Hibernate: 
    /* <criteria> */ select
        d1_0.id,
        d1_0.actualizado_en,
        d1_0.codigo_penal,
        d1_0.creado_en,
        d1_0.descripcion,
        d1_0.nombre,
        d1_0.pena_maxima,
        d1_0.pena_minima,
        d1_0.tipo_pena,
        d1_0.valoracion 
    from
        delito d1_0 
    where
        upper(d1_0.nombre) like upper(?) escape '\'
&amp#27;[2m2025-05-11T11:17:46.965-03:00&amp#27;[0;39m &amp#27;[32m INFO&amp#27;[0;39m &amp#27;[35m16907&amp#27;[0;39m &amp#27;[2m---&amp#27;[0;39m &amp#27;[2m[           main]&amp#27;[0;39m &amp#27;[2m&amp#27;[0;39m&amp#27;[36mi.StatisticalLoggingSessionEventListener&amp#27;[0;39m &amp#27;[2m:&amp#27;[0;39m Session Metrics {
    6458 nanoseconds spent acquiring 1 JDBC connections;
    0 nanoseconds spent releasing 0 JDBC connections;
    21750 nanoseconds spent preparing 1 JDBC statements;
    927750 nanoseconds spent executing 1 JDBC statements;
    0 nanoseconds spent executing 0 JDBC batches;
    0 nanoseconds spent performing 0 L2C puts;
    0 nanoseconds spent performing 0 L2C hits;
    0 nanoseconds spent performing 0 L2C misses;
    0 nanoseconds spent executing 0 flushes (flushing a total of 0 entities and 0 collections);
    0 nanoseconds spent executing 0 partial-flushes (flushing a total of 0 entities and 0 collections)
}
&amp#27;[2m2025-05-11T11:17:46.965-03:00&amp#27;[0;39m &amp#27;[32mDEBUG&amp#27;[0;39m &amp#27;[35m16907&amp#27;[0;39m &amp#27;[2m---&amp#27;[0;39m &amp#27;[2m[           main]&amp#27;[0;39m &amp#27;[2m&amp#27;[0;39m&amp#27;[36morg.hibernate.SQL                       &amp#27;[0;39m &amp#27;[2m:&amp#27;[0;39m 
    select
        seq_delito.nextval 
    from
        dual
Hibernate: 
    select
        seq_delito.nextval 
    from
        dual
&amp#27;[2m2025-05-11T11:17:46.966-03:00&amp#27;[0;39m &amp#27;[32mDEBUG&amp#27;[0;39m &amp#27;[35m16907&amp#27;[0;39m &amp#27;[2m---&amp#27;[0;39m &amp#27;[2m[           main]&amp#27;[0;39m &amp#27;[2m&amp#27;[0;39m&amp#27;[36morg.hibernate.SQL                       &amp#27;[0;39m &amp#27;[2m:&amp#27;[0;39m 
    /* insert for
        com.cufre.expedientes.model.Delito */insert 
    into
        delito (actualizado_en, codigo_penal, creado_en, descripcion, nombre, pena_maxima, pena_minima, tipo_pena, valoracion, id) 
    values
        (?, ?, ?, ?, ?, ?, ?, ?, ?, ?)
Hibernate: 
    /* insert for
        com.cufre.expedientes.model.Delito */insert 
    into
        delito (actualizado_en, codigo_penal, creado_en, descripcion, nombre, pena_maxima, pena_minima, tipo_pena, valoracion, id) 
    values
        (?, ?, ?, ?, ?, ?, ?, ?, ?, ?)
&amp#27;[2m2025-05-11T11:17:46.968-03:00&amp#27;[0;39m &amp#27;[32m INFO&amp#27;[0;39m &amp#27;[35m16907&amp#27;[0;39m &amp#27;[2m---&amp#27;[0;39m &amp#27;[2m[           main]&amp#27;[0;39m &amp#27;[2m&amp#27;[0;39m&amp#27;[36mi.StatisticalLoggingSessionEventListener&amp#27;[0;39m &amp#27;[2m:&amp#27;[0;39m Session Metrics {
    5709 nanoseconds spent acquiring 1 JDBC connections;
    0 nanoseconds spent releasing 0 JDBC connections;
    19917 nanoseconds spent preparing 2 JDBC statements;
    369750 nanoseconds spent executing 1 JDBC statements;
    543167 nanoseconds spent executing 1 JDBC batches;
    0 nanoseconds spent performing 0 L2C puts;
    0 nanoseconds spent performing 0 L2C hits;
    0 nanoseconds spent performing 0 L2C misses;
    893583 nanoseconds spent executing 1 flushes (flushing a total of 1 entities and 1 collections);
    0 nanoseconds spent executing 0 partial-flushes (flushing a total of 0 entities and 0 collections)
}
&amp#27;[2m2025-05-11T11:17:46.968-03:00&amp#27;[0;39m &amp#27;[32mDEBUG&amp#27;[0;39m &amp#27;[35m16907&amp#27;[0;39m &amp#27;[2m---&amp#27;[0;39m &amp#27;[2m[           main]&amp#27;[0;39m &amp#27;[2m&amp#27;[0;39m&amp#27;[36morg.hibernate.SQL                       &amp#27;[0;39m &amp#27;[2m:&amp#27;[0;39m 
    /* <criteria> */ select
        d1_0.id,
        d1_0.actualizado_en,
        d1_0.codigo_penal,
        d1_0.creado_en,
        d1_0.descripcion,
        d1_0.nombre,
        d1_0.pena_maxima,
        d1_0.pena_minima,
        d1_0.tipo_pena,
        d1_0.valoracion 
    from
        delito d1_0 
    where
        upper(d1_0.nombre) like upper(?) escape '\'
Hibernate: 
    /* <criteria> */ select
        d1_0.id,
        d1_0.actualizado_en,
        d1_0.codigo_penal,
        d1_0.creado_en,
        d1_0.descripcion,
        d1_0.nombre,
        d1_0.pena_maxima,
        d1_0.pena_minima,
        d1_0.tipo_pena,
        d1_0.valoracion 
    from
        delito d1_0 
    where
        upper(d1_0.nombre) like upper(?) escape '\'
&amp#27;[2m2025-05-11T11:17:46.970-03:00&amp#27;[0;39m &amp#27;[32m INFO&amp#27;[0;39m &amp#27;[35m16907&amp#27;[0;39m &amp#27;[2m---&amp#27;[0;39m &amp#27;[2m[           main]&amp#27;[0;39m &amp#27;[2m&amp#27;[0;39m&amp#27;[36mi.StatisticalLoggingSessionEventListener&amp#27;[0;39m &amp#27;[2m:&amp#27;[0;39m Session Metrics {
    6750 nanoseconds spent acquiring 1 JDBC connections;
    0 nanoseconds spent releasing 0 JDBC connections;
    19750 nanoseconds spent preparing 1 JDBC statements;
    1027292 nanoseconds spent executing 1 JDBC statements;
    0 nanoseconds spent executing 0 JDBC batches;
    0 nanoseconds spent performing 0 L2C puts;
    0 nanoseconds spent performing 0 L2C hits;
    0 nanoseconds spent performing 0 L2C misses;
    0 nanoseconds spent executing 0 flushes (flushing a total of 0 entities and 0 collections);
    0 nanoseconds spent executing 0 partial-flushes (flushing a total of 0 entities and 0 collections)
}
&amp#27;[2m2025-05-11T11:17:46.970-03:00&amp#27;[0;39m &amp#27;[32mDEBUG&amp#27;[0;39m &amp#27;[35m16907&amp#27;[0;39m &amp#27;[2m---&amp#27;[0;39m &amp#27;[2m[           main]&amp#27;[0;39m &amp#27;[2m&amp#27;[0;39m&amp#27;[36morg.hibernate.SQL                       &amp#27;[0;39m &amp#27;[2m:&amp#27;[0;39m 
    select
        seq_delito.nextval 
    from
        dual
Hibernate: 
    select
        seq_delito.nextval 
    from
        dual
&amp#27;[2m2025-05-11T11:17:46.971-03:00&amp#27;[0;39m &amp#27;[32mDEBUG&amp#27;[0;39m &amp#27;[35m16907&amp#27;[0;39m &amp#27;[2m---&amp#27;[0;39m &amp#27;[2m[           main]&amp#27;[0;39m &amp#27;[2m&amp#27;[0;39m&amp#27;[36morg.hibernate.SQL                       &amp#27;[0;39m &amp#27;[2m:&amp#27;[0;39m 
    /* insert for
        com.cufre.expedientes.model.Delito */insert 
    into
        delito (actualizado_en, codigo_penal, creado_en, descripcion, nombre, pena_maxima, pena_minima, tipo_pena, valoracion, id) 
    values
        (?, ?, ?, ?, ?, ?, ?, ?, ?, ?)
Hibernate: 
    /* insert for
        com.cufre.expedientes.model.Delito */insert 
    into
        delito (actualizado_en, codigo_penal, creado_en, descripcion, nombre, pena_maxima, pena_minima, tipo_pena, valoracion, id) 
    values
        (?, ?, ?, ?, ?, ?, ?, ?, ?, ?)
&amp#27;[2m2025-05-11T11:17:46.972-03:00&amp#27;[0;39m &amp#27;[32m INFO&amp#27;[0;39m &amp#27;[35m16907&amp#27;[0;39m &amp#27;[2m---&amp#27;[0;39m &amp#27;[2m[           main]&amp#27;[0;39m &amp#27;[2m&amp#27;[0;39m&amp#27;[36mi.StatisticalLoggingSessionEventListener&amp#27;[0;39m &amp#27;[2m:&amp#27;[0;39m Session Metrics {
    5291 nanoseconds spent acquiring 1 JDBC connections;
    0 nanoseconds spent releasing 0 JDBC connections;
    19209 nanoseconds spent preparing 2 JDBC statements;
    380167 nanoseconds spent executing 1 JDBC statements;
    413083 nanoseconds spent executing 1 JDBC batches;
    0 nanoseconds spent performing 0 L2C puts;
    0 nanoseconds spent performing 0 L2C hits;
    0 nanoseconds spent performing 0 L2C misses;
    762083 nanoseconds spent executing 1 flushes (flushing a total of 1 entities and 1 collections);
    0 nanoseconds spent executing 0 partial-flushes (flushing a total of 0 entities and 0 collections)
}
&amp#27;[2m2025-05-11T11:17:46.972-03:00&amp#27;[0;39m &amp#27;[32mDEBUG&amp#27;[0;39m &amp#27;[35m16907&amp#27;[0;39m &amp#27;[2m---&amp#27;[0;39m &amp#27;[2m[           main]&amp#27;[0;39m &amp#27;[2m&amp#27;[0;39m&amp#27;[36morg.hibernate.SQL                       &amp#27;[0;39m &amp#27;[2m:&amp#27;[0;39m 
    /* <criteria> */ select
        d1_0.id,
        d1_0.actualizado_en,
        d1_0.codigo_penal,
        d1_0.creado_en,
        d1_0.descripcion,
        d1_0.nombre,
        d1_0.pena_maxima,
        d1_0.pena_minima,
        d1_0.tipo_pena,
        d1_0.valoracion 
    from
        delito d1_0 
    where
        upper(d1_0.nombre) like upper(?) escape '\'
Hibernate: 
    /* <criteria> */ select
        d1_0.id,
        d1_0.actualizado_en,
        d1_0.codigo_penal,
        d1_0.creado_en,
        d1_0.descripcion,
        d1_0.nombre,
        d1_0.pena_maxima,
        d1_0.pena_minima,
        d1_0.tipo_pena,
        d1_0.valoracion 
    from
        delito d1_0 
    where
        upper(d1_0.nombre) like upper(?) escape '\'
&amp#27;[2m2025-05-11T11:17:46.974-03:00&amp#27;[0;39m &amp#27;[32m INFO&amp#27;[0;39m &amp#27;[35m16907&amp#27;[0;39m &amp#27;[2m---&amp#27;[0;39m &amp#27;[2m[           main]&amp#27;[0;39m &amp#27;[2m&amp#27;[0;39m&amp#27;[36mi.StatisticalLoggingSessionEventListener&amp#27;[0;39m &amp#27;[2m:&amp#27;[0;39m Session Metrics {
    6500 nanoseconds spent acquiring 1 JDBC connections;
    0 nanoseconds spent releasing 0 JDBC connections;
    29500 nanoseconds spent preparing 1 JDBC statements;
    951625 nanoseconds spent executing 1 JDBC statements;
    0 nanoseconds spent executing 0 JDBC batches;
    0 nanoseconds spent performing 0 L2C puts;
    0 nanoseconds spent performing 0 L2C hits;
    0 nanoseconds spent performing 0 L2C misses;
    0 nanoseconds spent executing 0 flushes (flushing a total of 0 entities and 0 collections);
    0 nanoseconds spent executing 0 partial-flushes (flushing a total of 0 entities and 0 collections)
}
&amp#27;[2m2025-05-11T11:17:46.974-03:00&amp#27;[0;39m &amp#27;[32mDEBUG&amp#27;[0;39m &amp#27;[35m16907&amp#27;[0;39m &amp#27;[2m---&amp#27;[0;39m &amp#27;[2m[           main]&amp#27;[0;39m &amp#27;[2m&amp#27;[0;39m&amp#27;[36morg.hibernate.SQL                       &amp#27;[0;39m &amp#27;[2m:&amp#27;[0;39m 
    select
        seq_delito.nextval 
    from
        dual
Hibernate: 
    select
        seq_delito.nextval 
    from
        dual
&amp#27;[2m2025-05-11T11:17:46.975-03:00&amp#27;[0;39m &amp#27;[32mDEBUG&amp#27;[0;39m &amp#27;[35m16907&amp#27;[0;39m &amp#27;[2m---&amp#27;[0;39m &amp#27;[2m[           main]&amp#27;[0;39m &amp#27;[2m&amp#27;[0;39m&amp#27;[36morg.hibernate.SQL                       &amp#27;[0;39m &amp#27;[2m:&amp#27;[0;39m 
    /* insert for
        com.cufre.expedientes.model.Delito */insert 
    into
        delito (actualizado_en, codigo_penal, creado_en, descripcion, nombre, pena_maxima, pena_minima, tipo_pena, valoracion, id) 
    values
        (?, ?, ?, ?, ?, ?, ?, ?, ?, ?)
Hibernate: 
    /* insert for
        com.cufre.expedientes.model.Delito */insert 
    into
        delito (actualizado_en, codigo_penal, creado_en, descripcion, nombre, pena_maxima, pena_minima, tipo_pena, valoracion, id) 
    values
        (?, ?, ?, ?, ?, ?, ?, ?, ?, ?)
&amp#27;[2m2025-05-11T11:17:46.976-03:00&amp#27;[0;39m &amp#27;[32m INFO&amp#27;[0;39m &amp#27;[35m16907&amp#27;[0;39m &amp#27;[2m---&amp#27;[0;39m &amp#27;[2m[           main]&amp#27;[0;39m &amp#27;[2m&amp#27;[0;39m&amp#27;[36mi.StatisticalLoggingSessionEventListener&amp#27;[0;39m &amp#27;[2m:&amp#27;[0;39m Session Metrics {
    4917 nanoseconds spent acquiring 1 JDBC connections;
    0 nanoseconds spent releasing 0 JDBC connections;
    26333 nanoseconds spent preparing 2 JDBC statements;
    322167 nanoseconds spent executing 1 JDBC statements;
    579542 nanoseconds spent executing 1 JDBC batches;
    0 nanoseconds spent performing 0 L2C puts;
    0 nanoseconds spent performing 0 L2C hits;
    0 nanoseconds spent performing 0 L2C misses;
    935000 nanoseconds spent executing 1 flushes (flushing a total of 1 entities and 1 collections);
    0 nanoseconds spent executing 0 partial-flushes (flushing a total of 0 entities and 0 collections)
}
&amp#27;[2m2025-05-11T11:17:46.977-03:00&amp#27;[0;39m &amp#27;[32mDEBUG&amp#27;[0;39m &amp#27;[35m16907&amp#27;[0;39m &amp#27;[2m---&amp#27;[0;39m &amp#27;[2m[           main]&amp#27;[0;39m &amp#27;[2m&amp#27;[0;39m&amp#27;[36morg.hibernate.SQL                       &amp#27;[0;39m &amp#27;[2m:&amp#27;[0;39m 
    /* <criteria> */ select
        d1_0.id,
        d1_0.actualizado_en,
        d1_0.codigo_penal,
        d1_0.creado_en,
        d1_0.descripcion,
        d1_0.nombre,
        d1_0.pena_maxima,
        d1_0.pena_minima,
        d1_0.tipo_pena,
        d1_0.valoracion 
    from
        delito d1_0 
    where
        upper(d1_0.nombre) like upper(?) escape '\'
Hibernate: 
    /* <criteria> */ select
        d1_0.id,
        d1_0.actualizado_en,
        d1_0.codigo_penal,
        d1_0.creado_en,
        d1_0.descripcion,
        d1_0.nombre,
        d1_0.pena_maxima,
        d1_0.pena_minima,
        d1_0.tipo_pena,
        d1_0.valoracion 
    from
        delito d1_0 
    where
        upper(d1_0.nombre) like upper(?) escape '\'
&amp#27;[2m2025-05-11T11:17:46.978-03:00&amp#27;[0;39m &amp#27;[32m INFO&amp#27;[0;39m &amp#27;[35m16907&amp#27;[0;39m &amp#27;[2m---&amp#27;[0;39m &amp#27;[2m[           main]&amp#27;[0;39m &amp#27;[2m&amp#27;[0;39m&amp#27;[36mi.StatisticalLoggingSessionEventListener&amp#27;[0;39m &amp#27;[2m:&amp#27;[0;39m Session Metrics {
    6584 nanoseconds spent acquiring 1 JDBC connections;
    0 nanoseconds spent releasing 0 JDBC connections;
    47292 nanoseconds spent preparing 1 JDBC statements;
    924750 nanoseconds spent executing 1 JDBC statements;
    0 nanoseconds spent executing 0 JDBC batches;
    0 nanoseconds spent performing 0 L2C puts;
    0 nanoseconds spent performing 0 L2C hits;
    0 nanoseconds spent performing 0 L2C misses;
    0 nanoseconds spent executing 0 flushes (flushing a total of 0 entities and 0 collections);
    0 nanoseconds spent executing 0 partial-flushes (flushing a total of 0 entities and 0 collections)
}
&amp#27;[2m2025-05-11T11:17:46.978-03:00&amp#27;[0;39m &amp#27;[32mDEBUG&amp#27;[0;39m &amp#27;[35m16907&amp#27;[0;39m &amp#27;[2m---&amp#27;[0;39m &amp#27;[2m[           main]&amp#27;[0;39m &amp#27;[2m&amp#27;[0;39m&amp#27;[36morg.hibernate.SQL                       &amp#27;[0;39m &amp#27;[2m:&amp#27;[0;39m 
    select
        seq_delito.nextval 
    from
        dual
Hibernate: 
    select
        seq_delito.nextval 
    from
        dual
&amp#27;[2m2025-05-11T11:17:46.980-03:00&amp#27;[0;39m &amp#27;[32mDEBUG&amp#27;[0;39m &amp#27;[35m16907&amp#27;[0;39m &amp#27;[2m---&amp#27;[0;39m &amp#27;[2m[           main]&amp#27;[0;39m &amp#27;[2m&amp#27;[0;39m&amp#27;[36morg.hibernate.SQL                       &amp#27;[0;39m &amp#27;[2m:&amp#27;[0;39m 
    /* insert for
        com.cufre.expedientes.model.Delito */insert 
    into
        delito (actualizado_en, codigo_penal, creado_en, descripcion, nombre, pena_maxima, pena_minima, tipo_pena, valoracion, id) 
    values
        (?, ?, ?, ?, ?, ?, ?, ?, ?, ?)
Hibernate: 
    /* insert for
        com.cufre.expedientes.model.Delito */insert 
    into
        delito (actualizado_en, codigo_penal, creado_en, descripcion, nombre, pena_maxima, pena_minima, tipo_pena, valoracion, id) 
    values
        (?, ?, ?, ?, ?, ?, ?, ?, ?, ?)
&amp#27;[2m2025-05-11T11:17:46.981-03:00&amp#27;[0;39m &amp#27;[32m INFO&amp#27;[0;39m &amp#27;[35m16907&amp#27;[0;39m &amp#27;[2m---&amp#27;[0;39m &amp#27;[2m[           main]&amp#27;[0;39m &amp#27;[2m&amp#27;[0;39m&amp#27;[36mi.StatisticalLoggingSessionEventListener&amp#27;[0;39m &amp#27;[2m:&amp#27;[0;39m Session Metrics {
    5458 nanoseconds spent acquiring 1 JDBC connections;
    0 nanoseconds spent releasing 0 JDBC connections;
    26333 nanoseconds spent preparing 2 JDBC statements;
    1011333 nanoseconds spent executing 1 JDBC statements;
    571333 nanoseconds spent executing 1 JDBC batches;
    0 nanoseconds spent performing 0 L2C puts;
    0 nanoseconds spent performing 0 L2C hits;
    0 nanoseconds spent performing 0 L2C misses;
    1063833 nanoseconds spent executing 1 flushes (flushing a total of 1 entities and 1 collections);
    0 nanoseconds spent executing 0 partial-flushes (flushing a total of 0 entities and 0 collections)
}
&amp#27;[2m2025-05-11T11:17:46.982-03:00&amp#27;[0;39m &amp#27;[32mDEBUG&amp#27;[0;39m &amp#27;[35m16907&amp#27;[0;39m &amp#27;[2m---&amp#27;[0;39m &amp#27;[2m[           main]&amp#27;[0;39m &amp#27;[2m&amp#27;[0;39m&amp#27;[36morg.hibernate.SQL                       &amp#27;[0;39m &amp#27;[2m:&amp#27;[0;39m 
    /* <criteria> */ select
        d1_0.id,
        d1_0.actualizado_en,
        d1_0.codigo_penal,
        d1_0.creado_en,
        d1_0.descripcion,
        d1_0.nombre,
        d1_0.pena_maxima,
        d1_0.pena_minima,
        d1_0.tipo_pena,
        d1_0.valoracion 
    from
        delito d1_0 
    where
        upper(d1_0.nombre) like upper(?) escape '\'
Hibernate: 
    /* <criteria> */ select
        d1_0.id,
        d1_0.actualizado_en,
        d1_0.codigo_penal,
        d1_0.creado_en,
        d1_0.descripcion,
        d1_0.nombre,
        d1_0.pena_maxima,
        d1_0.pena_minima,
        d1_0.tipo_pena,
        d1_0.valoracion 
    from
        delito d1_0 
    where
        upper(d1_0.nombre) like upper(?) escape '\'
&amp#27;[2m2025-05-11T11:17:46.983-03:00&amp#27;[0;39m &amp#27;[32m INFO&amp#27;[0;39m &amp#27;[35m16907&amp#27;[0;39m &amp#27;[2m---&amp#27;[0;39m &amp#27;[2m[           main]&amp#27;[0;39m &amp#27;[2m&amp#27;[0;39m&amp#27;[36mi.StatisticalLoggingSessionEventListener&amp#27;[0;39m &amp#27;[2m:&amp#27;[0;39m Session Metrics {
    10250 nanoseconds spent acquiring 1 JDBC connections;
    0 nanoseconds spent releasing 0 JDBC connections;
    25250 nanoseconds spent preparing 1 JDBC statements;
    1016209 nanoseconds spent executing 1 JDBC statements;
    0 nanoseconds spent executing 0 JDBC batches;
    0 nanoseconds spent performing 0 L2C puts;
    0 nanoseconds spent performing 0 L2C hits;
    0 nanoseconds spent performing 0 L2C misses;
    0 nanoseconds spent executing 0 flushes (flushing a total of 0 entities and 0 collections);
    0 nanoseconds spent executing 0 partial-flushes (flushing a total of 0 entities and 0 collections)
}
&amp#27;[2m2025-05-11T11:17:46.983-03:00&amp#27;[0;39m &amp#27;[32mDEBUG&amp#27;[0;39m &amp#27;[35m16907&amp#27;[0;39m &amp#27;[2m---&amp#27;[0;39m &amp#27;[2m[           main]&amp#27;[0;39m &amp#27;[2m&amp#27;[0;39m&amp#27;[36morg.hibernate.SQL                       &amp#27;[0;39m &amp#27;[2m:&amp#27;[0;39m 
    select
        seq_delito.nextval 
    from
        dual
Hibernate: 
    select
        seq_delito.nextval 
    from
        dual
&amp#27;[2m2025-05-11T11:17:46.984-03:00&amp#27;[0;39m &amp#27;[32mDEBUG&amp#27;[0;39m &amp#27;[35m16907&amp#27;[0;39m &amp#27;[2m---&amp#27;[0;39m &amp#27;[2m[           main]&amp#27;[0;39m &amp#27;[2m&amp#27;[0;39m&amp#27;[36morg.hibernate.SQL                       &amp#27;[0;39m &amp#27;[2m:&amp#27;[0;39m 
    /* insert for
        com.cufre.expedientes.model.Delito */insert 
    into
        delito (actualizado_en, codigo_penal, creado_en, descripcion, nombre, pena_maxima, pena_minima, tipo_pena, valoracion, id) 
    values
        (?, ?, ?, ?, ?, ?, ?, ?, ?, ?)
Hibernate: 
    /* insert for
        com.cufre.expedientes.model.Delito */insert 
    into
        delito (actualizado_en, codigo_penal, creado_en, descripcion, nombre, pena_maxima, pena_minima, tipo_pena, valoracion, id) 
    values
        (?, ?, ?, ?, ?, ?, ?, ?, ?, ?)
&amp#27;[2m2025-05-11T11:17:46.986-03:00&amp#27;[0;39m &amp#27;[32m INFO&amp#27;[0;39m &amp#27;[35m16907&amp#27;[0;39m &amp#27;[2m---&amp#27;[0;39m &amp#27;[2m[           main]&amp#27;[0;39m &amp#27;[2m&amp#27;[0;39m&amp#27;[36mi.StatisticalLoggingSessionEventListener&amp#27;[0;39m &amp#27;[2m:&amp#27;[0;39m Session Metrics {
    6709 nanoseconds spent acquiring 1 JDBC connections;
    0 nanoseconds spent releasing 0 JDBC connections;
    29667 nanoseconds spent preparing 2 JDBC statements;
    380792 nanoseconds spent executing 1 JDBC statements;
    693625 nanoseconds spent executing 1 JDBC batches;
    0 nanoseconds spent performing 0 L2C puts;
    0 nanoseconds spent performing 0 L2C hits;
    0 nanoseconds spent performing 0 L2C misses;
    1262500 nanoseconds spent executing 1 flushes (flushing a total of 1 entities and 1 collections);
    0 nanoseconds spent executing 0 partial-flushes (flushing a total of 0 entities and 0 collections)
}
&amp#27;[2m2025-05-11T11:17:46.987-03:00&amp#27;[0;39m &amp#27;[32mDEBUG&amp#27;[0;39m &amp#27;[35m16907&amp#27;[0;39m &amp#27;[2m---&amp#27;[0;39m &amp#27;[2m[           main]&amp#27;[0;39m &amp#27;[2m&amp#27;[0;39m&amp#27;[36morg.hibernate.SQL                       &amp#27;[0;39m &amp#27;[2m:&amp#27;[0;39m 
    /* <criteria> */ select
        d1_0.id,
        d1_0.actualizado_en,
        d1_0.codigo_penal,
        d1_0.creado_en,
        d1_0.descripcion,
        d1_0.nombre,
        d1_0.pena_maxima,
        d1_0.pena_minima,
        d1_0.tipo_pena,
        d1_0.valoracion 
    from
        delito d1_0 
    where
        upper(d1_0.nombre) like upper(?) escape '\'
Hibernate: 
    /* <criteria> */ select
        d1_0.id,
        d1_0.actualizado_en,
        d1_0.codigo_penal,
        d1_0.creado_en,
        d1_0.descripcion,
        d1_0.nombre,
        d1_0.pena_maxima,
        d1_0.pena_minima,
        d1_0.tipo_pena,
        d1_0.valoracion 
    from
        delito d1_0 
    where
        upper(d1_0.nombre) like upper(?) escape '\'
&amp#27;[2m2025-05-11T11:17:46.988-03:00&amp#27;[0;39m &amp#27;[32m INFO&amp#27;[0;39m &amp#27;[35m16907&amp#27;[0;39m &amp#27;[2m---&amp#27;[0;39m &amp#27;[2m[           main]&amp#27;[0;39m &amp#27;[2m&amp#27;[0;39m&amp#27;[36mi.StatisticalLoggingSessionEventListener&amp#27;[0;39m &amp#27;[2m:&amp#27;[0;39m Session Metrics {
    8000 nanoseconds spent acquiring 1 JDBC connections;
    0 nanoseconds spent releasing 0 JDBC connections;
    22292 nanoseconds spent preparing 1 JDBC statements;
    902334 nanoseconds spent executing 1 JDBC statements;
    0 nanoseconds spent executing 0 JDBC batches;
    0 nanoseconds spent performing 0 L2C puts;
    0 nanoseconds spent performing 0 L2C hits;
    0 nanoseconds spent performing 0 L2C misses;
    0 nanoseconds spent executing 0 flushes (flushing a total of 0 entities and 0 collections);
    0 nanoseconds spent executing 0 partial-flushes (flushing a total of 0 entities and 0 collections)
}
&amp#27;[2m2025-05-11T11:17:46.988-03:00&amp#27;[0;39m &amp#27;[32mDEBUG&amp#27;[0;39m &amp#27;[35m16907&amp#27;[0;39m &amp#27;[2m---&amp#27;[0;39m &amp#27;[2m[           main]&amp#27;[0;39m &amp#27;[2m&amp#27;[0;39m&amp#27;[36morg.hibernate.SQL                       &amp#27;[0;39m &amp#27;[2m:&amp#27;[0;39m 
    select
        seq_delito.nextval 
    from
        dual
Hibernate: 
    select
        seq_delito.nextval 
    from
        dual
&amp#27;[2m2025-05-11T11:17:46.989-03:00&amp#27;[0;39m &amp#27;[32mDEBUG&amp#27;[0;39m &amp#27;[35m16907&amp#27;[0;39m &amp#27;[2m---&amp#27;[0;39m &amp#27;[2m[           main]&amp#27;[0;39m &amp#27;[2m&amp#27;[0;39m&amp#27;[36morg.hibernate.SQL                       &amp#27;[0;39m &amp#27;[2m:&amp#27;[0;39m 
    /* insert for
        com.cufre.expedientes.model.Delito */insert 
    into
        delito (actualizado_en, codigo_penal, creado_en, descripcion, nombre, pena_maxima, pena_minima, tipo_pena, valoracion, id) 
    values
        (?, ?, ?, ?, ?, ?, ?, ?, ?, ?)
Hibernate: 
    /* insert for
        com.cufre.expedientes.model.Delito */insert 
    into
        delito (actualizado_en, codigo_penal, creado_en, descripcion, nombre, pena_maxima, pena_minima, tipo_pena, valoracion, id) 
    values
        (?, ?, ?, ?, ?, ?, ?, ?, ?, ?)
&amp#27;[2m2025-05-11T11:17:46.990-03:00&amp#27;[0;39m &amp#27;[32m INFO&amp#27;[0;39m &amp#27;[35m16907&amp#27;[0;39m &amp#27;[2m---&amp#27;[0;39m &amp#27;[2m[           main]&amp#27;[0;39m &amp#27;[2m&amp#27;[0;39m&amp#27;[36mi.StatisticalLoggingSessionEventListener&amp#27;[0;39m &amp#27;[2m:&amp#27;[0;39m Session Metrics {
    4709 nanoseconds spent acquiring 1 JDBC connections;
    0 nanoseconds spent releasing 0 JDBC connections;
    17499 nanoseconds spent preparing 2 JDBC statements;
    282125 nanoseconds spent executing 1 JDBC statements;
    497541 nanoseconds spent executing 1 JDBC batches;
    0 nanoseconds spent performing 0 L2C puts;
    0 nanoseconds spent performing 0 L2C hits;
    0 nanoseconds spent performing 0 L2C misses;
    896125 nanoseconds spent executing 1 flushes (flushing a total of 1 entities and 1 collections);
    0 nanoseconds spent executing 0 partial-flushes (flushing a total of 0 entities and 0 collections)
}
&amp#27;[2m2025-05-11T11:17:46.990-03:00&amp#27;[0;39m &amp#27;[32mDEBUG&amp#27;[0;39m &amp#27;[35m16907&amp#27;[0;39m &amp#27;[2m---&amp#27;[0;39m &amp#27;[2m[           main]&amp#27;[0;39m &amp#27;[2m&amp#27;[0;39m&amp#27;[36morg.hibernate.SQL                       &amp#27;[0;39m &amp#27;[2m:&amp#27;[0;39m 
    /* <criteria> */ select
        d1_0.id,
        d1_0.actualizado_en,
        d1_0.codigo_penal,
        d1_0.creado_en,
        d1_0.descripcion,
        d1_0.nombre,
        d1_0.pena_maxima,
        d1_0.pena_minima,
        d1_0.tipo_pena,
        d1_0.valoracion 
    from
        delito d1_0 
    where
        upper(d1_0.nombre) like upper(?) escape '\'
Hibernate: 
    /* <criteria> */ select
        d1_0.id,
        d1_0.actualizado_en,
        d1_0.codigo_penal,
        d1_0.creado_en,
        d1_0.descripcion,
        d1_0.nombre,
        d1_0.pena_maxima,
        d1_0.pena_minima,
        d1_0.tipo_pena,
        d1_0.valoracion 
    from
        delito d1_0 
    where
        upper(d1_0.nombre) like upper(?) escape '\'
&amp#27;[2m2025-05-11T11:17:46.991-03:00&amp#27;[0;39m &amp#27;[32m INFO&amp#27;[0;39m &amp#27;[35m16907&amp#27;[0;39m &amp#27;[2m---&amp#27;[0;39m &amp#27;[2m[           main]&amp#27;[0;39m &amp#27;[2m&amp#27;[0;39m&amp#27;[36mi.StatisticalLoggingSessionEventListener&amp#27;[0;39m &amp#27;[2m:&amp#27;[0;39m Session Metrics {
    6750 nanoseconds spent acquiring 1 JDBC connections;
    0 nanoseconds spent releasing 0 JDBC connections;
    18791 nanoseconds spent preparing 1 JDBC statements;
    883625 nanoseconds spent executing 1 JDBC statements;
    0 nanoseconds spent executing 0 JDBC batches;
    0 nanoseconds spent performing 0 L2C puts;
    0 nanoseconds spent performing 0 L2C hits;
    0 nanoseconds spent performing 0 L2C misses;
    0 nanoseconds spent executing 0 flushes (flushing a total of 0 entities and 0 collections);
    0 nanoseconds spent executing 0 partial-flushes (flushing a total of 0 entities and 0 collections)
}
&amp#27;[2m2025-05-11T11:17:46.992-03:00&amp#27;[0;39m &amp#27;[32mDEBUG&amp#27;[0;39m &amp#27;[35m16907&amp#27;[0;39m &amp#27;[2m---&amp#27;[0;39m &amp#27;[2m[           main]&amp#27;[0;39m &amp#27;[2m&amp#27;[0;39m&amp#27;[36morg.hibernate.SQL                       &amp#27;[0;39m &amp#27;[2m:&amp#27;[0;39m 
    select
        seq_delito.nextval 
    from
        dual
Hibernate: 
    select
        seq_delito.nextval 
    from
        dual
&amp#27;[2m2025-05-11T11:17:46.992-03:00&amp#27;[0;39m &amp#27;[32mDEBUG&amp#27;[0;39m &amp#27;[35m16907&amp#27;[0;39m &amp#27;[2m---&amp#27;[0;39m &amp#27;[2m[           main]&amp#27;[0;39m &amp#27;[2m&amp#27;[0;39m&amp#27;[36morg.hibernate.SQL                       &amp#27;[0;39m &amp#27;[2m:&amp#27;[0;39m 
    /* insert for
        com.cufre.expedientes.model.Delito */insert 
    into
        delito (actualizado_en, codigo_penal, creado_en, descripcion, nombre, pena_maxima, pena_minima, tipo_pena, valoracion, id) 
    values
        (?, ?, ?, ?, ?, ?, ?, ?, ?, ?)
Hibernate: 
    /* insert for
        com.cufre.expedientes.model.Delito */insert 
    into
        delito (actualizado_en, codigo_penal, creado_en, descripcion, nombre, pena_maxima, pena_minima, tipo_pena, valoracion, id) 
    values
        (?, ?, ?, ?, ?, ?, ?, ?, ?, ?)
&amp#27;[2m2025-05-11T11:17:46.993-03:00&amp#27;[0;39m &amp#27;[32m INFO&amp#27;[0;39m &amp#27;[35m16907&amp#27;[0;39m &amp#27;[2m---&amp#27;[0;39m &amp#27;[2m[           main]&amp#27;[0;39m &amp#27;[2m&amp#27;[0;39m&amp#27;[36mi.StatisticalLoggingSessionEventListener&amp#27;[0;39m &amp#27;[2m:&amp#27;[0;39m Session Metrics {
    4875 nanoseconds spent acquiring 1 JDBC connections;
    0 nanoseconds spent releasing 0 JDBC connections;
    17500 nanoseconds spent preparing 2 JDBC statements;
    284958 nanoseconds spent executing 1 JDBC statements;
    418125 nanoseconds spent executing 1 JDBC batches;
    0 nanoseconds spent performing 0 L2C puts;
    0 nanoseconds spent performing 0 L2C hits;
    0 nanoseconds spent performing 0 L2C misses;
    783375 nanoseconds spent executing 1 flushes (flushing a total of 1 entities and 1 collections);
    0 nanoseconds spent executing 0 partial-flushes (flushing a total of 0 entities and 0 collections)
}
&amp#27;[2m2025-05-11T11:17:46.994-03:00&amp#27;[0;39m &amp#27;[32mDEBUG&amp#27;[0;39m &amp#27;[35m16907&amp#27;[0;39m &amp#27;[2m---&amp#27;[0;39m &amp#27;[2m[           main]&amp#27;[0;39m &amp#27;[2m&amp#27;[0;39m&amp#27;[36morg.hibernate.SQL                       &amp#27;[0;39m &amp#27;[2m:&amp#27;[0;39m 
    /* <criteria> */ select
        d1_0.id,
        d1_0.actualizado_en,
        d1_0.codigo_penal,
        d1_0.creado_en,
        d1_0.descripcion,
        d1_0.nombre,
        d1_0.pena_maxima,
        d1_0.pena_minima,
        d1_0.tipo_pena,
        d1_0.valoracion 
    from
        delito d1_0 
    where
        upper(d1_0.nombre) like upper(?) escape '\'
Hibernate: 
    /* <criteria> */ select
        d1_0.id,
        d1_0.actualizado_en,
        d1_0.codigo_penal,
        d1_0.creado_en,
        d1_0.descripcion,
        d1_0.nombre,
        d1_0.pena_maxima,
        d1_0.pena_minima,
        d1_0.tipo_pena,
        d1_0.valoracion 
    from
        delito d1_0 
    where
        upper(d1_0.nombre) like upper(?) escape '\'
&amp#27;[2m2025-05-11T11:17:46.995-03:00&amp#27;[0;39m &amp#27;[32m INFO&amp#27;[0;39m &amp#27;[35m16907&amp#27;[0;39m &amp#27;[2m---&amp#27;[0;39m &amp#27;[2m[           main]&amp#27;[0;39m &amp#27;[2m&amp#27;[0;39m&amp#27;[36mi.StatisticalLoggingSessionEventListener&amp#27;[0;39m &amp#27;[2m:&amp#27;[0;39m Session Metrics {
    6417 nanoseconds spent acquiring 1 JDBC connections;
    0 nanoseconds spent releasing 0 JDBC connections;
    18208 nanoseconds spent preparing 1 JDBC statements;
    848584 nanoseconds spent executing 1 JDBC statements;
    0 nanoseconds spent executing 0 JDBC batches;
    0 nanoseconds spent performing 0 L2C puts;
    0 nanoseconds spent performing 0 L2C hits;
    0 nanoseconds spent performing 0 L2C misses;
    0 nanoseconds spent executing 0 flushes (flushing a total of 0 entities and 0 collections);
    0 nanoseconds spent executing 0 partial-flushes (flushing a total of 0 entities and 0 collections)
}
&amp#27;[2m2025-05-11T11:17:46.996-03:00&amp#27;[0;39m &amp#27;[32mDEBUG&amp#27;[0;39m &amp#27;[35m16907&amp#27;[0;39m &amp#27;[2m---&amp#27;[0;39m &amp#27;[2m[           main]&amp#27;[0;39m &amp#27;[2m&amp#27;[0;39m&amp#27;[36morg.hibernate.SQL                       &amp#27;[0;39m &amp#27;[2m:&amp#27;[0;39m 
    /* <criteria> */ select
        d1_0.id,
        d1_0.actualizado_en,
        d1_0.codigo_penal,
        d1_0.creado_en,
        d1_0.descripcion,
        d1_0.nombre,
        d1_0.pena_maxima,
        d1_0.pena_minima,
        d1_0.tipo_pena,
        d1_0.valoracion 
    from
        delito d1_0 
    where
        upper(d1_0.nombre) like upper(?) escape '\'
Hibernate: 
    /* <criteria> */ select
        d1_0.id,
        d1_0.actualizado_en,
        d1_0.codigo_penal,
        d1_0.creado_en,
        d1_0.descripcion,
        d1_0.nombre,
        d1_0.pena_maxima,
        d1_0.pena_minima,
        d1_0.tipo_pena,
        d1_0.valoracion 
    from
        delito d1_0 
    where
        upper(d1_0.nombre) like upper(?) escape '\'
&amp#27;[2m2025-05-11T11:17:46.997-03:00&amp#27;[0;39m &amp#27;[32m INFO&amp#27;[0;39m &amp#27;[35m16907&amp#27;[0;39m &amp#27;[2m---&amp#27;[0;39m &amp#27;[2m[           main]&amp#27;[0;39m &amp#27;[2m&amp#27;[0;39m&amp#27;[36mi.StatisticalLoggingSessionEventListener&amp#27;[0;39m &amp#27;[2m:&amp#27;[0;39m Session Metrics {
    6750 nanoseconds spent acquiring 1 JDBC connections;
    0 nanoseconds spent releasing 0 JDBC connections;
    19625 nanoseconds spent preparing 1 JDBC statements;
    826667 nanoseconds spent executing 1 JDBC statements;
    0 nanoseconds spent executing 0 JDBC batches;
    0 nanoseconds spent performing 0 L2C puts;
    0 nanoseconds spent performing 0 L2C hits;
    0 nanoseconds spent performing 0 L2C misses;
    0 nanoseconds spent executing 0 flushes (flushing a total of 0 entities and 0 collections);
    0 nanoseconds spent executing 0 partial-flushes (flushing a total of 0 entities and 0 collections)
}
&amp#27;[2m2025-05-11T11:17:46.998-03:00&amp#27;[0;39m &amp#27;[32mDEBUG&amp#27;[0;39m &amp#27;[35m16907&amp#27;[0;39m &amp#27;[2m---&amp#27;[0;39m &amp#27;[2m[           main]&amp#27;[0;39m &amp#27;[2m&amp#27;[0;39m&amp#27;[36morg.hibernate.SQL                       &amp#27;[0;39m &amp#27;[2m:&amp#27;[0;39m 
    /* <criteria> */ select
        d1_0.id,
        d1_0.actualizado_en,
        d1_0.codigo_penal,
        d1_0.creado_en,
        d1_0.descripcion,
        d1_0.nombre,
        d1_0.pena_maxima,
        d1_0.pena_minima,
        d1_0.tipo_pena,
        d1_0.valoracion 
    from
        delito d1_0 
    where
        upper(d1_0.nombre) like upper(?) escape '\'
Hibernate: 
    /* <criteria> */ select
        d1_0.id,
        d1_0.actualizado_en,
        d1_0.codigo_penal,
        d1_0.creado_en,
        d1_0.descripcion,
        d1_0.nombre,
        d1_0.pena_maxima,
        d1_0.pena_minima,
        d1_0.tipo_pena,
        d1_0.valoracion 
    from
        delito d1_0 
    where
        upper(d1_0.nombre) like upper(?) escape '\'
&amp#27;[2m2025-05-11T11:17:46.999-03:00&amp#27;[0;39m &amp#27;[32m INFO&amp#27;[0;39m &amp#27;[35m16907&amp#27;[0;39m &amp#27;[2m---&amp#27;[0;39m &amp#27;[2m[           main]&amp#27;[0;39m &amp#27;[2m&amp#27;[0;39m&amp#27;[36mi.StatisticalLoggingSessionEventListener&amp#27;[0;39m &amp#27;[2m:&amp#27;[0;39m Session Metrics {
    8167 nanoseconds spent acquiring 1 JDBC connections;
    0 nanoseconds spent releasing 0 JDBC connections;
    23875 nanoseconds spent preparing 1 JDBC statements;
    1012333 nanoseconds spent executing 1 JDBC statements;
    0 nanoseconds spent executing 0 JDBC batches;
    0 nanoseconds spent performing 0 L2C puts;
    0 nanoseconds spent performing 0 L2C hits;
    0 nanoseconds spent performing 0 L2C misses;
    0 nanoseconds spent executing 0 flushes (flushing a total of 0 entities and 0 collections);
    0 nanoseconds spent executing 0 partial-flushes (flushing a total of 0 entities and 0 collections)
}
&amp#27;[2m2025-05-11T11:17:46.999-03:00&amp#27;[0;39m &amp#27;[32mDEBUG&amp#27;[0;39m &amp#27;[35m16907&amp#27;[0;39m &amp#27;[2m---&amp#27;[0;39m &amp#27;[2m[           main]&amp#27;[0;39m &amp#27;[2m&amp#27;[0;39m&amp#27;[36morg.hibernate.SQL                       &amp#27;[0;39m &amp#27;[2m:&amp#27;[0;39m 
    select
        seq_delito.nextval 
    from
        dual
Hibernate: 
    select
        seq_delito.nextval 
    from
        dual
&amp#27;[2m2025-05-11T11:17:47.000-03:00&amp#27;[0;39m &amp#27;[32mDEBUG&amp#27;[0;39m &amp#27;[35m16907&amp#27;[0;39m &amp#27;[2m---&amp#27;[0;39m &amp#27;[2m[           main]&amp#27;[0;39m &amp#27;[2m&amp#27;[0;39m&amp#27;[36morg.hibernate.SQL                       &amp#27;[0;39m &amp#27;[2m:&amp#27;[0;39m 
    /* insert for
        com.cufre.expedientes.model.Delito */insert 
    into
        delito (actualizado_en, codigo_penal, creado_en, descripcion, nombre, pena_maxima, pena_minima, tipo_pena, valoracion, id) 
    values
        (?, ?, ?, ?, ?, ?, ?, ?, ?, ?)
Hibernate: 
    /* insert for
        com.cufre.expedientes.model.Delito */insert 
    into
        delito (actualizado_en, codigo_penal, creado_en, descripcion, nombre, pena_maxima, pena_minima, tipo_pena, valoracion, id) 
    values
        (?, ?, ?, ?, ?, ?, ?, ?, ?, ?)
&amp#27;[2m2025-05-11T11:17:47.001-03:00&amp#27;[0;39m &amp#27;[32m INFO&amp#27;[0;39m &amp#27;[35m16907&amp#27;[0;39m &amp#27;[2m---&amp#27;[0;39m &amp#27;[2m[           main]&amp#27;[0;39m &amp#27;[2m&amp#27;[0;39m&amp#27;[36mi.StatisticalLoggingSessionEventListener&amp#27;[0;39m &amp#27;[2m:&amp#27;[0;39m Session Metrics {
    5125 nanoseconds spent acquiring 1 JDBC connections;
    0 nanoseconds spent releasing 0 JDBC connections;
    21333 nanoseconds spent preparing 2 JDBC statements;
    291166 nanoseconds spent executing 1 JDBC statements;
    488500 nanoseconds spent executing 1 JDBC batches;
    0 nanoseconds spent performing 0 L2C puts;
    0 nanoseconds spent performing 0 L2C hits;
    0 nanoseconds spent performing 0 L2C misses;
    910041 nanoseconds spent executing 1 flushes (flushing a total of 1 entities and 1 collections);
    0 nanoseconds spent executing 0 partial-flushes (flushing a total of 0 entities and 0 collections)
}
&amp#27;[2m2025-05-11T11:17:47.002-03:00&amp#27;[0;39m &amp#27;[32mDEBUG&amp#27;[0;39m &amp#27;[35m16907&amp#27;[0;39m &amp#27;[2m---&amp#27;[0;39m &amp#27;[2m[           main]&amp#27;[0;39m &amp#27;[2m&amp#27;[0;39m&amp#27;[36morg.hibernate.SQL                       &amp#27;[0;39m &amp#27;[2m:&amp#27;[0;39m 
    /* <criteria> */ select
        d1_0.id,
        d1_0.actualizado_en,
        d1_0.codigo_penal,
        d1_0.creado_en,
        d1_0.descripcion,
        d1_0.nombre,
        d1_0.pena_maxima,
        d1_0.pena_minima,
        d1_0.tipo_pena,
        d1_0.valoracion 
    from
        delito d1_0 
    where
        upper(d1_0.nombre) like upper(?) escape '\'
Hibernate: 
    /* <criteria> */ select
        d1_0.id,
        d1_0.actualizado_en,
        d1_0.codigo_penal,
        d1_0.creado_en,
        d1_0.descripcion,
        d1_0.nombre,
        d1_0.pena_maxima,
        d1_0.pena_minima,
        d1_0.tipo_pena,
        d1_0.valoracion 
    from
        delito d1_0 
    where
        upper(d1_0.nombre) like upper(?) escape '\'
&amp#27;[2m2025-05-11T11:17:47.003-03:00&amp#27;[0;39m &amp#27;[32m INFO&amp#27;[0;39m &amp#27;[35m16907&amp#27;[0;39m &amp#27;[2m---&amp#27;[0;39m &amp#27;[2m[           main]&amp#27;[0;39m &amp#27;[2m&amp#27;[0;39m&amp#27;[36mi.StatisticalLoggingSessionEventListener&amp#27;[0;39m &amp#27;[2m:&amp#27;[0;39m Session Metrics {
    7625 nanoseconds spent acquiring 1 JDBC connections;
    0 nanoseconds spent releasing 0 JDBC connections;
    21542 nanoseconds spent preparing 1 JDBC statements;
    853125 nanoseconds spent executing 1 JDBC statements;
    0 nanoseconds spent executing 0 JDBC batches;
    0 nanoseconds spent performing 0 L2C puts;
    0 nanoseconds spent performing 0 L2C hits;
    0 nanoseconds spent performing 0 L2C misses;
    0 nanoseconds spent executing 0 flushes (flushing a total of 0 entities and 0 collections);
    0 nanoseconds spent executing 0 partial-flushes (flushing a total of 0 entities and 0 collections)
}
&amp#27;[2m2025-05-11T11:17:47.003-03:00&amp#27;[0;39m &amp#27;[32mDEBUG&amp#27;[0;39m &amp#27;[35m16907&amp#27;[0;39m &amp#27;[2m---&amp#27;[0;39m &amp#27;[2m[           main]&amp#27;[0;39m &amp#27;[2m&amp#27;[0;39m&amp#27;[36morg.hibernate.SQL                       &amp#27;[0;39m &amp#27;[2m:&amp#27;[0;39m 
    select
        seq_delito.nextval 
    from
        dual
Hibernate: 
    select
        seq_delito.nextval 
    from
        dual
&amp#27;[2m2025-05-11T11:17:47.004-03:00&amp#27;[0;39m &amp#27;[32mDEBUG&amp#27;[0;39m &amp#27;[35m16907&amp#27;[0;39m &amp#27;[2m---&amp#27;[0;39m &amp#27;[2m[           main]&amp#27;[0;39m &amp#27;[2m&amp#27;[0;39m&amp#27;[36morg.hibernate.SQL                       &amp#27;[0;39m &amp#27;[2m:&amp#27;[0;39m 
    /* insert for
        com.cufre.expedientes.model.Delito */insert 
    into
        delito (actualizado_en, codigo_penal, creado_en, descripcion, nombre, pena_maxima, pena_minima, tipo_pena, valoracion, id) 
    values
        (?, ?, ?, ?, ?, ?, ?, ?, ?, ?)
Hibernate: 
    /* insert for
        com.cufre.expedientes.model.Delito */insert 
    into
        delito (actualizado_en, codigo_penal, creado_en, descripcion, nombre, pena_maxima, pena_minima, tipo_pena, valoracion, id) 
    values
        (?, ?, ?, ?, ?, ?, ?, ?, ?, ?)
&amp#27;[2m2025-05-11T11:17:47.005-03:00&amp#27;[0;39m &amp#27;[32m INFO&amp#27;[0;39m &amp#27;[35m16907&amp#27;[0;39m &amp#27;[2m---&amp#27;[0;39m &amp#27;[2m[           main]&amp#27;[0;39m &amp#27;[2m&amp#27;[0;39m&amp#27;[36mi.StatisticalLoggingSessionEventListener&amp#27;[0;39m &amp#27;[2m:&amp#27;[0;39m Session Metrics {
    4917 nanoseconds spent acquiring 1 JDBC connections;
    0 nanoseconds spent releasing 0 JDBC connections;
    16708 nanoseconds spent preparing 2 JDBC statements;
    284916 nanoseconds spent executing 1 JDBC statements;
    385208 nanoseconds spent executing 1 JDBC batches;
    0 nanoseconds spent performing 0 L2C puts;
    0 nanoseconds spent performing 0 L2C hits;
    0 nanoseconds spent performing 0 L2C misses;
    715667 nanoseconds spent executing 1 flushes (flushing a total of 1 entities and 1 collections);
    0 nanoseconds spent executing 0 partial-flushes (flushing a total of 0 entities and 0 collections)
}
&amp#27;[2m2025-05-11T11:17:47.005-03:00&amp#27;[0;39m &amp#27;[32mDEBUG&amp#27;[0;39m &amp#27;[35m16907&amp#27;[0;39m &amp#27;[2m---&amp#27;[0;39m &amp#27;[2m[           main]&amp#27;[0;39m &amp#27;[2m&amp#27;[0;39m&amp#27;[36morg.hibernate.SQL                       &amp#27;[0;39m &amp#27;[2m:&amp#27;[0;39m 
    /* <criteria> */ select
        d1_0.id,
        d1_0.actualizado_en,
        d1_0.codigo_penal,
        d1_0.creado_en,
        d1_0.descripcion,
        d1_0.nombre,
        d1_0.pena_maxima,
        d1_0.pena_minima,
        d1_0.tipo_pena,
        d1_0.valoracion 
    from
        delito d1_0 
    where
        upper(d1_0.nombre) like upper(?) escape '\'
Hibernate: 
    /* <criteria> */ select
        d1_0.id,
        d1_0.actualizado_en,
        d1_0.codigo_penal,
        d1_0.creado_en,
        d1_0.descripcion,
        d1_0.nombre,
        d1_0.pena_maxima,
        d1_0.pena_minima,
        d1_0.tipo_pena,
        d1_0.valoracion 
    from
        delito d1_0 
    where
        upper(d1_0.nombre) like upper(?) escape '\'
&amp#27;[2m2025-05-11T11:17:47.006-03:00&amp#27;[0;39m &amp#27;[32m INFO&amp#27;[0;39m &amp#27;[35m16907&amp#27;[0;39m &amp#27;[2m---&amp#27;[0;39m &amp#27;[2m[           main]&amp#27;[0;39m &amp#27;[2m&amp#27;[0;39m&amp#27;[36mi.StatisticalLoggingSessionEventListener&amp#27;[0;39m &amp#27;[2m:&amp#27;[0;39m Session Metrics {
    10584 nanoseconds spent acquiring 1 JDBC connections;
    0 nanoseconds spent releasing 0 JDBC connections;
    36459 nanoseconds spent preparing 1 JDBC statements;
    907667 nanoseconds spent executing 1 JDBC statements;
    0 nanoseconds spent executing 0 JDBC batches;
    0 nanoseconds spent performing 0 L2C puts;
    0 nanoseconds spent performing 0 L2C hits;
    0 nanoseconds spent performing 0 L2C misses;
    0 nanoseconds spent executing 0 flushes (flushing a total of 0 entities and 0 collections);
    0 nanoseconds spent executing 0 partial-flushes (flushing a total of 0 entities and 0 collections)
}
&amp#27;[2m2025-05-11T11:17:47.007-03:00&amp#27;[0;39m &amp#27;[32mDEBUG&amp#27;[0;39m &amp#27;[35m16907&amp#27;[0;39m &amp#27;[2m---&amp#27;[0;39m &amp#27;[2m[           main]&amp#27;[0;39m &amp#27;[2m&amp#27;[0;39m&amp#27;[36morg.hibernate.SQL                       &amp#27;[0;39m &amp#27;[2m:&amp#27;[0;39m 
    /* <criteria> */ select
        d1_0.id,
        d1_0.actualizado_en,
        d1_0.codigo_penal,
        d1_0.creado_en,
        d1_0.descripcion,
        d1_0.nombre,
        d1_0.pena_maxima,
        d1_0.pena_minima,
        d1_0.tipo_pena,
        d1_0.valoracion 
    from
        delito d1_0 
    where
        upper(d1_0.nombre) like upper(?) escape '\'
Hibernate: 
    /* <criteria> */ select
        d1_0.id,
        d1_0.actualizado_en,
        d1_0.codigo_penal,
        d1_0.creado_en,
        d1_0.descripcion,
        d1_0.nombre,
        d1_0.pena_maxima,
        d1_0.pena_minima,
        d1_0.tipo_pena,
        d1_0.valoracion 
    from
        delito d1_0 
    where
        upper(d1_0.nombre) like upper(?) escape '\'
&amp#27;[2m2025-05-11T11:17:47.008-03:00&amp#27;[0;39m &amp#27;[32m INFO&amp#27;[0;39m &amp#27;[35m16907&amp#27;[0;39m &amp#27;[2m---&amp#27;[0;39m &amp#27;[2m[           main]&amp#27;[0;39m &amp#27;[2m&amp#27;[0;39m&amp#27;[36mi.StatisticalLoggingSessionEventListener&amp#27;[0;39m &amp#27;[2m:&amp#27;[0;39m Session Metrics {
    6750 nanoseconds spent acquiring 1 JDBC connections;
    0 nanoseconds spent releasing 0 JDBC connections;
    22917 nanoseconds spent preparing 1 JDBC statements;
    831917 nanoseconds spent executing 1 JDBC statements;
    0 nanoseconds spent executing 0 JDBC batches;
    0 nanoseconds spent performing 0 L2C puts;
    0 nanoseconds spent performing 0 L2C hits;
    0 nanoseconds spent performing 0 L2C misses;
    0 nanoseconds spent executing 0 flushes (flushing a total of 0 entities and 0 collections);
    0 nanoseconds spent executing 0 partial-flushes (flushing a total of 0 entities and 0 collections)
}
&amp#27;[2m2025-05-11T11:17:47.008-03:00&amp#27;[0;39m &amp#27;[32mDEBUG&amp#27;[0;39m &amp#27;[35m16907&amp#27;[0;39m &amp#27;[2m---&amp#27;[0;39m &amp#27;[2m[           main]&amp#27;[0;39m &amp#27;[2m&amp#27;[0;39m&amp#27;[36morg.hibernate.SQL                       &amp#27;[0;39m &amp#27;[2m:&amp#27;[0;39m 
    select
        seq_delito.nextval 
    from
        dual
Hibernate: 
    select
        seq_delito.nextval 
    from
        dual
&amp#27;[2m2025-05-11T11:17:47.009-03:00&amp#27;[0;39m &amp#27;[32mDEBUG&amp#27;[0;39m &amp#27;[35m16907&amp#27;[0;39m &amp#27;[2m---&amp#27;[0;39m &amp#27;[2m[           main]&amp#27;[0;39m &amp#27;[2m&amp#27;[0;39m&amp#27;[36morg.hibernate.SQL                       &amp#27;[0;39m &amp#27;[2m:&amp#27;[0;39m 
    /* insert for
        com.cufre.expedientes.model.Delito */insert 
    into
        delito (actualizado_en, codigo_penal, creado_en, descripcion, nombre, pena_maxima, pena_minima, tipo_pena, valoracion, id) 
    values
        (?, ?, ?, ?, ?, ?, ?, ?, ?, ?)
Hibernate: 
    /* insert for
        com.cufre.expedientes.model.Delito */insert 
    into
        delito (actualizado_en, codigo_penal, creado_en, descripcion, nombre, pena_maxima, pena_minima, tipo_pena, valoracion, id) 
    values
        (?, ?, ?, ?, ?, ?, ?, ?, ?, ?)
&amp#27;[2m2025-05-11T11:17:47.010-03:00&amp#27;[0;39m &amp#27;[32m INFO&amp#27;[0;39m &amp#27;[35m16907&amp#27;[0;39m &amp#27;[2m---&amp#27;[0;39m &amp#27;[2m[           main]&amp#27;[0;39m &amp#27;[2m&amp#27;[0;39m&amp#27;[36mi.StatisticalLoggingSessionEventListener&amp#27;[0;39m &amp#27;[2m:&amp#27;[0;39m Session Metrics {
    6667 nanoseconds spent acquiring 1 JDBC connections;
    0 nanoseconds spent releasing 0 JDBC connections;
    33291 nanoseconds spent preparing 2 JDBC statements;
    308333 nanoseconds spent executing 1 JDBC statements;
    455500 nanoseconds spent executing 1 JDBC batches;
    0 nanoseconds spent performing 0 L2C puts;
    0 nanoseconds spent performing 0 L2C hits;
    0 nanoseconds spent performing 0 L2C misses;
    882167 nanoseconds spent executing 1 flushes (flushing a total of 1 entities and 1 collections);
    0 nanoseconds spent executing 0 partial-flushes (flushing a total of 0 entities and 0 collections)
}
&amp#27;[2m2025-05-11T11:17:47.011-03:00&amp#27;[0;39m &amp#27;[32mDEBUG&amp#27;[0;39m &amp#27;[35m16907&amp#27;[0;39m &amp#27;[2m---&amp#27;[0;39m &amp#27;[2m[           main]&amp#27;[0;39m &amp#27;[2m&amp#27;[0;39m&amp#27;[36morg.hibernate.SQL                       &amp#27;[0;39m &amp#27;[2m:&amp#27;[0;39m 
    /* <criteria> */ select
        d1_0.id,
        d1_0.actualizado_en,
        d1_0.codigo_penal,
        d1_0.creado_en,
        d1_0.descripcion,
        d1_0.nombre,
        d1_0.pena_maxima,
        d1_0.pena_minima,
        d1_0.tipo_pena,
        d1_0.valoracion 
    from
        delito d1_0 
    where
        upper(d1_0.nombre) like upper(?) escape '\'
Hibernate: 
    /* <criteria> */ select
        d1_0.id,
        d1_0.actualizado_en,
        d1_0.codigo_penal,
        d1_0.creado_en,
        d1_0.descripcion,
        d1_0.nombre,
        d1_0.pena_maxima,
        d1_0.pena_minima,
        d1_0.tipo_pena,
        d1_0.valoracion 
    from
        delito d1_0 
    where
        upper(d1_0.nombre) like upper(?) escape '\'
&amp#27;[2m2025-05-11T11:17:47.012-03:00&amp#27;[0;39m &amp#27;[32m INFO&amp#27;[0;39m &amp#27;[35m16907&amp#27;[0;39m &amp#27;[2m---&amp#27;[0;39m &amp#27;[2m[           main]&amp#27;[0;39m &amp#27;[2m&amp#27;[0;39m&amp#27;[36mi.StatisticalLoggingSessionEventListener&amp#27;[0;39m &amp#27;[2m:&amp#27;[0;39m Session Metrics {
    11958 nanoseconds spent acquiring 1 JDBC connections;
    0 nanoseconds spent releasing 0 JDBC connections;
    25583 nanoseconds spent preparing 1 JDBC statements;
    950000 nanoseconds spent executing 1 JDBC statements;
    0 nanoseconds spent executing 0 JDBC batches;
    0 nanoseconds spent performing 0 L2C puts;
    0 nanoseconds spent performing 0 L2C hits;
    0 nanoseconds spent performing 0 L2C misses;
    0 nanoseconds spent executing 0 flushes (flushing a total of 0 entities and 0 collections);
    0 nanoseconds spent executing 0 partial-flushes (flushing a total of 0 entities and 0 collections)
}
&amp#27;[2m2025-05-11T11:17:47.013-03:00&amp#27;[0;39m &amp#27;[32mDEBUG&amp#27;[0;39m &amp#27;[35m16907&amp#27;[0;39m &amp#27;[2m---&amp#27;[0;39m &amp#27;[2m[           main]&amp#27;[0;39m &amp#27;[2m&amp#27;[0;39m&amp#27;[36morg.hibernate.SQL                       &amp#27;[0;39m &amp#27;[2m:&amp#27;[0;39m 
    /* <criteria> */ select
        d1_0.id,
        d1_0.actualizado_en,
        d1_0.codigo_penal,
        d1_0.creado_en,
        d1_0.descripcion,
        d1_0.nombre,
        d1_0.pena_maxima,
        d1_0.pena_minima,
        d1_0.tipo_pena,
        d1_0.valoracion 
    from
        delito d1_0 
    where
        upper(d1_0.nombre) like upper(?) escape '\'
Hibernate: 
    /* <criteria> */ select
        d1_0.id,
        d1_0.actualizado_en,
        d1_0.codigo_penal,
        d1_0.creado_en,
        d1_0.descripcion,
        d1_0.nombre,
        d1_0.pena_maxima,
        d1_0.pena_minima,
        d1_0.tipo_pena,
        d1_0.valoracion 
    from
        delito d1_0 
    where
        upper(d1_0.nombre) like upper(?) escape '\'
&amp#27;[2m2025-05-11T11:17:47.014-03:00&amp#27;[0;39m &amp#27;[32m INFO&amp#27;[0;39m &amp#27;[35m16907&amp#27;[0;39m &amp#27;[2m---&amp#27;[0;39m &amp#27;[2m[           main]&amp#27;[0;39m &amp#27;[2m&amp#27;[0;39m&amp#27;[36mi.StatisticalLoggingSessionEventListener&amp#27;[0;39m &amp#27;[2m:&amp#27;[0;39m Session Metrics {
    7125 nanoseconds spent acquiring 1 JDBC connections;
    0 nanoseconds spent releasing 0 JDBC connections;
    19375 nanoseconds spent preparing 1 JDBC statements;
    951541 nanoseconds spent executing 1 JDBC statements;
    0 nanoseconds spent executing 0 JDBC batches;
    0 nanoseconds spent performing 0 L2C puts;
    0 nanoseconds spent performing 0 L2C hits;
    0 nanoseconds spent performing 0 L2C misses;
    0 nanoseconds spent executing 0 flushes (flushing a total of 0 entities and 0 collections);
    0 nanoseconds spent executing 0 partial-flushes (flushing a total of 0 entities and 0 collections)
}
&amp#27;[2m2025-05-11T11:17:47.014-03:00&amp#27;[0;39m &amp#27;[32mDEBUG&amp#27;[0;39m &amp#27;[35m16907&amp#27;[0;39m &amp#27;[2m---&amp#27;[0;39m &amp#27;[2m[           main]&amp#27;[0;39m &amp#27;[2m&amp#27;[0;39m&amp#27;[36morg.hibernate.SQL                       &amp#27;[0;39m &amp#27;[2m:&amp#27;[0;39m 
    select
        seq_delito.nextval 
    from
        dual
Hibernate: 
    select
        seq_delito.nextval 
    from
        dual
&amp#27;[2m2025-05-11T11:17:47.015-03:00&amp#27;[0;39m &amp#27;[32mDEBUG&amp#27;[0;39m &amp#27;[35m16907&amp#27;[0;39m &amp#27;[2m---&amp#27;[0;39m &amp#27;[2m[           main]&amp#27;[0;39m &amp#27;[2m&amp#27;[0;39m&amp#27;[36morg.hibernate.SQL                       &amp#27;[0;39m &amp#27;[2m:&amp#27;[0;39m 
    /* insert for
        com.cufre.expedientes.model.Delito */insert 
    into
        delito (actualizado_en, codigo_penal, creado_en, descripcion, nombre, pena_maxima, pena_minima, tipo_pena, valoracion, id) 
    values
        (?, ?, ?, ?, ?, ?, ?, ?, ?, ?)
Hibernate: 
    /* insert for
        com.cufre.expedientes.model.Delito */insert 
    into
        delito (actualizado_en, codigo_penal, creado_en, descripcion, nombre, pena_maxima, pena_minima, tipo_pena, valoracion, id) 
    values
        (?, ?, ?, ?, ?, ?, ?, ?, ?, ?)
&amp#27;[2m2025-05-11T11:17:47.016-03:00&amp#27;[0;39m &amp#27;[32m INFO&amp#27;[0;39m &amp#27;[35m16907&amp#27;[0;39m &amp#27;[2m---&amp#27;[0;39m &amp#27;[2m[           main]&amp#27;[0;39m &amp#27;[2m&amp#27;[0;39m&amp#27;[36mi.StatisticalLoggingSessionEventListener&amp#27;[0;39m &amp#27;[2m:&amp#27;[0;39m Session Metrics {
    4709 nanoseconds spent acquiring 1 JDBC connections;
    0 nanoseconds spent releasing 0 JDBC connections;
    16208 nanoseconds spent preparing 2 JDBC statements;
    382750 nanoseconds spent executing 1 JDBC statements;
    506166 nanoseconds spent executing 1 JDBC batches;
    0 nanoseconds spent performing 0 L2C puts;
    0 nanoseconds spent performing 0 L2C hits;
    0 nanoseconds spent performing 0 L2C misses;
    920333 nanoseconds spent executing 1 flushes (flushing a total of 1 entities and 1 collections);
    0 nanoseconds spent executing 0 partial-flushes (flushing a total of 0 entities and 0 collections)
}
&amp#27;[2m2025-05-11T11:17:47.017-03:00&amp#27;[0;39m &amp#27;[32mDEBUG&amp#27;[0;39m &amp#27;[35m16907&amp#27;[0;39m &amp#27;[2m---&amp#27;[0;39m &amp#27;[2m[           main]&amp#27;[0;39m &amp#27;[2m&amp#27;[0;39m&amp#27;[36morg.hibernate.SQL                       &amp#27;[0;39m &amp#27;[2m:&amp#27;[0;39m 
    /* <criteria> */ select
        d1_0.id,
        d1_0.actualizado_en,
        d1_0.codigo_penal,
        d1_0.creado_en,
        d1_0.descripcion,
        d1_0.nombre,
        d1_0.pena_maxima,
        d1_0.pena_minima,
        d1_0.tipo_pena,
        d1_0.valoracion 
    from
        delito d1_0 
    where
        upper(d1_0.nombre) like upper(?) escape '\'
Hibernate: 
    /* <criteria> */ select
        d1_0.id,
        d1_0.actualizado_en,
        d1_0.codigo_penal,
        d1_0.creado_en,
        d1_0.descripcion,
        d1_0.nombre,
        d1_0.pena_maxima,
        d1_0.pena_minima,
        d1_0.tipo_pena,
        d1_0.valoracion 
    from
        delito d1_0 
    where
        upper(d1_0.nombre) like upper(?) escape '\'
&amp#27;[2m2025-05-11T11:17:47.018-03:00&amp#27;[0;39m &amp#27;[32m INFO&amp#27;[0;39m &amp#27;[35m16907&amp#27;[0;39m &amp#27;[2m---&amp#27;[0;39m &amp#27;[2m[           main]&amp#27;[0;39m &amp#27;[2m&amp#27;[0;39m&amp#27;[36mi.StatisticalLoggingSessionEventListener&amp#27;[0;39m &amp#27;[2m:&amp#27;[0;39m Session Metrics {
    7791 nanoseconds spent acquiring 1 JDBC connections;
    0 nanoseconds spent releasing 0 JDBC connections;
    20875 nanoseconds spent preparing 1 JDBC statements;
    982417 nanoseconds spent executing 1 JDBC statements;
    0 nanoseconds spent executing 0 JDBC batches;
    0 nanoseconds spent performing 0 L2C puts;
    0 nanoseconds spent performing 0 L2C hits;
    0 nanoseconds spent performing 0 L2C misses;
    0 nanoseconds spent executing 0 flushes (flushing a total of 0 entities and 0 collections);
    0 nanoseconds spent executing 0 partial-flushes (flushing a total of 0 entities and 0 collections)
}
&amp#27;[2m2025-05-11T11:17:47.018-03:00&amp#27;[0;39m &amp#27;[32mDEBUG&amp#27;[0;39m &amp#27;[35m16907&amp#27;[0;39m &amp#27;[2m---&amp#27;[0;39m &amp#27;[2m[           main]&amp#27;[0;39m &amp#27;[2m&amp#27;[0;39m&amp#27;[36morg.hibernate.SQL                       &amp#27;[0;39m &amp#27;[2m:&amp#27;[0;39m 
    select
        seq_delito.nextval 
    from
        dual
Hibernate: 
    select
        seq_delito.nextval 
    from
        dual
&amp#27;[2m2025-05-11T11:17:47.019-03:00&amp#27;[0;39m &amp#27;[32mDEBUG&amp#27;[0;39m &amp#27;[35m16907&amp#27;[0;39m &amp#27;[2m---&amp#27;[0;39m &amp#27;[2m[           main]&amp#27;[0;39m &amp#27;[2m&amp#27;[0;39m&amp#27;[36morg.hibernate.SQL                       &amp#27;[0;39m &amp#27;[2m:&amp#27;[0;39m 
    /* insert for
        com.cufre.expedientes.model.Delito */insert 
    into
        delito (actualizado_en, codigo_penal, creado_en, descripcion, nombre, pena_maxima, pena_minima, tipo_pena, valoracion, id) 
    values
        (?, ?, ?, ?, ?, ?, ?, ?, ?, ?)
Hibernate: 
    /* insert for
        com.cufre.expedientes.model.Delito */insert 
    into
        delito (actualizado_en, codigo_penal, creado_en, descripcion, nombre, pena_maxima, pena_minima, tipo_pena, valoracion, id) 
    values
        (?, ?, ?, ?, ?, ?, ?, ?, ?, ?)
&amp#27;[2m2025-05-11T11:17:47.021-03:00&amp#27;[0;39m &amp#27;[32m INFO&amp#27;[0;39m &amp#27;[35m16907&amp#27;[0;39m &amp#27;[2m---&amp#27;[0;39m &amp#27;[2m[           main]&amp#27;[0;39m &amp#27;[2m&amp#27;[0;39m&amp#27;[36mi.StatisticalLoggingSessionEventListener&amp#27;[0;39m &amp#27;[2m:&amp#27;[0;39m Session Metrics {
    4750 nanoseconds spent acquiring 1 JDBC connections;
    0 nanoseconds spent releasing 0 JDBC connections;
    19999 nanoseconds spent preparing 2 JDBC statements;
    452542 nanoseconds spent executing 1 JDBC statements;
    509125 nanoseconds spent executing 1 JDBC batches;
    0 nanoseconds spent performing 0 L2C puts;
    0 nanoseconds spent performing 0 L2C hits;
    0 nanoseconds spent performing 0 L2C misses;
    902333 nanoseconds spent executing 1 flushes (flushing a total of 1 entities and 1 collections);
    0 nanoseconds spent executing 0 partial-flushes (flushing a total of 0 entities and 0 collections)
}
&amp#27;[2m2025-05-11T11:17:47.021-03:00&amp#27;[0;39m &amp#27;[32mDEBUG&amp#27;[0;39m &amp#27;[35m16907&amp#27;[0;39m &amp#27;[2m---&amp#27;[0;39m &amp#27;[2m[           main]&amp#27;[0;39m &amp#27;[2m&amp#27;[0;39m&amp#27;[36morg.hibernate.SQL                       &amp#27;[0;39m &amp#27;[2m:&amp#27;[0;39m 
    /* <criteria> */ select
        d1_0.id,
        d1_0.actualizado_en,
        d1_0.codigo_penal,
        d1_0.creado_en,
        d1_0.descripcion,
        d1_0.nombre,
        d1_0.pena_maxima,
        d1_0.pena_minima,
        d1_0.tipo_pena,
        d1_0.valoracion 
    from
        delito d1_0 
    where
        upper(d1_0.nombre) like upper(?) escape '\'
Hibernate: 
    /* <criteria> */ select
        d1_0.id,
        d1_0.actualizado_en,
        d1_0.codigo_penal,
        d1_0.creado_en,
        d1_0.descripcion,
        d1_0.nombre,
        d1_0.pena_maxima,
        d1_0.pena_minima,
        d1_0.tipo_pena,
        d1_0.valoracion 
    from
        delito d1_0 
    where
        upper(d1_0.nombre) like upper(?) escape '\'
&amp#27;[2m2025-05-11T11:17:47.023-03:00&amp#27;[0;39m &amp#27;[32m INFO&amp#27;[0;39m &amp#27;[35m16907&amp#27;[0;39m &amp#27;[2m---&amp#27;[0;39m &amp#27;[2m[           main]&amp#27;[0;39m &amp#27;[2m&amp#27;[0;39m&amp#27;[36mi.StatisticalLoggingSessionEventListener&amp#27;[0;39m &amp#27;[2m:&amp#27;[0;39m Session Metrics {
    7041 nanoseconds spent acquiring 1 JDBC connections;
    0 nanoseconds spent releasing 0 JDBC connections;
    20958 nanoseconds spent preparing 1 JDBC statements;
    832125 nanoseconds spent executing 1 JDBC statements;
    0 nanoseconds spent executing 0 JDBC batches;
    0 nanoseconds spent performing 0 L2C puts;
    0 nanoseconds spent performing 0 L2C hits;
    0 nanoseconds spent performing 0 L2C misses;
    0 nanoseconds spent executing 0 flushes (flushing a total of 0 entities and 0 collections);
    0 nanoseconds spent executing 0 partial-flushes (flushing a total of 0 entities and 0 collections)
}
&amp#27;[2m2025-05-11T11:17:47.024-03:00&amp#27;[0;39m &amp#27;[32mDEBUG&amp#27;[0;39m &amp#27;[35m16907&amp#27;[0;39m &amp#27;[2m---&amp#27;[0;39m &amp#27;[2m[           main]&amp#27;[0;39m &amp#27;[2m&amp#27;[0;39m&amp#27;[36morg.hibernate.SQL                       &amp#27;[0;39m &amp#27;[2m:&amp#27;[0;39m 
    /* <criteria> */ select
        d1_0.id,
        d1_0.actualizado_en,
        d1_0.codigo_penal,
        d1_0.creado_en,
        d1_0.descripcion,
        d1_0.nombre,
        d1_0.pena_maxima,
        d1_0.pena_minima,
        d1_0.tipo_pena,
        d1_0.valoracion 
    from
        delito d1_0 
    where
        upper(d1_0.nombre) like upper(?) escape '\'
Hibernate: 
    /* <criteria> */ select
        d1_0.id,
        d1_0.actualizado_en,
        d1_0.codigo_penal,
        d1_0.creado_en,
        d1_0.descripcion,
        d1_0.nombre,
        d1_0.pena_maxima,
        d1_0.pena_minima,
        d1_0.tipo_pena,
        d1_0.valoracion 
    from
        delito d1_0 
    where
        upper(d1_0.nombre) like upper(?) escape '\'
&amp#27;[2m2025-05-11T11:17:47.025-03:00&amp#27;[0;39m &amp#27;[32m INFO&amp#27;[0;39m &amp#27;[35m16907&amp#27;[0;39m &amp#27;[2m---&amp#27;[0;39m &amp#27;[2m[           main]&amp#27;[0;39m &amp#27;[2m&amp#27;[0;39m&amp#27;[36mi.StatisticalLoggingSessionEventListener&amp#27;[0;39m &amp#27;[2m:&amp#27;[0;39m Session Metrics {
    7333 nanoseconds spent acquiring 1 JDBC connections;
    0 nanoseconds spent releasing 0 JDBC connections;
    27375 nanoseconds spent preparing 1 JDBC statements;
    899709 nanoseconds spent executing 1 JDBC statements;
    0 nanoseconds spent executing 0 JDBC batches;
    0 nanoseconds spent performing 0 L2C puts;
    0 nanoseconds spent performing 0 L2C hits;
    0 nanoseconds spent performing 0 L2C misses;
    0 nanoseconds spent executing 0 flushes (flushing a total of 0 entities and 0 collections);
    0 nanoseconds spent executing 0 partial-flushes (flushing a total of 0 entities and 0 collections)
}
&amp#27;[2m2025-05-11T11:17:47.025-03:00&amp#27;[0;39m &amp#27;[32mDEBUG&amp#27;[0;39m &amp#27;[35m16907&amp#27;[0;39m &amp#27;[2m---&amp#27;[0;39m &amp#27;[2m[           main]&amp#27;[0;39m &amp#27;[2m&amp#27;[0;39m&amp#27;[36morg.hibernate.SQL                       &amp#27;[0;39m &amp#27;[2m:&amp#27;[0;39m 
    select
        seq_delito.nextval 
    from
        dual
Hibernate: 
    select
        seq_delito.nextval 
    from
        dual
&amp#27;[2m2025-05-11T11:17:47.026-03:00&amp#27;[0;39m &amp#27;[32mDEBUG&amp#27;[0;39m &amp#27;[35m16907&amp#27;[0;39m &amp#27;[2m---&amp#27;[0;39m &amp#27;[2m[           main]&amp#27;[0;39m &amp#27;[2m&amp#27;[0;39m&amp#27;[36morg.hibernate.SQL                       &amp#27;[0;39m &amp#27;[2m:&amp#27;[0;39m 
    /* insert for
        com.cufre.expedientes.model.Delito */insert 
    into
        delito (actualizado_en, codigo_penal, creado_en, descripcion, nombre, pena_maxima, pena_minima, tipo_pena, valoracion, id) 
    values
        (?, ?, ?, ?, ?, ?, ?, ?, ?, ?)
Hibernate: 
    /* insert for
        com.cufre.expedientes.model.Delito */insert 
    into
        delito (actualizado_en, codigo_penal, creado_en, descripcion, nombre, pena_maxima, pena_minima, tipo_pena, valoracion, id) 
    values
        (?, ?, ?, ?, ?, ?, ?, ?, ?, ?)
&amp#27;[2m2025-05-11T11:17:47.027-03:00&amp#27;[0;39m &amp#27;[32m INFO&amp#27;[0;39m &amp#27;[35m16907&amp#27;[0;39m &amp#27;[2m---&amp#27;[0;39m &amp#27;[2m[           main]&amp#27;[0;39m &amp#27;[2m&amp#27;[0;39m&amp#27;[36mi.StatisticalLoggingSessionEventListener&amp#27;[0;39m &amp#27;[2m:&amp#27;[0;39m Session Metrics {
    5834 nanoseconds spent acquiring 1 JDBC connections;
    0 nanoseconds spent releasing 0 JDBC connections;
    17958 nanoseconds spent preparing 2 JDBC statements;
    284583 nanoseconds spent executing 1 JDBC statements;
    451291 nanoseconds spent executing 1 JDBC batches;
    0 nanoseconds spent performing 0 L2C puts;
    0 nanoseconds spent performing 0 L2C hits;
    0 nanoseconds spent performing 0 L2C misses;
    840875 nanoseconds spent executing 1 flushes (flushing a total of 1 entities and 1 collections);
    0 nanoseconds spent executing 0 partial-flushes (flushing a total of 0 entities and 0 collections)
}
&amp#27;[2m2025-05-11T11:17:47.028-03:00&amp#27;[0;39m &amp#27;[32mDEBUG&amp#27;[0;39m &amp#27;[35m16907&amp#27;[0;39m &amp#27;[2m---&amp#27;[0;39m &amp#27;[2m[           main]&amp#27;[0;39m &amp#27;[2m&amp#27;[0;39m&amp#27;[36morg.hibernate.SQL                       &amp#27;[0;39m &amp#27;[2m:&amp#27;[0;39m 
    /* <criteria> */ select
        d1_0.id,
        d1_0.actualizado_en,
        d1_0.codigo_penal,
        d1_0.creado_en,
        d1_0.descripcion,
        d1_0.nombre,
        d1_0.pena_maxima,
        d1_0.pena_minima,
        d1_0.tipo_pena,
        d1_0.valoracion 
    from
        delito d1_0 
    where
        upper(d1_0.nombre) like upper(?) escape '\'
Hibernate: 
    /* <criteria> */ select
        d1_0.id,
        d1_0.actualizado_en,
        d1_0.codigo_penal,
        d1_0.creado_en,
        d1_0.descripcion,
        d1_0.nombre,
        d1_0.pena_maxima,
        d1_0.pena_minima,
        d1_0.tipo_pena,
        d1_0.valoracion 
    from
        delito d1_0 
    where
        upper(d1_0.nombre) like upper(?) escape '\'
&amp#27;[2m2025-05-11T11:17:47.029-03:00&amp#27;[0;39m &amp#27;[32m INFO&amp#27;[0;39m &amp#27;[35m16907&amp#27;[0;39m &amp#27;[2m---&amp#27;[0;39m &amp#27;[2m[           main]&amp#27;[0;39m &amp#27;[2m&amp#27;[0;39m&amp#27;[36mi.StatisticalLoggingSessionEventListener&amp#27;[0;39m &amp#27;[2m:&amp#27;[0;39m Session Metrics {
    8083 nanoseconds spent acquiring 1 JDBC connections;
    0 nanoseconds spent releasing 0 JDBC connections;
    24083 nanoseconds spent preparing 1 JDBC statements;
    1106834 nanoseconds spent executing 1 JDBC statements;
    0 nanoseconds spent executing 0 JDBC batches;
    0 nanoseconds spent performing 0 L2C puts;
    0 nanoseconds spent performing 0 L2C hits;
    0 nanoseconds spent performing 0 L2C misses;
    0 nanoseconds spent executing 0 flushes (flushing a total of 0 entities and 0 collections);
    0 nanoseconds spent executing 0 partial-flushes (flushing a total of 0 entities and 0 collections)
}
&amp#27;[2m2025-05-11T11:17:47.029-03:00&amp#27;[0;39m &amp#27;[32mDEBUG&amp#27;[0;39m &amp#27;[35m16907&amp#27;[0;39m &amp#27;[2m---&amp#27;[0;39m &amp#27;[2m[           main]&amp#27;[0;39m &amp#27;[2m&amp#27;[0;39m&amp#27;[36morg.hibernate.SQL                       &amp#27;[0;39m &amp#27;[2m:&amp#27;[0;39m 
    select
        seq_delito.nextval 
    from
        dual
Hibernate: 
    select
        seq_delito.nextval 
    from
        dual
&amp#27;[2m2025-05-11T11:17:47.030-03:00&amp#27;[0;39m &amp#27;[32mDEBUG&amp#27;[0;39m &amp#27;[35m16907&amp#27;[0;39m &amp#27;[2m---&amp#27;[0;39m &amp#27;[2m[           main]&amp#27;[0;39m &amp#27;[2m&amp#27;[0;39m&amp#27;[36morg.hibernate.SQL                       &amp#27;[0;39m &amp#27;[2m:&amp#27;[0;39m 
    /* insert for
        com.cufre.expedientes.model.Delito */insert 
    into
        delito (actualizado_en, codigo_penal, creado_en, descripcion, nombre, pena_maxima, pena_minima, tipo_pena, valoracion, id) 
    values
        (?, ?, ?, ?, ?, ?, ?, ?, ?, ?)
Hibernate: 
    /* insert for
        com.cufre.expedientes.model.Delito */insert 
    into
        delito (actualizado_en, codigo_penal, creado_en, descripcion, nombre, pena_maxima, pena_minima, tipo_pena, valoracion, id) 
    values
        (?, ?, ?, ?, ?, ?, ?, ?, ?, ?)
&amp#27;[2m2025-05-11T11:17:47.031-03:00&amp#27;[0;39m &amp#27;[32m INFO&amp#27;[0;39m &amp#27;[35m16907&amp#27;[0;39m &amp#27;[2m---&amp#27;[0;39m &amp#27;[2m[           main]&amp#27;[0;39m &amp#27;[2m&amp#27;[0;39m&amp#27;[36mi.StatisticalLoggingSessionEventListener&amp#27;[0;39m &amp#27;[2m:&amp#27;[0;39m Session Metrics {
    6500 nanoseconds spent acquiring 1 JDBC connections;
    0 nanoseconds spent releasing 0 JDBC connections;
    17041 nanoseconds spent preparing 2 JDBC statements;
    310083 nanoseconds spent executing 1 JDBC statements;
    663125 nanoseconds spent executing 1 JDBC batches;
    0 nanoseconds spent performing 0 L2C puts;
    0 nanoseconds spent performing 0 L2C hits;
    0 nanoseconds spent performing 0 L2C misses;
    1059375 nanoseconds spent executing 1 flushes (flushing a total of 1 entities and 1 collections);
    0 nanoseconds spent executing 0 partial-flushes (flushing a total of 0 entities and 0 collections)
}
&amp#27;[2m2025-05-11T11:17:47.032-03:00&amp#27;[0;39m &amp#27;[32mDEBUG&amp#27;[0;39m &amp#27;[35m16907&amp#27;[0;39m &amp#27;[2m---&amp#27;[0;39m &amp#27;[2m[           main]&amp#27;[0;39m &amp#27;[2m&amp#27;[0;39m&amp#27;[36morg.hibernate.SQL                       &amp#27;[0;39m &amp#27;[2m:&amp#27;[0;39m 
    /* <criteria> */ select
        d1_0.id,
        d1_0.actualizado_en,
        d1_0.codigo_penal,
        d1_0.creado_en,
        d1_0.descripcion,
        d1_0.nombre,
        d1_0.pena_maxima,
        d1_0.pena_minima,
        d1_0.tipo_pena,
        d1_0.valoracion 
    from
        delito d1_0 
    where
        upper(d1_0.nombre) like upper(?) escape '\'
Hibernate: 
    /* <criteria> */ select
        d1_0.id,
        d1_0.actualizado_en,
        d1_0.codigo_penal,
        d1_0.creado_en,
        d1_0.descripcion,
        d1_0.nombre,
        d1_0.pena_maxima,
        d1_0.pena_minima,
        d1_0.tipo_pena,
        d1_0.valoracion 
    from
        delito d1_0 
    where
        upper(d1_0.nombre) like upper(?) escape '\'
&amp#27;[2m2025-05-11T11:17:47.033-03:00&amp#27;[0;39m &amp#27;[32m INFO&amp#27;[0;39m &amp#27;[35m16907&amp#27;[0;39m &amp#27;[2m---&amp#27;[0;39m &amp#27;[2m[           main]&amp#27;[0;39m &amp#27;[2m&amp#27;[0;39m&amp#27;[36mi.StatisticalLoggingSessionEventListener&amp#27;[0;39m &amp#27;[2m:&amp#27;[0;39m Session Metrics {
    7083 nanoseconds spent acquiring 1 JDBC connections;
    0 nanoseconds spent releasing 0 JDBC connections;
    20834 nanoseconds spent preparing 1 JDBC statements;
    1000500 nanoseconds spent executing 1 JDBC statements;
    0 nanoseconds spent executing 0 JDBC batches;
    0 nanoseconds spent performing 0 L2C puts;
    0 nanoseconds spent performing 0 L2C hits;
    0 nanoseconds spent performing 0 L2C misses;
    0 nanoseconds spent executing 0 flushes (flushing a total of 0 entities and 0 collections);
    0 nanoseconds spent executing 0 partial-flushes (flushing a total of 0 entities and 0 collections)
}
&amp#27;[2m2025-05-11T11:17:47.033-03:00&amp#27;[0;39m &amp#27;[32mDEBUG&amp#27;[0;39m &amp#27;[35m16907&amp#27;[0;39m &amp#27;[2m---&amp#27;[0;39m &amp#27;[2m[           main]&amp#27;[0;39m &amp#27;[2m&amp#27;[0;39m&amp#27;[36morg.hibernate.SQL                       &amp#27;[0;39m &amp#27;[2m:&amp#27;[0;39m 
    select
        seq_delito.nextval 
    from
        dual
Hibernate: 
    select
        seq_delito.nextval 
    from
        dual
&amp#27;[2m2025-05-11T11:17:47.034-03:00&amp#27;[0;39m &amp#27;[32mDEBUG&amp#27;[0;39m &amp#27;[35m16907&amp#27;[0;39m &amp#27;[2m---&amp#27;[0;39m &amp#27;[2m[           main]&amp#27;[0;39m &amp#27;[2m&amp#27;[0;39m&amp#27;[36morg.hibernate.SQL                       &amp#27;[0;39m &amp#27;[2m:&amp#27;[0;39m 
    /* insert for
        com.cufre.expedientes.model.Delito */insert 
    into
        delito (actualizado_en, codigo_penal, creado_en, descripcion, nombre, pena_maxima, pena_minima, tipo_pena, valoracion, id) 
    values
        (?, ?, ?, ?, ?, ?, ?, ?, ?, ?)
Hibernate: 
    /* insert for
        com.cufre.expedientes.model.Delito */insert 
    into
        delito (actualizado_en, codigo_penal, creado_en, descripcion, nombre, pena_maxima, pena_minima, tipo_pena, valoracion, id) 
    values
        (?, ?, ?, ?, ?, ?, ?, ?, ?, ?)
&amp#27;[2m2025-05-11T11:17:47.035-03:00&amp#27;[0;39m &amp#27;[32m INFO&amp#27;[0;39m &amp#27;[35m16907&amp#27;[0;39m &amp#27;[2m---&amp#27;[0;39m &amp#27;[2m[           main]&amp#27;[0;39m &amp#27;[2m&amp#27;[0;39m&amp#27;[36mi.StatisticalLoggingSessionEventListener&amp#27;[0;39m &amp#27;[2m:&amp#27;[0;39m Session Metrics {
    4917 nanoseconds spent acquiring 1 JDBC connections;
    0 nanoseconds spent releasing 0 JDBC connections;
    17583 nanoseconds spent preparing 2 JDBC statements;
    283000 nanoseconds spent executing 1 JDBC statements;
    489541 nanoseconds spent executing 1 JDBC batches;
    0 nanoseconds spent performing 0 L2C puts;
    0 nanoseconds spent performing 0 L2C hits;
    0 nanoseconds spent performing 0 L2C misses;
    868125 nanoseconds spent executing 1 flushes (flushing a total of 1 entities and 1 collections);
    0 nanoseconds spent executing 0 partial-flushes (flushing a total of 0 entities and 0 collections)
}
&amp#27;[2m2025-05-11T11:17:47.036-03:00&amp#27;[0;39m &amp#27;[32mDEBUG&amp#27;[0;39m &amp#27;[35m16907&amp#27;[0;39m &amp#27;[2m---&amp#27;[0;39m &amp#27;[2m[           main]&amp#27;[0;39m &amp#27;[2m&amp#27;[0;39m&amp#27;[36morg.hibernate.SQL                       &amp#27;[0;39m &amp#27;[2m:&amp#27;[0;39m 
    /* <criteria> */ select
        d1_0.id,
        d1_0.actualizado_en,
        d1_0.codigo_penal,
        d1_0.creado_en,
        d1_0.descripcion,
        d1_0.nombre,
        d1_0.pena_maxima,
        d1_0.pena_minima,
        d1_0.tipo_pena,
        d1_0.valoracion 
    from
        delito d1_0 
    where
        upper(d1_0.nombre) like upper(?) escape '\'
Hibernate: 
    /* <criteria> */ select
        d1_0.id,
        d1_0.actualizado_en,
        d1_0.codigo_penal,
        d1_0.creado_en,
        d1_0.descripcion,
        d1_0.nombre,
        d1_0.pena_maxima,
        d1_0.pena_minima,
        d1_0.tipo_pena,
        d1_0.valoracion 
    from
        delito d1_0 
    where
        upper(d1_0.nombre) like upper(?) escape '\'
&amp#27;[2m2025-05-11T11:17:47.037-03:00&amp#27;[0;39m &amp#27;[32m INFO&amp#27;[0;39m &amp#27;[35m16907&amp#27;[0;39m &amp#27;[2m---&amp#27;[0;39m &amp#27;[2m[           main]&amp#27;[0;39m &amp#27;[2m&amp#27;[0;39m&amp#27;[36mi.StatisticalLoggingSessionEventListener&amp#27;[0;39m &amp#27;[2m:&amp#27;[0;39m Session Metrics {
    9542 nanoseconds spent acquiring 1 JDBC connections;
    0 nanoseconds spent releasing 0 JDBC connections;
    22666 nanoseconds spent preparing 1 JDBC statements;
    867625 nanoseconds spent executing 1 JDBC statements;
    0 nanoseconds spent executing 0 JDBC batches;
    0 nanoseconds spent performing 0 L2C puts;
    0 nanoseconds spent performing 0 L2C hits;
    0 nanoseconds spent performing 0 L2C misses;
    0 nanoseconds spent executing 0 flushes (flushing a total of 0 entities and 0 collections);
    0 nanoseconds spent executing 0 partial-flushes (flushing a total of 0 entities and 0 collections)
}
&amp#27;[2m2025-05-11T11:17:47.037-03:00&amp#27;[0;39m &amp#27;[32mDEBUG&amp#27;[0;39m &amp#27;[35m16907&amp#27;[0;39m &amp#27;[2m---&amp#27;[0;39m &amp#27;[2m[           main]&amp#27;[0;39m &amp#27;[2m&amp#27;[0;39m&amp#27;[36morg.hibernate.SQL                       &amp#27;[0;39m &amp#27;[2m:&amp#27;[0;39m 
    select
        seq_delito.nextval 
    from
        dual
Hibernate: 
    select
        seq_delito.nextval 
    from
        dual
&amp#27;[2m2025-05-11T11:17:47.038-03:00&amp#27;[0;39m &amp#27;[32mDEBUG&amp#27;[0;39m &amp#27;[35m16907&amp#27;[0;39m &amp#27;[2m---&amp#27;[0;39m &amp#27;[2m[           main]&amp#27;[0;39m &amp#27;[2m&amp#27;[0;39m&amp#27;[36morg.hibernate.SQL                       &amp#27;[0;39m &amp#27;[2m:&amp#27;[0;39m 
    /* insert for
        com.cufre.expedientes.model.Delito */insert 
    into
        delito (actualizado_en, codigo_penal, creado_en, descripcion, nombre, pena_maxima, pena_minima, tipo_pena, valoracion, id) 
    values
        (?, ?, ?, ?, ?, ?, ?, ?, ?, ?)
Hibernate: 
    /* insert for
        com.cufre.expedientes.model.Delito */insert 
    into
        delito (actualizado_en, codigo_penal, creado_en, descripcion, nombre, pena_maxima, pena_minima, tipo_pena, valoracion, id) 
    values
        (?, ?, ?, ?, ?, ?, ?, ?, ?, ?)
&amp#27;[2m2025-05-11T11:17:47.039-03:00&amp#27;[0;39m &amp#27;[32m INFO&amp#27;[0;39m &amp#27;[35m16907&amp#27;[0;39m &amp#27;[2m---&amp#27;[0;39m &amp#27;[2m[           main]&amp#27;[0;39m &amp#27;[2m&amp#27;[0;39m&amp#27;[36mi.StatisticalLoggingSessionEventListener&amp#27;[0;39m &amp#27;[2m:&amp#27;[0;39m Session Metrics {
    5500 nanoseconds spent acquiring 1 JDBC connections;
    0 nanoseconds spent releasing 0 JDBC connections;
    19916 nanoseconds spent preparing 2 JDBC statements;
    420833 nanoseconds spent executing 1 JDBC statements;
    524375 nanoseconds spent executing 1 JDBC batches;
    0 nanoseconds spent performing 0 L2C puts;
    0 nanoseconds spent performing 0 L2C hits;
    0 nanoseconds spent performing 0 L2C misses;
    934916 nanoseconds spent executing 1 flushes (flushing a total of 1 entities and 1 collections);
    0 nanoseconds spent executing 0 partial-flushes (flushing a total of 0 entities and 0 collections)
}
&amp#27;[2m2025-05-11T11:17:47.040-03:00&amp#27;[0;39m &amp#27;[32mDEBUG&amp#27;[0;39m &amp#27;[35m16907&amp#27;[0;39m &amp#27;[2m---&amp#27;[0;39m &amp#27;[2m[           main]&amp#27;[0;39m &amp#27;[2m&amp#27;[0;39m&amp#27;[36morg.hibernate.SQL                       &amp#27;[0;39m &amp#27;[2m:&amp#27;[0;39m 
    /* <criteria> */ select
        d1_0.id,
        d1_0.actualizado_en,
        d1_0.codigo_penal,
        d1_0.creado_en,
        d1_0.descripcion,
        d1_0.nombre,
        d1_0.pena_maxima,
        d1_0.pena_minima,
        d1_0.tipo_pena,
        d1_0.valoracion 
    from
        delito d1_0 
    where
        upper(d1_0.nombre) like upper(?) escape '\'
Hibernate: 
    /* <criteria> */ select
        d1_0.id,
        d1_0.actualizado_en,
        d1_0.codigo_penal,
        d1_0.creado_en,
        d1_0.descripcion,
        d1_0.nombre,
        d1_0.pena_maxima,
        d1_0.pena_minima,
        d1_0.tipo_pena,
        d1_0.valoracion 
    from
        delito d1_0 
    where
        upper(d1_0.nombre) like upper(?) escape '\'
&amp#27;[2m2025-05-11T11:17:47.041-03:00&amp#27;[0;39m &amp#27;[32m INFO&amp#27;[0;39m &amp#27;[35m16907&amp#27;[0;39m &amp#27;[2m---&amp#27;[0;39m &amp#27;[2m[           main]&amp#27;[0;39m &amp#27;[2m&amp#27;[0;39m&amp#27;[36mi.StatisticalLoggingSessionEventListener&amp#27;[0;39m &amp#27;[2m:&amp#27;[0;39m Session Metrics {
    8000 nanoseconds spent acquiring 1 JDBC connections;
    0 nanoseconds spent releasing 0 JDBC connections;
    21125 nanoseconds spent preparing 1 JDBC statements;
    1022417 nanoseconds spent executing 1 JDBC statements;
    0 nanoseconds spent executing 0 JDBC batches;
    0 nanoseconds spent performing 0 L2C puts;
    0 nanoseconds spent performing 0 L2C hits;
    0 nanoseconds spent performing 0 L2C misses;
    0 nanoseconds spent executing 0 flushes (flushing a total of 0 entities and 0 collections);
    0 nanoseconds spent executing 0 partial-flushes (flushing a total of 0 entities and 0 collections)
}
&amp#27;[2m2025-05-11T11:17:47.041-03:00&amp#27;[0;39m &amp#27;[32mDEBUG&amp#27;[0;39m &amp#27;[35m16907&amp#27;[0;39m &amp#27;[2m---&amp#27;[0;39m &amp#27;[2m[           main]&amp#27;[0;39m &amp#27;[2m&amp#27;[0;39m&amp#27;[36morg.hibernate.SQL                       &amp#27;[0;39m &amp#27;[2m:&amp#27;[0;39m 
    select
        seq_delito.nextval 
    from
        dual
Hibernate: 
    select
        seq_delito.nextval 
    from
        dual
&amp#27;[2m2025-05-11T11:17:47.043-03:00&amp#27;[0;39m &amp#27;[32mDEBUG&amp#27;[0;39m &amp#27;[35m16907&amp#27;[0;39m &amp#27;[2m---&amp#27;[0;39m &amp#27;[2m[           main]&amp#27;[0;39m &amp#27;[2m&amp#27;[0;39m&amp#27;[36morg.hibernate.SQL                       &amp#27;[0;39m &amp#27;[2m:&amp#27;[0;39m 
    /* insert for
        com.cufre.expedientes.model.Delito */insert 
    into
        delito (actualizado_en, codigo_penal, creado_en, descripcion, nombre, pena_maxima, pena_minima, tipo_pena, valoracion, id) 
    values
        (?, ?, ?, ?, ?, ?, ?, ?, ?, ?)
Hibernate: 
    /* insert for
        com.cufre.expedientes.model.Delito */insert 
    into
        delito (actualizado_en, codigo_penal, creado_en, descripcion, nombre, pena_maxima, pena_minima, tipo_pena, valoracion, id) 
    values
        (?, ?, ?, ?, ?, ?, ?, ?, ?, ?)
&amp#27;[2m2025-05-11T11:17:47.044-03:00&amp#27;[0;39m &amp#27;[32m INFO&amp#27;[0;39m &amp#27;[35m16907&amp#27;[0;39m &amp#27;[2m---&amp#27;[0;39m &amp#27;[2m[           main]&amp#27;[0;39m &amp#27;[2m&amp#27;[0;39m&amp#27;[36mi.StatisticalLoggingSessionEventListener&amp#27;[0;39m &amp#27;[2m:&amp#27;[0;39m Session Metrics {
    6333 nanoseconds spent acquiring 1 JDBC connections;
    0 nanoseconds spent releasing 0 JDBC connections;
    29249 nanoseconds spent preparing 2 JDBC statements;
    533417 nanoseconds spent executing 1 JDBC statements;
    502500 nanoseconds spent executing 1 JDBC batches;
    0 nanoseconds spent performing 0 L2C puts;
    0 nanoseconds spent performing 0 L2C hits;
    0 nanoseconds spent performing 0 L2C misses;
    953042 nanoseconds spent executing 1 flushes (flushing a total of 1 entities and 1 collections);
    0 nanoseconds spent executing 0 partial-flushes (flushing a total of 0 entities and 0 collections)
}
&amp#27;[2m2025-05-11T11:17:47.045-03:00&amp#27;[0;39m &amp#27;[32mDEBUG&amp#27;[0;39m &amp#27;[35m16907&amp#27;[0;39m &amp#27;[2m---&amp#27;[0;39m &amp#27;[2m[           main]&amp#27;[0;39m &amp#27;[2m&amp#27;[0;39m&amp#27;[36morg.hibernate.SQL                       &amp#27;[0;39m &amp#27;[2m:&amp#27;[0;39m 
    /* <criteria> */ select
        d1_0.id,
        d1_0.actualizado_en,
        d1_0.codigo_penal,
        d1_0.creado_en,
        d1_0.descripcion,
        d1_0.nombre,
        d1_0.pena_maxima,
        d1_0.pena_minima,
        d1_0.tipo_pena,
        d1_0.valoracion 
    from
        delito d1_0 
    where
        upper(d1_0.nombre) like upper(?) escape '\'
Hibernate: 
    /* <criteria> */ select
        d1_0.id,
        d1_0.actualizado_en,
        d1_0.codigo_penal,
        d1_0.creado_en,
        d1_0.descripcion,
        d1_0.nombre,
        d1_0.pena_maxima,
        d1_0.pena_minima,
        d1_0.tipo_pena,
        d1_0.valoracion 
    from
        delito d1_0 
    where
        upper(d1_0.nombre) like upper(?) escape '\'
&amp#27;[2m2025-05-11T11:17:47.046-03:00&amp#27;[0;39m &amp#27;[32m INFO&amp#27;[0;39m &amp#27;[35m16907&amp#27;[0;39m &amp#27;[2m---&amp#27;[0;39m &amp#27;[2m[           main]&amp#27;[0;39m &amp#27;[2m&amp#27;[0;39m&amp#27;[36mi.StatisticalLoggingSessionEventListener&amp#27;[0;39m &amp#27;[2m:&amp#27;[0;39m Session Metrics {
    9750 nanoseconds spent acquiring 1 JDBC connections;
    0 nanoseconds spent releasing 0 JDBC connections;
    33375 nanoseconds spent preparing 1 JDBC statements;
    1005167 nanoseconds spent executing 1 JDBC statements;
    0 nanoseconds spent executing 0 JDBC batches;
    0 nanoseconds spent performing 0 L2C puts;
    0 nanoseconds spent performing 0 L2C hits;
    0 nanoseconds spent performing 0 L2C misses;
    0 nanoseconds spent executing 0 flushes (flushing a total of 0 entities and 0 collections);
    0 nanoseconds spent executing 0 partial-flushes (flushing a total of 0 entities and 0 collections)
}
&amp#27;[2m2025-05-11T11:17:47.046-03:00&amp#27;[0;39m &amp#27;[32mDEBUG&amp#27;[0;39m &amp#27;[35m16907&amp#27;[0;39m &amp#27;[2m---&amp#27;[0;39m &amp#27;[2m[           main]&amp#27;[0;39m &amp#27;[2m&amp#27;[0;39m&amp#27;[36morg.hibernate.SQL                       &amp#27;[0;39m &amp#27;[2m:&amp#27;[0;39m 
    select
        seq_delito.nextval 
    from
        dual
Hibernate: 
    select
        seq_delito.nextval 
    from
        dual
&amp#27;[2m2025-05-11T11:17:47.047-03:00&amp#27;[0;39m &amp#27;[32mDEBUG&amp#27;[0;39m &amp#27;[35m16907&amp#27;[0;39m &amp#27;[2m---&amp#27;[0;39m &amp#27;[2m[           main]&amp#27;[0;39m &amp#27;[2m&amp#27;[0;39m&amp#27;[36morg.hibernate.SQL                       &amp#27;[0;39m &amp#27;[2m:&amp#27;[0;39m 
    /* insert for
        com.cufre.expedientes.model.Delito */insert 
    into
        delito (actualizado_en, codigo_penal, creado_en, descripcion, nombre, pena_maxima, pena_minima, tipo_pena, valoracion, id) 
    values
        (?, ?, ?, ?, ?, ?, ?, ?, ?, ?)
Hibernate: 
    /* insert for
        com.cufre.expedientes.model.Delito */insert 
    into
        delito (actualizado_en, codigo_penal, creado_en, descripcion, nombre, pena_maxima, pena_minima, tipo_pena, valoracion, id) 
    values
        (?, ?, ?, ?, ?, ?, ?, ?, ?, ?)
&amp#27;[2m2025-05-11T11:17:47.049-03:00&amp#27;[0;39m &amp#27;[32m INFO&amp#27;[0;39m &amp#27;[35m16907&amp#27;[0;39m &amp#27;[2m---&amp#27;[0;39m &amp#27;[2m[           main]&amp#27;[0;39m &amp#27;[2m&amp#27;[0;39m&amp#27;[36mi.StatisticalLoggingSessionEventListener&amp#27;[0;39m &amp#27;[2m:&amp#27;[0;39m Session Metrics {
    4792 nanoseconds spent acquiring 1 JDBC connections;
    0 nanoseconds spent releasing 0 JDBC connections;
    23792 nanoseconds spent preparing 2 JDBC statements;
    462083 nanoseconds spent executing 1 JDBC statements;
    536333 nanoseconds spent executing 1 JDBC batches;
    0 nanoseconds spent performing 0 L2C puts;
    0 nanoseconds spent performing 0 L2C hits;
    0 nanoseconds spent performing 0 L2C misses;
    954917 nanoseconds spent executing 1 flushes (flushing a total of 1 entities and 1 collections);
    0 nanoseconds spent executing 0 partial-flushes (flushing a total of 0 entities and 0 collections)
}
&amp#27;[2m2025-05-11T11:17:47.049-03:00&amp#27;[0;39m &amp#27;[32mDEBUG&amp#27;[0;39m &amp#27;[35m16907&amp#27;[0;39m &amp#27;[2m---&amp#27;[0;39m &amp#27;[2m[           main]&amp#27;[0;39m &amp#27;[2m&amp#27;[0;39m&amp#27;[36morg.hibernate.SQL                       &amp#27;[0;39m &amp#27;[2m:&amp#27;[0;39m 
    /* <criteria> */ select
        d1_0.id,
        d1_0.actualizado_en,
        d1_0.codigo_penal,
        d1_0.creado_en,
        d1_0.descripcion,
        d1_0.nombre,
        d1_0.pena_maxima,
        d1_0.pena_minima,
        d1_0.tipo_pena,
        d1_0.valoracion 
    from
        delito d1_0 
    where
        upper(d1_0.nombre) like upper(?) escape '\'
Hibernate: 
    /* <criteria> */ select
        d1_0.id,
        d1_0.actualizado_en,
        d1_0.codigo_penal,
        d1_0.creado_en,
        d1_0.descripcion,
        d1_0.nombre,
        d1_0.pena_maxima,
        d1_0.pena_minima,
        d1_0.tipo_pena,
        d1_0.valoracion 
    from
        delito d1_0 
    where
        upper(d1_0.nombre) like upper(?) escape '\'
&amp#27;[2m2025-05-11T11:17:47.050-03:00&amp#27;[0;39m &amp#27;[32m INFO&amp#27;[0;39m &amp#27;[35m16907&amp#27;[0;39m &amp#27;[2m---&amp#27;[0;39m &amp#27;[2m[           main]&amp#27;[0;39m &amp#27;[2m&amp#27;[0;39m&amp#27;[36mi.StatisticalLoggingSessionEventListener&amp#27;[0;39m &amp#27;[2m:&amp#27;[0;39m Session Metrics {
    8875 nanoseconds spent acquiring 1 JDBC connections;
    0 nanoseconds spent releasing 0 JDBC connections;
    22708 nanoseconds spent preparing 1 JDBC statements;
    921791 nanoseconds spent executing 1 JDBC statements;
    0 nanoseconds spent executing 0 JDBC batches;
    0 nanoseconds spent performing 0 L2C puts;
    0 nanoseconds spent performing 0 L2C hits;
    0 nanoseconds spent performing 0 L2C misses;
    0 nanoseconds spent executing 0 flushes (flushing a total of 0 entities and 0 collections);
    0 nanoseconds spent executing 0 partial-flushes (flushing a total of 0 entities and 0 collections)
}
&amp#27;[2m2025-05-11T11:17:47.051-03:00&amp#27;[0;39m &amp#27;[32mDEBUG&amp#27;[0;39m &amp#27;[35m16907&amp#27;[0;39m &amp#27;[2m---&amp#27;[0;39m &amp#27;[2m[           main]&amp#27;[0;39m &amp#27;[2m&amp#27;[0;39m&amp#27;[36morg.hibernate.SQL                       &amp#27;[0;39m &amp#27;[2m:&amp#27;[0;39m 
    select
        seq_delito.nextval 
    from
        dual
Hibernate: 
    select
        seq_delito.nextval 
    from
        dual
&amp#27;[2m2025-05-11T11:17:47.051-03:00&amp#27;[0;39m &amp#27;[32mDEBUG&amp#27;[0;39m &amp#27;[35m16907&amp#27;[0;39m &amp#27;[2m---&amp#27;[0;39m &amp#27;[2m[           main]&amp#27;[0;39m &amp#27;[2m&amp#27;[0;39m&amp#27;[36morg.hibernate.SQL                       &amp#27;[0;39m &amp#27;[2m:&amp#27;[0;39m 
    /* insert for
        com.cufre.expedientes.model.Delito */insert 
    into
        delito (actualizado_en, codigo_penal, creado_en, descripcion, nombre, pena_maxima, pena_minima, tipo_pena, valoracion, id) 
    values
        (?, ?, ?, ?, ?, ?, ?, ?, ?, ?)
Hibernate: 
    /* insert for
        com.cufre.expedientes.model.Delito */insert 
    into
        delito (actualizado_en, codigo_penal, creado_en, descripcion, nombre, pena_maxima, pena_minima, tipo_pena, valoracion, id) 
    values
        (?, ?, ?, ?, ?, ?, ?, ?, ?, ?)
&amp#27;[2m2025-05-11T11:17:47.052-03:00&amp#27;[0;39m &amp#27;[32m INFO&amp#27;[0;39m &amp#27;[35m16907&amp#27;[0;39m &amp#27;[2m---&amp#27;[0;39m &amp#27;[2m[           main]&amp#27;[0;39m &amp#27;[2m&amp#27;[0;39m&amp#27;[36mi.StatisticalLoggingSessionEventListener&amp#27;[0;39m &amp#27;[2m:&amp#27;[0;39m Session Metrics {
    4875 nanoseconds spent acquiring 1 JDBC connections;
    0 nanoseconds spent releasing 0 JDBC connections;
    16709 nanoseconds spent preparing 2 JDBC statements;
    273917 nanoseconds spent executing 1 JDBC statements;
    396375 nanoseconds spent executing 1 JDBC batches;
    0 nanoseconds spent performing 0 L2C puts;
    0 nanoseconds spent performing 0 L2C hits;
    0 nanoseconds spent performing 0 L2C misses;
    784208 nanoseconds spent executing 1 flushes (flushing a total of 1 entities and 1 collections);
    0 nanoseconds spent executing 0 partial-flushes (flushing a total of 0 entities and 0 collections)
}
&amp#27;[2m2025-05-11T11:17:47.053-03:00&amp#27;[0;39m &amp#27;[32mDEBUG&amp#27;[0;39m &amp#27;[35m16907&amp#27;[0;39m &amp#27;[2m---&amp#27;[0;39m &amp#27;[2m[           main]&amp#27;[0;39m &amp#27;[2m&amp#27;[0;39m&amp#27;[36morg.hibernate.SQL                       &amp#27;[0;39m &amp#27;[2m:&amp#27;[0;39m 
    /* <criteria> */ select
        d1_0.id,
        d1_0.actualizado_en,
        d1_0.codigo_penal,
        d1_0.creado_en,
        d1_0.descripcion,
        d1_0.nombre,
        d1_0.pena_maxima,
        d1_0.pena_minima,
        d1_0.tipo_pena,
        d1_0.valoracion 
    from
        delito d1_0 
    where
        upper(d1_0.nombre) like upper(?) escape '\'
Hibernate: 
    /* <criteria> */ select
        d1_0.id,
        d1_0.actualizado_en,
        d1_0.codigo_penal,
        d1_0.creado_en,
        d1_0.descripcion,
        d1_0.nombre,
        d1_0.pena_maxima,
        d1_0.pena_minima,
        d1_0.tipo_pena,
        d1_0.valoracion 
    from
        delito d1_0 
    where
        upper(d1_0.nombre) like upper(?) escape '\'
&amp#27;[2m2025-05-11T11:17:47.054-03:00&amp#27;[0;39m &amp#27;[32m INFO&amp#27;[0;39m &amp#27;[35m16907&amp#27;[0;39m &amp#27;[2m---&amp#27;[0;39m &amp#27;[2m[           main]&amp#27;[0;39m &amp#27;[2m&amp#27;[0;39m&amp#27;[36mi.StatisticalLoggingSessionEventListener&amp#27;[0;39m &amp#27;[2m:&amp#27;[0;39m Session Metrics {
    6542 nanoseconds spent acquiring 1 JDBC connections;
    0 nanoseconds spent releasing 0 JDBC connections;
    18375 nanoseconds spent preparing 1 JDBC statements;
    853833 nanoseconds spent executing 1 JDBC statements;
    0 nanoseconds spent executing 0 JDBC batches;
    0 nanoseconds spent performing 0 L2C puts;
    0 nanoseconds spent performing 0 L2C hits;
    0 nanoseconds spent performing 0 L2C misses;
    0 nanoseconds spent executing 0 flushes (flushing a total of 0 entities and 0 collections);
    0 nanoseconds spent executing 0 partial-flushes (flushing a total of 0 entities and 0 collections)
}
&amp#27;[2m2025-05-11T11:17:47.054-03:00&amp#27;[0;39m &amp#27;[32mDEBUG&amp#27;[0;39m &amp#27;[35m16907&amp#27;[0;39m &amp#27;[2m---&amp#27;[0;39m &amp#27;[2m[           main]&amp#27;[0;39m &amp#27;[2m&amp#27;[0;39m&amp#27;[36morg.hibernate.SQL                       &amp#27;[0;39m &amp#27;[2m:&amp#27;[0;39m 
    select
        seq_delito.nextval 
    from
        dual
Hibernate: 
    select
        seq_delito.nextval 
    from
        dual
&amp#27;[2m2025-05-11T11:17:47.055-03:00&amp#27;[0;39m &amp#27;[32mDEBUG&amp#27;[0;39m &amp#27;[35m16907&amp#27;[0;39m &amp#27;[2m---&amp#27;[0;39m &amp#27;[2m[           main]&amp#27;[0;39m &amp#27;[2m&amp#27;[0;39m&amp#27;[36morg.hibernate.SQL                       &amp#27;[0;39m &amp#27;[2m:&amp#27;[0;39m 
    /* insert for
        com.cufre.expedientes.model.Delito */insert 
    into
        delito (actualizado_en, codigo_penal, creado_en, descripcion, nombre, pena_maxima, pena_minima, tipo_pena, valoracion, id) 
    values
        (?, ?, ?, ?, ?, ?, ?, ?, ?, ?)
Hibernate: 
    /* insert for
        com.cufre.expedientes.model.Delito */insert 
    into
        delito (actualizado_en, codigo_penal, creado_en, descripcion, nombre, pena_maxima, pena_minima, tipo_pena, valoracion, id) 
    values
        (?, ?, ?, ?, ?, ?, ?, ?, ?, ?)
&amp#27;[2m2025-05-11T11:17:47.056-03:00&amp#27;[0;39m &amp#27;[32m INFO&amp#27;[0;39m &amp#27;[35m16907&amp#27;[0;39m &amp#27;[2m---&amp#27;[0;39m &amp#27;[2m[           main]&amp#27;[0;39m &amp#27;[2m&amp#27;[0;39m&amp#27;[36mi.StatisticalLoggingSessionEventListener&amp#27;[0;39m &amp#27;[2m:&amp#27;[0;39m Session Metrics {
    5375 nanoseconds spent acquiring 1 JDBC connections;
    0 nanoseconds spent releasing 0 JDBC connections;
    17333 nanoseconds spent preparing 2 JDBC statements;
    335667 nanoseconds spent executing 1 JDBC statements;
    494500 nanoseconds spent executing 1 JDBC batches;
    0 nanoseconds spent performing 0 L2C puts;
    0 nanoseconds spent performing 0 L2C hits;
    0 nanoseconds spent performing 0 L2C misses;
    923167 nanoseconds spent executing 1 flushes (flushing a total of 1 entities and 1 collections);
    0 nanoseconds spent executing 0 partial-flushes (flushing a total of 0 entities and 0 collections)
}
&amp#27;[2m2025-05-11T11:17:47.057-03:00&amp#27;[0;39m &amp#27;[32mDEBUG&amp#27;[0;39m &amp#27;[35m16907&amp#27;[0;39m &amp#27;[2m---&amp#27;[0;39m &amp#27;[2m[           main]&amp#27;[0;39m &amp#27;[2m&amp#27;[0;39m&amp#27;[36morg.hibernate.SQL                       &amp#27;[0;39m &amp#27;[2m:&amp#27;[0;39m 
    /* <criteria> */ select
        d1_0.id,
        d1_0.actualizado_en,
        d1_0.codigo_penal,
        d1_0.creado_en,
        d1_0.descripcion,
        d1_0.nombre,
        d1_0.pena_maxima,
        d1_0.pena_minima,
        d1_0.tipo_pena,
        d1_0.valoracion 
    from
        delito d1_0 
    where
        upper(d1_0.nombre) like upper(?) escape '\'
Hibernate: 
    /* <criteria> */ select
        d1_0.id,
        d1_0.actualizado_en,
        d1_0.codigo_penal,
        d1_0.creado_en,
        d1_0.descripcion,
        d1_0.nombre,
        d1_0.pena_maxima,
        d1_0.pena_minima,
        d1_0.tipo_pena,
        d1_0.valoracion 
    from
        delito d1_0 
    where
        upper(d1_0.nombre) like upper(?) escape '\'
&amp#27;[2m2025-05-11T11:17:47.058-03:00&amp#27;[0;39m &amp#27;[32m INFO&amp#27;[0;39m &amp#27;[35m16907&amp#27;[0;39m &amp#27;[2m---&amp#27;[0;39m &amp#27;[2m[           main]&amp#27;[0;39m &amp#27;[2m&amp#27;[0;39m&amp#27;[36mi.StatisticalLoggingSessionEventListener&amp#27;[0;39m &amp#27;[2m:&amp#27;[0;39m Session Metrics {
    10542 nanoseconds spent acquiring 1 JDBC connections;
    0 nanoseconds spent releasing 0 JDBC connections;
    23041 nanoseconds spent preparing 1 JDBC statements;
    986750 nanoseconds spent executing 1 JDBC statements;
    0 nanoseconds spent executing 0 JDBC batches;
    0 nanoseconds spent performing 0 L2C puts;
    0 nanoseconds spent performing 0 L2C hits;
    0 nanoseconds spent performing 0 L2C misses;
    0 nanoseconds spent executing 0 flushes (flushing a total of 0 entities and 0 collections);
    0 nanoseconds spent executing 0 partial-flushes (flushing a total of 0 entities and 0 collections)
}
&amp#27;[2m2025-05-11T11:17:47.058-03:00&amp#27;[0;39m &amp#27;[32mDEBUG&amp#27;[0;39m &amp#27;[35m16907&amp#27;[0;39m &amp#27;[2m---&amp#27;[0;39m &amp#27;[2m[           main]&amp#27;[0;39m &amp#27;[2m&amp#27;[0;39m&amp#27;[36morg.hibernate.SQL                       &amp#27;[0;39m &amp#27;[2m:&amp#27;[0;39m 
    select
        seq_delito.nextval 
    from
        dual
Hibernate: 
    select
        seq_delito.nextval 
    from
        dual
&amp#27;[2m2025-05-11T11:17:47.059-03:00&amp#27;[0;39m &amp#27;[32mDEBUG&amp#27;[0;39m &amp#27;[35m16907&amp#27;[0;39m &amp#27;[2m---&amp#27;[0;39m &amp#27;[2m[           main]&amp#27;[0;39m &amp#27;[2m&amp#27;[0;39m&amp#27;[36morg.hibernate.SQL                       &amp#27;[0;39m &amp#27;[2m:&amp#27;[0;39m 
    /* insert for
        com.cufre.expedientes.model.Delito */insert 
    into
        delito (actualizado_en, codigo_penal, creado_en, descripcion, nombre, pena_maxima, pena_minima, tipo_pena, valoracion, id) 
    values
        (?, ?, ?, ?, ?, ?, ?, ?, ?, ?)
Hibernate: 
    /* insert for
        com.cufre.expedientes.model.Delito */insert 
    into
        delito (actualizado_en, codigo_penal, creado_en, descripcion, nombre, pena_maxima, pena_minima, tipo_pena, valoracion, id) 
    values
        (?, ?, ?, ?, ?, ?, ?, ?, ?, ?)
&amp#27;[2m2025-05-11T11:17:47.060-03:00&amp#27;[0;39m &amp#27;[32m INFO&amp#27;[0;39m &amp#27;[35m16907&amp#27;[0;39m &amp#27;[2m---&amp#27;[0;39m &amp#27;[2m[           main]&amp#27;[0;39m &amp#27;[2m&amp#27;[0;39m&amp#27;[36mi.StatisticalLoggingSessionEventListener&amp#27;[0;39m &amp#27;[2m:&amp#27;[0;39m Session Metrics {
    5208 nanoseconds spent acquiring 1 JDBC connections;
    0 nanoseconds spent releasing 0 JDBC connections;
    20625 nanoseconds spent preparing 2 JDBC statements;
    306834 nanoseconds spent executing 1 JDBC statements;
    577541 nanoseconds spent executing 1 JDBC batches;
    0 nanoseconds spent performing 0 L2C puts;
    0 nanoseconds spent performing 0 L2C hits;
    0 nanoseconds spent performing 0 L2C misses;
    905208 nanoseconds spent executing 1 flushes (flushing a total of 1 entities and 1 collections);
    0 nanoseconds spent executing 0 partial-flushes (flushing a total of 0 entities and 0 collections)
}
&amp#27;[2m2025-05-11T11:17:47.061-03:00&amp#27;[0;39m &amp#27;[32mDEBUG&amp#27;[0;39m &amp#27;[35m16907&amp#27;[0;39m &amp#27;[2m---&amp#27;[0;39m &amp#27;[2m[           main]&amp#27;[0;39m &amp#27;[2m&amp#27;[0;39m&amp#27;[36morg.hibernate.SQL                       &amp#27;[0;39m &amp#27;[2m:&amp#27;[0;39m 
    /* <criteria> */ select
        d1_0.id,
        d1_0.actualizado_en,
        d1_0.codigo_penal,
        d1_0.creado_en,
        d1_0.descripcion,
        d1_0.nombre,
        d1_0.pena_maxima,
        d1_0.pena_minima,
        d1_0.tipo_pena,
        d1_0.valoracion 
    from
        delito d1_0 
    where
        upper(d1_0.nombre) like upper(?) escape '\'
Hibernate: 
    /* <criteria> */ select
        d1_0.id,
        d1_0.actualizado_en,
        d1_0.codigo_penal,
        d1_0.creado_en,
        d1_0.descripcion,
        d1_0.nombre,
        d1_0.pena_maxima,
        d1_0.pena_minima,
        d1_0.tipo_pena,
        d1_0.valoracion 
    from
        delito d1_0 
    where
        upper(d1_0.nombre) like upper(?) escape '\'
&amp#27;[2m2025-05-11T11:17:47.062-03:00&amp#27;[0;39m &amp#27;[32m INFO&amp#27;[0;39m &amp#27;[35m16907&amp#27;[0;39m &amp#27;[2m---&amp#27;[0;39m &amp#27;[2m[           main]&amp#27;[0;39m &amp#27;[2m&amp#27;[0;39m&amp#27;[36mi.StatisticalLoggingSessionEventListener&amp#27;[0;39m &amp#27;[2m:&amp#27;[0;39m Session Metrics {
    7458 nanoseconds spent acquiring 1 JDBC connections;
    0 nanoseconds spent releasing 0 JDBC connections;
    19625 nanoseconds spent preparing 1 JDBC statements;
    867583 nanoseconds spent executing 1 JDBC statements;
    0 nanoseconds spent executing 0 JDBC batches;
    0 nanoseconds spent performing 0 L2C puts;
    0 nanoseconds spent performing 0 L2C hits;
    0 nanoseconds spent performing 0 L2C misses;
    0 nanoseconds spent executing 0 flushes (flushing a total of 0 entities and 0 collections);
    0 nanoseconds spent executing 0 partial-flushes (flushing a total of 0 entities and 0 collections)
}
&amp#27;[2m2025-05-11T11:17:47.062-03:00&amp#27;[0;39m &amp#27;[32mDEBUG&amp#27;[0;39m &amp#27;[35m16907&amp#27;[0;39m &amp#27;[2m---&amp#27;[0;39m &amp#27;[2m[           main]&amp#27;[0;39m &amp#27;[2m&amp#27;[0;39m&amp#27;[36morg.hibernate.SQL                       &amp#27;[0;39m &amp#27;[2m:&amp#27;[0;39m 
    select
        seq_delito.nextval 
    from
        dual
Hibernate: 
    select
        seq_delito.nextval 
    from
        dual
&amp#27;[2m2025-05-11T11:17:47.063-03:00&amp#27;[0;39m &amp#27;[32mDEBUG&amp#27;[0;39m &amp#27;[35m16907&amp#27;[0;39m &amp#27;[2m---&amp#27;[0;39m &amp#27;[2m[           main]&amp#27;[0;39m &amp#27;[2m&amp#27;[0;39m&amp#27;[36morg.hibernate.SQL                       &amp#27;[0;39m &amp#27;[2m:&amp#27;[0;39m 
    /* insert for
        com.cufre.expedientes.model.Delito */insert 
    into
        delito (actualizado_en, codigo_penal, creado_en, descripcion, nombre, pena_maxima, pena_minima, tipo_pena, valoracion, id) 
    values
        (?, ?, ?, ?, ?, ?, ?, ?, ?, ?)
Hibernate: 
    /* insert for
        com.cufre.expedientes.model.Delito */insert 
    into
        delito (actualizado_en, codigo_penal, creado_en, descripcion, nombre, pena_maxima, pena_minima, tipo_pena, valoracion, id) 
    values
        (?, ?, ?, ?, ?, ?, ?, ?, ?, ?)
&amp#27;[2m2025-05-11T11:17:47.067-03:00&amp#27;[0;39m &amp#27;[32m INFO&amp#27;[0;39m &amp#27;[35m16907&amp#27;[0;39m &amp#27;[2m---&amp#27;[0;39m &amp#27;[2m[           main]&amp#27;[0;39m &amp#27;[2m&amp#27;[0;39m&amp#27;[36mi.StatisticalLoggingSessionEventListener&amp#27;[0;39m &amp#27;[2m:&amp#27;[0;39m Session Metrics {
    5833 nanoseconds spent acquiring 1 JDBC connections;
    0 nanoseconds spent releasing 0 JDBC connections;
    19166 nanoseconds spent preparing 2 JDBC statements;
    242750 nanoseconds spent executing 1 JDBC statements;
    3410167 nanoseconds spent executing 1 JDBC batches;
    0 nanoseconds spent performing 0 L2C puts;
    0 nanoseconds spent performing 0 L2C hits;
    0 nanoseconds spent performing 0 L2C misses;
    3799250 nanoseconds spent executing 1 flushes (flushing a total of 1 entities and 1 collections);
    0 nanoseconds spent executing 0 partial-flushes (flushing a total of 0 entities and 0 collections)
}
&amp#27;[2m2025-05-11T11:17:47.068-03:00&amp#27;[0;39m &amp#27;[32mDEBUG&amp#27;[0;39m &amp#27;[35m16907&amp#27;[0;39m &amp#27;[2m---&amp#27;[0;39m &amp#27;[2m[           main]&amp#27;[0;39m &amp#27;[2m&amp#27;[0;39m&amp#27;[36morg.hibernate.SQL                       &amp#27;[0;39m &amp#27;[2m:&amp#27;[0;39m 
    /* <criteria> */ select
        d1_0.id,
        d1_0.actualizado_en,
        d1_0.codigo_penal,
        d1_0.creado_en,
        d1_0.descripcion,
        d1_0.nombre,
        d1_0.pena_maxima,
        d1_0.pena_minima,
        d1_0.tipo_pena,
        d1_0.valoracion 
    from
        delito d1_0 
    where
        upper(d1_0.nombre) like upper(?) escape '\'
Hibernate: 
    /* <criteria> */ select
        d1_0.id,
        d1_0.actualizado_en,
        d1_0.codigo_penal,
        d1_0.creado_en,
        d1_0.descripcion,
        d1_0.nombre,
        d1_0.pena_maxima,
        d1_0.pena_minima,
        d1_0.tipo_pena,
        d1_0.valoracion 
    from
        delito d1_0 
    where
        upper(d1_0.nombre) like upper(?) escape '\'
&amp#27;[2m2025-05-11T11:17:47.069-03:00&amp#27;[0;39m &amp#27;[32m INFO&amp#27;[0;39m &amp#27;[35m16907&amp#27;[0;39m &amp#27;[2m---&amp#27;[0;39m &amp#27;[2m[           main]&amp#27;[0;39m &amp#27;[2m&amp#27;[0;39m&amp#27;[36mi.StatisticalLoggingSessionEventListener&amp#27;[0;39m &amp#27;[2m:&amp#27;[0;39m Session Metrics {
    8209 nanoseconds spent acquiring 1 JDBC connections;
    0 nanoseconds spent releasing 0 JDBC connections;
    20709 nanoseconds spent preparing 1 JDBC statements;
    944167 nanoseconds spent executing 1 JDBC statements;
    0 nanoseconds spent executing 0 JDBC batches;
    0 nanoseconds spent performing 0 L2C puts;
    0 nanoseconds spent performing 0 L2C hits;
    0 nanoseconds spent performing 0 L2C misses;
    0 nanoseconds spent executing 0 flushes (flushing a total of 0 entities and 0 collections);
    0 nanoseconds spent executing 0 partial-flushes (flushing a total of 0 entities and 0 collections)
}
&amp#27;[2m2025-05-11T11:17:47.069-03:00&amp#27;[0;39m &amp#27;[32mDEBUG&amp#27;[0;39m &amp#27;[35m16907&amp#27;[0;39m &amp#27;[2m---&amp#27;[0;39m &amp#27;[2m[           main]&amp#27;[0;39m &amp#27;[2m&amp#27;[0;39m&amp#27;[36morg.hibernate.SQL                       &amp#27;[0;39m &amp#27;[2m:&amp#27;[0;39m 
    select
        seq_delito.nextval 
    from
        dual
Hibernate: 
    select
        seq_delito.nextval 
    from
        dual
&amp#27;[2m2025-05-11T11:17:47.070-03:00&amp#27;[0;39m &amp#27;[32mDEBUG&amp#27;[0;39m &amp#27;[35m16907&amp#27;[0;39m &amp#27;[2m---&amp#27;[0;39m &amp#27;[2m[           main]&amp#27;[0;39m &amp#27;[2m&amp#27;[0;39m&amp#27;[36morg.hibernate.SQL                       &amp#27;[0;39m &amp#27;[2m:&amp#27;[0;39m 
    /* insert for
        com.cufre.expedientes.model.Delito */insert 
    into
        delito (actualizado_en, codigo_penal, creado_en, descripcion, nombre, pena_maxima, pena_minima, tipo_pena, valoracion, id) 
    values
        (?, ?, ?, ?, ?, ?, ?, ?, ?, ?)
Hibernate: 
    /* insert for
        com.cufre.expedientes.model.Delito */insert 
    into
        delito (actualizado_en, codigo_penal, creado_en, descripcion, nombre, pena_maxima, pena_minima, tipo_pena, valoracion, id) 
    values
        (?, ?, ?, ?, ?, ?, ?, ?, ?, ?)
&amp#27;[2m2025-05-11T11:17:47.071-03:00&amp#27;[0;39m &amp#27;[32m INFO&amp#27;[0;39m &amp#27;[35m16907&amp#27;[0;39m &amp#27;[2m---&amp#27;[0;39m &amp#27;[2m[           main]&amp#27;[0;39m &amp#27;[2m&amp#27;[0;39m&amp#27;[36mi.StatisticalLoggingSessionEventListener&amp#27;[0;39m &amp#27;[2m:&amp#27;[0;39m Session Metrics {
    5167 nanoseconds spent acquiring 1 JDBC connections;
    0 nanoseconds spent releasing 0 JDBC connections;
    14917 nanoseconds spent preparing 2 JDBC statements;
    307417 nanoseconds spent executing 1 JDBC statements;
    441667 nanoseconds spent executing 1 JDBC batches;
    0 nanoseconds spent performing 0 L2C puts;
    0 nanoseconds spent performing 0 L2C hits;
    0 nanoseconds spent performing 0 L2C misses;
    798750 nanoseconds spent executing 1 flushes (flushing a total of 1 entities and 1 collections);
    0 nanoseconds spent executing 0 partial-flushes (flushing a total of 0 entities and 0 collections)
}
&amp#27;[2m2025-05-11T11:17:47.072-03:00&amp#27;[0;39m &amp#27;[32mDEBUG&amp#27;[0;39m &amp#27;[35m16907&amp#27;[0;39m &amp#27;[2m---&amp#27;[0;39m &amp#27;[2m[           main]&amp#27;[0;39m &amp#27;[2m&amp#27;[0;39m&amp#27;[36morg.hibernate.SQL                       &amp#27;[0;39m &amp#27;[2m:&amp#27;[0;39m 
    /* <criteria> */ select
        d1_0.id,
        d1_0.actualizado_en,
        d1_0.codigo_penal,
        d1_0.creado_en,
        d1_0.descripcion,
        d1_0.nombre,
        d1_0.pena_maxima,
        d1_0.pena_minima,
        d1_0.tipo_pena,
        d1_0.valoracion 
    from
        delito d1_0 
    where
        upper(d1_0.nombre) like upper(?) escape '\'
Hibernate: 
    /* <criteria> */ select
        d1_0.id,
        d1_0.actualizado_en,
        d1_0.codigo_penal,
        d1_0.creado_en,
        d1_0.descripcion,
        d1_0.nombre,
        d1_0.pena_maxima,
        d1_0.pena_minima,
        d1_0.tipo_pena,
        d1_0.valoracion 
    from
        delito d1_0 
    where
        upper(d1_0.nombre) like upper(?) escape '\'
&amp#27;[2m2025-05-11T11:17:47.073-03:00&amp#27;[0;39m &amp#27;[32m INFO&amp#27;[0;39m &amp#27;[35m16907&amp#27;[0;39m &amp#27;[2m---&amp#27;[0;39m &amp#27;[2m[           main]&amp#27;[0;39m &amp#27;[2m&amp#27;[0;39m&amp#27;[36mi.StatisticalLoggingSessionEventListener&amp#27;[0;39m &amp#27;[2m:&amp#27;[0;39m Session Metrics {
    5417 nanoseconds spent acquiring 1 JDBC connections;
    0 nanoseconds spent releasing 0 JDBC connections;
    14500 nanoseconds spent preparing 1 JDBC statements;
    881584 nanoseconds spent executing 1 JDBC statements;
    0 nanoseconds spent executing 0 JDBC batches;
    0 nanoseconds spent performing 0 L2C puts;
    0 nanoseconds spent performing 0 L2C hits;
    0 nanoseconds spent performing 0 L2C misses;
    0 nanoseconds spent executing 0 flushes (flushing a total of 0 entities and 0 collections);
    0 nanoseconds spent executing 0 partial-flushes (flushing a total of 0 entities and 0 collections)
}
&amp#27;[2m2025-05-11T11:17:47.073-03:00&amp#27;[0;39m &amp#27;[32mDEBUG&amp#27;[0;39m &amp#27;[35m16907&amp#27;[0;39m &amp#27;[2m---&amp#27;[0;39m &amp#27;[2m[           main]&amp#27;[0;39m &amp#27;[2m&amp#27;[0;39m&amp#27;[36morg.hibernate.SQL                       &amp#27;[0;39m &amp#27;[2m:&amp#27;[0;39m 
    select
        seq_delito.nextval 
    from
        dual
Hibernate: 
    select
        seq_delito.nextval 
    from
        dual
&amp#27;[2m2025-05-11T11:17:47.074-03:00&amp#27;[0;39m &amp#27;[32mDEBUG&amp#27;[0;39m &amp#27;[35m16907&amp#27;[0;39m &amp#27;[2m---&amp#27;[0;39m &amp#27;[2m[           main]&amp#27;[0;39m &amp#27;[2m&amp#27;[0;39m&amp#27;[36morg.hibernate.SQL                       &amp#27;[0;39m &amp#27;[2m:&amp#27;[0;39m 
    /* insert for
        com.cufre.expedientes.model.Delito */insert 
    into
        delito (actualizado_en, codigo_penal, creado_en, descripcion, nombre, pena_maxima, pena_minima, tipo_pena, valoracion, id) 
    values
        (?, ?, ?, ?, ?, ?, ?, ?, ?, ?)
Hibernate: 
    /* insert for
        com.cufre.expedientes.model.Delito */insert 
    into
        delito (actualizado_en, codigo_penal, creado_en, descripcion, nombre, pena_maxima, pena_minima, tipo_pena, valoracion, id) 
    values
        (?, ?, ?, ?, ?, ?, ?, ?, ?, ?)
&amp#27;[2m2025-05-11T11:17:47.075-03:00&amp#27;[0;39m &amp#27;[32m INFO&amp#27;[0;39m &amp#27;[35m16907&amp#27;[0;39m &amp#27;[2m---&amp#27;[0;39m &amp#27;[2m[           main]&amp#27;[0;39m &amp#27;[2m&amp#27;[0;39m&amp#27;[36mi.StatisticalLoggingSessionEventListener&amp#27;[0;39m &amp#27;[2m:&amp#27;[0;39m Session Metrics {
    6208 nanoseconds spent acquiring 1 JDBC connections;
    0 nanoseconds spent releasing 0 JDBC connections;
    21542 nanoseconds spent preparing 2 JDBC statements;
    734875 nanoseconds spent executing 1 JDBC statements;
    458750 nanoseconds spent executing 1 JDBC batches;
    0 nanoseconds spent performing 0 L2C puts;
    0 nanoseconds spent performing 0 L2C hits;
    0 nanoseconds spent performing 0 L2C misses;
    872875 nanoseconds spent executing 1 flushes (flushing a total of 1 entities and 1 collections);
    0 nanoseconds spent executing 0 partial-flushes (flushing a total of 0 entities and 0 collections)
}
&amp#27;[2m2025-05-11T11:17:47.076-03:00&amp#27;[0;39m &amp#27;[32mDEBUG&amp#27;[0;39m &amp#27;[35m16907&amp#27;[0;39m &amp#27;[2m---&amp#27;[0;39m &amp#27;[2m[           main]&amp#27;[0;39m &amp#27;[2m&amp#27;[0;39m&amp#27;[36morg.hibernate.SQL                       &amp#27;[0;39m &amp#27;[2m:&amp#27;[0;39m 
    /* <criteria> */ select
        d1_0.id,
        d1_0.actualizado_en,
        d1_0.codigo_penal,
        d1_0.creado_en,
        d1_0.descripcion,
        d1_0.nombre,
        d1_0.pena_maxima,
        d1_0.pena_minima,
        d1_0.tipo_pena,
        d1_0.valoracion 
    from
        delito d1_0 
    where
        upper(d1_0.nombre) like upper(?) escape '\'
Hibernate: 
    /* <criteria> */ select
        d1_0.id,
        d1_0.actualizado_en,
        d1_0.codigo_penal,
        d1_0.creado_en,
        d1_0.descripcion,
        d1_0.nombre,
        d1_0.pena_maxima,
        d1_0.pena_minima,
        d1_0.tipo_pena,
        d1_0.valoracion 
    from
        delito d1_0 
    where
        upper(d1_0.nombre) like upper(?) escape '\'
&amp#27;[2m2025-05-11T11:17:47.077-03:00&amp#27;[0;39m &amp#27;[32m INFO&amp#27;[0;39m &amp#27;[35m16907&amp#27;[0;39m &amp#27;[2m---&amp#27;[0;39m &amp#27;[2m[           main]&amp#27;[0;39m &amp#27;[2m&amp#27;[0;39m&amp#27;[36mi.StatisticalLoggingSessionEventListener&amp#27;[0;39m &amp#27;[2m:&amp#27;[0;39m Session Metrics {
    6958 nanoseconds spent acquiring 1 JDBC connections;
    0 nanoseconds spent releasing 0 JDBC connections;
    17833 nanoseconds spent preparing 1 JDBC statements;
    823125 nanoseconds spent executing 1 JDBC statements;
    0 nanoseconds spent executing 0 JDBC batches;
    0 nanoseconds spent performing 0 L2C puts;
    0 nanoseconds spent performing 0 L2C hits;
    0 nanoseconds spent performing 0 L2C misses;
    0 nanoseconds spent executing 0 flushes (flushing a total of 0 entities and 0 collections);
    0 nanoseconds spent executing 0 partial-flushes (flushing a total of 0 entities and 0 collections)
}
&amp#27;[2m2025-05-11T11:17:47.077-03:00&amp#27;[0;39m &amp#27;[32mDEBUG&amp#27;[0;39m &amp#27;[35m16907&amp#27;[0;39m &amp#27;[2m---&amp#27;[0;39m &amp#27;[2m[           main]&amp#27;[0;39m &amp#27;[2m&amp#27;[0;39m&amp#27;[36morg.hibernate.SQL                       &amp#27;[0;39m &amp#27;[2m:&amp#27;[0;39m 
    select
        seq_delito.nextval 
    from
        dual
Hibernate: 
    select
        seq_delito.nextval 
    from
        dual
&amp#27;[2m2025-05-11T11:17:47.078-03:00&amp#27;[0;39m &amp#27;[32mDEBUG&amp#27;[0;39m &amp#27;[35m16907&amp#27;[0;39m &amp#27;[2m---&amp#27;[0;39m &amp#27;[2m[           main]&amp#27;[0;39m &amp#27;[2m&amp#27;[0;39m&amp#27;[36morg.hibernate.SQL                       &amp#27;[0;39m &amp#27;[2m:&amp#27;[0;39m 
    /* insert for
        com.cufre.expedientes.model.Delito */insert 
    into
        delito (actualizado_en, codigo_penal, creado_en, descripcion, nombre, pena_maxima, pena_minima, tipo_pena, valoracion, id) 
    values
        (?, ?, ?, ?, ?, ?, ?, ?, ?, ?)
Hibernate: 
    /* insert for
        com.cufre.expedientes.model.Delito */insert 
    into
        delito (actualizado_en, codigo_penal, creado_en, descripcion, nombre, pena_maxima, pena_minima, tipo_pena, valoracion, id) 
    values
        (?, ?, ?, ?, ?, ?, ?, ?, ?, ?)
&amp#27;[2m2025-05-11T11:17:47.079-03:00&amp#27;[0;39m &amp#27;[32m INFO&amp#27;[0;39m &amp#27;[35m16907&amp#27;[0;39m &amp#27;[2m---&amp#27;[0;39m &amp#27;[2m[           main]&amp#27;[0;39m &amp#27;[2m&amp#27;[0;39m&amp#27;[36mi.StatisticalLoggingSessionEventListener&amp#27;[0;39m &amp#27;[2m:&amp#27;[0;39m Session Metrics {
    6084 nanoseconds spent acquiring 1 JDBC connections;
    0 nanoseconds spent releasing 0 JDBC connections;
    15083 nanoseconds spent preparing 2 JDBC statements;
    260958 nanoseconds spent executing 1 JDBC statements;
    420584 nanoseconds spent executing 1 JDBC batches;
    0 nanoseconds spent performing 0 L2C puts;
    0 nanoseconds spent performing 0 L2C hits;
    0 nanoseconds spent performing 0 L2C misses;
    784791 nanoseconds spent executing 1 flushes (flushing a total of 1 entities and 1 collections);
    0 nanoseconds spent executing 0 partial-flushes (flushing a total of 0 entities and 0 collections)
}
&amp#27;[2m2025-05-11T11:17:47.079-03:00&amp#27;[0;39m &amp#27;[32mDEBUG&amp#27;[0;39m &amp#27;[35m16907&amp#27;[0;39m &amp#27;[2m---&amp#27;[0;39m &amp#27;[2m[           main]&amp#27;[0;39m &amp#27;[2m&amp#27;[0;39m&amp#27;[36morg.hibernate.SQL                       &amp#27;[0;39m &amp#27;[2m:&amp#27;[0;39m 
    /* <criteria> */ select
        d1_0.id,
        d1_0.actualizado_en,
        d1_0.codigo_penal,
        d1_0.creado_en,
        d1_0.descripcion,
        d1_0.nombre,
        d1_0.pena_maxima,
        d1_0.pena_minima,
        d1_0.tipo_pena,
        d1_0.valoracion 
    from
        delito d1_0 
    where
        upper(d1_0.nombre) like upper(?) escape '\'
Hibernate: 
    /* <criteria> */ select
        d1_0.id,
        d1_0.actualizado_en,
        d1_0.codigo_penal,
        d1_0.creado_en,
        d1_0.descripcion,
        d1_0.nombre,
        d1_0.pena_maxima,
        d1_0.pena_minima,
        d1_0.tipo_pena,
        d1_0.valoracion 
    from
        delito d1_0 
    where
        upper(d1_0.nombre) like upper(?) escape '\'
&amp#27;[2m2025-05-11T11:17:47.080-03:00&amp#27;[0;39m &amp#27;[32m INFO&amp#27;[0;39m &amp#27;[35m16907&amp#27;[0;39m &amp#27;[2m---&amp#27;[0;39m &amp#27;[2m[           main]&amp#27;[0;39m &amp#27;[2m&amp#27;[0;39m&amp#27;[36mi.StatisticalLoggingSessionEventListener&amp#27;[0;39m &amp#27;[2m:&amp#27;[0;39m Session Metrics {
    7542 nanoseconds spent acquiring 1 JDBC connections;
    0 nanoseconds spent releasing 0 JDBC connections;
    18833 nanoseconds spent preparing 1 JDBC statements;
    832834 nanoseconds spent executing 1 JDBC statements;
    0 nanoseconds spent executing 0 JDBC batches;
    0 nanoseconds spent performing 0 L2C puts;
    0 nanoseconds spent performing 0 L2C hits;
    0 nanoseconds spent performing 0 L2C misses;
    0 nanoseconds spent executing 0 flushes (flushing a total of 0 entities and 0 collections);
    0 nanoseconds spent executing 0 partial-flushes (flushing a total of 0 entities and 0 collections)
}
&amp#27;[2m2025-05-11T11:17:47.080-03:00&amp#27;[0;39m &amp#27;[32mDEBUG&amp#27;[0;39m &amp#27;[35m16907&amp#27;[0;39m &amp#27;[2m---&amp#27;[0;39m &amp#27;[2m[           main]&amp#27;[0;39m &amp#27;[2m&amp#27;[0;39m&amp#27;[36morg.hibernate.SQL                       &amp#27;[0;39m &amp#27;[2m:&amp#27;[0;39m 
    select
        seq_delito.nextval 
    from
        dual
Hibernate: 
    select
        seq_delito.nextval 
    from
        dual
&amp#27;[2m2025-05-11T11:17:47.081-03:00&amp#27;[0;39m &amp#27;[32mDEBUG&amp#27;[0;39m &amp#27;[35m16907&amp#27;[0;39m &amp#27;[2m---&amp#27;[0;39m &amp#27;[2m[           main]&amp#27;[0;39m &amp#27;[2m&amp#27;[0;39m&amp#27;[36morg.hibernate.SQL                       &amp#27;[0;39m &amp#27;[2m:&amp#27;[0;39m 
    /* insert for
        com.cufre.expedientes.model.Delito */insert 
    into
        delito (actualizado_en, codigo_penal, creado_en, descripcion, nombre, pena_maxima, pena_minima, tipo_pena, valoracion, id) 
    values
        (?, ?, ?, ?, ?, ?, ?, ?, ?, ?)
Hibernate: 
    /* insert for
        com.cufre.expedientes.model.Delito */insert 
    into
        delito (actualizado_en, codigo_penal, creado_en, descripcion, nombre, pena_maxima, pena_minima, tipo_pena, valoracion, id) 
    values
        (?, ?, ?, ?, ?, ?, ?, ?, ?, ?)
&amp#27;[2m2025-05-11T11:17:47.082-03:00&amp#27;[0;39m &amp#27;[32m INFO&amp#27;[0;39m &amp#27;[35m16907&amp#27;[0;39m &amp#27;[2m---&amp#27;[0;39m &amp#27;[2m[           main]&amp#27;[0;39m &amp#27;[2m&amp#27;[0;39m&amp#27;[36mi.StatisticalLoggingSessionEventListener&amp#27;[0;39m &amp#27;[2m:&amp#27;[0;39m Session Metrics {
    4291 nanoseconds spent acquiring 1 JDBC connections;
    0 nanoseconds spent releasing 0 JDBC connections;
    13917 nanoseconds spent preparing 2 JDBC statements;
    249709 nanoseconds spent executing 1 JDBC statements;
    502333 nanoseconds spent executing 1 JDBC batches;
    0 nanoseconds spent performing 0 L2C puts;
    0 nanoseconds spent performing 0 L2C hits;
    0 nanoseconds spent performing 0 L2C misses;
    825583 nanoseconds spent executing 1 flushes (flushing a total of 1 entities and 1 collections);
    0 nanoseconds spent executing 0 partial-flushes (flushing a total of 0 entities and 0 collections)
}
&amp#27;[2m2025-05-11T11:17:47.083-03:00&amp#27;[0;39m &amp#27;[32mDEBUG&amp#27;[0;39m &amp#27;[35m16907&amp#27;[0;39m &amp#27;[2m---&amp#27;[0;39m &amp#27;[2m[           main]&amp#27;[0;39m &amp#27;[2m&amp#27;[0;39m&amp#27;[36morg.hibernate.SQL                       &amp#27;[0;39m &amp#27;[2m:&amp#27;[0;39m 
    /* <criteria> */ select
        d1_0.id,
        d1_0.actualizado_en,
        d1_0.codigo_penal,
        d1_0.creado_en,
        d1_0.descripcion,
        d1_0.nombre,
        d1_0.pena_maxima,
        d1_0.pena_minima,
        d1_0.tipo_pena,
        d1_0.valoracion 
    from
        delito d1_0 
    where
        upper(d1_0.nombre) like upper(?) escape '\'
Hibernate: 
    /* <criteria> */ select
        d1_0.id,
        d1_0.actualizado_en,
        d1_0.codigo_penal,
        d1_0.creado_en,
        d1_0.descripcion,
        d1_0.nombre,
        d1_0.pena_maxima,
        d1_0.pena_minima,
        d1_0.tipo_pena,
        d1_0.valoracion 
    from
        delito d1_0 
    where
        upper(d1_0.nombre) like upper(?) escape '\'
&amp#27;[2m2025-05-11T11:17:47.084-03:00&amp#27;[0;39m &amp#27;[32m INFO&amp#27;[0;39m &amp#27;[35m16907&amp#27;[0;39m &amp#27;[2m---&amp#27;[0;39m &amp#27;[2m[           main]&amp#27;[0;39m &amp#27;[2m&amp#27;[0;39m&amp#27;[36mi.StatisticalLoggingSessionEventListener&amp#27;[0;39m &amp#27;[2m:&amp#27;[0;39m Session Metrics {
    6667 nanoseconds spent acquiring 1 JDBC connections;
    0 nanoseconds spent releasing 0 JDBC connections;
    18000 nanoseconds spent preparing 1 JDBC statements;
    817625 nanoseconds spent executing 1 JDBC statements;
    0 nanoseconds spent executing 0 JDBC batches;
    0 nanoseconds spent performing 0 L2C puts;
    0 nanoseconds spent performing 0 L2C hits;
    0 nanoseconds spent performing 0 L2C misses;
    0 nanoseconds spent executing 0 flushes (flushing a total of 0 entities and 0 collections);
    0 nanoseconds spent executing 0 partial-flushes (flushing a total of 0 entities and 0 collections)
}
&amp#27;[2m2025-05-11T11:17:47.084-03:00&amp#27;[0;39m &amp#27;[32mDEBUG&amp#27;[0;39m &amp#27;[35m16907&amp#27;[0;39m &amp#27;[2m---&amp#27;[0;39m &amp#27;[2m[           main]&amp#27;[0;39m &amp#27;[2m&amp#27;[0;39m&amp#27;[36morg.hibernate.SQL                       &amp#27;[0;39m &amp#27;[2m:&amp#27;[0;39m 
    select
        seq_delito.nextval 
    from
        dual
Hibernate: 
    select
        seq_delito.nextval 
    from
        dual
&amp#27;[2m2025-05-11T11:17:47.085-03:00&amp#27;[0;39m &amp#27;[32mDEBUG&amp#27;[0;39m &amp#27;[35m16907&amp#27;[0;39m &amp#27;[2m---&amp#27;[0;39m &amp#27;[2m[           main]&amp#27;[0;39m &amp#27;[2m&amp#27;[0;39m&amp#27;[36morg.hibernate.SQL                       &amp#27;[0;39m &amp#27;[2m:&amp#27;[0;39m 
    /* insert for
        com.cufre.expedientes.model.Delito */insert 
    into
        delito (actualizado_en, codigo_penal, creado_en, descripcion, nombre, pena_maxima, pena_minima, tipo_pena, valoracion, id) 
    values
        (?, ?, ?, ?, ?, ?, ?, ?, ?, ?)
Hibernate: 
    /* insert for
        com.cufre.expedientes.model.Delito */insert 
    into
        delito (actualizado_en, codigo_penal, creado_en, descripcion, nombre, pena_maxima, pena_minima, tipo_pena, valoracion, id) 
    values
        (?, ?, ?, ?, ?, ?, ?, ?, ?, ?)
&amp#27;[2m2025-05-11T11:17:47.086-03:00&amp#27;[0;39m &amp#27;[32m INFO&amp#27;[0;39m &amp#27;[35m16907&amp#27;[0;39m &amp#27;[2m---&amp#27;[0;39m &amp#27;[2m[           main]&amp#27;[0;39m &amp#27;[2m&amp#27;[0;39m&amp#27;[36mi.StatisticalLoggingSessionEventListener&amp#27;[0;39m &amp#27;[2m:&amp#27;[0;39m Session Metrics {
    4834 nanoseconds spent acquiring 1 JDBC connections;
    0 nanoseconds spent releasing 0 JDBC connections;
    14624 nanoseconds spent preparing 2 JDBC statements;
    294000 nanoseconds spent executing 1 JDBC statements;
    391584 nanoseconds spent executing 1 JDBC batches;
    0 nanoseconds spent performing 0 L2C puts;
    0 nanoseconds spent performing 0 L2C hits;
    0 nanoseconds spent performing 0 L2C misses;
    721500 nanoseconds spent executing 1 flushes (flushing a total of 1 entities and 1 collections);
    0 nanoseconds spent executing 0 partial-flushes (flushing a total of 0 entities and 0 collections)
}
&amp#27;[2m2025-05-11T11:17:47.086-03:00&amp#27;[0;39m &amp#27;[32mDEBUG&amp#27;[0;39m &amp#27;[35m16907&amp#27;[0;39m &amp#27;[2m---&amp#27;[0;39m &amp#27;[2m[           main]&amp#27;[0;39m &amp#27;[2m&amp#27;[0;39m&amp#27;[36morg.hibernate.SQL                       &amp#27;[0;39m &amp#27;[2m:&amp#27;[0;39m 
    /* <criteria> */ select
        d1_0.id,
        d1_0.actualizado_en,
        d1_0.codigo_penal,
        d1_0.creado_en,
        d1_0.descripcion,
        d1_0.nombre,
        d1_0.pena_maxima,
        d1_0.pena_minima,
        d1_0.tipo_pena,
        d1_0.valoracion 
    from
        delito d1_0 
    where
        upper(d1_0.nombre) like upper(?) escape '\'
Hibernate: 
    /* <criteria> */ select
        d1_0.id,
        d1_0.actualizado_en,
        d1_0.codigo_penal,
        d1_0.creado_en,
        d1_0.descripcion,
        d1_0.nombre,
        d1_0.pena_maxima,
        d1_0.pena_minima,
        d1_0.tipo_pena,
        d1_0.valoracion 
    from
        delito d1_0 
    where
        upper(d1_0.nombre) like upper(?) escape '\'
&amp#27;[2m2025-05-11T11:17:47.087-03:00&amp#27;[0;39m &amp#27;[32m INFO&amp#27;[0;39m &amp#27;[35m16907&amp#27;[0;39m &amp#27;[2m---&amp#27;[0;39m &amp#27;[2m[           main]&amp#27;[0;39m &amp#27;[2m&amp#27;[0;39m&amp#27;[36mi.StatisticalLoggingSessionEventListener&amp#27;[0;39m &amp#27;[2m:&amp#27;[0;39m Session Metrics {
    6958 nanoseconds spent acquiring 1 JDBC connections;
    0 nanoseconds spent releasing 0 JDBC connections;
    17750 nanoseconds spent preparing 1 JDBC statements;
    818042 nanoseconds spent executing 1 JDBC statements;
    0 nanoseconds spent executing 0 JDBC batches;
    0 nanoseconds spent performing 0 L2C puts;
    0 nanoseconds spent performing 0 L2C hits;
    0 nanoseconds spent performing 0 L2C misses;
    0 nanoseconds spent executing 0 flushes (flushing a total of 0 entities and 0 collections);
    0 nanoseconds spent executing 0 partial-flushes (flushing a total of 0 entities and 0 collections)
}
&amp#27;[2m2025-05-11T11:17:47.087-03:00&amp#27;[0;39m &amp#27;[32mDEBUG&amp#27;[0;39m &amp#27;[35m16907&amp#27;[0;39m &amp#27;[2m---&amp#27;[0;39m &amp#27;[2m[           main]&amp#27;[0;39m &amp#27;[2m&amp#27;[0;39m&amp#27;[36morg.hibernate.SQL                       &amp#27;[0;39m &amp#27;[2m:&amp#27;[0;39m 
    select
        seq_delito.nextval 
    from
        dual
Hibernate: 
    select
        seq_delito.nextval 
    from
        dual
&amp#27;[2m2025-05-11T11:17:47.088-03:00&amp#27;[0;39m &amp#27;[32mDEBUG&amp#27;[0;39m &amp#27;[35m16907&amp#27;[0;39m &amp#27;[2m---&amp#27;[0;39m &amp#27;[2m[           main]&amp#27;[0;39m &amp#27;[2m&amp#27;[0;39m&amp#27;[36morg.hibernate.SQL                       &amp#27;[0;39m &amp#27;[2m:&amp#27;[0;39m 
    /* insert for
        com.cufre.expedientes.model.Delito */insert 
    into
        delito (actualizado_en, codigo_penal, creado_en, descripcion, nombre, pena_maxima, pena_minima, tipo_pena, valoracion, id) 
    values
        (?, ?, ?, ?, ?, ?, ?, ?, ?, ?)
Hibernate: 
    /* insert for
        com.cufre.expedientes.model.Delito */insert 
    into
        delito (actualizado_en, codigo_penal, creado_en, descripcion, nombre, pena_maxima, pena_minima, tipo_pena, valoracion, id) 
    values
        (?, ?, ?, ?, ?, ?, ?, ?, ?, ?)
&amp#27;[2m2025-05-11T11:17:47.089-03:00&amp#27;[0;39m &amp#27;[32m INFO&amp#27;[0;39m &amp#27;[35m16907&amp#27;[0;39m &amp#27;[2m---&amp#27;[0;39m &amp#27;[2m[           main]&amp#27;[0;39m &amp#27;[2m&amp#27;[0;39m&amp#27;[36mi.StatisticalLoggingSessionEventListener&amp#27;[0;39m &amp#27;[2m:&amp#27;[0;39m Session Metrics {
    4667 nanoseconds spent acquiring 1 JDBC connections;
    0 nanoseconds spent releasing 0 JDBC connections;
    12458 nanoseconds spent preparing 2 JDBC statements;
    252417 nanoseconds spent executing 1 JDBC statements;
    362292 nanoseconds spent executing 1 JDBC batches;
    0 nanoseconds spent performing 0 L2C puts;
    0 nanoseconds spent performing 0 L2C hits;
    0 nanoseconds spent performing 0 L2C misses;
    639417 nanoseconds spent executing 1 flushes (flushing a total of 1 entities and 1 collections);
    0 nanoseconds spent executing 0 partial-flushes (flushing a total of 0 entities and 0 collections)
}
&amp#27;[2m2025-05-11T11:17:47.090-03:00&amp#27;[0;39m &amp#27;[32mDEBUG&amp#27;[0;39m &amp#27;[35m16907&amp#27;[0;39m &amp#27;[2m---&amp#27;[0;39m &amp#27;[2m[           main]&amp#27;[0;39m &amp#27;[2m&amp#27;[0;39m&amp#27;[36morg.hibernate.SQL                       &amp#27;[0;39m &amp#27;[2m:&amp#27;[0;39m 
    /* <criteria> */ select
        d1_0.id,
        d1_0.actualizado_en,
        d1_0.codigo_penal,
        d1_0.creado_en,
        d1_0.descripcion,
        d1_0.nombre,
        d1_0.pena_maxima,
        d1_0.pena_minima,
        d1_0.tipo_pena,
        d1_0.valoracion 
    from
        delito d1_0 
    where
        upper(d1_0.nombre) like upper(?) escape '\'
Hibernate: 
    /* <criteria> */ select
        d1_0.id,
        d1_0.actualizado_en,
        d1_0.codigo_penal,
        d1_0.creado_en,
        d1_0.descripcion,
        d1_0.nombre,
        d1_0.pena_maxima,
        d1_0.pena_minima,
        d1_0.tipo_pena,
        d1_0.valoracion 
    from
        delito d1_0 
    where
        upper(d1_0.nombre) like upper(?) escape '\'
&amp#27;[2m2025-05-11T11:17:47.090-03:00&amp#27;[0;39m &amp#27;[32m INFO&amp#27;[0;39m &amp#27;[35m16907&amp#27;[0;39m &amp#27;[2m---&amp#27;[0;39m &amp#27;[2m[           main]&amp#27;[0;39m &amp#27;[2m&amp#27;[0;39m&amp#27;[36mi.StatisticalLoggingSessionEventListener&amp#27;[0;39m &amp#27;[2m:&amp#27;[0;39m Session Metrics {
    6000 nanoseconds spent acquiring 1 JDBC connections;
    0 nanoseconds spent releasing 0 JDBC connections;
    15833 nanoseconds spent preparing 1 JDBC statements;
    825042 nanoseconds spent executing 1 JDBC statements;
    0 nanoseconds spent executing 0 JDBC batches;
    0 nanoseconds spent performing 0 L2C puts;
    0 nanoseconds spent performing 0 L2C hits;
    0 nanoseconds spent performing 0 L2C misses;
    0 nanoseconds spent executing 0 flushes (flushing a total of 0 entities and 0 collections);
    0 nanoseconds spent executing 0 partial-flushes (flushing a total of 0 entities and 0 collections)
}
&amp#27;[2m2025-05-11T11:17:47.091-03:00&amp#27;[0;39m &amp#27;[32mDEBUG&amp#27;[0;39m &amp#27;[35m16907&amp#27;[0;39m &amp#27;[2m---&amp#27;[0;39m &amp#27;[2m[           main]&amp#27;[0;39m &amp#27;[2m&amp#27;[0;39m&amp#27;[36morg.hibernate.SQL                       &amp#27;[0;39m &amp#27;[2m:&amp#27;[0;39m 
    select
        seq_delito.nextval 
    from
        dual
Hibernate: 
    select
        seq_delito.nextval 
    from
        dual
&amp#27;[2m2025-05-11T11:17:47.091-03:00&amp#27;[0;39m &amp#27;[32mDEBUG&amp#27;[0;39m &amp#27;[35m16907&amp#27;[0;39m &amp#27;[2m---&amp#27;[0;39m &amp#27;[2m[           main]&amp#27;[0;39m &amp#27;[2m&amp#27;[0;39m&amp#27;[36morg.hibernate.SQL                       &amp#27;[0;39m &amp#27;[2m:&amp#27;[0;39m 
    /* insert for
        com.cufre.expedientes.model.Delito */insert 
    into
        delito (actualizado_en, codigo_penal, creado_en, descripcion, nombre, pena_maxima, pena_minima, tipo_pena, valoracion, id) 
    values
        (?, ?, ?, ?, ?, ?, ?, ?, ?, ?)
Hibernate: 
    /* insert for
        com.cufre.expedientes.model.Delito */insert 
    into
        delito (actualizado_en, codigo_penal, creado_en, descripcion, nombre, pena_maxima, pena_minima, tipo_pena, valoracion, id) 
    values
        (?, ?, ?, ?, ?, ?, ?, ?, ?, ?)
&amp#27;[2m2025-05-11T11:17:47.093-03:00&amp#27;[0;39m &amp#27;[32m INFO&amp#27;[0;39m &amp#27;[35m16907&amp#27;[0;39m &amp#27;[2m---&amp#27;[0;39m &amp#27;[2m[           main]&amp#27;[0;39m &amp#27;[2m&amp#27;[0;39m&amp#27;[36mi.StatisticalLoggingSessionEventListener&amp#27;[0;39m &amp#27;[2m:&amp#27;[0;39m Session Metrics {
    4750 nanoseconds spent acquiring 1 JDBC connections;
    0 nanoseconds spent releasing 0 JDBC connections;
    16708 nanoseconds spent preparing 2 JDBC statements;
    343417 nanoseconds spent executing 1 JDBC statements;
    506834 nanoseconds spent executing 1 JDBC batches;
    0 nanoseconds spent performing 0 L2C puts;
    0 nanoseconds spent performing 0 L2C hits;
    0 nanoseconds spent performing 0 L2C misses;
    856333 nanoseconds spent executing 1 flushes (flushing a total of 1 entities and 1 collections);
    0 nanoseconds spent executing 0 partial-flushes (flushing a total of 0 entities and 0 collections)
}
&amp#27;[2m2025-05-11T11:17:47.094-03:00&amp#27;[0;39m &amp#27;[32mDEBUG&amp#27;[0;39m &amp#27;[35m16907&amp#27;[0;39m &amp#27;[2m---&amp#27;[0;39m &amp#27;[2m[           main]&amp#27;[0;39m &amp#27;[2m&amp#27;[0;39m&amp#27;[36morg.hibernate.SQL                       &amp#27;[0;39m &amp#27;[2m:&amp#27;[0;39m 
    /* <criteria> */ select
        d1_0.id,
        d1_0.actualizado_en,
        d1_0.codigo_penal,
        d1_0.creado_en,
        d1_0.descripcion,
        d1_0.nombre,
        d1_0.pena_maxima,
        d1_0.pena_minima,
        d1_0.tipo_pena,
        d1_0.valoracion 
    from
        delito d1_0 
    where
        upper(d1_0.nombre) like upper(?) escape '\'
Hibernate: 
    /* <criteria> */ select
        d1_0.id,
        d1_0.actualizado_en,
        d1_0.codigo_penal,
        d1_0.creado_en,
        d1_0.descripcion,
        d1_0.nombre,
        d1_0.pena_maxima,
        d1_0.pena_minima,
        d1_0.tipo_pena,
        d1_0.valoracion 
    from
        delito d1_0 
    where
        upper(d1_0.nombre) like upper(?) escape '\'
&amp#27;[2m2025-05-11T11:17:47.095-03:00&amp#27;[0;39m &amp#27;[32m INFO&amp#27;[0;39m &amp#27;[35m16907&amp#27;[0;39m &amp#27;[2m---&amp#27;[0;39m &amp#27;[2m[           main]&amp#27;[0;39m &amp#27;[2m&amp#27;[0;39m&amp#27;[36mi.StatisticalLoggingSessionEventListener&amp#27;[0;39m &amp#27;[2m:&amp#27;[0;39m Session Metrics {
    7958 nanoseconds spent acquiring 1 JDBC connections;
    0 nanoseconds spent releasing 0 JDBC connections;
    22084 nanoseconds spent preparing 1 JDBC statements;
    971000 nanoseconds spent executing 1 JDBC statements;
    0 nanoseconds spent executing 0 JDBC batches;
    0 nanoseconds spent performing 0 L2C puts;
    0 nanoseconds spent performing 0 L2C hits;
    0 nanoseconds spent performing 0 L2C misses;
    0 nanoseconds spent executing 0 flushes (flushing a total of 0 entities and 0 collections);
    0 nanoseconds spent executing 0 partial-flushes (flushing a total of 0 entities and 0 collections)
}
&amp#27;[2m2025-05-11T11:17:47.095-03:00&amp#27;[0;39m &amp#27;[32mDEBUG&amp#27;[0;39m &amp#27;[35m16907&amp#27;[0;39m &amp#27;[2m---&amp#27;[0;39m &amp#27;[2m[           main]&amp#27;[0;39m &amp#27;[2m&amp#27;[0;39m&amp#27;[36morg.hibernate.SQL                       &amp#27;[0;39m &amp#27;[2m:&amp#27;[0;39m 
    select
        seq_delito.nextval 
    from
        dual
Hibernate: 
    select
        seq_delito.nextval 
    from
        dual
&amp#27;[2m2025-05-11T11:17:47.096-03:00&amp#27;[0;39m &amp#27;[32mDEBUG&amp#27;[0;39m &amp#27;[35m16907&amp#27;[0;39m &amp#27;[2m---&amp#27;[0;39m &amp#27;[2m[           main]&amp#27;[0;39m &amp#27;[2m&amp#27;[0;39m&amp#27;[36morg.hibernate.SQL                       &amp#27;[0;39m &amp#27;[2m:&amp#27;[0;39m 
    /* insert for
        com.cufre.expedientes.model.Delito */insert 
    into
        delito (actualizado_en, codigo_penal, creado_en, descripcion, nombre, pena_maxima, pena_minima, tipo_pena, valoracion, id) 
    values
        (?, ?, ?, ?, ?, ?, ?, ?, ?, ?)
Hibernate: 
    /* insert for
        com.cufre.expedientes.model.Delito */insert 
    into
        delito (actualizado_en, codigo_penal, creado_en, descripcion, nombre, pena_maxima, pena_minima, tipo_pena, valoracion, id) 
    values
        (?, ?, ?, ?, ?, ?, ?, ?, ?, ?)
&amp#27;[2m2025-05-11T11:17:47.097-03:00&amp#27;[0;39m &amp#27;[32m INFO&amp#27;[0;39m &amp#27;[35m16907&amp#27;[0;39m &amp#27;[2m---&amp#27;[0;39m &amp#27;[2m[           main]&amp#27;[0;39m &amp#27;[2m&amp#27;[0;39m&amp#27;[36mi.StatisticalLoggingSessionEventListener&amp#27;[0;39m &amp#27;[2m:&amp#27;[0;39m Session Metrics {
    5167 nanoseconds spent acquiring 1 JDBC connections;
    0 nanoseconds spent releasing 0 JDBC connections;
    20959 nanoseconds spent preparing 2 JDBC statements;
    332000 nanoseconds spent executing 1 JDBC statements;
    465750 nanoseconds spent executing 1 JDBC batches;
    0 nanoseconds spent performing 0 L2C puts;
    0 nanoseconds spent performing 0 L2C hits;
    0 nanoseconds spent performing 0 L2C misses;
    828083 nanoseconds spent executing 1 flushes (flushing a total of 1 entities and 1 collections);
    0 nanoseconds spent executing 0 partial-flushes (flushing a total of 0 entities and 0 collections)
}
&amp#27;[2m2025-05-11T11:17:47.098-03:00&amp#27;[0;39m &amp#27;[32mDEBUG&amp#27;[0;39m &amp#27;[35m16907&amp#27;[0;39m &amp#27;[2m---&amp#27;[0;39m &amp#27;[2m[           main]&amp#27;[0;39m &amp#27;[2m&amp#27;[0;39m&amp#27;[36morg.hibernate.SQL                       &amp#27;[0;39m &amp#27;[2m:&amp#27;[0;39m 
    /* <criteria> */ select
        d1_0.id,
        d1_0.actualizado_en,
        d1_0.codigo_penal,
        d1_0.creado_en,
        d1_0.descripcion,
        d1_0.nombre,
        d1_0.pena_maxima,
        d1_0.pena_minima,
        d1_0.tipo_pena,
        d1_0.valoracion 
    from
        delito d1_0 
    where
        upper(d1_0.nombre) like upper(?) escape '\'
Hibernate: 
    /* <criteria> */ select
        d1_0.id,
        d1_0.actualizado_en,
        d1_0.codigo_penal,
        d1_0.creado_en,
        d1_0.descripcion,
        d1_0.nombre,
        d1_0.pena_maxima,
        d1_0.pena_minima,
        d1_0.tipo_pena,
        d1_0.valoracion 
    from
        delito d1_0 
    where
        upper(d1_0.nombre) like upper(?) escape '\'
&amp#27;[2m2025-05-11T11:17:47.099-03:00&amp#27;[0;39m &amp#27;[32m INFO&amp#27;[0;39m &amp#27;[35m16907&amp#27;[0;39m &amp#27;[2m---&amp#27;[0;39m &amp#27;[2m[           main]&amp#27;[0;39m &amp#27;[2m&amp#27;[0;39m&amp#27;[36mi.StatisticalLoggingSessionEventListener&amp#27;[0;39m &amp#27;[2m:&amp#27;[0;39m Session Metrics {
    8708 nanoseconds spent acquiring 1 JDBC connections;
    0 nanoseconds spent releasing 0 JDBC connections;
    21666 nanoseconds spent preparing 1 JDBC statements;
    972750 nanoseconds spent executing 1 JDBC statements;
    0 nanoseconds spent executing 0 JDBC batches;
    0 nanoseconds spent performing 0 L2C puts;
    0 nanoseconds spent performing 0 L2C hits;
    0 nanoseconds spent performing 0 L2C misses;
    0 nanoseconds spent executing 0 flushes (flushing a total of 0 entities and 0 collections);
    0 nanoseconds spent executing 0 partial-flushes (flushing a total of 0 entities and 0 collections)
}
&amp#27;[2m2025-05-11T11:17:47.099-03:00&amp#27;[0;39m &amp#27;[32mDEBUG&amp#27;[0;39m &amp#27;[35m16907&amp#27;[0;39m &amp#27;[2m---&amp#27;[0;39m &amp#27;[2m[           main]&amp#27;[0;39m &amp#27;[2m&amp#27;[0;39m&amp#27;[36morg.hibernate.SQL                       &amp#27;[0;39m &amp#27;[2m:&amp#27;[0;39m 
    select
        seq_delito.nextval 
    from
        dual
Hibernate: 
    select
        seq_delito.nextval 
    from
        dual
&amp#27;[2m2025-05-11T11:17:47.100-03:00&amp#27;[0;39m &amp#27;[32mDEBUG&amp#27;[0;39m &amp#27;[35m16907&amp#27;[0;39m &amp#27;[2m---&amp#27;[0;39m &amp#27;[2m[           main]&amp#27;[0;39m &amp#27;[2m&amp#27;[0;39m&amp#27;[36morg.hibernate.SQL                       &amp#27;[0;39m &amp#27;[2m:&amp#27;[0;39m 
    /* insert for
        com.cufre.expedientes.model.Delito */insert 
    into
        delito (actualizado_en, codigo_penal, creado_en, descripcion, nombre, pena_maxima, pena_minima, tipo_pena, valoracion, id) 
    values
        (?, ?, ?, ?, ?, ?, ?, ?, ?, ?)
Hibernate: 
    /* insert for
        com.cufre.expedientes.model.Delito */insert 
    into
        delito (actualizado_en, codigo_penal, creado_en, descripcion, nombre, pena_maxima, pena_minima, tipo_pena, valoracion, id) 
    values
        (?, ?, ?, ?, ?, ?, ?, ?, ?, ?)
&amp#27;[2m2025-05-11T11:17:47.102-03:00&amp#27;[0;39m &amp#27;[32m INFO&amp#27;[0;39m &amp#27;[35m16907&amp#27;[0;39m &amp#27;[2m---&amp#27;[0;39m &amp#27;[2m[           main]&amp#27;[0;39m &amp#27;[2m&amp#27;[0;39m&amp#27;[36mi.StatisticalLoggingSessionEventListener&amp#27;[0;39m &amp#27;[2m:&amp#27;[0;39m Session Metrics {
    8084 nanoseconds spent acquiring 1 JDBC connections;
    0 nanoseconds spent releasing 0 JDBC connections;
    21250 nanoseconds spent preparing 2 JDBC statements;
    320416 nanoseconds spent executing 1 JDBC statements;
    586041 nanoseconds spent executing 1 JDBC batches;
    0 nanoseconds spent performing 0 L2C puts;
    0 nanoseconds spent performing 0 L2C hits;
    0 nanoseconds spent performing 0 L2C misses;
    1598708 nanoseconds spent executing 1 flushes (flushing a total of 1 entities and 1 collections);
    0 nanoseconds spent executing 0 partial-flushes (flushing a total of 0 entities and 0 collections)
}
&amp#27;[2m2025-05-11T11:17:47.103-03:00&amp#27;[0;39m &amp#27;[32mDEBUG&amp#27;[0;39m &amp#27;[35m16907&amp#27;[0;39m &amp#27;[2m---&amp#27;[0;39m &amp#27;[2m[           main]&amp#27;[0;39m &amp#27;[2m&amp#27;[0;39m&amp#27;[36morg.hibernate.SQL                       &amp#27;[0;39m &amp#27;[2m:&amp#27;[0;39m 
    /* <criteria> */ select
        d1_0.id,
        d1_0.actualizado_en,
        d1_0.codigo_penal,
        d1_0.creado_en,
        d1_0.descripcion,
        d1_0.nombre,
        d1_0.pena_maxima,
        d1_0.pena_minima,
        d1_0.tipo_pena,
        d1_0.valoracion 
    from
        delito d1_0 
    where
        upper(d1_0.nombre) like upper(?) escape '\'
Hibernate: 
    /* <criteria> */ select
        d1_0.id,
        d1_0.actualizado_en,
        d1_0.codigo_penal,
        d1_0.creado_en,
        d1_0.descripcion,
        d1_0.nombre,
        d1_0.pena_maxima,
        d1_0.pena_minima,
        d1_0.tipo_pena,
        d1_0.valoracion 
    from
        delito d1_0 
    where
        upper(d1_0.nombre) like upper(?) escape '\'
&amp#27;[2m2025-05-11T11:17:47.104-03:00&amp#27;[0;39m &amp#27;[32m INFO&amp#27;[0;39m &amp#27;[35m16907&amp#27;[0;39m &amp#27;[2m---&amp#27;[0;39m &amp#27;[2m[           main]&amp#27;[0;39m &amp#27;[2m&amp#27;[0;39m&amp#27;[36mi.StatisticalLoggingSessionEventListener&amp#27;[0;39m &amp#27;[2m:&amp#27;[0;39m Session Metrics {
    9792 nanoseconds spent acquiring 1 JDBC connections;
    0 nanoseconds spent releasing 0 JDBC connections;
    26625 nanoseconds spent preparing 1 JDBC statements;
    955584 nanoseconds spent executing 1 JDBC statements;
    0 nanoseconds spent executing 0 JDBC batches;
    0 nanoseconds spent performing 0 L2C puts;
    0 nanoseconds spent performing 0 L2C hits;
    0 nanoseconds spent performing 0 L2C misses;
    0 nanoseconds spent executing 0 flushes (flushing a total of 0 entities and 0 collections);
    0 nanoseconds spent executing 0 partial-flushes (flushing a total of 0 entities and 0 collections)
}
&amp#27;[2m2025-05-11T11:17:47.104-03:00&amp#27;[0;39m &amp#27;[32mDEBUG&amp#27;[0;39m &amp#27;[35m16907&amp#27;[0;39m &amp#27;[2m---&amp#27;[0;39m &amp#27;[2m[           main]&amp#27;[0;39m &amp#27;[2m&amp#27;[0;39m&amp#27;[36morg.hibernate.SQL                       &amp#27;[0;39m &amp#27;[2m:&amp#27;[0;39m 
    select
        seq_delito.nextval 
    from
        dual
Hibernate: 
    select
        seq_delito.nextval 
    from
        dual
&amp#27;[2m2025-05-11T11:17:47.105-03:00&amp#27;[0;39m &amp#27;[32mDEBUG&amp#27;[0;39m &amp#27;[35m16907&amp#27;[0;39m &amp#27;[2m---&amp#27;[0;39m &amp#27;[2m[           main]&amp#27;[0;39m &amp#27;[2m&amp#27;[0;39m&amp#27;[36morg.hibernate.SQL                       &amp#27;[0;39m &amp#27;[2m:&amp#27;[0;39m 
    /* insert for
        com.cufre.expedientes.model.Delito */insert 
    into
        delito (actualizado_en, codigo_penal, creado_en, descripcion, nombre, pena_maxima, pena_minima, tipo_pena, valoracion, id) 
    values
        (?, ?, ?, ?, ?, ?, ?, ?, ?, ?)
Hibernate: 
    /* insert for
        com.cufre.expedientes.model.Delito */insert 
    into
        delito (actualizado_en, codigo_penal, creado_en, descripcion, nombre, pena_maxima, pena_minima, tipo_pena, valoracion, id) 
    values
        (?, ?, ?, ?, ?, ?, ?, ?, ?, ?)
&amp#27;[2m2025-05-11T11:17:47.107-03:00&amp#27;[0;39m &amp#27;[32m INFO&amp#27;[0;39m &amp#27;[35m16907&amp#27;[0;39m &amp#27;[2m---&amp#27;[0;39m &amp#27;[2m[           main]&amp#27;[0;39m &amp#27;[2m&amp#27;[0;39m&amp#27;[36mi.StatisticalLoggingSessionEventListener&amp#27;[0;39m &amp#27;[2m:&amp#27;[0;39m Session Metrics {
    5250 nanoseconds spent acquiring 1 JDBC connections;
    0 nanoseconds spent releasing 0 JDBC connections;
    15416 nanoseconds spent preparing 2 JDBC statements;
    284250 nanoseconds spent executing 1 JDBC statements;
    407458 nanoseconds spent executing 1 JDBC batches;
    0 nanoseconds spent performing 0 L2C puts;
    0 nanoseconds spent performing 0 L2C hits;
    0 nanoseconds spent performing 0 L2C misses;
    802542 nanoseconds spent executing 1 flushes (flushing a total of 1 entities and 1 collections);
    0 nanoseconds spent executing 0 partial-flushes (flushing a total of 0 entities and 0 collections)
}
&amp#27;[2m2025-05-11T11:17:47.107-03:00&amp#27;[0;39m &amp#27;[32mDEBUG&amp#27;[0;39m &amp#27;[35m16907&amp#27;[0;39m &amp#27;[2m---&amp#27;[0;39m &amp#27;[2m[           main]&amp#27;[0;39m &amp#27;[2m&amp#27;[0;39m&amp#27;[36morg.hibernate.SQL                       &amp#27;[0;39m &amp#27;[2m:&amp#27;[0;39m 
    /* <criteria> */ select
        d1_0.id,
        d1_0.actualizado_en,
        d1_0.codigo_penal,
        d1_0.creado_en,
        d1_0.descripcion,
        d1_0.nombre,
        d1_0.pena_maxima,
        d1_0.pena_minima,
        d1_0.tipo_pena,
        d1_0.valoracion 
    from
        delito d1_0 
    where
        upper(d1_0.nombre) like upper(?) escape '\'
Hibernate: 
    /* <criteria> */ select
        d1_0.id,
        d1_0.actualizado_en,
        d1_0.codigo_penal,
        d1_0.creado_en,
        d1_0.descripcion,
        d1_0.nombre,
        d1_0.pena_maxima,
        d1_0.pena_minima,
        d1_0.tipo_pena,
        d1_0.valoracion 
    from
        delito d1_0 
    where
        upper(d1_0.nombre) like upper(?) escape '\'
&amp#27;[2m2025-05-11T11:17:47.108-03:00&amp#27;[0;39m &amp#27;[32m INFO&amp#27;[0;39m &amp#27;[35m16907&amp#27;[0;39m &amp#27;[2m---&amp#27;[0;39m &amp#27;[2m[           main]&amp#27;[0;39m &amp#27;[2m&amp#27;[0;39m&amp#27;[36mi.StatisticalLoggingSessionEventListener&amp#27;[0;39m &amp#27;[2m:&amp#27;[0;39m Session Metrics {
    7625 nanoseconds spent acquiring 1 JDBC connections;
    0 nanoseconds spent releasing 0 JDBC connections;
    22041 nanoseconds spent preparing 1 JDBC statements;
    986625 nanoseconds spent executing 1 JDBC statements;
    0 nanoseconds spent executing 0 JDBC batches;
    0 nanoseconds spent performing 0 L2C puts;
    0 nanoseconds spent performing 0 L2C hits;
    0 nanoseconds spent performing 0 L2C misses;
    0 nanoseconds spent executing 0 flushes (flushing a total of 0 entities and 0 collections);
    0 nanoseconds spent executing 0 partial-flushes (flushing a total of 0 entities and 0 collections)
}
&amp#27;[2m2025-05-11T11:17:47.109-03:00&amp#27;[0;39m &amp#27;[32mDEBUG&amp#27;[0;39m &amp#27;[35m16907&amp#27;[0;39m &amp#27;[2m---&amp#27;[0;39m &amp#27;[2m[           main]&amp#27;[0;39m &amp#27;[2m&amp#27;[0;39m&amp#27;[36morg.hibernate.SQL                       &amp#27;[0;39m &amp#27;[2m:&amp#27;[0;39m 
    select
        seq_delito.nextval 
    from
        dual
Hibernate: 
    select
        seq_delito.nextval 
    from
        dual
&amp#27;[2m2025-05-11T11:17:47.109-03:00&amp#27;[0;39m &amp#27;[32mDEBUG&amp#27;[0;39m &amp#27;[35m16907&amp#27;[0;39m &amp#27;[2m---&amp#27;[0;39m &amp#27;[2m[           main]&amp#27;[0;39m &amp#27;[2m&amp#27;[0;39m&amp#27;[36morg.hibernate.SQL                       &amp#27;[0;39m &amp#27;[2m:&amp#27;[0;39m 
    /* insert for
        com.cufre.expedientes.model.Delito */insert 
    into
        delito (actualizado_en, codigo_penal, creado_en, descripcion, nombre, pena_maxima, pena_minima, tipo_pena, valoracion, id) 
    values
        (?, ?, ?, ?, ?, ?, ?, ?, ?, ?)
Hibernate: 
    /* insert for
        com.cufre.expedientes.model.Delito */insert 
    into
        delito (actualizado_en, codigo_penal, creado_en, descripcion, nombre, pena_maxima, pena_minima, tipo_pena, valoracion, id) 
    values
        (?, ?, ?, ?, ?, ?, ?, ?, ?, ?)
&amp#27;[2m2025-05-11T11:17:47.110-03:00&amp#27;[0;39m &amp#27;[32m INFO&amp#27;[0;39m &amp#27;[35m16907&amp#27;[0;39m &amp#27;[2m---&amp#27;[0;39m &amp#27;[2m[           main]&amp#27;[0;39m &amp#27;[2m&amp#27;[0;39m&amp#27;[36mi.StatisticalLoggingSessionEventListener&amp#27;[0;39m &amp#27;[2m:&amp#27;[0;39m Session Metrics {
    4458 nanoseconds spent acquiring 1 JDBC connections;
    0 nanoseconds spent releasing 0 JDBC connections;
    14958 nanoseconds spent preparing 2 JDBC statements;
    215167 nanoseconds spent executing 1 JDBC statements;
    432166 nanoseconds spent executing 1 JDBC batches;
    0 nanoseconds spent performing 0 L2C puts;
    0 nanoseconds spent performing 0 L2C hits;
    0 nanoseconds spent performing 0 L2C misses;
    779834 nanoseconds spent executing 1 flushes (flushing a total of 1 entities and 1 collections);
    0 nanoseconds spent executing 0 partial-flushes (flushing a total of 0 entities and 0 collections)
}
&amp#27;[2m2025-05-11T11:17:47.111-03:00&amp#27;[0;39m &amp#27;[32mDEBUG&amp#27;[0;39m &amp#27;[35m16907&amp#27;[0;39m &amp#27;[2m---&amp#27;[0;39m &amp#27;[2m[           main]&amp#27;[0;39m &amp#27;[2m&amp#27;[0;39m&amp#27;[36morg.hibernate.SQL                       &amp#27;[0;39m &amp#27;[2m:&amp#27;[0;39m 
    /* <criteria> */ select
        d1_0.id,
        d1_0.actualizado_en,
        d1_0.codigo_penal,
        d1_0.creado_en,
        d1_0.descripcion,
        d1_0.nombre,
        d1_0.pena_maxima,
        d1_0.pena_minima,
        d1_0.tipo_pena,
        d1_0.valoracion 
    from
        delito d1_0 
    where
        upper(d1_0.nombre) like upper(?) escape '\'
Hibernate: 
    /* <criteria> */ select
        d1_0.id,
        d1_0.actualizado_en,
        d1_0.codigo_penal,
        d1_0.creado_en,
        d1_0.descripcion,
        d1_0.nombre,
        d1_0.pena_maxima,
        d1_0.pena_minima,
        d1_0.tipo_pena,
        d1_0.valoracion 
    from
        delito d1_0 
    where
        upper(d1_0.nombre) like upper(?) escape '\'
&amp#27;[2m2025-05-11T11:17:47.112-03:00&amp#27;[0;39m &amp#27;[32m INFO&amp#27;[0;39m &amp#27;[35m16907&amp#27;[0;39m &amp#27;[2m---&amp#27;[0;39m &amp#27;[2m[           main]&amp#27;[0;39m &amp#27;[2m&amp#27;[0;39m&amp#27;[36mi.StatisticalLoggingSessionEventListener&amp#27;[0;39m &amp#27;[2m:&amp#27;[0;39m Session Metrics {
    7458 nanoseconds spent acquiring 1 JDBC connections;
    0 nanoseconds spent releasing 0 JDBC connections;
    20084 nanoseconds spent preparing 1 JDBC statements;
    1061500 nanoseconds spent executing 1 JDBC statements;
    0 nanoseconds spent executing 0 JDBC batches;
    0 nanoseconds spent performing 0 L2C puts;
    0 nanoseconds spent performing 0 L2C hits;
    0 nanoseconds spent performing 0 L2C misses;
    0 nanoseconds spent executing 0 flushes (flushing a total of 0 entities and 0 collections);
    0 nanoseconds spent executing 0 partial-flushes (flushing a total of 0 entities and 0 collections)
}
&amp#27;[2m2025-05-11T11:17:47.112-03:00&amp#27;[0;39m &amp#27;[32mDEBUG&amp#27;[0;39m &amp#27;[35m16907&amp#27;[0;39m &amp#27;[2m---&amp#27;[0;39m &amp#27;[2m[           main]&amp#27;[0;39m &amp#27;[2m&amp#27;[0;39m&amp#27;[36morg.hibernate.SQL                       &amp#27;[0;39m &amp#27;[2m:&amp#27;[0;39m 
    select
        seq_delito.nextval 
    from
        dual
Hibernate: 
    select
        seq_delito.nextval 
    from
        dual
&amp#27;[2m2025-05-11T11:17:47.113-03:00&amp#27;[0;39m &amp#27;[32mDEBUG&amp#27;[0;39m &amp#27;[35m16907&amp#27;[0;39m &amp#27;[2m---&amp#27;[0;39m &amp#27;[2m[           main]&amp#27;[0;39m &amp#27;[2m&amp#27;[0;39m&amp#27;[36morg.hibernate.SQL                       &amp#27;[0;39m &amp#27;[2m:&amp#27;[0;39m 
    /* insert for
        com.cufre.expedientes.model.Delito */insert 
    into
        delito (actualizado_en, codigo_penal, creado_en, descripcion, nombre, pena_maxima, pena_minima, tipo_pena, valoracion, id) 
    values
        (?, ?, ?, ?, ?, ?, ?, ?, ?, ?)
Hibernate: 
    /* insert for
        com.cufre.expedientes.model.Delito */insert 
    into
        delito (actualizado_en, codigo_penal, creado_en, descripcion, nombre, pena_maxima, pena_minima, tipo_pena, valoracion, id) 
    values
        (?, ?, ?, ?, ?, ?, ?, ?, ?, ?)
&amp#27;[2m2025-05-11T11:17:47.114-03:00&amp#27;[0;39m &amp#27;[32m INFO&amp#27;[0;39m &amp#27;[35m16907&amp#27;[0;39m &amp#27;[2m---&amp#27;[0;39m &amp#27;[2m[           main]&amp#27;[0;39m &amp#27;[2m&amp#27;[0;39m&amp#27;[36mi.StatisticalLoggingSessionEventListener&amp#27;[0;39m &amp#27;[2m:&amp#27;[0;39m Session Metrics {
    4000 nanoseconds spent acquiring 1 JDBC connections;
    0 nanoseconds spent releasing 0 JDBC connections;
    17541 nanoseconds spent preparing 2 JDBC statements;
    303667 nanoseconds spent executing 1 JDBC statements;
    729750 nanoseconds spent executing 1 JDBC batches;
    0 nanoseconds spent performing 0 L2C puts;
    0 nanoseconds spent performing 0 L2C hits;
    0 nanoseconds spent performing 0 L2C misses;
    1032292 nanoseconds spent executing 1 flushes (flushing a total of 1 entities and 1 collections);
    0 nanoseconds spent executing 0 partial-flushes (flushing a total of 0 entities and 0 collections)
}
&amp#27;[2m2025-05-11T11:17:47.115-03:00&amp#27;[0;39m &amp#27;[32mDEBUG&amp#27;[0;39m &amp#27;[35m16907&amp#27;[0;39m &amp#27;[2m---&amp#27;[0;39m &amp#27;[2m[           main]&amp#27;[0;39m &amp#27;[2m&amp#27;[0;39m&amp#27;[36morg.hibernate.SQL                       &amp#27;[0;39m &amp#27;[2m:&amp#27;[0;39m 
    /* <criteria> */ select
        d1_0.id,
        d1_0.actualizado_en,
        d1_0.codigo_penal,
        d1_0.creado_en,
        d1_0.descripcion,
        d1_0.nombre,
        d1_0.pena_maxima,
        d1_0.pena_minima,
        d1_0.tipo_pena,
        d1_0.valoracion 
    from
        delito d1_0 
    where
        upper(d1_0.nombre) like upper(?) escape '\'
Hibernate: 
    /* <criteria> */ select
        d1_0.id,
        d1_0.actualizado_en,
        d1_0.codigo_penal,
        d1_0.creado_en,
        d1_0.descripcion,
        d1_0.nombre,
        d1_0.pena_maxima,
        d1_0.pena_minima,
        d1_0.tipo_pena,
        d1_0.valoracion 
    from
        delito d1_0 
    where
        upper(d1_0.nombre) like upper(?) escape '\'
&amp#27;[2m2025-05-11T11:17:47.116-03:00&amp#27;[0;39m &amp#27;[32m INFO&amp#27;[0;39m &amp#27;[35m16907&amp#27;[0;39m &amp#27;[2m---&amp#27;[0;39m &amp#27;[2m[           main]&amp#27;[0;39m &amp#27;[2m&amp#27;[0;39m&amp#27;[36mi.StatisticalLoggingSessionEventListener&amp#27;[0;39m &amp#27;[2m:&amp#27;[0;39m Session Metrics {
    12291 nanoseconds spent acquiring 1 JDBC connections;
    0 nanoseconds spent releasing 0 JDBC connections;
    23417 nanoseconds spent preparing 1 JDBC statements;
    1000792 nanoseconds spent executing 1 JDBC statements;
    0 nanoseconds spent executing 0 JDBC batches;
    0 nanoseconds spent performing 0 L2C puts;
    0 nanoseconds spent performing 0 L2C hits;
    0 nanoseconds spent performing 0 L2C misses;
    0 nanoseconds spent executing 0 flushes (flushing a total of 0 entities and 0 collections);
    0 nanoseconds spent executing 0 partial-flushes (flushing a total of 0 entities and 0 collections)
}
&amp#27;[2m2025-05-11T11:17:47.116-03:00&amp#27;[0;39m &amp#27;[32mDEBUG&amp#27;[0;39m &amp#27;[35m16907&amp#27;[0;39m &amp#27;[2m---&amp#27;[0;39m &amp#27;[2m[           main]&amp#27;[0;39m &amp#27;[2m&amp#27;[0;39m&amp#27;[36morg.hibernate.SQL                       &amp#27;[0;39m &amp#27;[2m:&amp#27;[0;39m 
    select
        seq_delito.nextval 
    from
        dual
Hibernate: 
    select
        seq_delito.nextval 
    from
        dual
&amp#27;[2m2025-05-11T11:17:47.117-03:00&amp#27;[0;39m &amp#27;[32mDEBUG&amp#27;[0;39m &amp#27;[35m16907&amp#27;[0;39m &amp#27;[2m---&amp#27;[0;39m &amp#27;[2m[           main]&amp#27;[0;39m &amp#27;[2m&amp#27;[0;39m&amp#27;[36morg.hibernate.SQL                       &amp#27;[0;39m &amp#27;[2m:&amp#27;[0;39m 
    /* insert for
        com.cufre.expedientes.model.Delito */insert 
    into
        delito (actualizado_en, codigo_penal, creado_en, descripcion, nombre, pena_maxima, pena_minima, tipo_pena, valoracion, id) 
    values
        (?, ?, ?, ?, ?, ?, ?, ?, ?, ?)
Hibernate: 
    /* insert for
        com.cufre.expedientes.model.Delito */insert 
    into
        delito (actualizado_en, codigo_penal, creado_en, descripcion, nombre, pena_maxima, pena_minima, tipo_pena, valoracion, id) 
    values
        (?, ?, ?, ?, ?, ?, ?, ?, ?, ?)
&amp#27;[2m2025-05-11T11:17:47.118-03:00&amp#27;[0;39m &amp#27;[32m INFO&amp#27;[0;39m &amp#27;[35m16907&amp#27;[0;39m &amp#27;[2m---&amp#27;[0;39m &amp#27;[2m[           main]&amp#27;[0;39m &amp#27;[2m&amp#27;[0;39m&amp#27;[36mi.StatisticalLoggingSessionEventListener&amp#27;[0;39m &amp#27;[2m:&amp#27;[0;39m Session Metrics {
    4584 nanoseconds spent acquiring 1 JDBC connections;
    0 nanoseconds spent releasing 0 JDBC connections;
    12001 nanoseconds spent preparing 2 JDBC statements;
    277875 nanoseconds spent executing 1 JDBC statements;
    476333 nanoseconds spent executing 1 JDBC batches;
    0 nanoseconds spent performing 0 L2C puts;
    0 nanoseconds spent performing 0 L2C hits;
    0 nanoseconds spent performing 0 L2C misses;
    780125 nanoseconds spent executing 1 flushes (flushing a total of 1 entities and 1 collections);
    0 nanoseconds spent executing 0 partial-flushes (flushing a total of 0 entities and 0 collections)
}
&amp#27;[2m2025-05-11T11:17:47.118-03:00&amp#27;[0;39m &amp#27;[32mDEBUG&amp#27;[0;39m &amp#27;[35m16907&amp#27;[0;39m &amp#27;[2m---&amp#27;[0;39m &amp#27;[2m[           main]&amp#27;[0;39m &amp#27;[2m&amp#27;[0;39m&amp#27;[36morg.hibernate.SQL                       &amp#27;[0;39m &amp#27;[2m:&amp#27;[0;39m 
    /* <criteria> */ select
        d1_0.id,
        d1_0.actualizado_en,
        d1_0.codigo_penal,
        d1_0.creado_en,
        d1_0.descripcion,
        d1_0.nombre,
        d1_0.pena_maxima,
        d1_0.pena_minima,
        d1_0.tipo_pena,
        d1_0.valoracion 
    from
        delito d1_0 
    where
        upper(d1_0.nombre) like upper(?) escape '\'
Hibernate: 
    /* <criteria> */ select
        d1_0.id,
        d1_0.actualizado_en,
        d1_0.codigo_penal,
        d1_0.creado_en,
        d1_0.descripcion,
        d1_0.nombre,
        d1_0.pena_maxima,
        d1_0.pena_minima,
        d1_0.tipo_pena,
        d1_0.valoracion 
    from
        delito d1_0 
    where
        upper(d1_0.nombre) like upper(?) escape '\'
&amp#27;[2m2025-05-11T11:17:47.119-03:00&amp#27;[0;39m &amp#27;[32m INFO&amp#27;[0;39m &amp#27;[35m16907&amp#27;[0;39m &amp#27;[2m---&amp#27;[0;39m &amp#27;[2m[           main]&amp#27;[0;39m &amp#27;[2m&amp#27;[0;39m&amp#27;[36mi.StatisticalLoggingSessionEventListener&amp#27;[0;39m &amp#27;[2m:&amp#27;[0;39m Session Metrics {
    6667 nanoseconds spent acquiring 1 JDBC connections;
    0 nanoseconds spent releasing 0 JDBC connections;
    18667 nanoseconds spent preparing 1 JDBC statements;
    889958 nanoseconds spent executing 1 JDBC statements;
    0 nanoseconds spent executing 0 JDBC batches;
    0 nanoseconds spent performing 0 L2C puts;
    0 nanoseconds spent performing 0 L2C hits;
    0 nanoseconds spent performing 0 L2C misses;
    0 nanoseconds spent executing 0 flushes (flushing a total of 0 entities and 0 collections);
    0 nanoseconds spent executing 0 partial-flushes (flushing a total of 0 entities and 0 collections)
}
&amp#27;[2m2025-05-11T11:17:47.120-03:00&amp#27;[0;39m &amp#27;[32mDEBUG&amp#27;[0;39m &amp#27;[35m16907&amp#27;[0;39m &amp#27;[2m---&amp#27;[0;39m &amp#27;[2m[           main]&amp#27;[0;39m &amp#27;[2m&amp#27;[0;39m&amp#27;[36morg.hibernate.SQL                       &amp#27;[0;39m &amp#27;[2m:&amp#27;[0;39m 
    select
        seq_delito.nextval 
    from
        dual
Hibernate: 
    select
        seq_delito.nextval 
    from
        dual
&amp#27;[2m2025-05-11T11:17:47.120-03:00&amp#27;[0;39m &amp#27;[32mDEBUG&amp#27;[0;39m &amp#27;[35m16907&amp#27;[0;39m &amp#27;[2m---&amp#27;[0;39m &amp#27;[2m[           main]&amp#27;[0;39m &amp#27;[2m&amp#27;[0;39m&amp#27;[36morg.hibernate.SQL                       &amp#27;[0;39m &amp#27;[2m:&amp#27;[0;39m 
    /* insert for
        com.cufre.expedientes.model.Delito */insert 
    into
        delito (actualizado_en, codigo_penal, creado_en, descripcion, nombre, pena_maxima, pena_minima, tipo_pena, valoracion, id) 
    values
        (?, ?, ?, ?, ?, ?, ?, ?, ?, ?)
Hibernate: 
    /* insert for
        com.cufre.expedientes.model.Delito */insert 
    into
        delito (actualizado_en, codigo_penal, creado_en, descripcion, nombre, pena_maxima, pena_minima, tipo_pena, valoracion, id) 
    values
        (?, ?, ?, ?, ?, ?, ?, ?, ?, ?)
&amp#27;[2m2025-05-11T11:17:47.122-03:00&amp#27;[0;39m &amp#27;[32m INFO&amp#27;[0;39m &amp#27;[35m16907&amp#27;[0;39m &amp#27;[2m---&amp#27;[0;39m &amp#27;[2m[           main]&amp#27;[0;39m &amp#27;[2m&amp#27;[0;39m&amp#27;[36mi.StatisticalLoggingSessionEventListener&amp#27;[0;39m &amp#27;[2m:&amp#27;[0;39m Session Metrics {
    4541 nanoseconds spent acquiring 1 JDBC connections;
    0 nanoseconds spent releasing 0 JDBC connections;
    15792 nanoseconds spent preparing 2 JDBC statements;
    304500 nanoseconds spent executing 1 JDBC statements;
    454584 nanoseconds spent executing 1 JDBC batches;
    0 nanoseconds spent performing 0 L2C puts;
    0 nanoseconds spent performing 0 L2C hits;
    0 nanoseconds spent performing 0 L2C misses;
    768542 nanoseconds spent executing 1 flushes (flushing a total of 1 entities and 1 collections);
    0 nanoseconds spent executing 0 partial-flushes (flushing a total of 0 entities and 0 collections)
}
&amp#27;[2m2025-05-11T11:17:47.122-03:00&amp#27;[0;39m &amp#27;[32mDEBUG&amp#27;[0;39m &amp#27;[35m16907&amp#27;[0;39m &amp#27;[2m---&amp#27;[0;39m &amp#27;[2m[           main]&amp#27;[0;39m &amp#27;[2m&amp#27;[0;39m&amp#27;[36morg.hibernate.SQL                       &amp#27;[0;39m &amp#27;[2m:&amp#27;[0;39m 
    /* <criteria> */ select
        d1_0.id,
        d1_0.actualizado_en,
        d1_0.codigo_penal,
        d1_0.creado_en,
        d1_0.descripcion,
        d1_0.nombre,
        d1_0.pena_maxima,
        d1_0.pena_minima,
        d1_0.tipo_pena,
        d1_0.valoracion 
    from
        delito d1_0 
    where
        upper(d1_0.nombre) like upper(?) escape '\'
Hibernate: 
    /* <criteria> */ select
        d1_0.id,
        d1_0.actualizado_en,
        d1_0.codigo_penal,
        d1_0.creado_en,
        d1_0.descripcion,
        d1_0.nombre,
        d1_0.pena_maxima,
        d1_0.pena_minima,
        d1_0.tipo_pena,
        d1_0.valoracion 
    from
        delito d1_0 
    where
        upper(d1_0.nombre) like upper(?) escape '\'
&amp#27;[2m2025-05-11T11:17:47.123-03:00&amp#27;[0;39m &amp#27;[32m INFO&amp#27;[0;39m &amp#27;[35m16907&amp#27;[0;39m &amp#27;[2m---&amp#27;[0;39m &amp#27;[2m[           main]&amp#27;[0;39m &amp#27;[2m&amp#27;[0;39m&amp#27;[36mi.StatisticalLoggingSessionEventListener&amp#27;[0;39m &amp#27;[2m:&amp#27;[0;39m Session Metrics {
    6541 nanoseconds spent acquiring 1 JDBC connections;
    0 nanoseconds spent releasing 0 JDBC connections;
    17834 nanoseconds spent preparing 1 JDBC statements;
    918875 nanoseconds spent executing 1 JDBC statements;
    0 nanoseconds spent executing 0 JDBC batches;
    0 nanoseconds spent performing 0 L2C puts;
    0 nanoseconds spent performing 0 L2C hits;
    0 nanoseconds spent performing 0 L2C misses;
    0 nanoseconds spent executing 0 flushes (flushing a total of 0 entities and 0 collections);
    0 nanoseconds spent executing 0 partial-flushes (flushing a total of 0 entities and 0 collections)
}
&amp#27;[2m2025-05-11T11:17:47.123-03:00&amp#27;[0;39m &amp#27;[32mDEBUG&amp#27;[0;39m &amp#27;[35m16907&amp#27;[0;39m &amp#27;[2m---&amp#27;[0;39m &amp#27;[2m[           main]&amp#27;[0;39m &amp#27;[2m&amp#27;[0;39m&amp#27;[36morg.hibernate.SQL                       &amp#27;[0;39m &amp#27;[2m:&amp#27;[0;39m 
    select
        seq_delito.nextval 
    from
        dual
Hibernate: 
    select
        seq_delito.nextval 
    from
        dual
&amp#27;[2m2025-05-11T11:17:47.124-03:00&amp#27;[0;39m &amp#27;[32mDEBUG&amp#27;[0;39m &amp#27;[35m16907&amp#27;[0;39m &amp#27;[2m---&amp#27;[0;39m &amp#27;[2m[           main]&amp#27;[0;39m &amp#27;[2m&amp#27;[0;39m&amp#27;[36morg.hibernate.SQL                       &amp#27;[0;39m &amp#27;[2m:&amp#27;[0;39m 
    /* insert for
        com.cufre.expedientes.model.Delito */insert 
    into
        delito (actualizado_en, codigo_penal, creado_en, descripcion, nombre, pena_maxima, pena_minima, tipo_pena, valoracion, id) 
    values
        (?, ?, ?, ?, ?, ?, ?, ?, ?, ?)
Hibernate: 
    /* insert for
        com.cufre.expedientes.model.Delito */insert 
    into
        delito (actualizado_en, codigo_penal, creado_en, descripcion, nombre, pena_maxima, pena_minima, tipo_pena, valoracion, id) 
    values
        (?, ?, ?, ?, ?, ?, ?, ?, ?, ?)
&amp#27;[2m2025-05-11T11:17:47.126-03:00&amp#27;[0;39m &amp#27;[32m INFO&amp#27;[0;39m &amp#27;[35m16907&amp#27;[0;39m &amp#27;[2m---&amp#27;[0;39m &amp#27;[2m[           main]&amp#27;[0;39m &amp#27;[2m&amp#27;[0;39m&amp#27;[36mi.StatisticalLoggingSessionEventListener&amp#27;[0;39m &amp#27;[2m:&amp#27;[0;39m Session Metrics {
    4625 nanoseconds spent acquiring 1 JDBC connections;
    0 nanoseconds spent releasing 0 JDBC connections;
    14041 nanoseconds spent preparing 2 JDBC statements;
    290416 nanoseconds spent executing 1 JDBC statements;
    1543708 nanoseconds spent executing 1 JDBC batches;
    0 nanoseconds spent performing 0 L2C puts;
    0 nanoseconds spent performing 0 L2C hits;
    0 nanoseconds spent performing 0 L2C misses;
    1910125 nanoseconds spent executing 1 flushes (flushing a total of 1 entities and 1 collections);
    0 nanoseconds spent executing 0 partial-flushes (flushing a total of 0 entities and 0 collections)
}
&amp#27;[2m2025-05-11T11:17:47.127-03:00&amp#27;[0;39m &amp#27;[32mDEBUG&amp#27;[0;39m &amp#27;[35m16907&amp#27;[0;39m &amp#27;[2m---&amp#27;[0;39m &amp#27;[2m[           main]&amp#27;[0;39m &amp#27;[2m&amp#27;[0;39m&amp#27;[36morg.hibernate.SQL                       &amp#27;[0;39m &amp#27;[2m:&amp#27;[0;39m 
    /* <criteria> */ select
        d1_0.id,
        d1_0.actualizado_en,
        d1_0.codigo_penal,
        d1_0.creado_en,
        d1_0.descripcion,
        d1_0.nombre,
        d1_0.pena_maxima,
        d1_0.pena_minima,
        d1_0.tipo_pena,
        d1_0.valoracion 
    from
        delito d1_0 
    where
        upper(d1_0.nombre) like upper(?) escape '\'
Hibernate: 
    /* <criteria> */ select
        d1_0.id,
        d1_0.actualizado_en,
        d1_0.codigo_penal,
        d1_0.creado_en,
        d1_0.descripcion,
        d1_0.nombre,
        d1_0.pena_maxima,
        d1_0.pena_minima,
        d1_0.tipo_pena,
        d1_0.valoracion 
    from
        delito d1_0 
    where
        upper(d1_0.nombre) like upper(?) escape '\'
&amp#27;[2m2025-05-11T11:17:47.128-03:00&amp#27;[0;39m &amp#27;[32m INFO&amp#27;[0;39m &amp#27;[35m16907&amp#27;[0;39m &amp#27;[2m---&amp#27;[0;39m &amp#27;[2m[           main]&amp#27;[0;39m &amp#27;[2m&amp#27;[0;39m&amp#27;[36mi.StatisticalLoggingSessionEventListener&amp#27;[0;39m &amp#27;[2m:&amp#27;[0;39m Session Metrics {
    7416 nanoseconds spent acquiring 1 JDBC connections;
    0 nanoseconds spent releasing 0 JDBC connections;
    20042 nanoseconds spent preparing 1 JDBC statements;
    865459 nanoseconds spent executing 1 JDBC statements;
    0 nanoseconds spent executing 0 JDBC batches;
    0 nanoseconds spent performing 0 L2C puts;
    0 nanoseconds spent performing 0 L2C hits;
    0 nanoseconds spent performing 0 L2C misses;
    0 nanoseconds spent executing 0 flushes (flushing a total of 0 entities and 0 collections);
    0 nanoseconds spent executing 0 partial-flushes (flushing a total of 0 entities and 0 collections)
}
&amp#27;[2m2025-05-11T11:17:47.128-03:00&amp#27;[0;39m &amp#27;[32mDEBUG&amp#27;[0;39m &amp#27;[35m16907&amp#27;[0;39m &amp#27;[2m---&amp#27;[0;39m &amp#27;[2m[           main]&amp#27;[0;39m &amp#27;[2m&amp#27;[0;39m&amp#27;[36morg.hibernate.SQL                       &amp#27;[0;39m &amp#27;[2m:&amp#27;[0;39m 
    select
        seq_delito.nextval 
    from
        dual
Hibernate: 
    select
        seq_delito.nextval 
    from
        dual
&amp#27;[2m2025-05-11T11:17:47.129-03:00&amp#27;[0;39m &amp#27;[32mDEBUG&amp#27;[0;39m &amp#27;[35m16907&amp#27;[0;39m &amp#27;[2m---&amp#27;[0;39m &amp#27;[2m[           main]&amp#27;[0;39m &amp#27;[2m&amp#27;[0;39m&amp#27;[36morg.hibernate.SQL                       &amp#27;[0;39m &amp#27;[2m:&amp#27;[0;39m 
    /* insert for
        com.cufre.expedientes.model.Delito */insert 
    into
        delito (actualizado_en, codigo_penal, creado_en, descripcion, nombre, pena_maxima, pena_minima, tipo_pena, valoracion, id) 
    values
        (?, ?, ?, ?, ?, ?, ?, ?, ?, ?)
Hibernate: 
    /* insert for
        com.cufre.expedientes.model.Delito */insert 
    into
        delito (actualizado_en, codigo_penal, creado_en, descripcion, nombre, pena_maxima, pena_minima, tipo_pena, valoracion, id) 
    values
        (?, ?, ?, ?, ?, ?, ?, ?, ?, ?)
&amp#27;[2m2025-05-11T11:17:47.130-03:00&amp#27;[0;39m &amp#27;[32m INFO&amp#27;[0;39m &amp#27;[35m16907&amp#27;[0;39m &amp#27;[2m---&amp#27;[0;39m &amp#27;[2m[           main]&amp#27;[0;39m &amp#27;[2m&amp#27;[0;39m&amp#27;[36mi.StatisticalLoggingSessionEventListener&amp#27;[0;39m &amp#27;[2m:&amp#27;[0;39m Session Metrics {
    4500 nanoseconds spent acquiring 1 JDBC connections;
    0 nanoseconds spent releasing 0 JDBC connections;
    14291 nanoseconds spent preparing 2 JDBC statements;
    272458 nanoseconds spent executing 1 JDBC statements;
    425458 nanoseconds spent executing 1 JDBC batches;
    0 nanoseconds spent performing 0 L2C puts;
    0 nanoseconds spent performing 0 L2C hits;
    0 nanoseconds spent performing 0 L2C misses;
    719042 nanoseconds spent executing 1 flushes (flushing a total of 1 entities and 1 collections);
    0 nanoseconds spent executing 0 partial-flushes (flushing a total of 0 entities and 0 collections)
}
&amp#27;[2m2025-05-11T11:17:47.130-03:00&amp#27;[0;39m &amp#27;[32mDEBUG&amp#27;[0;39m &amp#27;[35m16907&amp#27;[0;39m &amp#27;[2m---&amp#27;[0;39m &amp#27;[2m[           main]&amp#27;[0;39m &amp#27;[2m&amp#27;[0;39m&amp#27;[36morg.hibernate.SQL                       &amp#27;[0;39m &amp#27;[2m:&amp#27;[0;39m 
    /* <criteria> */ select
        d1_0.id,
        d1_0.actualizado_en,
        d1_0.codigo_penal,
        d1_0.creado_en,
        d1_0.descripcion,
        d1_0.nombre,
        d1_0.pena_maxima,
        d1_0.pena_minima,
        d1_0.tipo_pena,
        d1_0.valoracion 
    from
        delito d1_0 
    where
        upper(d1_0.nombre) like upper(?) escape '\'
Hibernate: 
    /* <criteria> */ select
        d1_0.id,
        d1_0.actualizado_en,
        d1_0.codigo_penal,
        d1_0.creado_en,
        d1_0.descripcion,
        d1_0.nombre,
        d1_0.pena_maxima,
        d1_0.pena_minima,
        d1_0.tipo_pena,
        d1_0.valoracion 
    from
        delito d1_0 
    where
        upper(d1_0.nombre) like upper(?) escape '\'
&amp#27;[2m2025-05-11T11:17:47.132-03:00&amp#27;[0;39m &amp#27;[32m INFO&amp#27;[0;39m &amp#27;[35m16907&amp#27;[0;39m &amp#27;[2m---&amp#27;[0;39m &amp#27;[2m[           main]&amp#27;[0;39m &amp#27;[2m&amp#27;[0;39m&amp#27;[36mi.StatisticalLoggingSessionEventListener&amp#27;[0;39m &amp#27;[2m:&amp#27;[0;39m Session Metrics {
    5959 nanoseconds spent acquiring 1 JDBC connections;
    0 nanoseconds spent releasing 0 JDBC connections;
    16875 nanoseconds spent preparing 1 JDBC statements;
    1168042 nanoseconds spent executing 1 JDBC statements;
    0 nanoseconds spent executing 0 JDBC batches;
    0 nanoseconds spent performing 0 L2C puts;
    0 nanoseconds spent performing 0 L2C hits;
    0 nanoseconds spent performing 0 L2C misses;
    0 nanoseconds spent executing 0 flushes (flushing a total of 0 entities and 0 collections);
    0 nanoseconds spent executing 0 partial-flushes (flushing a total of 0 entities and 0 collections)
}
&amp#27;[2m2025-05-11T11:17:47.132-03:00&amp#27;[0;39m &amp#27;[32mDEBUG&amp#27;[0;39m &amp#27;[35m16907&amp#27;[0;39m &amp#27;[2m---&amp#27;[0;39m &amp#27;[2m[           main]&amp#27;[0;39m &amp#27;[2m&amp#27;[0;39m&amp#27;[36morg.hibernate.SQL                       &amp#27;[0;39m &amp#27;[2m:&amp#27;[0;39m 
    select
        seq_delito.nextval 
    from
        dual
Hibernate: 
    select
        seq_delito.nextval 
    from
        dual
&amp#27;[2m2025-05-11T11:17:47.132-03:00&amp#27;[0;39m &amp#27;[32mDEBUG&amp#27;[0;39m &amp#27;[35m16907&amp#27;[0;39m &amp#27;[2m---&amp#27;[0;39m &amp#27;[2m[           main]&amp#27;[0;39m &amp#27;[2m&amp#27;[0;39m&amp#27;[36morg.hibernate.SQL                       &amp#27;[0;39m &amp#27;[2m:&amp#27;[0;39m 
    /* insert for
        com.cufre.expedientes.model.Delito */insert 
    into
        delito (actualizado_en, codigo_penal, creado_en, descripcion, nombre, pena_maxima, pena_minima, tipo_pena, valoracion, id) 
    values
        (?, ?, ?, ?, ?, ?, ?, ?, ?, ?)
Hibernate: 
    /* insert for
        com.cufre.expedientes.model.Delito */insert 
    into
        delito (actualizado_en, codigo_penal, creado_en, descripcion, nombre, pena_maxima, pena_minima, tipo_pena, valoracion, id) 
    values
        (?, ?, ?, ?, ?, ?, ?, ?, ?, ?)
&amp#27;[2m2025-05-11T11:17:47.134-03:00&amp#27;[0;39m &amp#27;[32m INFO&amp#27;[0;39m &amp#27;[35m16907&amp#27;[0;39m &amp#27;[2m---&amp#27;[0;39m &amp#27;[2m[           main]&amp#27;[0;39m &amp#27;[2m&amp#27;[0;39m&amp#27;[36mi.StatisticalLoggingSessionEventListener&amp#27;[0;39m &amp#27;[2m:&amp#27;[0;39m Session Metrics {
    4458 nanoseconds spent acquiring 1 JDBC connections;
    0 nanoseconds spent releasing 0 JDBC connections;
    14708 nanoseconds spent preparing 2 JDBC statements;
    280917 nanoseconds spent executing 1 JDBC statements;
    440125 nanoseconds spent executing 1 JDBC batches;
    0 nanoseconds spent performing 0 L2C puts;
    0 nanoseconds spent performing 0 L2C hits;
    0 nanoseconds spent performing 0 L2C misses;
    723458 nanoseconds spent executing 1 flushes (flushing a total of 1 entities and 1 collections);
    0 nanoseconds spent executing 0 partial-flushes (flushing a total of 0 entities and 0 collections)
}
&amp#27;[2m2025-05-11T11:17:47.134-03:00&amp#27;[0;39m &amp#27;[32mDEBUG&amp#27;[0;39m &amp#27;[35m16907&amp#27;[0;39m &amp#27;[2m---&amp#27;[0;39m &amp#27;[2m[           main]&amp#27;[0;39m &amp#27;[2m&amp#27;[0;39m&amp#27;[36morg.hibernate.SQL                       &amp#27;[0;39m &amp#27;[2m:&amp#27;[0;39m 
    /* <criteria> */ select
        d1_0.id,
        d1_0.actualizado_en,
        d1_0.codigo_penal,
        d1_0.creado_en,
        d1_0.descripcion,
        d1_0.nombre,
        d1_0.pena_maxima,
        d1_0.pena_minima,
        d1_0.tipo_pena,
        d1_0.valoracion 
    from
        delito d1_0 
    where
        upper(d1_0.nombre) like upper(?) escape '\'
Hibernate: 
    /* <criteria> */ select
        d1_0.id,
        d1_0.actualizado_en,
        d1_0.codigo_penal,
        d1_0.creado_en,
        d1_0.descripcion,
        d1_0.nombre,
        d1_0.pena_maxima,
        d1_0.pena_minima,
        d1_0.tipo_pena,
        d1_0.valoracion 
    from
        delito d1_0 
    where
        upper(d1_0.nombre) like upper(?) escape '\'
&amp#27;[2m2025-05-11T11:17:47.135-03:00&amp#27;[0;39m &amp#27;[32m INFO&amp#27;[0;39m &amp#27;[35m16907&amp#27;[0;39m &amp#27;[2m---&amp#27;[0;39m &amp#27;[2m[           main]&amp#27;[0;39m &amp#27;[2m&amp#27;[0;39m&amp#27;[36mi.StatisticalLoggingSessionEventListener&amp#27;[0;39m &amp#27;[2m:&amp#27;[0;39m Session Metrics {
    6250 nanoseconds spent acquiring 1 JDBC connections;
    0 nanoseconds spent releasing 0 JDBC connections;
    16167 nanoseconds spent preparing 1 JDBC statements;
    986917 nanoseconds spent executing 1 JDBC statements;
    0 nanoseconds spent executing 0 JDBC batches;
    0 nanoseconds spent performing 0 L2C puts;
    0 nanoseconds spent performing 0 L2C hits;
    0 nanoseconds spent performing 0 L2C misses;
    0 nanoseconds spent executing 0 flushes (flushing a total of 0 entities and 0 collections);
    0 nanoseconds spent executing 0 partial-flushes (flushing a total of 0 entities and 0 collections)
}
&amp#27;[2m2025-05-11T11:17:47.135-03:00&amp#27;[0;39m &amp#27;[32mDEBUG&amp#27;[0;39m &amp#27;[35m16907&amp#27;[0;39m &amp#27;[2m---&amp#27;[0;39m &amp#27;[2m[           main]&amp#27;[0;39m &amp#27;[2m&amp#27;[0;39m&amp#27;[36morg.hibernate.SQL                       &amp#27;[0;39m &amp#27;[2m:&amp#27;[0;39m 
    select
        seq_delito.nextval 
    from
        dual
Hibernate: 
    select
        seq_delito.nextval 
    from
        dual
&amp#27;[2m2025-05-11T11:17:47.136-03:00&amp#27;[0;39m &amp#27;[32mDEBUG&amp#27;[0;39m &amp#27;[35m16907&amp#27;[0;39m &amp#27;[2m---&amp#27;[0;39m &amp#27;[2m[           main]&amp#27;[0;39m &amp#27;[2m&amp#27;[0;39m&amp#27;[36morg.hibernate.SQL                       &amp#27;[0;39m &amp#27;[2m:&amp#27;[0;39m 
    /* insert for
        com.cufre.expedientes.model.Delito */insert 
    into
        delito (actualizado_en, codigo_penal, creado_en, descripcion, nombre, pena_maxima, pena_minima, tipo_pena, valoracion, id) 
    values
        (?, ?, ?, ?, ?, ?, ?, ?, ?, ?)
Hibernate: 
    /* insert for
        com.cufre.expedientes.model.Delito */insert 
    into
        delito (actualizado_en, codigo_penal, creado_en, descripcion, nombre, pena_maxima, pena_minima, tipo_pena, valoracion, id) 
    values
        (?, ?, ?, ?, ?, ?, ?, ?, ?, ?)
&amp#27;[2m2025-05-11T11:17:47.137-03:00&amp#27;[0;39m &amp#27;[32m INFO&amp#27;[0;39m &amp#27;[35m16907&amp#27;[0;39m &amp#27;[2m---&amp#27;[0;39m &amp#27;[2m[           main]&amp#27;[0;39m &amp#27;[2m&amp#27;[0;39m&amp#27;[36mi.StatisticalLoggingSessionEventListener&amp#27;[0;39m &amp#27;[2m:&amp#27;[0;39m Session Metrics {
    4375 nanoseconds spent acquiring 1 JDBC connections;
    0 nanoseconds spent releasing 0 JDBC connections;
    13625 nanoseconds spent preparing 2 JDBC statements;
    266334 nanoseconds spent executing 1 JDBC statements;
    482500 nanoseconds spent executing 1 JDBC batches;
    0 nanoseconds spent performing 0 L2C puts;
    0 nanoseconds spent performing 0 L2C hits;
    0 nanoseconds spent performing 0 L2C misses;
    774042 nanoseconds spent executing 1 flushes (flushing a total of 1 entities and 1 collections);
    0 nanoseconds spent executing 0 partial-flushes (flushing a total of 0 entities and 0 collections)
}
&amp#27;[2m2025-05-11T11:17:47.138-03:00&amp#27;[0;39m &amp#27;[32mDEBUG&amp#27;[0;39m &amp#27;[35m16907&amp#27;[0;39m &amp#27;[2m---&amp#27;[0;39m &amp#27;[2m[           main]&amp#27;[0;39m &amp#27;[2m&amp#27;[0;39m&amp#27;[36morg.hibernate.SQL                       &amp#27;[0;39m &amp#27;[2m:&amp#27;[0;39m 
    /* <criteria> */ select
        d1_0.id,
        d1_0.actualizado_en,
        d1_0.codigo_penal,
        d1_0.creado_en,
        d1_0.descripcion,
        d1_0.nombre,
        d1_0.pena_maxima,
        d1_0.pena_minima,
        d1_0.tipo_pena,
        d1_0.valoracion 
    from
        delito d1_0 
    where
        upper(d1_0.nombre) like upper(?) escape '\'
Hibernate: 
    /* <criteria> */ select
        d1_0.id,
        d1_0.actualizado_en,
        d1_0.codigo_penal,
        d1_0.creado_en,
        d1_0.descripcion,
        d1_0.nombre,
        d1_0.pena_maxima,
        d1_0.pena_minima,
        d1_0.tipo_pena,
        d1_0.valoracion 
    from
        delito d1_0 
    where
        upper(d1_0.nombre) like upper(?) escape '\'
&amp#27;[2m2025-05-11T11:17:47.139-03:00&amp#27;[0;39m &amp#27;[32m INFO&amp#27;[0;39m &amp#27;[35m16907&amp#27;[0;39m &amp#27;[2m---&amp#27;[0;39m &amp#27;[2m[           main]&amp#27;[0;39m &amp#27;[2m&amp#27;[0;39m&amp#27;[36mi.StatisticalLoggingSessionEventListener&amp#27;[0;39m &amp#27;[2m:&amp#27;[0;39m Session Metrics {
    6708 nanoseconds spent acquiring 1 JDBC connections;
    0 nanoseconds spent releasing 0 JDBC connections;
    18375 nanoseconds spent preparing 1 JDBC statements;
    992792 nanoseconds spent executing 1 JDBC statements;
    0 nanoseconds spent executing 0 JDBC batches;
    0 nanoseconds spent performing 0 L2C puts;
    0 nanoseconds spent performing 0 L2C hits;
    0 nanoseconds spent performing 0 L2C misses;
    0 nanoseconds spent executing 0 flushes (flushing a total of 0 entities and 0 collections);
    0 nanoseconds spent executing 0 partial-flushes (flushing a total of 0 entities and 0 collections)
}
&amp#27;[2m2025-05-11T11:17:47.139-03:00&amp#27;[0;39m &amp#27;[32mDEBUG&amp#27;[0;39m &amp#27;[35m16907&amp#27;[0;39m &amp#27;[2m---&amp#27;[0;39m &amp#27;[2m[           main]&amp#27;[0;39m &amp#27;[2m&amp#27;[0;39m&amp#27;[36morg.hibernate.SQL                       &amp#27;[0;39m &amp#27;[2m:&amp#27;[0;39m 
    select
        seq_delito.nextval 
    from
        dual
Hibernate: 
    select
        seq_delito.nextval 
    from
        dual
&amp#27;[2m2025-05-11T11:17:47.140-03:00&amp#27;[0;39m &amp#27;[32mDEBUG&amp#27;[0;39m &amp#27;[35m16907&amp#27;[0;39m &amp#27;[2m---&amp#27;[0;39m &amp#27;[2m[           main]&amp#27;[0;39m &amp#27;[2m&amp#27;[0;39m&amp#27;[36morg.hibernate.SQL                       &amp#27;[0;39m &amp#27;[2m:&amp#27;[0;39m 
    /* insert for
        com.cufre.expedientes.model.Delito */insert 
    into
        delito (actualizado_en, codigo_penal, creado_en, descripcion, nombre, pena_maxima, pena_minima, tipo_pena, valoracion, id) 
    values
        (?, ?, ?, ?, ?, ?, ?, ?, ?, ?)
Hibernate: 
    /* insert for
        com.cufre.expedientes.model.Delito */insert 
    into
        delito (actualizado_en, codigo_penal, creado_en, descripcion, nombre, pena_maxima, pena_minima, tipo_pena, valoracion, id) 
    values
        (?, ?, ?, ?, ?, ?, ?, ?, ?, ?)
&amp#27;[2m2025-05-11T11:17:47.141-03:00&amp#27;[0;39m &amp#27;[32m INFO&amp#27;[0;39m &amp#27;[35m16907&amp#27;[0;39m &amp#27;[2m---&amp#27;[0;39m &amp#27;[2m[           main]&amp#27;[0;39m &amp#27;[2m&amp#27;[0;39m&amp#27;[36mi.StatisticalLoggingSessionEventListener&amp#27;[0;39m &amp#27;[2m:&amp#27;[0;39m Session Metrics {
    15833 nanoseconds spent acquiring 1 JDBC connections;
    0 nanoseconds spent releasing 0 JDBC connections;
    15624 nanoseconds spent preparing 2 JDBC statements;
    343625 nanoseconds spent executing 1 JDBC statements;
    409917 nanoseconds spent executing 1 JDBC batches;
    0 nanoseconds spent performing 0 L2C puts;
    0 nanoseconds spent performing 0 L2C hits;
    0 nanoseconds spent performing 0 L2C misses;
    708333 nanoseconds spent executing 1 flushes (flushing a total of 1 entities and 1 collections);
    0 nanoseconds spent executing 0 partial-flushes (flushing a total of 0 entities and 0 collections)
}
&amp#27;[2m2025-05-11T11:17:47.142-03:00&amp#27;[0;39m &amp#27;[32mDEBUG&amp#27;[0;39m &amp#27;[35m16907&amp#27;[0;39m &amp#27;[2m---&amp#27;[0;39m &amp#27;[2m[           main]&amp#27;[0;39m &amp#27;[2m&amp#27;[0;39m&amp#27;[36morg.hibernate.SQL                       &amp#27;[0;39m &amp#27;[2m:&amp#27;[0;39m 
    /* <criteria> */ select
        d1_0.id,
        d1_0.actualizado_en,
        d1_0.codigo_penal,
        d1_0.creado_en,
        d1_0.descripcion,
        d1_0.nombre,
        d1_0.pena_maxima,
        d1_0.pena_minima,
        d1_0.tipo_pena,
        d1_0.valoracion 
    from
        delito d1_0 
    where
        upper(d1_0.nombre) like upper(?) escape '\'
Hibernate: 
    /* <criteria> */ select
        d1_0.id,
        d1_0.actualizado_en,
        d1_0.codigo_penal,
        d1_0.creado_en,
        d1_0.descripcion,
        d1_0.nombre,
        d1_0.pena_maxima,
        d1_0.pena_minima,
        d1_0.tipo_pena,
        d1_0.valoracion 
    from
        delito d1_0 
    where
        upper(d1_0.nombre) like upper(?) escape '\'
&amp#27;[2m2025-05-11T11:17:47.143-03:00&amp#27;[0;39m &amp#27;[32m INFO&amp#27;[0;39m &amp#27;[35m16907&amp#27;[0;39m &amp#27;[2m---&amp#27;[0;39m &amp#27;[2m[           main]&amp#27;[0;39m &amp#27;[2m&amp#27;[0;39m&amp#27;[36mi.StatisticalLoggingSessionEventListener&amp#27;[0;39m &amp#27;[2m:&amp#27;[0;39m Session Metrics {
    36125 nanoseconds spent acquiring 1 JDBC connections;
    0 nanoseconds spent releasing 0 JDBC connections;
    48500 nanoseconds spent preparing 1 JDBC statements;
    937209 nanoseconds spent executing 1 JDBC statements;
    0 nanoseconds spent executing 0 JDBC batches;
    0 nanoseconds spent performing 0 L2C puts;
    0 nanoseconds spent performing 0 L2C hits;
    0 nanoseconds spent performing 0 L2C misses;
    0 nanoseconds spent executing 0 flushes (flushing a total of 0 entities and 0 collections);
    0 nanoseconds spent executing 0 partial-flushes (flushing a total of 0 entities and 0 collections)
}
&amp#27;[2m2025-05-11T11:17:47.143-03:00&amp#27;[0;39m &amp#27;[32mDEBUG&amp#27;[0;39m &amp#27;[35m16907&amp#27;[0;39m &amp#27;[2m---&amp#27;[0;39m &amp#27;[2m[           main]&amp#27;[0;39m &amp#27;[2m&amp#27;[0;39m&amp#27;[36morg.hibernate.SQL                       &amp#27;[0;39m &amp#27;[2m:&amp#27;[0;39m 
    select
        seq_delito.nextval 
    from
        dual
Hibernate: 
    select
        seq_delito.nextval 
    from
        dual
&amp#27;[2m2025-05-11T11:17:47.144-03:00&amp#27;[0;39m &amp#27;[32mDEBUG&amp#27;[0;39m &amp#27;[35m16907&amp#27;[0;39m &amp#27;[2m---&amp#27;[0;39m &amp#27;[2m[           main]&amp#27;[0;39m &amp#27;[2m&amp#27;[0;39m&amp#27;[36morg.hibernate.SQL                       &amp#27;[0;39m &amp#27;[2m:&amp#27;[0;39m 
    /* insert for
        com.cufre.expedientes.model.Delito */insert 
    into
        delito (actualizado_en, codigo_penal, creado_en, descripcion, nombre, pena_maxima, pena_minima, tipo_pena, valoracion, id) 
    values
        (?, ?, ?, ?, ?, ?, ?, ?, ?, ?)
Hibernate: 
    /* insert for
        com.cufre.expedientes.model.Delito */insert 
    into
        delito (actualizado_en, codigo_penal, creado_en, descripcion, nombre, pena_maxima, pena_minima, tipo_pena, valoracion, id) 
    values
        (?, ?, ?, ?, ?, ?, ?, ?, ?, ?)
&amp#27;[2m2025-05-11T11:17:47.145-03:00&amp#27;[0;39m &amp#27;[32m INFO&amp#27;[0;39m &amp#27;[35m16907&amp#27;[0;39m &amp#27;[2m---&amp#27;[0;39m &amp#27;[2m[           main]&amp#27;[0;39m &amp#27;[2m&amp#27;[0;39m&amp#27;[36mi.StatisticalLoggingSessionEventListener&amp#27;[0;39m &amp#27;[2m:&amp#27;[0;39m Session Metrics {
    13875 nanoseconds spent acquiring 1 JDBC connections;
    0 nanoseconds spent releasing 0 JDBC connections;
    16167 nanoseconds spent preparing 2 JDBC statements;
    301958 nanoseconds spent executing 1 JDBC statements;
    427250 nanoseconds spent executing 1 JDBC batches;
    0 nanoseconds spent performing 0 L2C puts;
    0 nanoseconds spent performing 0 L2C hits;
    0 nanoseconds spent performing 0 L2C misses;
    746500 nanoseconds spent executing 1 flushes (flushing a total of 1 entities and 1 collections);
    0 nanoseconds spent executing 0 partial-flushes (flushing a total of 0 entities and 0 collections)
}
&amp#27;[2m2025-05-11T11:17:47.145-03:00&amp#27;[0;39m &amp#27;[32mDEBUG&amp#27;[0;39m &amp#27;[35m16907&amp#27;[0;39m &amp#27;[2m---&amp#27;[0;39m &amp#27;[2m[           main]&amp#27;[0;39m &amp#27;[2m&amp#27;[0;39m&amp#27;[36morg.hibernate.SQL                       &amp#27;[0;39m &amp#27;[2m:&amp#27;[0;39m 
    /* <criteria> */ select
        d1_0.id,
        d1_0.actualizado_en,
        d1_0.codigo_penal,
        d1_0.creado_en,
        d1_0.descripcion,
        d1_0.nombre,
        d1_0.pena_maxima,
        d1_0.pena_minima,
        d1_0.tipo_pena,
        d1_0.valoracion 
    from
        delito d1_0 
    where
        upper(d1_0.nombre) like upper(?) escape '\'
Hibernate: 
    /* <criteria> */ select
        d1_0.id,
        d1_0.actualizado_en,
        d1_0.codigo_penal,
        d1_0.creado_en,
        d1_0.descripcion,
        d1_0.nombre,
        d1_0.pena_maxima,
        d1_0.pena_minima,
        d1_0.tipo_pena,
        d1_0.valoracion 
    from
        delito d1_0 
    where
        upper(d1_0.nombre) like upper(?) escape '\'
&amp#27;[2m2025-05-11T11:17:47.147-03:00&amp#27;[0;39m &amp#27;[32m INFO&amp#27;[0;39m &amp#27;[35m16907&amp#27;[0;39m &amp#27;[2m---&amp#27;[0;39m &amp#27;[2m[           main]&amp#27;[0;39m &amp#27;[2m&amp#27;[0;39m&amp#27;[36mi.StatisticalLoggingSessionEventListener&amp#27;[0;39m &amp#27;[2m:&amp#27;[0;39m Session Metrics {
    35833 nanoseconds spent acquiring 1 JDBC connections;
    0 nanoseconds spent releasing 0 JDBC connections;
    47584 nanoseconds spent preparing 1 JDBC statements;
    1011750 nanoseconds spent executing 1 JDBC statements;
    0 nanoseconds spent executing 0 JDBC batches;
    0 nanoseconds spent performing 0 L2C puts;
    0 nanoseconds spent performing 0 L2C hits;
    0 nanoseconds spent performing 0 L2C misses;
    0 nanoseconds spent executing 0 flushes (flushing a total of 0 entities and 0 collections);
    0 nanoseconds spent executing 0 partial-flushes (flushing a total of 0 entities and 0 collections)
}
&amp#27;[2m2025-05-11T11:17:47.147-03:00&amp#27;[0;39m &amp#27;[32mDEBUG&amp#27;[0;39m &amp#27;[35m16907&amp#27;[0;39m &amp#27;[2m---&amp#27;[0;39m &amp#27;[2m[           main]&amp#27;[0;39m &amp#27;[2m&amp#27;[0;39m&amp#27;[36morg.hibernate.SQL                       &amp#27;[0;39m &amp#27;[2m:&amp#27;[0;39m 
    select
        seq_delito.nextval 
    from
        dual
Hibernate: 
    select
        seq_delito.nextval 
    from
        dual
&amp#27;[2m2025-05-11T11:17:47.148-03:00&amp#27;[0;39m &amp#27;[32mDEBUG&amp#27;[0;39m &amp#27;[35m16907&amp#27;[0;39m &amp#27;[2m---&amp#27;[0;39m &amp#27;[2m[           main]&amp#27;[0;39m &amp#27;[2m&amp#27;[0;39m&amp#27;[36morg.hibernate.SQL                       &amp#27;[0;39m &amp#27;[2m:&amp#27;[0;39m 
    /* insert for
        com.cufre.expedientes.model.Delito */insert 
    into
        delito (actualizado_en, codigo_penal, creado_en, descripcion, nombre, pena_maxima, pena_minima, tipo_pena, valoracion, id) 
    values
        (?, ?, ?, ?, ?, ?, ?, ?, ?, ?)
Hibernate: 
    /* insert for
        com.cufre.expedientes.model.Delito */insert 
    into
        delito (actualizado_en, codigo_penal, creado_en, descripcion, nombre, pena_maxima, pena_minima, tipo_pena, valoracion, id) 
    values
        (?, ?, ?, ?, ?, ?, ?, ?, ?, ?)
&amp#27;[2m2025-05-11T11:17:47.149-03:00&amp#27;[0;39m &amp#27;[32m INFO&amp#27;[0;39m &amp#27;[35m16907&amp#27;[0;39m &amp#27;[2m---&amp#27;[0;39m &amp#27;[2m[           main]&amp#27;[0;39m &amp#27;[2m&amp#27;[0;39m&amp#27;[36mi.StatisticalLoggingSessionEventListener&amp#27;[0;39m &amp#27;[2m:&amp#27;[0;39m Session Metrics {
    5375 nanoseconds spent acquiring 1 JDBC connections;
    0 nanoseconds spent releasing 0 JDBC connections;
    19708 nanoseconds spent preparing 2 JDBC statements;
    291792 nanoseconds spent executing 1 JDBC statements;
    425375 nanoseconds spent executing 1 JDBC batches;
    0 nanoseconds spent performing 0 L2C puts;
    0 nanoseconds spent performing 0 L2C hits;
    0 nanoseconds spent performing 0 L2C misses;
    764083 nanoseconds spent executing 1 flushes (flushing a total of 1 entities and 1 collections);
    0 nanoseconds spent executing 0 partial-flushes (flushing a total of 0 entities and 0 collections)
}
&amp#27;[2m2025-05-11T11:17:47.150-03:00&amp#27;[0;39m &amp#27;[32mDEBUG&amp#27;[0;39m &amp#27;[35m16907&amp#27;[0;39m &amp#27;[2m---&amp#27;[0;39m &amp#27;[2m[           main]&amp#27;[0;39m &amp#27;[2m&amp#27;[0;39m&amp#27;[36morg.hibernate.SQL                       &amp#27;[0;39m &amp#27;[2m:&amp#27;[0;39m 
    /* <criteria> */ select
        d1_0.id,
        d1_0.actualizado_en,
        d1_0.codigo_penal,
        d1_0.creado_en,
        d1_0.descripcion,
        d1_0.nombre,
        d1_0.pena_maxima,
        d1_0.pena_minima,
        d1_0.tipo_pena,
        d1_0.valoracion 
    from
        delito d1_0 
    where
        upper(d1_0.nombre) like upper(?) escape '\'
Hibernate: 
    /* <criteria> */ select
        d1_0.id,
        d1_0.actualizado_en,
        d1_0.codigo_penal,
        d1_0.creado_en,
        d1_0.descripcion,
        d1_0.nombre,
        d1_0.pena_maxima,
        d1_0.pena_minima,
        d1_0.tipo_pena,
        d1_0.valoracion 
    from
        delito d1_0 
    where
        upper(d1_0.nombre) like upper(?) escape '\'
&amp#27;[2m2025-05-11T11:17:47.151-03:00&amp#27;[0;39m &amp#27;[32m INFO&amp#27;[0;39m &amp#27;[35m16907&amp#27;[0;39m &amp#27;[2m---&amp#27;[0;39m &amp#27;[2m[           main]&amp#27;[0;39m &amp#27;[2m&amp#27;[0;39m&amp#27;[36mi.StatisticalLoggingSessionEventListener&amp#27;[0;39m &amp#27;[2m:&amp#27;[0;39m Session Metrics {
    6083 nanoseconds spent acquiring 1 JDBC connections;
    0 nanoseconds spent releasing 0 JDBC connections;
    18708 nanoseconds spent preparing 1 JDBC statements;
    901375 nanoseconds spent executing 1 JDBC statements;
    0 nanoseconds spent executing 0 JDBC batches;
    0 nanoseconds spent performing 0 L2C puts;
    0 nanoseconds spent performing 0 L2C hits;
    0 nanoseconds spent performing 0 L2C misses;
    0 nanoseconds spent executing 0 flushes (flushing a total of 0 entities and 0 collections);
    0 nanoseconds spent executing 0 partial-flushes (flushing a total of 0 entities and 0 collections)
}
&amp#27;[2m2025-05-11T11:17:47.151-03:00&amp#27;[0;39m &amp#27;[32mDEBUG&amp#27;[0;39m &amp#27;[35m16907&amp#27;[0;39m &amp#27;[2m---&amp#27;[0;39m &amp#27;[2m[           main]&amp#27;[0;39m &amp#27;[2m&amp#27;[0;39m&amp#27;[36morg.hibernate.SQL                       &amp#27;[0;39m &amp#27;[2m:&amp#27;[0;39m 
    select
        seq_delito.nextval 
    from
        dual
Hibernate: 
    select
        seq_delito.nextval 
    from
        dual
&amp#27;[2m2025-05-11T11:17:47.152-03:00&amp#27;[0;39m &amp#27;[32mDEBUG&amp#27;[0;39m &amp#27;[35m16907&amp#27;[0;39m &amp#27;[2m---&amp#27;[0;39m &amp#27;[2m[           main]&amp#27;[0;39m &amp#27;[2m&amp#27;[0;39m&amp#27;[36morg.hibernate.SQL                       &amp#27;[0;39m &amp#27;[2m:&amp#27;[0;39m 
    /* insert for
        com.cufre.expedientes.model.Delito */insert 
    into
        delito (actualizado_en, codigo_penal, creado_en, descripcion, nombre, pena_maxima, pena_minima, tipo_pena, valoracion, id) 
    values
        (?, ?, ?, ?, ?, ?, ?, ?, ?, ?)
Hibernate: 
    /* insert for
        com.cufre.expedientes.model.Delito */insert 
    into
        delito (actualizado_en, codigo_penal, creado_en, descripcion, nombre, pena_maxima, pena_minima, tipo_pena, valoracion, id) 
    values
        (?, ?, ?, ?, ?, ?, ?, ?, ?, ?)
&amp#27;[2m2025-05-11T11:17:47.153-03:00&amp#27;[0;39m &amp#27;[32m INFO&amp#27;[0;39m &amp#27;[35m16907&amp#27;[0;39m &amp#27;[2m---&amp#27;[0;39m &amp#27;[2m[           main]&amp#27;[0;39m &amp#27;[2m&amp#27;[0;39m&amp#27;[36mi.StatisticalLoggingSessionEventListener&amp#27;[0;39m &amp#27;[2m:&amp#27;[0;39m Session Metrics {
    3708 nanoseconds spent acquiring 1 JDBC connections;
    0 nanoseconds spent releasing 0 JDBC connections;
    62416 nanoseconds spent preparing 2 JDBC statements;
    859792 nanoseconds spent executing 1 JDBC statements;
    399250 nanoseconds spent executing 1 JDBC batches;
    0 nanoseconds spent performing 0 L2C puts;
    0 nanoseconds spent performing 0 L2C hits;
    0 nanoseconds spent performing 0 L2C misses;
    767417 nanoseconds spent executing 1 flushes (flushing a total of 1 entities and 1 collections);
    0 nanoseconds spent executing 0 partial-flushes (flushing a total of 0 entities and 0 collections)
}
&amp#27;[2m2025-05-11T11:17:47.154-03:00&amp#27;[0;39m &amp#27;[32mDEBUG&amp#27;[0;39m &amp#27;[35m16907&amp#27;[0;39m &amp#27;[2m---&amp#27;[0;39m &amp#27;[2m[           main]&amp#27;[0;39m &amp#27;[2m&amp#27;[0;39m&amp#27;[36morg.hibernate.SQL                       &amp#27;[0;39m &amp#27;[2m:&amp#27;[0;39m 
    /* <criteria> */ select
        d1_0.id,
        d1_0.actualizado_en,
        d1_0.codigo_penal,
        d1_0.creado_en,
        d1_0.descripcion,
        d1_0.nombre,
        d1_0.pena_maxima,
        d1_0.pena_minima,
        d1_0.tipo_pena,
        d1_0.valoracion 
    from
        delito d1_0 
    where
        upper(d1_0.nombre) like upper(?) escape '\'
Hibernate: 
    /* <criteria> */ select
        d1_0.id,
        d1_0.actualizado_en,
        d1_0.codigo_penal,
        d1_0.creado_en,
        d1_0.descripcion,
        d1_0.nombre,
        d1_0.pena_maxima,
        d1_0.pena_minima,
        d1_0.tipo_pena,
        d1_0.valoracion 
    from
        delito d1_0 
    where
        upper(d1_0.nombre) like upper(?) escape '\'
&amp#27;[2m2025-05-11T11:17:47.155-03:00&amp#27;[0;39m &amp#27;[32m INFO&amp#27;[0;39m &amp#27;[35m16907&amp#27;[0;39m &amp#27;[2m---&amp#27;[0;39m &amp#27;[2m[           main]&amp#27;[0;39m &amp#27;[2m&amp#27;[0;39m&amp#27;[36mi.StatisticalLoggingSessionEventListener&amp#27;[0;39m &amp#27;[2m:&amp#27;[0;39m Session Metrics {
    7125 nanoseconds spent acquiring 1 JDBC connections;
    0 nanoseconds spent releasing 0 JDBC connections;
    40542 nanoseconds spent preparing 1 JDBC statements;
    1080792 nanoseconds spent executing 1 JDBC statements;
    0 nanoseconds spent executing 0 JDBC batches;
    0 nanoseconds spent performing 0 L2C puts;
    0 nanoseconds spent performing 0 L2C hits;
    0 nanoseconds spent performing 0 L2C misses;
    0 nanoseconds spent executing 0 flushes (flushing a total of 0 entities and 0 collections);
    0 nanoseconds spent executing 0 partial-flushes (flushing a total of 0 entities and 0 collections)
}
&amp#27;[2m2025-05-11T11:17:47.155-03:00&amp#27;[0;39m &amp#27;[32mDEBUG&amp#27;[0;39m &amp#27;[35m16907&amp#27;[0;39m &amp#27;[2m---&amp#27;[0;39m &amp#27;[2m[           main]&amp#27;[0;39m &amp#27;[2m&amp#27;[0;39m&amp#27;[36morg.hibernate.SQL                       &amp#27;[0;39m &amp#27;[2m:&amp#27;[0;39m 
    select
        seq_delito.nextval 
    from
        dual
Hibernate: 
    select
        seq_delito.nextval 
    from
        dual
&amp#27;[2m2025-05-11T11:17:47.156-03:00&amp#27;[0;39m &amp#27;[32mDEBUG&amp#27;[0;39m &amp#27;[35m16907&amp#27;[0;39m &amp#27;[2m---&amp#27;[0;39m &amp#27;[2m[           main]&amp#27;[0;39m &amp#27;[2m&amp#27;[0;39m&amp#27;[36morg.hibernate.SQL                       &amp#27;[0;39m &amp#27;[2m:&amp#27;[0;39m 
    /* insert for
        com.cufre.expedientes.model.Delito */insert 
    into
        delito (actualizado_en, codigo_penal, creado_en, descripcion, nombre, pena_maxima, pena_minima, tipo_pena, valoracion, id) 
    values
        (?, ?, ?, ?, ?, ?, ?, ?, ?, ?)
Hibernate: 
    /* insert for
        com.cufre.expedientes.model.Delito */insert 
    into
        delito (actualizado_en, codigo_penal, creado_en, descripcion, nombre, pena_maxima, pena_minima, tipo_pena, valoracion, id) 
    values
        (?, ?, ?, ?, ?, ?, ?, ?, ?, ?)
&amp#27;[2m2025-05-11T11:17:47.157-03:00&amp#27;[0;39m &amp#27;[32m INFO&amp#27;[0;39m &amp#27;[35m16907&amp#27;[0;39m &amp#27;[2m---&amp#27;[0;39m &amp#27;[2m[           main]&amp#27;[0;39m &amp#27;[2m&amp#27;[0;39m&amp#27;[36mi.StatisticalLoggingSessionEventListener&amp#27;[0;39m &amp#27;[2m:&amp#27;[0;39m Session Metrics {
    3333 nanoseconds spent acquiring 1 JDBC connections;
    0 nanoseconds spent releasing 0 JDBC connections;
    11875 nanoseconds spent preparing 2 JDBC statements;
    309833 nanoseconds spent executing 1 JDBC statements;
    436292 nanoseconds spent executing 1 JDBC batches;
    0 nanoseconds spent performing 0 L2C puts;
    0 nanoseconds spent performing 0 L2C hits;
    0 nanoseconds spent performing 0 L2C misses;
    734959 nanoseconds spent executing 1 flushes (flushing a total of 1 entities and 1 collections);
    0 nanoseconds spent executing 0 partial-flushes (flushing a total of 0 entities and 0 collections)
}
&amp#27;[2m2025-05-11T11:17:47.158-03:00&amp#27;[0;39m &amp#27;[32mDEBUG&amp#27;[0;39m &amp#27;[35m16907&amp#27;[0;39m &amp#27;[2m---&amp#27;[0;39m &amp#27;[2m[           main]&amp#27;[0;39m &amp#27;[2m&amp#27;[0;39m&amp#27;[36morg.hibernate.SQL                       &amp#27;[0;39m &amp#27;[2m:&amp#27;[0;39m 
    /* <criteria> */ select
        d1_0.id,
        d1_0.actualizado_en,
        d1_0.codigo_penal,
        d1_0.creado_en,
        d1_0.descripcion,
        d1_0.nombre,
        d1_0.pena_maxima,
        d1_0.pena_minima,
        d1_0.tipo_pena,
        d1_0.valoracion 
    from
        delito d1_0 
    where
        upper(d1_0.nombre) like upper(?) escape '\'
Hibernate: 
    /* <criteria> */ select
        d1_0.id,
        d1_0.actualizado_en,
        d1_0.codigo_penal,
        d1_0.creado_en,
        d1_0.descripcion,
        d1_0.nombre,
        d1_0.pena_maxima,
        d1_0.pena_minima,
        d1_0.tipo_pena,
        d1_0.valoracion 
    from
        delito d1_0 
    where
        upper(d1_0.nombre) like upper(?) escape '\'
&amp#27;[2m2025-05-11T11:17:47.159-03:00&amp#27;[0;39m &amp#27;[32m INFO&amp#27;[0;39m &amp#27;[35m16907&amp#27;[0;39m &amp#27;[2m---&amp#27;[0;39m &amp#27;[2m[           main]&amp#27;[0;39m &amp#27;[2m&amp#27;[0;39m&amp#27;[36mi.StatisticalLoggingSessionEventListener&amp#27;[0;39m &amp#27;[2m:&amp#27;[0;39m Session Metrics {
    4833 nanoseconds spent acquiring 1 JDBC connections;
    0 nanoseconds spent releasing 0 JDBC connections;
    15334 nanoseconds spent preparing 1 JDBC statements;
    968542 nanoseconds spent executing 1 JDBC statements;
    0 nanoseconds spent executing 0 JDBC batches;
    0 nanoseconds spent performing 0 L2C puts;
    0 nanoseconds spent performing 0 L2C hits;
    0 nanoseconds spent performing 0 L2C misses;
    0 nanoseconds spent executing 0 flushes (flushing a total of 0 entities and 0 collections);
    0 nanoseconds spent executing 0 partial-flushes (flushing a total of 0 entities and 0 collections)
}
&amp#27;[2m2025-05-11T11:17:47.159-03:00&amp#27;[0;39m &amp#27;[32mDEBUG&amp#27;[0;39m &amp#27;[35m16907&amp#27;[0;39m &amp#27;[2m---&amp#27;[0;39m &amp#27;[2m[           main]&amp#27;[0;39m &amp#27;[2m&amp#27;[0;39m&amp#27;[36morg.hibernate.SQL                       &amp#27;[0;39m &amp#27;[2m:&amp#27;[0;39m 
    select
        seq_delito.nextval 
    from
        dual
Hibernate: 
    select
        seq_delito.nextval 
    from
        dual
&amp#27;[2m2025-05-11T11:17:47.160-03:00&amp#27;[0;39m &amp#27;[32mDEBUG&amp#27;[0;39m &amp#27;[35m16907&amp#27;[0;39m &amp#27;[2m---&amp#27;[0;39m &amp#27;[2m[           main]&amp#27;[0;39m &amp#27;[2m&amp#27;[0;39m&amp#27;[36morg.hibernate.SQL                       &amp#27;[0;39m &amp#27;[2m:&amp#27;[0;39m 
    /* insert for
        com.cufre.expedientes.model.Delito */insert 
    into
        delito (actualizado_en, codigo_penal, creado_en, descripcion, nombre, pena_maxima, pena_minima, tipo_pena, valoracion, id) 
    values
        (?, ?, ?, ?, ?, ?, ?, ?, ?, ?)
Hibernate: 
    /* insert for
        com.cufre.expedientes.model.Delito */insert 
    into
        delito (actualizado_en, codigo_penal, creado_en, descripcion, nombre, pena_maxima, pena_minima, tipo_pena, valoracion, id) 
    values
        (?, ?, ?, ?, ?, ?, ?, ?, ?, ?)
&amp#27;[2m2025-05-11T11:17:47.161-03:00&amp#27;[0;39m &amp#27;[32m INFO&amp#27;[0;39m &amp#27;[35m16907&amp#27;[0;39m &amp#27;[2m---&amp#27;[0;39m &amp#27;[2m[           main]&amp#27;[0;39m &amp#27;[2m&amp#27;[0;39m&amp#27;[36mi.StatisticalLoggingSessionEventListener&amp#27;[0;39m &amp#27;[2m:&amp#27;[0;39m Session Metrics {
    3834 nanoseconds spent acquiring 1 JDBC connections;
    0 nanoseconds spent releasing 0 JDBC connections;
    12876 nanoseconds spent preparing 2 JDBC statements;
    342000 nanoseconds spent executing 1 JDBC statements;
    409334 nanoseconds spent executing 1 JDBC batches;
    0 nanoseconds spent performing 0 L2C puts;
    0 nanoseconds spent performing 0 L2C hits;
    0 nanoseconds spent performing 0 L2C misses;
    725416 nanoseconds spent executing 1 flushes (flushing a total of 1 entities and 1 collections);
    0 nanoseconds spent executing 0 partial-flushes (flushing a total of 0 entities and 0 collections)
}
&amp#27;[2m2025-05-11T11:17:47.161-03:00&amp#27;[0;39m &amp#27;[32mDEBUG&amp#27;[0;39m &amp#27;[35m16907&amp#27;[0;39m &amp#27;[2m---&amp#27;[0;39m &amp#27;[2m[           main]&amp#27;[0;39m &amp#27;[2m&amp#27;[0;39m&amp#27;[36morg.hibernate.SQL                       &amp#27;[0;39m &amp#27;[2m:&amp#27;[0;39m 
    /* <criteria> */ select
        d1_0.id,
        d1_0.actualizado_en,
        d1_0.codigo_penal,
        d1_0.creado_en,
        d1_0.descripcion,
        d1_0.nombre,
        d1_0.pena_maxima,
        d1_0.pena_minima,
        d1_0.tipo_pena,
        d1_0.valoracion 
    from
        delito d1_0 
    where
        upper(d1_0.nombre) like upper(?) escape '\'
Hibernate: 
    /* <criteria> */ select
        d1_0.id,
        d1_0.actualizado_en,
        d1_0.codigo_penal,
        d1_0.creado_en,
        d1_0.descripcion,
        d1_0.nombre,
        d1_0.pena_maxima,
        d1_0.pena_minima,
        d1_0.tipo_pena,
        d1_0.valoracion 
    from
        delito d1_0 
    where
        upper(d1_0.nombre) like upper(?) escape '\'
&amp#27;[2m2025-05-11T11:17:47.162-03:00&amp#27;[0;39m &amp#27;[32m INFO&amp#27;[0;39m &amp#27;[35m16907&amp#27;[0;39m &amp#27;[2m---&amp#27;[0;39m &amp#27;[2m[           main]&amp#27;[0;39m &amp#27;[2m&amp#27;[0;39m&amp#27;[36mi.StatisticalLoggingSessionEventListener&amp#27;[0;39m &amp#27;[2m:&amp#27;[0;39m Session Metrics {
    4500 nanoseconds spent acquiring 1 JDBC connections;
    0 nanoseconds spent releasing 0 JDBC connections;
    14042 nanoseconds spent preparing 1 JDBC statements;
    976041 nanoseconds spent executing 1 JDBC statements;
    0 nanoseconds spent executing 0 JDBC batches;
    0 nanoseconds spent performing 0 L2C puts;
    0 nanoseconds spent performing 0 L2C hits;
    0 nanoseconds spent performing 0 L2C misses;
    0 nanoseconds spent executing 0 flushes (flushing a total of 0 entities and 0 collections);
    0 nanoseconds spent executing 0 partial-flushes (flushing a total of 0 entities and 0 collections)
}
&amp#27;[2m2025-05-11T11:17:47.163-03:00&amp#27;[0;39m &amp#27;[32mDEBUG&amp#27;[0;39m &amp#27;[35m16907&amp#27;[0;39m &amp#27;[2m---&amp#27;[0;39m &amp#27;[2m[           main]&amp#27;[0;39m &amp#27;[2m&amp#27;[0;39m&amp#27;[36morg.hibernate.SQL                       &amp#27;[0;39m &amp#27;[2m:&amp#27;[0;39m 
    select
        seq_delito.nextval 
    from
        dual
Hibernate: 
    select
        seq_delito.nextval 
    from
        dual
&amp#27;[2m2025-05-11T11:17:47.164-03:00&amp#27;[0;39m &amp#27;[32mDEBUG&amp#27;[0;39m &amp#27;[35m16907&amp#27;[0;39m &amp#27;[2m---&amp#27;[0;39m &amp#27;[2m[           main]&amp#27;[0;39m &amp#27;[2m&amp#27;[0;39m&amp#27;[36morg.hibernate.SQL                       &amp#27;[0;39m &amp#27;[2m:&amp#27;[0;39m 
    /* insert for
        com.cufre.expedientes.model.Delito */insert 
    into
        delito (actualizado_en, codigo_penal, creado_en, descripcion, nombre, pena_maxima, pena_minima, tipo_pena, valoracion, id) 
    values
        (?, ?, ?, ?, ?, ?, ?, ?, ?, ?)
Hibernate: 
    /* insert for
        com.cufre.expedientes.model.Delito */insert 
    into
        delito (actualizado_en, codigo_penal, creado_en, descripcion, nombre, pena_maxima, pena_minima, tipo_pena, valoracion, id) 
    values
        (?, ?, ?, ?, ?, ?, ?, ?, ?, ?)
&amp#27;[2m2025-05-11T11:17:47.165-03:00&amp#27;[0;39m &amp#27;[32m INFO&amp#27;[0;39m &amp#27;[35m16907&amp#27;[0;39m &amp#27;[2m---&amp#27;[0;39m &amp#27;[2m[           main]&amp#27;[0;39m &amp#27;[2m&amp#27;[0;39m&amp#27;[36mi.StatisticalLoggingSessionEventListener&amp#27;[0;39m &amp#27;[2m:&amp#27;[0;39m Session Metrics {
    2583 nanoseconds spent acquiring 1 JDBC connections;
    0 nanoseconds spent releasing 0 JDBC connections;
    11750 nanoseconds spent preparing 2 JDBC statements;
    447917 nanoseconds spent executing 1 JDBC statements;
    603958 nanoseconds spent executing 1 JDBC batches;
    0 nanoseconds spent performing 0 L2C puts;
    0 nanoseconds spent performing 0 L2C hits;
    0 nanoseconds spent performing 0 L2C misses;
    1045458 nanoseconds spent executing 1 flushes (flushing a total of 1 entities and 1 collections);
    0 nanoseconds spent executing 0 partial-flushes (flushing a total of 0 entities and 0 collections)
}
&amp#27;[2m2025-05-11T11:17:47.166-03:00&amp#27;[0;39m &amp#27;[32mDEBUG&amp#27;[0;39m &amp#27;[35m16907&amp#27;[0;39m &amp#27;[2m---&amp#27;[0;39m &amp#27;[2m[           main]&amp#27;[0;39m &amp#27;[2m&amp#27;[0;39m&amp#27;[36morg.hibernate.SQL                       &amp#27;[0;39m &amp#27;[2m:&amp#27;[0;39m 
    /* <criteria> */ select
        d1_0.id,
        d1_0.actualizado_en,
        d1_0.codigo_penal,
        d1_0.creado_en,
        d1_0.descripcion,
        d1_0.nombre,
        d1_0.pena_maxima,
        d1_0.pena_minima,
        d1_0.tipo_pena,
        d1_0.valoracion 
    from
        delito d1_0 
    where
        upper(d1_0.nombre) like upper(?) escape '\'
Hibernate: 
    /* <criteria> */ select
        d1_0.id,
        d1_0.actualizado_en,
        d1_0.codigo_penal,
        d1_0.creado_en,
        d1_0.descripcion,
        d1_0.nombre,
        d1_0.pena_maxima,
        d1_0.pena_minima,
        d1_0.tipo_pena,
        d1_0.valoracion 
    from
        delito d1_0 
    where
        upper(d1_0.nombre) like upper(?) escape '\'
&amp#27;[2m2025-05-11T11:17:47.167-03:00&amp#27;[0;39m &amp#27;[32m INFO&amp#27;[0;39m &amp#27;[35m16907&amp#27;[0;39m &amp#27;[2m---&amp#27;[0;39m &amp#27;[2m[           main]&amp#27;[0;39m &amp#27;[2m&amp#27;[0;39m&amp#27;[36mi.StatisticalLoggingSessionEventListener&amp#27;[0;39m &amp#27;[2m:&amp#27;[0;39m Session Metrics {
    8083 nanoseconds spent acquiring 1 JDBC connections;
    0 nanoseconds spent releasing 0 JDBC connections;
    22792 nanoseconds spent preparing 1 JDBC statements;
    1024125 nanoseconds spent executing 1 JDBC statements;
    0 nanoseconds spent executing 0 JDBC batches;
    0 nanoseconds spent performing 0 L2C puts;
    0 nanoseconds spent performing 0 L2C hits;
    0 nanoseconds spent performing 0 L2C misses;
    0 nanoseconds spent executing 0 flushes (flushing a total of 0 entities and 0 collections);
    0 nanoseconds spent executing 0 partial-flushes (flushing a total of 0 entities and 0 collections)
}
&amp#27;[2m2025-05-11T11:17:47.167-03:00&amp#27;[0;39m &amp#27;[32mDEBUG&amp#27;[0;39m &amp#27;[35m16907&amp#27;[0;39m &amp#27;[2m---&amp#27;[0;39m &amp#27;[2m[           main]&amp#27;[0;39m &amp#27;[2m&amp#27;[0;39m&amp#27;[36morg.hibernate.SQL                       &amp#27;[0;39m &amp#27;[2m:&amp#27;[0;39m 
    select
        seq_delito.nextval 
    from
        dual
Hibernate: 
    select
        seq_delito.nextval 
    from
        dual
&amp#27;[2m2025-05-11T11:17:47.168-03:00&amp#27;[0;39m &amp#27;[32mDEBUG&amp#27;[0;39m &amp#27;[35m16907&amp#27;[0;39m &amp#27;[2m---&amp#27;[0;39m &amp#27;[2m[           main]&amp#27;[0;39m &amp#27;[2m&amp#27;[0;39m&amp#27;[36morg.hibernate.SQL                       &amp#27;[0;39m &amp#27;[2m:&amp#27;[0;39m 
    /* insert for
        com.cufre.expedientes.model.Delito */insert 
    into
        delito (actualizado_en, codigo_penal, creado_en, descripcion, nombre, pena_maxima, pena_minima, tipo_pena, valoracion, id) 
    values
        (?, ?, ?, ?, ?, ?, ?, ?, ?, ?)
Hibernate: 
    /* insert for
        com.cufre.expedientes.model.Delito */insert 
    into
        delito (actualizado_en, codigo_penal, creado_en, descripcion, nombre, pena_maxima, pena_minima, tipo_pena, valoracion, id) 
    values
        (?, ?, ?, ?, ?, ?, ?, ?, ?, ?)
&amp#27;[2m2025-05-11T11:17:47.169-03:00&amp#27;[0;39m &amp#27;[32m INFO&amp#27;[0;39m &amp#27;[35m16907&amp#27;[0;39m &amp#27;[2m---&amp#27;[0;39m &amp#27;[2m[           main]&amp#27;[0;39m &amp#27;[2m&amp#27;[0;39m&amp#27;[36mi.StatisticalLoggingSessionEventListener&amp#27;[0;39m &amp#27;[2m:&amp#27;[0;39m Session Metrics {
    3500 nanoseconds spent acquiring 1 JDBC connections;
    0 nanoseconds spent releasing 0 JDBC connections;
    14875 nanoseconds spent preparing 2 JDBC statements;
    322709 nanoseconds spent executing 1 JDBC statements;
    469375 nanoseconds spent executing 1 JDBC batches;
    0 nanoseconds spent performing 0 L2C puts;
    0 nanoseconds spent performing 0 L2C hits;
    0 nanoseconds spent performing 0 L2C misses;
    866875 nanoseconds spent executing 1 flushes (flushing a total of 1 entities and 1 collections);
    0 nanoseconds spent executing 0 partial-flushes (flushing a total of 0 entities and 0 collections)
}
&amp#27;[2m2025-05-11T11:17:47.170-03:00&amp#27;[0;39m &amp#27;[32mDEBUG&amp#27;[0;39m &amp#27;[35m16907&amp#27;[0;39m &amp#27;[2m---&amp#27;[0;39m &amp#27;[2m[           main]&amp#27;[0;39m &amp#27;[2m&amp#27;[0;39m&amp#27;[36morg.hibernate.SQL                       &amp#27;[0;39m &amp#27;[2m:&amp#27;[0;39m 
    /* <criteria> */ select
        d1_0.id,
        d1_0.actualizado_en,
        d1_0.codigo_penal,
        d1_0.creado_en,
        d1_0.descripcion,
        d1_0.nombre,
        d1_0.pena_maxima,
        d1_0.pena_minima,
        d1_0.tipo_pena,
        d1_0.valoracion 
    from
        delito d1_0 
    where
        upper(d1_0.nombre) like upper(?) escape '\'
Hibernate: 
    /* <criteria> */ select
        d1_0.id,
        d1_0.actualizado_en,
        d1_0.codigo_penal,
        d1_0.creado_en,
        d1_0.descripcion,
        d1_0.nombre,
        d1_0.pena_maxima,
        d1_0.pena_minima,
        d1_0.tipo_pena,
        d1_0.valoracion 
    from
        delito d1_0 
    where
        upper(d1_0.nombre) like upper(?) escape '\'
&amp#27;[2m2025-05-11T11:17:47.171-03:00&amp#27;[0;39m &amp#27;[32m INFO&amp#27;[0;39m &amp#27;[35m16907&amp#27;[0;39m &amp#27;[2m---&amp#27;[0;39m &amp#27;[2m[           main]&amp#27;[0;39m &amp#27;[2m&amp#27;[0;39m&amp#27;[36mi.StatisticalLoggingSessionEventListener&amp#27;[0;39m &amp#27;[2m:&amp#27;[0;39m Session Metrics {
    5125 nanoseconds spent acquiring 1 JDBC connections;
    0 nanoseconds spent releasing 0 JDBC connections;
    13542 nanoseconds spent preparing 1 JDBC statements;
    883541 nanoseconds spent executing 1 JDBC statements;
    0 nanoseconds spent executing 0 JDBC batches;
    0 nanoseconds spent performing 0 L2C puts;
    0 nanoseconds spent performing 0 L2C hits;
    0 nanoseconds spent performing 0 L2C misses;
    0 nanoseconds spent executing 0 flushes (flushing a total of 0 entities and 0 collections);
    0 nanoseconds spent executing 0 partial-flushes (flushing a total of 0 entities and 0 collections)
}
&amp#27;[2m2025-05-11T11:17:47.171-03:00&amp#27;[0;39m &amp#27;[32mDEBUG&amp#27;[0;39m &amp#27;[35m16907&amp#27;[0;39m &amp#27;[2m---&amp#27;[0;39m &amp#27;[2m[           main]&amp#27;[0;39m &amp#27;[2m&amp#27;[0;39m&amp#27;[36morg.hibernate.SQL                       &amp#27;[0;39m &amp#27;[2m:&amp#27;[0;39m 
    select
        seq_delito.nextval 
    from
        dual
Hibernate: 
    select
        seq_delito.nextval 
    from
        dual
&amp#27;[2m2025-05-11T11:17:47.172-03:00&amp#27;[0;39m &amp#27;[32mDEBUG&amp#27;[0;39m &amp#27;[35m16907&amp#27;[0;39m &amp#27;[2m---&amp#27;[0;39m &amp#27;[2m[           main]&amp#27;[0;39m &amp#27;[2m&amp#27;[0;39m&amp#27;[36morg.hibernate.SQL                       &amp#27;[0;39m &amp#27;[2m:&amp#27;[0;39m 
    /* insert for
        com.cufre.expedientes.model.Delito */insert 
    into
        delito (actualizado_en, codigo_penal, creado_en, descripcion, nombre, pena_maxima, pena_minima, tipo_pena, valoracion, id) 
    values
        (?, ?, ?, ?, ?, ?, ?, ?, ?, ?)
Hibernate: 
    /* insert for
        com.cufre.expedientes.model.Delito */insert 
    into
        delito (actualizado_en, codigo_penal, creado_en, descripcion, nombre, pena_maxima, pena_minima, tipo_pena, valoracion, id) 
    values
        (?, ?, ?, ?, ?, ?, ?, ?, ?, ?)
&amp#27;[2m2025-05-11T11:17:47.173-03:00&amp#27;[0;39m &amp#27;[32m INFO&amp#27;[0;39m &amp#27;[35m16907&amp#27;[0;39m &amp#27;[2m---&amp#27;[0;39m &amp#27;[2m[           main]&amp#27;[0;39m &amp#27;[2m&amp#27;[0;39m&amp#27;[36mi.StatisticalLoggingSessionEventListener&amp#27;[0;39m &amp#27;[2m:&amp#27;[0;39m Session Metrics {
    3875 nanoseconds spent acquiring 1 JDBC connections;
    0 nanoseconds spent releasing 0 JDBC connections;
    13583 nanoseconds spent preparing 2 JDBC statements;
    310250 nanoseconds spent executing 1 JDBC statements;
    348125 nanoseconds spent executing 1 JDBC batches;
    0 nanoseconds spent performing 0 L2C puts;
    0 nanoseconds spent performing 0 L2C hits;
    0 nanoseconds spent performing 0 L2C misses;
    652542 nanoseconds spent executing 1 flushes (flushing a total of 1 entities and 1 collections);
    0 nanoseconds spent executing 0 partial-flushes (flushing a total of 0 entities and 0 collections)
}
&amp#27;[2m2025-05-11T11:17:47.173-03:00&amp#27;[0;39m &amp#27;[32mDEBUG&amp#27;[0;39m &amp#27;[35m16907&amp#27;[0;39m &amp#27;[2m---&amp#27;[0;39m &amp#27;[2m[           main]&amp#27;[0;39m &amp#27;[2m&amp#27;[0;39m&amp#27;[36morg.hibernate.SQL                       &amp#27;[0;39m &amp#27;[2m:&amp#27;[0;39m 
    /* <criteria> */ select
        d1_0.id,
        d1_0.actualizado_en,
        d1_0.codigo_penal,
        d1_0.creado_en,
        d1_0.descripcion,
        d1_0.nombre,
        d1_0.pena_maxima,
        d1_0.pena_minima,
        d1_0.tipo_pena,
        d1_0.valoracion 
    from
        delito d1_0 
    where
        upper(d1_0.nombre) like upper(?) escape '\'
Hibernate: 
    /* <criteria> */ select
        d1_0.id,
        d1_0.actualizado_en,
        d1_0.codigo_penal,
        d1_0.creado_en,
        d1_0.descripcion,
        d1_0.nombre,
        d1_0.pena_maxima,
        d1_0.pena_minima,
        d1_0.tipo_pena,
        d1_0.valoracion 
    from
        delito d1_0 
    where
        upper(d1_0.nombre) like upper(?) escape '\'
&amp#27;[2m2025-05-11T11:17:47.174-03:00&amp#27;[0;39m &amp#27;[32m INFO&amp#27;[0;39m &amp#27;[35m16907&amp#27;[0;39m &amp#27;[2m---&amp#27;[0;39m &amp#27;[2m[           main]&amp#27;[0;39m &amp#27;[2m&amp#27;[0;39m&amp#27;[36mi.StatisticalLoggingSessionEventListener&amp#27;[0;39m &amp#27;[2m:&amp#27;[0;39m Session Metrics {
    5334 nanoseconds spent acquiring 1 JDBC connections;
    0 nanoseconds spent releasing 0 JDBC connections;
    14250 nanoseconds spent preparing 1 JDBC statements;
    826792 nanoseconds spent executing 1 JDBC statements;
    0 nanoseconds spent executing 0 JDBC batches;
    0 nanoseconds spent performing 0 L2C puts;
    0 nanoseconds spent performing 0 L2C hits;
    0 nanoseconds spent performing 0 L2C misses;
    0 nanoseconds spent executing 0 flushes (flushing a total of 0 entities and 0 collections);
    0 nanoseconds spent executing 0 partial-flushes (flushing a total of 0 entities and 0 collections)
}
&amp#27;[2m2025-05-11T11:17:47.174-03:00&amp#27;[0;39m &amp#27;[32mDEBUG&amp#27;[0;39m &amp#27;[35m16907&amp#27;[0;39m &amp#27;[2m---&amp#27;[0;39m &amp#27;[2m[           main]&amp#27;[0;39m &amp#27;[2m&amp#27;[0;39m&amp#27;[36morg.hibernate.SQL                       &amp#27;[0;39m &amp#27;[2m:&amp#27;[0;39m 
    select
        seq_delito.nextval 
    from
        dual
Hibernate: 
    select
        seq_delito.nextval 
    from
        dual
&amp#27;[2m2025-05-11T11:17:47.175-03:00&amp#27;[0;39m &amp#27;[32mDEBUG&amp#27;[0;39m &amp#27;[35m16907&amp#27;[0;39m &amp#27;[2m---&amp#27;[0;39m &amp#27;[2m[           main]&amp#27;[0;39m &amp#27;[2m&amp#27;[0;39m&amp#27;[36morg.hibernate.SQL                       &amp#27;[0;39m &amp#27;[2m:&amp#27;[0;39m 
    /* insert for
        com.cufre.expedientes.model.Delito */insert 
    into
        delito (actualizado_en, codigo_penal, creado_en, descripcion, nombre, pena_maxima, pena_minima, tipo_pena, valoracion, id) 
    values
        (?, ?, ?, ?, ?, ?, ?, ?, ?, ?)
Hibernate: 
    /* insert for
        com.cufre.expedientes.model.Delito */insert 
    into
        delito (actualizado_en, codigo_penal, creado_en, descripcion, nombre, pena_maxima, pena_minima, tipo_pena, valoracion, id) 
    values
        (?, ?, ?, ?, ?, ?, ?, ?, ?, ?)
&amp#27;[2m2025-05-11T11:17:47.176-03:00&amp#27;[0;39m &amp#27;[32m INFO&amp#27;[0;39m &amp#27;[35m16907&amp#27;[0;39m &amp#27;[2m---&amp#27;[0;39m &amp#27;[2m[           main]&amp#27;[0;39m &amp#27;[2m&amp#27;[0;39m&amp#27;[36mi.StatisticalLoggingSessionEventListener&amp#27;[0;39m &amp#27;[2m:&amp#27;[0;39m Session Metrics {
    3125 nanoseconds spent acquiring 1 JDBC connections;
    0 nanoseconds spent releasing 0 JDBC connections;
    9624 nanoseconds spent preparing 2 JDBC statements;
    236416 nanoseconds spent executing 1 JDBC statements;
    344041 nanoseconds spent executing 1 JDBC batches;
    0 nanoseconds spent performing 0 L2C puts;
    0 nanoseconds spent performing 0 L2C hits;
    0 nanoseconds spent performing 0 L2C misses;
    635125 nanoseconds spent executing 1 flushes (flushing a total of 1 entities and 1 collections);
    0 nanoseconds spent executing 0 partial-flushes (flushing a total of 0 entities and 0 collections)
}
&amp#27;[2m2025-05-11T11:17:47.177-03:00&amp#27;[0;39m &amp#27;[32mDEBUG&amp#27;[0;39m &amp#27;[35m16907&amp#27;[0;39m &amp#27;[2m---&amp#27;[0;39m &amp#27;[2m[           main]&amp#27;[0;39m &amp#27;[2m&amp#27;[0;39m&amp#27;[36morg.hibernate.SQL                       &amp#27;[0;39m &amp#27;[2m:&amp#27;[0;39m 
    /* <criteria> */ select
        d1_0.id,
        d1_0.actualizado_en,
        d1_0.codigo_penal,
        d1_0.creado_en,
        d1_0.descripcion,
        d1_0.nombre,
        d1_0.pena_maxima,
        d1_0.pena_minima,
        d1_0.tipo_pena,
        d1_0.valoracion 
    from
        delito d1_0 
    where
        upper(d1_0.nombre) like upper(?) escape '\'
Hibernate: 
    /* <criteria> */ select
        d1_0.id,
        d1_0.actualizado_en,
        d1_0.codigo_penal,
        d1_0.creado_en,
        d1_0.descripcion,
        d1_0.nombre,
        d1_0.pena_maxima,
        d1_0.pena_minima,
        d1_0.tipo_pena,
        d1_0.valoracion 
    from
        delito d1_0 
    where
        upper(d1_0.nombre) like upper(?) escape '\'
&amp#27;[2m2025-05-11T11:17:47.178-03:00&amp#27;[0;39m &amp#27;[32m INFO&amp#27;[0;39m &amp#27;[35m16907&amp#27;[0;39m &amp#27;[2m---&amp#27;[0;39m &amp#27;[2m[           main]&amp#27;[0;39m &amp#27;[2m&amp#27;[0;39m&amp#27;[36mi.StatisticalLoggingSessionEventListener&amp#27;[0;39m &amp#27;[2m:&amp#27;[0;39m Session Metrics {
    8166 nanoseconds spent acquiring 1 JDBC connections;
    0 nanoseconds spent releasing 0 JDBC connections;
    17416 nanoseconds spent preparing 1 JDBC statements;
    893916 nanoseconds spent executing 1 JDBC statements;
    0 nanoseconds spent executing 0 JDBC batches;
    0 nanoseconds spent performing 0 L2C puts;
    0 nanoseconds spent performing 0 L2C hits;
    0 nanoseconds spent performing 0 L2C misses;
    0 nanoseconds spent executing 0 flushes (flushing a total of 0 entities and 0 collections);
    0 nanoseconds spent executing 0 partial-flushes (flushing a total of 0 entities and 0 collections)
}
&amp#27;[2m2025-05-11T11:17:47.178-03:00&amp#27;[0;39m &amp#27;[32mDEBUG&amp#27;[0;39m &amp#27;[35m16907&amp#27;[0;39m &amp#27;[2m---&amp#27;[0;39m &amp#27;[2m[           main]&amp#27;[0;39m &amp#27;[2m&amp#27;[0;39m&amp#27;[36morg.hibernate.SQL                       &amp#27;[0;39m &amp#27;[2m:&amp#27;[0;39m 
    select
        seq_delito.nextval 
    from
        dual
Hibernate: 
    select
        seq_delito.nextval 
    from
        dual
&amp#27;[2m2025-05-11T11:17:47.178-03:00&amp#27;[0;39m &amp#27;[32mDEBUG&amp#27;[0;39m &amp#27;[35m16907&amp#27;[0;39m &amp#27;[2m---&amp#27;[0;39m &amp#27;[2m[           main]&amp#27;[0;39m &amp#27;[2m&amp#27;[0;39m&amp#27;[36morg.hibernate.SQL                       &amp#27;[0;39m &amp#27;[2m:&amp#27;[0;39m 
    /* insert for
        com.cufre.expedientes.model.Delito */insert 
    into
        delito (actualizado_en, codigo_penal, creado_en, descripcion, nombre, pena_maxima, pena_minima, tipo_pena, valoracion, id) 
    values
        (?, ?, ?, ?, ?, ?, ?, ?, ?, ?)
Hibernate: 
    /* insert for
        com.cufre.expedientes.model.Delito */insert 
    into
        delito (actualizado_en, codigo_penal, creado_en, descripcion, nombre, pena_maxima, pena_minima, tipo_pena, valoracion, id) 
    values
        (?, ?, ?, ?, ?, ?, ?, ?, ?, ?)
&amp#27;[2m2025-05-11T11:17:47.179-03:00&amp#27;[0;39m &amp#27;[32m INFO&amp#27;[0;39m &amp#27;[35m16907&amp#27;[0;39m &amp#27;[2m---&amp#27;[0;39m &amp#27;[2m[           main]&amp#27;[0;39m &amp#27;[2m&amp#27;[0;39m&amp#27;[36mi.StatisticalLoggingSessionEventListener&amp#27;[0;39m &amp#27;[2m:&amp#27;[0;39m Session Metrics {
    3083 nanoseconds spent acquiring 1 JDBC connections;
    0 nanoseconds spent releasing 0 JDBC connections;
    9125 nanoseconds spent preparing 2 JDBC statements;
    250792 nanoseconds spent executing 1 JDBC statements;
    404750 nanoseconds spent executing 1 JDBC batches;
    0 nanoseconds spent performing 0 L2C puts;
    0 nanoseconds spent performing 0 L2C hits;
    0 nanoseconds spent performing 0 L2C misses;
    681250 nanoseconds spent executing 1 flushes (flushing a total of 1 entities and 1 collections);
    0 nanoseconds spent executing 0 partial-flushes (flushing a total of 0 entities and 0 collections)
}
&amp#27;[2m2025-05-11T11:17:47.180-03:00&amp#27;[0;39m &amp#27;[32mDEBUG&amp#27;[0;39m &amp#27;[35m16907&amp#27;[0;39m &amp#27;[2m---&amp#27;[0;39m &amp#27;[2m[           main]&amp#27;[0;39m &amp#27;[2m&amp#27;[0;39m&amp#27;[36morg.hibernate.SQL                       &amp#27;[0;39m &amp#27;[2m:&amp#27;[0;39m 
    /* <criteria> */ select
        d1_0.id,
        d1_0.actualizado_en,
        d1_0.codigo_penal,
        d1_0.creado_en,
        d1_0.descripcion,
        d1_0.nombre,
        d1_0.pena_maxima,
        d1_0.pena_minima,
        d1_0.tipo_pena,
        d1_0.valoracion 
    from
        delito d1_0 
    where
        upper(d1_0.nombre) like upper(?) escape '\'
Hibernate: 
    /* <criteria> */ select
        d1_0.id,
        d1_0.actualizado_en,
        d1_0.codigo_penal,
        d1_0.creado_en,
        d1_0.descripcion,
        d1_0.nombre,
        d1_0.pena_maxima,
        d1_0.pena_minima,
        d1_0.tipo_pena,
        d1_0.valoracion 
    from
        delito d1_0 
    where
        upper(d1_0.nombre) like upper(?) escape '\'
&amp#27;[2m2025-05-11T11:17:47.181-03:00&amp#27;[0;39m &amp#27;[32m INFO&amp#27;[0;39m &amp#27;[35m16907&amp#27;[0;39m &amp#27;[2m---&amp#27;[0;39m &amp#27;[2m[           main]&amp#27;[0;39m &amp#27;[2m&amp#27;[0;39m&amp#27;[36mi.StatisticalLoggingSessionEventListener&amp#27;[0;39m &amp#27;[2m:&amp#27;[0;39m Session Metrics {
    5125 nanoseconds spent acquiring 1 JDBC connections;
    0 nanoseconds spent releasing 0 JDBC connections;
    14583 nanoseconds spent preparing 1 JDBC statements;
    1020542 nanoseconds spent executing 1 JDBC statements;
    0 nanoseconds spent executing 0 JDBC batches;
    0 nanoseconds spent performing 0 L2C puts;
    0 nanoseconds spent performing 0 L2C hits;
    0 nanoseconds spent performing 0 L2C misses;
    0 nanoseconds spent executing 0 flushes (flushing a total of 0 entities and 0 collections);
    0 nanoseconds spent executing 0 partial-flushes (flushing a total of 0 entities and 0 collections)
}
&amp#27;[2m2025-05-11T11:17:47.181-03:00&amp#27;[0;39m &amp#27;[32mDEBUG&amp#27;[0;39m &amp#27;[35m16907&amp#27;[0;39m &amp#27;[2m---&amp#27;[0;39m &amp#27;[2m[           main]&amp#27;[0;39m &amp#27;[2m&amp#27;[0;39m&amp#27;[36morg.hibernate.SQL                       &amp#27;[0;39m &amp#27;[2m:&amp#27;[0;39m 
    select
        seq_delito.nextval 
    from
        dual
Hibernate: 
    select
        seq_delito.nextval 
    from
        dual
&amp#27;[2m2025-05-11T11:17:47.182-03:00&amp#27;[0;39m &amp#27;[32mDEBUG&amp#27;[0;39m &amp#27;[35m16907&amp#27;[0;39m &amp#27;[2m---&amp#27;[0;39m &amp#27;[2m[           main]&amp#27;[0;39m &amp#27;[2m&amp#27;[0;39m&amp#27;[36morg.hibernate.SQL                       &amp#27;[0;39m &amp#27;[2m:&amp#27;[0;39m 
    /* insert for
        com.cufre.expedientes.model.Delito */insert 
    into
        delito (actualizado_en, codigo_penal, creado_en, descripcion, nombre, pena_maxima, pena_minima, tipo_pena, valoracion, id) 
    values
        (?, ?, ?, ?, ?, ?, ?, ?, ?, ?)
Hibernate: 
    /* insert for
        com.cufre.expedientes.model.Delito */insert 
    into
        delito (actualizado_en, codigo_penal, creado_en, descripcion, nombre, pena_maxima, pena_minima, tipo_pena, valoracion, id) 
    values
        (?, ?, ?, ?, ?, ?, ?, ?, ?, ?)
&amp#27;[2m2025-05-11T11:17:47.183-03:00&amp#27;[0;39m &amp#27;[32m INFO&amp#27;[0;39m &amp#27;[35m16907&amp#27;[0;39m &amp#27;[2m---&amp#27;[0;39m &amp#27;[2m[           main]&amp#27;[0;39m &amp#27;[2m&amp#27;[0;39m&amp#27;[36mi.StatisticalLoggingSessionEventListener&amp#27;[0;39m &amp#27;[2m:&amp#27;[0;39m Session Metrics {
    3084 nanoseconds spent acquiring 1 JDBC connections;
    0 nanoseconds spent releasing 0 JDBC connections;
    10250 nanoseconds spent preparing 2 JDBC statements;
    294208 nanoseconds spent executing 1 JDBC statements;
    377417 nanoseconds spent executing 1 JDBC batches;
    0 nanoseconds spent performing 0 L2C puts;
    0 nanoseconds spent performing 0 L2C hits;
    0 nanoseconds spent performing 0 L2C misses;
    645833 nanoseconds spent executing 1 flushes (flushing a total of 1 entities and 1 collections);
    0 nanoseconds spent executing 0 partial-flushes (flushing a total of 0 entities and 0 collections)
}
&amp#27;[2m2025-05-11T11:17:47.183-03:00&amp#27;[0;39m &amp#27;[32mDEBUG&amp#27;[0;39m &amp#27;[35m16907&amp#27;[0;39m &amp#27;[2m---&amp#27;[0;39m &amp#27;[2m[           main]&amp#27;[0;39m &amp#27;[2m&amp#27;[0;39m&amp#27;[36morg.hibernate.SQL                       &amp#27;[0;39m &amp#27;[2m:&amp#27;[0;39m 
    /* <criteria> */ select
        d1_0.id,
        d1_0.actualizado_en,
        d1_0.codigo_penal,
        d1_0.creado_en,
        d1_0.descripcion,
        d1_0.nombre,
        d1_0.pena_maxima,
        d1_0.pena_minima,
        d1_0.tipo_pena,
        d1_0.valoracion 
    from
        delito d1_0 
    where
        upper(d1_0.nombre) like upper(?) escape '\'
Hibernate: 
    /* <criteria> */ select
        d1_0.id,
        d1_0.actualizado_en,
        d1_0.codigo_penal,
        d1_0.creado_en,
        d1_0.descripcion,
        d1_0.nombre,
        d1_0.pena_maxima,
        d1_0.pena_minima,
        d1_0.tipo_pena,
        d1_0.valoracion 
    from
        delito d1_0 
    where
        upper(d1_0.nombre) like upper(?) escape '\'
&amp#27;[2m2025-05-11T11:17:47.184-03:00&amp#27;[0;39m &amp#27;[32m INFO&amp#27;[0;39m &amp#27;[35m16907&amp#27;[0;39m &amp#27;[2m---&amp#27;[0;39m &amp#27;[2m[           main]&amp#27;[0;39m &amp#27;[2m&amp#27;[0;39m&amp#27;[36mi.StatisticalLoggingSessionEventListener&amp#27;[0;39m &amp#27;[2m:&amp#27;[0;39m Session Metrics {
    5000 nanoseconds spent acquiring 1 JDBC connections;
    0 nanoseconds spent releasing 0 JDBC connections;
    14542 nanoseconds spent preparing 1 JDBC statements;
    956958 nanoseconds spent executing 1 JDBC statements;
    0 nanoseconds spent executing 0 JDBC batches;
    0 nanoseconds spent performing 0 L2C puts;
    0 nanoseconds spent performing 0 L2C hits;
    0 nanoseconds spent performing 0 L2C misses;
    0 nanoseconds spent executing 0 flushes (flushing a total of 0 entities and 0 collections);
    0 nanoseconds spent executing 0 partial-flushes (flushing a total of 0 entities and 0 collections)
}
&amp#27;[2m2025-05-11T11:17:47.185-03:00&amp#27;[0;39m &amp#27;[32mDEBUG&amp#27;[0;39m &amp#27;[35m16907&amp#27;[0;39m &amp#27;[2m---&amp#27;[0;39m &amp#27;[2m[           main]&amp#27;[0;39m &amp#27;[2m&amp#27;[0;39m&amp#27;[36morg.hibernate.SQL                       &amp#27;[0;39m &amp#27;[2m:&amp#27;[0;39m 
    select
        seq_delito.nextval 
    from
        dual
Hibernate: 
    select
        seq_delito.nextval 
    from
        dual
&amp#27;[2m2025-05-11T11:17:47.185-03:00&amp#27;[0;39m &amp#27;[32mDEBUG&amp#27;[0;39m &amp#27;[35m16907&amp#27;[0;39m &amp#27;[2m---&amp#27;[0;39m &amp#27;[2m[           main]&amp#27;[0;39m &amp#27;[2m&amp#27;[0;39m&amp#27;[36morg.hibernate.SQL                       &amp#27;[0;39m &amp#27;[2m:&amp#27;[0;39m 
    /* insert for
        com.cufre.expedientes.model.Delito */insert 
    into
        delito (actualizado_en, codigo_penal, creado_en, descripcion, nombre, pena_maxima, pena_minima, tipo_pena, valoracion, id) 
    values
        (?, ?, ?, ?, ?, ?, ?, ?, ?, ?)
Hibernate: 
    /* insert for
        com.cufre.expedientes.model.Delito */insert 
    into
        delito (actualizado_en, codigo_penal, creado_en, descripcion, nombre, pena_maxima, pena_minima, tipo_pena, valoracion, id) 
    values
        (?, ?, ?, ?, ?, ?, ?, ?, ?, ?)
&amp#27;[2m2025-05-11T11:17:47.187-03:00&amp#27;[0;39m &amp#27;[32m INFO&amp#27;[0;39m &amp#27;[35m16907&amp#27;[0;39m &amp#27;[2m---&amp#27;[0;39m &amp#27;[2m[           main]&amp#27;[0;39m &amp#27;[2m&amp#27;[0;39m&amp#27;[36mi.StatisticalLoggingSessionEventListener&amp#27;[0;39m &amp#27;[2m:&amp#27;[0;39m Session Metrics {
    3416 nanoseconds spent acquiring 1 JDBC connections;
    0 nanoseconds spent releasing 0 JDBC connections;
    15666 nanoseconds spent preparing 2 JDBC statements;
    274000 nanoseconds spent executing 1 JDBC statements;
    394334 nanoseconds spent executing 1 JDBC batches;
    0 nanoseconds spent performing 0 L2C puts;
    0 nanoseconds spent performing 0 L2C hits;
    0 nanoseconds spent performing 0 L2C misses;
    692833 nanoseconds spent executing 1 flushes (flushing a total of 1 entities and 1 collections);
    0 nanoseconds spent executing 0 partial-flushes (flushing a total of 0 entities and 0 collections)
}
&amp#27;[2m2025-05-11T11:17:47.187-03:00&amp#27;[0;39m &amp#27;[32mDEBUG&amp#27;[0;39m &amp#27;[35m16907&amp#27;[0;39m &amp#27;[2m---&amp#27;[0;39m &amp#27;[2m[           main]&amp#27;[0;39m &amp#27;[2m&amp#27;[0;39m&amp#27;[36morg.hibernate.SQL                       &amp#27;[0;39m &amp#27;[2m:&amp#27;[0;39m 
    /* <criteria> */ select
        d1_0.id,
        d1_0.actualizado_en,
        d1_0.codigo_penal,
        d1_0.creado_en,
        d1_0.descripcion,
        d1_0.nombre,
        d1_0.pena_maxima,
        d1_0.pena_minima,
        d1_0.tipo_pena,
        d1_0.valoracion 
    from
        delito d1_0 
    where
        upper(d1_0.nombre) like upper(?) escape '\'
Hibernate: 
    /* <criteria> */ select
        d1_0.id,
        d1_0.actualizado_en,
        d1_0.codigo_penal,
        d1_0.creado_en,
        d1_0.descripcion,
        d1_0.nombre,
        d1_0.pena_maxima,
        d1_0.pena_minima,
        d1_0.tipo_pena,
        d1_0.valoracion 
    from
        delito d1_0 
    where
        upper(d1_0.nombre) like upper(?) escape '\'
&amp#27;[2m2025-05-11T11:17:47.188-03:00&amp#27;[0;39m &amp#27;[32m INFO&amp#27;[0;39m &amp#27;[35m16907&amp#27;[0;39m &amp#27;[2m---&amp#27;[0;39m &amp#27;[2m[           main]&amp#27;[0;39m &amp#27;[2m&amp#27;[0;39m&amp#27;[36mi.StatisticalLoggingSessionEventListener&amp#27;[0;39m &amp#27;[2m:&amp#27;[0;39m Session Metrics {
    6666 nanoseconds spent acquiring 1 JDBC connections;
    0 nanoseconds spent releasing 0 JDBC connections;
    15542 nanoseconds spent preparing 1 JDBC statements;
    929209 nanoseconds spent executing 1 JDBC statements;
    0 nanoseconds spent executing 0 JDBC batches;
    0 nanoseconds spent performing 0 L2C puts;
    0 nanoseconds spent performing 0 L2C hits;
    0 nanoseconds spent performing 0 L2C misses;
    0 nanoseconds spent executing 0 flushes (flushing a total of 0 entities and 0 collections);
    0 nanoseconds spent executing 0 partial-flushes (flushing a total of 0 entities and 0 collections)
}
&amp#27;[2m2025-05-11T11:17:47.188-03:00&amp#27;[0;39m &amp#27;[32mDEBUG&amp#27;[0;39m &amp#27;[35m16907&amp#27;[0;39m &amp#27;[2m---&amp#27;[0;39m &amp#27;[2m[           main]&amp#27;[0;39m &amp#27;[2m&amp#27;[0;39m&amp#27;[36morg.hibernate.SQL                       &amp#27;[0;39m &amp#27;[2m:&amp#27;[0;39m 
    select
        seq_delito.nextval 
    from
        dual
Hibernate: 
    select
        seq_delito.nextval 
    from
        dual
&amp#27;[2m2025-05-11T11:17:47.189-03:00&amp#27;[0;39m &amp#27;[32mDEBUG&amp#27;[0;39m &amp#27;[35m16907&amp#27;[0;39m &amp#27;[2m---&amp#27;[0;39m &amp#27;[2m[           main]&amp#27;[0;39m &amp#27;[2m&amp#27;[0;39m&amp#27;[36morg.hibernate.SQL                       &amp#27;[0;39m &amp#27;[2m:&amp#27;[0;39m 
    /* insert for
        com.cufre.expedientes.model.Delito */insert 
    into
        delito (actualizado_en, codigo_penal, creado_en, descripcion, nombre, pena_maxima, pena_minima, tipo_pena, valoracion, id) 
    values
        (?, ?, ?, ?, ?, ?, ?, ?, ?, ?)
Hibernate: 
    /* insert for
        com.cufre.expedientes.model.Delito */insert 
    into
        delito (actualizado_en, codigo_penal, creado_en, descripcion, nombre, pena_maxima, pena_minima, tipo_pena, valoracion, id) 
    values
        (?, ?, ?, ?, ?, ?, ?, ?, ?, ?)
&amp#27;[2m2025-05-11T11:17:47.190-03:00&amp#27;[0;39m &amp#27;[32m INFO&amp#27;[0;39m &amp#27;[35m16907&amp#27;[0;39m &amp#27;[2m---&amp#27;[0;39m &amp#27;[2m[           main]&amp#27;[0;39m &amp#27;[2m&amp#27;[0;39m&amp#27;[36mi.StatisticalLoggingSessionEventListener&amp#27;[0;39m &amp#27;[2m:&amp#27;[0;39m Session Metrics {
    3083 nanoseconds spent acquiring 1 JDBC connections;
    0 nanoseconds spent releasing 0 JDBC connections;
    9459 nanoseconds spent preparing 2 JDBC statements;
    257333 nanoseconds spent executing 1 JDBC statements;
    363209 nanoseconds spent executing 1 JDBC batches;
    0 nanoseconds spent performing 0 L2C puts;
    0 nanoseconds spent performing 0 L2C hits;
    0 nanoseconds spent performing 0 L2C misses;
    644958 nanoseconds spent executing 1 flushes (flushing a total of 1 entities and 1 collections);
    0 nanoseconds spent executing 0 partial-flushes (flushing a total of 0 entities and 0 collections)
}
&amp#27;[2m2025-05-11T11:17:47.190-03:00&amp#27;[0;39m &amp#27;[32mDEBUG&amp#27;[0;39m &amp#27;[35m16907&amp#27;[0;39m &amp#27;[2m---&amp#27;[0;39m &amp#27;[2m[           main]&amp#27;[0;39m &amp#27;[2m&amp#27;[0;39m&amp#27;[36morg.hibernate.SQL                       &amp#27;[0;39m &amp#27;[2m:&amp#27;[0;39m 
    /* <criteria> */ select
        d1_0.id,
        d1_0.actualizado_en,
        d1_0.codigo_penal,
        d1_0.creado_en,
        d1_0.descripcion,
        d1_0.nombre,
        d1_0.pena_maxima,
        d1_0.pena_minima,
        d1_0.tipo_pena,
        d1_0.valoracion 
    from
        delito d1_0 
    where
        upper(d1_0.nombre) like upper(?) escape '\'
Hibernate: 
    /* <criteria> */ select
        d1_0.id,
        d1_0.actualizado_en,
        d1_0.codigo_penal,
        d1_0.creado_en,
        d1_0.descripcion,
        d1_0.nombre,
        d1_0.pena_maxima,
        d1_0.pena_minima,
        d1_0.tipo_pena,
        d1_0.valoracion 
    from
        delito d1_0 
    where
        upper(d1_0.nombre) like upper(?) escape '\'
&amp#27;[2m2025-05-11T11:17:47.192-03:00&amp#27;[0;39m &amp#27;[32m INFO&amp#27;[0;39m &amp#27;[35m16907&amp#27;[0;39m &amp#27;[2m---&amp#27;[0;39m &amp#27;[2m[           main]&amp#27;[0;39m &amp#27;[2m&amp#27;[0;39m&amp#27;[36mi.StatisticalLoggingSessionEventListener&amp#27;[0;39m &amp#27;[2m:&amp#27;[0;39m Session Metrics {
    4458 nanoseconds spent acquiring 1 JDBC connections;
    0 nanoseconds spent releasing 0 JDBC connections;
    13375 nanoseconds spent preparing 1 JDBC statements;
    1240333 nanoseconds spent executing 1 JDBC statements;
    0 nanoseconds spent executing 0 JDBC batches;
    0 nanoseconds spent performing 0 L2C puts;
    0 nanoseconds spent performing 0 L2C hits;
    0 nanoseconds spent performing 0 L2C misses;
    0 nanoseconds spent executing 0 flushes (flushing a total of 0 entities and 0 collections);
    0 nanoseconds spent executing 0 partial-flushes (flushing a total of 0 entities and 0 collections)
}
&amp#27;[2m2025-05-11T11:17:47.192-03:00&amp#27;[0;39m &amp#27;[32mDEBUG&amp#27;[0;39m &amp#27;[35m16907&amp#27;[0;39m &amp#27;[2m---&amp#27;[0;39m &amp#27;[2m[           main]&amp#27;[0;39m &amp#27;[2m&amp#27;[0;39m&amp#27;[36morg.hibernate.SQL                       &amp#27;[0;39m &amp#27;[2m:&amp#27;[0;39m 
    select
        seq_delito.nextval 
    from
        dual
Hibernate: 
    select
        seq_delito.nextval 
    from
        dual
&amp#27;[2m2025-05-11T11:17:47.193-03:00&amp#27;[0;39m &amp#27;[32mDEBUG&amp#27;[0;39m &amp#27;[35m16907&amp#27;[0;39m &amp#27;[2m---&amp#27;[0;39m &amp#27;[2m[           main]&amp#27;[0;39m &amp#27;[2m&amp#27;[0;39m&amp#27;[36morg.hibernate.SQL                       &amp#27;[0;39m &amp#27;[2m:&amp#27;[0;39m 
    /* insert for
        com.cufre.expedientes.model.Delito */insert 
    into
        delito (actualizado_en, codigo_penal, creado_en, descripcion, nombre, pena_maxima, pena_minima, tipo_pena, valoracion, id) 
    values
        (?, ?, ?, ?, ?, ?, ?, ?, ?, ?)
Hibernate: 
    /* insert for
        com.cufre.expedientes.model.Delito */insert 
    into
        delito (actualizado_en, codigo_penal, creado_en, descripcion, nombre, pena_maxima, pena_minima, tipo_pena, valoracion, id) 
    values
        (?, ?, ?, ?, ?, ?, ?, ?, ?, ?)
&amp#27;[2m2025-05-11T11:17:47.194-03:00&amp#27;[0;39m &amp#27;[32m INFO&amp#27;[0;39m &amp#27;[35m16907&amp#27;[0;39m &amp#27;[2m---&amp#27;[0;39m &amp#27;[2m[           main]&amp#27;[0;39m &amp#27;[2m&amp#27;[0;39m&amp#27;[36mi.StatisticalLoggingSessionEventListener&amp#27;[0;39m &amp#27;[2m:&amp#27;[0;39m Session Metrics {
    3042 nanoseconds spent acquiring 1 JDBC connections;
    0 nanoseconds spent releasing 0 JDBC connections;
    9957 nanoseconds spent preparing 2 JDBC statements;
    278791 nanoseconds spent executing 1 JDBC statements;
    718292 nanoseconds spent executing 1 JDBC batches;
    0 nanoseconds spent performing 0 L2C puts;
    0 nanoseconds spent performing 0 L2C hits;
    0 nanoseconds spent performing 0 L2C misses;
    994417 nanoseconds spent executing 1 flushes (flushing a total of 1 entities and 1 collections);
    0 nanoseconds spent executing 0 partial-flushes (flushing a total of 0 entities and 0 collections)
}
&amp#27;[2m2025-05-11T11:17:47.195-03:00&amp#27;[0;39m &amp#27;[32mDEBUG&amp#27;[0;39m &amp#27;[35m16907&amp#27;[0;39m &amp#27;[2m---&amp#27;[0;39m &amp#27;[2m[           main]&amp#27;[0;39m &amp#27;[2m&amp#27;[0;39m&amp#27;[36morg.hibernate.SQL                       &amp#27;[0;39m &amp#27;[2m:&amp#27;[0;39m 
    /* <criteria> */ select
        d1_0.id,
        d1_0.actualizado_en,
        d1_0.codigo_penal,
        d1_0.creado_en,
        d1_0.descripcion,
        d1_0.nombre,
        d1_0.pena_maxima,
        d1_0.pena_minima,
        d1_0.tipo_pena,
        d1_0.valoracion 
    from
        delito d1_0 
    where
        upper(d1_0.nombre) like upper(?) escape '\'
Hibernate: 
    /* <criteria> */ select
        d1_0.id,
        d1_0.actualizado_en,
        d1_0.codigo_penal,
        d1_0.creado_en,
        d1_0.descripcion,
        d1_0.nombre,
        d1_0.pena_maxima,
        d1_0.pena_minima,
        d1_0.tipo_pena,
        d1_0.valoracion 
    from
        delito d1_0 
    where
        upper(d1_0.nombre) like upper(?) escape '\'
&amp#27;[2m2025-05-11T11:17:47.196-03:00&amp#27;[0;39m &amp#27;[32m INFO&amp#27;[0;39m &amp#27;[35m16907&amp#27;[0;39m &amp#27;[2m---&amp#27;[0;39m &amp#27;[2m[           main]&amp#27;[0;39m &amp#27;[2m&amp#27;[0;39m&amp#27;[36mi.StatisticalLoggingSessionEventListener&amp#27;[0;39m &amp#27;[2m:&amp#27;[0;39m Session Metrics {
    5458 nanoseconds spent acquiring 1 JDBC connections;
    0 nanoseconds spent releasing 0 JDBC connections;
    15500 nanoseconds spent preparing 1 JDBC statements;
    1000875 nanoseconds spent executing 1 JDBC statements;
    0 nanoseconds spent executing 0 JDBC batches;
    0 nanoseconds spent performing 0 L2C puts;
    0 nanoseconds spent performing 0 L2C hits;
    0 nanoseconds spent performing 0 L2C misses;
    0 nanoseconds spent executing 0 flushes (flushing a total of 0 entities and 0 collections);
    0 nanoseconds spent executing 0 partial-flushes (flushing a total of 0 entities and 0 collections)
}
&amp#27;[2m2025-05-11T11:17:47.196-03:00&amp#27;[0;39m &amp#27;[32mDEBUG&amp#27;[0;39m &amp#27;[35m16907&amp#27;[0;39m &amp#27;[2m---&amp#27;[0;39m &amp#27;[2m[           main]&amp#27;[0;39m &amp#27;[2m&amp#27;[0;39m&amp#27;[36morg.hibernate.SQL                       &amp#27;[0;39m &amp#27;[2m:&amp#27;[0;39m 
    select
        seq_delito.nextval 
    from
        dual
Hibernate: 
    select
        seq_delito.nextval 
    from
        dual
&amp#27;[2m2025-05-11T11:17:47.196-03:00&amp#27;[0;39m &amp#27;[32mDEBUG&amp#27;[0;39m &amp#27;[35m16907&amp#27;[0;39m &amp#27;[2m---&amp#27;[0;39m &amp#27;[2m[           main]&amp#27;[0;39m &amp#27;[2m&amp#27;[0;39m&amp#27;[36morg.hibernate.SQL                       &amp#27;[0;39m &amp#27;[2m:&amp#27;[0;39m 
    /* insert for
        com.cufre.expedientes.model.Delito */insert 
    into
        delito (actualizado_en, codigo_penal, creado_en, descripcion, nombre, pena_maxima, pena_minima, tipo_pena, valoracion, id) 
    values
        (?, ?, ?, ?, ?, ?, ?, ?, ?, ?)
Hibernate: 
    /* insert for
        com.cufre.expedientes.model.Delito */insert 
    into
        delito (actualizado_en, codigo_penal, creado_en, descripcion, nombre, pena_maxima, pena_minima, tipo_pena, valoracion, id) 
    values
        (?, ?, ?, ?, ?, ?, ?, ?, ?, ?)
&amp#27;[2m2025-05-11T11:17:47.198-03:00&amp#27;[0;39m &amp#27;[32m INFO&amp#27;[0;39m &amp#27;[35m16907&amp#27;[0;39m &amp#27;[2m---&amp#27;[0;39m &amp#27;[2m[           main]&amp#27;[0;39m &amp#27;[2m&amp#27;[0;39m&amp#27;[36mi.StatisticalLoggingSessionEventListener&amp#27;[0;39m &amp#27;[2m:&amp#27;[0;39m Session Metrics {
    2833 nanoseconds spent acquiring 1 JDBC connections;
    0 nanoseconds spent releasing 0 JDBC connections;
    9543 nanoseconds spent preparing 2 JDBC statements;
    250584 nanoseconds spent executing 1 JDBC statements;
    415416 nanoseconds spent executing 1 JDBC batches;
    0 nanoseconds spent performing 0 L2C puts;
    0 nanoseconds spent performing 0 L2C hits;
    0 nanoseconds spent performing 0 L2C misses;
    698500 nanoseconds spent executing 1 flushes (flushing a total of 1 entities and 1 collections);
    0 nanoseconds spent executing 0 partial-flushes (flushing a total of 0 entities and 0 collections)
}
&amp#27;[2m2025-05-11T11:17:47.198-03:00&amp#27;[0;39m &amp#27;[32mDEBUG&amp#27;[0;39m &amp#27;[35m16907&amp#27;[0;39m &amp#27;[2m---&amp#27;[0;39m &amp#27;[2m[           main]&amp#27;[0;39m &amp#27;[2m&amp#27;[0;39m&amp#27;[36morg.hibernate.SQL                       &amp#27;[0;39m &amp#27;[2m:&amp#27;[0;39m 
    /* <criteria> */ select
        d1_0.id,
        d1_0.actualizado_en,
        d1_0.codigo_penal,
        d1_0.creado_en,
        d1_0.descripcion,
        d1_0.nombre,
        d1_0.pena_maxima,
        d1_0.pena_minima,
        d1_0.tipo_pena,
        d1_0.valoracion 
    from
        delito d1_0 
    where
        upper(d1_0.nombre) like upper(?) escape '\'
Hibernate: 
    /* <criteria> */ select
        d1_0.id,
        d1_0.actualizado_en,
        d1_0.codigo_penal,
        d1_0.creado_en,
        d1_0.descripcion,
        d1_0.nombre,
        d1_0.pena_maxima,
        d1_0.pena_minima,
        d1_0.tipo_pena,
        d1_0.valoracion 
    from
        delito d1_0 
    where
        upper(d1_0.nombre) like upper(?) escape '\'
&amp#27;[2m2025-05-11T11:17:47.199-03:00&amp#27;[0;39m &amp#27;[32m INFO&amp#27;[0;39m &amp#27;[35m16907&amp#27;[0;39m &amp#27;[2m---&amp#27;[0;39m &amp#27;[2m[           main]&amp#27;[0;39m &amp#27;[2m&amp#27;[0;39m&amp#27;[36mi.StatisticalLoggingSessionEventListener&amp#27;[0;39m &amp#27;[2m:&amp#27;[0;39m Session Metrics {
    4417 nanoseconds spent acquiring 1 JDBC connections;
    0 nanoseconds spent releasing 0 JDBC connections;
    13125 nanoseconds spent preparing 1 JDBC statements;
    1023041 nanoseconds spent executing 1 JDBC statements;
    0 nanoseconds spent executing 0 JDBC batches;
    0 nanoseconds spent performing 0 L2C puts;
    0 nanoseconds spent performing 0 L2C hits;
    0 nanoseconds spent performing 0 L2C misses;
    0 nanoseconds spent executing 0 flushes (flushing a total of 0 entities and 0 collections);
    0 nanoseconds spent executing 0 partial-flushes (flushing a total of 0 entities and 0 collections)
}
&amp#27;[2m2025-05-11T11:17:47.199-03:00&amp#27;[0;39m &amp#27;[32mDEBUG&amp#27;[0;39m &amp#27;[35m16907&amp#27;[0;39m &amp#27;[2m---&amp#27;[0;39m &amp#27;[2m[           main]&amp#27;[0;39m &amp#27;[2m&amp#27;[0;39m&amp#27;[36morg.hibernate.SQL                       &amp#27;[0;39m &amp#27;[2m:&amp#27;[0;39m 
    select
        seq_delito.nextval 
    from
        dual
Hibernate: 
    select
        seq_delito.nextval 
    from
        dual
&amp#27;[2m2025-05-11T11:17:47.200-03:00&amp#27;[0;39m &amp#27;[32mDEBUG&amp#27;[0;39m &amp#27;[35m16907&amp#27;[0;39m &amp#27;[2m---&amp#27;[0;39m &amp#27;[2m[           main]&amp#27;[0;39m &amp#27;[2m&amp#27;[0;39m&amp#27;[36morg.hibernate.SQL                       &amp#27;[0;39m &amp#27;[2m:&amp#27;[0;39m 
    /* insert for
        com.cufre.expedientes.model.Delito */insert 
    into
        delito (actualizado_en, codigo_penal, creado_en, descripcion, nombre, pena_maxima, pena_minima, tipo_pena, valoracion, id) 
    values
        (?, ?, ?, ?, ?, ?, ?, ?, ?, ?)
Hibernate: 
    /* insert for
        com.cufre.expedientes.model.Delito */insert 
    into
        delito (actualizado_en, codigo_penal, creado_en, descripcion, nombre, pena_maxima, pena_minima, tipo_pena, valoracion, id) 
    values
        (?, ?, ?, ?, ?, ?, ?, ?, ?, ?)
&amp#27;[2m2025-05-11T11:17:47.201-03:00&amp#27;[0;39m &amp#27;[32m INFO&amp#27;[0;39m &amp#27;[35m16907&amp#27;[0;39m &amp#27;[2m---&amp#27;[0;39m &amp#27;[2m[           main]&amp#27;[0;39m &amp#27;[2m&amp#27;[0;39m&amp#27;[36mi.StatisticalLoggingSessionEventListener&amp#27;[0;39m &amp#27;[2m:&amp#27;[0;39m Session Metrics {
    3000 nanoseconds spent acquiring 1 JDBC connections;
    0 nanoseconds spent releasing 0 JDBC connections;
    9667 nanoseconds spent preparing 2 JDBC statements;
    261667 nanoseconds spent executing 1 JDBC statements;
    380000 nanoseconds spent executing 1 JDBC batches;
    0 nanoseconds spent performing 0 L2C puts;
    0 nanoseconds spent performing 0 L2C hits;
    0 nanoseconds spent performing 0 L2C misses;
    661458 nanoseconds spent executing 1 flushes (flushing a total of 1 entities and 1 collections);
    0 nanoseconds spent executing 0 partial-flushes (flushing a total of 0 entities and 0 collections)
}
&amp#27;[2m2025-05-11T11:17:47.201-03:00&amp#27;[0;39m &amp#27;[32mDEBUG&amp#27;[0;39m &amp#27;[35m16907&amp#27;[0;39m &amp#27;[2m---&amp#27;[0;39m &amp#27;[2m[           main]&amp#27;[0;39m &amp#27;[2m&amp#27;[0;39m&amp#27;[36morg.hibernate.SQL                       &amp#27;[0;39m &amp#27;[2m:&amp#27;[0;39m 
    /* <criteria> */ select
        d1_0.id,
        d1_0.actualizado_en,
        d1_0.codigo_penal,
        d1_0.creado_en,
        d1_0.descripcion,
        d1_0.nombre,
        d1_0.pena_maxima,
        d1_0.pena_minima,
        d1_0.tipo_pena,
        d1_0.valoracion 
    from
        delito d1_0 
    where
        upper(d1_0.nombre) like upper(?) escape '\'
Hibernate: 
    /* <criteria> */ select
        d1_0.id,
        d1_0.actualizado_en,
        d1_0.codigo_penal,
        d1_0.creado_en,
        d1_0.descripcion,
        d1_0.nombre,
        d1_0.pena_maxima,
        d1_0.pena_minima,
        d1_0.tipo_pena,
        d1_0.valoracion 
    from
        delito d1_0 
    where
        upper(d1_0.nombre) like upper(?) escape '\'
&amp#27;[2m2025-05-11T11:17:47.203-03:00&amp#27;[0;39m &amp#27;[32m INFO&amp#27;[0;39m &amp#27;[35m16907&amp#27;[0;39m &amp#27;[2m---&amp#27;[0;39m &amp#27;[2m[           main]&amp#27;[0;39m &amp#27;[2m&amp#27;[0;39m&amp#27;[36mi.StatisticalLoggingSessionEventListener&amp#27;[0;39m &amp#27;[2m:&amp#27;[0;39m Session Metrics {
    5083 nanoseconds spent acquiring 1 JDBC connections;
    0 nanoseconds spent releasing 0 JDBC connections;
    14375 nanoseconds spent preparing 1 JDBC statements;
    1045167 nanoseconds spent executing 1 JDBC statements;
    0 nanoseconds spent executing 0 JDBC batches;
    0 nanoseconds spent performing 0 L2C puts;
    0 nanoseconds spent performing 0 L2C hits;
    0 nanoseconds spent performing 0 L2C misses;
    0 nanoseconds spent executing 0 flushes (flushing a total of 0 entities and 0 collections);
    0 nanoseconds spent executing 0 partial-flushes (flushing a total of 0 entities and 0 collections)
}
&amp#27;[2m2025-05-11T11:17:47.203-03:00&amp#27;[0;39m &amp#27;[32mDEBUG&amp#27;[0;39m &amp#27;[35m16907&amp#27;[0;39m &amp#27;[2m---&amp#27;[0;39m &amp#27;[2m[           main]&amp#27;[0;39m &amp#27;[2m&amp#27;[0;39m&amp#27;[36morg.hibernate.SQL                       &amp#27;[0;39m &amp#27;[2m:&amp#27;[0;39m 
    select
        seq_delito.nextval 
    from
        dual
Hibernate: 
    select
        seq_delito.nextval 
    from
        dual
&amp#27;[2m2025-05-11T11:17:47.203-03:00&amp#27;[0;39m &amp#27;[32mDEBUG&amp#27;[0;39m &amp#27;[35m16907&amp#27;[0;39m &amp#27;[2m---&amp#27;[0;39m &amp#27;[2m[           main]&amp#27;[0;39m &amp#27;[2m&amp#27;[0;39m&amp#27;[36morg.hibernate.SQL                       &amp#27;[0;39m &amp#27;[2m:&amp#27;[0;39m 
    /* insert for
        com.cufre.expedientes.model.Delito */insert 
    into
        delito (actualizado_en, codigo_penal, creado_en, descripcion, nombre, pena_maxima, pena_minima, tipo_pena, valoracion, id) 
    values
        (?, ?, ?, ?, ?, ?, ?, ?, ?, ?)
Hibernate: 
    /* insert for
        com.cufre.expedientes.model.Delito */insert 
    into
        delito (actualizado_en, codigo_penal, creado_en, descripcion, nombre, pena_maxima, pena_minima, tipo_pena, valoracion, id) 
    values
        (?, ?, ?, ?, ?, ?, ?, ?, ?, ?)
&amp#27;[2m2025-05-11T11:17:47.205-03:00&amp#27;[0;39m &amp#27;[32m INFO&amp#27;[0;39m &amp#27;[35m16907&amp#27;[0;39m &amp#27;[2m---&amp#27;[0;39m &amp#27;[2m[           main]&amp#27;[0;39m &amp#27;[2m&amp#27;[0;39m&amp#27;[36mi.StatisticalLoggingSessionEventListener&amp#27;[0;39m &amp#27;[2m:&amp#27;[0;39m Session Metrics {
    3583 nanoseconds spent acquiring 1 JDBC connections;
    0 nanoseconds spent releasing 0 JDBC connections;
    12334 nanoseconds spent preparing 2 JDBC statements;
    307959 nanoseconds spent executing 1 JDBC statements;
    405916 nanoseconds spent executing 1 JDBC batches;
    0 nanoseconds spent performing 0 L2C puts;
    0 nanoseconds spent performing 0 L2C hits;
    0 nanoseconds spent performing 0 L2C misses;
    725584 nanoseconds spent executing 1 flushes (flushing a total of 1 entities and 1 collections);
    0 nanoseconds spent executing 0 partial-flushes (flushing a total of 0 entities and 0 collections)
}
&amp#27;[2m2025-05-11T11:17:47.205-03:00&amp#27;[0;39m &amp#27;[32mDEBUG&amp#27;[0;39m &amp#27;[35m16907&amp#27;[0;39m &amp#27;[2m---&amp#27;[0;39m &amp#27;[2m[           main]&amp#27;[0;39m &amp#27;[2m&amp#27;[0;39m&amp#27;[36morg.hibernate.SQL                       &amp#27;[0;39m &amp#27;[2m:&amp#27;[0;39m 
    /* <criteria> */ select
        d1_0.id,
        d1_0.actualizado_en,
        d1_0.codigo_penal,
        d1_0.creado_en,
        d1_0.descripcion,
        d1_0.nombre,
        d1_0.pena_maxima,
        d1_0.pena_minima,
        d1_0.tipo_pena,
        d1_0.valoracion 
    from
        delito d1_0 
    where
        upper(d1_0.nombre) like upper(?) escape '\'
Hibernate: 
    /* <criteria> */ select
        d1_0.id,
        d1_0.actualizado_en,
        d1_0.codigo_penal,
        d1_0.creado_en,
        d1_0.descripcion,
        d1_0.nombre,
        d1_0.pena_maxima,
        d1_0.pena_minima,
        d1_0.tipo_pena,
        d1_0.valoracion 
    from
        delito d1_0 
    where
        upper(d1_0.nombre) like upper(?) escape '\'
&amp#27;[2m2025-05-11T11:17:47.206-03:00&amp#27;[0;39m &amp#27;[32m INFO&amp#27;[0;39m &amp#27;[35m16907&amp#27;[0;39m &amp#27;[2m---&amp#27;[0;39m &amp#27;[2m[           main]&amp#27;[0;39m &amp#27;[2m&amp#27;[0;39m&amp#27;[36mi.StatisticalLoggingSessionEventListener&amp#27;[0;39m &amp#27;[2m:&amp#27;[0;39m Session Metrics {
    5209 nanoseconds spent acquiring 1 JDBC connections;
    0 nanoseconds spent releasing 0 JDBC connections;
    13375 nanoseconds spent preparing 1 JDBC statements;
    882250 nanoseconds spent executing 1 JDBC statements;
    0 nanoseconds spent executing 0 JDBC batches;
    0 nanoseconds spent performing 0 L2C puts;
    0 nanoseconds spent performing 0 L2C hits;
    0 nanoseconds spent performing 0 L2C misses;
    0 nanoseconds spent executing 0 flushes (flushing a total of 0 entities and 0 collections);
    0 nanoseconds spent executing 0 partial-flushes (flushing a total of 0 entities and 0 collections)
}
&amp#27;[2m2025-05-11T11:17:47.206-03:00&amp#27;[0;39m &amp#27;[32mDEBUG&amp#27;[0;39m &amp#27;[35m16907&amp#27;[0;39m &amp#27;[2m---&amp#27;[0;39m &amp#27;[2m[           main]&amp#27;[0;39m &amp#27;[2m&amp#27;[0;39m&amp#27;[36morg.hibernate.SQL                       &amp#27;[0;39m &amp#27;[2m:&amp#27;[0;39m 
    select
        seq_delito.nextval 
    from
        dual
Hibernate: 
    select
        seq_delito.nextval 
    from
        dual
&amp#27;[2m2025-05-11T11:17:47.207-03:00&amp#27;[0;39m &amp#27;[32mDEBUG&amp#27;[0;39m &amp#27;[35m16907&amp#27;[0;39m &amp#27;[2m---&amp#27;[0;39m &amp#27;[2m[           main]&amp#27;[0;39m &amp#27;[2m&amp#27;[0;39m&amp#27;[36morg.hibernate.SQL                       &amp#27;[0;39m &amp#27;[2m:&amp#27;[0;39m 
    /* insert for
        com.cufre.expedientes.model.Delito */insert 
    into
        delito (actualizado_en, codigo_penal, creado_en, descripcion, nombre, pena_maxima, pena_minima, tipo_pena, valoracion, id) 
    values
        (?, ?, ?, ?, ?, ?, ?, ?, ?, ?)
Hibernate: 
    /* insert for
        com.cufre.expedientes.model.Delito */insert 
    into
        delito (actualizado_en, codigo_penal, creado_en, descripcion, nombre, pena_maxima, pena_minima, tipo_pena, valoracion, id) 
    values
        (?, ?, ?, ?, ?, ?, ?, ?, ?, ?)
&amp#27;[2m2025-05-11T11:17:47.208-03:00&amp#27;[0;39m &amp#27;[32m INFO&amp#27;[0;39m &amp#27;[35m16907&amp#27;[0;39m &amp#27;[2m---&amp#27;[0;39m &amp#27;[2m[           main]&amp#27;[0;39m &amp#27;[2m&amp#27;[0;39m&amp#27;[36mi.StatisticalLoggingSessionEventListener&amp#27;[0;39m &amp#27;[2m:&amp#27;[0;39m Session Metrics {
    2625 nanoseconds spent acquiring 1 JDBC connections;
    0 nanoseconds spent releasing 0 JDBC connections;
    8750 nanoseconds spent preparing 2 JDBC statements;
    245250 nanoseconds spent executing 1 JDBC statements;
    371375 nanoseconds spent executing 1 JDBC batches;
    0 nanoseconds spent performing 0 L2C puts;
    0 nanoseconds spent performing 0 L2C hits;
    0 nanoseconds spent performing 0 L2C misses;
    633334 nanoseconds spent executing 1 flushes (flushing a total of 1 entities and 1 collections);
    0 nanoseconds spent executing 0 partial-flushes (flushing a total of 0 entities and 0 collections)
}
&amp#27;[2m2025-05-11T11:17:47.208-03:00&amp#27;[0;39m &amp#27;[32mDEBUG&amp#27;[0;39m &amp#27;[35m16907&amp#27;[0;39m &amp#27;[2m---&amp#27;[0;39m &amp#27;[2m[           main]&amp#27;[0;39m &amp#27;[2m&amp#27;[0;39m&amp#27;[36morg.hibernate.SQL                       &amp#27;[0;39m &amp#27;[2m:&amp#27;[0;39m 
    /* <criteria> */ select
        d1_0.id,
        d1_0.actualizado_en,
        d1_0.codigo_penal,
        d1_0.creado_en,
        d1_0.descripcion,
        d1_0.nombre,
        d1_0.pena_maxima,
        d1_0.pena_minima,
        d1_0.tipo_pena,
        d1_0.valoracion 
    from
        delito d1_0 
    where
        upper(d1_0.nombre) like upper(?) escape '\'
Hibernate: 
    /* <criteria> */ select
        d1_0.id,
        d1_0.actualizado_en,
        d1_0.codigo_penal,
        d1_0.creado_en,
        d1_0.descripcion,
        d1_0.nombre,
        d1_0.pena_maxima,
        d1_0.pena_minima,
        d1_0.tipo_pena,
        d1_0.valoracion 
    from
        delito d1_0 
    where
        upper(d1_0.nombre) like upper(?) escape '\'
&amp#27;[2m2025-05-11T11:17:47.210-03:00&amp#27;[0;39m &amp#27;[32m INFO&amp#27;[0;39m &amp#27;[35m16907&amp#27;[0;39m &amp#27;[2m---&amp#27;[0;39m &amp#27;[2m[           main]&amp#27;[0;39m &amp#27;[2m&amp#27;[0;39m&amp#27;[36mi.StatisticalLoggingSessionEventListener&amp#27;[0;39m &amp#27;[2m:&amp#27;[0;39m Session Metrics {
    4667 nanoseconds spent acquiring 1 JDBC connections;
    0 nanoseconds spent releasing 0 JDBC connections;
    14750 nanoseconds spent preparing 1 JDBC statements;
    1056167 nanoseconds spent executing 1 JDBC statements;
    0 nanoseconds spent executing 0 JDBC batches;
    0 nanoseconds spent performing 0 L2C puts;
    0 nanoseconds spent performing 0 L2C hits;
    0 nanoseconds spent performing 0 L2C misses;
    0 nanoseconds spent executing 0 flushes (flushing a total of 0 entities and 0 collections);
    0 nanoseconds spent executing 0 partial-flushes (flushing a total of 0 entities and 0 collections)
}
&amp#27;[2m2025-05-11T11:17:47.210-03:00&amp#27;[0;39m &amp#27;[32mDEBUG&amp#27;[0;39m &amp#27;[35m16907&amp#27;[0;39m &amp#27;[2m---&amp#27;[0;39m &amp#27;[2m[           main]&amp#27;[0;39m &amp#27;[2m&amp#27;[0;39m&amp#27;[36morg.hibernate.SQL                       &amp#27;[0;39m &amp#27;[2m:&amp#27;[0;39m 
    select
        seq_delito.nextval 
    from
        dual
Hibernate: 
    select
        seq_delito.nextval 
    from
        dual
&amp#27;[2m2025-05-11T11:17:47.210-03:00&amp#27;[0;39m &amp#27;[32mDEBUG&amp#27;[0;39m &amp#27;[35m16907&amp#27;[0;39m &amp#27;[2m---&amp#27;[0;39m &amp#27;[2m[           main]&amp#27;[0;39m &amp#27;[2m&amp#27;[0;39m&amp#27;[36morg.hibernate.SQL                       &amp#27;[0;39m &amp#27;[2m:&amp#27;[0;39m 
    /* insert for
        com.cufre.expedientes.model.Delito */insert 
    into
        delito (actualizado_en, codigo_penal, creado_en, descripcion, nombre, pena_maxima, pena_minima, tipo_pena, valoracion, id) 
    values
        (?, ?, ?, ?, ?, ?, ?, ?, ?, ?)
Hibernate: 
    /* insert for
        com.cufre.expedientes.model.Delito */insert 
    into
        delito (actualizado_en, codigo_penal, creado_en, descripcion, nombre, pena_maxima, pena_minima, tipo_pena, valoracion, id) 
    values
        (?, ?, ?, ?, ?, ?, ?, ?, ?, ?)
&amp#27;[2m2025-05-11T11:17:47.211-03:00&amp#27;[0;39m &amp#27;[32m INFO&amp#27;[0;39m &amp#27;[35m16907&amp#27;[0;39m &amp#27;[2m---&amp#27;[0;39m &amp#27;[2m[           main]&amp#27;[0;39m &amp#27;[2m&amp#27;[0;39m&amp#27;[36mi.StatisticalLoggingSessionEventListener&amp#27;[0;39m &amp#27;[2m:&amp#27;[0;39m Session Metrics {
    3375 nanoseconds spent acquiring 1 JDBC connections;
    0 nanoseconds spent releasing 0 JDBC connections;
    14459 nanoseconds spent preparing 2 JDBC statements;
    292958 nanoseconds spent executing 1 JDBC statements;
    427875 nanoseconds spent executing 1 JDBC batches;
    0 nanoseconds spent performing 0 L2C puts;
    0 nanoseconds spent performing 0 L2C hits;
    0 nanoseconds spent performing 0 L2C misses;
    720458 nanoseconds spent executing 1 flushes (flushing a total of 1 entities and 1 collections);
    0 nanoseconds spent executing 0 partial-flushes (flushing a total of 0 entities and 0 collections)
}
&amp#27;[2m2025-05-11T11:17:47.212-03:00&amp#27;[0;39m &amp#27;[32mDEBUG&amp#27;[0;39m &amp#27;[35m16907&amp#27;[0;39m &amp#27;[2m---&amp#27;[0;39m &amp#27;[2m[           main]&amp#27;[0;39m &amp#27;[2m&amp#27;[0;39m&amp#27;[36morg.hibernate.SQL                       &amp#27;[0;39m &amp#27;[2m:&amp#27;[0;39m 
    /* <criteria> */ select
        d1_0.id,
        d1_0.actualizado_en,
        d1_0.codigo_penal,
        d1_0.creado_en,
        d1_0.descripcion,
        d1_0.nombre,
        d1_0.pena_maxima,
        d1_0.pena_minima,
        d1_0.tipo_pena,
        d1_0.valoracion 
    from
        delito d1_0 
    where
        upper(d1_0.nombre) like upper(?) escape '\'
Hibernate: 
    /* <criteria> */ select
        d1_0.id,
        d1_0.actualizado_en,
        d1_0.codigo_penal,
        d1_0.creado_en,
        d1_0.descripcion,
        d1_0.nombre,
        d1_0.pena_maxima,
        d1_0.pena_minima,
        d1_0.tipo_pena,
        d1_0.valoracion 
    from
        delito d1_0 
    where
        upper(d1_0.nombre) like upper(?) escape '\'
&amp#27;[2m2025-05-11T11:17:47.213-03:00&amp#27;[0;39m &amp#27;[32m INFO&amp#27;[0;39m &amp#27;[35m16907&amp#27;[0;39m &amp#27;[2m---&amp#27;[0;39m &amp#27;[2m[           main]&amp#27;[0;39m &amp#27;[2m&amp#27;[0;39m&amp#27;[36mi.StatisticalLoggingSessionEventListener&amp#27;[0;39m &amp#27;[2m:&amp#27;[0;39m Session Metrics {
    5875 nanoseconds spent acquiring 1 JDBC connections;
    0 nanoseconds spent releasing 0 JDBC connections;
    15542 nanoseconds spent preparing 1 JDBC statements;
    944709 nanoseconds spent executing 1 JDBC statements;
    0 nanoseconds spent executing 0 JDBC batches;
    0 nanoseconds spent performing 0 L2C puts;
    0 nanoseconds spent performing 0 L2C hits;
    0 nanoseconds spent performing 0 L2C misses;
    0 nanoseconds spent executing 0 flushes (flushing a total of 0 entities and 0 collections);
    0 nanoseconds spent executing 0 partial-flushes (flushing a total of 0 entities and 0 collections)
}
&amp#27;[2m2025-05-11T11:17:47.213-03:00&amp#27;[0;39m &amp#27;[32mDEBUG&amp#27;[0;39m &amp#27;[35m16907&amp#27;[0;39m &amp#27;[2m---&amp#27;[0;39m &amp#27;[2m[           main]&amp#27;[0;39m &amp#27;[2m&amp#27;[0;39m&amp#27;[36morg.hibernate.SQL                       &amp#27;[0;39m &amp#27;[2m:&amp#27;[0;39m 
    select
        seq_delito.nextval 
    from
        dual
Hibernate: 
    select
        seq_delito.nextval 
    from
        dual
&amp#27;[2m2025-05-11T11:17:47.214-03:00&amp#27;[0;39m &amp#27;[32mDEBUG&amp#27;[0;39m &amp#27;[35m16907&amp#27;[0;39m &amp#27;[2m---&amp#27;[0;39m &amp#27;[2m[           main]&amp#27;[0;39m &amp#27;[2m&amp#27;[0;39m&amp#27;[36morg.hibernate.SQL                       &amp#27;[0;39m &amp#27;[2m:&amp#27;[0;39m 
    /* insert for
        com.cufre.expedientes.model.Delito */insert 
    into
        delito (actualizado_en, codigo_penal, creado_en, descripcion, nombre, pena_maxima, pena_minima, tipo_pena, valoracion, id) 
    values
        (?, ?, ?, ?, ?, ?, ?, ?, ?, ?)
Hibernate: 
    /* insert for
        com.cufre.expedientes.model.Delito */insert 
    into
        delito (actualizado_en, codigo_penal, creado_en, descripcion, nombre, pena_maxima, pena_minima, tipo_pena, valoracion, id) 
    values
        (?, ?, ?, ?, ?, ?, ?, ?, ?, ?)
&amp#27;[2m2025-05-11T11:17:47.215-03:00&amp#27;[0;39m &amp#27;[32m INFO&amp#27;[0;39m &amp#27;[35m16907&amp#27;[0;39m &amp#27;[2m---&amp#27;[0;39m &amp#27;[2m[           main]&amp#27;[0;39m &amp#27;[2m&amp#27;[0;39m&amp#27;[36mi.StatisticalLoggingSessionEventListener&amp#27;[0;39m &amp#27;[2m:&amp#27;[0;39m Session Metrics {
    4084 nanoseconds spent acquiring 1 JDBC connections;
    0 nanoseconds spent releasing 0 JDBC connections;
    11916 nanoseconds spent preparing 2 JDBC statements;
    313667 nanoseconds spent executing 1 JDBC statements;
    380083 nanoseconds spent executing 1 JDBC batches;
    0 nanoseconds spent performing 0 L2C puts;
    0 nanoseconds spent performing 0 L2C hits;
    0 nanoseconds spent performing 0 L2C misses;
    669958 nanoseconds spent executing 1 flushes (flushing a total of 1 entities and 1 collections);
    0 nanoseconds spent executing 0 partial-flushes (flushing a total of 0 entities and 0 collections)
}
&amp#27;[2m2025-05-11T11:17:47.216-03:00&amp#27;[0;39m &amp#27;[32mDEBUG&amp#27;[0;39m &amp#27;[35m16907&amp#27;[0;39m &amp#27;[2m---&amp#27;[0;39m &amp#27;[2m[           main]&amp#27;[0;39m &amp#27;[2m&amp#27;[0;39m&amp#27;[36morg.hibernate.SQL                       &amp#27;[0;39m &amp#27;[2m:&amp#27;[0;39m 
    /* <criteria> */ select
        d1_0.id,
        d1_0.actualizado_en,
        d1_0.codigo_penal,
        d1_0.creado_en,
        d1_0.descripcion,
        d1_0.nombre,
        d1_0.pena_maxima,
        d1_0.pena_minima,
        d1_0.tipo_pena,
        d1_0.valoracion 
    from
        delito d1_0 
    where
        upper(d1_0.nombre) like upper(?) escape '\'
Hibernate: 
    /* <criteria> */ select
        d1_0.id,
        d1_0.actualizado_en,
        d1_0.codigo_penal,
        d1_0.creado_en,
        d1_0.descripcion,
        d1_0.nombre,
        d1_0.pena_maxima,
        d1_0.pena_minima,
        d1_0.tipo_pena,
        d1_0.valoracion 
    from
        delito d1_0 
    where
        upper(d1_0.nombre) like upper(?) escape '\'
&amp#27;[2m2025-05-11T11:17:47.217-03:00&amp#27;[0;39m &amp#27;[32m INFO&amp#27;[0;39m &amp#27;[35m16907&amp#27;[0;39m &amp#27;[2m---&amp#27;[0;39m &amp#27;[2m[           main]&amp#27;[0;39m &amp#27;[2m&amp#27;[0;39m&amp#27;[36mi.StatisticalLoggingSessionEventListener&amp#27;[0;39m &amp#27;[2m:&amp#27;[0;39m Session Metrics {
    5708 nanoseconds spent acquiring 1 JDBC connections;
    0 nanoseconds spent releasing 0 JDBC connections;
    16417 nanoseconds spent preparing 1 JDBC statements;
    964958 nanoseconds spent executing 1 JDBC statements;
    0 nanoseconds spent executing 0 JDBC batches;
    0 nanoseconds spent performing 0 L2C puts;
    0 nanoseconds spent performing 0 L2C hits;
    0 nanoseconds spent performing 0 L2C misses;
    0 nanoseconds spent executing 0 flushes (flushing a total of 0 entities and 0 collections);
    0 nanoseconds spent executing 0 partial-flushes (flushing a total of 0 entities and 0 collections)
}
&amp#27;[2m2025-05-11T11:17:47.217-03:00&amp#27;[0;39m &amp#27;[32mDEBUG&amp#27;[0;39m &amp#27;[35m16907&amp#27;[0;39m &amp#27;[2m---&amp#27;[0;39m &amp#27;[2m[           main]&amp#27;[0;39m &amp#27;[2m&amp#27;[0;39m&amp#27;[36morg.hibernate.SQL                       &amp#27;[0;39m &amp#27;[2m:&amp#27;[0;39m 
    select
        seq_delito.nextval 
    from
        dual
Hibernate: 
    select
        seq_delito.nextval 
    from
        dual
&amp#27;[2m2025-05-11T11:17:47.218-03:00&amp#27;[0;39m &amp#27;[32mDEBUG&amp#27;[0;39m &amp#27;[35m16907&amp#27;[0;39m &amp#27;[2m---&amp#27;[0;39m &amp#27;[2m[           main]&amp#27;[0;39m &amp#27;[2m&amp#27;[0;39m&amp#27;[36morg.hibernate.SQL                       &amp#27;[0;39m &amp#27;[2m:&amp#27;[0;39m 
    /* insert for
        com.cufre.expedientes.model.Delito */insert 
    into
        delito (actualizado_en, codigo_penal, creado_en, descripcion, nombre, pena_maxima, pena_minima, tipo_pena, valoracion, id) 
    values
        (?, ?, ?, ?, ?, ?, ?, ?, ?, ?)
Hibernate: 
    /* insert for
        com.cufre.expedientes.model.Delito */insert 
    into
        delito (actualizado_en, codigo_penal, creado_en, descripcion, nombre, pena_maxima, pena_minima, tipo_pena, valoracion, id) 
    values
        (?, ?, ?, ?, ?, ?, ?, ?, ?, ?)
&amp#27;[2m2025-05-11T11:17:47.220-03:00&amp#27;[0;39m &amp#27;[32m INFO&amp#27;[0;39m &amp#27;[35m16907&amp#27;[0;39m &amp#27;[2m---&amp#27;[0;39m &amp#27;[2m[           main]&amp#27;[0;39m &amp#27;[2m&amp#27;[0;39m&amp#27;[36mi.StatisticalLoggingSessionEventListener&amp#27;[0;39m &amp#27;[2m:&amp#27;[0;39m Session Metrics {
    3083 nanoseconds spent acquiring 1 JDBC connections;
    0 nanoseconds spent releasing 0 JDBC connections;
    16626 nanoseconds spent preparing 2 JDBC statements;
    350416 nanoseconds spent executing 1 JDBC statements;
    431791 nanoseconds spent executing 1 JDBC batches;
    0 nanoseconds spent performing 0 L2C puts;
    0 nanoseconds spent performing 0 L2C hits;
    0 nanoseconds spent performing 0 L2C misses;
    798625 nanoseconds spent executing 1 flushes (flushing a total of 1 entities and 1 collections);
    0 nanoseconds spent executing 0 partial-flushes (flushing a total of 0 entities and 0 collections)
}
&amp#27;[2m2025-05-11T11:17:47.220-03:00&amp#27;[0;39m &amp#27;[32mDEBUG&amp#27;[0;39m &amp#27;[35m16907&amp#27;[0;39m &amp#27;[2m---&amp#27;[0;39m &amp#27;[2m[           main]&amp#27;[0;39m &amp#27;[2m&amp#27;[0;39m&amp#27;[36morg.hibernate.SQL                       &amp#27;[0;39m &amp#27;[2m:&amp#27;[0;39m 
    /* <criteria> */ select
        d1_0.id,
        d1_0.actualizado_en,
        d1_0.codigo_penal,
        d1_0.creado_en,
        d1_0.descripcion,
        d1_0.nombre,
        d1_0.pena_maxima,
        d1_0.pena_minima,
        d1_0.tipo_pena,
        d1_0.valoracion 
    from
        delito d1_0 
    where
        upper(d1_0.nombre) like upper(?) escape '\'
Hibernate: 
    /* <criteria> */ select
        d1_0.id,
        d1_0.actualizado_en,
        d1_0.codigo_penal,
        d1_0.creado_en,
        d1_0.descripcion,
        d1_0.nombre,
        d1_0.pena_maxima,
        d1_0.pena_minima,
        d1_0.tipo_pena,
        d1_0.valoracion 
    from
        delito d1_0 
    where
        upper(d1_0.nombre) like upper(?) escape '\'
&amp#27;[2m2025-05-11T11:17:47.222-03:00&amp#27;[0;39m &amp#27;[32m INFO&amp#27;[0;39m &amp#27;[35m16907&amp#27;[0;39m &amp#27;[2m---&amp#27;[0;39m &amp#27;[2m[           main]&amp#27;[0;39m &amp#27;[2m&amp#27;[0;39m&amp#27;[36mi.StatisticalLoggingSessionEventListener&amp#27;[0;39m &amp#27;[2m:&amp#27;[0;39m Session Metrics {
    10375 nanoseconds spent acquiring 1 JDBC connections;
    0 nanoseconds spent releasing 0 JDBC connections;
    25750 nanoseconds spent preparing 1 JDBC statements;
    1043417 nanoseconds spent executing 1 JDBC statements;
    0 nanoseconds spent executing 0 JDBC batches;
    0 nanoseconds spent performing 0 L2C puts;
    0 nanoseconds spent performing 0 L2C hits;
    0 nanoseconds spent performing 0 L2C misses;
    0 nanoseconds spent executing 0 flushes (flushing a total of 0 entities and 0 collections);
    0 nanoseconds spent executing 0 partial-flushes (flushing a total of 0 entities and 0 collections)
}
&amp#27;[2m2025-05-11T11:17:47.222-03:00&amp#27;[0;39m &amp#27;[32mDEBUG&amp#27;[0;39m &amp#27;[35m16907&amp#27;[0;39m &amp#27;[2m---&amp#27;[0;39m &amp#27;[2m[           main]&amp#27;[0;39m &amp#27;[2m&amp#27;[0;39m&amp#27;[36morg.hibernate.SQL                       &amp#27;[0;39m &amp#27;[2m:&amp#27;[0;39m 
    select
        seq_delito.nextval 
    from
        dual
Hibernate: 
    select
        seq_delito.nextval 
    from
        dual
&amp#27;[2m2025-05-11T11:17:47.223-03:00&amp#27;[0;39m &amp#27;[32mDEBUG&amp#27;[0;39m &amp#27;[35m16907&amp#27;[0;39m &amp#27;[2m---&amp#27;[0;39m &amp#27;[2m[           main]&amp#27;[0;39m &amp#27;[2m&amp#27;[0;39m&amp#27;[36morg.hibernate.SQL                       &amp#27;[0;39m &amp#27;[2m:&amp#27;[0;39m 
    /* insert for
        com.cufre.expedientes.model.Delito */insert 
    into
        delito (actualizado_en, codigo_penal, creado_en, descripcion, nombre, pena_maxima, pena_minima, tipo_pena, valoracion, id) 
    values
        (?, ?, ?, ?, ?, ?, ?, ?, ?, ?)
Hibernate: 
    /* insert for
        com.cufre.expedientes.model.Delito */insert 
    into
        delito (actualizado_en, codigo_penal, creado_en, descripcion, nombre, pena_maxima, pena_minima, tipo_pena, valoracion, id) 
    values
        (?, ?, ?, ?, ?, ?, ?, ?, ?, ?)
&amp#27;[2m2025-05-11T11:17:47.224-03:00&amp#27;[0;39m &amp#27;[32m INFO&amp#27;[0;39m &amp#27;[35m16907&amp#27;[0;39m &amp#27;[2m---&amp#27;[0;39m &amp#27;[2m[           main]&amp#27;[0;39m &amp#27;[2m&amp#27;[0;39m&amp#27;[36mi.StatisticalLoggingSessionEventListener&amp#27;[0;39m &amp#27;[2m:&amp#27;[0;39m Session Metrics {
    5750 nanoseconds spent acquiring 1 JDBC connections;
    0 nanoseconds spent releasing 0 JDBC connections;
    21333 nanoseconds spent preparing 2 JDBC statements;
    305167 nanoseconds spent executing 1 JDBC statements;
    450875 nanoseconds spent executing 1 JDBC batches;
    0 nanoseconds spent performing 0 L2C puts;
    0 nanoseconds spent performing 0 L2C hits;
    0 nanoseconds spent performing 0 L2C misses;
    902917 nanoseconds spent executing 1 flushes (flushing a total of 1 entities and 1 collections);
    0 nanoseconds spent executing 0 partial-flushes (flushing a total of 0 entities and 0 collections)
}
&amp#27;[2m2025-05-11T11:17:47.225-03:00&amp#27;[0;39m &amp#27;[32mDEBUG&amp#27;[0;39m &amp#27;[35m16907&amp#27;[0;39m &amp#27;[2m---&amp#27;[0;39m &amp#27;[2m[           main]&amp#27;[0;39m &amp#27;[2m&amp#27;[0;39m&amp#27;[36morg.hibernate.SQL                       &amp#27;[0;39m &amp#27;[2m:&amp#27;[0;39m 
    /* <criteria> */ select
        d1_0.id,
        d1_0.actualizado_en,
        d1_0.codigo_penal,
        d1_0.creado_en,
        d1_0.descripcion,
        d1_0.nombre,
        d1_0.pena_maxima,
        d1_0.pena_minima,
        d1_0.tipo_pena,
        d1_0.valoracion 
    from
        delito d1_0 
    where
        upper(d1_0.nombre) like upper(?) escape '\'
Hibernate: 
    /* <criteria> */ select
        d1_0.id,
        d1_0.actualizado_en,
        d1_0.codigo_penal,
        d1_0.creado_en,
        d1_0.descripcion,
        d1_0.nombre,
        d1_0.pena_maxima,
        d1_0.pena_minima,
        d1_0.tipo_pena,
        d1_0.valoracion 
    from
        delito d1_0 
    where
        upper(d1_0.nombre) like upper(?) escape '\'
&amp#27;[2m2025-05-11T11:17:47.226-03:00&amp#27;[0;39m &amp#27;[32m INFO&amp#27;[0;39m &amp#27;[35m16907&amp#27;[0;39m &amp#27;[2m---&amp#27;[0;39m &amp#27;[2m[           main]&amp#27;[0;39m &amp#27;[2m&amp#27;[0;39m&amp#27;[36mi.StatisticalLoggingSessionEventListener&amp#27;[0;39m &amp#27;[2m:&amp#27;[0;39m Session Metrics {
    6958 nanoseconds spent acquiring 1 JDBC connections;
    0 nanoseconds spent releasing 0 JDBC connections;
    22375 nanoseconds spent preparing 1 JDBC statements;
    1240875 nanoseconds spent executing 1 JDBC statements;
    0 nanoseconds spent executing 0 JDBC batches;
    0 nanoseconds spent performing 0 L2C puts;
    0 nanoseconds spent performing 0 L2C hits;
    0 nanoseconds spent performing 0 L2C misses;
    0 nanoseconds spent executing 0 flushes (flushing a total of 0 entities and 0 collections);
    0 nanoseconds spent executing 0 partial-flushes (flushing a total of 0 entities and 0 collections)
}
&amp#27;[2m2025-05-11T11:17:47.227-03:00&amp#27;[0;39m &amp#27;[32mDEBUG&amp#27;[0;39m &amp#27;[35m16907&amp#27;[0;39m &amp#27;[2m---&amp#27;[0;39m &amp#27;[2m[           main]&amp#27;[0;39m &amp#27;[2m&amp#27;[0;39m&amp#27;[36morg.hibernate.SQL                       &amp#27;[0;39m &amp#27;[2m:&amp#27;[0;39m 
    select
        seq_delito.nextval 
    from
        dual
Hibernate: 
    select
        seq_delito.nextval 
    from
        dual
&amp#27;[2m2025-05-11T11:17:47.228-03:00&amp#27;[0;39m &amp#27;[32mDEBUG&amp#27;[0;39m &amp#27;[35m16907&amp#27;[0;39m &amp#27;[2m---&amp#27;[0;39m &amp#27;[2m[           main]&amp#27;[0;39m &amp#27;[2m&amp#27;[0;39m&amp#27;[36morg.hibernate.SQL                       &amp#27;[0;39m &amp#27;[2m:&amp#27;[0;39m 
    /* insert for
        com.cufre.expedientes.model.Delito */insert 
    into
        delito (actualizado_en, codigo_penal, creado_en, descripcion, nombre, pena_maxima, pena_minima, tipo_pena, valoracion, id) 
    values
        (?, ?, ?, ?, ?, ?, ?, ?, ?, ?)
Hibernate: 
    /* insert for
        com.cufre.expedientes.model.Delito */insert 
    into
        delito (actualizado_en, codigo_penal, creado_en, descripcion, nombre, pena_maxima, pena_minima, tipo_pena, valoracion, id) 
    values
        (?, ?, ?, ?, ?, ?, ?, ?, ?, ?)
&amp#27;[2m2025-05-11T11:17:47.229-03:00&amp#27;[0;39m &amp#27;[32m INFO&amp#27;[0;39m &amp#27;[35m16907&amp#27;[0;39m &amp#27;[2m---&amp#27;[0;39m &amp#27;[2m[           main]&amp#27;[0;39m &amp#27;[2m&amp#27;[0;39m&amp#27;[36mi.StatisticalLoggingSessionEventListener&amp#27;[0;39m &amp#27;[2m:&amp#27;[0;39m Session Metrics {
    4125 nanoseconds spent acquiring 1 JDBC connections;
    0 nanoseconds spent releasing 0 JDBC connections;
    15876 nanoseconds spent preparing 2 JDBC statements;
    873292 nanoseconds spent executing 1 JDBC statements;
    500000 nanoseconds spent executing 1 JDBC batches;
    0 nanoseconds spent performing 0 L2C puts;
    0 nanoseconds spent performing 0 L2C hits;
    0 nanoseconds spent performing 0 L2C misses;
    1021250 nanoseconds spent executing 1 flushes (flushing a total of 1 entities and 1 collections);
    0 nanoseconds spent executing 0 partial-flushes (flushing a total of 0 entities and 0 collections)
}
&amp#27;[2m2025-05-11T11:17:47.230-03:00&amp#27;[0;39m &amp#27;[32mDEBUG&amp#27;[0;39m &amp#27;[35m16907&amp#27;[0;39m &amp#27;[2m---&amp#27;[0;39m &amp#27;[2m[           main]&amp#27;[0;39m &amp#27;[2m&amp#27;[0;39m&amp#27;[36morg.hibernate.SQL                       &amp#27;[0;39m &amp#27;[2m:&amp#27;[0;39m 
    /* <criteria> */ select
        d1_0.id,
        d1_0.actualizado_en,
        d1_0.codigo_penal,
        d1_0.creado_en,
        d1_0.descripcion,
        d1_0.nombre,
        d1_0.pena_maxima,
        d1_0.pena_minima,
        d1_0.tipo_pena,
        d1_0.valoracion 
    from
        delito d1_0 
    where
        upper(d1_0.nombre) like upper(?) escape '\'
Hibernate: 
    /* <criteria> */ select
        d1_0.id,
        d1_0.actualizado_en,
        d1_0.codigo_penal,
        d1_0.creado_en,
        d1_0.descripcion,
        d1_0.nombre,
        d1_0.pena_maxima,
        d1_0.pena_minima,
        d1_0.tipo_pena,
        d1_0.valoracion 
    from
        delito d1_0 
    where
        upper(d1_0.nombre) like upper(?) escape '\'
&amp#27;[2m2025-05-11T11:17:47.231-03:00&amp#27;[0;39m &amp#27;[32m INFO&amp#27;[0;39m &amp#27;[35m16907&amp#27;[0;39m &amp#27;[2m---&amp#27;[0;39m &amp#27;[2m[           main]&amp#27;[0;39m &amp#27;[2m&amp#27;[0;39m&amp#27;[36mi.StatisticalLoggingSessionEventListener&amp#27;[0;39m &amp#27;[2m:&amp#27;[0;39m Session Metrics {
    5375 nanoseconds spent acquiring 1 JDBC connections;
    0 nanoseconds spent releasing 0 JDBC connections;
    15500 nanoseconds spent preparing 1 JDBC statements;
    1025250 nanoseconds spent executing 1 JDBC statements;
    0 nanoseconds spent executing 0 JDBC batches;
    0 nanoseconds spent performing 0 L2C puts;
    0 nanoseconds spent performing 0 L2C hits;
    0 nanoseconds spent performing 0 L2C misses;
    0 nanoseconds spent executing 0 flushes (flushing a total of 0 entities and 0 collections);
    0 nanoseconds spent executing 0 partial-flushes (flushing a total of 0 entities and 0 collections)
}
&amp#27;[2m2025-05-11T11:17:47.231-03:00&amp#27;[0;39m &amp#27;[32mDEBUG&amp#27;[0;39m &amp#27;[35m16907&amp#27;[0;39m &amp#27;[2m---&amp#27;[0;39m &amp#27;[2m[           main]&amp#27;[0;39m &amp#27;[2m&amp#27;[0;39m&amp#27;[36morg.hibernate.SQL                       &amp#27;[0;39m &amp#27;[2m:&amp#27;[0;39m 
    select
        seq_delito.nextval 
    from
        dual
Hibernate: 
    select
        seq_delito.nextval 
    from
        dual
&amp#27;[2m2025-05-11T11:17:47.232-03:00&amp#27;[0;39m &amp#27;[32mDEBUG&amp#27;[0;39m &amp#27;[35m16907&amp#27;[0;39m &amp#27;[2m---&amp#27;[0;39m &amp#27;[2m[           main]&amp#27;[0;39m &amp#27;[2m&amp#27;[0;39m&amp#27;[36morg.hibernate.SQL                       &amp#27;[0;39m &amp#27;[2m:&amp#27;[0;39m 
    /* insert for
        com.cufre.expedientes.model.Delito */insert 
    into
        delito (actualizado_en, codigo_penal, creado_en, descripcion, nombre, pena_maxima, pena_minima, tipo_pena, valoracion, id) 
    values
        (?, ?, ?, ?, ?, ?, ?, ?, ?, ?)
Hibernate: 
    /* insert for
        com.cufre.expedientes.model.Delito */insert 
    into
        delito (actualizado_en, codigo_penal, creado_en, descripcion, nombre, pena_maxima, pena_minima, tipo_pena, valoracion, id) 
    values
        (?, ?, ?, ?, ?, ?, ?, ?, ?, ?)
&amp#27;[2m2025-05-11T11:17:47.233-03:00&amp#27;[0;39m &amp#27;[32m INFO&amp#27;[0;39m &amp#27;[35m16907&amp#27;[0;39m &amp#27;[2m---&amp#27;[0;39m &amp#27;[2m[           main]&amp#27;[0;39m &amp#27;[2m&amp#27;[0;39m&amp#27;[36mi.StatisticalLoggingSessionEventListener&amp#27;[0;39m &amp#27;[2m:&amp#27;[0;39m Session Metrics {
    3416 nanoseconds spent acquiring 1 JDBC connections;
    0 nanoseconds spent releasing 0 JDBC connections;
    12083 nanoseconds spent preparing 2 JDBC statements;
    301250 nanoseconds spent executing 1 JDBC statements;
    396208 nanoseconds spent executing 1 JDBC batches;
    0 nanoseconds spent performing 0 L2C puts;
    0 nanoseconds spent performing 0 L2C hits;
    0 nanoseconds spent performing 0 L2C misses;
    708083 nanoseconds spent executing 1 flushes (flushing a total of 1 entities and 1 collections);
    0 nanoseconds spent executing 0 partial-flushes (flushing a total of 0 entities and 0 collections)
}
&amp#27;[2m2025-05-11T11:17:47.234-03:00&amp#27;[0;39m &amp#27;[32mDEBUG&amp#27;[0;39m &amp#27;[35m16907&amp#27;[0;39m &amp#27;[2m---&amp#27;[0;39m &amp#27;[2m[           main]&amp#27;[0;39m &amp#27;[2m&amp#27;[0;39m&amp#27;[36morg.hibernate.SQL                       &amp#27;[0;39m &amp#27;[2m:&amp#27;[0;39m 
    /* <criteria> */ select
        d1_0.id,
        d1_0.actualizado_en,
        d1_0.codigo_penal,
        d1_0.creado_en,
        d1_0.descripcion,
        d1_0.nombre,
        d1_0.pena_maxima,
        d1_0.pena_minima,
        d1_0.tipo_pena,
        d1_0.valoracion 
    from
        delito d1_0 
    where
        upper(d1_0.nombre) like upper(?) escape '\'
Hibernate: 
    /* <criteria> */ select
        d1_0.id,
        d1_0.actualizado_en,
        d1_0.codigo_penal,
        d1_0.creado_en,
        d1_0.descripcion,
        d1_0.nombre,
        d1_0.pena_maxima,
        d1_0.pena_minima,
        d1_0.tipo_pena,
        d1_0.valoracion 
    from
        delito d1_0 
    where
        upper(d1_0.nombre) like upper(?) escape '\'
&amp#27;[2m2025-05-11T11:17:47.235-03:00&amp#27;[0;39m &amp#27;[32m INFO&amp#27;[0;39m &amp#27;[35m16907&amp#27;[0;39m &amp#27;[2m---&amp#27;[0;39m &amp#27;[2m[           main]&amp#27;[0;39m &amp#27;[2m&amp#27;[0;39m&amp#27;[36mi.StatisticalLoggingSessionEventListener&amp#27;[0;39m &amp#27;[2m:&amp#27;[0;39m Session Metrics {
    4875 nanoseconds spent acquiring 1 JDBC connections;
    0 nanoseconds spent releasing 0 JDBC connections;
    14750 nanoseconds spent preparing 1 JDBC statements;
    996750 nanoseconds spent executing 1 JDBC statements;
    0 nanoseconds spent executing 0 JDBC batches;
    0 nanoseconds spent performing 0 L2C puts;
    0 nanoseconds spent performing 0 L2C hits;
    0 nanoseconds spent performing 0 L2C misses;
    0 nanoseconds spent executing 0 flushes (flushing a total of 0 entities and 0 collections);
    0 nanoseconds spent executing 0 partial-flushes (flushing a total of 0 entities and 0 collections)
}
&amp#27;[2m2025-05-11T11:17:47.235-03:00&amp#27;[0;39m &amp#27;[32mDEBUG&amp#27;[0;39m &amp#27;[35m16907&amp#27;[0;39m &amp#27;[2m---&amp#27;[0;39m &amp#27;[2m[           main]&amp#27;[0;39m &amp#27;[2m&amp#27;[0;39m&amp#27;[36morg.hibernate.SQL                       &amp#27;[0;39m &amp#27;[2m:&amp#27;[0;39m 
    select
        seq_delito.nextval 
    from
        dual
Hibernate: 
    select
        seq_delito.nextval 
    from
        dual
&amp#27;[2m2025-05-11T11:17:47.236-03:00&amp#27;[0;39m &amp#27;[32mDEBUG&amp#27;[0;39m &amp#27;[35m16907&amp#27;[0;39m &amp#27;[2m---&amp#27;[0;39m &amp#27;[2m[           main]&amp#27;[0;39m &amp#27;[2m&amp#27;[0;39m&amp#27;[36morg.hibernate.SQL                       &amp#27;[0;39m &amp#27;[2m:&amp#27;[0;39m 
    /* insert for
        com.cufre.expedientes.model.Delito */insert 
    into
        delito (actualizado_en, codigo_penal, creado_en, descripcion, nombre, pena_maxima, pena_minima, tipo_pena, valoracion, id) 
    values
        (?, ?, ?, ?, ?, ?, ?, ?, ?, ?)
Hibernate: 
    /* insert for
        com.cufre.expedientes.model.Delito */insert 
    into
        delito (actualizado_en, codigo_penal, creado_en, descripcion, nombre, pena_maxima, pena_minima, tipo_pena, valoracion, id) 
    values
        (?, ?, ?, ?, ?, ?, ?, ?, ?, ?)
&amp#27;[2m2025-05-11T11:17:47.237-03:00&amp#27;[0;39m &amp#27;[32m INFO&amp#27;[0;39m &amp#27;[35m16907&amp#27;[0;39m &amp#27;[2m---&amp#27;[0;39m &amp#27;[2m[           main]&amp#27;[0;39m &amp#27;[2m&amp#27;[0;39m&amp#27;[36mi.StatisticalLoggingSessionEventListener&amp#27;[0;39m &amp#27;[2m:&amp#27;[0;39m Session Metrics {
    3291 nanoseconds spent acquiring 1 JDBC connections;
    0 nanoseconds spent releasing 0 JDBC connections;
    16417 nanoseconds spent preparing 2 JDBC statements;
    360792 nanoseconds spent executing 1 JDBC statements;
    446666 nanoseconds spent executing 1 JDBC batches;
    0 nanoseconds spent performing 0 L2C puts;
    0 nanoseconds spent performing 0 L2C hits;
    0 nanoseconds spent performing 0 L2C misses;
    740083 nanoseconds spent executing 1 flushes (flushing a total of 1 entities and 1 collections);
    0 nanoseconds spent executing 0 partial-flushes (flushing a total of 0 entities and 0 collections)
}
&amp#27;[2m2025-05-11T11:17:47.237-03:00&amp#27;[0;39m &amp#27;[32mDEBUG&amp#27;[0;39m &amp#27;[35m16907&amp#27;[0;39m &amp#27;[2m---&amp#27;[0;39m &amp#27;[2m[           main]&amp#27;[0;39m &amp#27;[2m&amp#27;[0;39m&amp#27;[36morg.hibernate.SQL                       &amp#27;[0;39m &amp#27;[2m:&amp#27;[0;39m 
    /* <criteria> */ select
        d1_0.id,
        d1_0.actualizado_en,
        d1_0.codigo_penal,
        d1_0.creado_en,
        d1_0.descripcion,
        d1_0.nombre,
        d1_0.pena_maxima,
        d1_0.pena_minima,
        d1_0.tipo_pena,
        d1_0.valoracion 
    from
        delito d1_0 
    where
        upper(d1_0.nombre) like upper(?) escape '\'
Hibernate: 
    /* <criteria> */ select
        d1_0.id,
        d1_0.actualizado_en,
        d1_0.codigo_penal,
        d1_0.creado_en,
        d1_0.descripcion,
        d1_0.nombre,
        d1_0.pena_maxima,
        d1_0.pena_minima,
        d1_0.tipo_pena,
        d1_0.valoracion 
    from
        delito d1_0 
    where
        upper(d1_0.nombre) like upper(?) escape '\'
&amp#27;[2m2025-05-11T11:17:47.239-03:00&amp#27;[0;39m &amp#27;[32m INFO&amp#27;[0;39m &amp#27;[35m16907&amp#27;[0;39m &amp#27;[2m---&amp#27;[0;39m &amp#27;[2m[           main]&amp#27;[0;39m &amp#27;[2m&amp#27;[0;39m&amp#27;[36mi.StatisticalLoggingSessionEventListener&amp#27;[0;39m &amp#27;[2m:&amp#27;[0;39m Session Metrics {
    4250 nanoseconds spent acquiring 1 JDBC connections;
    0 nanoseconds spent releasing 0 JDBC connections;
    23333 nanoseconds spent preparing 1 JDBC statements;
    983625 nanoseconds spent executing 1 JDBC statements;
    0 nanoseconds spent executing 0 JDBC batches;
    0 nanoseconds spent performing 0 L2C puts;
    0 nanoseconds spent performing 0 L2C hits;
    0 nanoseconds spent performing 0 L2C misses;
    0 nanoseconds spent executing 0 flushes (flushing a total of 0 entities and 0 collections);
    0 nanoseconds spent executing 0 partial-flushes (flushing a total of 0 entities and 0 collections)
}
&amp#27;[2m2025-05-11T11:17:47.239-03:00&amp#27;[0;39m &amp#27;[32mDEBUG&amp#27;[0;39m &amp#27;[35m16907&amp#27;[0;39m &amp#27;[2m---&amp#27;[0;39m &amp#27;[2m[           main]&amp#27;[0;39m &amp#27;[2m&amp#27;[0;39m&amp#27;[36morg.hibernate.SQL                       &amp#27;[0;39m &amp#27;[2m:&amp#27;[0;39m 
    select
        seq_delito.nextval 
    from
        dual
Hibernate: 
    select
        seq_delito.nextval 
    from
        dual
&amp#27;[2m2025-05-11T11:17:47.239-03:00&amp#27;[0;39m &amp#27;[32mDEBUG&amp#27;[0;39m &amp#27;[35m16907&amp#27;[0;39m &amp#27;[2m---&amp#27;[0;39m &amp#27;[2m[           main]&amp#27;[0;39m &amp#27;[2m&amp#27;[0;39m&amp#27;[36morg.hibernate.SQL                       &amp#27;[0;39m &amp#27;[2m:&amp#27;[0;39m 
    /* insert for
        com.cufre.expedientes.model.Delito */insert 
    into
        delito (actualizado_en, codigo_penal, creado_en, descripcion, nombre, pena_maxima, pena_minima, tipo_pena, valoracion, id) 
    values
        (?, ?, ?, ?, ?, ?, ?, ?, ?, ?)
Hibernate: 
    /* insert for
        com.cufre.expedientes.model.Delito */insert 
    into
        delito (actualizado_en, codigo_penal, creado_en, descripcion, nombre, pena_maxima, pena_minima, tipo_pena, valoracion, id) 
    values
        (?, ?, ?, ?, ?, ?, ?, ?, ?, ?)
&amp#27;[2m2025-05-11T11:17:47.240-03:00&amp#27;[0;39m &amp#27;[32m INFO&amp#27;[0;39m &amp#27;[35m16907&amp#27;[0;39m &amp#27;[2m---&amp#27;[0;39m &amp#27;[2m[           main]&amp#27;[0;39m &amp#27;[2m&amp#27;[0;39m&amp#27;[36mi.StatisticalLoggingSessionEventListener&amp#27;[0;39m &amp#27;[2m:&amp#27;[0;39m Session Metrics {
    3125 nanoseconds spent acquiring 1 JDBC connections;
    0 nanoseconds spent releasing 0 JDBC connections;
    11625 nanoseconds spent preparing 2 JDBC statements;
    279333 nanoseconds spent executing 1 JDBC statements;
    410084 nanoseconds spent executing 1 JDBC batches;
    0 nanoseconds spent performing 0 L2C puts;
    0 nanoseconds spent performing 0 L2C hits;
    0 nanoseconds spent performing 0 L2C misses;
    692000 nanoseconds spent executing 1 flushes (flushing a total of 1 entities and 1 collections);
    0 nanoseconds spent executing 0 partial-flushes (flushing a total of 0 entities and 0 collections)
}
&amp#27;[2m2025-05-11T11:17:47.241-03:00&amp#27;[0;39m &amp#27;[32mDEBUG&amp#27;[0;39m &amp#27;[35m16907&amp#27;[0;39m &amp#27;[2m---&amp#27;[0;39m &amp#27;[2m[           main]&amp#27;[0;39m &amp#27;[2m&amp#27;[0;39m&amp#27;[36morg.hibernate.SQL                       &amp#27;[0;39m &amp#27;[2m:&amp#27;[0;39m 
    /* <criteria> */ select
        d1_0.id,
        d1_0.actualizado_en,
        d1_0.codigo_penal,
        d1_0.creado_en,
        d1_0.descripcion,
        d1_0.nombre,
        d1_0.pena_maxima,
        d1_0.pena_minima,
        d1_0.tipo_pena,
        d1_0.valoracion 
    from
        delito d1_0 
    where
        upper(d1_0.nombre) like upper(?) escape '\'
Hibernate: 
    /* <criteria> */ select
        d1_0.id,
        d1_0.actualizado_en,
        d1_0.codigo_penal,
        d1_0.creado_en,
        d1_0.descripcion,
        d1_0.nombre,
        d1_0.pena_maxima,
        d1_0.pena_minima,
        d1_0.tipo_pena,
        d1_0.valoracion 
    from
        delito d1_0 
    where
        upper(d1_0.nombre) like upper(?) escape '\'
&amp#27;[2m2025-05-11T11:17:47.242-03:00&amp#27;[0;39m &amp#27;[32m INFO&amp#27;[0;39m &amp#27;[35m16907&amp#27;[0;39m &amp#27;[2m---&amp#27;[0;39m &amp#27;[2m[           main]&amp#27;[0;39m &amp#27;[2m&amp#27;[0;39m&amp#27;[36mi.StatisticalLoggingSessionEventListener&amp#27;[0;39m &amp#27;[2m:&amp#27;[0;39m Session Metrics {
    5042 nanoseconds spent acquiring 1 JDBC connections;
    0 nanoseconds spent releasing 0 JDBC connections;
    26333 nanoseconds spent preparing 1 JDBC statements;
    1022709 nanoseconds spent executing 1 JDBC statements;
    0 nanoseconds spent executing 0 JDBC batches;
    0 nanoseconds spent performing 0 L2C puts;
    0 nanoseconds spent performing 0 L2C hits;
    0 nanoseconds spent performing 0 L2C misses;
    0 nanoseconds spent executing 0 flushes (flushing a total of 0 entities and 0 collections);
    0 nanoseconds spent executing 0 partial-flushes (flushing a total of 0 entities and 0 collections)
}
&amp#27;[2m2025-05-11T11:17:47.242-03:00&amp#27;[0;39m &amp#27;[32mDEBUG&amp#27;[0;39m &amp#27;[35m16907&amp#27;[0;39m &amp#27;[2m---&amp#27;[0;39m &amp#27;[2m[           main]&amp#27;[0;39m &amp#27;[2m&amp#27;[0;39m&amp#27;[36morg.hibernate.SQL                       &amp#27;[0;39m &amp#27;[2m:&amp#27;[0;39m 
    select
        seq_delito.nextval 
    from
        dual
Hibernate: 
    select
        seq_delito.nextval 
    from
        dual
&amp#27;[2m2025-05-11T11:17:47.243-03:00&amp#27;[0;39m &amp#27;[32mDEBUG&amp#27;[0;39m &amp#27;[35m16907&amp#27;[0;39m &amp#27;[2m---&amp#27;[0;39m &amp#27;[2m[           main]&amp#27;[0;39m &amp#27;[2m&amp#27;[0;39m&amp#27;[36morg.hibernate.SQL                       &amp#27;[0;39m &amp#27;[2m:&amp#27;[0;39m 
    /* insert for
        com.cufre.expedientes.model.Delito */insert 
    into
        delito (actualizado_en, codigo_penal, creado_en, descripcion, nombre, pena_maxima, pena_minima, tipo_pena, valoracion, id) 
    values
        (?, ?, ?, ?, ?, ?, ?, ?, ?, ?)
Hibernate: 
    /* insert for
        com.cufre.expedientes.model.Delito */insert 
    into
        delito (actualizado_en, codigo_penal, creado_en, descripcion, nombre, pena_maxima, pena_minima, tipo_pena, valoracion, id) 
    values
        (?, ?, ?, ?, ?, ?, ?, ?, ?, ?)
&amp#27;[2m2025-05-11T11:17:47.244-03:00&amp#27;[0;39m &amp#27;[32m INFO&amp#27;[0;39m &amp#27;[35m16907&amp#27;[0;39m &amp#27;[2m---&amp#27;[0;39m &amp#27;[2m[           main]&amp#27;[0;39m &amp#27;[2m&amp#27;[0;39m&amp#27;[36mi.StatisticalLoggingSessionEventListener&amp#27;[0;39m &amp#27;[2m:&amp#27;[0;39m Session Metrics {
    3375 nanoseconds spent acquiring 1 JDBC connections;
    0 nanoseconds spent releasing 0 JDBC connections;
    32250 nanoseconds spent preparing 2 JDBC statements;
    261500 nanoseconds spent executing 1 JDBC statements;
    377417 nanoseconds spent executing 1 JDBC batches;
    0 nanoseconds spent performing 0 L2C puts;
    0 nanoseconds spent performing 0 L2C hits;
    0 nanoseconds spent performing 0 L2C misses;
    660917 nanoseconds spent executing 1 flushes (flushing a total of 1 entities and 1 collections);
    0 nanoseconds spent executing 0 partial-flushes (flushing a total of 0 entities and 0 collections)
}
&amp#27;[2m2025-05-11T11:17:47.245-03:00&amp#27;[0;39m &amp#27;[32mDEBUG&amp#27;[0;39m &amp#27;[35m16907&amp#27;[0;39m &amp#27;[2m---&amp#27;[0;39m &amp#27;[2m[           main]&amp#27;[0;39m &amp#27;[2m&amp#27;[0;39m&amp#27;[36morg.hibernate.SQL                       &amp#27;[0;39m &amp#27;[2m:&amp#27;[0;39m 
    /* <criteria> */ select
        d1_0.id,
        d1_0.actualizado_en,
        d1_0.codigo_penal,
        d1_0.creado_en,
        d1_0.descripcion,
        d1_0.nombre,
        d1_0.pena_maxima,
        d1_0.pena_minima,
        d1_0.tipo_pena,
        d1_0.valoracion 
    from
        delito d1_0 
    where
        upper(d1_0.nombre) like upper(?) escape '\'
Hibernate: 
    /* <criteria> */ select
        d1_0.id,
        d1_0.actualizado_en,
        d1_0.codigo_penal,
        d1_0.creado_en,
        d1_0.descripcion,
        d1_0.nombre,
        d1_0.pena_maxima,
        d1_0.pena_minima,
        d1_0.tipo_pena,
        d1_0.valoracion 
    from
        delito d1_0 
    where
        upper(d1_0.nombre) like upper(?) escape '\'
&amp#27;[2m2025-05-11T11:17:47.246-03:00&amp#27;[0;39m &amp#27;[32m INFO&amp#27;[0;39m &amp#27;[35m16907&amp#27;[0;39m &amp#27;[2m---&amp#27;[0;39m &amp#27;[2m[           main]&amp#27;[0;39m &amp#27;[2m&amp#27;[0;39m&amp#27;[36mi.StatisticalLoggingSessionEventListener&amp#27;[0;39m &amp#27;[2m:&amp#27;[0;39m Session Metrics {
    4917 nanoseconds spent acquiring 1 JDBC connections;
    0 nanoseconds spent releasing 0 JDBC connections;
    13875 nanoseconds spent preparing 1 JDBC statements;
    874625 nanoseconds spent executing 1 JDBC statements;
    0 nanoseconds spent executing 0 JDBC batches;
    0 nanoseconds spent performing 0 L2C puts;
    0 nanoseconds spent performing 0 L2C hits;
    0 nanoseconds spent performing 0 L2C misses;
    0 nanoseconds spent executing 0 flushes (flushing a total of 0 entities and 0 collections);
    0 nanoseconds spent executing 0 partial-flushes (flushing a total of 0 entities and 0 collections)
}
&amp#27;[2m2025-05-11T11:17:47.246-03:00&amp#27;[0;39m &amp#27;[32mDEBUG&amp#27;[0;39m &amp#27;[35m16907&amp#27;[0;39m &amp#27;[2m---&amp#27;[0;39m &amp#27;[2m[           main]&amp#27;[0;39m &amp#27;[2m&amp#27;[0;39m&amp#27;[36morg.hibernate.SQL                       &amp#27;[0;39m &amp#27;[2m:&amp#27;[0;39m 
    /* <criteria> */ select
        d1_0.id,
        d1_0.actualizado_en,
        d1_0.codigo_penal,
        d1_0.creado_en,
        d1_0.descripcion,
        d1_0.nombre,
        d1_0.pena_maxima,
        d1_0.pena_minima,
        d1_0.tipo_pena,
        d1_0.valoracion 
    from
        delito d1_0 
    where
        upper(d1_0.nombre) like upper(?) escape '\'
Hibernate: 
    /* <criteria> */ select
        d1_0.id,
        d1_0.actualizado_en,
        d1_0.codigo_penal,
        d1_0.creado_en,
        d1_0.descripcion,
        d1_0.nombre,
        d1_0.pena_maxima,
        d1_0.pena_minima,
        d1_0.tipo_pena,
        d1_0.valoracion 
    from
        delito d1_0 
    where
        upper(d1_0.nombre) like upper(?) escape '\'
&amp#27;[2m2025-05-11T11:17:47.248-03:00&amp#27;[0;39m &amp#27;[32m INFO&amp#27;[0;39m &amp#27;[35m16907&amp#27;[0;39m &amp#27;[2m---&amp#27;[0;39m &amp#27;[2m[           main]&amp#27;[0;39m &amp#27;[2m&amp#27;[0;39m&amp#27;[36mi.StatisticalLoggingSessionEventListener&amp#27;[0;39m &amp#27;[2m:&amp#27;[0;39m Session Metrics {
    4250 nanoseconds spent acquiring 1 JDBC connections;
    0 nanoseconds spent releasing 0 JDBC connections;
    12667 nanoseconds spent preparing 1 JDBC statements;
    1063417 nanoseconds spent executing 1 JDBC statements;
    0 nanoseconds spent executing 0 JDBC batches;
    0 nanoseconds spent performing 0 L2C puts;
    0 nanoseconds spent performing 0 L2C hits;
    0 nanoseconds spent performing 0 L2C misses;
    0 nanoseconds spent executing 0 flushes (flushing a total of 0 entities and 0 collections);
    0 nanoseconds spent executing 0 partial-flushes (flushing a total of 0 entities and 0 collections)
}
&amp#27;[2m2025-05-11T11:17:47.248-03:00&amp#27;[0;39m &amp#27;[32mDEBUG&amp#27;[0;39m &amp#27;[35m16907&amp#27;[0;39m &amp#27;[2m---&amp#27;[0;39m &amp#27;[2m[           main]&amp#27;[0;39m &amp#27;[2m&amp#27;[0;39m&amp#27;[36morg.hibernate.SQL                       &amp#27;[0;39m &amp#27;[2m:&amp#27;[0;39m 
    select
        seq_delito.nextval 
    from
        dual
Hibernate: 
    select
        seq_delito.nextval 
    from
        dual
&amp#27;[2m2025-05-11T11:17:47.248-03:00&amp#27;[0;39m &amp#27;[32mDEBUG&amp#27;[0;39m &amp#27;[35m16907&amp#27;[0;39m &amp#27;[2m---&amp#27;[0;39m &amp#27;[2m[           main]&amp#27;[0;39m &amp#27;[2m&amp#27;[0;39m&amp#27;[36morg.hibernate.SQL                       &amp#27;[0;39m &amp#27;[2m:&amp#27;[0;39m 
    /* insert for
        com.cufre.expedientes.model.Delito */insert 
    into
        delito (actualizado_en, codigo_penal, creado_en, descripcion, nombre, pena_maxima, pena_minima, tipo_pena, valoracion, id) 
    values
        (?, ?, ?, ?, ?, ?, ?, ?, ?, ?)
Hibernate: 
    /* insert for
        com.cufre.expedientes.model.Delito */insert 
    into
        delito (actualizado_en, codigo_penal, creado_en, descripcion, nombre, pena_maxima, pena_minima, tipo_pena, valoracion, id) 
    values
        (?, ?, ?, ?, ?, ?, ?, ?, ?, ?)
&amp#27;[2m2025-05-11T11:17:47.250-03:00&amp#27;[0;39m &amp#27;[32m INFO&amp#27;[0;39m &amp#27;[35m16907&amp#27;[0;39m &amp#27;[2m---&amp#27;[0;39m &amp#27;[2m[           main]&amp#27;[0;39m &amp#27;[2m&amp#27;[0;39m&amp#27;[36mi.StatisticalLoggingSessionEventListener&amp#27;[0;39m &amp#27;[2m:&amp#27;[0;39m Session Metrics {
    4083 nanoseconds spent acquiring 1 JDBC connections;
    0 nanoseconds spent releasing 0 JDBC connections;
    11375 nanoseconds spent preparing 2 JDBC statements;
    314792 nanoseconds spent executing 1 JDBC statements;
    439750 nanoseconds spent executing 1 JDBC batches;
    0 nanoseconds spent performing 0 L2C puts;
    0 nanoseconds spent performing 0 L2C hits;
    0 nanoseconds spent performing 0 L2C misses;
    727167 nanoseconds spent executing 1 flushes (flushing a total of 1 entities and 1 collections);
    0 nanoseconds spent executing 0 partial-flushes (flushing a total of 0 entities and 0 collections)
}
&amp#27;[2m2025-05-11T11:17:47.250-03:00&amp#27;[0;39m &amp#27;[32mDEBUG&amp#27;[0;39m &amp#27;[35m16907&amp#27;[0;39m &amp#27;[2m---&amp#27;[0;39m &amp#27;[2m[           main]&amp#27;[0;39m &amp#27;[2m&amp#27;[0;39m&amp#27;[36morg.hibernate.SQL                       &amp#27;[0;39m &amp#27;[2m:&amp#27;[0;39m 
    /* <criteria> */ select
        d1_0.id,
        d1_0.actualizado_en,
        d1_0.codigo_penal,
        d1_0.creado_en,
        d1_0.descripcion,
        d1_0.nombre,
        d1_0.pena_maxima,
        d1_0.pena_minima,
        d1_0.tipo_pena,
        d1_0.valoracion 
    from
        delito d1_0 
    where
        upper(d1_0.nombre) like upper(?) escape '\'
Hibernate: 
    /* <criteria> */ select
        d1_0.id,
        d1_0.actualizado_en,
        d1_0.codigo_penal,
        d1_0.creado_en,
        d1_0.descripcion,
        d1_0.nombre,
        d1_0.pena_maxima,
        d1_0.pena_minima,
        d1_0.tipo_pena,
        d1_0.valoracion 
    from
        delito d1_0 
    where
        upper(d1_0.nombre) like upper(?) escape '\'
&amp#27;[2m2025-05-11T11:17:47.251-03:00&amp#27;[0;39m &amp#27;[32m INFO&amp#27;[0;39m &amp#27;[35m16907&amp#27;[0;39m &amp#27;[2m---&amp#27;[0;39m &amp#27;[2m[           main]&amp#27;[0;39m &amp#27;[2m&amp#27;[0;39m&amp#27;[36mi.StatisticalLoggingSessionEventListener&amp#27;[0;39m &amp#27;[2m:&amp#27;[0;39m Session Metrics {
    4333 nanoseconds spent acquiring 1 JDBC connections;
    0 nanoseconds spent releasing 0 JDBC connections;
    12250 nanoseconds spent preparing 1 JDBC statements;
    883291 nanoseconds spent executing 1 JDBC statements;
    0 nanoseconds spent executing 0 JDBC batches;
    0 nanoseconds spent performing 0 L2C puts;
    0 nanoseconds spent performing 0 L2C hits;
    0 nanoseconds spent performing 0 L2C misses;
    0 nanoseconds spent executing 0 flushes (flushing a total of 0 entities and 0 collections);
    0 nanoseconds spent executing 0 partial-flushes (flushing a total of 0 entities and 0 collections)
}
&amp#27;[2m2025-05-11T11:17:47.251-03:00&amp#27;[0;39m &amp#27;[32mDEBUG&amp#27;[0;39m &amp#27;[35m16907&amp#27;[0;39m &amp#27;[2m---&amp#27;[0;39m &amp#27;[2m[           main]&amp#27;[0;39m &amp#27;[2m&amp#27;[0;39m&amp#27;[36morg.hibernate.SQL                       &amp#27;[0;39m &amp#27;[2m:&amp#27;[0;39m 
    select
        seq_delito.nextval 
    from
        dual
Hibernate: 
    select
        seq_delito.nextval 
    from
        dual
&amp#27;[2m2025-05-11T11:17:47.252-03:00&amp#27;[0;39m &amp#27;[32mDEBUG&amp#27;[0;39m &amp#27;[35m16907&amp#27;[0;39m &amp#27;[2m---&amp#27;[0;39m &amp#27;[2m[           main]&amp#27;[0;39m &amp#27;[2m&amp#27;[0;39m&amp#27;[36morg.hibernate.SQL                       &amp#27;[0;39m &amp#27;[2m:&amp#27;[0;39m 
    /* insert for
        com.cufre.expedientes.model.Delito */insert 
    into
        delito (actualizado_en, codigo_penal, creado_en, descripcion, nombre, pena_maxima, pena_minima, tipo_pena, valoracion, id) 
    values
        (?, ?, ?, ?, ?, ?, ?, ?, ?, ?)
Hibernate: 
    /* insert for
        com.cufre.expedientes.model.Delito */insert 
    into
        delito (actualizado_en, codigo_penal, creado_en, descripcion, nombre, pena_maxima, pena_minima, tipo_pena, valoracion, id) 
    values
        (?, ?, ?, ?, ?, ?, ?, ?, ?, ?)
&amp#27;[2m2025-05-11T11:17:47.253-03:00&amp#27;[0;39m &amp#27;[32m INFO&amp#27;[0;39m &amp#27;[35m16907&amp#27;[0;39m &amp#27;[2m---&amp#27;[0;39m &amp#27;[2m[           main]&amp#27;[0;39m &amp#27;[2m&amp#27;[0;39m&amp#27;[36mi.StatisticalLoggingSessionEventListener&amp#27;[0;39m &amp#27;[2m:&amp#27;[0;39m Session Metrics {
    2542 nanoseconds spent acquiring 1 JDBC connections;
    0 nanoseconds spent releasing 0 JDBC connections;
    8375 nanoseconds spent preparing 2 JDBC statements;
    315625 nanoseconds spent executing 1 JDBC statements;
    373333 nanoseconds spent executing 1 JDBC batches;
    0 nanoseconds spent performing 0 L2C puts;
    0 nanoseconds spent performing 0 L2C hits;
    0 nanoseconds spent performing 0 L2C misses;
    634833 nanoseconds spent executing 1 flushes (flushing a total of 1 entities and 1 collections);
    0 nanoseconds spent executing 0 partial-flushes (flushing a total of 0 entities and 0 collections)
}
&amp#27;[2m2025-05-11T11:17:47.253-03:00&amp#27;[0;39m &amp#27;[32mDEBUG&amp#27;[0;39m &amp#27;[35m16907&amp#27;[0;39m &amp#27;[2m---&amp#27;[0;39m &amp#27;[2m[           main]&amp#27;[0;39m &amp#27;[2m&amp#27;[0;39m&amp#27;[36morg.hibernate.SQL                       &amp#27;[0;39m &amp#27;[2m:&amp#27;[0;39m 
    /* <criteria> */ select
        d1_0.id,
        d1_0.actualizado_en,
        d1_0.codigo_penal,
        d1_0.creado_en,
        d1_0.descripcion,
        d1_0.nombre,
        d1_0.pena_maxima,
        d1_0.pena_minima,
        d1_0.tipo_pena,
        d1_0.valoracion 
    from
        delito d1_0 
    where
        upper(d1_0.nombre) like upper(?) escape '\'
Hibernate: 
    /* <criteria> */ select
        d1_0.id,
        d1_0.actualizado_en,
        d1_0.codigo_penal,
        d1_0.creado_en,
        d1_0.descripcion,
        d1_0.nombre,
        d1_0.pena_maxima,
        d1_0.pena_minima,
        d1_0.tipo_pena,
        d1_0.valoracion 
    from
        delito d1_0 
    where
        upper(d1_0.nombre) like upper(?) escape '\'
&amp#27;[2m2025-05-11T11:17:47.255-03:00&amp#27;[0;39m &amp#27;[32m INFO&amp#27;[0;39m &amp#27;[35m16907&amp#27;[0;39m &amp#27;[2m---&amp#27;[0;39m &amp#27;[2m[           main]&amp#27;[0;39m &amp#27;[2m&amp#27;[0;39m&amp#27;[36mi.StatisticalLoggingSessionEventListener&amp#27;[0;39m &amp#27;[2m:&amp#27;[0;39m Session Metrics {
    58083 nanoseconds spent acquiring 1 JDBC connections;
    0 nanoseconds spent releasing 0 JDBC connections;
    99042 nanoseconds spent preparing 1 JDBC statements;
    909417 nanoseconds spent executing 1 JDBC statements;
    0 nanoseconds spent executing 0 JDBC batches;
    0 nanoseconds spent performing 0 L2C puts;
    0 nanoseconds spent performing 0 L2C hits;
    0 nanoseconds spent performing 0 L2C misses;
    0 nanoseconds spent executing 0 flushes (flushing a total of 0 entities and 0 collections);
    0 nanoseconds spent executing 0 partial-flushes (flushing a total of 0 entities and 0 collections)
}
&amp#27;[2m2025-05-11T11:17:47.255-03:00&amp#27;[0;39m &amp#27;[32mDEBUG&amp#27;[0;39m &amp#27;[35m16907&amp#27;[0;39m &amp#27;[2m---&amp#27;[0;39m &amp#27;[2m[           main]&amp#27;[0;39m &amp#27;[2m&amp#27;[0;39m&amp#27;[36morg.hibernate.SQL                       &amp#27;[0;39m &amp#27;[2m:&amp#27;[0;39m 
    select
        seq_delito.nextval 
    from
        dual
Hibernate: 
    select
        seq_delito.nextval 
    from
        dual
&amp#27;[2m2025-05-11T11:17:47.255-03:00&amp#27;[0;39m &amp#27;[32mDEBUG&amp#27;[0;39m &amp#27;[35m16907&amp#27;[0;39m &amp#27;[2m---&amp#27;[0;39m &amp#27;[2m[           main]&amp#27;[0;39m &amp#27;[2m&amp#27;[0;39m&amp#27;[36morg.hibernate.SQL                       &amp#27;[0;39m &amp#27;[2m:&amp#27;[0;39m 
    /* insert for
        com.cufre.expedientes.model.Delito */insert 
    into
        delito (actualizado_en, codigo_penal, creado_en, descripcion, nombre, pena_maxima, pena_minima, tipo_pena, valoracion, id) 
    values
        (?, ?, ?, ?, ?, ?, ?, ?, ?, ?)
Hibernate: 
    /* insert for
        com.cufre.expedientes.model.Delito */insert 
    into
        delito (actualizado_en, codigo_penal, creado_en, descripcion, nombre, pena_maxima, pena_minima, tipo_pena, valoracion, id) 
    values
        (?, ?, ?, ?, ?, ?, ?, ?, ?, ?)
&amp#27;[2m2025-05-11T11:17:47.257-03:00&amp#27;[0;39m &amp#27;[32m INFO&amp#27;[0;39m &amp#27;[35m16907&amp#27;[0;39m &amp#27;[2m---&amp#27;[0;39m &amp#27;[2m[           main]&amp#27;[0;39m &amp#27;[2m&amp#27;[0;39m&amp#27;[36mi.StatisticalLoggingSessionEventListener&amp#27;[0;39m &amp#27;[2m:&amp#27;[0;39m Session Metrics {
    4792 nanoseconds spent acquiring 1 JDBC connections;
    0 nanoseconds spent releasing 0 JDBC connections;
    13458 nanoseconds spent preparing 2 JDBC statements;
    281000 nanoseconds spent executing 1 JDBC statements;
    411209 nanoseconds spent executing 1 JDBC batches;
    0 nanoseconds spent performing 0 L2C puts;
    0 nanoseconds spent performing 0 L2C hits;
    0 nanoseconds spent performing 0 L2C misses;
    690208 nanoseconds spent executing 1 flushes (flushing a total of 1 entities and 1 collections);
    0 nanoseconds spent executing 0 partial-flushes (flushing a total of 0 entities and 0 collections)
}
&amp#27;[2m2025-05-11T11:17:47.257-03:00&amp#27;[0;39m &amp#27;[32mDEBUG&amp#27;[0;39m &amp#27;[35m16907&amp#27;[0;39m &amp#27;[2m---&amp#27;[0;39m &amp#27;[2m[           main]&amp#27;[0;39m &amp#27;[2m&amp#27;[0;39m&amp#27;[36morg.hibernate.SQL                       &amp#27;[0;39m &amp#27;[2m:&amp#27;[0;39m 
    /* <criteria> */ select
        d1_0.id,
        d1_0.actualizado_en,
        d1_0.codigo_penal,
        d1_0.creado_en,
        d1_0.descripcion,
        d1_0.nombre,
        d1_0.pena_maxima,
        d1_0.pena_minima,
        d1_0.tipo_pena,
        d1_0.valoracion 
    from
        delito d1_0 
    where
        upper(d1_0.nombre) like upper(?) escape '\'
Hibernate: 
    /* <criteria> */ select
        d1_0.id,
        d1_0.actualizado_en,
        d1_0.codigo_penal,
        d1_0.creado_en,
        d1_0.descripcion,
        d1_0.nombre,
        d1_0.pena_maxima,
        d1_0.pena_minima,
        d1_0.tipo_pena,
        d1_0.valoracion 
    from
        delito d1_0 
    where
        upper(d1_0.nombre) like upper(?) escape '\'
&amp#27;[2m2025-05-11T11:17:47.258-03:00&amp#27;[0;39m &amp#27;[32m INFO&amp#27;[0;39m &amp#27;[35m16907&amp#27;[0;39m &amp#27;[2m---&amp#27;[0;39m &amp#27;[2m[           main]&amp#27;[0;39m &amp#27;[2m&amp#27;[0;39m&amp#27;[36mi.StatisticalLoggingSessionEventListener&amp#27;[0;39m &amp#27;[2m:&amp#27;[0;39m Session Metrics {
    5042 nanoseconds spent acquiring 1 JDBC connections;
    0 nanoseconds spent releasing 0 JDBC connections;
    17416 nanoseconds spent preparing 1 JDBC statements;
    930708 nanoseconds spent executing 1 JDBC statements;
    0 nanoseconds spent executing 0 JDBC batches;
    0 nanoseconds spent performing 0 L2C puts;
    0 nanoseconds spent performing 0 L2C hits;
    0 nanoseconds spent performing 0 L2C misses;
    0 nanoseconds spent executing 0 flushes (flushing a total of 0 entities and 0 collections);
    0 nanoseconds spent executing 0 partial-flushes (flushing a total of 0 entities and 0 collections)
}
&amp#27;[2m2025-05-11T11:17:47.258-03:00&amp#27;[0;39m &amp#27;[32mDEBUG&amp#27;[0;39m &amp#27;[35m16907&amp#27;[0;39m &amp#27;[2m---&amp#27;[0;39m &amp#27;[2m[           main]&amp#27;[0;39m &amp#27;[2m&amp#27;[0;39m&amp#27;[36morg.hibernate.SQL                       &amp#27;[0;39m &amp#27;[2m:&amp#27;[0;39m 
    select
        seq_delito.nextval 
    from
        dual
Hibernate: 
    select
        seq_delito.nextval 
    from
        dual
&amp#27;[2m2025-05-11T11:17:47.259-03:00&amp#27;[0;39m &amp#27;[32mDEBUG&amp#27;[0;39m &amp#27;[35m16907&amp#27;[0;39m &amp#27;[2m---&amp#27;[0;39m &amp#27;[2m[           main]&amp#27;[0;39m &amp#27;[2m&amp#27;[0;39m&amp#27;[36morg.hibernate.SQL                       &amp#27;[0;39m &amp#27;[2m:&amp#27;[0;39m 
    /* insert for
        com.cufre.expedientes.model.Delito */insert 
    into
        delito (actualizado_en, codigo_penal, creado_en, descripcion, nombre, pena_maxima, pena_minima, tipo_pena, valoracion, id) 
    values
        (?, ?, ?, ?, ?, ?, ?, ?, ?, ?)
Hibernate: 
    /* insert for
        com.cufre.expedientes.model.Delito */insert 
    into
        delito (actualizado_en, codigo_penal, creado_en, descripcion, nombre, pena_maxima, pena_minima, tipo_pena, valoracion, id) 
    values
        (?, ?, ?, ?, ?, ?, ?, ?, ?, ?)
&amp#27;[2m2025-05-11T11:17:47.260-03:00&amp#27;[0;39m &amp#27;[32m INFO&amp#27;[0;39m &amp#27;[35m16907&amp#27;[0;39m &amp#27;[2m---&amp#27;[0;39m &amp#27;[2m[           main]&amp#27;[0;39m &amp#27;[2m&amp#27;[0;39m&amp#27;[36mi.StatisticalLoggingSessionEventListener&amp#27;[0;39m &amp#27;[2m:&amp#27;[0;39m Session Metrics {
    3541 nanoseconds spent acquiring 1 JDBC connections;
    0 nanoseconds spent releasing 0 JDBC connections;
    10541 nanoseconds spent preparing 2 JDBC statements;
    329667 nanoseconds spent executing 1 JDBC statements;
    401208 nanoseconds spent executing 1 JDBC batches;
    0 nanoseconds spent performing 0 L2C puts;
    0 nanoseconds spent performing 0 L2C hits;
    0 nanoseconds spent performing 0 L2C misses;
    691250 nanoseconds spent executing 1 flushes (flushing a total of 1 entities and 1 collections);
    0 nanoseconds spent executing 0 partial-flushes (flushing a total of 0 entities and 0 collections)
}
&amp#27;[2m2025-05-11T11:17:47.261-03:00&amp#27;[0;39m &amp#27;[32mDEBUG&amp#27;[0;39m &amp#27;[35m16907&amp#27;[0;39m &amp#27;[2m---&amp#27;[0;39m &amp#27;[2m[           main]&amp#27;[0;39m &amp#27;[2m&amp#27;[0;39m&amp#27;[36morg.hibernate.SQL                       &amp#27;[0;39m &amp#27;[2m:&amp#27;[0;39m 
    /* <criteria> */ select
        d1_0.id,
        d1_0.actualizado_en,
        d1_0.codigo_penal,
        d1_0.creado_en,
        d1_0.descripcion,
        d1_0.nombre,
        d1_0.pena_maxima,
        d1_0.pena_minima,
        d1_0.tipo_pena,
        d1_0.valoracion 
    from
        delito d1_0 
    where
        upper(d1_0.nombre) like upper(?) escape '\'
Hibernate: 
    /* <criteria> */ select
        d1_0.id,
        d1_0.actualizado_en,
        d1_0.codigo_penal,
        d1_0.creado_en,
        d1_0.descripcion,
        d1_0.nombre,
        d1_0.pena_maxima,
        d1_0.pena_minima,
        d1_0.tipo_pena,
        d1_0.valoracion 
    from
        delito d1_0 
    where
        upper(d1_0.nombre) like upper(?) escape '\'
&amp#27;[2m2025-05-11T11:17:47.262-03:00&amp#27;[0;39m &amp#27;[32m INFO&amp#27;[0;39m &amp#27;[35m16907&amp#27;[0;39m &amp#27;[2m---&amp#27;[0;39m &amp#27;[2m[           main]&amp#27;[0;39m &amp#27;[2m&amp#27;[0;39m&amp#27;[36mi.StatisticalLoggingSessionEventListener&amp#27;[0;39m &amp#27;[2m:&amp#27;[0;39m Session Metrics {
    4583 nanoseconds spent acquiring 1 JDBC connections;
    0 nanoseconds spent releasing 0 JDBC connections;
    15875 nanoseconds spent preparing 1 JDBC statements;
    1093959 nanoseconds spent executing 1 JDBC statements;
    0 nanoseconds spent executing 0 JDBC batches;
    0 nanoseconds spent performing 0 L2C puts;
    0 nanoseconds spent performing 0 L2C hits;
    0 nanoseconds spent performing 0 L2C misses;
    0 nanoseconds spent executing 0 flushes (flushing a total of 0 entities and 0 collections);
    0 nanoseconds spent executing 0 partial-flushes (flushing a total of 0 entities and 0 collections)
}
&amp#27;[2m2025-05-11T11:17:47.262-03:00&amp#27;[0;39m &amp#27;[32mDEBUG&amp#27;[0;39m &amp#27;[35m16907&amp#27;[0;39m &amp#27;[2m---&amp#27;[0;39m &amp#27;[2m[           main]&amp#27;[0;39m &amp#27;[2m&amp#27;[0;39m&amp#27;[36morg.hibernate.SQL                       &amp#27;[0;39m &amp#27;[2m:&amp#27;[0;39m 
    select
        seq_delito.nextval 
    from
        dual
Hibernate: 
    select
        seq_delito.nextval 
    from
        dual
&amp#27;[2m2025-05-11T11:17:47.263-03:00&amp#27;[0;39m &amp#27;[32mDEBUG&amp#27;[0;39m &amp#27;[35m16907&amp#27;[0;39m &amp#27;[2m---&amp#27;[0;39m &amp#27;[2m[           main]&amp#27;[0;39m &amp#27;[2m&amp#27;[0;39m&amp#27;[36morg.hibernate.SQL                       &amp#27;[0;39m &amp#27;[2m:&amp#27;[0;39m 
    /* insert for
        com.cufre.expedientes.model.Delito */insert 
    into
        delito (actualizado_en, codigo_penal, creado_en, descripcion, nombre, pena_maxima, pena_minima, tipo_pena, valoracion, id) 
    values
        (?, ?, ?, ?, ?, ?, ?, ?, ?, ?)
Hibernate: 
    /* insert for
        com.cufre.expedientes.model.Delito */insert 
    into
        delito (actualizado_en, codigo_penal, creado_en, descripcion, nombre, pena_maxima, pena_minima, tipo_pena, valoracion, id) 
    values
        (?, ?, ?, ?, ?, ?, ?, ?, ?, ?)
&amp#27;[2m2025-05-11T11:17:47.264-03:00&amp#27;[0;39m &amp#27;[32m INFO&amp#27;[0;39m &amp#27;[35m16907&amp#27;[0;39m &amp#27;[2m---&amp#27;[0;39m &amp#27;[2m[           main]&amp#27;[0;39m &amp#27;[2m&amp#27;[0;39m&amp#27;[36mi.StatisticalLoggingSessionEventListener&amp#27;[0;39m &amp#27;[2m:&amp#27;[0;39m Session Metrics {
    2917 nanoseconds spent acquiring 1 JDBC connections;
    0 nanoseconds spent releasing 0 JDBC connections;
    10166 nanoseconds spent preparing 2 JDBC statements;
    276083 nanoseconds spent executing 1 JDBC statements;
    452750 nanoseconds spent executing 1 JDBC batches;
    0 nanoseconds spent performing 0 L2C puts;
    0 nanoseconds spent performing 0 L2C hits;
    0 nanoseconds spent performing 0 L2C misses;
    735708 nanoseconds spent executing 1 flushes (flushing a total of 1 entities and 1 collections);
    0 nanoseconds spent executing 0 partial-flushes (flushing a total of 0 entities and 0 collections)
}
&amp#27;[2m2025-05-11T11:17:47.265-03:00&amp#27;[0;39m &amp#27;[32mDEBUG&amp#27;[0;39m &amp#27;[35m16907&amp#27;[0;39m &amp#27;[2m---&amp#27;[0;39m &amp#27;[2m[           main]&amp#27;[0;39m &amp#27;[2m&amp#27;[0;39m&amp#27;[36morg.hibernate.SQL                       &amp#27;[0;39m &amp#27;[2m:&amp#27;[0;39m 
    /* <criteria> */ select
        d1_0.id,
        d1_0.actualizado_en,
        d1_0.codigo_penal,
        d1_0.creado_en,
        d1_0.descripcion,
        d1_0.nombre,
        d1_0.pena_maxima,
        d1_0.pena_minima,
        d1_0.tipo_pena,
        d1_0.valoracion 
    from
        delito d1_0 
    where
        upper(d1_0.nombre) like upper(?) escape '\'
Hibernate: 
    /* <criteria> */ select
        d1_0.id,
        d1_0.actualizado_en,
        d1_0.codigo_penal,
        d1_0.creado_en,
        d1_0.descripcion,
        d1_0.nombre,
        d1_0.pena_maxima,
        d1_0.pena_minima,
        d1_0.tipo_pena,
        d1_0.valoracion 
    from
        delito d1_0 
    where
        upper(d1_0.nombre) like upper(?) escape '\'
&amp#27;[2m2025-05-11T11:17:47.266-03:00&amp#27;[0;39m &amp#27;[32m INFO&amp#27;[0;39m &amp#27;[35m16907&amp#27;[0;39m &amp#27;[2m---&amp#27;[0;39m &amp#27;[2m[           main]&amp#27;[0;39m &amp#27;[2m&amp#27;[0;39m&amp#27;[36mi.StatisticalLoggingSessionEventListener&amp#27;[0;39m &amp#27;[2m:&amp#27;[0;39m Session Metrics {
    5250 nanoseconds spent acquiring 1 JDBC connections;
    0 nanoseconds spent releasing 0 JDBC connections;
    15000 nanoseconds spent preparing 1 JDBC statements;
    1052083 nanoseconds spent executing 1 JDBC statements;
    0 nanoseconds spent executing 0 JDBC batches;
    0 nanoseconds spent performing 0 L2C puts;
    0 nanoseconds spent performing 0 L2C hits;
    0 nanoseconds spent performing 0 L2C misses;
    0 nanoseconds spent executing 0 flushes (flushing a total of 0 entities and 0 collections);
    0 nanoseconds spent executing 0 partial-flushes (flushing a total of 0 entities and 0 collections)
}
&amp#27;[2m2025-05-11T11:17:47.266-03:00&amp#27;[0;39m &amp#27;[32mDEBUG&amp#27;[0;39m &amp#27;[35m16907&amp#27;[0;39m &amp#27;[2m---&amp#27;[0;39m &amp#27;[2m[           main]&amp#27;[0;39m &amp#27;[2m&amp#27;[0;39m&amp#27;[36morg.hibernate.SQL                       &amp#27;[0;39m &amp#27;[2m:&amp#27;[0;39m 
    select
        seq_delito.nextval 
    from
        dual
Hibernate: 
    select
        seq_delito.nextval 
    from
        dual
&amp#27;[2m2025-05-11T11:17:47.267-03:00&amp#27;[0;39m &amp#27;[32mDEBUG&amp#27;[0;39m &amp#27;[35m16907&amp#27;[0;39m &amp#27;[2m---&amp#27;[0;39m &amp#27;[2m[           main]&amp#27;[0;39m &amp#27;[2m&amp#27;[0;39m&amp#27;[36morg.hibernate.SQL                       &amp#27;[0;39m &amp#27;[2m:&amp#27;[0;39m 
    /* insert for
        com.cufre.expedientes.model.Delito */insert 
    into
        delito (actualizado_en, codigo_penal, creado_en, descripcion, nombre, pena_maxima, pena_minima, tipo_pena, valoracion, id) 
    values
        (?, ?, ?, ?, ?, ?, ?, ?, ?, ?)
Hibernate: 
    /* insert for
        com.cufre.expedientes.model.Delito */insert 
    into
        delito (actualizado_en, codigo_penal, creado_en, descripcion, nombre, pena_maxima, pena_minima, tipo_pena, valoracion, id) 
    values
        (?, ?, ?, ?, ?, ?, ?, ?, ?, ?)
&amp#27;[2m2025-05-11T11:17:47.268-03:00&amp#27;[0;39m &amp#27;[32m INFO&amp#27;[0;39m &amp#27;[35m16907&amp#27;[0;39m &amp#27;[2m---&amp#27;[0;39m &amp#27;[2m[           main]&amp#27;[0;39m &amp#27;[2m&amp#27;[0;39m&amp#27;[36mi.StatisticalLoggingSessionEventListener&amp#27;[0;39m &amp#27;[2m:&amp#27;[0;39m Session Metrics {
    3458 nanoseconds spent acquiring 1 JDBC connections;
    0 nanoseconds spent releasing 0 JDBC connections;
    12500 nanoseconds spent preparing 2 JDBC statements;
    435083 nanoseconds spent executing 1 JDBC statements;
    374167 nanoseconds spent executing 1 JDBC batches;
    0 nanoseconds spent performing 0 L2C puts;
    0 nanoseconds spent performing 0 L2C hits;
    0 nanoseconds spent performing 0 L2C misses;
    704000 nanoseconds spent executing 1 flushes (flushing a total of 1 entities and 1 collections);
    0 nanoseconds spent executing 0 partial-flushes (flushing a total of 0 entities and 0 collections)
}
&amp#27;[2m2025-05-11T11:17:47.269-03:00&amp#27;[0;39m &amp#27;[32mDEBUG&amp#27;[0;39m &amp#27;[35m16907&amp#27;[0;39m &amp#27;[2m---&amp#27;[0;39m &amp#27;[2m[           main]&amp#27;[0;39m &amp#27;[2m&amp#27;[0;39m&amp#27;[36morg.hibernate.SQL                       &amp#27;[0;39m &amp#27;[2m:&amp#27;[0;39m 
    /* <criteria> */ select
        d1_0.id,
        d1_0.actualizado_en,
        d1_0.codigo_penal,
        d1_0.creado_en,
        d1_0.descripcion,
        d1_0.nombre,
        d1_0.pena_maxima,
        d1_0.pena_minima,
        d1_0.tipo_pena,
        d1_0.valoracion 
    from
        delito d1_0 
    where
        upper(d1_0.nombre) like upper(?) escape '\'
Hibernate: 
    /* <criteria> */ select
        d1_0.id,
        d1_0.actualizado_en,
        d1_0.codigo_penal,
        d1_0.creado_en,
        d1_0.descripcion,
        d1_0.nombre,
        d1_0.pena_maxima,
        d1_0.pena_minima,
        d1_0.tipo_pena,
        d1_0.valoracion 
    from
        delito d1_0 
    where
        upper(d1_0.nombre) like upper(?) escape '\'
&amp#27;[2m2025-05-11T11:17:47.270-03:00&amp#27;[0;39m &amp#27;[32m INFO&amp#27;[0;39m &amp#27;[35m16907&amp#27;[0;39m &amp#27;[2m---&amp#27;[0;39m &amp#27;[2m[           main]&amp#27;[0;39m &amp#27;[2m&amp#27;[0;39m&amp#27;[36mi.StatisticalLoggingSessionEventListener&amp#27;[0;39m &amp#27;[2m:&amp#27;[0;39m Session Metrics {
    5542 nanoseconds spent acquiring 1 JDBC connections;
    0 nanoseconds spent releasing 0 JDBC connections;
    16041 nanoseconds spent preparing 1 JDBC statements;
    1058459 nanoseconds spent executing 1 JDBC statements;
    0 nanoseconds spent executing 0 JDBC batches;
    0 nanoseconds spent performing 0 L2C puts;
    0 nanoseconds spent performing 0 L2C hits;
    0 nanoseconds spent performing 0 L2C misses;
    0 nanoseconds spent executing 0 flushes (flushing a total of 0 entities and 0 collections);
    0 nanoseconds spent executing 0 partial-flushes (flushing a total of 0 entities and 0 collections)
}
&amp#27;[2m2025-05-11T11:17:47.270-03:00&amp#27;[0;39m &amp#27;[32mDEBUG&amp#27;[0;39m &amp#27;[35m16907&amp#27;[0;39m &amp#27;[2m---&amp#27;[0;39m &amp#27;[2m[           main]&amp#27;[0;39m &amp#27;[2m&amp#27;[0;39m&amp#27;[36morg.hibernate.SQL                       &amp#27;[0;39m &amp#27;[2m:&amp#27;[0;39m 
    select
        seq_delito.nextval 
    from
        dual
Hibernate: 
    select
        seq_delito.nextval 
    from
        dual
&amp#27;[2m2025-05-11T11:17:47.271-03:00&amp#27;[0;39m &amp#27;[32mDEBUG&amp#27;[0;39m &amp#27;[35m16907&amp#27;[0;39m &amp#27;[2m---&amp#27;[0;39m &amp#27;[2m[           main]&amp#27;[0;39m &amp#27;[2m&amp#27;[0;39m&amp#27;[36morg.hibernate.SQL                       &amp#27;[0;39m &amp#27;[2m:&amp#27;[0;39m 
    /* insert for
        com.cufre.expedientes.model.Delito */insert 
    into
        delito (actualizado_en, codigo_penal, creado_en, descripcion, nombre, pena_maxima, pena_minima, tipo_pena, valoracion, id) 
    values
        (?, ?, ?, ?, ?, ?, ?, ?, ?, ?)
Hibernate: 
    /* insert for
        com.cufre.expedientes.model.Delito */insert 
    into
        delito (actualizado_en, codigo_penal, creado_en, descripcion, nombre, pena_maxima, pena_minima, tipo_pena, valoracion, id) 
    values
        (?, ?, ?, ?, ?, ?, ?, ?, ?, ?)
&amp#27;[2m2025-05-11T11:17:47.272-03:00&amp#27;[0;39m &amp#27;[32m INFO&amp#27;[0;39m &amp#27;[35m16907&amp#27;[0;39m &amp#27;[2m---&amp#27;[0;39m &amp#27;[2m[           main]&amp#27;[0;39m &amp#27;[2m&amp#27;[0;39m&amp#27;[36mi.StatisticalLoggingSessionEventListener&amp#27;[0;39m &amp#27;[2m:&amp#27;[0;39m Session Metrics {
    3792 nanoseconds spent acquiring 1 JDBC connections;
    0 nanoseconds spent releasing 0 JDBC connections;
    12291 nanoseconds spent preparing 2 JDBC statements;
    339041 nanoseconds spent executing 1 JDBC statements;
    416750 nanoseconds spent executing 1 JDBC batches;
    0 nanoseconds spent performing 0 L2C puts;
    0 nanoseconds spent performing 0 L2C hits;
    0 nanoseconds spent performing 0 L2C misses;
    758625 nanoseconds spent executing 1 flushes (flushing a total of 1 entities and 1 collections);
    0 nanoseconds spent executing 0 partial-flushes (flushing a total of 0 entities and 0 collections)
}
&amp#27;[2m2025-05-11T11:17:47.273-03:00&amp#27;[0;39m &amp#27;[32mDEBUG&amp#27;[0;39m &amp#27;[35m16907&amp#27;[0;39m &amp#27;[2m---&amp#27;[0;39m &amp#27;[2m[           main]&amp#27;[0;39m &amp#27;[2m&amp#27;[0;39m&amp#27;[36morg.hibernate.SQL                       &amp#27;[0;39m &amp#27;[2m:&amp#27;[0;39m 
    /* <criteria> */ select
        d1_0.id,
        d1_0.actualizado_en,
        d1_0.codigo_penal,
        d1_0.creado_en,
        d1_0.descripcion,
        d1_0.nombre,
        d1_0.pena_maxima,
        d1_0.pena_minima,
        d1_0.tipo_pena,
        d1_0.valoracion 
    from
        delito d1_0 
    where
        upper(d1_0.nombre) like upper(?) escape '\'
Hibernate: 
    /* <criteria> */ select
        d1_0.id,
        d1_0.actualizado_en,
        d1_0.codigo_penal,
        d1_0.creado_en,
        d1_0.descripcion,
        d1_0.nombre,
        d1_0.pena_maxima,
        d1_0.pena_minima,
        d1_0.tipo_pena,
        d1_0.valoracion 
    from
        delito d1_0 
    where
        upper(d1_0.nombre) like upper(?) escape '\'
&amp#27;[2m2025-05-11T11:17:47.275-03:00&amp#27;[0;39m &amp#27;[32m INFO&amp#27;[0;39m &amp#27;[35m16907&amp#27;[0;39m &amp#27;[2m---&amp#27;[0;39m &amp#27;[2m[           main]&amp#27;[0;39m &amp#27;[2m&amp#27;[0;39m&amp#27;[36mi.StatisticalLoggingSessionEventListener&amp#27;[0;39m &amp#27;[2m:&amp#27;[0;39m Session Metrics {
    11125 nanoseconds spent acquiring 1 JDBC connections;
    0 nanoseconds spent releasing 0 JDBC connections;
    26459 nanoseconds spent preparing 1 JDBC statements;
    1343167 nanoseconds spent executing 1 JDBC statements;
    0 nanoseconds spent executing 0 JDBC batches;
    0 nanoseconds spent performing 0 L2C puts;
    0 nanoseconds spent performing 0 L2C hits;
    0 nanoseconds spent performing 0 L2C misses;
    0 nanoseconds spent executing 0 flushes (flushing a total of 0 entities and 0 collections);
    0 nanoseconds spent executing 0 partial-flushes (flushing a total of 0 entities and 0 collections)
}
&amp#27;[2m2025-05-11T11:17:47.275-03:00&amp#27;[0;39m &amp#27;[32mDEBUG&amp#27;[0;39m &amp#27;[35m16907&amp#27;[0;39m &amp#27;[2m---&amp#27;[0;39m &amp#27;[2m[           main]&amp#27;[0;39m &amp#27;[2m&amp#27;[0;39m&amp#27;[36morg.hibernate.SQL                       &amp#27;[0;39m &amp#27;[2m:&amp#27;[0;39m 
    select
        seq_delito.nextval 
    from
        dual
Hibernate: 
    select
        seq_delito.nextval 
    from
        dual
&amp#27;[2m2025-05-11T11:17:47.276-03:00&amp#27;[0;39m &amp#27;[32mDEBUG&amp#27;[0;39m &amp#27;[35m16907&amp#27;[0;39m &amp#27;[2m---&amp#27;[0;39m &amp#27;[2m[           main]&amp#27;[0;39m &amp#27;[2m&amp#27;[0;39m&amp#27;[36morg.hibernate.SQL                       &amp#27;[0;39m &amp#27;[2m:&amp#27;[0;39m 
    /* insert for
        com.cufre.expedientes.model.Delito */insert 
    into
        delito (actualizado_en, codigo_penal, creado_en, descripcion, nombre, pena_maxima, pena_minima, tipo_pena, valoracion, id) 
    values
        (?, ?, ?, ?, ?, ?, ?, ?, ?, ?)
Hibernate: 
    /* insert for
        com.cufre.expedientes.model.Delito */insert 
    into
        delito (actualizado_en, codigo_penal, creado_en, descripcion, nombre, pena_maxima, pena_minima, tipo_pena, valoracion, id) 
    values
        (?, ?, ?, ?, ?, ?, ?, ?, ?, ?)
&amp#27;[2m2025-05-11T11:17:47.278-03:00&amp#27;[0;39m &amp#27;[32m INFO&amp#27;[0;39m &amp#27;[35m16907&amp#27;[0;39m &amp#27;[2m---&amp#27;[0;39m &amp#27;[2m[           main]&amp#27;[0;39m &amp#27;[2m&amp#27;[0;39m&amp#27;[36mi.StatisticalLoggingSessionEventListener&amp#27;[0;39m &amp#27;[2m:&amp#27;[0;39m Session Metrics {
    4000 nanoseconds spent acquiring 1 JDBC connections;
    0 nanoseconds spent releasing 0 JDBC connections;
    17209 nanoseconds spent preparing 2 JDBC statements;
    461875 nanoseconds spent executing 1 JDBC statements;
    906417 nanoseconds spent executing 1 JDBC batches;
    0 nanoseconds spent performing 0 L2C puts;
    0 nanoseconds spent performing 0 L2C hits;
    0 nanoseconds spent performing 0 L2C misses;
    1388417 nanoseconds spent executing 1 flushes (flushing a total of 1 entities and 1 collections);
    0 nanoseconds spent executing 0 partial-flushes (flushing a total of 0 entities and 0 collections)
}
&amp#27;[2m2025-05-11T11:17:47.279-03:00&amp#27;[0;39m &amp#27;[32mDEBUG&amp#27;[0;39m &amp#27;[35m16907&amp#27;[0;39m &amp#27;[2m---&amp#27;[0;39m &amp#27;[2m[           main]&amp#27;[0;39m &amp#27;[2m&amp#27;[0;39m&amp#27;[36morg.hibernate.SQL                       &amp#27;[0;39m &amp#27;[2m:&amp#27;[0;39m 
    /* <criteria> */ select
        d1_0.id,
        d1_0.actualizado_en,
        d1_0.codigo_penal,
        d1_0.creado_en,
        d1_0.descripcion,
        d1_0.nombre,
        d1_0.pena_maxima,
        d1_0.pena_minima,
        d1_0.tipo_pena,
        d1_0.valoracion 
    from
        delito d1_0 
    where
        upper(d1_0.nombre) like upper(?) escape '\'
Hibernate: 
    /* <criteria> */ select
        d1_0.id,
        d1_0.actualizado_en,
        d1_0.codigo_penal,
        d1_0.creado_en,
        d1_0.descripcion,
        d1_0.nombre,
        d1_0.pena_maxima,
        d1_0.pena_minima,
        d1_0.tipo_pena,
        d1_0.valoracion 
    from
        delito d1_0 
    where
        upper(d1_0.nombre) like upper(?) escape '\'
&amp#27;[2m2025-05-11T11:17:47.280-03:00&amp#27;[0;39m &amp#27;[32m INFO&amp#27;[0;39m &amp#27;[35m16907&amp#27;[0;39m &amp#27;[2m---&amp#27;[0;39m &amp#27;[2m[           main]&amp#27;[0;39m &amp#27;[2m&amp#27;[0;39m&amp#27;[36mi.StatisticalLoggingSessionEventListener&amp#27;[0;39m &amp#27;[2m:&amp#27;[0;39m Session Metrics {
    7875 nanoseconds spent acquiring 1 JDBC connections;
    0 nanoseconds spent releasing 0 JDBC connections;
    23791 nanoseconds spent preparing 1 JDBC statements;
    1281917 nanoseconds spent executing 1 JDBC statements;
    0 nanoseconds spent executing 0 JDBC batches;
    0 nanoseconds spent performing 0 L2C puts;
    0 nanoseconds spent performing 0 L2C hits;
    0 nanoseconds spent performing 0 L2C misses;
    0 nanoseconds spent executing 0 flushes (flushing a total of 0 entities and 0 collections);
    0 nanoseconds spent executing 0 partial-flushes (flushing a total of 0 entities and 0 collections)
}
&amp#27;[2m2025-05-11T11:17:47.281-03:00&amp#27;[0;39m &amp#27;[32mDEBUG&amp#27;[0;39m &amp#27;[35m16907&amp#27;[0;39m &amp#27;[2m---&amp#27;[0;39m &amp#27;[2m[           main]&amp#27;[0;39m &amp#27;[2m&amp#27;[0;39m&amp#27;[36morg.hibernate.SQL                       &amp#27;[0;39m &amp#27;[2m:&amp#27;[0;39m 
    select
        seq_delito.nextval 
    from
        dual
Hibernate: 
    select
        seq_delito.nextval 
    from
        dual
&amp#27;[2m2025-05-11T11:17:47.282-03:00&amp#27;[0;39m &amp#27;[32mDEBUG&amp#27;[0;39m &amp#27;[35m16907&amp#27;[0;39m &amp#27;[2m---&amp#27;[0;39m &amp#27;[2m[           main]&amp#27;[0;39m &amp#27;[2m&amp#27;[0;39m&amp#27;[36morg.hibernate.SQL                       &amp#27;[0;39m &amp#27;[2m:&amp#27;[0;39m 
    /* insert for
        com.cufre.expedientes.model.Delito */insert 
    into
        delito (actualizado_en, codigo_penal, creado_en, descripcion, nombre, pena_maxima, pena_minima, tipo_pena, valoracion, id) 
    values
        (?, ?, ?, ?, ?, ?, ?, ?, ?, ?)
Hibernate: 
    /* insert for
        com.cufre.expedientes.model.Delito */insert 
    into
        delito (actualizado_en, codigo_penal, creado_en, descripcion, nombre, pena_maxima, pena_minima, tipo_pena, valoracion, id) 
    values
        (?, ?, ?, ?, ?, ?, ?, ?, ?, ?)
&amp#27;[2m2025-05-11T11:17:47.284-03:00&amp#27;[0;39m &amp#27;[32m INFO&amp#27;[0;39m &amp#27;[35m16907&amp#27;[0;39m &amp#27;[2m---&amp#27;[0;39m &amp#27;[2m[           main]&amp#27;[0;39m &amp#27;[2m&amp#27;[0;39m&amp#27;[36mi.StatisticalLoggingSessionEventListener&amp#27;[0;39m &amp#27;[2m:&amp#27;[0;39m Session Metrics {
    3458 nanoseconds spent acquiring 1 JDBC connections;
    0 nanoseconds spent releasing 0 JDBC connections;
    13208 nanoseconds spent preparing 2 JDBC statements;
    540750 nanoseconds spent executing 1 JDBC statements;
    631583 nanoseconds spent executing 1 JDBC batches;
    0 nanoseconds spent performing 0 L2C puts;
    0 nanoseconds spent performing 0 L2C hits;
    0 nanoseconds spent performing 0 L2C misses;
    1114542 nanoseconds spent executing 1 flushes (flushing a total of 1 entities and 1 collections);
    0 nanoseconds spent executing 0 partial-flushes (flushing a total of 0 entities and 0 collections)
}
&amp#27;[2m2025-05-11T11:17:47.284-03:00&amp#27;[0;39m &amp#27;[32mDEBUG&amp#27;[0;39m &amp#27;[35m16907&amp#27;[0;39m &amp#27;[2m---&amp#27;[0;39m &amp#27;[2m[           main]&amp#27;[0;39m &amp#27;[2m&amp#27;[0;39m&amp#27;[36morg.hibernate.SQL                       &amp#27;[0;39m &amp#27;[2m:&amp#27;[0;39m 
    /* <criteria> */ select
        d1_0.id,
        d1_0.actualizado_en,
        d1_0.codigo_penal,
        d1_0.creado_en,
        d1_0.descripcion,
        d1_0.nombre,
        d1_0.pena_maxima,
        d1_0.pena_minima,
        d1_0.tipo_pena,
        d1_0.valoracion 
    from
        delito d1_0 
    where
        upper(d1_0.nombre) like upper(?) escape '\'
Hibernate: 
    /* <criteria> */ select
        d1_0.id,
        d1_0.actualizado_en,
        d1_0.codigo_penal,
        d1_0.creado_en,
        d1_0.descripcion,
        d1_0.nombre,
        d1_0.pena_maxima,
        d1_0.pena_minima,
        d1_0.tipo_pena,
        d1_0.valoracion 
    from
        delito d1_0 
    where
        upper(d1_0.nombre) like upper(?) escape '\'
&amp#27;[2m2025-05-11T11:17:47.286-03:00&amp#27;[0;39m &amp#27;[32m INFO&amp#27;[0;39m &amp#27;[35m16907&amp#27;[0;39m &amp#27;[2m---&amp#27;[0;39m &amp#27;[2m[           main]&amp#27;[0;39m &amp#27;[2m&amp#27;[0;39m&amp#27;[36mi.StatisticalLoggingSessionEventListener&amp#27;[0;39m &amp#27;[2m:&amp#27;[0;39m Session Metrics {
    8416 nanoseconds spent acquiring 1 JDBC connections;
    0 nanoseconds spent releasing 0 JDBC connections;
    27750 nanoseconds spent preparing 1 JDBC statements;
    1203416 nanoseconds spent executing 1 JDBC statements;
    0 nanoseconds spent executing 0 JDBC batches;
    0 nanoseconds spent performing 0 L2C puts;
    0 nanoseconds spent performing 0 L2C hits;
    0 nanoseconds spent performing 0 L2C misses;
    0 nanoseconds spent executing 0 flushes (flushing a total of 0 entities and 0 collections);
    0 nanoseconds spent executing 0 partial-flushes (flushing a total of 0 entities and 0 collections)
}
&amp#27;[2m2025-05-11T11:17:47.286-03:00&amp#27;[0;39m &amp#27;[32mDEBUG&amp#27;[0;39m &amp#27;[35m16907&amp#27;[0;39m &amp#27;[2m---&amp#27;[0;39m &amp#27;[2m[           main]&amp#27;[0;39m &amp#27;[2m&amp#27;[0;39m&amp#27;[36morg.hibernate.SQL                       &amp#27;[0;39m &amp#27;[2m:&amp#27;[0;39m 
    select
        seq_delito.nextval 
    from
        dual
Hibernate: 
    select
        seq_delito.nextval 
    from
        dual
&amp#27;[2m2025-05-11T11:17:47.287-03:00&amp#27;[0;39m &amp#27;[32mDEBUG&amp#27;[0;39m &amp#27;[35m16907&amp#27;[0;39m &amp#27;[2m---&amp#27;[0;39m &amp#27;[2m[           main]&amp#27;[0;39m &amp#27;[2m&amp#27;[0;39m&amp#27;[36morg.hibernate.SQL                       &amp#27;[0;39m &amp#27;[2m:&amp#27;[0;39m 
    /* insert for
        com.cufre.expedientes.model.Delito */insert 
    into
        delito (actualizado_en, codigo_penal, creado_en, descripcion, nombre, pena_maxima, pena_minima, tipo_pena, valoracion, id) 
    values
        (?, ?, ?, ?, ?, ?, ?, ?, ?, ?)
Hibernate: 
    /* insert for
        com.cufre.expedientes.model.Delito */insert 
    into
        delito (actualizado_en, codigo_penal, creado_en, descripcion, nombre, pena_maxima, pena_minima, tipo_pena, valoracion, id) 
    values
        (?, ?, ?, ?, ?, ?, ?, ?, ?, ?)
&amp#27;[2m2025-05-11T11:17:47.288-03:00&amp#27;[0;39m &amp#27;[32m INFO&amp#27;[0;39m &amp#27;[35m16907&amp#27;[0;39m &amp#27;[2m---&amp#27;[0;39m &amp#27;[2m[           main]&amp#27;[0;39m &amp#27;[2m&amp#27;[0;39m&amp#27;[36mi.StatisticalLoggingSessionEventListener&amp#27;[0;39m &amp#27;[2m:&amp#27;[0;39m Session Metrics {
    2834 nanoseconds spent acquiring 1 JDBC connections;
    0 nanoseconds spent releasing 0 JDBC connections;
    13125 nanoseconds spent preparing 2 JDBC statements;
    306250 nanoseconds spent executing 1 JDBC statements;
    500666 nanoseconds spent executing 1 JDBC batches;
    0 nanoseconds spent performing 0 L2C puts;
    0 nanoseconds spent performing 0 L2C hits;
    0 nanoseconds spent performing 0 L2C misses;
    844417 nanoseconds spent executing 1 flushes (flushing a total of 1 entities and 1 collections);
    0 nanoseconds spent executing 0 partial-flushes (flushing a total of 0 entities and 0 collections)
}
&amp#27;[2m2025-05-11T11:17:47.289-03:00&amp#27;[0;39m &amp#27;[32mDEBUG&amp#27;[0;39m &amp#27;[35m16907&amp#27;[0;39m &amp#27;[2m---&amp#27;[0;39m &amp#27;[2m[           main]&amp#27;[0;39m &amp#27;[2m&amp#27;[0;39m&amp#27;[36morg.hibernate.SQL                       &amp#27;[0;39m &amp#27;[2m:&amp#27;[0;39m 
    /* <criteria> */ select
        d1_0.id,
        d1_0.actualizado_en,
        d1_0.codigo_penal,
        d1_0.creado_en,
        d1_0.descripcion,
        d1_0.nombre,
        d1_0.pena_maxima,
        d1_0.pena_minima,
        d1_0.tipo_pena,
        d1_0.valoracion 
    from
        delito d1_0 
    where
        upper(d1_0.nombre) like upper(?) escape '\'
Hibernate: 
    /* <criteria> */ select
        d1_0.id,
        d1_0.actualizado_en,
        d1_0.codigo_penal,
        d1_0.creado_en,
        d1_0.descripcion,
        d1_0.nombre,
        d1_0.pena_maxima,
        d1_0.pena_minima,
        d1_0.tipo_pena,
        d1_0.valoracion 
    from
        delito d1_0 
    where
        upper(d1_0.nombre) like upper(?) escape '\'
&amp#27;[2m2025-05-11T11:17:47.290-03:00&amp#27;[0;39m &amp#27;[32m INFO&amp#27;[0;39m &amp#27;[35m16907&amp#27;[0;39m &amp#27;[2m---&amp#27;[0;39m &amp#27;[2m[           main]&amp#27;[0;39m &amp#27;[2m&amp#27;[0;39m&amp#27;[36mi.StatisticalLoggingSessionEventListener&amp#27;[0;39m &amp#27;[2m:&amp#27;[0;39m Session Metrics {
    5125 nanoseconds spent acquiring 1 JDBC connections;
    0 nanoseconds spent releasing 0 JDBC connections;
    13833 nanoseconds spent preparing 1 JDBC statements;
    1148292 nanoseconds spent executing 1 JDBC statements;
    0 nanoseconds spent executing 0 JDBC batches;
    0 nanoseconds spent performing 0 L2C puts;
    0 nanoseconds spent performing 0 L2C hits;
    0 nanoseconds spent performing 0 L2C misses;
    0 nanoseconds spent executing 0 flushes (flushing a total of 0 entities and 0 collections);
    0 nanoseconds spent executing 0 partial-flushes (flushing a total of 0 entities and 0 collections)
}
&amp#27;[2m2025-05-11T11:17:47.290-03:00&amp#27;[0;39m &amp#27;[32mDEBUG&amp#27;[0;39m &amp#27;[35m16907&amp#27;[0;39m &amp#27;[2m---&amp#27;[0;39m &amp#27;[2m[           main]&amp#27;[0;39m &amp#27;[2m&amp#27;[0;39m&amp#27;[36morg.hibernate.SQL                       &amp#27;[0;39m &amp#27;[2m:&amp#27;[0;39m 
    select
        seq_delito.nextval 
    from
        dual
Hibernate: 
    select
        seq_delito.nextval 
    from
        dual
&amp#27;[2m2025-05-11T11:17:47.291-03:00&amp#27;[0;39m &amp#27;[32mDEBUG&amp#27;[0;39m &amp#27;[35m16907&amp#27;[0;39m &amp#27;[2m---&amp#27;[0;39m &amp#27;[2m[           main]&amp#27;[0;39m &amp#27;[2m&amp#27;[0;39m&amp#27;[36morg.hibernate.SQL                       &amp#27;[0;39m &amp#27;[2m:&amp#27;[0;39m 
    /* insert for
        com.cufre.expedientes.model.Delito */insert 
    into
        delito (actualizado_en, codigo_penal, creado_en, descripcion, nombre, pena_maxima, pena_minima, tipo_pena, valoracion, id) 
    values
        (?, ?, ?, ?, ?, ?, ?, ?, ?, ?)
Hibernate: 
    /* insert for
        com.cufre.expedientes.model.Delito */insert 
    into
        delito (actualizado_en, codigo_penal, creado_en, descripcion, nombre, pena_maxima, pena_minima, tipo_pena, valoracion, id) 
    values
        (?, ?, ?, ?, ?, ?, ?, ?, ?, ?)
&amp#27;[2m2025-05-11T11:17:47.292-03:00&amp#27;[0;39m &amp#27;[32m INFO&amp#27;[0;39m &amp#27;[35m16907&amp#27;[0;39m &amp#27;[2m---&amp#27;[0;39m &amp#27;[2m[           main]&amp#27;[0;39m &amp#27;[2m&amp#27;[0;39m&amp#27;[36mi.StatisticalLoggingSessionEventListener&amp#27;[0;39m &amp#27;[2m:&amp#27;[0;39m Session Metrics {
    5166 nanoseconds spent acquiring 1 JDBC connections;
    0 nanoseconds spent releasing 0 JDBC connections;
    16416 nanoseconds spent preparing 2 JDBC statements;
    329958 nanoseconds spent executing 1 JDBC statements;
    481125 nanoseconds spent executing 1 JDBC batches;
    0 nanoseconds spent performing 0 L2C puts;
    0 nanoseconds spent performing 0 L2C hits;
    0 nanoseconds spent performing 0 L2C misses;
    833125 nanoseconds spent executing 1 flushes (flushing a total of 1 entities and 1 collections);
    0 nanoseconds spent executing 0 partial-flushes (flushing a total of 0 entities and 0 collections)
}
&amp#27;[2m2025-05-11T11:17:47.293-03:00&amp#27;[0;39m &amp#27;[32mDEBUG&amp#27;[0;39m &amp#27;[35m16907&amp#27;[0;39m &amp#27;[2m---&amp#27;[0;39m &amp#27;[2m[           main]&amp#27;[0;39m &amp#27;[2m&amp#27;[0;39m&amp#27;[36morg.hibernate.SQL                       &amp#27;[0;39m &amp#27;[2m:&amp#27;[0;39m 
    /* <criteria> */ select
        d1_0.id,
        d1_0.actualizado_en,
        d1_0.codigo_penal,
        d1_0.creado_en,
        d1_0.descripcion,
        d1_0.nombre,
        d1_0.pena_maxima,
        d1_0.pena_minima,
        d1_0.tipo_pena,
        d1_0.valoracion 
    from
        delito d1_0 
    where
        upper(d1_0.nombre) like upper(?) escape '\'
Hibernate: 
    /* <criteria> */ select
        d1_0.id,
        d1_0.actualizado_en,
        d1_0.codigo_penal,
        d1_0.creado_en,
        d1_0.descripcion,
        d1_0.nombre,
        d1_0.pena_maxima,
        d1_0.pena_minima,
        d1_0.tipo_pena,
        d1_0.valoracion 
    from
        delito d1_0 
    where
        upper(d1_0.nombre) like upper(?) escape '\'
&amp#27;[2m2025-05-11T11:17:47.294-03:00&amp#27;[0;39m &amp#27;[32m INFO&amp#27;[0;39m &amp#27;[35m16907&amp#27;[0;39m &amp#27;[2m---&amp#27;[0;39m &amp#27;[2m[           main]&amp#27;[0;39m &amp#27;[2m&amp#27;[0;39m&amp#27;[36mi.StatisticalLoggingSessionEventListener&amp#27;[0;39m &amp#27;[2m:&amp#27;[0;39m Session Metrics {
    5959 nanoseconds spent acquiring 1 JDBC connections;
    0 nanoseconds spent releasing 0 JDBC connections;
    17958 nanoseconds spent preparing 1 JDBC statements;
    1091917 nanoseconds spent executing 1 JDBC statements;
    0 nanoseconds spent executing 0 JDBC batches;
    0 nanoseconds spent performing 0 L2C puts;
    0 nanoseconds spent performing 0 L2C hits;
    0 nanoseconds spent performing 0 L2C misses;
    0 nanoseconds spent executing 0 flushes (flushing a total of 0 entities and 0 collections);
    0 nanoseconds spent executing 0 partial-flushes (flushing a total of 0 entities and 0 collections)
}
&amp#27;[2m2025-05-11T11:17:47.294-03:00&amp#27;[0;39m &amp#27;[32mDEBUG&amp#27;[0;39m &amp#27;[35m16907&amp#27;[0;39m &amp#27;[2m---&amp#27;[0;39m &amp#27;[2m[           main]&amp#27;[0;39m &amp#27;[2m&amp#27;[0;39m&amp#27;[36morg.hibernate.SQL                       &amp#27;[0;39m &amp#27;[2m:&amp#27;[0;39m 
    select
        seq_delito.nextval 
    from
        dual
Hibernate: 
    select
        seq_delito.nextval 
    from
        dual
&amp#27;[2m2025-05-11T11:17:47.295-03:00&amp#27;[0;39m &amp#27;[32mDEBUG&amp#27;[0;39m &amp#27;[35m16907&amp#27;[0;39m &amp#27;[2m---&amp#27;[0;39m &amp#27;[2m[           main]&amp#27;[0;39m &amp#27;[2m&amp#27;[0;39m&amp#27;[36morg.hibernate.SQL                       &amp#27;[0;39m &amp#27;[2m:&amp#27;[0;39m 
    /* insert for
        com.cufre.expedientes.model.Delito */insert 
    into
        delito (actualizado_en, codigo_penal, creado_en, descripcion, nombre, pena_maxima, pena_minima, tipo_pena, valoracion, id) 
    values
        (?, ?, ?, ?, ?, ?, ?, ?, ?, ?)
Hibernate: 
    /* insert for
        com.cufre.expedientes.model.Delito */insert 
    into
        delito (actualizado_en, codigo_penal, creado_en, descripcion, nombre, pena_maxima, pena_minima, tipo_pena, valoracion, id) 
    values
        (?, ?, ?, ?, ?, ?, ?, ?, ?, ?)
&amp#27;[2m2025-05-11T11:17:47.296-03:00&amp#27;[0;39m &amp#27;[32m INFO&amp#27;[0;39m &amp#27;[35m16907&amp#27;[0;39m &amp#27;[2m---&amp#27;[0;39m &amp#27;[2m[           main]&amp#27;[0;39m &amp#27;[2m&amp#27;[0;39m&amp#27;[36mi.StatisticalLoggingSessionEventListener&amp#27;[0;39m &amp#27;[2m:&amp#27;[0;39m Session Metrics {
    3417 nanoseconds spent acquiring 1 JDBC connections;
    0 nanoseconds spent releasing 0 JDBC connections;
    10958 nanoseconds spent preparing 2 JDBC statements;
    279791 nanoseconds spent executing 1 JDBC statements;
    463834 nanoseconds spent executing 1 JDBC batches;
    0 nanoseconds spent performing 0 L2C puts;
    0 nanoseconds spent performing 0 L2C hits;
    0 nanoseconds spent performing 0 L2C misses;
    789333 nanoseconds spent executing 1 flushes (flushing a total of 1 entities and 1 collections);
    0 nanoseconds spent executing 0 partial-flushes (flushing a total of 0 entities and 0 collections)
}
&amp#27;[2m2025-05-11T11:17:47.297-03:00&amp#27;[0;39m &amp#27;[32mDEBUG&amp#27;[0;39m &amp#27;[35m16907&amp#27;[0;39m &amp#27;[2m---&amp#27;[0;39m &amp#27;[2m[           main]&amp#27;[0;39m &amp#27;[2m&amp#27;[0;39m&amp#27;[36morg.hibernate.SQL                       &amp#27;[0;39m &amp#27;[2m:&amp#27;[0;39m 
    /* <criteria> */ select
        d1_0.id,
        d1_0.actualizado_en,
        d1_0.codigo_penal,
        d1_0.creado_en,
        d1_0.descripcion,
        d1_0.nombre,
        d1_0.pena_maxima,
        d1_0.pena_minima,
        d1_0.tipo_pena,
        d1_0.valoracion 
    from
        delito d1_0 
    where
        upper(d1_0.nombre) like upper(?) escape '\'
Hibernate: 
    /* <criteria> */ select
        d1_0.id,
        d1_0.actualizado_en,
        d1_0.codigo_penal,
        d1_0.creado_en,
        d1_0.descripcion,
        d1_0.nombre,
        d1_0.pena_maxima,
        d1_0.pena_minima,
        d1_0.tipo_pena,
        d1_0.valoracion 
    from
        delito d1_0 
    where
        upper(d1_0.nombre) like upper(?) escape '\'
&amp#27;[2m2025-05-11T11:17:47.298-03:00&amp#27;[0;39m &amp#27;[32m INFO&amp#27;[0;39m &amp#27;[35m16907&amp#27;[0;39m &amp#27;[2m---&amp#27;[0;39m &amp#27;[2m[           main]&amp#27;[0;39m &amp#27;[2m&amp#27;[0;39m&amp#27;[36mi.StatisticalLoggingSessionEventListener&amp#27;[0;39m &amp#27;[2m:&amp#27;[0;39m Session Metrics {
    5417 nanoseconds spent acquiring 1 JDBC connections;
    0 nanoseconds spent releasing 0 JDBC connections;
    19833 nanoseconds spent preparing 1 JDBC statements;
    1297583 nanoseconds spent executing 1 JDBC statements;
    0 nanoseconds spent executing 0 JDBC batches;
    0 nanoseconds spent performing 0 L2C puts;
    0 nanoseconds spent performing 0 L2C hits;
    0 nanoseconds spent performing 0 L2C misses;
    0 nanoseconds spent executing 0 flushes (flushing a total of 0 entities and 0 collections);
    0 nanoseconds spent executing 0 partial-flushes (flushing a total of 0 entities and 0 collections)
}
&amp#27;[2m2025-05-11T11:17:47.298-03:00&amp#27;[0;39m &amp#27;[32mDEBUG&amp#27;[0;39m &amp#27;[35m16907&amp#27;[0;39m &amp#27;[2m---&amp#27;[0;39m &amp#27;[2m[           main]&amp#27;[0;39m &amp#27;[2m&amp#27;[0;39m&amp#27;[36morg.hibernate.SQL                       &amp#27;[0;39m &amp#27;[2m:&amp#27;[0;39m 
    select
        seq_delito.nextval 
    from
        dual
Hibernate: 
    select
        seq_delito.nextval 
    from
        dual
&amp#27;[2m2025-05-11T11:17:47.299-03:00&amp#27;[0;39m &amp#27;[32mDEBUG&amp#27;[0;39m &amp#27;[35m16907&amp#27;[0;39m &amp#27;[2m---&amp#27;[0;39m &amp#27;[2m[           main]&amp#27;[0;39m &amp#27;[2m&amp#27;[0;39m&amp#27;[36morg.hibernate.SQL                       &amp#27;[0;39m &amp#27;[2m:&amp#27;[0;39m 
    /* insert for
        com.cufre.expedientes.model.Delito */insert 
    into
        delito (actualizado_en, codigo_penal, creado_en, descripcion, nombre, pena_maxima, pena_minima, tipo_pena, valoracion, id) 
    values
        (?, ?, ?, ?, ?, ?, ?, ?, ?, ?)
Hibernate: 
    /* insert for
        com.cufre.expedientes.model.Delito */insert 
    into
        delito (actualizado_en, codigo_penal, creado_en, descripcion, nombre, pena_maxima, pena_minima, tipo_pena, valoracion, id) 
    values
        (?, ?, ?, ?, ?, ?, ?, ?, ?, ?)
&amp#27;[2m2025-05-11T11:17:47.300-03:00&amp#27;[0;39m &amp#27;[32m INFO&amp#27;[0;39m &amp#27;[35m16907&amp#27;[0;39m &amp#27;[2m---&amp#27;[0;39m &amp#27;[2m[           main]&amp#27;[0;39m &amp#27;[2m&amp#27;[0;39m&amp#27;[36mi.StatisticalLoggingSessionEventListener&amp#27;[0;39m &amp#27;[2m:&amp#27;[0;39m Session Metrics {
    3583 nanoseconds spent acquiring 1 JDBC connections;
    0 nanoseconds spent releasing 0 JDBC connections;
    11167 nanoseconds spent preparing 2 JDBC statements;
    322333 nanoseconds spent executing 1 JDBC statements;
    450291 nanoseconds spent executing 1 JDBC batches;
    0 nanoseconds spent performing 0 L2C puts;
    0 nanoseconds spent performing 0 L2C hits;
    0 nanoseconds spent performing 0 L2C misses;
    753959 nanoseconds spent executing 1 flushes (flushing a total of 1 entities and 1 collections);
    0 nanoseconds spent executing 0 partial-flushes (flushing a total of 0 entities and 0 collections)
}
&amp#27;[2m2025-05-11T11:17:47.301-03:00&amp#27;[0;39m &amp#27;[32mDEBUG&amp#27;[0;39m &amp#27;[35m16907&amp#27;[0;39m &amp#27;[2m---&amp#27;[0;39m &amp#27;[2m[           main]&amp#27;[0;39m &amp#27;[2m&amp#27;[0;39m&amp#27;[36morg.hibernate.SQL                       &amp#27;[0;39m &amp#27;[2m:&amp#27;[0;39m 
    /* <criteria> */ select
        d1_0.id,
        d1_0.actualizado_en,
        d1_0.codigo_penal,
        d1_0.creado_en,
        d1_0.descripcion,
        d1_0.nombre,
        d1_0.pena_maxima,
        d1_0.pena_minima,
        d1_0.tipo_pena,
        d1_0.valoracion 
    from
        delito d1_0 
    where
        upper(d1_0.nombre) like upper(?) escape '\'
Hibernate: 
    /* <criteria> */ select
        d1_0.id,
        d1_0.actualizado_en,
        d1_0.codigo_penal,
        d1_0.creado_en,
        d1_0.descripcion,
        d1_0.nombre,
        d1_0.pena_maxima,
        d1_0.pena_minima,
        d1_0.tipo_pena,
        d1_0.valoracion 
    from
        delito d1_0 
    where
        upper(d1_0.nombre) like upper(?) escape '\'
&amp#27;[2m2025-05-11T11:17:47.302-03:00&amp#27;[0;39m &amp#27;[32m INFO&amp#27;[0;39m &amp#27;[35m16907&amp#27;[0;39m &amp#27;[2m---&amp#27;[0;39m &amp#27;[2m[           main]&amp#27;[0;39m &amp#27;[2m&amp#27;[0;39m&amp#27;[36mi.StatisticalLoggingSessionEventListener&amp#27;[0;39m &amp#27;[2m:&amp#27;[0;39m Session Metrics {
    7916 nanoseconds spent acquiring 1 JDBC connections;
    0 nanoseconds spent releasing 0 JDBC connections;
    17041 nanoseconds spent preparing 1 JDBC statements;
    1156209 nanoseconds spent executing 1 JDBC statements;
    0 nanoseconds spent executing 0 JDBC batches;
    0 nanoseconds spent performing 0 L2C puts;
    0 nanoseconds spent performing 0 L2C hits;
    0 nanoseconds spent performing 0 L2C misses;
    0 nanoseconds spent executing 0 flushes (flushing a total of 0 entities and 0 collections);
    0 nanoseconds spent executing 0 partial-flushes (flushing a total of 0 entities and 0 collections)
}
&amp#27;[2m2025-05-11T11:17:47.302-03:00&amp#27;[0;39m &amp#27;[32mDEBUG&amp#27;[0;39m &amp#27;[35m16907&amp#27;[0;39m &amp#27;[2m---&amp#27;[0;39m &amp#27;[2m[           main]&amp#27;[0;39m &amp#27;[2m&amp#27;[0;39m&amp#27;[36morg.hibernate.SQL                       &amp#27;[0;39m &amp#27;[2m:&amp#27;[0;39m 
    select
        seq_delito.nextval 
    from
        dual
Hibernate: 
    select
        seq_delito.nextval 
    from
        dual
&amp#27;[2m2025-05-11T11:17:47.303-03:00&amp#27;[0;39m &amp#27;[32mDEBUG&amp#27;[0;39m &amp#27;[35m16907&amp#27;[0;39m &amp#27;[2m---&amp#27;[0;39m &amp#27;[2m[           main]&amp#27;[0;39m &amp#27;[2m&amp#27;[0;39m&amp#27;[36morg.hibernate.SQL                       &amp#27;[0;39m &amp#27;[2m:&amp#27;[0;39m 
    /* insert for
        com.cufre.expedientes.model.Delito */insert 
    into
        delito (actualizado_en, codigo_penal, creado_en, descripcion, nombre, pena_maxima, pena_minima, tipo_pena, valoracion, id) 
    values
        (?, ?, ?, ?, ?, ?, ?, ?, ?, ?)
Hibernate: 
    /* insert for
        com.cufre.expedientes.model.Delito */insert 
    into
        delito (actualizado_en, codigo_penal, creado_en, descripcion, nombre, pena_maxima, pena_minima, tipo_pena, valoracion, id) 
    values
        (?, ?, ?, ?, ?, ?, ?, ?, ?, ?)
&amp#27;[2m2025-05-11T11:17:47.304-03:00&amp#27;[0;39m &amp#27;[32m INFO&amp#27;[0;39m &amp#27;[35m16907&amp#27;[0;39m &amp#27;[2m---&amp#27;[0;39m &amp#27;[2m[           main]&amp#27;[0;39m &amp#27;[2m&amp#27;[0;39m&amp#27;[36mi.StatisticalLoggingSessionEventListener&amp#27;[0;39m &amp#27;[2m:&amp#27;[0;39m Session Metrics {
    3375 nanoseconds spent acquiring 1 JDBC connections;
    0 nanoseconds spent releasing 0 JDBC connections;
    9417 nanoseconds spent preparing 2 JDBC statements;
    270375 nanoseconds spent executing 1 JDBC statements;
    432625 nanoseconds spent executing 1 JDBC batches;
    0 nanoseconds spent performing 0 L2C puts;
    0 nanoseconds spent performing 0 L2C hits;
    0 nanoseconds spent performing 0 L2C misses;
    706667 nanoseconds spent executing 1 flushes (flushing a total of 1 entities and 1 collections);
    0 nanoseconds spent executing 0 partial-flushes (flushing a total of 0 entities and 0 collections)
}
&amp#27;[2m2025-05-11T11:17:47.304-03:00&amp#27;[0;39m &amp#27;[32mDEBUG&amp#27;[0;39m &amp#27;[35m16907&amp#27;[0;39m &amp#27;[2m---&amp#27;[0;39m &amp#27;[2m[           main]&amp#27;[0;39m &amp#27;[2m&amp#27;[0;39m&amp#27;[36morg.hibernate.SQL                       &amp#27;[0;39m &amp#27;[2m:&amp#27;[0;39m 
    /* <criteria> */ select
        d1_0.id,
        d1_0.actualizado_en,
        d1_0.codigo_penal,
        d1_0.creado_en,
        d1_0.descripcion,
        d1_0.nombre,
        d1_0.pena_maxima,
        d1_0.pena_minima,
        d1_0.tipo_pena,
        d1_0.valoracion 
    from
        delito d1_0 
    where
        upper(d1_0.nombre) like upper(?) escape '\'
Hibernate: 
    /* <criteria> */ select
        d1_0.id,
        d1_0.actualizado_en,
        d1_0.codigo_penal,
        d1_0.creado_en,
        d1_0.descripcion,
        d1_0.nombre,
        d1_0.pena_maxima,
        d1_0.pena_minima,
        d1_0.tipo_pena,
        d1_0.valoracion 
    from
        delito d1_0 
    where
        upper(d1_0.nombre) like upper(?) escape '\'
&amp#27;[2m2025-05-11T11:17:47.305-03:00&amp#27;[0;39m &amp#27;[32m INFO&amp#27;[0;39m &amp#27;[35m16907&amp#27;[0;39m &amp#27;[2m---&amp#27;[0;39m &amp#27;[2m[           main]&amp#27;[0;39m &amp#27;[2m&amp#27;[0;39m&amp#27;[36mi.StatisticalLoggingSessionEventListener&amp#27;[0;39m &amp#27;[2m:&amp#27;[0;39m Session Metrics {
    5834 nanoseconds spent acquiring 1 JDBC connections;
    0 nanoseconds spent releasing 0 JDBC connections;
    14250 nanoseconds spent preparing 1 JDBC statements;
    979417 nanoseconds spent executing 1 JDBC statements;
    0 nanoseconds spent executing 0 JDBC batches;
    0 nanoseconds spent performing 0 L2C puts;
    0 nanoseconds spent performing 0 L2C hits;
    0 nanoseconds spent performing 0 L2C misses;
    0 nanoseconds spent executing 0 flushes (flushing a total of 0 entities and 0 collections);
    0 nanoseconds spent executing 0 partial-flushes (flushing a total of 0 entities and 0 collections)
}
&amp#27;[2m2025-05-11T11:17:47.306-03:00&amp#27;[0;39m &amp#27;[32mDEBUG&amp#27;[0;39m &amp#27;[35m16907&amp#27;[0;39m &amp#27;[2m---&amp#27;[0;39m &amp#27;[2m[           main]&amp#27;[0;39m &amp#27;[2m&amp#27;[0;39m&amp#27;[36morg.hibernate.SQL                       &amp#27;[0;39m &amp#27;[2m:&amp#27;[0;39m 
    select
        seq_delito.nextval 
    from
        dual
Hibernate: 
    select
        seq_delito.nextval 
    from
        dual
&amp#27;[2m2025-05-11T11:17:47.306-03:00&amp#27;[0;39m &amp#27;[32mDEBUG&amp#27;[0;39m &amp#27;[35m16907&amp#27;[0;39m &amp#27;[2m---&amp#27;[0;39m &amp#27;[2m[           main]&amp#27;[0;39m &amp#27;[2m&amp#27;[0;39m&amp#27;[36morg.hibernate.SQL                       &amp#27;[0;39m &amp#27;[2m:&amp#27;[0;39m 
    /* insert for
        com.cufre.expedientes.model.Delito */insert 
    into
        delito (actualizado_en, codigo_penal, creado_en, descripcion, nombre, pena_maxima, pena_minima, tipo_pena, valoracion, id) 
    values
        (?, ?, ?, ?, ?, ?, ?, ?, ?, ?)
Hibernate: 
    /* insert for
        com.cufre.expedientes.model.Delito */insert 
    into
        delito (actualizado_en, codigo_penal, creado_en, descripcion, nombre, pena_maxima, pena_minima, tipo_pena, valoracion, id) 
    values
        (?, ?, ?, ?, ?, ?, ?, ?, ?, ?)
&amp#27;[2m2025-05-11T11:17:47.308-03:00&amp#27;[0;39m &amp#27;[32m INFO&amp#27;[0;39m &amp#27;[35m16907&amp#27;[0;39m &amp#27;[2m---&amp#27;[0;39m &amp#27;[2m[           main]&amp#27;[0;39m &amp#27;[2m&amp#27;[0;39m&amp#27;[36mi.StatisticalLoggingSessionEventListener&amp#27;[0;39m &amp#27;[2m:&amp#27;[0;39m Session Metrics {
    2750 nanoseconds spent acquiring 1 JDBC connections;
    0 nanoseconds spent releasing 0 JDBC connections;
    9750 nanoseconds spent preparing 2 JDBC statements;
    292042 nanoseconds spent executing 1 JDBC statements;
    495208 nanoseconds spent executing 1 JDBC batches;
    0 nanoseconds spent performing 0 L2C puts;
    0 nanoseconds spent performing 0 L2C hits;
    0 nanoseconds spent performing 0 L2C misses;
    797417 nanoseconds spent executing 1 flushes (flushing a total of 1 entities and 1 collections);
    0 nanoseconds spent executing 0 partial-flushes (flushing a total of 0 entities and 0 collections)
}
&amp#27;[2m2025-05-11T11:17:47.308-03:00&amp#27;[0;39m &amp#27;[32mDEBUG&amp#27;[0;39m &amp#27;[35m16907&amp#27;[0;39m &amp#27;[2m---&amp#27;[0;39m &amp#27;[2m[           main]&amp#27;[0;39m &amp#27;[2m&amp#27;[0;39m&amp#27;[36morg.hibernate.SQL                       &amp#27;[0;39m &amp#27;[2m:&amp#27;[0;39m 
    /* <criteria> */ select
        d1_0.id,
        d1_0.actualizado_en,
        d1_0.codigo_penal,
        d1_0.creado_en,
        d1_0.descripcion,
        d1_0.nombre,
        d1_0.pena_maxima,
        d1_0.pena_minima,
        d1_0.tipo_pena,
        d1_0.valoracion 
    from
        delito d1_0 
    where
        upper(d1_0.nombre) like upper(?) escape '\'
Hibernate: 
    /* <criteria> */ select
        d1_0.id,
        d1_0.actualizado_en,
        d1_0.codigo_penal,
        d1_0.creado_en,
        d1_0.descripcion,
        d1_0.nombre,
        d1_0.pena_maxima,
        d1_0.pena_minima,
        d1_0.tipo_pena,
        d1_0.valoracion 
    from
        delito d1_0 
    where
        upper(d1_0.nombre) like upper(?) escape '\'
&amp#27;[2m2025-05-11T11:17:47.309-03:00&amp#27;[0;39m &amp#27;[32m INFO&amp#27;[0;39m &amp#27;[35m16907&amp#27;[0;39m &amp#27;[2m---&amp#27;[0;39m &amp#27;[2m[           main]&amp#27;[0;39m &amp#27;[2m&amp#27;[0;39m&amp#27;[36mi.StatisticalLoggingSessionEventListener&amp#27;[0;39m &amp#27;[2m:&amp#27;[0;39m Session Metrics {
    4459 nanoseconds spent acquiring 1 JDBC connections;
    0 nanoseconds spent releasing 0 JDBC connections;
    11792 nanoseconds spent preparing 1 JDBC statements;
    999625 nanoseconds spent executing 1 JDBC statements;
    0 nanoseconds spent executing 0 JDBC batches;
    0 nanoseconds spent performing 0 L2C puts;
    0 nanoseconds spent performing 0 L2C hits;
    0 nanoseconds spent performing 0 L2C misses;
    0 nanoseconds spent executing 0 flushes (flushing a total of 0 entities and 0 collections);
    0 nanoseconds spent executing 0 partial-flushes (flushing a total of 0 entities and 0 collections)
}
&amp#27;[2m2025-05-11T11:17:47.309-03:00&amp#27;[0;39m &amp#27;[32mDEBUG&amp#27;[0;39m &amp#27;[35m16907&amp#27;[0;39m &amp#27;[2m---&amp#27;[0;39m &amp#27;[2m[           main]&amp#27;[0;39m &amp#27;[2m&amp#27;[0;39m&amp#27;[36morg.hibernate.SQL                       &amp#27;[0;39m &amp#27;[2m:&amp#27;[0;39m 
    select
        seq_delito.nextval 
    from
        dual
Hibernate: 
    select
        seq_delito.nextval 
    from
        dual
&amp#27;[2m2025-05-11T11:17:47.311-03:00&amp#27;[0;39m &amp#27;[32mDEBUG&amp#27;[0;39m &amp#27;[35m16907&amp#27;[0;39m &amp#27;[2m---&amp#27;[0;39m &amp#27;[2m[           main]&amp#27;[0;39m &amp#27;[2m&amp#27;[0;39m&amp#27;[36morg.hibernate.SQL                       &amp#27;[0;39m &amp#27;[2m:&amp#27;[0;39m 
    /* insert for
        com.cufre.expedientes.model.Delito */insert 
    into
        delito (actualizado_en, codigo_penal, creado_en, descripcion, nombre, pena_maxima, pena_minima, tipo_pena, valoracion, id) 
    values
        (?, ?, ?, ?, ?, ?, ?, ?, ?, ?)
Hibernate: 
    /* insert for
        com.cufre.expedientes.model.Delito */insert 
    into
        delito (actualizado_en, codigo_penal, creado_en, descripcion, nombre, pena_maxima, pena_minima, tipo_pena, valoracion, id) 
    values
        (?, ?, ?, ?, ?, ?, ?, ?, ?, ?)
&amp#27;[2m2025-05-11T11:17:47.312-03:00&amp#27;[0;39m &amp#27;[32m INFO&amp#27;[0;39m &amp#27;[35m16907&amp#27;[0;39m &amp#27;[2m---&amp#27;[0;39m &amp#27;[2m[           main]&amp#27;[0;39m &amp#27;[2m&amp#27;[0;39m&amp#27;[36mi.StatisticalLoggingSessionEventListener&amp#27;[0;39m &amp#27;[2m:&amp#27;[0;39m Session Metrics {
    5083 nanoseconds spent acquiring 1 JDBC connections;
    0 nanoseconds spent releasing 0 JDBC connections;
    15834 nanoseconds spent preparing 2 JDBC statements;
    1029042 nanoseconds spent executing 1 JDBC statements;
    406208 nanoseconds spent executing 1 JDBC batches;
    0 nanoseconds spent performing 0 L2C puts;
    0 nanoseconds spent performing 0 L2C hits;
    0 nanoseconds spent performing 0 L2C misses;
    768916 nanoseconds spent executing 1 flushes (flushing a total of 1 entities and 1 collections);
    0 nanoseconds spent executing 0 partial-flushes (flushing a total of 0 entities and 0 collections)
}
&amp#27;[2m2025-05-11T11:17:47.313-03:00&amp#27;[0;39m &amp#27;[32mDEBUG&amp#27;[0;39m &amp#27;[35m16907&amp#27;[0;39m &amp#27;[2m---&amp#27;[0;39m &amp#27;[2m[           main]&amp#27;[0;39m &amp#27;[2m&amp#27;[0;39m&amp#27;[36morg.hibernate.SQL                       &amp#27;[0;39m &amp#27;[2m:&amp#27;[0;39m 
    /* <criteria> */ select
        d1_0.id,
        d1_0.actualizado_en,
        d1_0.codigo_penal,
        d1_0.creado_en,
        d1_0.descripcion,
        d1_0.nombre,
        d1_0.pena_maxima,
        d1_0.pena_minima,
        d1_0.tipo_pena,
        d1_0.valoracion 
    from
        delito d1_0 
    where
        upper(d1_0.nombre) like upper(?) escape '\'
Hibernate: 
    /* <criteria> */ select
        d1_0.id,
        d1_0.actualizado_en,
        d1_0.codigo_penal,
        d1_0.creado_en,
        d1_0.descripcion,
        d1_0.nombre,
        d1_0.pena_maxima,
        d1_0.pena_minima,
        d1_0.tipo_pena,
        d1_0.valoracion 
    from
        delito d1_0 
    where
        upper(d1_0.nombre) like upper(?) escape '\'
&amp#27;[2m2025-05-11T11:17:47.314-03:00&amp#27;[0;39m &amp#27;[32m INFO&amp#27;[0;39m &amp#27;[35m16907&amp#27;[0;39m &amp#27;[2m---&amp#27;[0;39m &amp#27;[2m[           main]&amp#27;[0;39m &amp#27;[2m&amp#27;[0;39m&amp#27;[36mi.StatisticalLoggingSessionEventListener&amp#27;[0;39m &amp#27;[2m:&amp#27;[0;39m Session Metrics {
    5042 nanoseconds spent acquiring 1 JDBC connections;
    0 nanoseconds spent releasing 0 JDBC connections;
    14250 nanoseconds spent preparing 1 JDBC statements;
    993625 nanoseconds spent executing 1 JDBC statements;
    0 nanoseconds spent executing 0 JDBC batches;
    0 nanoseconds spent performing 0 L2C puts;
    0 nanoseconds spent performing 0 L2C hits;
    0 nanoseconds spent performing 0 L2C misses;
    0 nanoseconds spent executing 0 flushes (flushing a total of 0 entities and 0 collections);
    0 nanoseconds spent executing 0 partial-flushes (flushing a total of 0 entities and 0 collections)
}
&amp#27;[2m2025-05-11T11:17:47.314-03:00&amp#27;[0;39m &amp#27;[32mDEBUG&amp#27;[0;39m &amp#27;[35m16907&amp#27;[0;39m &amp#27;[2m---&amp#27;[0;39m &amp#27;[2m[           main]&amp#27;[0;39m &amp#27;[2m&amp#27;[0;39m&amp#27;[36morg.hibernate.SQL                       &amp#27;[0;39m &amp#27;[2m:&amp#27;[0;39m 
    select
        seq_delito.nextval 
    from
        dual
Hibernate: 
    select
        seq_delito.nextval 
    from
        dual
&amp#27;[2m2025-05-11T11:17:47.314-03:00&amp#27;[0;39m &amp#27;[32mDEBUG&amp#27;[0;39m &amp#27;[35m16907&amp#27;[0;39m &amp#27;[2m---&amp#27;[0;39m &amp#27;[2m[           main]&amp#27;[0;39m &amp#27;[2m&amp#27;[0;39m&amp#27;[36morg.hibernate.SQL                       &amp#27;[0;39m &amp#27;[2m:&amp#27;[0;39m 
    /* insert for
        com.cufre.expedientes.model.Delito */insert 
    into
        delito (actualizado_en, codigo_penal, creado_en, descripcion, nombre, pena_maxima, pena_minima, tipo_pena, valoracion, id) 
    values
        (?, ?, ?, ?, ?, ?, ?, ?, ?, ?)
Hibernate: 
    /* insert for
        com.cufre.expedientes.model.Delito */insert 
    into
        delito (actualizado_en, codigo_penal, creado_en, descripcion, nombre, pena_maxima, pena_minima, tipo_pena, valoracion, id) 
    values
        (?, ?, ?, ?, ?, ?, ?, ?, ?, ?)
&amp#27;[2m2025-05-11T11:17:47.316-03:00&amp#27;[0;39m &amp#27;[32m INFO&amp#27;[0;39m &amp#27;[35m16907&amp#27;[0;39m &amp#27;[2m---&amp#27;[0;39m &amp#27;[2m[           main]&amp#27;[0;39m &amp#27;[2m&amp#27;[0;39m&amp#27;[36mi.StatisticalLoggingSessionEventListener&amp#27;[0;39m &amp#27;[2m:&amp#27;[0;39m Session Metrics {
    2792 nanoseconds spent acquiring 1 JDBC connections;
    0 nanoseconds spent releasing 0 JDBC connections;
    9833 nanoseconds spent preparing 2 JDBC statements;
    251750 nanoseconds spent executing 1 JDBC statements;
    595166 nanoseconds spent executing 1 JDBC batches;
    0 nanoseconds spent performing 0 L2C puts;
    0 nanoseconds spent performing 0 L2C hits;
    0 nanoseconds spent performing 0 L2C misses;
    916042 nanoseconds spent executing 1 flushes (flushing a total of 1 entities and 1 collections);
    0 nanoseconds spent executing 0 partial-flushes (flushing a total of 0 entities and 0 collections)
}
&amp#27;[2m2025-05-11T11:17:47.316-03:00&amp#27;[0;39m &amp#27;[32mDEBUG&amp#27;[0;39m &amp#27;[35m16907&amp#27;[0;39m &amp#27;[2m---&amp#27;[0;39m &amp#27;[2m[           main]&amp#27;[0;39m &amp#27;[2m&amp#27;[0;39m&amp#27;[36morg.hibernate.SQL                       &amp#27;[0;39m &amp#27;[2m:&amp#27;[0;39m 
    /* <criteria> */ select
        d1_0.id,
        d1_0.actualizado_en,
        d1_0.codigo_penal,
        d1_0.creado_en,
        d1_0.descripcion,
        d1_0.nombre,
        d1_0.pena_maxima,
        d1_0.pena_minima,
        d1_0.tipo_pena,
        d1_0.valoracion 
    from
        delito d1_0 
    where
        upper(d1_0.nombre) like upper(?) escape '\'
Hibernate: 
    /* <criteria> */ select
        d1_0.id,
        d1_0.actualizado_en,
        d1_0.codigo_penal,
        d1_0.creado_en,
        d1_0.descripcion,
        d1_0.nombre,
        d1_0.pena_maxima,
        d1_0.pena_minima,
        d1_0.tipo_pena,
        d1_0.valoracion 
    from
        delito d1_0 
    where
        upper(d1_0.nombre) like upper(?) escape '\'
&amp#27;[2m2025-05-11T11:17:47.318-03:00&amp#27;[0;39m &amp#27;[32m INFO&amp#27;[0;39m &amp#27;[35m16907&amp#27;[0;39m &amp#27;[2m---&amp#27;[0;39m &amp#27;[2m[           main]&amp#27;[0;39m &amp#27;[2m&amp#27;[0;39m&amp#27;[36mi.StatisticalLoggingSessionEventListener&amp#27;[0;39m &amp#27;[2m:&amp#27;[0;39m Session Metrics {
    4958 nanoseconds spent acquiring 1 JDBC connections;
    0 nanoseconds spent releasing 0 JDBC connections;
    14833 nanoseconds spent preparing 1 JDBC statements;
    986834 nanoseconds spent executing 1 JDBC statements;
    0 nanoseconds spent executing 0 JDBC batches;
    0 nanoseconds spent performing 0 L2C puts;
    0 nanoseconds spent performing 0 L2C hits;
    0 nanoseconds spent performing 0 L2C misses;
    0 nanoseconds spent executing 0 flushes (flushing a total of 0 entities and 0 collections);
    0 nanoseconds spent executing 0 partial-flushes (flushing a total of 0 entities and 0 collections)
}
&amp#27;[2m2025-05-11T11:17:47.318-03:00&amp#27;[0;39m &amp#27;[32mDEBUG&amp#27;[0;39m &amp#27;[35m16907&amp#27;[0;39m &amp#27;[2m---&amp#27;[0;39m &amp#27;[2m[           main]&amp#27;[0;39m &amp#27;[2m&amp#27;[0;39m&amp#27;[36morg.hibernate.SQL                       &amp#27;[0;39m &amp#27;[2m:&amp#27;[0;39m 
    select
        seq_delito.nextval 
    from
        dual
Hibernate: 
    select
        seq_delito.nextval 
    from
        dual
&amp#27;[2m2025-05-11T11:17:47.318-03:00&amp#27;[0;39m &amp#27;[32mDEBUG&amp#27;[0;39m &amp#27;[35m16907&amp#27;[0;39m &amp#27;[2m---&amp#27;[0;39m &amp#27;[2m[           main]&amp#27;[0;39m &amp#27;[2m&amp#27;[0;39m&amp#27;[36morg.hibernate.SQL                       &amp#27;[0;39m &amp#27;[2m:&amp#27;[0;39m 
    /* insert for
        com.cufre.expedientes.model.Delito */insert 
    into
        delito (actualizado_en, codigo_penal, creado_en, descripcion, nombre, pena_maxima, pena_minima, tipo_pena, valoracion, id) 
    values
        (?, ?, ?, ?, ?, ?, ?, ?, ?, ?)
Hibernate: 
    /* insert for
        com.cufre.expedientes.model.Delito */insert 
    into
        delito (actualizado_en, codigo_penal, creado_en, descripcion, nombre, pena_maxima, pena_minima, tipo_pena, valoracion, id) 
    values
        (?, ?, ?, ?, ?, ?, ?, ?, ?, ?)
&amp#27;[2m2025-05-11T11:17:47.319-03:00&amp#27;[0;39m &amp#27;[32m INFO&amp#27;[0;39m &amp#27;[35m16907&amp#27;[0;39m &amp#27;[2m---&amp#27;[0;39m &amp#27;[2m[           main]&amp#27;[0;39m &amp#27;[2m&amp#27;[0;39m&amp#27;[36mi.StatisticalLoggingSessionEventListener&amp#27;[0;39m &amp#27;[2m:&amp#27;[0;39m Session Metrics {
    3125 nanoseconds spent acquiring 1 JDBC connections;
    0 nanoseconds spent releasing 0 JDBC connections;
    9500 nanoseconds spent preparing 2 JDBC statements;
    292917 nanoseconds spent executing 1 JDBC statements;
    380125 nanoseconds spent executing 1 JDBC batches;
    0 nanoseconds spent performing 0 L2C puts;
    0 nanoseconds spent performing 0 L2C hits;
    0 nanoseconds spent performing 0 L2C misses;
    669625 nanoseconds spent executing 1 flushes (flushing a total of 1 entities and 1 collections);
    0 nanoseconds spent executing 0 partial-flushes (flushing a total of 0 entities and 0 collections)
}
&amp#27;[2m2025-05-11T11:17:47.320-03:00&amp#27;[0;39m &amp#27;[32mDEBUG&amp#27;[0;39m &amp#27;[35m16907&amp#27;[0;39m &amp#27;[2m---&amp#27;[0;39m &amp#27;[2m[           main]&amp#27;[0;39m &amp#27;[2m&amp#27;[0;39m&amp#27;[36morg.hibernate.SQL                       &amp#27;[0;39m &amp#27;[2m:&amp#27;[0;39m 
    /* <criteria> */ select
        d1_0.id,
        d1_0.actualizado_en,
        d1_0.codigo_penal,
        d1_0.creado_en,
        d1_0.descripcion,
        d1_0.nombre,
        d1_0.pena_maxima,
        d1_0.pena_minima,
        d1_0.tipo_pena,
        d1_0.valoracion 
    from
        delito d1_0 
    where
        upper(d1_0.nombre) like upper(?) escape '\'
Hibernate: 
    /* <criteria> */ select
        d1_0.id,
        d1_0.actualizado_en,
        d1_0.codigo_penal,
        d1_0.creado_en,
        d1_0.descripcion,
        d1_0.nombre,
        d1_0.pena_maxima,
        d1_0.pena_minima,
        d1_0.tipo_pena,
        d1_0.valoracion 
    from
        delito d1_0 
    where
        upper(d1_0.nombre) like upper(?) escape '\'
&amp#27;[2m2025-05-11T11:17:47.321-03:00&amp#27;[0;39m &amp#27;[32m INFO&amp#27;[0;39m &amp#27;[35m16907&amp#27;[0;39m &amp#27;[2m---&amp#27;[0;39m &amp#27;[2m[           main]&amp#27;[0;39m &amp#27;[2m&amp#27;[0;39m&amp#27;[36mi.StatisticalLoggingSessionEventListener&amp#27;[0;39m &amp#27;[2m:&amp#27;[0;39m Session Metrics {
    4875 nanoseconds spent acquiring 1 JDBC connections;
    0 nanoseconds spent releasing 0 JDBC connections;
    14083 nanoseconds spent preparing 1 JDBC statements;
    929542 nanoseconds spent executing 1 JDBC statements;
    0 nanoseconds spent executing 0 JDBC batches;
    0 nanoseconds spent performing 0 L2C puts;
    0 nanoseconds spent performing 0 L2C hits;
    0 nanoseconds spent performing 0 L2C misses;
    0 nanoseconds spent executing 0 flushes (flushing a total of 0 entities and 0 collections);
    0 nanoseconds spent executing 0 partial-flushes (flushing a total of 0 entities and 0 collections)
}
&amp#27;[2m2025-05-11T11:17:47.321-03:00&amp#27;[0;39m &amp#27;[32mDEBUG&amp#27;[0;39m &amp#27;[35m16907&amp#27;[0;39m &amp#27;[2m---&amp#27;[0;39m &amp#27;[2m[           main]&amp#27;[0;39m &amp#27;[2m&amp#27;[0;39m&amp#27;[36morg.hibernate.SQL                       &amp#27;[0;39m &amp#27;[2m:&amp#27;[0;39m 
    select
        seq_delito.nextval 
    from
        dual
Hibernate: 
    select
        seq_delito.nextval 
    from
        dual
&amp#27;[2m2025-05-11T11:17:47.322-03:00&amp#27;[0;39m &amp#27;[32mDEBUG&amp#27;[0;39m &amp#27;[35m16907&amp#27;[0;39m &amp#27;[2m---&amp#27;[0;39m &amp#27;[2m[           main]&amp#27;[0;39m &amp#27;[2m&amp#27;[0;39m&amp#27;[36morg.hibernate.SQL                       &amp#27;[0;39m &amp#27;[2m:&amp#27;[0;39m 
    /* insert for
        com.cufre.expedientes.model.Delito */insert 
    into
        delito (actualizado_en, codigo_penal, creado_en, descripcion, nombre, pena_maxima, pena_minima, tipo_pena, valoracion, id) 
    values
        (?, ?, ?, ?, ?, ?, ?, ?, ?, ?)
Hibernate: 
    /* insert for
        com.cufre.expedientes.model.Delito */insert 
    into
        delito (actualizado_en, codigo_penal, creado_en, descripcion, nombre, pena_maxima, pena_minima, tipo_pena, valoracion, id) 
    values
        (?, ?, ?, ?, ?, ?, ?, ?, ?, ?)
&amp#27;[2m2025-05-11T11:17:47.323-03:00&amp#27;[0;39m &amp#27;[32m INFO&amp#27;[0;39m &amp#27;[35m16907&amp#27;[0;39m &amp#27;[2m---&amp#27;[0;39m &amp#27;[2m[           main]&amp#27;[0;39m &amp#27;[2m&amp#27;[0;39m&amp#27;[36mi.StatisticalLoggingSessionEventListener&amp#27;[0;39m &amp#27;[2m:&amp#27;[0;39m Session Metrics {
    4250 nanoseconds spent acquiring 1 JDBC connections;
    0 nanoseconds spent releasing 0 JDBC connections;
    9125 nanoseconds spent preparing 2 JDBC statements;
    240541 nanoseconds spent executing 1 JDBC statements;
    307084 nanoseconds spent executing 1 JDBC batches;
    0 nanoseconds spent performing 0 L2C puts;
    0 nanoseconds spent performing 0 L2C hits;
    0 nanoseconds spent performing 0 L2C misses;
    585250 nanoseconds spent executing 1 flushes (flushing a total of 1 entities and 1 collections);
    0 nanoseconds spent executing 0 partial-flushes (flushing a total of 0 entities and 0 collections)
}
&amp#27;[2m2025-05-11T11:17:47.323-03:00&amp#27;[0;39m &amp#27;[32mDEBUG&amp#27;[0;39m &amp#27;[35m16907&amp#27;[0;39m &amp#27;[2m---&amp#27;[0;39m &amp#27;[2m[           main]&amp#27;[0;39m &amp#27;[2m&amp#27;[0;39m&amp#27;[36morg.hibernate.SQL                       &amp#27;[0;39m &amp#27;[2m:&amp#27;[0;39m 
    /* <criteria> */ select
        d1_0.id,
        d1_0.actualizado_en,
        d1_0.codigo_penal,
        d1_0.creado_en,
        d1_0.descripcion,
        d1_0.nombre,
        d1_0.pena_maxima,
        d1_0.pena_minima,
        d1_0.tipo_pena,
        d1_0.valoracion 
    from
        delito d1_0 
    where
        upper(d1_0.nombre) like upper(?) escape '\'
Hibernate: 
    /* <criteria> */ select
        d1_0.id,
        d1_0.actualizado_en,
        d1_0.codigo_penal,
        d1_0.creado_en,
        d1_0.descripcion,
        d1_0.nombre,
        d1_0.pena_maxima,
        d1_0.pena_minima,
        d1_0.tipo_pena,
        d1_0.valoracion 
    from
        delito d1_0 
    where
        upper(d1_0.nombre) like upper(?) escape '\'
&amp#27;[2m2025-05-11T11:17:47.324-03:00&amp#27;[0;39m &amp#27;[32m INFO&amp#27;[0;39m &amp#27;[35m16907&amp#27;[0;39m &amp#27;[2m---&amp#27;[0;39m &amp#27;[2m[           main]&amp#27;[0;39m &amp#27;[2m&amp#27;[0;39m&amp#27;[36mi.StatisticalLoggingSessionEventListener&amp#27;[0;39m &amp#27;[2m:&amp#27;[0;39m Session Metrics {
    4583 nanoseconds spent acquiring 1 JDBC connections;
    0 nanoseconds spent releasing 0 JDBC connections;
    15000 nanoseconds spent preparing 1 JDBC statements;
    967041 nanoseconds spent executing 1 JDBC statements;
    0 nanoseconds spent executing 0 JDBC batches;
    0 nanoseconds spent performing 0 L2C puts;
    0 nanoseconds spent performing 0 L2C hits;
    0 nanoseconds spent performing 0 L2C misses;
    0 nanoseconds spent executing 0 flushes (flushing a total of 0 entities and 0 collections);
    0 nanoseconds spent executing 0 partial-flushes (flushing a total of 0 entities and 0 collections)
}
&amp#27;[2m2025-05-11T11:17:47.324-03:00&amp#27;[0;39m &amp#27;[32mDEBUG&amp#27;[0;39m &amp#27;[35m16907&amp#27;[0;39m &amp#27;[2m---&amp#27;[0;39m &amp#27;[2m[           main]&amp#27;[0;39m &amp#27;[2m&amp#27;[0;39m&amp#27;[36morg.hibernate.SQL                       &amp#27;[0;39m &amp#27;[2m:&amp#27;[0;39m 
    select
        seq_delito.nextval 
    from
        dual
Hibernate: 
    select
        seq_delito.nextval 
    from
        dual
&amp#27;[2m2025-05-11T11:17:47.325-03:00&amp#27;[0;39m &amp#27;[32mDEBUG&amp#27;[0;39m &amp#27;[35m16907&amp#27;[0;39m &amp#27;[2m---&amp#27;[0;39m &amp#27;[2m[           main]&amp#27;[0;39m &amp#27;[2m&amp#27;[0;39m&amp#27;[36morg.hibernate.SQL                       &amp#27;[0;39m &amp#27;[2m:&amp#27;[0;39m 
    /* insert for
        com.cufre.expedientes.model.Delito */insert 
    into
        delito (actualizado_en, codigo_penal, creado_en, descripcion, nombre, pena_maxima, pena_minima, tipo_pena, valoracion, id) 
    values
        (?, ?, ?, ?, ?, ?, ?, ?, ?, ?)
Hibernate: 
    /* insert for
        com.cufre.expedientes.model.Delito */insert 
    into
        delito (actualizado_en, codigo_penal, creado_en, descripcion, nombre, pena_maxima, pena_minima, tipo_pena, valoracion, id) 
    values
        (?, ?, ?, ?, ?, ?, ?, ?, ?, ?)
&amp#27;[2m2025-05-11T11:17:47.327-03:00&amp#27;[0;39m &amp#27;[32m INFO&amp#27;[0;39m &amp#27;[35m16907&amp#27;[0;39m &amp#27;[2m---&amp#27;[0;39m &amp#27;[2m[           main]&amp#27;[0;39m &amp#27;[2m&amp#27;[0;39m&amp#27;[36mi.StatisticalLoggingSessionEventListener&amp#27;[0;39m &amp#27;[2m:&amp#27;[0;39m Session Metrics {
    2667 nanoseconds spent acquiring 1 JDBC connections;
    0 nanoseconds spent releasing 0 JDBC connections;
    11709 nanoseconds spent preparing 2 JDBC statements;
    253917 nanoseconds spent executing 1 JDBC statements;
    1517375 nanoseconds spent executing 1 JDBC batches;
    0 nanoseconds spent performing 0 L2C puts;
    0 nanoseconds spent performing 0 L2C hits;
    0 nanoseconds spent performing 0 L2C misses;
    1800333 nanoseconds spent executing 1 flushes (flushing a total of 1 entities and 1 collections);
    0 nanoseconds spent executing 0 partial-flushes (flushing a total of 0 entities and 0 collections)
}
&amp#27;[2m2025-05-11T11:17:47.328-03:00&amp#27;[0;39m &amp#27;[32mDEBUG&amp#27;[0;39m &amp#27;[35m16907&amp#27;[0;39m &amp#27;[2m---&amp#27;[0;39m &amp#27;[2m[           main]&amp#27;[0;39m &amp#27;[2m&amp#27;[0;39m&amp#27;[36morg.hibernate.SQL                       &amp#27;[0;39m &amp#27;[2m:&amp#27;[0;39m 
    /* <criteria> */ select
        d1_0.id,
        d1_0.actualizado_en,
        d1_0.codigo_penal,
        d1_0.creado_en,
        d1_0.descripcion,
        d1_0.nombre,
        d1_0.pena_maxima,
        d1_0.pena_minima,
        d1_0.tipo_pena,
        d1_0.valoracion 
    from
        delito d1_0 
    where
        upper(d1_0.nombre) like upper(?) escape '\'
Hibernate: 
    /* <criteria> */ select
        d1_0.id,
        d1_0.actualizado_en,
        d1_0.codigo_penal,
        d1_0.creado_en,
        d1_0.descripcion,
        d1_0.nombre,
        d1_0.pena_maxima,
        d1_0.pena_minima,
        d1_0.tipo_pena,
        d1_0.valoracion 
    from
        delito d1_0 
    where
        upper(d1_0.nombre) like upper(?) escape '\'
&amp#27;[2m2025-05-11T11:17:47.329-03:00&amp#27;[0;39m &amp#27;[32m INFO&amp#27;[0;39m &amp#27;[35m16907&amp#27;[0;39m &amp#27;[2m---&amp#27;[0;39m &amp#27;[2m[           main]&amp#27;[0;39m &amp#27;[2m&amp#27;[0;39m&amp#27;[36mi.StatisticalLoggingSessionEventListener&amp#27;[0;39m &amp#27;[2m:&amp#27;[0;39m Session Metrics {
    4666 nanoseconds spent acquiring 1 JDBC connections;
    0 nanoseconds spent releasing 0 JDBC connections;
    13959 nanoseconds spent preparing 1 JDBC statements;
    1075708 nanoseconds spent executing 1 JDBC statements;
    0 nanoseconds spent executing 0 JDBC batches;
    0 nanoseconds spent performing 0 L2C puts;
    0 nanoseconds spent performing 0 L2C hits;
    0 nanoseconds spent performing 0 L2C misses;
    0 nanoseconds spent executing 0 flushes (flushing a total of 0 entities and 0 collections);
    0 nanoseconds spent executing 0 partial-flushes (flushing a total of 0 entities and 0 collections)
}
&amp#27;[2m2025-05-11T11:17:47.329-03:00&amp#27;[0;39m &amp#27;[32mDEBUG&amp#27;[0;39m &amp#27;[35m16907&amp#27;[0;39m &amp#27;[2m---&amp#27;[0;39m &amp#27;[2m[           main]&amp#27;[0;39m &amp#27;[2m&amp#27;[0;39m&amp#27;[36morg.hibernate.SQL                       &amp#27;[0;39m &amp#27;[2m:&amp#27;[0;39m 
    select
        seq_delito.nextval 
    from
        dual
Hibernate: 
    select
        seq_delito.nextval 
    from
        dual
&amp#27;[2m2025-05-11T11:17:47.330-03:00&amp#27;[0;39m &amp#27;[32mDEBUG&amp#27;[0;39m &amp#27;[35m16907&amp#27;[0;39m &amp#27;[2m---&amp#27;[0;39m &amp#27;[2m[           main]&amp#27;[0;39m &amp#27;[2m&amp#27;[0;39m&amp#27;[36morg.hibernate.SQL                       &amp#27;[0;39m &amp#27;[2m:&amp#27;[0;39m 
    /* insert for
        com.cufre.expedientes.model.Delito */insert 
    into
        delito (actualizado_en, codigo_penal, creado_en, descripcion, nombre, pena_maxima, pena_minima, tipo_pena, valoracion, id) 
    values
        (?, ?, ?, ?, ?, ?, ?, ?, ?, ?)
Hibernate: 
    /* insert for
        com.cufre.expedientes.model.Delito */insert 
    into
        delito (actualizado_en, codigo_penal, creado_en, descripcion, nombre, pena_maxima, pena_minima, tipo_pena, valoracion, id) 
    values
        (?, ?, ?, ?, ?, ?, ?, ?, ?, ?)
&amp#27;[2m2025-05-11T11:17:47.331-03:00&amp#27;[0;39m &amp#27;[32m INFO&amp#27;[0;39m &amp#27;[35m16907&amp#27;[0;39m &amp#27;[2m---&amp#27;[0;39m &amp#27;[2m[           main]&amp#27;[0;39m &amp#27;[2m&amp#27;[0;39m&amp#27;[36mi.StatisticalLoggingSessionEventListener&amp#27;[0;39m &amp#27;[2m:&amp#27;[0;39m Session Metrics {
    2666 nanoseconds spent acquiring 1 JDBC connections;
    0 nanoseconds spent releasing 0 JDBC connections;
    13333 nanoseconds spent preparing 2 JDBC statements;
    245416 nanoseconds spent executing 1 JDBC statements;
    462167 nanoseconds spent executing 1 JDBC batches;
    0 nanoseconds spent performing 0 L2C puts;
    0 nanoseconds spent performing 0 L2C hits;
    0 nanoseconds spent performing 0 L2C misses;
    818416 nanoseconds spent executing 1 flushes (flushing a total of 1 entities and 1 collections);
    0 nanoseconds spent executing 0 partial-flushes (flushing a total of 0 entities and 0 collections)
}
&amp#27;[2m2025-05-11T11:17:47.332-03:00&amp#27;[0;39m &amp#27;[32mDEBUG&amp#27;[0;39m &amp#27;[35m16907&amp#27;[0;39m &amp#27;[2m---&amp#27;[0;39m &amp#27;[2m[           main]&amp#27;[0;39m &amp#27;[2m&amp#27;[0;39m&amp#27;[36morg.hibernate.SQL                       &amp#27;[0;39m &amp#27;[2m:&amp#27;[0;39m 
    /* <criteria> */ select
        d1_0.id,
        d1_0.actualizado_en,
        d1_0.codigo_penal,
        d1_0.creado_en,
        d1_0.descripcion,
        d1_0.nombre,
        d1_0.pena_maxima,
        d1_0.pena_minima,
        d1_0.tipo_pena,
        d1_0.valoracion 
    from
        delito d1_0 
    where
        upper(d1_0.nombre) like upper(?) escape '\'
Hibernate: 
    /* <criteria> */ select
        d1_0.id,
        d1_0.actualizado_en,
        d1_0.codigo_penal,
        d1_0.creado_en,
        d1_0.descripcion,
        d1_0.nombre,
        d1_0.pena_maxima,
        d1_0.pena_minima,
        d1_0.tipo_pena,
        d1_0.valoracion 
    from
        delito d1_0 
    where
        upper(d1_0.nombre) like upper(?) escape '\'
&amp#27;[2m2025-05-11T11:17:47.333-03:00&amp#27;[0;39m &amp#27;[32m INFO&amp#27;[0;39m &amp#27;[35m16907&amp#27;[0;39m &amp#27;[2m---&amp#27;[0;39m &amp#27;[2m[           main]&amp#27;[0;39m &amp#27;[2m&amp#27;[0;39m&amp#27;[36mi.StatisticalLoggingSessionEventListener&amp#27;[0;39m &amp#27;[2m:&amp#27;[0;39m Session Metrics {
    5917 nanoseconds spent acquiring 1 JDBC connections;
    0 nanoseconds spent releasing 0 JDBC connections;
    17625 nanoseconds spent preparing 1 JDBC statements;
    1152000 nanoseconds spent executing 1 JDBC statements;
    0 nanoseconds spent executing 0 JDBC batches;
    0 nanoseconds spent performing 0 L2C puts;
    0 nanoseconds spent performing 0 L2C hits;
    0 nanoseconds spent performing 0 L2C misses;
    0 nanoseconds spent executing 0 flushes (flushing a total of 0 entities and 0 collections);
    0 nanoseconds spent executing 0 partial-flushes (flushing a total of 0 entities and 0 collections)
}
&amp#27;[2m2025-05-11T11:17:47.334-03:00&amp#27;[0;39m &amp#27;[32mDEBUG&amp#27;[0;39m &amp#27;[35m16907&amp#27;[0;39m &amp#27;[2m---&amp#27;[0;39m &amp#27;[2m[           main]&amp#27;[0;39m &amp#27;[2m&amp#27;[0;39m&amp#27;[36morg.hibernate.SQL                       &amp#27;[0;39m &amp#27;[2m:&amp#27;[0;39m 
    select
        seq_delito.nextval 
    from
        dual
Hibernate: 
    select
        seq_delito.nextval 
    from
        dual
&amp#27;[2m2025-05-11T11:17:47.334-03:00&amp#27;[0;39m &amp#27;[32mDEBUG&amp#27;[0;39m &amp#27;[35m16907&amp#27;[0;39m &amp#27;[2m---&amp#27;[0;39m &amp#27;[2m[           main]&amp#27;[0;39m &amp#27;[2m&amp#27;[0;39m&amp#27;[36morg.hibernate.SQL                       &amp#27;[0;39m &amp#27;[2m:&amp#27;[0;39m 
    /* insert for
        com.cufre.expedientes.model.Delito */insert 
    into
        delito (actualizado_en, codigo_penal, creado_en, descripcion, nombre, pena_maxima, pena_minima, tipo_pena, valoracion, id) 
    values
        (?, ?, ?, ?, ?, ?, ?, ?, ?, ?)
Hibernate: 
    /* insert for
        com.cufre.expedientes.model.Delito */insert 
    into
        delito (actualizado_en, codigo_penal, creado_en, descripcion, nombre, pena_maxima, pena_minima, tipo_pena, valoracion, id) 
    values
        (?, ?, ?, ?, ?, ?, ?, ?, ?, ?)
&amp#27;[2m2025-05-11T11:17:47.335-03:00&amp#27;[0;39m &amp#27;[32m INFO&amp#27;[0;39m &amp#27;[35m16907&amp#27;[0;39m &amp#27;[2m---&amp#27;[0;39m &amp#27;[2m[           main]&amp#27;[0;39m &amp#27;[2m&amp#27;[0;39m&amp#27;[36mi.StatisticalLoggingSessionEventListener&amp#27;[0;39m &amp#27;[2m:&amp#27;[0;39m Session Metrics {
    3125 nanoseconds spent acquiring 1 JDBC connections;
    0 nanoseconds spent releasing 0 JDBC connections;
    9750 nanoseconds spent preparing 2 JDBC statements;
    292041 nanoseconds spent executing 1 JDBC statements;
    387125 nanoseconds spent executing 1 JDBC batches;
    0 nanoseconds spent performing 0 L2C puts;
    0 nanoseconds spent performing 0 L2C hits;
    0 nanoseconds spent performing 0 L2C misses;
    721833 nanoseconds spent executing 1 flushes (flushing a total of 1 entities and 1 collections);
    0 nanoseconds spent executing 0 partial-flushes (flushing a total of 0 entities and 0 collections)
}
&amp#27;[2m2025-05-11T11:17:47.336-03:00&amp#27;[0;39m &amp#27;[32mDEBUG&amp#27;[0;39m &amp#27;[35m16907&amp#27;[0;39m &amp#27;[2m---&amp#27;[0;39m &amp#27;[2m[           main]&amp#27;[0;39m &amp#27;[2m&amp#27;[0;39m&amp#27;[36morg.hibernate.SQL                       &amp#27;[0;39m &amp#27;[2m:&amp#27;[0;39m 
    /* <criteria> */ select
        d1_0.id,
        d1_0.actualizado_en,
        d1_0.codigo_penal,
        d1_0.creado_en,
        d1_0.descripcion,
        d1_0.nombre,
        d1_0.pena_maxima,
        d1_0.pena_minima,
        d1_0.tipo_pena,
        d1_0.valoracion 
    from
        delito d1_0 
    where
        upper(d1_0.nombre) like upper(?) escape '\'
Hibernate: 
    /* <criteria> */ select
        d1_0.id,
        d1_0.actualizado_en,
        d1_0.codigo_penal,
        d1_0.creado_en,
        d1_0.descripcion,
        d1_0.nombre,
        d1_0.pena_maxima,
        d1_0.pena_minima,
        d1_0.tipo_pena,
        d1_0.valoracion 
    from
        delito d1_0 
    where
        upper(d1_0.nombre) like upper(?) escape '\'
&amp#27;[2m2025-05-11T11:17:47.337-03:00&amp#27;[0;39m &amp#27;[32m INFO&amp#27;[0;39m &amp#27;[35m16907&amp#27;[0;39m &amp#27;[2m---&amp#27;[0;39m &amp#27;[2m[           main]&amp#27;[0;39m &amp#27;[2m&amp#27;[0;39m&amp#27;[36mi.StatisticalLoggingSessionEventListener&amp#27;[0;39m &amp#27;[2m:&amp#27;[0;39m Session Metrics {
    5167 nanoseconds spent acquiring 1 JDBC connections;
    0 nanoseconds spent releasing 0 JDBC connections;
    14459 nanoseconds spent preparing 1 JDBC statements;
    986708 nanoseconds spent executing 1 JDBC statements;
    0 nanoseconds spent executing 0 JDBC batches;
    0 nanoseconds spent performing 0 L2C puts;
    0 nanoseconds spent performing 0 L2C hits;
    0 nanoseconds spent performing 0 L2C misses;
    0 nanoseconds spent executing 0 flushes (flushing a total of 0 entities and 0 collections);
    0 nanoseconds spent executing 0 partial-flushes (flushing a total of 0 entities and 0 collections)
}
&amp#27;[2m2025-05-11T11:17:47.337-03:00&amp#27;[0;39m &amp#27;[32mDEBUG&amp#27;[0;39m &amp#27;[35m16907&amp#27;[0;39m &amp#27;[2m---&amp#27;[0;39m &amp#27;[2m[           main]&amp#27;[0;39m &amp#27;[2m&amp#27;[0;39m&amp#27;[36morg.hibernate.SQL                       &amp#27;[0;39m &amp#27;[2m:&amp#27;[0;39m 
    select
        seq_delito.nextval 
    from
        dual
Hibernate: 
    select
        seq_delito.nextval 
    from
        dual
&amp#27;[2m2025-05-11T11:17:47.338-03:00&amp#27;[0;39m &amp#27;[32mDEBUG&amp#27;[0;39m &amp#27;[35m16907&amp#27;[0;39m &amp#27;[2m---&amp#27;[0;39m &amp#27;[2m[           main]&amp#27;[0;39m &amp#27;[2m&amp#27;[0;39m&amp#27;[36morg.hibernate.SQL                       &amp#27;[0;39m &amp#27;[2m:&amp#27;[0;39m 
    /* insert for
        com.cufre.expedientes.model.Delito */insert 
    into
        delito (actualizado_en, codigo_penal, creado_en, descripcion, nombre, pena_maxima, pena_minima, tipo_pena, valoracion, id) 
    values
        (?, ?, ?, ?, ?, ?, ?, ?, ?, ?)
Hibernate: 
    /* insert for
        com.cufre.expedientes.model.Delito */insert 
    into
        delito (actualizado_en, codigo_penal, creado_en, descripcion, nombre, pena_maxima, pena_minima, tipo_pena, valoracion, id) 
    values
        (?, ?, ?, ?, ?, ?, ?, ?, ?, ?)
&amp#27;[2m2025-05-11T11:17:47.339-03:00&amp#27;[0;39m &amp#27;[32m INFO&amp#27;[0;39m &amp#27;[35m16907&amp#27;[0;39m &amp#27;[2m---&amp#27;[0;39m &amp#27;[2m[           main]&amp#27;[0;39m &amp#27;[2m&amp#27;[0;39m&amp#27;[36mi.StatisticalLoggingSessionEventListener&amp#27;[0;39m &amp#27;[2m:&amp#27;[0;39m Session Metrics {
    3375 nanoseconds spent acquiring 1 JDBC connections;
    0 nanoseconds spent releasing 0 JDBC connections;
    16125 nanoseconds spent preparing 2 JDBC statements;
    332708 nanoseconds spent executing 1 JDBC statements;
    439708 nanoseconds spent executing 1 JDBC batches;
    0 nanoseconds spent performing 0 L2C puts;
    0 nanoseconds spent performing 0 L2C hits;
    0 nanoseconds spent performing 0 L2C misses;
    796042 nanoseconds spent executing 1 flushes (flushing a total of 1 entities and 1 collections);
    0 nanoseconds spent executing 0 partial-flushes (flushing a total of 0 entities and 0 collections)
}
&amp#27;[2m2025-05-11T11:17:47.340-03:00&amp#27;[0;39m &amp#27;[32mDEBUG&amp#27;[0;39m &amp#27;[35m16907&amp#27;[0;39m &amp#27;[2m---&amp#27;[0;39m &amp#27;[2m[           main]&amp#27;[0;39m &amp#27;[2m&amp#27;[0;39m&amp#27;[36morg.hibernate.SQL                       &amp#27;[0;39m &amp#27;[2m:&amp#27;[0;39m 
    /* <criteria> */ select
        d1_0.id,
        d1_0.actualizado_en,
        d1_0.codigo_penal,
        d1_0.creado_en,
        d1_0.descripcion,
        d1_0.nombre,
        d1_0.pena_maxima,
        d1_0.pena_minima,
        d1_0.tipo_pena,
        d1_0.valoracion 
    from
        delito d1_0 
    where
        upper(d1_0.nombre) like upper(?) escape '\'
Hibernate: 
    /* <criteria> */ select
        d1_0.id,
        d1_0.actualizado_en,
        d1_0.codigo_penal,
        d1_0.creado_en,
        d1_0.descripcion,
        d1_0.nombre,
        d1_0.pena_maxima,
        d1_0.pena_minima,
        d1_0.tipo_pena,
        d1_0.valoracion 
    from
        delito d1_0 
    where
        upper(d1_0.nombre) like upper(?) escape '\'
&amp#27;[2m2025-05-11T11:17:47.341-03:00&amp#27;[0;39m &amp#27;[32m INFO&amp#27;[0;39m &amp#27;[35m16907&amp#27;[0;39m &amp#27;[2m---&amp#27;[0;39m &amp#27;[2m[           main]&amp#27;[0;39m &amp#27;[2m&amp#27;[0;39m&amp#27;[36mi.StatisticalLoggingSessionEventListener&amp#27;[0;39m &amp#27;[2m:&amp#27;[0;39m Session Metrics {
    5625 nanoseconds spent acquiring 1 JDBC connections;
    0 nanoseconds spent releasing 0 JDBC connections;
    16917 nanoseconds spent preparing 1 JDBC statements;
    1072333 nanoseconds spent executing 1 JDBC statements;
    0 nanoseconds spent executing 0 JDBC batches;
    0 nanoseconds spent performing 0 L2C puts;
    0 nanoseconds spent performing 0 L2C hits;
    0 nanoseconds spent performing 0 L2C misses;
    0 nanoseconds spent executing 0 flushes (flushing a total of 0 entities and 0 collections);
    0 nanoseconds spent executing 0 partial-flushes (flushing a total of 0 entities and 0 collections)
}
&amp#27;[2m2025-05-11T11:17:47.341-03:00&amp#27;[0;39m &amp#27;[32mDEBUG&amp#27;[0;39m &amp#27;[35m16907&amp#27;[0;39m &amp#27;[2m---&amp#27;[0;39m &amp#27;[2m[           main]&amp#27;[0;39m &amp#27;[2m&amp#27;[0;39m&amp#27;[36morg.hibernate.SQL                       &amp#27;[0;39m &amp#27;[2m:&amp#27;[0;39m 
    select
        seq_delito.nextval 
    from
        dual
Hibernate: 
    select
        seq_delito.nextval 
    from
        dual
&amp#27;[2m2025-05-11T11:17:47.342-03:00&amp#27;[0;39m &amp#27;[32mDEBUG&amp#27;[0;39m &amp#27;[35m16907&amp#27;[0;39m &amp#27;[2m---&amp#27;[0;39m &amp#27;[2m[           main]&amp#27;[0;39m &amp#27;[2m&amp#27;[0;39m&amp#27;[36morg.hibernate.SQL                       &amp#27;[0;39m &amp#27;[2m:&amp#27;[0;39m 
    /* insert for
        com.cufre.expedientes.model.Delito */insert 
    into
        delito (actualizado_en, codigo_penal, creado_en, descripcion, nombre, pena_maxima, pena_minima, tipo_pena, valoracion, id) 
    values
        (?, ?, ?, ?, ?, ?, ?, ?, ?, ?)
Hibernate: 
    /* insert for
        com.cufre.expedientes.model.Delito */insert 
    into
        delito (actualizado_en, codigo_penal, creado_en, descripcion, nombre, pena_maxima, pena_minima, tipo_pena, valoracion, id) 
    values
        (?, ?, ?, ?, ?, ?, ?, ?, ?, ?)
&amp#27;[2m2025-05-11T11:17:47.343-03:00&amp#27;[0;39m &amp#27;[32m INFO&amp#27;[0;39m &amp#27;[35m16907&amp#27;[0;39m &amp#27;[2m---&amp#27;[0;39m &amp#27;[2m[           main]&amp#27;[0;39m &amp#27;[2m&amp#27;[0;39m&amp#27;[36mi.StatisticalLoggingSessionEventListener&amp#27;[0;39m &amp#27;[2m:&amp#27;[0;39m Session Metrics {
    4291 nanoseconds spent acquiring 1 JDBC connections;
    0 nanoseconds spent releasing 0 JDBC connections;
    16416 nanoseconds spent preparing 2 JDBC statements;
    416541 nanoseconds spent executing 1 JDBC statements;
    509791 nanoseconds spent executing 1 JDBC batches;
    0 nanoseconds spent performing 0 L2C puts;
    0 nanoseconds spent performing 0 L2C hits;
    0 nanoseconds spent performing 0 L2C misses;
    832958 nanoseconds spent executing 1 flushes (flushing a total of 1 entities and 1 collections);
    0 nanoseconds spent executing 0 partial-flushes (flushing a total of 0 entities and 0 collections)
}
&amp#27;[2m2025-05-11T11:17:47.344-03:00&amp#27;[0;39m &amp#27;[32mDEBUG&amp#27;[0;39m &amp#27;[35m16907&amp#27;[0;39m &amp#27;[2m---&amp#27;[0;39m &amp#27;[2m[           main]&amp#27;[0;39m &amp#27;[2m&amp#27;[0;39m&amp#27;[36morg.hibernate.SQL                       &amp#27;[0;39m &amp#27;[2m:&amp#27;[0;39m 
    /* <criteria> */ select
        d1_0.id,
        d1_0.actualizado_en,
        d1_0.codigo_penal,
        d1_0.creado_en,
        d1_0.descripcion,
        d1_0.nombre,
        d1_0.pena_maxima,
        d1_0.pena_minima,
        d1_0.tipo_pena,
        d1_0.valoracion 
    from
        delito d1_0 
    where
        upper(d1_0.nombre) like upper(?) escape '\'
Hibernate: 
    /* <criteria> */ select
        d1_0.id,
        d1_0.actualizado_en,
        d1_0.codigo_penal,
        d1_0.creado_en,
        d1_0.descripcion,
        d1_0.nombre,
        d1_0.pena_maxima,
        d1_0.pena_minima,
        d1_0.tipo_pena,
        d1_0.valoracion 
    from
        delito d1_0 
    where
        upper(d1_0.nombre) like upper(?) escape '\'
&amp#27;[2m2025-05-11T11:17:47.346-03:00&amp#27;[0;39m &amp#27;[32m INFO&amp#27;[0;39m &amp#27;[35m16907&amp#27;[0;39m &amp#27;[2m---&amp#27;[0;39m &amp#27;[2m[           main]&amp#27;[0;39m &amp#27;[2m&amp#27;[0;39m&amp#27;[36mi.StatisticalLoggingSessionEventListener&amp#27;[0;39m &amp#27;[2m:&amp#27;[0;39m Session Metrics {
    6333 nanoseconds spent acquiring 1 JDBC connections;
    0 nanoseconds spent releasing 0 JDBC connections;
    17958 nanoseconds spent preparing 1 JDBC statements;
    1122292 nanoseconds spent executing 1 JDBC statements;
    0 nanoseconds spent executing 0 JDBC batches;
    0 nanoseconds spent performing 0 L2C puts;
    0 nanoseconds spent performing 0 L2C hits;
    0 nanoseconds spent performing 0 L2C misses;
    0 nanoseconds spent executing 0 flushes (flushing a total of 0 entities and 0 collections);
    0 nanoseconds spent executing 0 partial-flushes (flushing a total of 0 entities and 0 collections)
}
&amp#27;[2m2025-05-11T11:17:47.346-03:00&amp#27;[0;39m &amp#27;[32mDEBUG&amp#27;[0;39m &amp#27;[35m16907&amp#27;[0;39m &amp#27;[2m---&amp#27;[0;39m &amp#27;[2m[           main]&amp#27;[0;39m &amp#27;[2m&amp#27;[0;39m&amp#27;[36morg.hibernate.SQL                       &amp#27;[0;39m &amp#27;[2m:&amp#27;[0;39m 
    select
        seq_delito.nextval 
    from
        dual
Hibernate: 
    select
        seq_delito.nextval 
    from
        dual
&amp#27;[2m2025-05-11T11:17:47.347-03:00&amp#27;[0;39m &amp#27;[32mDEBUG&amp#27;[0;39m &amp#27;[35m16907&amp#27;[0;39m &amp#27;[2m---&amp#27;[0;39m &amp#27;[2m[           main]&amp#27;[0;39m &amp#27;[2m&amp#27;[0;39m&amp#27;[36morg.hibernate.SQL                       &amp#27;[0;39m &amp#27;[2m:&amp#27;[0;39m 
    /* insert for
        com.cufre.expedientes.model.Delito */insert 
    into
        delito (actualizado_en, codigo_penal, creado_en, descripcion, nombre, pena_maxima, pena_minima, tipo_pena, valoracion, id) 
    values
        (?, ?, ?, ?, ?, ?, ?, ?, ?, ?)
Hibernate: 
    /* insert for
        com.cufre.expedientes.model.Delito */insert 
    into
        delito (actualizado_en, codigo_penal, creado_en, descripcion, nombre, pena_maxima, pena_minima, tipo_pena, valoracion, id) 
    values
        (?, ?, ?, ?, ?, ?, ?, ?, ?, ?)
&amp#27;[2m2025-05-11T11:17:47.348-03:00&amp#27;[0;39m &amp#27;[32m INFO&amp#27;[0;39m &amp#27;[35m16907&amp#27;[0;39m &amp#27;[2m---&amp#27;[0;39m &amp#27;[2m[           main]&amp#27;[0;39m &amp#27;[2m&amp#27;[0;39m&amp#27;[36mi.StatisticalLoggingSessionEventListener&amp#27;[0;39m &amp#27;[2m:&amp#27;[0;39m Session Metrics {
    4959 nanoseconds spent acquiring 1 JDBC connections;
    0 nanoseconds spent releasing 0 JDBC connections;
    15125 nanoseconds spent preparing 2 JDBC statements;
    354000 nanoseconds spent executing 1 JDBC statements;
    570750 nanoseconds spent executing 1 JDBC batches;
    0 nanoseconds spent performing 0 L2C puts;
    0 nanoseconds spent performing 0 L2C hits;
    0 nanoseconds spent performing 0 L2C misses;
    938917 nanoseconds spent executing 1 flushes (flushing a total of 1 entities and 1 collections);
    0 nanoseconds spent executing 0 partial-flushes (flushing a total of 0 entities and 0 collections)
}
&amp#27;[2m2025-05-11T11:17:47.349-03:00&amp#27;[0;39m &amp#27;[32mDEBUG&amp#27;[0;39m &amp#27;[35m16907&amp#27;[0;39m &amp#27;[2m---&amp#27;[0;39m &amp#27;[2m[           main]&amp#27;[0;39m &amp#27;[2m&amp#27;[0;39m&amp#27;[36morg.hibernate.SQL                       &amp#27;[0;39m &amp#27;[2m:&amp#27;[0;39m 
    /* <criteria> */ select
        d1_0.id,
        d1_0.actualizado_en,
        d1_0.codigo_penal,
        d1_0.creado_en,
        d1_0.descripcion,
        d1_0.nombre,
        d1_0.pena_maxima,
        d1_0.pena_minima,
        d1_0.tipo_pena,
        d1_0.valoracion 
    from
        delito d1_0 
    where
        upper(d1_0.nombre) like upper(?) escape '\'
Hibernate: 
    /* <criteria> */ select
        d1_0.id,
        d1_0.actualizado_en,
        d1_0.codigo_penal,
        d1_0.creado_en,
        d1_0.descripcion,
        d1_0.nombre,
        d1_0.pena_maxima,
        d1_0.pena_minima,
        d1_0.tipo_pena,
        d1_0.valoracion 
    from
        delito d1_0 
    where
        upper(d1_0.nombre) like upper(?) escape '\'
&amp#27;[2m2025-05-11T11:17:47.350-03:00&amp#27;[0;39m &amp#27;[32m INFO&amp#27;[0;39m &amp#27;[35m16907&amp#27;[0;39m &amp#27;[2m---&amp#27;[0;39m &amp#27;[2m[           main]&amp#27;[0;39m &amp#27;[2m&amp#27;[0;39m&amp#27;[36mi.StatisticalLoggingSessionEventListener&amp#27;[0;39m &amp#27;[2m:&amp#27;[0;39m Session Metrics {
    6250 nanoseconds spent acquiring 1 JDBC connections;
    0 nanoseconds spent releasing 0 JDBC connections;
    16375 nanoseconds spent preparing 1 JDBC statements;
    1016792 nanoseconds spent executing 1 JDBC statements;
    0 nanoseconds spent executing 0 JDBC batches;
    0 nanoseconds spent performing 0 L2C puts;
    0 nanoseconds spent performing 0 L2C hits;
    0 nanoseconds spent performing 0 L2C misses;
    0 nanoseconds spent executing 0 flushes (flushing a total of 0 entities and 0 collections);
    0 nanoseconds spent executing 0 partial-flushes (flushing a total of 0 entities and 0 collections)
}
&amp#27;[2m2025-05-11T11:17:47.350-03:00&amp#27;[0;39m &amp#27;[32mDEBUG&amp#27;[0;39m &amp#27;[35m16907&amp#27;[0;39m &amp#27;[2m---&amp#27;[0;39m &amp#27;[2m[           main]&amp#27;[0;39m &amp#27;[2m&amp#27;[0;39m&amp#27;[36morg.hibernate.SQL                       &amp#27;[0;39m &amp#27;[2m:&amp#27;[0;39m 
    select
        seq_delito.nextval 
    from
        dual
Hibernate: 
    select
        seq_delito.nextval 
    from
        dual
&amp#27;[2m2025-05-11T11:17:47.351-03:00&amp#27;[0;39m &amp#27;[32mDEBUG&amp#27;[0;39m &amp#27;[35m16907&amp#27;[0;39m &amp#27;[2m---&amp#27;[0;39m &amp#27;[2m[           main]&amp#27;[0;39m &amp#27;[2m&amp#27;[0;39m&amp#27;[36morg.hibernate.SQL                       &amp#27;[0;39m &amp#27;[2m:&amp#27;[0;39m 
    /* insert for
        com.cufre.expedientes.model.Delito */insert 
    into
        delito (actualizado_en, codigo_penal, creado_en, descripcion, nombre, pena_maxima, pena_minima, tipo_pena, valoracion, id) 
    values
        (?, ?, ?, ?, ?, ?, ?, ?, ?, ?)
Hibernate: 
    /* insert for
        com.cufre.expedientes.model.Delito */insert 
    into
        delito (actualizado_en, codigo_penal, creado_en, descripcion, nombre, pena_maxima, pena_minima, tipo_pena, valoracion, id) 
    values
        (?, ?, ?, ?, ?, ?, ?, ?, ?, ?)
&amp#27;[2m2025-05-11T11:17:47.352-03:00&amp#27;[0;39m &amp#27;[32m INFO&amp#27;[0;39m &amp#27;[35m16907&amp#27;[0;39m &amp#27;[2m---&amp#27;[0;39m &amp#27;[2m[           main]&amp#27;[0;39m &amp#27;[2m&amp#27;[0;39m&amp#27;[36mi.StatisticalLoggingSessionEventListener&amp#27;[0;39m &amp#27;[2m:&amp#27;[0;39m Session Metrics {
    2833 nanoseconds spent acquiring 1 JDBC connections;
    0 nanoseconds spent releasing 0 JDBC connections;
    10291 nanoseconds spent preparing 2 JDBC statements;
    238000 nanoseconds spent executing 1 JDBC statements;
    514917 nanoseconds spent executing 1 JDBC batches;
    0 nanoseconds spent performing 0 L2C puts;
    0 nanoseconds spent performing 0 L2C hits;
    0 nanoseconds spent performing 0 L2C misses;
    843167 nanoseconds spent executing 1 flushes (flushing a total of 1 entities and 1 collections);
    0 nanoseconds spent executing 0 partial-flushes (flushing a total of 0 entities and 0 collections)
}
&amp#27;[2m2025-05-11T11:17:47.353-03:00&amp#27;[0;39m &amp#27;[32mDEBUG&amp#27;[0;39m &amp#27;[35m16907&amp#27;[0;39m &amp#27;[2m---&amp#27;[0;39m &amp#27;[2m[           main]&amp#27;[0;39m &amp#27;[2m&amp#27;[0;39m&amp#27;[36morg.hibernate.SQL                       &amp#27;[0;39m &amp#27;[2m:&amp#27;[0;39m 
    /* <criteria> */ select
        d1_0.id,
        d1_0.actualizado_en,
        d1_0.codigo_penal,
        d1_0.creado_en,
        d1_0.descripcion,
        d1_0.nombre,
        d1_0.pena_maxima,
        d1_0.pena_minima,
        d1_0.tipo_pena,
        d1_0.valoracion 
    from
        delito d1_0 
    where
        upper(d1_0.nombre) like upper(?) escape '\'
Hibernate: 
    /* <criteria> */ select
        d1_0.id,
        d1_0.actualizado_en,
        d1_0.codigo_penal,
        d1_0.creado_en,
        d1_0.descripcion,
        d1_0.nombre,
        d1_0.pena_maxima,
        d1_0.pena_minima,
        d1_0.tipo_pena,
        d1_0.valoracion 
    from
        delito d1_0 
    where
        upper(d1_0.nombre) like upper(?) escape '\'
&amp#27;[2m2025-05-11T11:17:47.354-03:00&amp#27;[0;39m &amp#27;[32m INFO&amp#27;[0;39m &amp#27;[35m16907&amp#27;[0;39m &amp#27;[2m---&amp#27;[0;39m &amp#27;[2m[           main]&amp#27;[0;39m &amp#27;[2m&amp#27;[0;39m&amp#27;[36mi.StatisticalLoggingSessionEventListener&amp#27;[0;39m &amp#27;[2m:&amp#27;[0;39m Session Metrics {
    5791 nanoseconds spent acquiring 1 JDBC connections;
    0 nanoseconds spent releasing 0 JDBC connections;
    16667 nanoseconds spent preparing 1 JDBC statements;
    1077375 nanoseconds spent executing 1 JDBC statements;
    0 nanoseconds spent executing 0 JDBC batches;
    0 nanoseconds spent performing 0 L2C puts;
    0 nanoseconds spent performing 0 L2C hits;
    0 nanoseconds spent performing 0 L2C misses;
    0 nanoseconds spent executing 0 flushes (flushing a total of 0 entities and 0 collections);
    0 nanoseconds spent executing 0 partial-flushes (flushing a total of 0 entities and 0 collections)
}
&amp#27;[2m2025-05-11T11:17:47.355-03:00&amp#27;[0;39m &amp#27;[32mDEBUG&amp#27;[0;39m &amp#27;[35m16907&amp#27;[0;39m &amp#27;[2m---&amp#27;[0;39m &amp#27;[2m[           main]&amp#27;[0;39m &amp#27;[2m&amp#27;[0;39m&amp#27;[36morg.hibernate.SQL                       &amp#27;[0;39m &amp#27;[2m:&amp#27;[0;39m 
    select
        seq_delito.nextval 
    from
        dual
Hibernate: 
    select
        seq_delito.nextval 
    from
        dual
&amp#27;[2m2025-05-11T11:17:47.356-03:00&amp#27;[0;39m &amp#27;[32mDEBUG&amp#27;[0;39m &amp#27;[35m16907&amp#27;[0;39m &amp#27;[2m---&amp#27;[0;39m &amp#27;[2m[           main]&amp#27;[0;39m &amp#27;[2m&amp#27;[0;39m&amp#27;[36morg.hibernate.SQL                       &amp#27;[0;39m &amp#27;[2m:&amp#27;[0;39m 
    /* insert for
        com.cufre.expedientes.model.Delito */insert 
    into
        delito (actualizado_en, codigo_penal, creado_en, descripcion, nombre, pena_maxima, pena_minima, tipo_pena, valoracion, id) 
    values
        (?, ?, ?, ?, ?, ?, ?, ?, ?, ?)
Hibernate: 
    /* insert for
        com.cufre.expedientes.model.Delito */insert 
    into
        delito (actualizado_en, codigo_penal, creado_en, descripcion, nombre, pena_maxima, pena_minima, tipo_pena, valoracion, id) 
    values
        (?, ?, ?, ?, ?, ?, ?, ?, ?, ?)
&amp#27;[2m2025-05-11T11:17:47.358-03:00&amp#27;[0;39m &amp#27;[32m INFO&amp#27;[0;39m &amp#27;[35m16907&amp#27;[0;39m &amp#27;[2m---&amp#27;[0;39m &amp#27;[2m[           main]&amp#27;[0;39m &amp#27;[2m&amp#27;[0;39m&amp#27;[36mi.StatisticalLoggingSessionEventListener&amp#27;[0;39m &amp#27;[2m:&amp#27;[0;39m Session Metrics {
    4834 nanoseconds spent acquiring 1 JDBC connections;
    0 nanoseconds spent releasing 0 JDBC connections;
    15834 nanoseconds spent preparing 2 JDBC statements;
    353458 nanoseconds spent executing 1 JDBC statements;
    500709 nanoseconds spent executing 1 JDBC batches;
    0 nanoseconds spent performing 0 L2C puts;
    0 nanoseconds spent performing 0 L2C hits;
    0 nanoseconds spent performing 0 L2C misses;
    1121458 nanoseconds spent executing 1 flushes (flushing a total of 1 entities and 1 collections);
    0 nanoseconds spent executing 0 partial-flushes (flushing a total of 0 entities and 0 collections)
}
&amp#27;[2m2025-05-11T11:17:47.359-03:00&amp#27;[0;39m &amp#27;[32mDEBUG&amp#27;[0;39m &amp#27;[35m16907&amp#27;[0;39m &amp#27;[2m---&amp#27;[0;39m &amp#27;[2m[           main]&amp#27;[0;39m &amp#27;[2m&amp#27;[0;39m&amp#27;[36morg.hibernate.SQL                       &amp#27;[0;39m &amp#27;[2m:&amp#27;[0;39m 
    /* <criteria> */ select
        d1_0.id,
        d1_0.actualizado_en,
        d1_0.codigo_penal,
        d1_0.creado_en,
        d1_0.descripcion,
        d1_0.nombre,
        d1_0.pena_maxima,
        d1_0.pena_minima,
        d1_0.tipo_pena,
        d1_0.valoracion 
    from
        delito d1_0 
    where
        upper(d1_0.nombre) like upper(?) escape '\'
Hibernate: 
    /* <criteria> */ select
        d1_0.id,
        d1_0.actualizado_en,
        d1_0.codigo_penal,
        d1_0.creado_en,
        d1_0.descripcion,
        d1_0.nombre,
        d1_0.pena_maxima,
        d1_0.pena_minima,
        d1_0.tipo_pena,
        d1_0.valoracion 
    from
        delito d1_0 
    where
        upper(d1_0.nombre) like upper(?) escape '\'
&amp#27;[2m2025-05-11T11:17:47.360-03:00&amp#27;[0;39m &amp#27;[32m INFO&amp#27;[0;39m &amp#27;[35m16907&amp#27;[0;39m &amp#27;[2m---&amp#27;[0;39m &amp#27;[2m[           main]&amp#27;[0;39m &amp#27;[2m&amp#27;[0;39m&amp#27;[36mi.StatisticalLoggingSessionEventListener&amp#27;[0;39m &amp#27;[2m:&amp#27;[0;39m Session Metrics {
    5584 nanoseconds spent acquiring 1 JDBC connections;
    0 nanoseconds spent releasing 0 JDBC connections;
    15666 nanoseconds spent preparing 1 JDBC statements;
    988917 nanoseconds spent executing 1 JDBC statements;
    0 nanoseconds spent executing 0 JDBC batches;
    0 nanoseconds spent performing 0 L2C puts;
    0 nanoseconds spent performing 0 L2C hits;
    0 nanoseconds spent performing 0 L2C misses;
    0 nanoseconds spent executing 0 flushes (flushing a total of 0 entities and 0 collections);
    0 nanoseconds spent executing 0 partial-flushes (flushing a total of 0 entities and 0 collections)
}
&amp#27;[2m2025-05-11T11:17:47.360-03:00&amp#27;[0;39m &amp#27;[32mDEBUG&amp#27;[0;39m &amp#27;[35m16907&amp#27;[0;39m &amp#27;[2m---&amp#27;[0;39m &amp#27;[2m[           main]&amp#27;[0;39m &amp#27;[2m&amp#27;[0;39m&amp#27;[36morg.hibernate.SQL                       &amp#27;[0;39m &amp#27;[2m:&amp#27;[0;39m 
    select
        seq_delito.nextval 
    from
        dual
Hibernate: 
    select
        seq_delito.nextval 
    from
        dual
&amp#27;[2m2025-05-11T11:17:47.361-03:00&amp#27;[0;39m &amp#27;[32mDEBUG&amp#27;[0;39m &amp#27;[35m16907&amp#27;[0;39m &amp#27;[2m---&amp#27;[0;39m &amp#27;[2m[           main]&amp#27;[0;39m &amp#27;[2m&amp#27;[0;39m&amp#27;[36morg.hibernate.SQL                       &amp#27;[0;39m &amp#27;[2m:&amp#27;[0;39m 
    /* insert for
        com.cufre.expedientes.model.Delito */insert 
    into
        delito (actualizado_en, codigo_penal, creado_en, descripcion, nombre, pena_maxima, pena_minima, tipo_pena, valoracion, id) 
    values
        (?, ?, ?, ?, ?, ?, ?, ?, ?, ?)
Hibernate: 
    /* insert for
        com.cufre.expedientes.model.Delito */insert 
    into
        delito (actualizado_en, codigo_penal, creado_en, descripcion, nombre, pena_maxima, pena_minima, tipo_pena, valoracion, id) 
    values
        (?, ?, ?, ?, ?, ?, ?, ?, ?, ?)
&amp#27;[2m2025-05-11T11:17:47.362-03:00&amp#27;[0;39m &amp#27;[32m INFO&amp#27;[0;39m &amp#27;[35m16907&amp#27;[0;39m &amp#27;[2m---&amp#27;[0;39m &amp#27;[2m[           main]&amp#27;[0;39m &amp#27;[2m&amp#27;[0;39m&amp#27;[36mi.StatisticalLoggingSessionEventListener&amp#27;[0;39m &amp#27;[2m:&amp#27;[0;39m Session Metrics {
    2667 nanoseconds spent acquiring 1 JDBC connections;
    0 nanoseconds spent releasing 0 JDBC connections;
    8834 nanoseconds spent preparing 2 JDBC statements;
    281958 nanoseconds spent executing 1 JDBC statements;
    375875 nanoseconds spent executing 1 JDBC batches;
    0 nanoseconds spent performing 0 L2C puts;
    0 nanoseconds spent performing 0 L2C hits;
    0 nanoseconds spent performing 0 L2C misses;
    689500 nanoseconds spent executing 1 flushes (flushing a total of 1 entities and 1 collections);
    0 nanoseconds spent executing 0 partial-flushes (flushing a total of 0 entities and 0 collections)
}
&amp#27;[2m2025-05-11T11:17:47.362-03:00&amp#27;[0;39m &amp#27;[32mDEBUG&amp#27;[0;39m &amp#27;[35m16907&amp#27;[0;39m &amp#27;[2m---&amp#27;[0;39m &amp#27;[2m[           main]&amp#27;[0;39m &amp#27;[2m&amp#27;[0;39m&amp#27;[36morg.hibernate.SQL                       &amp#27;[0;39m &amp#27;[2m:&amp#27;[0;39m 
    /* <criteria> */ select
        d1_0.id,
        d1_0.actualizado_en,
        d1_0.codigo_penal,
        d1_0.creado_en,
        d1_0.descripcion,
        d1_0.nombre,
        d1_0.pena_maxima,
        d1_0.pena_minima,
        d1_0.tipo_pena,
        d1_0.valoracion 
    from
        delito d1_0 
    where
        upper(d1_0.nombre) like upper(?) escape '\'
Hibernate: 
    /* <criteria> */ select
        d1_0.id,
        d1_0.actualizado_en,
        d1_0.codigo_penal,
        d1_0.creado_en,
        d1_0.descripcion,
        d1_0.nombre,
        d1_0.pena_maxima,
        d1_0.pena_minima,
        d1_0.tipo_pena,
        d1_0.valoracion 
    from
        delito d1_0 
    where
        upper(d1_0.nombre) like upper(?) escape '\'
&amp#27;[2m2025-05-11T11:17:47.363-03:00&amp#27;[0;39m &amp#27;[32m INFO&amp#27;[0;39m &amp#27;[35m16907&amp#27;[0;39m &amp#27;[2m---&amp#27;[0;39m &amp#27;[2m[           main]&amp#27;[0;39m &amp#27;[2m&amp#27;[0;39m&amp#27;[36mi.StatisticalLoggingSessionEventListener&amp#27;[0;39m &amp#27;[2m:&amp#27;[0;39m Session Metrics {
    4792 nanoseconds spent acquiring 1 JDBC connections;
    0 nanoseconds spent releasing 0 JDBC connections;
    13125 nanoseconds spent preparing 1 JDBC statements;
    1122667 nanoseconds spent executing 1 JDBC statements;
    0 nanoseconds spent executing 0 JDBC batches;
    0 nanoseconds spent performing 0 L2C puts;
    0 nanoseconds spent performing 0 L2C hits;
    0 nanoseconds spent performing 0 L2C misses;
    0 nanoseconds spent executing 0 flushes (flushing a total of 0 entities and 0 collections);
    0 nanoseconds spent executing 0 partial-flushes (flushing a total of 0 entities and 0 collections)
}
&amp#27;[2m2025-05-11T11:17:47.364-03:00&amp#27;[0;39m &amp#27;[32mDEBUG&amp#27;[0;39m &amp#27;[35m16907&amp#27;[0;39m &amp#27;[2m---&amp#27;[0;39m &amp#27;[2m[           main]&amp#27;[0;39m &amp#27;[2m&amp#27;[0;39m&amp#27;[36morg.hibernate.SQL                       &amp#27;[0;39m &amp#27;[2m:&amp#27;[0;39m 
    select
        seq_delito.nextval 
    from
        dual
Hibernate: 
    select
        seq_delito.nextval 
    from
        dual
&amp#27;[2m2025-05-11T11:17:47.364-03:00&amp#27;[0;39m &amp#27;[32mDEBUG&amp#27;[0;39m &amp#27;[35m16907&amp#27;[0;39m &amp#27;[2m---&amp#27;[0;39m &amp#27;[2m[           main]&amp#27;[0;39m &amp#27;[2m&amp#27;[0;39m&amp#27;[36morg.hibernate.SQL                       &amp#27;[0;39m &amp#27;[2m:&amp#27;[0;39m 
    /* insert for
        com.cufre.expedientes.model.Delito */insert 
    into
        delito (actualizado_en, codigo_penal, creado_en, descripcion, nombre, pena_maxima, pena_minima, tipo_pena, valoracion, id) 
    values
        (?, ?, ?, ?, ?, ?, ?, ?, ?, ?)
Hibernate: 
    /* insert for
        com.cufre.expedientes.model.Delito */insert 
    into
        delito (actualizado_en, codigo_penal, creado_en, descripcion, nombre, pena_maxima, pena_minima, tipo_pena, valoracion, id) 
    values
        (?, ?, ?, ?, ?, ?, ?, ?, ?, ?)
&amp#27;[2m2025-05-11T11:17:47.365-03:00&amp#27;[0;39m &amp#27;[32m INFO&amp#27;[0;39m &amp#27;[35m16907&amp#27;[0;39m &amp#27;[2m---&amp#27;[0;39m &amp#27;[2m[           main]&amp#27;[0;39m &amp#27;[2m&amp#27;[0;39m&amp#27;[36mi.StatisticalLoggingSessionEventListener&amp#27;[0;39m &amp#27;[2m:&amp#27;[0;39m Session Metrics {
    3333 nanoseconds spent acquiring 1 JDBC connections;
    0 nanoseconds spent releasing 0 JDBC connections;
    10208 nanoseconds spent preparing 2 JDBC statements;
    295333 nanoseconds spent executing 1 JDBC statements;
    370000 nanoseconds spent executing 1 JDBC batches;
    0 nanoseconds spent performing 0 L2C puts;
    0 nanoseconds spent performing 0 L2C hits;
    0 nanoseconds spent performing 0 L2C misses;
    635042 nanoseconds spent executing 1 flushes (flushing a total of 1 entities and 1 collections);
    0 nanoseconds spent executing 0 partial-flushes (flushing a total of 0 entities and 0 collections)
}
&amp#27;[2m2025-05-11T11:17:47.366-03:00&amp#27;[0;39m &amp#27;[32mDEBUG&amp#27;[0;39m &amp#27;[35m16907&amp#27;[0;39m &amp#27;[2m---&amp#27;[0;39m &amp#27;[2m[           main]&amp#27;[0;39m &amp#27;[2m&amp#27;[0;39m&amp#27;[36morg.hibernate.SQL                       &amp#27;[0;39m &amp#27;[2m:&amp#27;[0;39m 
    /* <criteria> */ select
        d1_0.id,
        d1_0.actualizado_en,
        d1_0.codigo_penal,
        d1_0.creado_en,
        d1_0.descripcion,
        d1_0.nombre,
        d1_0.pena_maxima,
        d1_0.pena_minima,
        d1_0.tipo_pena,
        d1_0.valoracion 
    from
        delito d1_0 
    where
        upper(d1_0.nombre) like upper(?) escape '\'
Hibernate: 
    /* <criteria> */ select
        d1_0.id,
        d1_0.actualizado_en,
        d1_0.codigo_penal,
        d1_0.creado_en,
        d1_0.descripcion,
        d1_0.nombre,
        d1_0.pena_maxima,
        d1_0.pena_minima,
        d1_0.tipo_pena,
        d1_0.valoracion 
    from
        delito d1_0 
    where
        upper(d1_0.nombre) like upper(?) escape '\'
&amp#27;[2m2025-05-11T11:17:47.367-03:00&amp#27;[0;39m &amp#27;[32m INFO&amp#27;[0;39m &amp#27;[35m16907&amp#27;[0;39m &amp#27;[2m---&amp#27;[0;39m &amp#27;[2m[           main]&amp#27;[0;39m &amp#27;[2m&amp#27;[0;39m&amp#27;[36mi.StatisticalLoggingSessionEventListener&amp#27;[0;39m &amp#27;[2m:&amp#27;[0;39m Session Metrics {
    4709 nanoseconds spent acquiring 1 JDBC connections;
    0 nanoseconds spent releasing 0 JDBC connections;
    11833 nanoseconds spent preparing 1 JDBC statements;
    954417 nanoseconds spent executing 1 JDBC statements;
    0 nanoseconds spent executing 0 JDBC batches;
    0 nanoseconds spent performing 0 L2C puts;
    0 nanoseconds spent performing 0 L2C hits;
    0 nanoseconds spent performing 0 L2C misses;
    0 nanoseconds spent executing 0 flushes (flushing a total of 0 entities and 0 collections);
    0 nanoseconds spent executing 0 partial-flushes (flushing a total of 0 entities and 0 collections)
}
&amp#27;[2m2025-05-11T11:17:47.367-03:00&amp#27;[0;39m &amp#27;[32mDEBUG&amp#27;[0;39m &amp#27;[35m16907&amp#27;[0;39m &amp#27;[2m---&amp#27;[0;39m &amp#27;[2m[           main]&amp#27;[0;39m &amp#27;[2m&amp#27;[0;39m&amp#27;[36morg.hibernate.SQL                       &amp#27;[0;39m &amp#27;[2m:&amp#27;[0;39m 
    select
        seq_delito.nextval 
    from
        dual
Hibernate: 
    select
        seq_delito.nextval 
    from
        dual
&amp#27;[2m2025-05-11T11:17:47.368-03:00&amp#27;[0;39m &amp#27;[32mDEBUG&amp#27;[0;39m &amp#27;[35m16907&amp#27;[0;39m &amp#27;[2m---&amp#27;[0;39m &amp#27;[2m[           main]&amp#27;[0;39m &amp#27;[2m&amp#27;[0;39m&amp#27;[36morg.hibernate.SQL                       &amp#27;[0;39m &amp#27;[2m:&amp#27;[0;39m 
    /* insert for
        com.cufre.expedientes.model.Delito */insert 
    into
        delito (actualizado_en, codigo_penal, creado_en, descripcion, nombre, pena_maxima, pena_minima, tipo_pena, valoracion, id) 
    values
        (?, ?, ?, ?, ?, ?, ?, ?, ?, ?)
Hibernate: 
    /* insert for
        com.cufre.expedientes.model.Delito */insert 
    into
        delito (actualizado_en, codigo_penal, creado_en, descripcion, nombre, pena_maxima, pena_minima, tipo_pena, valoracion, id) 
    values
        (?, ?, ?, ?, ?, ?, ?, ?, ?, ?)
&amp#27;[2m2025-05-11T11:17:47.369-03:00&amp#27;[0;39m &amp#27;[32m INFO&amp#27;[0;39m &amp#27;[35m16907&amp#27;[0;39m &amp#27;[2m---&amp#27;[0;39m &amp#27;[2m[           main]&amp#27;[0;39m &amp#27;[2m&amp#27;[0;39m&amp#27;[36mi.StatisticalLoggingSessionEventListener&amp#27;[0;39m &amp#27;[2m:&amp#27;[0;39m Session Metrics {
    2583 nanoseconds spent acquiring 1 JDBC connections;
    0 nanoseconds spent releasing 0 JDBC connections;
    7667 nanoseconds spent preparing 2 JDBC statements;
    269083 nanoseconds spent executing 1 JDBC statements;
    492250 nanoseconds spent executing 1 JDBC batches;
    0 nanoseconds spent performing 0 L2C puts;
    0 nanoseconds spent performing 0 L2C hits;
    0 nanoseconds spent performing 0 L2C misses;
    769083 nanoseconds spent executing 1 flushes (flushing a total of 1 entities and 1 collections);
    0 nanoseconds spent executing 0 partial-flushes (flushing a total of 0 entities and 0 collections)
}
&amp#27;[2m2025-05-11T11:17:47.369-03:00&amp#27;[0;39m &amp#27;[32mDEBUG&amp#27;[0;39m &amp#27;[35m16907&amp#27;[0;39m &amp#27;[2m---&amp#27;[0;39m &amp#27;[2m[           main]&amp#27;[0;39m &amp#27;[2m&amp#27;[0;39m&amp#27;[36morg.hibernate.SQL                       &amp#27;[0;39m &amp#27;[2m:&amp#27;[0;39m 
    /* <criteria> */ select
        d1_0.id,
        d1_0.actualizado_en,
        d1_0.codigo_penal,
        d1_0.creado_en,
        d1_0.descripcion,
        d1_0.nombre,
        d1_0.pena_maxima,
        d1_0.pena_minima,
        d1_0.tipo_pena,
        d1_0.valoracion 
    from
        delito d1_0 
    where
        upper(d1_0.nombre) like upper(?) escape '\'
Hibernate: 
    /* <criteria> */ select
        d1_0.id,
        d1_0.actualizado_en,
        d1_0.codigo_penal,
        d1_0.creado_en,
        d1_0.descripcion,
        d1_0.nombre,
        d1_0.pena_maxima,
        d1_0.pena_minima,
        d1_0.tipo_pena,
        d1_0.valoracion 
    from
        delito d1_0 
    where
        upper(d1_0.nombre) like upper(?) escape '\'
&amp#27;[2m2025-05-11T11:17:47.371-03:00&amp#27;[0;39m &amp#27;[32m INFO&amp#27;[0;39m &amp#27;[35m16907&amp#27;[0;39m &amp#27;[2m---&amp#27;[0;39m &amp#27;[2m[           main]&amp#27;[0;39m &amp#27;[2m&amp#27;[0;39m&amp#27;[36mi.StatisticalLoggingSessionEventListener&amp#27;[0;39m &amp#27;[2m:&amp#27;[0;39m Session Metrics {
    4167 nanoseconds spent acquiring 1 JDBC connections;
    0 nanoseconds spent releasing 0 JDBC connections;
    11708 nanoseconds spent preparing 1 JDBC statements;
    937750 nanoseconds spent executing 1 JDBC statements;
    0 nanoseconds spent executing 0 JDBC batches;
    0 nanoseconds spent performing 0 L2C puts;
    0 nanoseconds spent performing 0 L2C hits;
    0 nanoseconds spent performing 0 L2C misses;
    0 nanoseconds spent executing 0 flushes (flushing a total of 0 entities and 0 collections);
    0 nanoseconds spent executing 0 partial-flushes (flushing a total of 0 entities and 0 collections)
}
&amp#27;[2m2025-05-11T11:17:47.371-03:00&amp#27;[0;39m &amp#27;[32mDEBUG&amp#27;[0;39m &amp#27;[35m16907&amp#27;[0;39m &amp#27;[2m---&amp#27;[0;39m &amp#27;[2m[           main]&amp#27;[0;39m &amp#27;[2m&amp#27;[0;39m&amp#27;[36morg.hibernate.SQL                       &amp#27;[0;39m &amp#27;[2m:&amp#27;[0;39m 
    select
        seq_delito.nextval 
    from
        dual
Hibernate: 
    select
        seq_delito.nextval 
    from
        dual
&amp#27;[2m2025-05-11T11:17:47.371-03:00&amp#27;[0;39m &amp#27;[32mDEBUG&amp#27;[0;39m &amp#27;[35m16907&amp#27;[0;39m &amp#27;[2m---&amp#27;[0;39m &amp#27;[2m[           main]&amp#27;[0;39m &amp#27;[2m&amp#27;[0;39m&amp#27;[36morg.hibernate.SQL                       &amp#27;[0;39m &amp#27;[2m:&amp#27;[0;39m 
    /* insert for
        com.cufre.expedientes.model.Delito */insert 
    into
        delito (actualizado_en, codigo_penal, creado_en, descripcion, nombre, pena_maxima, pena_minima, tipo_pena, valoracion, id) 
    values
        (?, ?, ?, ?, ?, ?, ?, ?, ?, ?)
Hibernate: 
    /* insert for
        com.cufre.expedientes.model.Delito */insert 
    into
        delito (actualizado_en, codigo_penal, creado_en, descripcion, nombre, pena_maxima, pena_minima, tipo_pena, valoracion, id) 
    values
        (?, ?, ?, ?, ?, ?, ?, ?, ?, ?)
&amp#27;[2m2025-05-11T11:17:47.372-03:00&amp#27;[0;39m &amp#27;[32m INFO&amp#27;[0;39m &amp#27;[35m16907&amp#27;[0;39m &amp#27;[2m---&amp#27;[0;39m &amp#27;[2m[           main]&amp#27;[0;39m &amp#27;[2m&amp#27;[0;39m&amp#27;[36mi.StatisticalLoggingSessionEventListener&amp#27;[0;39m &amp#27;[2m:&amp#27;[0;39m Session Metrics {
    2917 nanoseconds spent acquiring 1 JDBC connections;
    0 nanoseconds spent releasing 0 JDBC connections;
    7709 nanoseconds spent preparing 2 JDBC statements;
    261958 nanoseconds spent executing 1 JDBC statements;
    330750 nanoseconds spent executing 1 JDBC batches;
    0 nanoseconds spent performing 0 L2C puts;
    0 nanoseconds spent performing 0 L2C hits;
    0 nanoseconds spent performing 0 L2C misses;
    592709 nanoseconds spent executing 1 flushes (flushing a total of 1 entities and 1 collections);
    0 nanoseconds spent executing 0 partial-flushes (flushing a total of 0 entities and 0 collections)
}
&amp#27;[2m2025-05-11T11:17:47.373-03:00&amp#27;[0;39m &amp#27;[32mDEBUG&amp#27;[0;39m &amp#27;[35m16907&amp#27;[0;39m &amp#27;[2m---&amp#27;[0;39m &amp#27;[2m[           main]&amp#27;[0;39m &amp#27;[2m&amp#27;[0;39m&amp#27;[36morg.hibernate.SQL                       &amp#27;[0;39m &amp#27;[2m:&amp#27;[0;39m 
    /* <criteria> */ select
        d1_0.id,
        d1_0.actualizado_en,
        d1_0.codigo_penal,
        d1_0.creado_en,
        d1_0.descripcion,
        d1_0.nombre,
        d1_0.pena_maxima,
        d1_0.pena_minima,
        d1_0.tipo_pena,
        d1_0.valoracion 
    from
        delito d1_0 
    where
        upper(d1_0.nombre) like upper(?) escape '\'
Hibernate: 
    /* <criteria> */ select
        d1_0.id,
        d1_0.actualizado_en,
        d1_0.codigo_penal,
        d1_0.creado_en,
        d1_0.descripcion,
        d1_0.nombre,
        d1_0.pena_maxima,
        d1_0.pena_minima,
        d1_0.tipo_pena,
        d1_0.valoracion 
    from
        delito d1_0 
    where
        upper(d1_0.nombre) like upper(?) escape '\'
&amp#27;[2m2025-05-11T11:17:47.374-03:00&amp#27;[0;39m &amp#27;[32m INFO&amp#27;[0;39m &amp#27;[35m16907&amp#27;[0;39m &amp#27;[2m---&amp#27;[0;39m &amp#27;[2m[           main]&amp#27;[0;39m &amp#27;[2m&amp#27;[0;39m&amp#27;[36mi.StatisticalLoggingSessionEventListener&amp#27;[0;39m &amp#27;[2m:&amp#27;[0;39m Session Metrics {
    5208 nanoseconds spent acquiring 1 JDBC connections;
    0 nanoseconds spent releasing 0 JDBC connections;
    13833 nanoseconds spent preparing 1 JDBC statements;
    885666 nanoseconds spent executing 1 JDBC statements;
    0 nanoseconds spent executing 0 JDBC batches;
    0 nanoseconds spent performing 0 L2C puts;
    0 nanoseconds spent performing 0 L2C hits;
    0 nanoseconds spent performing 0 L2C misses;
    0 nanoseconds spent executing 0 flushes (flushing a total of 0 entities and 0 collections);
    0 nanoseconds spent executing 0 partial-flushes (flushing a total of 0 entities and 0 collections)
}
&amp#27;[2m2025-05-11T11:17:47.374-03:00&amp#27;[0;39m &amp#27;[32mDEBUG&amp#27;[0;39m &amp#27;[35m16907&amp#27;[0;39m &amp#27;[2m---&amp#27;[0;39m &amp#27;[2m[           main]&amp#27;[0;39m &amp#27;[2m&amp#27;[0;39m&amp#27;[36morg.hibernate.SQL                       &amp#27;[0;39m &amp#27;[2m:&amp#27;[0;39m 
    /* <criteria> */ select
        d1_0.id,
        d1_0.actualizado_en,
        d1_0.codigo_penal,
        d1_0.creado_en,
        d1_0.descripcion,
        d1_0.nombre,
        d1_0.pena_maxima,
        d1_0.pena_minima,
        d1_0.tipo_pena,
        d1_0.valoracion 
    from
        delito d1_0 
    where
        upper(d1_0.nombre) like upper(?) escape '\'
Hibernate: 
    /* <criteria> */ select
        d1_0.id,
        d1_0.actualizado_en,
        d1_0.codigo_penal,
        d1_0.creado_en,
        d1_0.descripcion,
        d1_0.nombre,
        d1_0.pena_maxima,
        d1_0.pena_minima,
        d1_0.tipo_pena,
        d1_0.valoracion 
    from
        delito d1_0 
    where
        upper(d1_0.nombre) like upper(?) escape '\'
&amp#27;[2m2025-05-11T11:17:47.375-03:00&amp#27;[0;39m &amp#27;[32m INFO&amp#27;[0;39m &amp#27;[35m16907&amp#27;[0;39m &amp#27;[2m---&amp#27;[0;39m &amp#27;[2m[           main]&amp#27;[0;39m &amp#27;[2m&amp#27;[0;39m&amp#27;[36mi.StatisticalLoggingSessionEventListener&amp#27;[0;39m &amp#27;[2m:&amp#27;[0;39m Session Metrics {
    3542 nanoseconds spent acquiring 1 JDBC connections;
    0 nanoseconds spent releasing 0 JDBC connections;
    9959 nanoseconds spent preparing 1 JDBC statements;
    934125 nanoseconds spent executing 1 JDBC statements;
    0 nanoseconds spent executing 0 JDBC batches;
    0 nanoseconds spent performing 0 L2C puts;
    0 nanoseconds spent performing 0 L2C hits;
    0 nanoseconds spent performing 0 L2C misses;
    0 nanoseconds spent executing 0 flushes (flushing a total of 0 entities and 0 collections);
    0 nanoseconds spent executing 0 partial-flushes (flushing a total of 0 entities and 0 collections)
}
&amp#27;[2m2025-05-11T11:17:47.375-03:00&amp#27;[0;39m &amp#27;[32mDEBUG&amp#27;[0;39m &amp#27;[35m16907&amp#27;[0;39m &amp#27;[2m---&amp#27;[0;39m &amp#27;[2m[           main]&amp#27;[0;39m &amp#27;[2m&amp#27;[0;39m&amp#27;[36morg.hibernate.SQL                       &amp#27;[0;39m &amp#27;[2m:&amp#27;[0;39m 
    select
        seq_delito.nextval 
    from
        dual
Hibernate: 
    select
        seq_delito.nextval 
    from
        dual
&amp#27;[2m2025-05-11T11:17:47.376-03:00&amp#27;[0;39m &amp#27;[32mDEBUG&amp#27;[0;39m &amp#27;[35m16907&amp#27;[0;39m &amp#27;[2m---&amp#27;[0;39m &amp#27;[2m[           main]&amp#27;[0;39m &amp#27;[2m&amp#27;[0;39m&amp#27;[36morg.hibernate.SQL                       &amp#27;[0;39m &amp#27;[2m:&amp#27;[0;39m 
    /* insert for
        com.cufre.expedientes.model.Delito */insert 
    into
        delito (actualizado_en, codigo_penal, creado_en, descripcion, nombre, pena_maxima, pena_minima, tipo_pena, valoracion, id) 
    values
        (?, ?, ?, ?, ?, ?, ?, ?, ?, ?)
Hibernate: 
    /* insert for
        com.cufre.expedientes.model.Delito */insert 
    into
        delito (actualizado_en, codigo_penal, creado_en, descripcion, nombre, pena_maxima, pena_minima, tipo_pena, valoracion, id) 
    values
        (?, ?, ?, ?, ?, ?, ?, ?, ?, ?)
&amp#27;[2m2025-05-11T11:17:47.377-03:00&amp#27;[0;39m &amp#27;[32m INFO&amp#27;[0;39m &amp#27;[35m16907&amp#27;[0;39m &amp#27;[2m---&amp#27;[0;39m &amp#27;[2m[           main]&amp#27;[0;39m &amp#27;[2m&amp#27;[0;39m&amp#27;[36mi.StatisticalLoggingSessionEventListener&amp#27;[0;39m &amp#27;[2m:&amp#27;[0;39m Session Metrics {
    2625 nanoseconds spent acquiring 1 JDBC connections;
    0 nanoseconds spent releasing 0 JDBC connections;
    7875 nanoseconds spent preparing 2 JDBC statements;
    262625 nanoseconds spent executing 1 JDBC statements;
    377042 nanoseconds spent executing 1 JDBC batches;
    0 nanoseconds spent performing 0 L2C puts;
    0 nanoseconds spent performing 0 L2C hits;
    0 nanoseconds spent performing 0 L2C misses;
    723916 nanoseconds spent executing 1 flushes (flushing a total of 1 entities and 1 collections);
    0 nanoseconds spent executing 0 partial-flushes (flushing a total of 0 entities and 0 collections)
}
&amp#27;[2m2025-05-11T11:17:47.378-03:00&amp#27;[0;39m &amp#27;[32mDEBUG&amp#27;[0;39m &amp#27;[35m16907&amp#27;[0;39m &amp#27;[2m---&amp#27;[0;39m &amp#27;[2m[           main]&amp#27;[0;39m &amp#27;[2m&amp#27;[0;39m&amp#27;[36morg.hibernate.SQL                       &amp#27;[0;39m &amp#27;[2m:&amp#27;[0;39m 
    /* <criteria> */ select
        d1_0.id,
        d1_0.actualizado_en,
        d1_0.codigo_penal,
        d1_0.creado_en,
        d1_0.descripcion,
        d1_0.nombre,
        d1_0.pena_maxima,
        d1_0.pena_minima,
        d1_0.tipo_pena,
        d1_0.valoracion 
    from
        delito d1_0 
    where
        upper(d1_0.nombre) like upper(?) escape '\'
Hibernate: 
    /* <criteria> */ select
        d1_0.id,
        d1_0.actualizado_en,
        d1_0.codigo_penal,
        d1_0.creado_en,
        d1_0.descripcion,
        d1_0.nombre,
        d1_0.pena_maxima,
        d1_0.pena_minima,
        d1_0.tipo_pena,
        d1_0.valoracion 
    from
        delito d1_0 
    where
        upper(d1_0.nombre) like upper(?) escape '\'
&amp#27;[2m2025-05-11T11:17:47.379-03:00&amp#27;[0;39m &amp#27;[32m INFO&amp#27;[0;39m &amp#27;[35m16907&amp#27;[0;39m &amp#27;[2m---&amp#27;[0;39m &amp#27;[2m[           main]&amp#27;[0;39m &amp#27;[2m&amp#27;[0;39m&amp#27;[36mi.StatisticalLoggingSessionEventListener&amp#27;[0;39m &amp#27;[2m:&amp#27;[0;39m Session Metrics {
    7666 nanoseconds spent acquiring 1 JDBC connections;
    0 nanoseconds spent releasing 0 JDBC connections;
    15917 nanoseconds spent preparing 1 JDBC statements;
    914209 nanoseconds spent executing 1 JDBC statements;
    0 nanoseconds spent executing 0 JDBC batches;
    0 nanoseconds spent performing 0 L2C puts;
    0 nanoseconds spent performing 0 L2C hits;
    0 nanoseconds spent performing 0 L2C misses;
    0 nanoseconds spent executing 0 flushes (flushing a total of 0 entities and 0 collections);
    0 nanoseconds spent executing 0 partial-flushes (flushing a total of 0 entities and 0 collections)
}
&amp#27;[2m2025-05-11T11:17:47.379-03:00&amp#27;[0;39m &amp#27;[32mDEBUG&amp#27;[0;39m &amp#27;[35m16907&amp#27;[0;39m &amp#27;[2m---&amp#27;[0;39m &amp#27;[2m[           main]&amp#27;[0;39m &amp#27;[2m&amp#27;[0;39m&amp#27;[36morg.hibernate.SQL                       &amp#27;[0;39m &amp#27;[2m:&amp#27;[0;39m 
    select
        seq_delito.nextval 
    from
        dual
Hibernate: 
    select
        seq_delito.nextval 
    from
        dual
&amp#27;[2m2025-05-11T11:17:47.379-03:00&amp#27;[0;39m &amp#27;[32mDEBUG&amp#27;[0;39m &amp#27;[35m16907&amp#27;[0;39m &amp#27;[2m---&amp#27;[0;39m &amp#27;[2m[           main]&amp#27;[0;39m &amp#27;[2m&amp#27;[0;39m&amp#27;[36morg.hibernate.SQL                       &amp#27;[0;39m &amp#27;[2m:&amp#27;[0;39m 
    /* insert for
        com.cufre.expedientes.model.Delito */insert 
    into
        delito (actualizado_en, codigo_penal, creado_en, descripcion, nombre, pena_maxima, pena_minima, tipo_pena, valoracion, id) 
    values
        (?, ?, ?, ?, ?, ?, ?, ?, ?, ?)
Hibernate: 
    /* insert for
        com.cufre.expedientes.model.Delito */insert 
    into
        delito (actualizado_en, codigo_penal, creado_en, descripcion, nombre, pena_maxima, pena_minima, tipo_pena, valoracion, id) 
    values
        (?, ?, ?, ?, ?, ?, ?, ?, ?, ?)
&amp#27;[2m2025-05-11T11:17:47.381-03:00&amp#27;[0;39m &amp#27;[32m INFO&amp#27;[0;39m &amp#27;[35m16907&amp#27;[0;39m &amp#27;[2m---&amp#27;[0;39m &amp#27;[2m[           main]&amp#27;[0;39m &amp#27;[2m&amp#27;[0;39m&amp#27;[36mi.StatisticalLoggingSessionEventListener&amp#27;[0;39m &amp#27;[2m:&amp#27;[0;39m Session Metrics {
    2792 nanoseconds spent acquiring 1 JDBC connections;
    0 nanoseconds spent releasing 0 JDBC connections;
    9875 nanoseconds spent preparing 2 JDBC statements;
    271250 nanoseconds spent executing 1 JDBC statements;
    456042 nanoseconds spent executing 1 JDBC batches;
    0 nanoseconds spent performing 0 L2C puts;
    0 nanoseconds spent performing 0 L2C hits;
    0 nanoseconds spent performing 0 L2C misses;
    765292 nanoseconds spent executing 1 flushes (flushing a total of 1 entities and 1 collections);
    0 nanoseconds spent executing 0 partial-flushes (flushing a total of 0 entities and 0 collections)
}
&amp#27;[2m2025-05-11T11:17:47.381-03:00&amp#27;[0;39m &amp#27;[32mDEBUG&amp#27;[0;39m &amp#27;[35m16907&amp#27;[0;39m &amp#27;[2m---&amp#27;[0;39m &amp#27;[2m[           main]&amp#27;[0;39m &amp#27;[2m&amp#27;[0;39m&amp#27;[36morg.hibernate.SQL                       &amp#27;[0;39m &amp#27;[2m:&amp#27;[0;39m 
    /* <criteria> */ select
        d1_0.id,
        d1_0.actualizado_en,
        d1_0.codigo_penal,
        d1_0.creado_en,
        d1_0.descripcion,
        d1_0.nombre,
        d1_0.pena_maxima,
        d1_0.pena_minima,
        d1_0.tipo_pena,
        d1_0.valoracion 
    from
        delito d1_0 
    where
        upper(d1_0.nombre) like upper(?) escape '\'
Hibernate: 
    /* <criteria> */ select
        d1_0.id,
        d1_0.actualizado_en,
        d1_0.codigo_penal,
        d1_0.creado_en,
        d1_0.descripcion,
        d1_0.nombre,
        d1_0.pena_maxima,
        d1_0.pena_minima,
        d1_0.tipo_pena,
        d1_0.valoracion 
    from
        delito d1_0 
    where
        upper(d1_0.nombre) like upper(?) escape '\'
&amp#27;[2m2025-05-11T11:17:47.382-03:00&amp#27;[0;39m &amp#27;[32m INFO&amp#27;[0;39m &amp#27;[35m16907&amp#27;[0;39m &amp#27;[2m---&amp#27;[0;39m &amp#27;[2m[           main]&amp#27;[0;39m &amp#27;[2m&amp#27;[0;39m&amp#27;[36mi.StatisticalLoggingSessionEventListener&amp#27;[0;39m &amp#27;[2m:&amp#27;[0;39m Session Metrics {
    6750 nanoseconds spent acquiring 1 JDBC connections;
    0 nanoseconds spent releasing 0 JDBC connections;
    16708 nanoseconds spent preparing 1 JDBC statements;
    1017750 nanoseconds spent executing 1 JDBC statements;
    0 nanoseconds spent executing 0 JDBC batches;
    0 nanoseconds spent performing 0 L2C puts;
    0 nanoseconds spent performing 0 L2C hits;
    0 nanoseconds spent performing 0 L2C misses;
    0 nanoseconds spent executing 0 flushes (flushing a total of 0 entities and 0 collections);
    0 nanoseconds spent executing 0 partial-flushes (flushing a total of 0 entities and 0 collections)
}
&amp#27;[2m2025-05-11T11:17:47.383-03:00&amp#27;[0;39m &amp#27;[32mDEBUG&amp#27;[0;39m &amp#27;[35m16907&amp#27;[0;39m &amp#27;[2m---&amp#27;[0;39m &amp#27;[2m[           main]&amp#27;[0;39m &amp#27;[2m&amp#27;[0;39m&amp#27;[36morg.hibernate.SQL                       &amp#27;[0;39m &amp#27;[2m:&amp#27;[0;39m 
    select
        seq_delito.nextval 
    from
        dual
Hibernate: 
    select
        seq_delito.nextval 
    from
        dual
&amp#27;[2m2025-05-11T11:17:47.383-03:00&amp#27;[0;39m &amp#27;[32mDEBUG&amp#27;[0;39m &amp#27;[35m16907&amp#27;[0;39m &amp#27;[2m---&amp#27;[0;39m &amp#27;[2m[           main]&amp#27;[0;39m &amp#27;[2m&amp#27;[0;39m&amp#27;[36morg.hibernate.SQL                       &amp#27;[0;39m &amp#27;[2m:&amp#27;[0;39m 
    /* insert for
        com.cufre.expedientes.model.Delito */insert 
    into
        delito (actualizado_en, codigo_penal, creado_en, descripcion, nombre, pena_maxima, pena_minima, tipo_pena, valoracion, id) 
    values
        (?, ?, ?, ?, ?, ?, ?, ?, ?, ?)
Hibernate: 
    /* insert for
        com.cufre.expedientes.model.Delito */insert 
    into
        delito (actualizado_en, codigo_penal, creado_en, descripcion, nombre, pena_maxima, pena_minima, tipo_pena, valoracion, id) 
    values
        (?, ?, ?, ?, ?, ?, ?, ?, ?, ?)
&amp#27;[2m2025-05-11T11:17:47.384-03:00&amp#27;[0;39m &amp#27;[32m INFO&amp#27;[0;39m &amp#27;[35m16907&amp#27;[0;39m &amp#27;[2m---&amp#27;[0;39m &amp#27;[2m[           main]&amp#27;[0;39m &amp#27;[2m&amp#27;[0;39m&amp#27;[36mi.StatisticalLoggingSessionEventListener&amp#27;[0;39m &amp#27;[2m:&amp#27;[0;39m Session Metrics {
    2958 nanoseconds spent acquiring 1 JDBC connections;
    0 nanoseconds spent releasing 0 JDBC connections;
    11999 nanoseconds spent preparing 2 JDBC statements;
    303000 nanoseconds spent executing 1 JDBC statements;
    362792 nanoseconds spent executing 1 JDBC batches;
    0 nanoseconds spent performing 0 L2C puts;
    0 nanoseconds spent performing 0 L2C hits;
    0 nanoseconds spent performing 0 L2C misses;
    637750 nanoseconds spent executing 1 flushes (flushing a total of 1 entities and 1 collections);
    0 nanoseconds spent executing 0 partial-flushes (flushing a total of 0 entities and 0 collections)
}
&amp#27;[2m2025-05-11T11:17:47.385-03:00&amp#27;[0;39m &amp#27;[32mDEBUG&amp#27;[0;39m &amp#27;[35m16907&amp#27;[0;39m &amp#27;[2m---&amp#27;[0;39m &amp#27;[2m[           main]&amp#27;[0;39m &amp#27;[2m&amp#27;[0;39m&amp#27;[36morg.hibernate.SQL                       &amp#27;[0;39m &amp#27;[2m:&amp#27;[0;39m 
    /* <criteria> */ select
        d1_0.id,
        d1_0.actualizado_en,
        d1_0.codigo_penal,
        d1_0.creado_en,
        d1_0.descripcion,
        d1_0.nombre,
        d1_0.pena_maxima,
        d1_0.pena_minima,
        d1_0.tipo_pena,
        d1_0.valoracion 
    from
        delito d1_0 
    where
        upper(d1_0.nombre) like upper(?) escape '\'
Hibernate: 
    /* <criteria> */ select
        d1_0.id,
        d1_0.actualizado_en,
        d1_0.codigo_penal,
        d1_0.creado_en,
        d1_0.descripcion,
        d1_0.nombre,
        d1_0.pena_maxima,
        d1_0.pena_minima,
        d1_0.tipo_pena,
        d1_0.valoracion 
    from
        delito d1_0 
    where
        upper(d1_0.nombre) like upper(?) escape '\'
&amp#27;[2m2025-05-11T11:17:47.386-03:00&amp#27;[0;39m &amp#27;[32m INFO&amp#27;[0;39m &amp#27;[35m16907&amp#27;[0;39m &amp#27;[2m---&amp#27;[0;39m &amp#27;[2m[           main]&amp#27;[0;39m &amp#27;[2m&amp#27;[0;39m&amp#27;[36mi.StatisticalLoggingSessionEventListener&amp#27;[0;39m &amp#27;[2m:&amp#27;[0;39m Session Metrics {
    5000 nanoseconds spent acquiring 1 JDBC connections;
    0 nanoseconds spent releasing 0 JDBC connections;
    15708 nanoseconds spent preparing 1 JDBC statements;
    1028542 nanoseconds spent executing 1 JDBC statements;
    0 nanoseconds spent executing 0 JDBC batches;
    0 nanoseconds spent performing 0 L2C puts;
    0 nanoseconds spent performing 0 L2C hits;
    0 nanoseconds spent performing 0 L2C misses;
    0 nanoseconds spent executing 0 flushes (flushing a total of 0 entities and 0 collections);
    0 nanoseconds spent executing 0 partial-flushes (flushing a total of 0 entities and 0 collections)
}
&amp#27;[2m2025-05-11T11:17:47.386-03:00&amp#27;[0;39m &amp#27;[32mDEBUG&amp#27;[0;39m &amp#27;[35m16907&amp#27;[0;39m &amp#27;[2m---&amp#27;[0;39m &amp#27;[2m[           main]&amp#27;[0;39m &amp#27;[2m&amp#27;[0;39m&amp#27;[36morg.hibernate.SQL                       &amp#27;[0;39m &amp#27;[2m:&amp#27;[0;39m 
    select
        seq_delito.nextval 
    from
        dual
Hibernate: 
    select
        seq_delito.nextval 
    from
        dual
&amp#27;[2m2025-05-11T11:17:47.387-03:00&amp#27;[0;39m &amp#27;[32mDEBUG&amp#27;[0;39m &amp#27;[35m16907&amp#27;[0;39m &amp#27;[2m---&amp#27;[0;39m &amp#27;[2m[           main]&amp#27;[0;39m &amp#27;[2m&amp#27;[0;39m&amp#27;[36morg.hibernate.SQL                       &amp#27;[0;39m &amp#27;[2m:&amp#27;[0;39m 
    /* insert for
        com.cufre.expedientes.model.Delito */insert 
    into
        delito (actualizado_en, codigo_penal, creado_en, descripcion, nombre, pena_maxima, pena_minima, tipo_pena, valoracion, id) 
    values
        (?, ?, ?, ?, ?, ?, ?, ?, ?, ?)
Hibernate: 
    /* insert for
        com.cufre.expedientes.model.Delito */insert 
    into
        delito (actualizado_en, codigo_penal, creado_en, descripcion, nombre, pena_maxima, pena_minima, tipo_pena, valoracion, id) 
    values
        (?, ?, ?, ?, ?, ?, ?, ?, ?, ?)
&amp#27;[2m2025-05-11T11:17:47.388-03:00&amp#27;[0;39m &amp#27;[32m INFO&amp#27;[0;39m &amp#27;[35m16907&amp#27;[0;39m &amp#27;[2m---&amp#27;[0;39m &amp#27;[2m[           main]&amp#27;[0;39m &amp#27;[2m&amp#27;[0;39m&amp#27;[36mi.StatisticalLoggingSessionEventListener&amp#27;[0;39m &amp#27;[2m:&amp#27;[0;39m Session Metrics {
    2833 nanoseconds spent acquiring 1 JDBC connections;
    0 nanoseconds spent releasing 0 JDBC connections;
    17042 nanoseconds spent preparing 2 JDBC statements;
    253292 nanoseconds spent executing 1 JDBC statements;
    383833 nanoseconds spent executing 1 JDBC batches;
    0 nanoseconds spent performing 0 L2C puts;
    0 nanoseconds spent performing 0 L2C hits;
    0 nanoseconds spent performing 0 L2C misses;
    662625 nanoseconds spent executing 1 flushes (flushing a total of 1 entities and 1 collections);
    0 nanoseconds spent executing 0 partial-flushes (flushing a total of 0 entities and 0 collections)
}
&amp#27;[2m2025-05-11T11:17:47.388-03:00&amp#27;[0;39m &amp#27;[32mDEBUG&amp#27;[0;39m &amp#27;[35m16907&amp#27;[0;39m &amp#27;[2m---&amp#27;[0;39m &amp#27;[2m[           main]&amp#27;[0;39m &amp#27;[2m&amp#27;[0;39m&amp#27;[36morg.hibernate.SQL                       &amp#27;[0;39m &amp#27;[2m:&amp#27;[0;39m 
    /* <criteria> */ select
        d1_0.id,
        d1_0.actualizado_en,
        d1_0.codigo_penal,
        d1_0.creado_en,
        d1_0.descripcion,
        d1_0.nombre,
        d1_0.pena_maxima,
        d1_0.pena_minima,
        d1_0.tipo_pena,
        d1_0.valoracion 
    from
        delito d1_0 
    where
        upper(d1_0.nombre) like upper(?) escape '\'
Hibernate: 
    /* <criteria> */ select
        d1_0.id,
        d1_0.actualizado_en,
        d1_0.codigo_penal,
        d1_0.creado_en,
        d1_0.descripcion,
        d1_0.nombre,
        d1_0.pena_maxima,
        d1_0.pena_minima,
        d1_0.tipo_pena,
        d1_0.valoracion 
    from
        delito d1_0 
    where
        upper(d1_0.nombre) like upper(?) escape '\'
&amp#27;[2m2025-05-11T11:17:47.389-03:00&amp#27;[0;39m &amp#27;[32m INFO&amp#27;[0;39m &amp#27;[35m16907&amp#27;[0;39m &amp#27;[2m---&amp#27;[0;39m &amp#27;[2m[           main]&amp#27;[0;39m &amp#27;[2m&amp#27;[0;39m&amp#27;[36mi.StatisticalLoggingSessionEventListener&amp#27;[0;39m &amp#27;[2m:&amp#27;[0;39m Session Metrics {
    4916 nanoseconds spent acquiring 1 JDBC connections;
    0 nanoseconds spent releasing 0 JDBC connections;
    13583 nanoseconds spent preparing 1 JDBC statements;
    1038958 nanoseconds spent executing 1 JDBC statements;
    0 nanoseconds spent executing 0 JDBC batches;
    0 nanoseconds spent performing 0 L2C puts;
    0 nanoseconds spent performing 0 L2C hits;
    0 nanoseconds spent performing 0 L2C misses;
    0 nanoseconds spent executing 0 flushes (flushing a total of 0 entities and 0 collections);
    0 nanoseconds spent executing 0 partial-flushes (flushing a total of 0 entities and 0 collections)
}
&amp#27;[2m2025-05-11T11:17:47.390-03:00&amp#27;[0;39m &amp#27;[32mDEBUG&amp#27;[0;39m &amp#27;[35m16907&amp#27;[0;39m &amp#27;[2m---&amp#27;[0;39m &amp#27;[2m[           main]&amp#27;[0;39m &amp#27;[2m&amp#27;[0;39m&amp#27;[36morg.hibernate.SQL                       &amp#27;[0;39m &amp#27;[2m:&amp#27;[0;39m 
    select
        seq_delito.nextval 
    from
        dual
Hibernate: 
    select
        seq_delito.nextval 
    from
        dual
&amp#27;[2m2025-05-11T11:17:47.391-03:00&amp#27;[0;39m &amp#27;[32mDEBUG&amp#27;[0;39m &amp#27;[35m16907&amp#27;[0;39m &amp#27;[2m---&amp#27;[0;39m &amp#27;[2m[           main]&amp#27;[0;39m &amp#27;[2m&amp#27;[0;39m&amp#27;[36morg.hibernate.SQL                       &amp#27;[0;39m &amp#27;[2m:&amp#27;[0;39m 
    /* insert for
        com.cufre.expedientes.model.Delito */insert 
    into
        delito (actualizado_en, codigo_penal, creado_en, descripcion, nombre, pena_maxima, pena_minima, tipo_pena, valoracion, id) 
    values
        (?, ?, ?, ?, ?, ?, ?, ?, ?, ?)
Hibernate: 
    /* insert for
        com.cufre.expedientes.model.Delito */insert 
    into
        delito (actualizado_en, codigo_penal, creado_en, descripcion, nombre, pena_maxima, pena_minima, tipo_pena, valoracion, id) 
    values
        (?, ?, ?, ?, ?, ?, ?, ?, ?, ?)
&amp#27;[2m2025-05-11T11:17:47.393-03:00&amp#27;[0;39m &amp#27;[32m INFO&amp#27;[0;39m &amp#27;[35m16907&amp#27;[0;39m &amp#27;[2m---&amp#27;[0;39m &amp#27;[2m[           main]&amp#27;[0;39m &amp#27;[2m&amp#27;[0;39m&amp#27;[36mi.StatisticalLoggingSessionEventListener&amp#27;[0;39m &amp#27;[2m:&amp#27;[0;39m Session Metrics {
    14166 nanoseconds spent acquiring 1 JDBC connections;
    0 nanoseconds spent releasing 0 JDBC connections;
    17041 nanoseconds spent preparing 2 JDBC statements;
    1003000 nanoseconds spent executing 1 JDBC statements;
    620750 nanoseconds spent executing 1 JDBC batches;
    0 nanoseconds spent performing 0 L2C puts;
    0 nanoseconds spent performing 0 L2C hits;
    0 nanoseconds spent performing 0 L2C misses;
    960250 nanoseconds spent executing 1 flushes (flushing a total of 1 entities and 1 collections);
    0 nanoseconds spent executing 0 partial-flushes (flushing a total of 0 entities and 0 collections)
}
&amp#27;[2m2025-05-11T11:17:47.393-03:00&amp#27;[0;39m &amp#27;[32mDEBUG&amp#27;[0;39m &amp#27;[35m16907&amp#27;[0;39m &amp#27;[2m---&amp#27;[0;39m &amp#27;[2m[           main]&amp#27;[0;39m &amp#27;[2m&amp#27;[0;39m&amp#27;[36morg.hibernate.SQL                       &amp#27;[0;39m &amp#27;[2m:&amp#27;[0;39m 
    /* <criteria> */ select
        d1_0.id,
        d1_0.actualizado_en,
        d1_0.codigo_penal,
        d1_0.creado_en,
        d1_0.descripcion,
        d1_0.nombre,
        d1_0.pena_maxima,
        d1_0.pena_minima,
        d1_0.tipo_pena,
        d1_0.valoracion 
    from
        delito d1_0 
    where
        upper(d1_0.nombre) like upper(?) escape '\'
Hibernate: 
    /* <criteria> */ select
        d1_0.id,
        d1_0.actualizado_en,
        d1_0.codigo_penal,
        d1_0.creado_en,
        d1_0.descripcion,
        d1_0.nombre,
        d1_0.pena_maxima,
        d1_0.pena_minima,
        d1_0.tipo_pena,
        d1_0.valoracion 
    from
        delito d1_0 
    where
        upper(d1_0.nombre) like upper(?) escape '\'
&amp#27;[2m2025-05-11T11:17:47.395-03:00&amp#27;[0;39m &amp#27;[32m INFO&amp#27;[0;39m &amp#27;[35m16907&amp#27;[0;39m &amp#27;[2m---&amp#27;[0;39m &amp#27;[2m[           main]&amp#27;[0;39m &amp#27;[2m&amp#27;[0;39m&amp#27;[36mi.StatisticalLoggingSessionEventListener&amp#27;[0;39m &amp#27;[2m:&amp#27;[0;39m Session Metrics {
    15083 nanoseconds spent acquiring 1 JDBC connections;
    0 nanoseconds spent releasing 0 JDBC connections;
    29417 nanoseconds spent preparing 1 JDBC statements;
    1094917 nanoseconds spent executing 1 JDBC statements;
    0 nanoseconds spent executing 0 JDBC batches;
    0 nanoseconds spent performing 0 L2C puts;
    0 nanoseconds spent performing 0 L2C hits;
    0 nanoseconds spent performing 0 L2C misses;
    0 nanoseconds spent executing 0 flushes (flushing a total of 0 entities and 0 collections);
    0 nanoseconds spent executing 0 partial-flushes (flushing a total of 0 entities and 0 collections)
}
&amp#27;[2m2025-05-11T11:17:47.395-03:00&amp#27;[0;39m &amp#27;[32mDEBUG&amp#27;[0;39m &amp#27;[35m16907&amp#27;[0;39m &amp#27;[2m---&amp#27;[0;39m &amp#27;[2m[           main]&amp#27;[0;39m &amp#27;[2m&amp#27;[0;39m&amp#27;[36morg.hibernate.SQL                       &amp#27;[0;39m &amp#27;[2m:&amp#27;[0;39m 
    select
        seq_delito.nextval 
    from
        dual
Hibernate: 
    select
        seq_delito.nextval 
    from
        dual
&amp#27;[2m2025-05-11T11:17:47.396-03:00&amp#27;[0;39m &amp#27;[32mDEBUG&amp#27;[0;39m &amp#27;[35m16907&amp#27;[0;39m &amp#27;[2m---&amp#27;[0;39m &amp#27;[2m[           main]&amp#27;[0;39m &amp#27;[2m&amp#27;[0;39m&amp#27;[36morg.hibernate.SQL                       &amp#27;[0;39m &amp#27;[2m:&amp#27;[0;39m 
    /* insert for
        com.cufre.expedientes.model.Delito */insert 
    into
        delito (actualizado_en, codigo_penal, creado_en, descripcion, nombre, pena_maxima, pena_minima, tipo_pena, valoracion, id) 
    values
        (?, ?, ?, ?, ?, ?, ?, ?, ?, ?)
Hibernate: 
    /* insert for
        com.cufre.expedientes.model.Delito */insert 
    into
        delito (actualizado_en, codigo_penal, creado_en, descripcion, nombre, pena_maxima, pena_minima, tipo_pena, valoracion, id) 
    values
        (?, ?, ?, ?, ?, ?, ?, ?, ?, ?)
&amp#27;[2m2025-05-11T11:17:47.397-03:00&amp#27;[0;39m &amp#27;[32m INFO&amp#27;[0;39m &amp#27;[35m16907&amp#27;[0;39m &amp#27;[2m---&amp#27;[0;39m &amp#27;[2m[           main]&amp#27;[0;39m &amp#27;[2m&amp#27;[0;39m&amp#27;[36mi.StatisticalLoggingSessionEventListener&amp#27;[0;39m &amp#27;[2m:&amp#27;[0;39m Session Metrics {
    23917 nanoseconds spent acquiring 1 JDBC connections;
    0 nanoseconds spent releasing 0 JDBC connections;
    16208 nanoseconds spent preparing 2 JDBC statements;
    385292 nanoseconds spent executing 1 JDBC statements;
    547083 nanoseconds spent executing 1 JDBC batches;
    0 nanoseconds spent performing 0 L2C puts;
    0 nanoseconds spent performing 0 L2C hits;
    0 nanoseconds spent performing 0 L2C misses;
    856791 nanoseconds spent executing 1 flushes (flushing a total of 1 entities and 1 collections);
    0 nanoseconds spent executing 0 partial-flushes (flushing a total of 0 entities and 0 collections)
}
&amp#27;[2m2025-05-11T11:17:47.398-03:00&amp#27;[0;39m &amp#27;[32mDEBUG&amp#27;[0;39m &amp#27;[35m16907&amp#27;[0;39m &amp#27;[2m---&amp#27;[0;39m &amp#27;[2m[           main]&amp#27;[0;39m &amp#27;[2m&amp#27;[0;39m&amp#27;[36morg.hibernate.SQL                       &amp#27;[0;39m &amp#27;[2m:&amp#27;[0;39m 
    /* <criteria> */ select
        d1_0.id,
        d1_0.actualizado_en,
        d1_0.codigo_penal,
        d1_0.creado_en,
        d1_0.descripcion,
        d1_0.nombre,
        d1_0.pena_maxima,
        d1_0.pena_minima,
        d1_0.tipo_pena,
        d1_0.valoracion 
    from
        delito d1_0 
    where
        upper(d1_0.nombre) like upper(?) escape '\'
Hibernate: 
    /* <criteria> */ select
        d1_0.id,
        d1_0.actualizado_en,
        d1_0.codigo_penal,
        d1_0.creado_en,
        d1_0.descripcion,
        d1_0.nombre,
        d1_0.pena_maxima,
        d1_0.pena_minima,
        d1_0.tipo_pena,
        d1_0.valoracion 
    from
        delito d1_0 
    where
        upper(d1_0.nombre) like upper(?) escape '\'
&amp#27;[2m2025-05-11T11:17:47.399-03:00&amp#27;[0;39m &amp#27;[32m INFO&amp#27;[0;39m &amp#27;[35m16907&amp#27;[0;39m &amp#27;[2m---&amp#27;[0;39m &amp#27;[2m[           main]&amp#27;[0;39m &amp#27;[2m&amp#27;[0;39m&amp#27;[36mi.StatisticalLoggingSessionEventListener&amp#27;[0;39m &amp#27;[2m:&amp#27;[0;39m Session Metrics {
    32875 nanoseconds spent acquiring 1 JDBC connections;
    0 nanoseconds spent releasing 0 JDBC connections;
    54041 nanoseconds spent preparing 1 JDBC statements;
    1104958 nanoseconds spent executing 1 JDBC statements;
    0 nanoseconds spent executing 0 JDBC batches;
    0 nanoseconds spent performing 0 L2C puts;
    0 nanoseconds spent performing 0 L2C hits;
    0 nanoseconds spent performing 0 L2C misses;
    0 nanoseconds spent executing 0 flushes (flushing a total of 0 entities and 0 collections);
    0 nanoseconds spent executing 0 partial-flushes (flushing a total of 0 entities and 0 collections)
}
&amp#27;[2m2025-05-11T11:17:47.400-03:00&amp#27;[0;39m &amp#27;[32mDEBUG&amp#27;[0;39m &amp#27;[35m16907&amp#27;[0;39m &amp#27;[2m---&amp#27;[0;39m &amp#27;[2m[           main]&amp#27;[0;39m &amp#27;[2m&amp#27;[0;39m&amp#27;[36morg.hibernate.SQL                       &amp#27;[0;39m &amp#27;[2m:&amp#27;[0;39m 
    select
        seq_delito.nextval 
    from
        dual
Hibernate: 
    select
        seq_delito.nextval 
    from
        dual
&amp#27;[2m2025-05-11T11:17:47.401-03:00&amp#27;[0;39m &amp#27;[32mDEBUG&amp#27;[0;39m &amp#27;[35m16907&amp#27;[0;39m &amp#27;[2m---&amp#27;[0;39m &amp#27;[2m[           main]&amp#27;[0;39m &amp#27;[2m&amp#27;[0;39m&amp#27;[36morg.hibernate.SQL                       &amp#27;[0;39m &amp#27;[2m:&amp#27;[0;39m 
    /* insert for
        com.cufre.expedientes.model.Delito */insert 
    into
        delito (actualizado_en, codigo_penal, creado_en, descripcion, nombre, pena_maxima, pena_minima, tipo_pena, valoracion, id) 
    values
        (?, ?, ?, ?, ?, ?, ?, ?, ?, ?)
Hibernate: 
    /* insert for
        com.cufre.expedientes.model.Delito */insert 
    into
        delito (actualizado_en, codigo_penal, creado_en, descripcion, nombre, pena_maxima, pena_minima, tipo_pena, valoracion, id) 
    values
        (?, ?, ?, ?, ?, ?, ?, ?, ?, ?)
&amp#27;[2m2025-05-11T11:17:47.402-03:00&amp#27;[0;39m &amp#27;[32m INFO&amp#27;[0;39m &amp#27;[35m16907&amp#27;[0;39m &amp#27;[2m---&amp#27;[0;39m &amp#27;[2m[           main]&amp#27;[0;39m &amp#27;[2m&amp#27;[0;39m&amp#27;[36mi.StatisticalLoggingSessionEventListener&amp#27;[0;39m &amp#27;[2m:&amp#27;[0;39m Session Metrics {
    3667 nanoseconds spent acquiring 1 JDBC connections;
    0 nanoseconds spent releasing 0 JDBC connections;
    15792 nanoseconds spent preparing 2 JDBC statements;
    499916 nanoseconds spent executing 1 JDBC statements;
    545542 nanoseconds spent executing 1 JDBC batches;
    0 nanoseconds spent performing 0 L2C puts;
    0 nanoseconds spent performing 0 L2C hits;
    0 nanoseconds spent performing 0 L2C misses;
    918833 nanoseconds spent executing 1 flushes (flushing a total of 1 entities and 1 collections);
    0 nanoseconds spent executing 0 partial-flushes (flushing a total of 0 entities and 0 collections)
}
&amp#27;[2m2025-05-11T11:17:47.403-03:00&amp#27;[0;39m &amp#27;[32mDEBUG&amp#27;[0;39m &amp#27;[35m16907&amp#27;[0;39m &amp#27;[2m---&amp#27;[0;39m &amp#27;[2m[           main]&amp#27;[0;39m &amp#27;[2m&amp#27;[0;39m&amp#27;[36morg.hibernate.SQL                       &amp#27;[0;39m &amp#27;[2m:&amp#27;[0;39m 
    /* <criteria> */ select
        d1_0.id,
        d1_0.actualizado_en,
        d1_0.codigo_penal,
        d1_0.creado_en,
        d1_0.descripcion,
        d1_0.nombre,
        d1_0.pena_maxima,
        d1_0.pena_minima,
        d1_0.tipo_pena,
        d1_0.valoracion 
    from
        delito d1_0 
    where
        upper(d1_0.nombre) like upper(?) escape '\'
Hibernate: 
    /* <criteria> */ select
        d1_0.id,
        d1_0.actualizado_en,
        d1_0.codigo_penal,
        d1_0.creado_en,
        d1_0.descripcion,
        d1_0.nombre,
        d1_0.pena_maxima,
        d1_0.pena_minima,
        d1_0.tipo_pena,
        d1_0.valoracion 
    from
        delito d1_0 
    where
        upper(d1_0.nombre) like upper(?) escape '\'
&amp#27;[2m2025-05-11T11:17:47.404-03:00&amp#27;[0;39m &amp#27;[32m INFO&amp#27;[0;39m &amp#27;[35m16907&amp#27;[0;39m &amp#27;[2m---&amp#27;[0;39m &amp#27;[2m[           main]&amp#27;[0;39m &amp#27;[2m&amp#27;[0;39m&amp#27;[36mi.StatisticalLoggingSessionEventListener&amp#27;[0;39m &amp#27;[2m:&amp#27;[0;39m Session Metrics {
    4375 nanoseconds spent acquiring 1 JDBC connections;
    0 nanoseconds spent releasing 0 JDBC connections;
    15375 nanoseconds spent preparing 1 JDBC statements;
    1087792 nanoseconds spent executing 1 JDBC statements;
    0 nanoseconds spent executing 0 JDBC batches;
    0 nanoseconds spent performing 0 L2C puts;
    0 nanoseconds spent performing 0 L2C hits;
    0 nanoseconds spent performing 0 L2C misses;
    0 nanoseconds spent executing 0 flushes (flushing a total of 0 entities and 0 collections);
    0 nanoseconds spent executing 0 partial-flushes (flushing a total of 0 entities and 0 collections)
}
&amp#27;[2m2025-05-11T11:17:47.404-03:00&amp#27;[0;39m &amp#27;[32mDEBUG&amp#27;[0;39m &amp#27;[35m16907&amp#27;[0;39m &amp#27;[2m---&amp#27;[0;39m &amp#27;[2m[           main]&amp#27;[0;39m &amp#27;[2m&amp#27;[0;39m&amp#27;[36morg.hibernate.SQL                       &amp#27;[0;39m &amp#27;[2m:&amp#27;[0;39m 
    select
        seq_delito.nextval 
    from
        dual
Hibernate: 
    select
        seq_delito.nextval 
    from
        dual
&amp#27;[2m2025-05-11T11:17:47.405-03:00&amp#27;[0;39m &amp#27;[32mDEBUG&amp#27;[0;39m &amp#27;[35m16907&amp#27;[0;39m &amp#27;[2m---&amp#27;[0;39m &amp#27;[2m[           main]&amp#27;[0;39m &amp#27;[2m&amp#27;[0;39m&amp#27;[36morg.hibernate.SQL                       &amp#27;[0;39m &amp#27;[2m:&amp#27;[0;39m 
    /* insert for
        com.cufre.expedientes.model.Delito */insert 
    into
        delito (actualizado_en, codigo_penal, creado_en, descripcion, nombre, pena_maxima, pena_minima, tipo_pena, valoracion, id) 
    values
        (?, ?, ?, ?, ?, ?, ?, ?, ?, ?)
Hibernate: 
    /* insert for
        com.cufre.expedientes.model.Delito */insert 
    into
        delito (actualizado_en, codigo_penal, creado_en, descripcion, nombre, pena_maxima, pena_minima, tipo_pena, valoracion, id) 
    values
        (?, ?, ?, ?, ?, ?, ?, ?, ?, ?)
&amp#27;[2m2025-05-11T11:17:47.407-03:00&amp#27;[0;39m &amp#27;[32m INFO&amp#27;[0;39m &amp#27;[35m16907&amp#27;[0;39m &amp#27;[2m---&amp#27;[0;39m &amp#27;[2m[           main]&amp#27;[0;39m &amp#27;[2m&amp#27;[0;39m&amp#27;[36mi.StatisticalLoggingSessionEventListener&amp#27;[0;39m &amp#27;[2m:&amp#27;[0;39m Session Metrics {
    3500 nanoseconds spent acquiring 1 JDBC connections;
    0 nanoseconds spent releasing 0 JDBC connections;
    14042 nanoseconds spent preparing 2 JDBC statements;
    278125 nanoseconds spent executing 1 JDBC statements;
    607083 nanoseconds spent executing 1 JDBC batches;
    0 nanoseconds spent performing 0 L2C puts;
    0 nanoseconds spent performing 0 L2C hits;
    0 nanoseconds spent performing 0 L2C misses;
    1046333 nanoseconds spent executing 1 flushes (flushing a total of 1 entities and 1 collections);
    0 nanoseconds spent executing 0 partial-flushes (flushing a total of 0 entities and 0 collections)
}
&amp#27;[2m2025-05-11T11:17:47.407-03:00&amp#27;[0;39m &amp#27;[32mDEBUG&amp#27;[0;39m &amp#27;[35m16907&amp#27;[0;39m &amp#27;[2m---&amp#27;[0;39m &amp#27;[2m[           main]&amp#27;[0;39m &amp#27;[2m&amp#27;[0;39m&amp#27;[36morg.hibernate.SQL                       &amp#27;[0;39m &amp#27;[2m:&amp#27;[0;39m 
    /* <criteria> */ select
        d1_0.id,
        d1_0.actualizado_en,
        d1_0.codigo_penal,
        d1_0.creado_en,
        d1_0.descripcion,
        d1_0.nombre,
        d1_0.pena_maxima,
        d1_0.pena_minima,
        d1_0.tipo_pena,
        d1_0.valoracion 
    from
        delito d1_0 
    where
        upper(d1_0.nombre) like upper(?) escape '\'
Hibernate: 
    /* <criteria> */ select
        d1_0.id,
        d1_0.actualizado_en,
        d1_0.codigo_penal,
        d1_0.creado_en,
        d1_0.descripcion,
        d1_0.nombre,
        d1_0.pena_maxima,
        d1_0.pena_minima,
        d1_0.tipo_pena,
        d1_0.valoracion 
    from
        delito d1_0 
    where
        upper(d1_0.nombre) like upper(?) escape '\'
&amp#27;[2m2025-05-11T11:17:47.409-03:00&amp#27;[0;39m &amp#27;[32m INFO&amp#27;[0;39m &amp#27;[35m16907&amp#27;[0;39m &amp#27;[2m---&amp#27;[0;39m &amp#27;[2m[           main]&amp#27;[0;39m &amp#27;[2m&amp#27;[0;39m&amp#27;[36mi.StatisticalLoggingSessionEventListener&amp#27;[0;39m &amp#27;[2m:&amp#27;[0;39m Session Metrics {
    4375 nanoseconds spent acquiring 1 JDBC connections;
    0 nanoseconds spent releasing 0 JDBC connections;
    14125 nanoseconds spent preparing 1 JDBC statements;
    1057042 nanoseconds spent executing 1 JDBC statements;
    0 nanoseconds spent executing 0 JDBC batches;
    0 nanoseconds spent performing 0 L2C puts;
    0 nanoseconds spent performing 0 L2C hits;
    0 nanoseconds spent performing 0 L2C misses;
    0 nanoseconds spent executing 0 flushes (flushing a total of 0 entities and 0 collections);
    0 nanoseconds spent executing 0 partial-flushes (flushing a total of 0 entities and 0 collections)
}
&amp#27;[2m2025-05-11T11:17:47.409-03:00&amp#27;[0;39m &amp#27;[32mDEBUG&amp#27;[0;39m &amp#27;[35m16907&amp#27;[0;39m &amp#27;[2m---&amp#27;[0;39m &amp#27;[2m[           main]&amp#27;[0;39m &amp#27;[2m&amp#27;[0;39m&amp#27;[36morg.hibernate.SQL                       &amp#27;[0;39m &amp#27;[2m:&amp#27;[0;39m 
    select
        seq_delito.nextval 
    from
        dual
Hibernate: 
    select
        seq_delito.nextval 
    from
        dual
&amp#27;[2m2025-05-11T11:17:47.409-03:00&amp#27;[0;39m &amp#27;[32mDEBUG&amp#27;[0;39m &amp#27;[35m16907&amp#27;[0;39m &amp#27;[2m---&amp#27;[0;39m &amp#27;[2m[           main]&amp#27;[0;39m &amp#27;[2m&amp#27;[0;39m&amp#27;[36morg.hibernate.SQL                       &amp#27;[0;39m &amp#27;[2m:&amp#27;[0;39m 
    /* insert for
        com.cufre.expedientes.model.Delito */insert 
    into
        delito (actualizado_en, codigo_penal, creado_en, descripcion, nombre, pena_maxima, pena_minima, tipo_pena, valoracion, id) 
    values
        (?, ?, ?, ?, ?, ?, ?, ?, ?, ?)
Hibernate: 
    /* insert for
        com.cufre.expedientes.model.Delito */insert 
    into
        delito (actualizado_en, codigo_penal, creado_en, descripcion, nombre, pena_maxima, pena_minima, tipo_pena, valoracion, id) 
    values
        (?, ?, ?, ?, ?, ?, ?, ?, ?, ?)
&amp#27;[2m2025-05-11T11:17:47.411-03:00&amp#27;[0;39m &amp#27;[32m INFO&amp#27;[0;39m &amp#27;[35m16907&amp#27;[0;39m &amp#27;[2m---&amp#27;[0;39m &amp#27;[2m[           main]&amp#27;[0;39m &amp#27;[2m&amp#27;[0;39m&amp#27;[36mi.StatisticalLoggingSessionEventListener&amp#27;[0;39m &amp#27;[2m:&amp#27;[0;39m Session Metrics {
    2000 nanoseconds spent acquiring 1 JDBC connections;
    0 nanoseconds spent releasing 0 JDBC connections;
    9916 nanoseconds spent preparing 2 JDBC statements;
    250084 nanoseconds spent executing 1 JDBC statements;
    414833 nanoseconds spent executing 1 JDBC batches;
    0 nanoseconds spent performing 0 L2C puts;
    0 nanoseconds spent performing 0 L2C hits;
    0 nanoseconds spent performing 0 L2C misses;
    781459 nanoseconds spent executing 1 flushes (flushing a total of 1 entities and 1 collections);
    0 nanoseconds spent executing 0 partial-flushes (flushing a total of 0 entities and 0 collections)
}
&amp#27;[2m2025-05-11T11:17:47.411-03:00&amp#27;[0;39m &amp#27;[32mDEBUG&amp#27;[0;39m &amp#27;[35m16907&amp#27;[0;39m &amp#27;[2m---&amp#27;[0;39m &amp#27;[2m[           main]&amp#27;[0;39m &amp#27;[2m&amp#27;[0;39m&amp#27;[36morg.hibernate.SQL                       &amp#27;[0;39m &amp#27;[2m:&amp#27;[0;39m 
    /* <criteria> */ select
        d1_0.id,
        d1_0.actualizado_en,
        d1_0.codigo_penal,
        d1_0.creado_en,
        d1_0.descripcion,
        d1_0.nombre,
        d1_0.pena_maxima,
        d1_0.pena_minima,
        d1_0.tipo_pena,
        d1_0.valoracion 
    from
        delito d1_0 
    where
        upper(d1_0.nombre) like upper(?) escape '\'
Hibernate: 
    /* <criteria> */ select
        d1_0.id,
        d1_0.actualizado_en,
        d1_0.codigo_penal,
        d1_0.creado_en,
        d1_0.descripcion,
        d1_0.nombre,
        d1_0.pena_maxima,
        d1_0.pena_minima,
        d1_0.tipo_pena,
        d1_0.valoracion 
    from
        delito d1_0 
    where
        upper(d1_0.nombre) like upper(?) escape '\'
&amp#27;[2m2025-05-11T11:17:47.413-03:00&amp#27;[0;39m &amp#27;[32m INFO&amp#27;[0;39m &amp#27;[35m16907&amp#27;[0;39m &amp#27;[2m---&amp#27;[0;39m &amp#27;[2m[           main]&amp#27;[0;39m &amp#27;[2m&amp#27;[0;39m&amp#27;[36mi.StatisticalLoggingSessionEventListener&amp#27;[0;39m &amp#27;[2m:&amp#27;[0;39m Session Metrics {
    3167 nanoseconds spent acquiring 1 JDBC connections;
    0 nanoseconds spent releasing 0 JDBC connections;
    11083 nanoseconds spent preparing 1 JDBC statements;
    1224000 nanoseconds spent executing 1 JDBC statements;
    0 nanoseconds spent executing 0 JDBC batches;
    0 nanoseconds spent performing 0 L2C puts;
    0 nanoseconds spent performing 0 L2C hits;
    0 nanoseconds spent performing 0 L2C misses;
    0 nanoseconds spent executing 0 flushes (flushing a total of 0 entities and 0 collections);
    0 nanoseconds spent executing 0 partial-flushes (flushing a total of 0 entities and 0 collections)
}
&amp#27;[2m2025-05-11T11:17:47.413-03:00&amp#27;[0;39m &amp#27;[32mDEBUG&amp#27;[0;39m &amp#27;[35m16907&amp#27;[0;39m &amp#27;[2m---&amp#27;[0;39m &amp#27;[2m[           main]&amp#27;[0;39m &amp#27;[2m&amp#27;[0;39m&amp#27;[36morg.hibernate.SQL                       &amp#27;[0;39m &amp#27;[2m:&amp#27;[0;39m 
    /* <criteria> */ select
        d1_0.id,
        d1_0.actualizado_en,
        d1_0.codigo_penal,
        d1_0.creado_en,
        d1_0.descripcion,
        d1_0.nombre,
        d1_0.pena_maxima,
        d1_0.pena_minima,
        d1_0.tipo_pena,
        d1_0.valoracion 
    from
        delito d1_0 
    where
        upper(d1_0.nombre) like upper(?) escape '\'
Hibernate: 
    /* <criteria> */ select
        d1_0.id,
        d1_0.actualizado_en,
        d1_0.codigo_penal,
        d1_0.creado_en,
        d1_0.descripcion,
        d1_0.nombre,
        d1_0.pena_maxima,
        d1_0.pena_minima,
        d1_0.tipo_pena,
        d1_0.valoracion 
    from
        delito d1_0 
    where
        upper(d1_0.nombre) like upper(?) escape '\'
&amp#27;[2m2025-05-11T11:17:47.414-03:00&amp#27;[0;39m &amp#27;[32m INFO&amp#27;[0;39m &amp#27;[35m16907&amp#27;[0;39m &amp#27;[2m---&amp#27;[0;39m &amp#27;[2m[           main]&amp#27;[0;39m &amp#27;[2m&amp#27;[0;39m&amp#27;[36mi.StatisticalLoggingSessionEventListener&amp#27;[0;39m &amp#27;[2m:&amp#27;[0;39m Session Metrics {
    3125 nanoseconds spent acquiring 1 JDBC connections;
    0 nanoseconds spent releasing 0 JDBC connections;
    10917 nanoseconds spent preparing 1 JDBC statements;
    1066750 nanoseconds spent executing 1 JDBC statements;
    0 nanoseconds spent executing 0 JDBC batches;
    0 nanoseconds spent performing 0 L2C puts;
    0 nanoseconds spent performing 0 L2C hits;
    0 nanoseconds spent performing 0 L2C misses;
    0 nanoseconds spent executing 0 flushes (flushing a total of 0 entities and 0 collections);
    0 nanoseconds spent executing 0 partial-flushes (flushing a total of 0 entities and 0 collections)
}
&amp#27;[2m2025-05-11T11:17:47.414-03:00&amp#27;[0;39m &amp#27;[32mDEBUG&amp#27;[0;39m &amp#27;[35m16907&amp#27;[0;39m &amp#27;[2m---&amp#27;[0;39m &amp#27;[2m[           main]&amp#27;[0;39m &amp#27;[2m&amp#27;[0;39m&amp#27;[36morg.hibernate.SQL                       &amp#27;[0;39m &amp#27;[2m:&amp#27;[0;39m 
    select
        seq_delito.nextval 
    from
        dual
Hibernate: 
    select
        seq_delito.nextval 
    from
        dual
&amp#27;[2m2025-05-11T11:17:47.415-03:00&amp#27;[0;39m &amp#27;[32mDEBUG&amp#27;[0;39m &amp#27;[35m16907&amp#27;[0;39m &amp#27;[2m---&amp#27;[0;39m &amp#27;[2m[           main]&amp#27;[0;39m &amp#27;[2m&amp#27;[0;39m&amp#27;[36morg.hibernate.SQL                       &amp#27;[0;39m &amp#27;[2m:&amp#27;[0;39m 
    /* insert for
        com.cufre.expedientes.model.Delito */insert 
    into
        delito (actualizado_en, codigo_penal, creado_en, descripcion, nombre, pena_maxima, pena_minima, tipo_pena, valoracion, id) 
    values
        (?, ?, ?, ?, ?, ?, ?, ?, ?, ?)
Hibernate: 
    /* insert for
        com.cufre.expedientes.model.Delito */insert 
    into
        delito (actualizado_en, codigo_penal, creado_en, descripcion, nombre, pena_maxima, pena_minima, tipo_pena, valoracion, id) 
    values
        (?, ?, ?, ?, ?, ?, ?, ?, ?, ?)
&amp#27;[2m2025-05-11T11:17:47.434-03:00&amp#27;[0;39m &amp#27;[32m INFO&amp#27;[0;39m &amp#27;[35m16907&amp#27;[0;39m &amp#27;[2m---&amp#27;[0;39m &amp#27;[2m[           main]&amp#27;[0;39m &amp#27;[2m&amp#27;[0;39m&amp#27;[36mi.StatisticalLoggingSessionEventListener&amp#27;[0;39m &amp#27;[2m:&amp#27;[0;39m Session Metrics {
    1542 nanoseconds spent acquiring 1 JDBC connections;
    0 nanoseconds spent releasing 0 JDBC connections;
    7459 nanoseconds spent preparing 2 JDBC statements;
    246083 nanoseconds spent executing 1 JDBC statements;
    18017708 nanoseconds spent executing 1 JDBC batches;
    0 nanoseconds spent performing 0 L2C puts;
    0 nanoseconds spent performing 0 L2C hits;
    0 nanoseconds spent performing 0 L2C misses;
    18327708 nanoseconds spent executing 1 flushes (flushing a total of 1 entities and 1 collections);
    0 nanoseconds spent executing 0 partial-flushes (flushing a total of 0 entities and 0 collections)
}
&amp#27;[2m2025-05-11T11:17:47.434-03:00&amp#27;[0;39m &amp#27;[32mDEBUG&amp#27;[0;39m &amp#27;[35m16907&amp#27;[0;39m &amp#27;[2m---&amp#27;[0;39m &amp#27;[2m[           main]&amp#27;[0;39m &amp#27;[2m&amp#27;[0;39m&amp#27;[36morg.hibernate.SQL                       &amp#27;[0;39m &amp#27;[2m:&amp#27;[0;39m 
    /* <criteria> */ select
        d1_0.id,
        d1_0.actualizado_en,
        d1_0.codigo_penal,
        d1_0.creado_en,
        d1_0.descripcion,
        d1_0.nombre,
        d1_0.pena_maxima,
        d1_0.pena_minima,
        d1_0.tipo_pena,
        d1_0.valoracion 
    from
        delito d1_0 
    where
        upper(d1_0.nombre) like upper(?) escape '\'
Hibernate: 
    /* <criteria> */ select
        d1_0.id,
        d1_0.actualizado_en,
        d1_0.codigo_penal,
        d1_0.creado_en,
        d1_0.descripcion,
        d1_0.nombre,
        d1_0.pena_maxima,
        d1_0.pena_minima,
        d1_0.tipo_pena,
        d1_0.valoracion 
    from
        delito d1_0 
    where
        upper(d1_0.nombre) like upper(?) escape '\'
&amp#27;[2m2025-05-11T11:17:47.435-03:00&amp#27;[0;39m &amp#27;[32m INFO&amp#27;[0;39m &amp#27;[35m16907&amp#27;[0;39m &amp#27;[2m---&amp#27;[0;39m &amp#27;[2m[           main]&amp#27;[0;39m &amp#27;[2m&amp#27;[0;39m&amp#27;[36mi.StatisticalLoggingSessionEventListener&amp#27;[0;39m &amp#27;[2m:&amp#27;[0;39m Session Metrics {
    4000 nanoseconds spent acquiring 1 JDBC connections;
    0 nanoseconds spent releasing 0 JDBC connections;
    13875 nanoseconds spent preparing 1 JDBC statements;
    1053208 nanoseconds spent executing 1 JDBC statements;
    0 nanoseconds spent executing 0 JDBC batches;
    0 nanoseconds spent performing 0 L2C puts;
    0 nanoseconds spent performing 0 L2C hits;
    0 nanoseconds spent performing 0 L2C misses;
    0 nanoseconds spent executing 0 flushes (flushing a total of 0 entities and 0 collections);
    0 nanoseconds spent executing 0 partial-flushes (flushing a total of 0 entities and 0 collections)
}
&amp#27;[2m2025-05-11T11:17:47.436-03:00&amp#27;[0;39m &amp#27;[32mDEBUG&amp#27;[0;39m &amp#27;[35m16907&amp#27;[0;39m &amp#27;[2m---&amp#27;[0;39m &amp#27;[2m[           main]&amp#27;[0;39m &amp#27;[2m&amp#27;[0;39m&amp#27;[36morg.hibernate.SQL                       &amp#27;[0;39m &amp#27;[2m:&amp#27;[0;39m 
    select
        seq_delito.nextval 
    from
        dual
Hibernate: 
    select
        seq_delito.nextval 
    from
        dual
&amp#27;[2m2025-05-11T11:17:47.436-03:00&amp#27;[0;39m &amp#27;[32mDEBUG&amp#27;[0;39m &amp#27;[35m16907&amp#27;[0;39m &amp#27;[2m---&amp#27;[0;39m &amp#27;[2m[           main]&amp#27;[0;39m &amp#27;[2m&amp#27;[0;39m&amp#27;[36morg.hibernate.SQL                       &amp#27;[0;39m &amp#27;[2m:&amp#27;[0;39m 
    /* insert for
        com.cufre.expedientes.model.Delito */insert 
    into
        delito (actualizado_en, codigo_penal, creado_en, descripcion, nombre, pena_maxima, pena_minima, tipo_pena, valoracion, id) 
    values
        (?, ?, ?, ?, ?, ?, ?, ?, ?, ?)
Hibernate: 
    /* insert for
        com.cufre.expedientes.model.Delito */insert 
    into
        delito (actualizado_en, codigo_penal, creado_en, descripcion, nombre, pena_maxima, pena_minima, tipo_pena, valoracion, id) 
    values
        (?, ?, ?, ?, ?, ?, ?, ?, ?, ?)
&amp#27;[2m2025-05-11T11:17:47.437-03:00&amp#27;[0;39m &amp#27;[32m INFO&amp#27;[0;39m &amp#27;[35m16907&amp#27;[0;39m &amp#27;[2m---&amp#27;[0;39m &amp#27;[2m[           main]&amp#27;[0;39m &amp#27;[2m&amp#27;[0;39m&amp#27;[36mi.StatisticalLoggingSessionEventListener&amp#27;[0;39m &amp#27;[2m:&amp#27;[0;39m Session Metrics {
    1708 nanoseconds spent acquiring 1 JDBC connections;
    0 nanoseconds spent releasing 0 JDBC connections;
    8500 nanoseconds spent preparing 2 JDBC statements;
    267541 nanoseconds spent executing 1 JDBC statements;
    416959 nanoseconds spent executing 1 JDBC batches;
    0 nanoseconds spent performing 0 L2C puts;
    0 nanoseconds spent performing 0 L2C hits;
    0 nanoseconds spent performing 0 L2C misses;
    737500 nanoseconds spent executing 1 flushes (flushing a total of 1 entities and 1 collections);
    0 nanoseconds spent executing 0 partial-flushes (flushing a total of 0 entities and 0 collections)
}
&amp#27;[2m2025-05-11T11:17:47.438-03:00&amp#27;[0;39m &amp#27;[32mDEBUG&amp#27;[0;39m &amp#27;[35m16907&amp#27;[0;39m &amp#27;[2m---&amp#27;[0;39m &amp#27;[2m[           main]&amp#27;[0;39m &amp#27;[2m&amp#27;[0;39m&amp#27;[36morg.hibernate.SQL                       &amp#27;[0;39m &amp#27;[2m:&amp#27;[0;39m 
    /* <criteria> */ select
        d1_0.id,
        d1_0.actualizado_en,
        d1_0.codigo_penal,
        d1_0.creado_en,
        d1_0.descripcion,
        d1_0.nombre,
        d1_0.pena_maxima,
        d1_0.pena_minima,
        d1_0.tipo_pena,
        d1_0.valoracion 
    from
        delito d1_0 
    where
        upper(d1_0.nombre) like upper(?) escape '\'
Hibernate: 
    /* <criteria> */ select
        d1_0.id,
        d1_0.actualizado_en,
        d1_0.codigo_penal,
        d1_0.creado_en,
        d1_0.descripcion,
        d1_0.nombre,
        d1_0.pena_maxima,
        d1_0.pena_minima,
        d1_0.tipo_pena,
        d1_0.valoracion 
    from
        delito d1_0 
    where
        upper(d1_0.nombre) like upper(?) escape '\'
&amp#27;[2m2025-05-11T11:17:47.440-03:00&amp#27;[0;39m &amp#27;[32m INFO&amp#27;[0;39m &amp#27;[35m16907&amp#27;[0;39m &amp#27;[2m---&amp#27;[0;39m &amp#27;[2m[           main]&amp#27;[0;39m &amp#27;[2m&amp#27;[0;39m&amp#27;[36mi.StatisticalLoggingSessionEventListener&amp#27;[0;39m &amp#27;[2m:&amp#27;[0;39m Session Metrics {
    3084 nanoseconds spent acquiring 1 JDBC connections;
    0 nanoseconds spent releasing 0 JDBC connections;
    11292 nanoseconds spent preparing 1 JDBC statements;
    869625 nanoseconds spent executing 1 JDBC statements;
    0 nanoseconds spent executing 0 JDBC batches;
    0 nanoseconds spent performing 0 L2C puts;
    0 nanoseconds spent performing 0 L2C hits;
    0 nanoseconds spent performing 0 L2C misses;
    0 nanoseconds spent executing 0 flushes (flushing a total of 0 entities and 0 collections);
    0 nanoseconds spent executing 0 partial-flushes (flushing a total of 0 entities and 0 collections)
}
&amp#27;[2m2025-05-11T11:17:47.440-03:00&amp#27;[0;39m &amp#27;[32mDEBUG&amp#27;[0;39m &amp#27;[35m16907&amp#27;[0;39m &amp#27;[2m---&amp#27;[0;39m &amp#27;[2m[           main]&amp#27;[0;39m &amp#27;[2m&amp#27;[0;39m&amp#27;[36morg.hibernate.SQL                       &amp#27;[0;39m &amp#27;[2m:&amp#27;[0;39m 
    /* <criteria> */ select
        d1_0.id,
        d1_0.actualizado_en,
        d1_0.codigo_penal,
        d1_0.creado_en,
        d1_0.descripcion,
        d1_0.nombre,
        d1_0.pena_maxima,
        d1_0.pena_minima,
        d1_0.tipo_pena,
        d1_0.valoracion 
    from
        delito d1_0 
    where
        upper(d1_0.nombre) like upper(?) escape '\'
Hibernate: 
    /* <criteria> */ select
        d1_0.id,
        d1_0.actualizado_en,
        d1_0.codigo_penal,
        d1_0.creado_en,
        d1_0.descripcion,
        d1_0.nombre,
        d1_0.pena_maxima,
        d1_0.pena_minima,
        d1_0.tipo_pena,
        d1_0.valoracion 
    from
        delito d1_0 
    where
        upper(d1_0.nombre) like upper(?) escape '\'
&amp#27;[2m2025-05-11T11:17:47.442-03:00&amp#27;[0;39m &amp#27;[32m INFO&amp#27;[0;39m &amp#27;[35m16907&amp#27;[0;39m &amp#27;[2m---&amp#27;[0;39m &amp#27;[2m[           main]&amp#27;[0;39m &amp#27;[2m&amp#27;[0;39m&amp#27;[36mi.StatisticalLoggingSessionEventListener&amp#27;[0;39m &amp#27;[2m:&amp#27;[0;39m Session Metrics {
    3375 nanoseconds spent acquiring 1 JDBC connections;
    0 nanoseconds spent releasing 0 JDBC connections;
    12792 nanoseconds spent preparing 1 JDBC statements;
    1324709 nanoseconds spent executing 1 JDBC statements;
    0 nanoseconds spent executing 0 JDBC batches;
    0 nanoseconds spent performing 0 L2C puts;
    0 nanoseconds spent performing 0 L2C hits;
    0 nanoseconds spent performing 0 L2C misses;
    0 nanoseconds spent executing 0 flushes (flushing a total of 0 entities and 0 collections);
    0 nanoseconds spent executing 0 partial-flushes (flushing a total of 0 entities and 0 collections)
}
&amp#27;[2m2025-05-11T11:17:47.442-03:00&amp#27;[0;39m &amp#27;[32mDEBUG&amp#27;[0;39m &amp#27;[35m16907&amp#27;[0;39m &amp#27;[2m---&amp#27;[0;39m &amp#27;[2m[           main]&amp#27;[0;39m &amp#27;[2m&amp#27;[0;39m&amp#27;[36morg.hibernate.SQL                       &amp#27;[0;39m &amp#27;[2m:&amp#27;[0;39m 
    select
        seq_delito.nextval 
    from
        dual
Hibernate: 
    select
        seq_delito.nextval 
    from
        dual
&amp#27;[2m2025-05-11T11:17:47.443-03:00&amp#27;[0;39m &amp#27;[32mDEBUG&amp#27;[0;39m &amp#27;[35m16907&amp#27;[0;39m &amp#27;[2m---&amp#27;[0;39m &amp#27;[2m[           main]&amp#27;[0;39m &amp#27;[2m&amp#27;[0;39m&amp#27;[36morg.hibernate.SQL                       &amp#27;[0;39m &amp#27;[2m:&amp#27;[0;39m 
    /* insert for
        com.cufre.expedientes.model.Delito */insert 
    into
        delito (actualizado_en, codigo_penal, creado_en, descripcion, nombre, pena_maxima, pena_minima, tipo_pena, valoracion, id) 
    values
        (?, ?, ?, ?, ?, ?, ?, ?, ?, ?)
Hibernate: 
    /* insert for
        com.cufre.expedientes.model.Delito */insert 
    into
        delito (actualizado_en, codigo_penal, creado_en, descripcion, nombre, pena_maxima, pena_minima, tipo_pena, valoracion, id) 
    values
        (?, ?, ?, ?, ?, ?, ?, ?, ?, ?)
&amp#27;[2m2025-05-11T11:17:47.444-03:00&amp#27;[0;39m &amp#27;[32m INFO&amp#27;[0;39m &amp#27;[35m16907&amp#27;[0;39m &amp#27;[2m---&amp#27;[0;39m &amp#27;[2m[           main]&amp#27;[0;39m &amp#27;[2m&amp#27;[0;39m&amp#27;[36mi.StatisticalLoggingSessionEventListener&amp#27;[0;39m &amp#27;[2m:&amp#27;[0;39m Session Metrics {
    1917 nanoseconds spent acquiring 1 JDBC connections;
    0 nanoseconds spent releasing 0 JDBC connections;
    9792 nanoseconds spent preparing 2 JDBC statements;
    326167 nanoseconds spent executing 1 JDBC statements;
    418709 nanoseconds spent executing 1 JDBC batches;
    0 nanoseconds spent performing 0 L2C puts;
    0 nanoseconds spent performing 0 L2C hits;
    0 nanoseconds spent performing 0 L2C misses;
    726875 nanoseconds spent executing 1 flushes (flushing a total of 1 entities and 1 collections);
    0 nanoseconds spent executing 0 partial-flushes (flushing a total of 0 entities and 0 collections)
}
&amp#27;[2m2025-05-11T11:17:47.444-03:00&amp#27;[0;39m &amp#27;[32mDEBUG&amp#27;[0;39m &amp#27;[35m16907&amp#27;[0;39m &amp#27;[2m---&amp#27;[0;39m &amp#27;[2m[           main]&amp#27;[0;39m &amp#27;[2m&amp#27;[0;39m&amp#27;[36morg.hibernate.SQL                       &amp#27;[0;39m &amp#27;[2m:&amp#27;[0;39m 
    /* <criteria> */ select
        d1_0.id,
        d1_0.actualizado_en,
        d1_0.codigo_penal,
        d1_0.creado_en,
        d1_0.descripcion,
        d1_0.nombre,
        d1_0.pena_maxima,
        d1_0.pena_minima,
        d1_0.tipo_pena,
        d1_0.valoracion 
    from
        delito d1_0 
    where
        upper(d1_0.nombre) like upper(?) escape '\'
Hibernate: 
    /* <criteria> */ select
        d1_0.id,
        d1_0.actualizado_en,
        d1_0.codigo_penal,
        d1_0.creado_en,
        d1_0.descripcion,
        d1_0.nombre,
        d1_0.pena_maxima,
        d1_0.pena_minima,
        d1_0.tipo_pena,
        d1_0.valoracion 
    from
        delito d1_0 
    where
        upper(d1_0.nombre) like upper(?) escape '\'
&amp#27;[2m2025-05-11T11:17:47.446-03:00&amp#27;[0;39m &amp#27;[32m INFO&amp#27;[0;39m &amp#27;[35m16907&amp#27;[0;39m &amp#27;[2m---&amp#27;[0;39m &amp#27;[2m[           main]&amp#27;[0;39m &amp#27;[2m&amp#27;[0;39m&amp#27;[36mi.StatisticalLoggingSessionEventListener&amp#27;[0;39m &amp#27;[2m:&amp#27;[0;39m Session Metrics {
    3500 nanoseconds spent acquiring 1 JDBC connections;
    0 nanoseconds spent releasing 0 JDBC connections;
    12583 nanoseconds spent preparing 1 JDBC statements;
    1143458 nanoseconds spent executing 1 JDBC statements;
    0 nanoseconds spent executing 0 JDBC batches;
    0 nanoseconds spent performing 0 L2C puts;
    0 nanoseconds spent performing 0 L2C hits;
    0 nanoseconds spent performing 0 L2C misses;
    0 nanoseconds spent executing 0 flushes (flushing a total of 0 entities and 0 collections);
    0 nanoseconds spent executing 0 partial-flushes (flushing a total of 0 entities and 0 collections)
}
&amp#27;[2m2025-05-11T11:17:47.446-03:00&amp#27;[0;39m &amp#27;[32mDEBUG&amp#27;[0;39m &amp#27;[35m16907&amp#27;[0;39m &amp#27;[2m---&amp#27;[0;39m &amp#27;[2m[           main]&amp#27;[0;39m &amp#27;[2m&amp#27;[0;39m&amp#27;[36morg.hibernate.SQL                       &amp#27;[0;39m &amp#27;[2m:&amp#27;[0;39m 
    select
        seq_delito.nextval 
    from
        dual
Hibernate: 
    select
        seq_delito.nextval 
    from
        dual
&amp#27;[2m2025-05-11T11:17:47.446-03:00&amp#27;[0;39m &amp#27;[32mDEBUG&amp#27;[0;39m &amp#27;[35m16907&amp#27;[0;39m &amp#27;[2m---&amp#27;[0;39m &amp#27;[2m[           main]&amp#27;[0;39m &amp#27;[2m&amp#27;[0;39m&amp#27;[36morg.hibernate.SQL                       &amp#27;[0;39m &amp#27;[2m:&amp#27;[0;39m 
    /* insert for
        com.cufre.expedientes.model.Delito */insert 
    into
        delito (actualizado_en, codigo_penal, creado_en, descripcion, nombre, pena_maxima, pena_minima, tipo_pena, valoracion, id) 
    values
        (?, ?, ?, ?, ?, ?, ?, ?, ?, ?)
Hibernate: 
    /* insert for
        com.cufre.expedientes.model.Delito */insert 
    into
        delito (actualizado_en, codigo_penal, creado_en, descripcion, nombre, pena_maxima, pena_minima, tipo_pena, valoracion, id) 
    values
        (?, ?, ?, ?, ?, ?, ?, ?, ?, ?)
&amp#27;[2m2025-05-11T11:17:47.448-03:00&amp#27;[0;39m &amp#27;[32m INFO&amp#27;[0;39m &amp#27;[35m16907&amp#27;[0;39m &amp#27;[2m---&amp#27;[0;39m &amp#27;[2m[           main]&amp#27;[0;39m &amp#27;[2m&amp#27;[0;39m&amp#27;[36mi.StatisticalLoggingSessionEventListener&amp#27;[0;39m &amp#27;[2m:&amp#27;[0;39m Session Metrics {
    2041 nanoseconds spent acquiring 1 JDBC connections;
    0 nanoseconds spent releasing 0 JDBC connections;
    10625 nanoseconds spent preparing 2 JDBC statements;
    296250 nanoseconds spent executing 1 JDBC statements;
    411375 nanoseconds spent executing 1 JDBC batches;
    0 nanoseconds spent performing 0 L2C puts;
    0 nanoseconds spent performing 0 L2C hits;
    0 nanoseconds spent performing 0 L2C misses;
    727417 nanoseconds spent executing 1 flushes (flushing a total of 1 entities and 1 collections);
    0 nanoseconds spent executing 0 partial-flushes (flushing a total of 0 entities and 0 collections)
}
&amp#27;[2m2025-05-11T11:17:47.448-03:00&amp#27;[0;39m &amp#27;[32mDEBUG&amp#27;[0;39m &amp#27;[35m16907&amp#27;[0;39m &amp#27;[2m---&amp#27;[0;39m &amp#27;[2m[           main]&amp#27;[0;39m &amp#27;[2m&amp#27;[0;39m&amp#27;[36morg.hibernate.SQL                       &amp#27;[0;39m &amp#27;[2m:&amp#27;[0;39m 
    /* <criteria> */ select
        d1_0.id,
        d1_0.actualizado_en,
        d1_0.codigo_penal,
        d1_0.creado_en,
        d1_0.descripcion,
        d1_0.nombre,
        d1_0.pena_maxima,
        d1_0.pena_minima,
        d1_0.tipo_pena,
        d1_0.valoracion 
    from
        delito d1_0 
    where
        upper(d1_0.nombre) like upper(?) escape '\'
Hibernate: 
    /* <criteria> */ select
        d1_0.id,
        d1_0.actualizado_en,
        d1_0.codigo_penal,
        d1_0.creado_en,
        d1_0.descripcion,
        d1_0.nombre,
        d1_0.pena_maxima,
        d1_0.pena_minima,
        d1_0.tipo_pena,
        d1_0.valoracion 
    from
        delito d1_0 
    where
        upper(d1_0.nombre) like upper(?) escape '\'
&amp#27;[2m2025-05-11T11:17:47.449-03:00&amp#27;[0;39m &amp#27;[32m INFO&amp#27;[0;39m &amp#27;[35m16907&amp#27;[0;39m &amp#27;[2m---&amp#27;[0;39m &amp#27;[2m[           main]&amp#27;[0;39m &amp#27;[2m&amp#27;[0;39m&amp#27;[36mi.StatisticalLoggingSessionEventListener&amp#27;[0;39m &amp#27;[2m:&amp#27;[0;39m Session Metrics {
    3583 nanoseconds spent acquiring 1 JDBC connections;
    0 nanoseconds spent releasing 0 JDBC connections;
    13750 nanoseconds spent preparing 1 JDBC statements;
    1040625 nanoseconds spent executing 1 JDBC statements;
    0 nanoseconds spent executing 0 JDBC batches;
    0 nanoseconds spent performing 0 L2C puts;
    0 nanoseconds spent performing 0 L2C hits;
    0 nanoseconds spent performing 0 L2C misses;
    0 nanoseconds spent executing 0 flushes (flushing a total of 0 entities and 0 collections);
    0 nanoseconds spent executing 0 partial-flushes (flushing a total of 0 entities and 0 collections)
}
&amp#27;[2m2025-05-11T11:17:47.450-03:00&amp#27;[0;39m &amp#27;[32mDEBUG&amp#27;[0;39m &amp#27;[35m16907&amp#27;[0;39m &amp#27;[2m---&amp#27;[0;39m &amp#27;[2m[           main]&amp#27;[0;39m &amp#27;[2m&amp#27;[0;39m&amp#27;[36morg.hibernate.SQL                       &amp#27;[0;39m &amp#27;[2m:&amp#27;[0;39m 
    select
        seq_delito.nextval 
    from
        dual
Hibernate: 
    select
        seq_delito.nextval 
    from
        dual
&amp#27;[2m2025-05-11T11:17:47.450-03:00&amp#27;[0;39m &amp#27;[32mDEBUG&amp#27;[0;39m &amp#27;[35m16907&amp#27;[0;39m &amp#27;[2m---&amp#27;[0;39m &amp#27;[2m[           main]&amp#27;[0;39m &amp#27;[2m&amp#27;[0;39m&amp#27;[36morg.hibernate.SQL                       &amp#27;[0;39m &amp#27;[2m:&amp#27;[0;39m 
    /* insert for
        com.cufre.expedientes.model.Delito */insert 
    into
        delito (actualizado_en, codigo_penal, creado_en, descripcion, nombre, pena_maxima, pena_minima, tipo_pena, valoracion, id) 
    values
        (?, ?, ?, ?, ?, ?, ?, ?, ?, ?)
Hibernate: 
    /* insert for
        com.cufre.expedientes.model.Delito */insert 
    into
        delito (actualizado_en, codigo_penal, creado_en, descripcion, nombre, pena_maxima, pena_minima, tipo_pena, valoracion, id) 
    values
        (?, ?, ?, ?, ?, ?, ?, ?, ?, ?)
&amp#27;[2m2025-05-11T11:17:47.451-03:00&amp#27;[0;39m &amp#27;[32m INFO&amp#27;[0;39m &amp#27;[35m16907&amp#27;[0;39m &amp#27;[2m---&amp#27;[0;39m &amp#27;[2m[           main]&amp#27;[0;39m &amp#27;[2m&amp#27;[0;39m&amp#27;[36mi.StatisticalLoggingSessionEventListener&amp#27;[0;39m &amp#27;[2m:&amp#27;[0;39m Session Metrics {
    1958 nanoseconds spent acquiring 1 JDBC connections;
    0 nanoseconds spent releasing 0 JDBC connections;
    9250 nanoseconds spent preparing 2 JDBC statements;
    294667 nanoseconds spent executing 1 JDBC statements;
    461459 nanoseconds spent executing 1 JDBC batches;
    0 nanoseconds spent performing 0 L2C puts;
    0 nanoseconds spent performing 0 L2C hits;
    0 nanoseconds spent performing 0 L2C misses;
    752917 nanoseconds spent executing 1 flushes (flushing a total of 1 entities and 1 collections);
    0 nanoseconds spent executing 0 partial-flushes (flushing a total of 0 entities and 0 collections)
}
&amp#27;[2m2025-05-11T11:17:47.452-03:00&amp#27;[0;39m &amp#27;[32mDEBUG&amp#27;[0;39m &amp#27;[35m16907&amp#27;[0;39m &amp#27;[2m---&amp#27;[0;39m &amp#27;[2m[           main]&amp#27;[0;39m &amp#27;[2m&amp#27;[0;39m&amp#27;[36morg.hibernate.SQL                       &amp#27;[0;39m &amp#27;[2m:&amp#27;[0;39m 
    /* <criteria> */ select
        d1_0.id,
        d1_0.actualizado_en,
        d1_0.codigo_penal,
        d1_0.creado_en,
        d1_0.descripcion,
        d1_0.nombre,
        d1_0.pena_maxima,
        d1_0.pena_minima,
        d1_0.tipo_pena,
        d1_0.valoracion 
    from
        delito d1_0 
    where
        upper(d1_0.nombre) like upper(?) escape '\'
Hibernate: 
    /* <criteria> */ select
        d1_0.id,
        d1_0.actualizado_en,
        d1_0.codigo_penal,
        d1_0.creado_en,
        d1_0.descripcion,
        d1_0.nombre,
        d1_0.pena_maxima,
        d1_0.pena_minima,
        d1_0.tipo_pena,
        d1_0.valoracion 
    from
        delito d1_0 
    where
        upper(d1_0.nombre) like upper(?) escape '\'
&amp#27;[2m2025-05-11T11:17:47.453-03:00&amp#27;[0;39m &amp#27;[32m INFO&amp#27;[0;39m &amp#27;[35m16907&amp#27;[0;39m &amp#27;[2m---&amp#27;[0;39m &amp#27;[2m[           main]&amp#27;[0;39m &amp#27;[2m&amp#27;[0;39m&amp#27;[36mi.StatisticalLoggingSessionEventListener&amp#27;[0;39m &amp#27;[2m:&amp#27;[0;39m Session Metrics {
    3250 nanoseconds spent acquiring 1 JDBC connections;
    0 nanoseconds spent releasing 0 JDBC connections;
    11958 nanoseconds spent preparing 1 JDBC statements;
    1180125 nanoseconds spent executing 1 JDBC statements;
    0 nanoseconds spent executing 0 JDBC batches;
    0 nanoseconds spent performing 0 L2C puts;
    0 nanoseconds spent performing 0 L2C hits;
    0 nanoseconds spent performing 0 L2C misses;
    0 nanoseconds spent executing 0 flushes (flushing a total of 0 entities and 0 collections);
    0 nanoseconds spent executing 0 partial-flushes (flushing a total of 0 entities and 0 collections)
}
&amp#27;[2m2025-05-11T11:17:47.454-03:00&amp#27;[0;39m &amp#27;[32mDEBUG&amp#27;[0;39m &amp#27;[35m16907&amp#27;[0;39m &amp#27;[2m---&amp#27;[0;39m &amp#27;[2m[           main]&amp#27;[0;39m &amp#27;[2m&amp#27;[0;39m&amp#27;[36morg.hibernate.SQL                       &amp#27;[0;39m &amp#27;[2m:&amp#27;[0;39m 
    select
        seq_delito.nextval 
    from
        dual
Hibernate: 
    select
        seq_delito.nextval 
    from
        dual
&amp#27;[2m2025-05-11T11:17:47.454-03:00&amp#27;[0;39m &amp#27;[32mDEBUG&amp#27;[0;39m &amp#27;[35m16907&amp#27;[0;39m &amp#27;[2m---&amp#27;[0;39m &amp#27;[2m[           main]&amp#27;[0;39m &amp#27;[2m&amp#27;[0;39m&amp#27;[36morg.hibernate.SQL                       &amp#27;[0;39m &amp#27;[2m:&amp#27;[0;39m 
    /* insert for
        com.cufre.expedientes.model.Delito */insert 
    into
        delito (actualizado_en, codigo_penal, creado_en, descripcion, nombre, pena_maxima, pena_minima, tipo_pena, valoracion, id) 
    values
        (?, ?, ?, ?, ?, ?, ?, ?, ?, ?)
Hibernate: 
    /* insert for
        com.cufre.expedientes.model.Delito */insert 
    into
        delito (actualizado_en, codigo_penal, creado_en, descripcion, nombre, pena_maxima, pena_minima, tipo_pena, valoracion, id) 
    values
        (?, ?, ?, ?, ?, ?, ?, ?, ?, ?)
&amp#27;[2m2025-05-11T11:17:47.455-03:00&amp#27;[0;39m &amp#27;[32m INFO&amp#27;[0;39m &amp#27;[35m16907&amp#27;[0;39m &amp#27;[2m---&amp#27;[0;39m &amp#27;[2m[           main]&amp#27;[0;39m &amp#27;[2m&amp#27;[0;39m&amp#27;[36mi.StatisticalLoggingSessionEventListener&amp#27;[0;39m &amp#27;[2m:&amp#27;[0;39m Session Metrics {
    4583 nanoseconds spent acquiring 1 JDBC connections;
    0 nanoseconds spent releasing 0 JDBC connections;
    8084 nanoseconds spent preparing 2 JDBC statements;
    264125 nanoseconds spent executing 1 JDBC statements;
    359708 nanoseconds spent executing 1 JDBC batches;
    0 nanoseconds spent performing 0 L2C puts;
    0 nanoseconds spent performing 0 L2C hits;
    0 nanoseconds spent performing 0 L2C misses;
    645209 nanoseconds spent executing 1 flushes (flushing a total of 1 entities and 1 collections);
    0 nanoseconds spent executing 0 partial-flushes (flushing a total of 0 entities and 0 collections)
}
&amp#27;[2m2025-05-11T11:17:47.456-03:00&amp#27;[0;39m &amp#27;[32mDEBUG&amp#27;[0;39m &amp#27;[35m16907&amp#27;[0;39m &amp#27;[2m---&amp#27;[0;39m &amp#27;[2m[           main]&amp#27;[0;39m &amp#27;[2m&amp#27;[0;39m&amp#27;[36morg.hibernate.SQL                       &amp#27;[0;39m &amp#27;[2m:&amp#27;[0;39m 
    /* <criteria> */ select
        d1_0.id,
        d1_0.actualizado_en,
        d1_0.codigo_penal,
        d1_0.creado_en,
        d1_0.descripcion,
        d1_0.nombre,
        d1_0.pena_maxima,
        d1_0.pena_minima,
        d1_0.tipo_pena,
        d1_0.valoracion 
    from
        delito d1_0 
    where
        upper(d1_0.nombre) like upper(?) escape '\'
Hibernate: 
    /* <criteria> */ select
        d1_0.id,
        d1_0.actualizado_en,
        d1_0.codigo_penal,
        d1_0.creado_en,
        d1_0.descripcion,
        d1_0.nombre,
        d1_0.pena_maxima,
        d1_0.pena_minima,
        d1_0.tipo_pena,
        d1_0.valoracion 
    from
        delito d1_0 
    where
        upper(d1_0.nombre) like upper(?) escape '\'
&amp#27;[2m2025-05-11T11:17:47.457-03:00&amp#27;[0;39m &amp#27;[32m INFO&amp#27;[0;39m &amp#27;[35m16907&amp#27;[0;39m &amp#27;[2m---&amp#27;[0;39m &amp#27;[2m[           main]&amp#27;[0;39m &amp#27;[2m&amp#27;[0;39m&amp#27;[36mi.StatisticalLoggingSessionEventListener&amp#27;[0;39m &amp#27;[2m:&amp#27;[0;39m Session Metrics {
    2959 nanoseconds spent acquiring 1 JDBC connections;
    0 nanoseconds spent releasing 0 JDBC connections;
    10542 nanoseconds spent preparing 1 JDBC statements;
    1080875 nanoseconds spent executing 1 JDBC statements;
    0 nanoseconds spent executing 0 JDBC batches;
    0 nanoseconds spent performing 0 L2C puts;
    0 nanoseconds spent performing 0 L2C hits;
    0 nanoseconds spent performing 0 L2C misses;
    0 nanoseconds spent executing 0 flushes (flushing a total of 0 entities and 0 collections);
    0 nanoseconds spent executing 0 partial-flushes (flushing a total of 0 entities and 0 collections)
}
&amp#27;[2m2025-05-11T11:17:47.457-03:00&amp#27;[0;39m &amp#27;[32mDEBUG&amp#27;[0;39m &amp#27;[35m16907&amp#27;[0;39m &amp#27;[2m---&amp#27;[0;39m &amp#27;[2m[           main]&amp#27;[0;39m &amp#27;[2m&amp#27;[0;39m&amp#27;[36morg.hibernate.SQL                       &amp#27;[0;39m &amp#27;[2m:&amp#27;[0;39m 
    select
        seq_delito.nextval 
    from
        dual
Hibernate: 
    select
        seq_delito.nextval 
    from
        dual
&amp#27;[2m2025-05-11T11:17:47.458-03:00&amp#27;[0;39m &amp#27;[32mDEBUG&amp#27;[0;39m &amp#27;[35m16907&amp#27;[0;39m &amp#27;[2m---&amp#27;[0;39m &amp#27;[2m[           main]&amp#27;[0;39m &amp#27;[2m&amp#27;[0;39m&amp#27;[36morg.hibernate.SQL                       &amp#27;[0;39m &amp#27;[2m:&amp#27;[0;39m 
    /* insert for
        com.cufre.expedientes.model.Delito */insert 
    into
        delito (actualizado_en, codigo_penal, creado_en, descripcion, nombre, pena_maxima, pena_minima, tipo_pena, valoracion, id) 
    values
        (?, ?, ?, ?, ?, ?, ?, ?, ?, ?)
Hibernate: 
    /* insert for
        com.cufre.expedientes.model.Delito */insert 
    into
        delito (actualizado_en, codigo_penal, creado_en, descripcion, nombre, pena_maxima, pena_minima, tipo_pena, valoracion, id) 
    values
        (?, ?, ?, ?, ?, ?, ?, ?, ?, ?)
&amp#27;[2m2025-05-11T11:17:47.459-03:00&amp#27;[0;39m &amp#27;[32m INFO&amp#27;[0;39m &amp#27;[35m16907&amp#27;[0;39m &amp#27;[2m---&amp#27;[0;39m &amp#27;[2m[           main]&amp#27;[0;39m &amp#27;[2m&amp#27;[0;39m&amp#27;[36mi.StatisticalLoggingSessionEventListener&amp#27;[0;39m &amp#27;[2m:&amp#27;[0;39m Session Metrics {
    1916 nanoseconds spent acquiring 1 JDBC connections;
    0 nanoseconds spent releasing 0 JDBC connections;
    7916 nanoseconds spent preparing 2 JDBC statements;
    271208 nanoseconds spent executing 1 JDBC statements;
    399708 nanoseconds spent executing 1 JDBC batches;
    0 nanoseconds spent performing 0 L2C puts;
    0 nanoseconds spent performing 0 L2C hits;
    0 nanoseconds spent performing 0 L2C misses;
    669667 nanoseconds spent executing 1 flushes (flushing a total of 1 entities and 1 collections);
    0 nanoseconds spent executing 0 partial-flushes (flushing a total of 0 entities and 0 collections)
}
&amp#27;[2m2025-05-11T11:17:47.459-03:00&amp#27;[0;39m &amp#27;[32mDEBUG&amp#27;[0;39m &amp#27;[35m16907&amp#27;[0;39m &amp#27;[2m---&amp#27;[0;39m &amp#27;[2m[           main]&amp#27;[0;39m &amp#27;[2m&amp#27;[0;39m&amp#27;[36morg.hibernate.SQL                       &amp#27;[0;39m &amp#27;[2m:&amp#27;[0;39m 
    /* <criteria> */ select
        d1_0.id,
        d1_0.actualizado_en,
        d1_0.codigo_penal,
        d1_0.creado_en,
        d1_0.descripcion,
        d1_0.nombre,
        d1_0.pena_maxima,
        d1_0.pena_minima,
        d1_0.tipo_pena,
        d1_0.valoracion 
    from
        delito d1_0 
    where
        upper(d1_0.nombre) like upper(?) escape '\'
Hibernate: 
    /* <criteria> */ select
        d1_0.id,
        d1_0.actualizado_en,
        d1_0.codigo_penal,
        d1_0.creado_en,
        d1_0.descripcion,
        d1_0.nombre,
        d1_0.pena_maxima,
        d1_0.pena_minima,
        d1_0.tipo_pena,
        d1_0.valoracion 
    from
        delito d1_0 
    where
        upper(d1_0.nombre) like upper(?) escape '\'
&amp#27;[2m2025-05-11T11:17:47.461-03:00&amp#27;[0;39m &amp#27;[32m INFO&amp#27;[0;39m &amp#27;[35m16907&amp#27;[0;39m &amp#27;[2m---&amp#27;[0;39m &amp#27;[2m[           main]&amp#27;[0;39m &amp#27;[2m&amp#27;[0;39m&amp#27;[36mi.StatisticalLoggingSessionEventListener&amp#27;[0;39m &amp#27;[2m:&amp#27;[0;39m Session Metrics {
    2709 nanoseconds spent acquiring 1 JDBC connections;
    0 nanoseconds spent releasing 0 JDBC connections;
    9875 nanoseconds spent preparing 1 JDBC statements;
    1072666 nanoseconds spent executing 1 JDBC statements;
    0 nanoseconds spent executing 0 JDBC batches;
    0 nanoseconds spent performing 0 L2C puts;
    0 nanoseconds spent performing 0 L2C hits;
    0 nanoseconds spent performing 0 L2C misses;
    0 nanoseconds spent executing 0 flushes (flushing a total of 0 entities and 0 collections);
    0 nanoseconds spent executing 0 partial-flushes (flushing a total of 0 entities and 0 collections)
}
&amp#27;[2m2025-05-11T11:17:47.461-03:00&amp#27;[0;39m &amp#27;[32mDEBUG&amp#27;[0;39m &amp#27;[35m16907&amp#27;[0;39m &amp#27;[2m---&amp#27;[0;39m &amp#27;[2m[           main]&amp#27;[0;39m &amp#27;[2m&amp#27;[0;39m&amp#27;[36morg.hibernate.SQL                       &amp#27;[0;39m &amp#27;[2m:&amp#27;[0;39m 
    select
        seq_delito.nextval 
    from
        dual
Hibernate: 
    select
        seq_delito.nextval 
    from
        dual
&amp#27;[2m2025-05-11T11:17:47.461-03:00&amp#27;[0;39m &amp#27;[32mDEBUG&amp#27;[0;39m &amp#27;[35m16907&amp#27;[0;39m &amp#27;[2m---&amp#27;[0;39m &amp#27;[2m[           main]&amp#27;[0;39m &amp#27;[2m&amp#27;[0;39m&amp#27;[36morg.hibernate.SQL                       &amp#27;[0;39m &amp#27;[2m:&amp#27;[0;39m 
    /* insert for
        com.cufre.expedientes.model.Delito */insert 
    into
        delito (actualizado_en, codigo_penal, creado_en, descripcion, nombre, pena_maxima, pena_minima, tipo_pena, valoracion, id) 
    values
        (?, ?, ?, ?, ?, ?, ?, ?, ?, ?)
Hibernate: 
    /* insert for
        com.cufre.expedientes.model.Delito */insert 
    into
        delito (actualizado_en, codigo_penal, creado_en, descripcion, nombre, pena_maxima, pena_minima, tipo_pena, valoracion, id) 
    values
        (?, ?, ?, ?, ?, ?, ?, ?, ?, ?)
&amp#27;[2m2025-05-11T11:17:47.462-03:00&amp#27;[0;39m &amp#27;[32m INFO&amp#27;[0;39m &amp#27;[35m16907&amp#27;[0;39m &amp#27;[2m---&amp#27;[0;39m &amp#27;[2m[           main]&amp#27;[0;39m &amp#27;[2m&amp#27;[0;39m&amp#27;[36mi.StatisticalLoggingSessionEventListener&amp#27;[0;39m &amp#27;[2m:&amp#27;[0;39m Session Metrics {
    2708 nanoseconds spent acquiring 1 JDBC connections;
    0 nanoseconds spent releasing 0 JDBC connections;
    12916 nanoseconds spent preparing 2 JDBC statements;
    289750 nanoseconds spent executing 1 JDBC statements;
    424792 nanoseconds spent executing 1 JDBC batches;
    0 nanoseconds spent performing 0 L2C puts;
    0 nanoseconds spent performing 0 L2C hits;
    0 nanoseconds spent performing 0 L2C misses;
    716333 nanoseconds spent executing 1 flushes (flushing a total of 1 entities and 1 collections);
    0 nanoseconds spent executing 0 partial-flushes (flushing a total of 0 entities and 0 collections)
}
&amp#27;[2m2025-05-11T11:17:47.463-03:00&amp#27;[0;39m &amp#27;[32mDEBUG&amp#27;[0;39m &amp#27;[35m16907&amp#27;[0;39m &amp#27;[2m---&amp#27;[0;39m &amp#27;[2m[           main]&amp#27;[0;39m &amp#27;[2m&amp#27;[0;39m&amp#27;[36morg.hibernate.SQL                       &amp#27;[0;39m &amp#27;[2m:&amp#27;[0;39m 
    /* <criteria> */ select
        d1_0.id,
        d1_0.actualizado_en,
        d1_0.codigo_penal,
        d1_0.creado_en,
        d1_0.descripcion,
        d1_0.nombre,
        d1_0.pena_maxima,
        d1_0.pena_minima,
        d1_0.tipo_pena,
        d1_0.valoracion 
    from
        delito d1_0 
    where
        upper(d1_0.nombre) like upper(?) escape '\'
Hibernate: 
    /* <criteria> */ select
        d1_0.id,
        d1_0.actualizado_en,
        d1_0.codigo_penal,
        d1_0.creado_en,
        d1_0.descripcion,
        d1_0.nombre,
        d1_0.pena_maxima,
        d1_0.pena_minima,
        d1_0.tipo_pena,
        d1_0.valoracion 
    from
        delito d1_0 
    where
        upper(d1_0.nombre) like upper(?) escape '\'
&amp#27;[2m2025-05-11T11:17:47.464-03:00&amp#27;[0;39m &amp#27;[32m INFO&amp#27;[0;39m &amp#27;[35m16907&amp#27;[0;39m &amp#27;[2m---&amp#27;[0;39m &amp#27;[2m[           main]&amp#27;[0;39m &amp#27;[2m&amp#27;[0;39m&amp#27;[36mi.StatisticalLoggingSessionEventListener&amp#27;[0;39m &amp#27;[2m:&amp#27;[0;39m Session Metrics {
    3166 nanoseconds spent acquiring 1 JDBC connections;
    0 nanoseconds spent releasing 0 JDBC connections;
    11916 nanoseconds spent preparing 1 JDBC statements;
    968250 nanoseconds spent executing 1 JDBC statements;
    0 nanoseconds spent executing 0 JDBC batches;
    0 nanoseconds spent performing 0 L2C puts;
    0 nanoseconds spent performing 0 L2C hits;
    0 nanoseconds spent performing 0 L2C misses;
    0 nanoseconds spent executing 0 flushes (flushing a total of 0 entities and 0 collections);
    0 nanoseconds spent executing 0 partial-flushes (flushing a total of 0 entities and 0 collections)
}
&amp#27;[2m2025-05-11T11:17:47.464-03:00&amp#27;[0;39m &amp#27;[32mDEBUG&amp#27;[0;39m &amp#27;[35m16907&amp#27;[0;39m &amp#27;[2m---&amp#27;[0;39m &amp#27;[2m[           main]&amp#27;[0;39m &amp#27;[2m&amp#27;[0;39m&amp#27;[36morg.hibernate.SQL                       &amp#27;[0;39m &amp#27;[2m:&amp#27;[0;39m 
    select
        seq_delito.nextval 
    from
        dual
Hibernate: 
    select
        seq_delito.nextval 
    from
        dual
&amp#27;[2m2025-05-11T11:17:47.465-03:00&amp#27;[0;39m &amp#27;[32mDEBUG&amp#27;[0;39m &amp#27;[35m16907&amp#27;[0;39m &amp#27;[2m---&amp#27;[0;39m &amp#27;[2m[           main]&amp#27;[0;39m &amp#27;[2m&amp#27;[0;39m&amp#27;[36morg.hibernate.SQL                       &amp#27;[0;39m &amp#27;[2m:&amp#27;[0;39m 
    /* insert for
        com.cufre.expedientes.model.Delito */insert 
    into
        delito (actualizado_en, codigo_penal, creado_en, descripcion, nombre, pena_maxima, pena_minima, tipo_pena, valoracion, id) 
    values
        (?, ?, ?, ?, ?, ?, ?, ?, ?, ?)
Hibernate: 
    /* insert for
        com.cufre.expedientes.model.Delito */insert 
    into
        delito (actualizado_en, codigo_penal, creado_en, descripcion, nombre, pena_maxima, pena_minima, tipo_pena, valoracion, id) 
    values
        (?, ?, ?, ?, ?, ?, ?, ?, ?, ?)
&amp#27;[2m2025-05-11T11:17:47.466-03:00&amp#27;[0;39m &amp#27;[32m INFO&amp#27;[0;39m &amp#27;[35m16907&amp#27;[0;39m &amp#27;[2m---&amp#27;[0;39m &amp#27;[2m[           main]&amp#27;[0;39m &amp#27;[2m&amp#27;[0;39m&amp#27;[36mi.StatisticalLoggingSessionEventListener&amp#27;[0;39m &amp#27;[2m:&amp#27;[0;39m Session Metrics {
    1333 nanoseconds spent acquiring 1 JDBC connections;
    0 nanoseconds spent releasing 0 JDBC connections;
    7208 nanoseconds spent preparing 2 JDBC statements;
    238792 nanoseconds spent executing 1 JDBC statements;
    405333 nanoseconds spent executing 1 JDBC batches;
    0 nanoseconds spent performing 0 L2C puts;
    0 nanoseconds spent performing 0 L2C hits;
    0 nanoseconds spent performing 0 L2C misses;
    696417 nanoseconds spent executing 1 flushes (flushing a total of 1 entities and 1 collections);
    0 nanoseconds spent executing 0 partial-flushes (flushing a total of 0 entities and 0 collections)
}
&amp#27;[2m2025-05-11T11:17:47.466-03:00&amp#27;[0;39m &amp#27;[32mDEBUG&amp#27;[0;39m &amp#27;[35m16907&amp#27;[0;39m &amp#27;[2m---&amp#27;[0;39m &amp#27;[2m[           main]&amp#27;[0;39m &amp#27;[2m&amp#27;[0;39m&amp#27;[36morg.hibernate.SQL                       &amp#27;[0;39m &amp#27;[2m:&amp#27;[0;39m 
    /* <criteria> */ select
        d1_0.id,
        d1_0.actualizado_en,
        d1_0.codigo_penal,
        d1_0.creado_en,
        d1_0.descripcion,
        d1_0.nombre,
        d1_0.pena_maxima,
        d1_0.pena_minima,
        d1_0.tipo_pena,
        d1_0.valoracion 
    from
        delito d1_0 
    where
        upper(d1_0.nombre) like upper(?) escape '\'
Hibernate: 
    /* <criteria> */ select
        d1_0.id,
        d1_0.actualizado_en,
        d1_0.codigo_penal,
        d1_0.creado_en,
        d1_0.descripcion,
        d1_0.nombre,
        d1_0.pena_maxima,
        d1_0.pena_minima,
        d1_0.tipo_pena,
        d1_0.valoracion 
    from
        delito d1_0 
    where
        upper(d1_0.nombre) like upper(?) escape '\'
&amp#27;[2m2025-05-11T11:17:47.467-03:00&amp#27;[0;39m &amp#27;[32m INFO&amp#27;[0;39m &amp#27;[35m16907&amp#27;[0;39m &amp#27;[2m---&amp#27;[0;39m &amp#27;[2m[           main]&amp#27;[0;39m &amp#27;[2m&amp#27;[0;39m&amp#27;[36mi.StatisticalLoggingSessionEventListener&amp#27;[0;39m &amp#27;[2m:&amp#27;[0;39m Session Metrics {
    2958 nanoseconds spent acquiring 1 JDBC connections;
    0 nanoseconds spent releasing 0 JDBC connections;
    12208 nanoseconds spent preparing 1 JDBC statements;
    1030750 nanoseconds spent executing 1 JDBC statements;
    0 nanoseconds spent executing 0 JDBC batches;
    0 nanoseconds spent performing 0 L2C puts;
    0 nanoseconds spent performing 0 L2C hits;
    0 nanoseconds spent performing 0 L2C misses;
    0 nanoseconds spent executing 0 flushes (flushing a total of 0 entities and 0 collections);
    0 nanoseconds spent executing 0 partial-flushes (flushing a total of 0 entities and 0 collections)
}
&amp#27;[2m2025-05-11T11:17:47.468-03:00&amp#27;[0;39m &amp#27;[32mDEBUG&amp#27;[0;39m &amp#27;[35m16907&amp#27;[0;39m &amp#27;[2m---&amp#27;[0;39m &amp#27;[2m[           main]&amp#27;[0;39m &amp#27;[2m&amp#27;[0;39m&amp#27;[36morg.hibernate.SQL                       &amp#27;[0;39m &amp#27;[2m:&amp#27;[0;39m 
    select
        seq_delito.nextval 
    from
        dual
Hibernate: 
    select
        seq_delito.nextval 
    from
        dual
&amp#27;[2m2025-05-11T11:17:47.468-03:00&amp#27;[0;39m &amp#27;[32mDEBUG&amp#27;[0;39m &amp#27;[35m16907&amp#27;[0;39m &amp#27;[2m---&amp#27;[0;39m &amp#27;[2m[           main]&amp#27;[0;39m &amp#27;[2m&amp#27;[0;39m&amp#27;[36morg.hibernate.SQL                       &amp#27;[0;39m &amp#27;[2m:&amp#27;[0;39m 
    /* insert for
        com.cufre.expedientes.model.Delito */insert 
    into
        delito (actualizado_en, codigo_penal, creado_en, descripcion, nombre, pena_maxima, pena_minima, tipo_pena, valoracion, id) 
    values
        (?, ?, ?, ?, ?, ?, ?, ?, ?, ?)
Hibernate: 
    /* insert for
        com.cufre.expedientes.model.Delito */insert 
    into
        delito (actualizado_en, codigo_penal, creado_en, descripcion, nombre, pena_maxima, pena_minima, tipo_pena, valoracion, id) 
    values
        (?, ?, ?, ?, ?, ?, ?, ?, ?, ?)
&amp#27;[2m2025-05-11T11:17:47.470-03:00&amp#27;[0;39m &amp#27;[32m INFO&amp#27;[0;39m &amp#27;[35m16907&amp#27;[0;39m &amp#27;[2m---&amp#27;[0;39m &amp#27;[2m[           main]&amp#27;[0;39m &amp#27;[2m&amp#27;[0;39m&amp#27;[36mi.StatisticalLoggingSessionEventListener&amp#27;[0;39m &amp#27;[2m:&amp#27;[0;39m Session Metrics {
    1834 nanoseconds spent acquiring 1 JDBC connections;
    0 nanoseconds spent releasing 0 JDBC connections;
    9833 nanoseconds spent preparing 2 JDBC statements;
    310209 nanoseconds spent executing 1 JDBC statements;
    451166 nanoseconds spent executing 1 JDBC batches;
    0 nanoseconds spent performing 0 L2C puts;
    0 nanoseconds spent performing 0 L2C hits;
    0 nanoseconds spent performing 0 L2C misses;
    747375 nanoseconds spent executing 1 flushes (flushing a total of 1 entities and 1 collections);
    0 nanoseconds spent executing 0 partial-flushes (flushing a total of 0 entities and 0 collections)
}
&amp#27;[2m2025-05-11T11:17:47.470-03:00&amp#27;[0;39m &amp#27;[32mDEBUG&amp#27;[0;39m &amp#27;[35m16907&amp#27;[0;39m &amp#27;[2m---&amp#27;[0;39m &amp#27;[2m[           main]&amp#27;[0;39m &amp#27;[2m&amp#27;[0;39m&amp#27;[36morg.hibernate.SQL                       &amp#27;[0;39m &amp#27;[2m:&amp#27;[0;39m 
    /* <criteria> */ select
        d1_0.id,
        d1_0.actualizado_en,
        d1_0.codigo_penal,
        d1_0.creado_en,
        d1_0.descripcion,
        d1_0.nombre,
        d1_0.pena_maxima,
        d1_0.pena_minima,
        d1_0.tipo_pena,
        d1_0.valoracion 
    from
        delito d1_0 
    where
        upper(d1_0.nombre) like upper(?) escape '\'
Hibernate: 
    /* <criteria> */ select
        d1_0.id,
        d1_0.actualizado_en,
        d1_0.codigo_penal,
        d1_0.creado_en,
        d1_0.descripcion,
        d1_0.nombre,
        d1_0.pena_maxima,
        d1_0.pena_minima,
        d1_0.tipo_pena,
        d1_0.valoracion 
    from
        delito d1_0 
    where
        upper(d1_0.nombre) like upper(?) escape '\'
&amp#27;[2m2025-05-11T11:17:47.471-03:00&amp#27;[0;39m &amp#27;[32m INFO&amp#27;[0;39m &amp#27;[35m16907&amp#27;[0;39m &amp#27;[2m---&amp#27;[0;39m &amp#27;[2m[           main]&amp#27;[0;39m &amp#27;[2m&amp#27;[0;39m&amp#27;[36mi.StatisticalLoggingSessionEventListener&amp#27;[0;39m &amp#27;[2m:&amp#27;[0;39m Session Metrics {
    3125 nanoseconds spent acquiring 1 JDBC connections;
    0 nanoseconds spent releasing 0 JDBC connections;
    15792 nanoseconds spent preparing 1 JDBC statements;
    1084333 nanoseconds spent executing 1 JDBC statements;
    0 nanoseconds spent executing 0 JDBC batches;
    0 nanoseconds spent performing 0 L2C puts;
    0 nanoseconds spent performing 0 L2C hits;
    0 nanoseconds spent performing 0 L2C misses;
    0 nanoseconds spent executing 0 flushes (flushing a total of 0 entities and 0 collections);
    0 nanoseconds spent executing 0 partial-flushes (flushing a total of 0 entities and 0 collections)
}
&amp#27;[2m2025-05-11T11:17:47.472-03:00&amp#27;[0;39m &amp#27;[32mDEBUG&amp#27;[0;39m &amp#27;[35m16907&amp#27;[0;39m &amp#27;[2m---&amp#27;[0;39m &amp#27;[2m[           main]&amp#27;[0;39m &amp#27;[2m&amp#27;[0;39m&amp#27;[36morg.hibernate.SQL                       &amp#27;[0;39m &amp#27;[2m:&amp#27;[0;39m 
    select
        seq_delito.nextval 
    from
        dual
Hibernate: 
    select
        seq_delito.nextval 
    from
        dual
&amp#27;[2m2025-05-11T11:17:47.472-03:00&amp#27;[0;39m &amp#27;[32mDEBUG&amp#27;[0;39m &amp#27;[35m16907&amp#27;[0;39m &amp#27;[2m---&amp#27;[0;39m &amp#27;[2m[           main]&amp#27;[0;39m &amp#27;[2m&amp#27;[0;39m&amp#27;[36morg.hibernate.SQL                       &amp#27;[0;39m &amp#27;[2m:&amp#27;[0;39m 
    /* insert for
        com.cufre.expedientes.model.Delito */insert 
    into
        delito (actualizado_en, codigo_penal, creado_en, descripcion, nombre, pena_maxima, pena_minima, tipo_pena, valoracion, id) 
    values
        (?, ?, ?, ?, ?, ?, ?, ?, ?, ?)
Hibernate: 
    /* insert for
        com.cufre.expedientes.model.Delito */insert 
    into
        delito (actualizado_en, codigo_penal, creado_en, descripcion, nombre, pena_maxima, pena_minima, tipo_pena, valoracion, id) 
    values
        (?, ?, ?, ?, ?, ?, ?, ?, ?, ?)
&amp#27;[2m2025-05-11T11:17:47.473-03:00&amp#27;[0;39m &amp#27;[32m INFO&amp#27;[0;39m &amp#27;[35m16907&amp#27;[0;39m &amp#27;[2m---&amp#27;[0;39m &amp#27;[2m[           main]&amp#27;[0;39m &amp#27;[2m&amp#27;[0;39m&amp#27;[36mi.StatisticalLoggingSessionEventListener&amp#27;[0;39m &amp#27;[2m:&amp#27;[0;39m Session Metrics {
    1667 nanoseconds spent acquiring 1 JDBC connections;
    0 nanoseconds spent releasing 0 JDBC connections;
    7458 nanoseconds spent preparing 2 JDBC statements;
    287209 nanoseconds spent executing 1 JDBC statements;
    358791 nanoseconds spent executing 1 JDBC batches;
    0 nanoseconds spent performing 0 L2C puts;
    0 nanoseconds spent performing 0 L2C hits;
    0 nanoseconds spent performing 0 L2C misses;
    628250 nanoseconds spent executing 1 flushes (flushing a total of 1 entities and 1 collections);
    0 nanoseconds spent executing 0 partial-flushes (flushing a total of 0 entities and 0 collections)
}
&amp#27;[2m2025-05-11T11:17:47.474-03:00&amp#27;[0;39m &amp#27;[32mDEBUG&amp#27;[0;39m &amp#27;[35m16907&amp#27;[0;39m &amp#27;[2m---&amp#27;[0;39m &amp#27;[2m[           main]&amp#27;[0;39m &amp#27;[2m&amp#27;[0;39m&amp#27;[36morg.hibernate.SQL                       &amp#27;[0;39m &amp#27;[2m:&amp#27;[0;39m 
    /* <criteria> */ select
        d1_0.id,
        d1_0.actualizado_en,
        d1_0.codigo_penal,
        d1_0.creado_en,
        d1_0.descripcion,
        d1_0.nombre,
        d1_0.pena_maxima,
        d1_0.pena_minima,
        d1_0.tipo_pena,
        d1_0.valoracion 
    from
        delito d1_0 
    where
        upper(d1_0.nombre) like upper(?) escape '\'
Hibernate: 
    /* <criteria> */ select
        d1_0.id,
        d1_0.actualizado_en,
        d1_0.codigo_penal,
        d1_0.creado_en,
        d1_0.descripcion,
        d1_0.nombre,
        d1_0.pena_maxima,
        d1_0.pena_minima,
        d1_0.tipo_pena,
        d1_0.valoracion 
    from
        delito d1_0 
    where
        upper(d1_0.nombre) like upper(?) escape '\'
&amp#27;[2m2025-05-11T11:17:47.475-03:00&amp#27;[0;39m &amp#27;[32m INFO&amp#27;[0;39m &amp#27;[35m16907&amp#27;[0;39m &amp#27;[2m---&amp#27;[0;39m &amp#27;[2m[           main]&amp#27;[0;39m &amp#27;[2m&amp#27;[0;39m&amp#27;[36mi.StatisticalLoggingSessionEventListener&amp#27;[0;39m &amp#27;[2m:&amp#27;[0;39m Session Metrics {
    2958 nanoseconds spent acquiring 1 JDBC connections;
    0 nanoseconds spent releasing 0 JDBC connections;
    10667 nanoseconds spent preparing 1 JDBC statements;
    1101375 nanoseconds spent executing 1 JDBC statements;
    0 nanoseconds spent executing 0 JDBC batches;
    0 nanoseconds spent performing 0 L2C puts;
    0 nanoseconds spent performing 0 L2C hits;
    0 nanoseconds spent performing 0 L2C misses;
    0 nanoseconds spent executing 0 flushes (flushing a total of 0 entities and 0 collections);
    0 nanoseconds spent executing 0 partial-flushes (flushing a total of 0 entities and 0 collections)
}
&amp#27;[2m2025-05-11T11:17:47.475-03:00&amp#27;[0;39m &amp#27;[32mDEBUG&amp#27;[0;39m &amp#27;[35m16907&amp#27;[0;39m &amp#27;[2m---&amp#27;[0;39m &amp#27;[2m[           main]&amp#27;[0;39m &amp#27;[2m&amp#27;[0;39m&amp#27;[36morg.hibernate.SQL                       &amp#27;[0;39m &amp#27;[2m:&amp#27;[0;39m 
    select
        seq_delito.nextval 
    from
        dual
Hibernate: 
    select
        seq_delito.nextval 
    from
        dual
&amp#27;[2m2025-05-11T11:17:47.476-03:00&amp#27;[0;39m &amp#27;[32mDEBUG&amp#27;[0;39m &amp#27;[35m16907&amp#27;[0;39m &amp#27;[2m---&amp#27;[0;39m &amp#27;[2m[           main]&amp#27;[0;39m &amp#27;[2m&amp#27;[0;39m&amp#27;[36morg.hibernate.SQL                       &amp#27;[0;39m &amp#27;[2m:&amp#27;[0;39m 
    /* insert for
        com.cufre.expedientes.model.Delito */insert 
    into
        delito (actualizado_en, codigo_penal, creado_en, descripcion, nombre, pena_maxima, pena_minima, tipo_pena, valoracion, id) 
    values
        (?, ?, ?, ?, ?, ?, ?, ?, ?, ?)
Hibernate: 
    /* insert for
        com.cufre.expedientes.model.Delito */insert 
    into
        delito (actualizado_en, codigo_penal, creado_en, descripcion, nombre, pena_maxima, pena_minima, tipo_pena, valoracion, id) 
    values
        (?, ?, ?, ?, ?, ?, ?, ?, ?, ?)
&amp#27;[2m2025-05-11T11:17:47.477-03:00&amp#27;[0;39m &amp#27;[32m INFO&amp#27;[0;39m &amp#27;[35m16907&amp#27;[0;39m &amp#27;[2m---&amp#27;[0;39m &amp#27;[2m[           main]&amp#27;[0;39m &amp#27;[2m&amp#27;[0;39m&amp#27;[36mi.StatisticalLoggingSessionEventListener&amp#27;[0;39m &amp#27;[2m:&amp#27;[0;39m Session Metrics {
    2167 nanoseconds spent acquiring 1 JDBC connections;
    0 nanoseconds spent releasing 0 JDBC connections;
    12124 nanoseconds spent preparing 2 JDBC statements;
    310875 nanoseconds spent executing 1 JDBC statements;
    405166 nanoseconds spent executing 1 JDBC batches;
    0 nanoseconds spent performing 0 L2C puts;
    0 nanoseconds spent performing 0 L2C hits;
    0 nanoseconds spent performing 0 L2C misses;
    722375 nanoseconds spent executing 1 flushes (flushing a total of 1 entities and 1 collections);
    0 nanoseconds spent executing 0 partial-flushes (flushing a total of 0 entities and 0 collections)
}
&amp#27;[2m2025-05-11T11:17:47.478-03:00&amp#27;[0;39m &amp#27;[32mDEBUG&amp#27;[0;39m &amp#27;[35m16907&amp#27;[0;39m &amp#27;[2m---&amp#27;[0;39m &amp#27;[2m[           main]&amp#27;[0;39m &amp#27;[2m&amp#27;[0;39m&amp#27;[36morg.hibernate.SQL                       &amp#27;[0;39m &amp#27;[2m:&amp#27;[0;39m 
    /* <criteria> */ select
        d1_0.id,
        d1_0.actualizado_en,
        d1_0.codigo_penal,
        d1_0.creado_en,
        d1_0.descripcion,
        d1_0.nombre,
        d1_0.pena_maxima,
        d1_0.pena_minima,
        d1_0.tipo_pena,
        d1_0.valoracion 
    from
        delito d1_0 
    where
        upper(d1_0.nombre) like upper(?) escape '\'
Hibernate: 
    /* <criteria> */ select
        d1_0.id,
        d1_0.actualizado_en,
        d1_0.codigo_penal,
        d1_0.creado_en,
        d1_0.descripcion,
        d1_0.nombre,
        d1_0.pena_maxima,
        d1_0.pena_minima,
        d1_0.tipo_pena,
        d1_0.valoracion 
    from
        delito d1_0 
    where
        upper(d1_0.nombre) like upper(?) escape '\'
&amp#27;[2m2025-05-11T11:17:47.479-03:00&amp#27;[0;39m &amp#27;[32m INFO&amp#27;[0;39m &amp#27;[35m16907&amp#27;[0;39m &amp#27;[2m---&amp#27;[0;39m &amp#27;[2m[           main]&amp#27;[0;39m &amp#27;[2m&amp#27;[0;39m&amp#27;[36mi.StatisticalLoggingSessionEventListener&amp#27;[0;39m &amp#27;[2m:&amp#27;[0;39m Session Metrics {
    4416 nanoseconds spent acquiring 1 JDBC connections;
    0 nanoseconds spent releasing 0 JDBC connections;
    16167 nanoseconds spent preparing 1 JDBC statements;
    1215875 nanoseconds spent executing 1 JDBC statements;
    0 nanoseconds spent executing 0 JDBC batches;
    0 nanoseconds spent performing 0 L2C puts;
    0 nanoseconds spent performing 0 L2C hits;
    0 nanoseconds spent performing 0 L2C misses;
    0 nanoseconds spent executing 0 flushes (flushing a total of 0 entities and 0 collections);
    0 nanoseconds spent executing 0 partial-flushes (flushing a total of 0 entities and 0 collections)
}
&amp#27;[2m2025-05-11T11:17:47.479-03:00&amp#27;[0;39m &amp#27;[32mDEBUG&amp#27;[0;39m &amp#27;[35m16907&amp#27;[0;39m &amp#27;[2m---&amp#27;[0;39m &amp#27;[2m[           main]&amp#27;[0;39m &amp#27;[2m&amp#27;[0;39m&amp#27;[36morg.hibernate.SQL                       &amp#27;[0;39m &amp#27;[2m:&amp#27;[0;39m 
    select
        seq_delito.nextval 
    from
        dual
Hibernate: 
    select
        seq_delito.nextval 
    from
        dual
&amp#27;[2m2025-05-11T11:17:47.480-03:00&amp#27;[0;39m &amp#27;[32mDEBUG&amp#27;[0;39m &amp#27;[35m16907&amp#27;[0;39m &amp#27;[2m---&amp#27;[0;39m &amp#27;[2m[           main]&amp#27;[0;39m &amp#27;[2m&amp#27;[0;39m&amp#27;[36morg.hibernate.SQL                       &amp#27;[0;39m &amp#27;[2m:&amp#27;[0;39m 
    /* insert for
        com.cufre.expedientes.model.Delito */insert 
    into
        delito (actualizado_en, codigo_penal, creado_en, descripcion, nombre, pena_maxima, pena_minima, tipo_pena, valoracion, id) 
    values
        (?, ?, ?, ?, ?, ?, ?, ?, ?, ?)
Hibernate: 
    /* insert for
        com.cufre.expedientes.model.Delito */insert 
    into
        delito (actualizado_en, codigo_penal, creado_en, descripcion, nombre, pena_maxima, pena_minima, tipo_pena, valoracion, id) 
    values
        (?, ?, ?, ?, ?, ?, ?, ?, ?, ?)
&amp#27;[2m2025-05-11T11:17:47.482-03:00&amp#27;[0;39m &amp#27;[32m INFO&amp#27;[0;39m &amp#27;[35m16907&amp#27;[0;39m &amp#27;[2m---&amp#27;[0;39m &amp#27;[2m[           main]&amp#27;[0;39m &amp#27;[2m&amp#27;[0;39m&amp#27;[36mi.StatisticalLoggingSessionEventListener&amp#27;[0;39m &amp#27;[2m:&amp#27;[0;39m Session Metrics {
    2459 nanoseconds spent acquiring 1 JDBC connections;
    0 nanoseconds spent releasing 0 JDBC connections;
    16125 nanoseconds spent preparing 2 JDBC statements;
    500042 nanoseconds spent executing 1 JDBC statements;
    475541 nanoseconds spent executing 1 JDBC batches;
    0 nanoseconds spent performing 0 L2C puts;
    0 nanoseconds spent performing 0 L2C hits;
    0 nanoseconds spent performing 0 L2C misses;
    930084 nanoseconds spent executing 1 flushes (flushing a total of 1 entities and 1 collections);
    0 nanoseconds spent executing 0 partial-flushes (flushing a total of 0 entities and 0 collections)
}
&amp#27;[2m2025-05-11T11:17:47.483-03:00&amp#27;[0;39m &amp#27;[32mDEBUG&amp#27;[0;39m &amp#27;[35m16907&amp#27;[0;39m &amp#27;[2m---&amp#27;[0;39m &amp#27;[2m[           main]&amp#27;[0;39m &amp#27;[2m&amp#27;[0;39m&amp#27;[36morg.hibernate.SQL                       &amp#27;[0;39m &amp#27;[2m:&amp#27;[0;39m 
    /* <criteria> */ select
        d1_0.id,
        d1_0.actualizado_en,
        d1_0.codigo_penal,
        d1_0.creado_en,
        d1_0.descripcion,
        d1_0.nombre,
        d1_0.pena_maxima,
        d1_0.pena_minima,
        d1_0.tipo_pena,
        d1_0.valoracion 
    from
        delito d1_0 
    where
        upper(d1_0.nombre) like upper(?) escape '\'
Hibernate: 
    /* <criteria> */ select
        d1_0.id,
        d1_0.actualizado_en,
        d1_0.codigo_penal,
        d1_0.creado_en,
        d1_0.descripcion,
        d1_0.nombre,
        d1_0.pena_maxima,
        d1_0.pena_minima,
        d1_0.tipo_pena,
        d1_0.valoracion 
    from
        delito d1_0 
    where
        upper(d1_0.nombre) like upper(?) escape '\'
&amp#27;[2m2025-05-11T11:17:47.484-03:00&amp#27;[0;39m &amp#27;[32m INFO&amp#27;[0;39m &amp#27;[35m16907&amp#27;[0;39m &amp#27;[2m---&amp#27;[0;39m &amp#27;[2m[           main]&amp#27;[0;39m &amp#27;[2m&amp#27;[0;39m&amp#27;[36mi.StatisticalLoggingSessionEventListener&amp#27;[0;39m &amp#27;[2m:&amp#27;[0;39m Session Metrics {
    6333 nanoseconds spent acquiring 1 JDBC connections;
    0 nanoseconds spent releasing 0 JDBC connections;
    20958 nanoseconds spent preparing 1 JDBC statements;
    1225917 nanoseconds spent executing 1 JDBC statements;
    0 nanoseconds spent executing 0 JDBC batches;
    0 nanoseconds spent performing 0 L2C puts;
    0 nanoseconds spent performing 0 L2C hits;
    0 nanoseconds spent performing 0 L2C misses;
    0 nanoseconds spent executing 0 flushes (flushing a total of 0 entities and 0 collections);
    0 nanoseconds spent executing 0 partial-flushes (flushing a total of 0 entities and 0 collections)
}
&amp#27;[2m2025-05-11T11:17:47.484-03:00&amp#27;[0;39m &amp#27;[32mDEBUG&amp#27;[0;39m &amp#27;[35m16907&amp#27;[0;39m &amp#27;[2m---&amp#27;[0;39m &amp#27;[2m[           main]&amp#27;[0;39m &amp#27;[2m&amp#27;[0;39m&amp#27;[36morg.hibernate.SQL                       &amp#27;[0;39m &amp#27;[2m:&amp#27;[0;39m 
    select
        seq_delito.nextval 
    from
        dual
Hibernate: 
    select
        seq_delito.nextval 
    from
        dual
&amp#27;[2m2025-05-11T11:17:47.485-03:00&amp#27;[0;39m &amp#27;[32mDEBUG&amp#27;[0;39m &amp#27;[35m16907&amp#27;[0;39m &amp#27;[2m---&amp#27;[0;39m &amp#27;[2m[           main]&amp#27;[0;39m &amp#27;[2m&amp#27;[0;39m&amp#27;[36morg.hibernate.SQL                       &amp#27;[0;39m &amp#27;[2m:&amp#27;[0;39m 
    /* insert for
        com.cufre.expedientes.model.Delito */insert 
    into
        delito (actualizado_en, codigo_penal, creado_en, descripcion, nombre, pena_maxima, pena_minima, tipo_pena, valoracion, id) 
    values
        (?, ?, ?, ?, ?, ?, ?, ?, ?, ?)
Hibernate: 
    /* insert for
        com.cufre.expedientes.model.Delito */insert 
    into
        delito (actualizado_en, codigo_penal, creado_en, descripcion, nombre, pena_maxima, pena_minima, tipo_pena, valoracion, id) 
    values
        (?, ?, ?, ?, ?, ?, ?, ?, ?, ?)
&amp#27;[2m2025-05-11T11:17:47.486-03:00&amp#27;[0;39m &amp#27;[32m INFO&amp#27;[0;39m &amp#27;[35m16907&amp#27;[0;39m &amp#27;[2m---&amp#27;[0;39m &amp#27;[2m[           main]&amp#27;[0;39m &amp#27;[2m&amp#27;[0;39m&amp#27;[36mi.StatisticalLoggingSessionEventListener&amp#27;[0;39m &amp#27;[2m:&amp#27;[0;39m Session Metrics {
    2084 nanoseconds spent acquiring 1 JDBC connections;
    0 nanoseconds spent releasing 0 JDBC connections;
    11333 nanoseconds spent preparing 2 JDBC statements;
    416125 nanoseconds spent executing 1 JDBC statements;
    482750 nanoseconds spent executing 1 JDBC batches;
    0 nanoseconds spent performing 0 L2C puts;
    0 nanoseconds spent performing 0 L2C hits;
    0 nanoseconds spent performing 0 L2C misses;
    891375 nanoseconds spent executing 1 flushes (flushing a total of 1 entities and 1 collections);
    0 nanoseconds spent executing 0 partial-flushes (flushing a total of 0 entities and 0 collections)
}
&amp#27;[2m2025-05-11T11:17:47.487-03:00&amp#27;[0;39m &amp#27;[32mDEBUG&amp#27;[0;39m &amp#27;[35m16907&amp#27;[0;39m &amp#27;[2m---&amp#27;[0;39m &amp#27;[2m[           main]&amp#27;[0;39m &amp#27;[2m&amp#27;[0;39m&amp#27;[36morg.hibernate.SQL                       &amp#27;[0;39m &amp#27;[2m:&amp#27;[0;39m 
    /* <criteria> */ select
        d1_0.id,
        d1_0.actualizado_en,
        d1_0.codigo_penal,
        d1_0.creado_en,
        d1_0.descripcion,
        d1_0.nombre,
        d1_0.pena_maxima,
        d1_0.pena_minima,
        d1_0.tipo_pena,
        d1_0.valoracion 
    from
        delito d1_0 
    where
        upper(d1_0.nombre) like upper(?) escape '\'
Hibernate: 
    /* <criteria> */ select
        d1_0.id,
        d1_0.actualizado_en,
        d1_0.codigo_penal,
        d1_0.creado_en,
        d1_0.descripcion,
        d1_0.nombre,
        d1_0.pena_maxima,
        d1_0.pena_minima,
        d1_0.tipo_pena,
        d1_0.valoracion 
    from
        delito d1_0 
    where
        upper(d1_0.nombre) like upper(?) escape '\'
&amp#27;[2m2025-05-11T11:17:47.489-03:00&amp#27;[0;39m &amp#27;[32m INFO&amp#27;[0;39m &amp#27;[35m16907&amp#27;[0;39m &amp#27;[2m---&amp#27;[0;39m &amp#27;[2m[           main]&amp#27;[0;39m &amp#27;[2m&amp#27;[0;39m&amp#27;[36mi.StatisticalLoggingSessionEventListener&amp#27;[0;39m &amp#27;[2m:&amp#27;[0;39m Session Metrics {
    8500 nanoseconds spent acquiring 1 JDBC connections;
    0 nanoseconds spent releasing 0 JDBC connections;
    24750 nanoseconds spent preparing 1 JDBC statements;
    1161500 nanoseconds spent executing 1 JDBC statements;
    0 nanoseconds spent executing 0 JDBC batches;
    0 nanoseconds spent performing 0 L2C puts;
    0 nanoseconds spent performing 0 L2C hits;
    0 nanoseconds spent performing 0 L2C misses;
    0 nanoseconds spent executing 0 flushes (flushing a total of 0 entities and 0 collections);
    0 nanoseconds spent executing 0 partial-flushes (flushing a total of 0 entities and 0 collections)
}
&amp#27;[2m2025-05-11T11:17:47.489-03:00&amp#27;[0;39m &amp#27;[32mDEBUG&amp#27;[0;39m &amp#27;[35m16907&amp#27;[0;39m &amp#27;[2m---&amp#27;[0;39m &amp#27;[2m[           main]&amp#27;[0;39m &amp#27;[2m&amp#27;[0;39m&amp#27;[36morg.hibernate.SQL                       &amp#27;[0;39m &amp#27;[2m:&amp#27;[0;39m 
    select
        seq_delito.nextval 
    from
        dual
Hibernate: 
    select
        seq_delito.nextval 
    from
        dual
&amp#27;[2m2025-05-11T11:17:47.489-03:00&amp#27;[0;39m &amp#27;[32mDEBUG&amp#27;[0;39m &amp#27;[35m16907&amp#27;[0;39m &amp#27;[2m---&amp#27;[0;39m &amp#27;[2m[           main]&amp#27;[0;39m &amp#27;[2m&amp#27;[0;39m&amp#27;[36morg.hibernate.SQL                       &amp#27;[0;39m &amp#27;[2m:&amp#27;[0;39m 
    /* insert for
        com.cufre.expedientes.model.Delito */insert 
    into
        delito (actualizado_en, codigo_penal, creado_en, descripcion, nombre, pena_maxima, pena_minima, tipo_pena, valoracion, id) 
    values
        (?, ?, ?, ?, ?, ?, ?, ?, ?, ?)
Hibernate: 
    /* insert for
        com.cufre.expedientes.model.Delito */insert 
    into
        delito (actualizado_en, codigo_penal, creado_en, descripcion, nombre, pena_maxima, pena_minima, tipo_pena, valoracion, id) 
    values
        (?, ?, ?, ?, ?, ?, ?, ?, ?, ?)
&amp#27;[2m2025-05-11T11:17:47.491-03:00&amp#27;[0;39m &amp#27;[32m INFO&amp#27;[0;39m &amp#27;[35m16907&amp#27;[0;39m &amp#27;[2m---&amp#27;[0;39m &amp#27;[2m[           main]&amp#27;[0;39m &amp#27;[2m&amp#27;[0;39m&amp#27;[36mi.StatisticalLoggingSessionEventListener&amp#27;[0;39m &amp#27;[2m:&amp#27;[0;39m Session Metrics {
    1916 nanoseconds spent acquiring 1 JDBC connections;
    0 nanoseconds spent releasing 0 JDBC connections;
    8001 nanoseconds spent preparing 2 JDBC statements;
    277125 nanoseconds spent executing 1 JDBC statements;
    394500 nanoseconds spent executing 1 JDBC batches;
    0 nanoseconds spent performing 0 L2C puts;
    0 nanoseconds spent performing 0 L2C hits;
    0 nanoseconds spent performing 0 L2C misses;
    705875 nanoseconds spent executing 1 flushes (flushing a total of 1 entities and 1 collections);
    0 nanoseconds spent executing 0 partial-flushes (flushing a total of 0 entities and 0 collections)
}
&amp#27;[2m2025-05-11T11:17:47.491-03:00&amp#27;[0;39m &amp#27;[32mDEBUG&amp#27;[0;39m &amp#27;[35m16907&amp#27;[0;39m &amp#27;[2m---&amp#27;[0;39m &amp#27;[2m[           main]&amp#27;[0;39m &amp#27;[2m&amp#27;[0;39m&amp#27;[36morg.hibernate.SQL                       &amp#27;[0;39m &amp#27;[2m:&amp#27;[0;39m 
    /* <criteria> */ select
        d1_0.id,
        d1_0.actualizado_en,
        d1_0.codigo_penal,
        d1_0.creado_en,
        d1_0.descripcion,
        d1_0.nombre,
        d1_0.pena_maxima,
        d1_0.pena_minima,
        d1_0.tipo_pena,
        d1_0.valoracion 
    from
        delito d1_0 
    where
        upper(d1_0.nombre) like upper(?) escape '\'
Hibernate: 
    /* <criteria> */ select
        d1_0.id,
        d1_0.actualizado_en,
        d1_0.codigo_penal,
        d1_0.creado_en,
        d1_0.descripcion,
        d1_0.nombre,
        d1_0.pena_maxima,
        d1_0.pena_minima,
        d1_0.tipo_pena,
        d1_0.valoracion 
    from
        delito d1_0 
    where
        upper(d1_0.nombre) like upper(?) escape '\'
&amp#27;[2m2025-05-11T11:17:47.492-03:00&amp#27;[0;39m &amp#27;[32m INFO&amp#27;[0;39m &amp#27;[35m16907&amp#27;[0;39m &amp#27;[2m---&amp#27;[0;39m &amp#27;[2m[           main]&amp#27;[0;39m &amp#27;[2m&amp#27;[0;39m&amp#27;[36mi.StatisticalLoggingSessionEventListener&amp#27;[0;39m &amp#27;[2m:&amp#27;[0;39m Session Metrics {
    2834 nanoseconds spent acquiring 1 JDBC connections;
    0 nanoseconds spent releasing 0 JDBC connections;
    10084 nanoseconds spent preparing 1 JDBC statements;
    985250 nanoseconds spent executing 1 JDBC statements;
    0 nanoseconds spent executing 0 JDBC batches;
    0 nanoseconds spent performing 0 L2C puts;
    0 nanoseconds spent performing 0 L2C hits;
    0 nanoseconds spent performing 0 L2C misses;
    0 nanoseconds spent executing 0 flushes (flushing a total of 0 entities and 0 collections);
    0 nanoseconds spent executing 0 partial-flushes (flushing a total of 0 entities and 0 collections)
}
&amp#27;[2m2025-05-11T11:17:47.493-03:00&amp#27;[0;39m &amp#27;[32mDEBUG&amp#27;[0;39m &amp#27;[35m16907&amp#27;[0;39m &amp#27;[2m---&amp#27;[0;39m &amp#27;[2m[           main]&amp#27;[0;39m &amp#27;[2m&amp#27;[0;39m&amp#27;[36morg.hibernate.SQL                       &amp#27;[0;39m &amp#27;[2m:&amp#27;[0;39m 
    select
        seq_delito.nextval 
    from
        dual
Hibernate: 
    select
        seq_delito.nextval 
    from
        dual
&amp#27;[2m2025-05-11T11:17:47.494-03:00&amp#27;[0;39m &amp#27;[32mDEBUG&amp#27;[0;39m &amp#27;[35m16907&amp#27;[0;39m &amp#27;[2m---&amp#27;[0;39m &amp#27;[2m[           main]&amp#27;[0;39m &amp#27;[2m&amp#27;[0;39m&amp#27;[36morg.hibernate.SQL                       &amp#27;[0;39m &amp#27;[2m:&amp#27;[0;39m 
    /* insert for
        com.cufre.expedientes.model.Delito */insert 
    into
        delito (actualizado_en, codigo_penal, creado_en, descripcion, nombre, pena_maxima, pena_minima, tipo_pena, valoracion, id) 
    values
        (?, ?, ?, ?, ?, ?, ?, ?, ?, ?)
Hibernate: 
    /* insert for
        com.cufre.expedientes.model.Delito */insert 
    into
        delito (actualizado_en, codigo_penal, creado_en, descripcion, nombre, pena_maxima, pena_minima, tipo_pena, valoracion, id) 
    values
        (?, ?, ?, ?, ?, ?, ?, ?, ?, ?)
&amp#27;[2m2025-05-11T11:17:47.495-03:00&amp#27;[0;39m &amp#27;[32m INFO&amp#27;[0;39m &amp#27;[35m16907&amp#27;[0;39m &amp#27;[2m---&amp#27;[0;39m &amp#27;[2m[           main]&amp#27;[0;39m &amp#27;[2m&amp#27;[0;39m&amp#27;[36mi.StatisticalLoggingSessionEventListener&amp#27;[0;39m &amp#27;[2m:&amp#27;[0;39m Session Metrics {
    1708 nanoseconds spent acquiring 1 JDBC connections;
    0 nanoseconds spent releasing 0 JDBC connections;
    13209 nanoseconds spent preparing 2 JDBC statements;
    868958 nanoseconds spent executing 1 JDBC statements;
    361709 nanoseconds spent executing 1 JDBC batches;
    0 nanoseconds spent performing 0 L2C puts;
    0 nanoseconds spent performing 0 L2C hits;
    0 nanoseconds spent performing 0 L2C misses;
    687000 nanoseconds spent executing 1 flushes (flushing a total of 1 entities and 1 collections);
    0 nanoseconds spent executing 0 partial-flushes (flushing a total of 0 entities and 0 collections)
}
&amp#27;[2m2025-05-11T11:17:47.495-03:00&amp#27;[0;39m &amp#27;[32mDEBUG&amp#27;[0;39m &amp#27;[35m16907&amp#27;[0;39m &amp#27;[2m---&amp#27;[0;39m &amp#27;[2m[           main]&amp#27;[0;39m &amp#27;[2m&amp#27;[0;39m&amp#27;[36morg.hibernate.SQL                       &amp#27;[0;39m &amp#27;[2m:&amp#27;[0;39m 
    /* <criteria> */ select
        d1_0.id,
        d1_0.actualizado_en,
        d1_0.codigo_penal,
        d1_0.creado_en,
        d1_0.descripcion,
        d1_0.nombre,
        d1_0.pena_maxima,
        d1_0.pena_minima,
        d1_0.tipo_pena,
        d1_0.valoracion 
    from
        delito d1_0 
    where
        upper(d1_0.nombre) like upper(?) escape '\'
Hibernate: 
    /* <criteria> */ select
        d1_0.id,
        d1_0.actualizado_en,
        d1_0.codigo_penal,
        d1_0.creado_en,
        d1_0.descripcion,
        d1_0.nombre,
        d1_0.pena_maxima,
        d1_0.pena_minima,
        d1_0.tipo_pena,
        d1_0.valoracion 
    from
        delito d1_0 
    where
        upper(d1_0.nombre) like upper(?) escape '\'
&amp#27;[2m2025-05-11T11:17:47.497-03:00&amp#27;[0;39m &amp#27;[32m INFO&amp#27;[0;39m &amp#27;[35m16907&amp#27;[0;39m &amp#27;[2m---&amp#27;[0;39m &amp#27;[2m[           main]&amp#27;[0;39m &amp#27;[2m&amp#27;[0;39m&amp#27;[36mi.StatisticalLoggingSessionEventListener&amp#27;[0;39m &amp#27;[2m:&amp#27;[0;39m Session Metrics {
    3125 nanoseconds spent acquiring 1 JDBC connections;
    0 nanoseconds spent releasing 0 JDBC connections;
    11125 nanoseconds spent preparing 1 JDBC statements;
    1102584 nanoseconds spent executing 1 JDBC statements;
    0 nanoseconds spent executing 0 JDBC batches;
    0 nanoseconds spent performing 0 L2C puts;
    0 nanoseconds spent performing 0 L2C hits;
    0 nanoseconds spent performing 0 L2C misses;
    0 nanoseconds spent executing 0 flushes (flushing a total of 0 entities and 0 collections);
    0 nanoseconds spent executing 0 partial-flushes (flushing a total of 0 entities and 0 collections)
}
&amp#27;[2m2025-05-11T11:17:47.497-03:00&amp#27;[0;39m &amp#27;[32mDEBUG&amp#27;[0;39m &amp#27;[35m16907&amp#27;[0;39m &amp#27;[2m---&amp#27;[0;39m &amp#27;[2m[           main]&amp#27;[0;39m &amp#27;[2m&amp#27;[0;39m&amp#27;[36morg.hibernate.SQL                       &amp#27;[0;39m &amp#27;[2m:&amp#27;[0;39m 
    select
        seq_delito.nextval 
    from
        dual
Hibernate: 
    select
        seq_delito.nextval 
    from
        dual
&amp#27;[2m2025-05-11T11:17:47.497-03:00&amp#27;[0;39m &amp#27;[32mDEBUG&amp#27;[0;39m &amp#27;[35m16907&amp#27;[0;39m &amp#27;[2m---&amp#27;[0;39m &amp#27;[2m[           main]&amp#27;[0;39m &amp#27;[2m&amp#27;[0;39m&amp#27;[36morg.hibernate.SQL                       &amp#27;[0;39m &amp#27;[2m:&amp#27;[0;39m 
    /* insert for
        com.cufre.expedientes.model.Delito */insert 
    into
        delito (actualizado_en, codigo_penal, creado_en, descripcion, nombre, pena_maxima, pena_minima, tipo_pena, valoracion, id) 
    values
        (?, ?, ?, ?, ?, ?, ?, ?, ?, ?)
Hibernate: 
    /* insert for
        com.cufre.expedientes.model.Delito */insert 
    into
        delito (actualizado_en, codigo_penal, creado_en, descripcion, nombre, pena_maxima, pena_minima, tipo_pena, valoracion, id) 
    values
        (?, ?, ?, ?, ?, ?, ?, ?, ?, ?)
&amp#27;[2m2025-05-11T11:17:47.498-03:00&amp#27;[0;39m &amp#27;[32m INFO&amp#27;[0;39m &amp#27;[35m16907&amp#27;[0;39m &amp#27;[2m---&amp#27;[0;39m &amp#27;[2m[           main]&amp#27;[0;39m &amp#27;[2m&amp#27;[0;39m&amp#27;[36mi.StatisticalLoggingSessionEventListener&amp#27;[0;39m &amp#27;[2m:&amp#27;[0;39m Session Metrics {
    1583 nanoseconds spent acquiring 1 JDBC connections;
    0 nanoseconds spent releasing 0 JDBC connections;
    6875 nanoseconds spent preparing 2 JDBC statements;
    263125 nanoseconds spent executing 1 JDBC statements;
    411083 nanoseconds spent executing 1 JDBC batches;
    0 nanoseconds spent performing 0 L2C puts;
    0 nanoseconds spent performing 0 L2C hits;
    0 nanoseconds spent performing 0 L2C misses;
    708125 nanoseconds spent executing 1 flushes (flushing a total of 1 entities and 1 collections);
    0 nanoseconds spent executing 0 partial-flushes (flushing a total of 0 entities and 0 collections)
}
&amp#27;[2m2025-05-11T11:17:47.499-03:00&amp#27;[0;39m &amp#27;[32mDEBUG&amp#27;[0;39m &amp#27;[35m16907&amp#27;[0;39m &amp#27;[2m---&amp#27;[0;39m &amp#27;[2m[           main]&amp#27;[0;39m &amp#27;[2m&amp#27;[0;39m&amp#27;[36morg.hibernate.SQL                       &amp#27;[0;39m &amp#27;[2m:&amp#27;[0;39m 
    /* <criteria> */ select
        d1_0.id,
        d1_0.actualizado_en,
        d1_0.codigo_penal,
        d1_0.creado_en,
        d1_0.descripcion,
        d1_0.nombre,
        d1_0.pena_maxima,
        d1_0.pena_minima,
        d1_0.tipo_pena,
        d1_0.valoracion 
    from
        delito d1_0 
    where
        upper(d1_0.nombre) like upper(?) escape '\'
Hibernate: 
    /* <criteria> */ select
        d1_0.id,
        d1_0.actualizado_en,
        d1_0.codigo_penal,
        d1_0.creado_en,
        d1_0.descripcion,
        d1_0.nombre,
        d1_0.pena_maxima,
        d1_0.pena_minima,
        d1_0.tipo_pena,
        d1_0.valoracion 
    from
        delito d1_0 
    where
        upper(d1_0.nombre) like upper(?) escape '\'
&amp#27;[2m2025-05-11T11:17:47.500-03:00&amp#27;[0;39m &amp#27;[32m INFO&amp#27;[0;39m &amp#27;[35m16907&amp#27;[0;39m &amp#27;[2m---&amp#27;[0;39m &amp#27;[2m[           main]&amp#27;[0;39m &amp#27;[2m&amp#27;[0;39m&amp#27;[36mi.StatisticalLoggingSessionEventListener&amp#27;[0;39m &amp#27;[2m:&amp#27;[0;39m Session Metrics {
    3583 nanoseconds spent acquiring 1 JDBC connections;
    0 nanoseconds spent releasing 0 JDBC connections;
    10583 nanoseconds spent preparing 1 JDBC statements;
    1034584 nanoseconds spent executing 1 JDBC statements;
    0 nanoseconds spent executing 0 JDBC batches;
    0 nanoseconds spent performing 0 L2C puts;
    0 nanoseconds spent performing 0 L2C hits;
    0 nanoseconds spent performing 0 L2C misses;
    0 nanoseconds spent executing 0 flushes (flushing a total of 0 entities and 0 collections);
    0 nanoseconds spent executing 0 partial-flushes (flushing a total of 0 entities and 0 collections)
}
&amp#27;[2m2025-05-11T11:17:47.500-03:00&amp#27;[0;39m &amp#27;[32mDEBUG&amp#27;[0;39m &amp#27;[35m16907&amp#27;[0;39m &amp#27;[2m---&amp#27;[0;39m &amp#27;[2m[           main]&amp#27;[0;39m &amp#27;[2m&amp#27;[0;39m&amp#27;[36morg.hibernate.SQL                       &amp#27;[0;39m &amp#27;[2m:&amp#27;[0;39m 
    select
        seq_delito.nextval 
    from
        dual
Hibernate: 
    select
        seq_delito.nextval 
    from
        dual
&amp#27;[2m2025-05-11T11:17:47.501-03:00&amp#27;[0;39m &amp#27;[32mDEBUG&amp#27;[0;39m &amp#27;[35m16907&amp#27;[0;39m &amp#27;[2m---&amp#27;[0;39m &amp#27;[2m[           main]&amp#27;[0;39m &amp#27;[2m&amp#27;[0;39m&amp#27;[36morg.hibernate.SQL                       &amp#27;[0;39m &amp#27;[2m:&amp#27;[0;39m 
    /* insert for
        com.cufre.expedientes.model.Delito */insert 
    into
        delito (actualizado_en, codigo_penal, creado_en, descripcion, nombre, pena_maxima, pena_minima, tipo_pena, valoracion, id) 
    values
        (?, ?, ?, ?, ?, ?, ?, ?, ?, ?)
Hibernate: 
    /* insert for
        com.cufre.expedientes.model.Delito */insert 
    into
        delito (actualizado_en, codigo_penal, creado_en, descripcion, nombre, pena_maxima, pena_minima, tipo_pena, valoracion, id) 
    values
        (?, ?, ?, ?, ?, ?, ?, ?, ?, ?)
&amp#27;[2m2025-05-11T11:17:47.502-03:00&amp#27;[0;39m &amp#27;[32m INFO&amp#27;[0;39m &amp#27;[35m16907&amp#27;[0;39m &amp#27;[2m---&amp#27;[0;39m &amp#27;[2m[           main]&amp#27;[0;39m &amp#27;[2m&amp#27;[0;39m&amp#27;[36mi.StatisticalLoggingSessionEventListener&amp#27;[0;39m &amp#27;[2m:&amp#27;[0;39m Session Metrics {
    1916 nanoseconds spent acquiring 1 JDBC connections;
    0 nanoseconds spent releasing 0 JDBC connections;
    7249 nanoseconds spent preparing 2 JDBC statements;
    263958 nanoseconds spent executing 1 JDBC statements;
    392042 nanoseconds spent executing 1 JDBC batches;
    0 nanoseconds spent performing 0 L2C puts;
    0 nanoseconds spent performing 0 L2C hits;
    0 nanoseconds spent performing 0 L2C misses;
    661750 nanoseconds spent executing 1 flushes (flushing a total of 1 entities and 1 collections);
    0 nanoseconds spent executing 0 partial-flushes (flushing a total of 0 entities and 0 collections)
}
&amp#27;[2m2025-05-11T11:17:47.502-03:00&amp#27;[0;39m &amp#27;[32mDEBUG&amp#27;[0;39m &amp#27;[35m16907&amp#27;[0;39m &amp#27;[2m---&amp#27;[0;39m &amp#27;[2m[           main]&amp#27;[0;39m &amp#27;[2m&amp#27;[0;39m&amp#27;[36morg.hibernate.SQL                       &amp#27;[0;39m &amp#27;[2m:&amp#27;[0;39m 
    /* <criteria> */ select
        d1_0.id,
        d1_0.actualizado_en,
        d1_0.codigo_penal,
        d1_0.creado_en,
        d1_0.descripcion,
        d1_0.nombre,
        d1_0.pena_maxima,
        d1_0.pena_minima,
        d1_0.tipo_pena,
        d1_0.valoracion 
    from
        delito d1_0 
    where
        upper(d1_0.nombre) like upper(?) escape '\'
Hibernate: 
    /* <criteria> */ select
        d1_0.id,
        d1_0.actualizado_en,
        d1_0.codigo_penal,
        d1_0.creado_en,
        d1_0.descripcion,
        d1_0.nombre,
        d1_0.pena_maxima,
        d1_0.pena_minima,
        d1_0.tipo_pena,
        d1_0.valoracion 
    from
        delito d1_0 
    where
        upper(d1_0.nombre) like upper(?) escape '\'
&amp#27;[2m2025-05-11T11:17:47.503-03:00&amp#27;[0;39m &amp#27;[32m INFO&amp#27;[0;39m &amp#27;[35m16907&amp#27;[0;39m &amp#27;[2m---&amp#27;[0;39m &amp#27;[2m[           main]&amp#27;[0;39m &amp#27;[2m&amp#27;[0;39m&amp#27;[36mi.StatisticalLoggingSessionEventListener&amp#27;[0;39m &amp#27;[2m:&amp#27;[0;39m Session Metrics {
    3000 nanoseconds spent acquiring 1 JDBC connections;
    0 nanoseconds spent releasing 0 JDBC connections;
    10500 nanoseconds spent preparing 1 JDBC statements;
    1057584 nanoseconds spent executing 1 JDBC statements;
    0 nanoseconds spent executing 0 JDBC batches;
    0 nanoseconds spent performing 0 L2C puts;
    0 nanoseconds spent performing 0 L2C hits;
    0 nanoseconds spent performing 0 L2C misses;
    0 nanoseconds spent executing 0 flushes (flushing a total of 0 entities and 0 collections);
    0 nanoseconds spent executing 0 partial-flushes (flushing a total of 0 entities and 0 collections)
}
&amp#27;[2m2025-05-11T11:17:47.503-03:00&amp#27;[0;39m &amp#27;[32mDEBUG&amp#27;[0;39m &amp#27;[35m16907&amp#27;[0;39m &amp#27;[2m---&amp#27;[0;39m &amp#27;[2m[           main]&amp#27;[0;39m &amp#27;[2m&amp#27;[0;39m&amp#27;[36morg.hibernate.SQL                       &amp#27;[0;39m &amp#27;[2m:&amp#27;[0;39m 
    select
        seq_delito.nextval 
    from
        dual
Hibernate: 
    select
        seq_delito.nextval 
    from
        dual
&amp#27;[2m2025-05-11T11:17:47.504-03:00&amp#27;[0;39m &amp#27;[32mDEBUG&amp#27;[0;39m &amp#27;[35m16907&amp#27;[0;39m &amp#27;[2m---&amp#27;[0;39m &amp#27;[2m[           main]&amp#27;[0;39m &amp#27;[2m&amp#27;[0;39m&amp#27;[36morg.hibernate.SQL                       &amp#27;[0;39m &amp#27;[2m:&amp#27;[0;39m 
    /* insert for
        com.cufre.expedientes.model.Delito */insert 
    into
        delito (actualizado_en, codigo_penal, creado_en, descripcion, nombre, pena_maxima, pena_minima, tipo_pena, valoracion, id) 
    values
        (?, ?, ?, ?, ?, ?, ?, ?, ?, ?)
Hibernate: 
    /* insert for
        com.cufre.expedientes.model.Delito */insert 
    into
        delito (actualizado_en, codigo_penal, creado_en, descripcion, nombre, pena_maxima, pena_minima, tipo_pena, valoracion, id) 
    values
        (?, ?, ?, ?, ?, ?, ?, ?, ?, ?)
&amp#27;[2m2025-05-11T11:17:47.505-03:00&amp#27;[0;39m &amp#27;[32m INFO&amp#27;[0;39m &amp#27;[35m16907&amp#27;[0;39m &amp#27;[2m---&amp#27;[0;39m &amp#27;[2m[           main]&amp#27;[0;39m &amp#27;[2m&amp#27;[0;39m&amp#27;[36mi.StatisticalLoggingSessionEventListener&amp#27;[0;39m &amp#27;[2m:&amp#27;[0;39m Session Metrics {
    1875 nanoseconds spent acquiring 1 JDBC connections;
    0 nanoseconds spent releasing 0 JDBC connections;
    7833 nanoseconds spent preparing 2 JDBC statements;
    284708 nanoseconds spent executing 1 JDBC statements;
    397417 nanoseconds spent executing 1 JDBC batches;
    0 nanoseconds spent performing 0 L2C puts;
    0 nanoseconds spent performing 0 L2C hits;
    0 nanoseconds spent performing 0 L2C misses;
    689167 nanoseconds spent executing 1 flushes (flushing a total of 1 entities and 1 collections);
    0 nanoseconds spent executing 0 partial-flushes (flushing a total of 0 entities and 0 collections)
}
&amp#27;[2m2025-05-11T11:17:47.506-03:00&amp#27;[0;39m &amp#27;[32mDEBUG&amp#27;[0;39m &amp#27;[35m16907&amp#27;[0;39m &amp#27;[2m---&amp#27;[0;39m &amp#27;[2m[           main]&amp#27;[0;39m &amp#27;[2m&amp#27;[0;39m&amp#27;[36morg.hibernate.SQL                       &amp#27;[0;39m &amp#27;[2m:&amp#27;[0;39m 
    /* <criteria> */ select
        d1_0.id,
        d1_0.actualizado_en,
        d1_0.codigo_penal,
        d1_0.creado_en,
        d1_0.descripcion,
        d1_0.nombre,
        d1_0.pena_maxima,
        d1_0.pena_minima,
        d1_0.tipo_pena,
        d1_0.valoracion 
    from
        delito d1_0 
    where
        upper(d1_0.nombre) like upper(?) escape '\'
Hibernate: 
    /* <criteria> */ select
        d1_0.id,
        d1_0.actualizado_en,
        d1_0.codigo_penal,
        d1_0.creado_en,
        d1_0.descripcion,
        d1_0.nombre,
        d1_0.pena_maxima,
        d1_0.pena_minima,
        d1_0.tipo_pena,
        d1_0.valoracion 
    from
        delito d1_0 
    where
        upper(d1_0.nombre) like upper(?) escape '\'
&amp#27;[2m2025-05-11T11:17:47.507-03:00&amp#27;[0;39m &amp#27;[32m INFO&amp#27;[0;39m &amp#27;[35m16907&amp#27;[0;39m &amp#27;[2m---&amp#27;[0;39m &amp#27;[2m[           main]&amp#27;[0;39m &amp#27;[2m&amp#27;[0;39m&amp#27;[36mi.StatisticalLoggingSessionEventListener&amp#27;[0;39m &amp#27;[2m:&amp#27;[0;39m Session Metrics {
    3667 nanoseconds spent acquiring 1 JDBC connections;
    0 nanoseconds spent releasing 0 JDBC connections;
    13916 nanoseconds spent preparing 1 JDBC statements;
    1080125 nanoseconds spent executing 1 JDBC statements;
    0 nanoseconds spent executing 0 JDBC batches;
    0 nanoseconds spent performing 0 L2C puts;
    0 nanoseconds spent performing 0 L2C hits;
    0 nanoseconds spent performing 0 L2C misses;
    0 nanoseconds spent executing 0 flushes (flushing a total of 0 entities and 0 collections);
    0 nanoseconds spent executing 0 partial-flushes (flushing a total of 0 entities and 0 collections)
}
&amp#27;[2m2025-05-11T11:17:47.507-03:00&amp#27;[0;39m &amp#27;[32mDEBUG&amp#27;[0;39m &amp#27;[35m16907&amp#27;[0;39m &amp#27;[2m---&amp#27;[0;39m &amp#27;[2m[           main]&amp#27;[0;39m &amp#27;[2m&amp#27;[0;39m&amp#27;[36morg.hibernate.SQL                       &amp#27;[0;39m &amp#27;[2m:&amp#27;[0;39m 
    select
        seq_delito.nextval 
    from
        dual
Hibernate: 
    select
        seq_delito.nextval 
    from
        dual
&amp#27;[2m2025-05-11T11:17:47.508-03:00&amp#27;[0;39m &amp#27;[32mDEBUG&amp#27;[0;39m &amp#27;[35m16907&amp#27;[0;39m &amp#27;[2m---&amp#27;[0;39m &amp#27;[2m[           main]&amp#27;[0;39m &amp#27;[2m&amp#27;[0;39m&amp#27;[36morg.hibernate.SQL                       &amp#27;[0;39m &amp#27;[2m:&amp#27;[0;39m 
    /* insert for
        com.cufre.expedientes.model.Delito */insert 
    into
        delito (actualizado_en, codigo_penal, creado_en, descripcion, nombre, pena_maxima, pena_minima, tipo_pena, valoracion, id) 
    values
        (?, ?, ?, ?, ?, ?, ?, ?, ?, ?)
Hibernate: 
    /* insert for
        com.cufre.expedientes.model.Delito */insert 
    into
        delito (actualizado_en, codigo_penal, creado_en, descripcion, nombre, pena_maxima, pena_minima, tipo_pena, valoracion, id) 
    values
        (?, ?, ?, ?, ?, ?, ?, ?, ?, ?)
&amp#27;[2m2025-05-11T11:17:47.509-03:00&amp#27;[0;39m &amp#27;[32m INFO&amp#27;[0;39m &amp#27;[35m16907&amp#27;[0;39m &amp#27;[2m---&amp#27;[0;39m &amp#27;[2m[           main]&amp#27;[0;39m &amp#27;[2m&amp#27;[0;39m&amp#27;[36mi.StatisticalLoggingSessionEventListener&amp#27;[0;39m &amp#27;[2m:&amp#27;[0;39m Session Metrics {
    2417 nanoseconds spent acquiring 1 JDBC connections;
    0 nanoseconds spent releasing 0 JDBC connections;
    11083 nanoseconds spent preparing 2 JDBC statements;
    292125 nanoseconds spent executing 1 JDBC statements;
    373750 nanoseconds spent executing 1 JDBC batches;
    0 nanoseconds spent performing 0 L2C puts;
    0 nanoseconds spent performing 0 L2C hits;
    0 nanoseconds spent performing 0 L2C misses;
    685166 nanoseconds spent executing 1 flushes (flushing a total of 1 entities and 1 collections);
    0 nanoseconds spent executing 0 partial-flushes (flushing a total of 0 entities and 0 collections)
}
&amp#27;[2m2025-05-11T11:17:47.509-03:00&amp#27;[0;39m &amp#27;[32mDEBUG&amp#27;[0;39m &amp#27;[35m16907&amp#27;[0;39m &amp#27;[2m---&amp#27;[0;39m &amp#27;[2m[           main]&amp#27;[0;39m &amp#27;[2m&amp#27;[0;39m&amp#27;[36morg.hibernate.SQL                       &amp#27;[0;39m &amp#27;[2m:&amp#27;[0;39m 
    /* <criteria> */ select
        d1_0.id,
        d1_0.actualizado_en,
        d1_0.codigo_penal,
        d1_0.creado_en,
        d1_0.descripcion,
        d1_0.nombre,
        d1_0.pena_maxima,
        d1_0.pena_minima,
        d1_0.tipo_pena,
        d1_0.valoracion 
    from
        delito d1_0 
    where
        upper(d1_0.nombre) like upper(?) escape '\'
Hibernate: 
    /* <criteria> */ select
        d1_0.id,
        d1_0.actualizado_en,
        d1_0.codigo_penal,
        d1_0.creado_en,
        d1_0.descripcion,
        d1_0.nombre,
        d1_0.pena_maxima,
        d1_0.pena_minima,
        d1_0.tipo_pena,
        d1_0.valoracion 
    from
        delito d1_0 
    where
        upper(d1_0.nombre) like upper(?) escape '\'
&amp#27;[2m2025-05-11T11:17:47.511-03:00&amp#27;[0;39m &amp#27;[32m INFO&amp#27;[0;39m &amp#27;[35m16907&amp#27;[0;39m &amp#27;[2m---&amp#27;[0;39m &amp#27;[2m[           main]&amp#27;[0;39m &amp#27;[2m&amp#27;[0;39m&amp#27;[36mi.StatisticalLoggingSessionEventListener&amp#27;[0;39m &amp#27;[2m:&amp#27;[0;39m Session Metrics {
    3041 nanoseconds spent acquiring 1 JDBC connections;
    0 nanoseconds spent releasing 0 JDBC connections;
    10834 nanoseconds spent preparing 1 JDBC statements;
    1240583 nanoseconds spent executing 1 JDBC statements;
    0 nanoseconds spent executing 0 JDBC batches;
    0 nanoseconds spent performing 0 L2C puts;
    0 nanoseconds spent performing 0 L2C hits;
    0 nanoseconds spent performing 0 L2C misses;
    0 nanoseconds spent executing 0 flushes (flushing a total of 0 entities and 0 collections);
    0 nanoseconds spent executing 0 partial-flushes (flushing a total of 0 entities and 0 collections)
}
&amp#27;[2m2025-05-11T11:17:47.511-03:00&amp#27;[0;39m &amp#27;[32mDEBUG&amp#27;[0;39m &amp#27;[35m16907&amp#27;[0;39m &amp#27;[2m---&amp#27;[0;39m &amp#27;[2m[           main]&amp#27;[0;39m &amp#27;[2m&amp#27;[0;39m&amp#27;[36morg.hibernate.SQL                       &amp#27;[0;39m &amp#27;[2m:&amp#27;[0;39m 
    select
        seq_delito.nextval 
    from
        dual
Hibernate: 
    select
        seq_delito.nextval 
    from
        dual
&amp#27;[2m2025-05-11T11:17:47.511-03:00&amp#27;[0;39m &amp#27;[32mDEBUG&amp#27;[0;39m &amp#27;[35m16907&amp#27;[0;39m &amp#27;[2m---&amp#27;[0;39m &amp#27;[2m[           main]&amp#27;[0;39m &amp#27;[2m&amp#27;[0;39m&amp#27;[36morg.hibernate.SQL                       &amp#27;[0;39m &amp#27;[2m:&amp#27;[0;39m 
    /* insert for
        com.cufre.expedientes.model.Delito */insert 
    into
        delito (actualizado_en, codigo_penal, creado_en, descripcion, nombre, pena_maxima, pena_minima, tipo_pena, valoracion, id) 
    values
        (?, ?, ?, ?, ?, ?, ?, ?, ?, ?)
Hibernate: 
    /* insert for
        com.cufre.expedientes.model.Delito */insert 
    into
        delito (actualizado_en, codigo_penal, creado_en, descripcion, nombre, pena_maxima, pena_minima, tipo_pena, valoracion, id) 
    values
        (?, ?, ?, ?, ?, ?, ?, ?, ?, ?)
&amp#27;[2m2025-05-11T11:17:47.513-03:00&amp#27;[0;39m &amp#27;[32m INFO&amp#27;[0;39m &amp#27;[35m16907&amp#27;[0;39m &amp#27;[2m---&amp#27;[0;39m &amp#27;[2m[           main]&amp#27;[0;39m &amp#27;[2m&amp#27;[0;39m&amp#27;[36mi.StatisticalLoggingSessionEventListener&amp#27;[0;39m &amp#27;[2m:&amp#27;[0;39m Session Metrics {
    1875 nanoseconds spent acquiring 1 JDBC connections;
    0 nanoseconds spent releasing 0 JDBC connections;
    7458 nanoseconds spent preparing 2 JDBC statements;
    270208 nanoseconds spent executing 1 JDBC statements;
    501458 nanoseconds spent executing 1 JDBC batches;
    0 nanoseconds spent performing 0 L2C puts;
    0 nanoseconds spent performing 0 L2C hits;
    0 nanoseconds spent performing 0 L2C misses;
    798334 nanoseconds spent executing 1 flushes (flushing a total of 1 entities and 1 collections);
    0 nanoseconds spent executing 0 partial-flushes (flushing a total of 0 entities and 0 collections)
}
&amp#27;[2m2025-05-11T11:17:47.513-03:00&amp#27;[0;39m &amp#27;[32mDEBUG&amp#27;[0;39m &amp#27;[35m16907&amp#27;[0;39m &amp#27;[2m---&amp#27;[0;39m &amp#27;[2m[           main]&amp#27;[0;39m &amp#27;[2m&amp#27;[0;39m&amp#27;[36morg.hibernate.SQL                       &amp#27;[0;39m &amp#27;[2m:&amp#27;[0;39m 
    /* <criteria> */ select
        d1_0.id,
        d1_0.actualizado_en,
        d1_0.codigo_penal,
        d1_0.creado_en,
        d1_0.descripcion,
        d1_0.nombre,
        d1_0.pena_maxima,
        d1_0.pena_minima,
        d1_0.tipo_pena,
        d1_0.valoracion 
    from
        delito d1_0 
    where
        upper(d1_0.nombre) like upper(?) escape '\'
Hibernate: 
    /* <criteria> */ select
        d1_0.id,
        d1_0.actualizado_en,
        d1_0.codigo_penal,
        d1_0.creado_en,
        d1_0.descripcion,
        d1_0.nombre,
        d1_0.pena_maxima,
        d1_0.pena_minima,
        d1_0.tipo_pena,
        d1_0.valoracion 
    from
        delito d1_0 
    where
        upper(d1_0.nombre) like upper(?) escape '\'
&amp#27;[2m2025-05-11T11:17:47.514-03:00&amp#27;[0;39m &amp#27;[32m INFO&amp#27;[0;39m &amp#27;[35m16907&amp#27;[0;39m &amp#27;[2m---&amp#27;[0;39m &amp#27;[2m[           main]&amp#27;[0;39m &amp#27;[2m&amp#27;[0;39m&amp#27;[36mi.StatisticalLoggingSessionEventListener&amp#27;[0;39m &amp#27;[2m:&amp#27;[0;39m Session Metrics {
    3750 nanoseconds spent acquiring 1 JDBC connections;
    0 nanoseconds spent releasing 0 JDBC connections;
    12875 nanoseconds spent preparing 1 JDBC statements;
    1226792 nanoseconds spent executing 1 JDBC statements;
    0 nanoseconds spent executing 0 JDBC batches;
    0 nanoseconds spent performing 0 L2C puts;
    0 nanoseconds spent performing 0 L2C hits;
    0 nanoseconds spent performing 0 L2C misses;
    0 nanoseconds spent executing 0 flushes (flushing a total of 0 entities and 0 collections);
    0 nanoseconds spent executing 0 partial-flushes (flushing a total of 0 entities and 0 collections)
}
&amp#27;[2m2025-05-11T11:17:47.515-03:00&amp#27;[0;39m &amp#27;[32mDEBUG&amp#27;[0;39m &amp#27;[35m16907&amp#27;[0;39m &amp#27;[2m---&amp#27;[0;39m &amp#27;[2m[           main]&amp#27;[0;39m &amp#27;[2m&amp#27;[0;39m&amp#27;[36morg.hibernate.SQL                       &amp#27;[0;39m &amp#27;[2m:&amp#27;[0;39m 
    select
        seq_delito.nextval 
    from
        dual
Hibernate: 
    select
        seq_delito.nextval 
    from
        dual
&amp#27;[2m2025-05-11T11:17:47.515-03:00&amp#27;[0;39m &amp#27;[32mDEBUG&amp#27;[0;39m &amp#27;[35m16907&amp#27;[0;39m &amp#27;[2m---&amp#27;[0;39m &amp#27;[2m[           main]&amp#27;[0;39m &amp#27;[2m&amp#27;[0;39m&amp#27;[36morg.hibernate.SQL                       &amp#27;[0;39m &amp#27;[2m:&amp#27;[0;39m 
    /* insert for
        com.cufre.expedientes.model.Delito */insert 
    into
        delito (actualizado_en, codigo_penal, creado_en, descripcion, nombre, pena_maxima, pena_minima, tipo_pena, valoracion, id) 
    values
        (?, ?, ?, ?, ?, ?, ?, ?, ?, ?)
Hibernate: 
    /* insert for
        com.cufre.expedientes.model.Delito */insert 
    into
        delito (actualizado_en, codigo_penal, creado_en, descripcion, nombre, pena_maxima, pena_minima, tipo_pena, valoracion, id) 
    values
        (?, ?, ?, ?, ?, ?, ?, ?, ?, ?)
&amp#27;[2m2025-05-11T11:17:47.516-03:00&amp#27;[0;39m &amp#27;[32m INFO&amp#27;[0;39m &amp#27;[35m16907&amp#27;[0;39m &amp#27;[2m---&amp#27;[0;39m &amp#27;[2m[           main]&amp#27;[0;39m &amp#27;[2m&amp#27;[0;39m&amp#27;[36mi.StatisticalLoggingSessionEventListener&amp#27;[0;39m &amp#27;[2m:&amp#27;[0;39m Session Metrics {
    1625 nanoseconds spent acquiring 1 JDBC connections;
    0 nanoseconds spent releasing 0 JDBC connections;
    8208 nanoseconds spent preparing 2 JDBC statements;
    247125 nanoseconds spent executing 1 JDBC statements;
    349709 nanoseconds spent executing 1 JDBC batches;
    0 nanoseconds spent performing 0 L2C puts;
    0 nanoseconds spent performing 0 L2C hits;
    0 nanoseconds spent performing 0 L2C misses;
    631125 nanoseconds spent executing 1 flushes (flushing a total of 1 entities and 1 collections);
    0 nanoseconds spent executing 0 partial-flushes (flushing a total of 0 entities and 0 collections)
}
&amp#27;[2m2025-05-11T11:17:47.517-03:00&amp#27;[0;39m &amp#27;[32mDEBUG&amp#27;[0;39m &amp#27;[35m16907&amp#27;[0;39m &amp#27;[2m---&amp#27;[0;39m &amp#27;[2m[           main]&amp#27;[0;39m &amp#27;[2m&amp#27;[0;39m&amp#27;[36morg.hibernate.SQL                       &amp#27;[0;39m &amp#27;[2m:&amp#27;[0;39m 
    /* <criteria> */ select
        d1_0.id,
        d1_0.actualizado_en,
        d1_0.codigo_penal,
        d1_0.creado_en,
        d1_0.descripcion,
        d1_0.nombre,
        d1_0.pena_maxima,
        d1_0.pena_minima,
        d1_0.tipo_pena,
        d1_0.valoracion 
    from
        delito d1_0 
    where
        upper(d1_0.nombre) like upper(?) escape '\'
Hibernate: 
    /* <criteria> */ select
        d1_0.id,
        d1_0.actualizado_en,
        d1_0.codigo_penal,
        d1_0.creado_en,
        d1_0.descripcion,
        d1_0.nombre,
        d1_0.pena_maxima,
        d1_0.pena_minima,
        d1_0.tipo_pena,
        d1_0.valoracion 
    from
        delito d1_0 
    where
        upper(d1_0.nombre) like upper(?) escape '\'
&amp#27;[2m2025-05-11T11:17:47.518-03:00&amp#27;[0;39m &amp#27;[32m INFO&amp#27;[0;39m &amp#27;[35m16907&amp#27;[0;39m &amp#27;[2m---&amp#27;[0;39m &amp#27;[2m[           main]&amp#27;[0;39m &amp#27;[2m&amp#27;[0;39m&amp#27;[36mi.StatisticalLoggingSessionEventListener&amp#27;[0;39m &amp#27;[2m:&amp#27;[0;39m Session Metrics {
    2875 nanoseconds spent acquiring 1 JDBC connections;
    0 nanoseconds spent releasing 0 JDBC connections;
    9792 nanoseconds spent preparing 1 JDBC statements;
    1005375 nanoseconds spent executing 1 JDBC statements;
    0 nanoseconds spent executing 0 JDBC batches;
    0 nanoseconds spent performing 0 L2C puts;
    0 nanoseconds spent performing 0 L2C hits;
    0 nanoseconds spent performing 0 L2C misses;
    0 nanoseconds spent executing 0 flushes (flushing a total of 0 entities and 0 collections);
    0 nanoseconds spent executing 0 partial-flushes (flushing a total of 0 entities and 0 collections)
}
&amp#27;[2m2025-05-11T11:17:47.518-03:00&amp#27;[0;39m &amp#27;[32mDEBUG&amp#27;[0;39m &amp#27;[35m16907&amp#27;[0;39m &amp#27;[2m---&amp#27;[0;39m &amp#27;[2m[           main]&amp#27;[0;39m &amp#27;[2m&amp#27;[0;39m&amp#27;[36morg.hibernate.SQL                       &amp#27;[0;39m &amp#27;[2m:&amp#27;[0;39m 
    select
        seq_delito.nextval 
    from
        dual
Hibernate: 
    select
        seq_delito.nextval 
    from
        dual
&amp#27;[2m2025-05-11T11:17:47.518-03:00&amp#27;[0;39m &amp#27;[32mDEBUG&amp#27;[0;39m &amp#27;[35m16907&amp#27;[0;39m &amp#27;[2m---&amp#27;[0;39m &amp#27;[2m[           main]&amp#27;[0;39m &amp#27;[2m&amp#27;[0;39m&amp#27;[36morg.hibernate.SQL                       &amp#27;[0;39m &amp#27;[2m:&amp#27;[0;39m 
    /* insert for
        com.cufre.expedientes.model.Delito */insert 
    into
        delito (actualizado_en, codigo_penal, creado_en, descripcion, nombre, pena_maxima, pena_minima, tipo_pena, valoracion, id) 
    values
        (?, ?, ?, ?, ?, ?, ?, ?, ?, ?)
Hibernate: 
    /* insert for
        com.cufre.expedientes.model.Delito */insert 
    into
        delito (actualizado_en, codigo_penal, creado_en, descripcion, nombre, pena_maxima, pena_minima, tipo_pena, valoracion, id) 
    values
        (?, ?, ?, ?, ?, ?, ?, ?, ?, ?)
&amp#27;[2m2025-05-11T11:17:47.519-03:00&amp#27;[0;39m &amp#27;[32m INFO&amp#27;[0;39m &amp#27;[35m16907&amp#27;[0;39m &amp#27;[2m---&amp#27;[0;39m &amp#27;[2m[           main]&amp#27;[0;39m &amp#27;[2m&amp#27;[0;39m&amp#27;[36mi.StatisticalLoggingSessionEventListener&amp#27;[0;39m &amp#27;[2m:&amp#27;[0;39m Session Metrics {
    1333 nanoseconds spent acquiring 1 JDBC connections;
    0 nanoseconds spent releasing 0 JDBC connections;
    7959 nanoseconds spent preparing 2 JDBC statements;
    230667 nanoseconds spent executing 1 JDBC statements;
    402959 nanoseconds spent executing 1 JDBC batches;
    0 nanoseconds spent performing 0 L2C puts;
    0 nanoseconds spent performing 0 L2C hits;
    0 nanoseconds spent performing 0 L2C misses;
    692500 nanoseconds spent executing 1 flushes (flushing a total of 1 entities and 1 collections);
    0 nanoseconds spent executing 0 partial-flushes (flushing a total of 0 entities and 0 collections)
}
&amp#27;[2m2025-05-11T11:17:47.520-03:00&amp#27;[0;39m &amp#27;[32mDEBUG&amp#27;[0;39m &amp#27;[35m16907&amp#27;[0;39m &amp#27;[2m---&amp#27;[0;39m &amp#27;[2m[           main]&amp#27;[0;39m &amp#27;[2m&amp#27;[0;39m&amp#27;[36morg.hibernate.SQL                       &amp#27;[0;39m &amp#27;[2m:&amp#27;[0;39m 
    /* <criteria> */ select
        d1_0.id,
        d1_0.actualizado_en,
        d1_0.codigo_penal,
        d1_0.creado_en,
        d1_0.descripcion,
        d1_0.nombre,
        d1_0.pena_maxima,
        d1_0.pena_minima,
        d1_0.tipo_pena,
        d1_0.valoracion 
    from
        delito d1_0 
    where
        upper(d1_0.nombre) like upper(?) escape '\'
Hibernate: 
    /* <criteria> */ select
        d1_0.id,
        d1_0.actualizado_en,
        d1_0.codigo_penal,
        d1_0.creado_en,
        d1_0.descripcion,
        d1_0.nombre,
        d1_0.pena_maxima,
        d1_0.pena_minima,
        d1_0.tipo_pena,
        d1_0.valoracion 
    from
        delito d1_0 
    where
        upper(d1_0.nombre) like upper(?) escape '\'
&amp#27;[2m2025-05-11T11:17:47.521-03:00&amp#27;[0;39m &amp#27;[32m INFO&amp#27;[0;39m &amp#27;[35m16907&amp#27;[0;39m &amp#27;[2m---&amp#27;[0;39m &amp#27;[2m[           main]&amp#27;[0;39m &amp#27;[2m&amp#27;[0;39m&amp#27;[36mi.StatisticalLoggingSessionEventListener&amp#27;[0;39m &amp#27;[2m:&amp#27;[0;39m Session Metrics {
    3375 nanoseconds spent acquiring 1 JDBC connections;
    0 nanoseconds spent releasing 0 JDBC connections;
    15750 nanoseconds spent preparing 1 JDBC statements;
    1077416 nanoseconds spent executing 1 JDBC statements;
    0 nanoseconds spent executing 0 JDBC batches;
    0 nanoseconds spent performing 0 L2C puts;
    0 nanoseconds spent performing 0 L2C hits;
    0 nanoseconds spent performing 0 L2C misses;
    0 nanoseconds spent executing 0 flushes (flushing a total of 0 entities and 0 collections);
    0 nanoseconds spent executing 0 partial-flushes (flushing a total of 0 entities and 0 collections)
}
&amp#27;[2m2025-05-11T11:17:47.521-03:00&amp#27;[0;39m &amp#27;[32mDEBUG&amp#27;[0;39m &amp#27;[35m16907&amp#27;[0;39m &amp#27;[2m---&amp#27;[0;39m &amp#27;[2m[           main]&amp#27;[0;39m &amp#27;[2m&amp#27;[0;39m&amp#27;[36morg.hibernate.SQL                       &amp#27;[0;39m &amp#27;[2m:&amp#27;[0;39m 
    select
        seq_delito.nextval 
    from
        dual
Hibernate: 
    select
        seq_delito.nextval 
    from
        dual
&amp#27;[2m2025-05-11T11:17:47.522-03:00&amp#27;[0;39m &amp#27;[32mDEBUG&amp#27;[0;39m &amp#27;[35m16907&amp#27;[0;39m &amp#27;[2m---&amp#27;[0;39m &amp#27;[2m[           main]&amp#27;[0;39m &amp#27;[2m&amp#27;[0;39m&amp#27;[36morg.hibernate.SQL                       &amp#27;[0;39m &amp#27;[2m:&amp#27;[0;39m 
    /* insert for
        com.cufre.expedientes.model.Delito */insert 
    into
        delito (actualizado_en, codigo_penal, creado_en, descripcion, nombre, pena_maxima, pena_minima, tipo_pena, valoracion, id) 
    values
        (?, ?, ?, ?, ?, ?, ?, ?, ?, ?)
Hibernate: 
    /* insert for
        com.cufre.expedientes.model.Delito */insert 
    into
        delito (actualizado_en, codigo_penal, creado_en, descripcion, nombre, pena_maxima, pena_minima, tipo_pena, valoracion, id) 
    values
        (?, ?, ?, ?, ?, ?, ?, ?, ?, ?)
&amp#27;[2m2025-05-11T11:17:47.523-03:00&amp#27;[0;39m &amp#27;[32m INFO&amp#27;[0;39m &amp#27;[35m16907&amp#27;[0;39m &amp#27;[2m---&amp#27;[0;39m &amp#27;[2m[           main]&amp#27;[0;39m &amp#27;[2m&amp#27;[0;39m&amp#27;[36mi.StatisticalLoggingSessionEventListener&amp#27;[0;39m &amp#27;[2m:&amp#27;[0;39m Session Metrics {
    1708 nanoseconds spent acquiring 1 JDBC connections;
    0 nanoseconds spent releasing 0 JDBC connections;
    7625 nanoseconds spent preparing 2 JDBC statements;
    256791 nanoseconds spent executing 1 JDBC statements;
    335750 nanoseconds spent executing 1 JDBC batches;
    0 nanoseconds spent performing 0 L2C puts;
    0 nanoseconds spent performing 0 L2C hits;
    0 nanoseconds spent performing 0 L2C misses;
    600209 nanoseconds spent executing 1 flushes (flushing a total of 1 entities and 1 collections);
    0 nanoseconds spent executing 0 partial-flushes (flushing a total of 0 entities and 0 collections)
}
&amp#27;[2m2025-05-11T11:17:47.523-03:00&amp#27;[0;39m &amp#27;[32mDEBUG&amp#27;[0;39m &amp#27;[35m16907&amp#27;[0;39m &amp#27;[2m---&amp#27;[0;39m &amp#27;[2m[           main]&amp#27;[0;39m &amp#27;[2m&amp#27;[0;39m&amp#27;[36morg.hibernate.SQL                       &amp#27;[0;39m &amp#27;[2m:&amp#27;[0;39m 
    /* <criteria> */ select
        d1_0.id,
        d1_0.actualizado_en,
        d1_0.codigo_penal,
        d1_0.creado_en,
        d1_0.descripcion,
        d1_0.nombre,
        d1_0.pena_maxima,
        d1_0.pena_minima,
        d1_0.tipo_pena,
        d1_0.valoracion 
    from
        delito d1_0 
    where
        upper(d1_0.nombre) like upper(?) escape '\'
Hibernate: 
    /* <criteria> */ select
        d1_0.id,
        d1_0.actualizado_en,
        d1_0.codigo_penal,
        d1_0.creado_en,
        d1_0.descripcion,
        d1_0.nombre,
        d1_0.pena_maxima,
        d1_0.pena_minima,
        d1_0.tipo_pena,
        d1_0.valoracion 
    from
        delito d1_0 
    where
        upper(d1_0.nombre) like upper(?) escape '\'
&amp#27;[2m2025-05-11T11:17:47.525-03:00&amp#27;[0;39m &amp#27;[32m INFO&amp#27;[0;39m &amp#27;[35m16907&amp#27;[0;39m &amp#27;[2m---&amp#27;[0;39m &amp#27;[2m[           main]&amp#27;[0;39m &amp#27;[2m&amp#27;[0;39m&amp#27;[36mi.StatisticalLoggingSessionEventListener&amp#27;[0;39m &amp#27;[2m:&amp#27;[0;39m Session Metrics {
    2834 nanoseconds spent acquiring 1 JDBC connections;
    0 nanoseconds spent releasing 0 JDBC connections;
    10375 nanoseconds spent preparing 1 JDBC statements;
    1135625 nanoseconds spent executing 1 JDBC statements;
    0 nanoseconds spent executing 0 JDBC batches;
    0 nanoseconds spent performing 0 L2C puts;
    0 nanoseconds spent performing 0 L2C hits;
    0 nanoseconds spent performing 0 L2C misses;
    0 nanoseconds spent executing 0 flushes (flushing a total of 0 entities and 0 collections);
    0 nanoseconds spent executing 0 partial-flushes (flushing a total of 0 entities and 0 collections)
}
&amp#27;[2m2025-05-11T11:17:47.525-03:00&amp#27;[0;39m &amp#27;[32mDEBUG&amp#27;[0;39m &amp#27;[35m16907&amp#27;[0;39m &amp#27;[2m---&amp#27;[0;39m &amp#27;[2m[           main]&amp#27;[0;39m &amp#27;[2m&amp#27;[0;39m&amp#27;[36morg.hibernate.SQL                       &amp#27;[0;39m &amp#27;[2m:&amp#27;[0;39m 
    select
        seq_delito.nextval 
    from
        dual
Hibernate: 
    select
        seq_delito.nextval 
    from
        dual
&amp#27;[2m2025-05-11T11:17:47.525-03:00&amp#27;[0;39m &amp#27;[32mDEBUG&amp#27;[0;39m &amp#27;[35m16907&amp#27;[0;39m &amp#27;[2m---&amp#27;[0;39m &amp#27;[2m[           main]&amp#27;[0;39m &amp#27;[2m&amp#27;[0;39m&amp#27;[36morg.hibernate.SQL                       &amp#27;[0;39m &amp#27;[2m:&amp#27;[0;39m 
    /* insert for
        com.cufre.expedientes.model.Delito */insert 
    into
        delito (actualizado_en, codigo_penal, creado_en, descripcion, nombre, pena_maxima, pena_minima, tipo_pena, valoracion, id) 
    values
        (?, ?, ?, ?, ?, ?, ?, ?, ?, ?)
Hibernate: 
    /* insert for
        com.cufre.expedientes.model.Delito */insert 
    into
        delito (actualizado_en, codigo_penal, creado_en, descripcion, nombre, pena_maxima, pena_minima, tipo_pena, valoracion, id) 
    values
        (?, ?, ?, ?, ?, ?, ?, ?, ?, ?)
&amp#27;[2m2025-05-11T11:17:47.527-03:00&amp#27;[0;39m &amp#27;[32m INFO&amp#27;[0;39m &amp#27;[35m16907&amp#27;[0;39m &amp#27;[2m---&amp#27;[0;39m &amp#27;[2m[           main]&amp#27;[0;39m &amp#27;[2m&amp#27;[0;39m&amp#27;[36mi.StatisticalLoggingSessionEventListener&amp#27;[0;39m &amp#27;[2m:&amp#27;[0;39m Session Metrics {
    1792 nanoseconds spent acquiring 1 JDBC connections;
    0 nanoseconds spent releasing 0 JDBC connections;
    8792 nanoseconds spent preparing 2 JDBC statements;
    277125 nanoseconds spent executing 1 JDBC statements;
    472042 nanoseconds spent executing 1 JDBC batches;
    0 nanoseconds spent performing 0 L2C puts;
    0 nanoseconds spent performing 0 L2C hits;
    0 nanoseconds spent performing 0 L2C misses;
    782291 nanoseconds spent executing 1 flushes (flushing a total of 1 entities and 1 collections);
    0 nanoseconds spent executing 0 partial-flushes (flushing a total of 0 entities and 0 collections)
}
&amp#27;[2m2025-05-11T11:17:47.527-03:00&amp#27;[0;39m &amp#27;[32mDEBUG&amp#27;[0;39m &amp#27;[35m16907&amp#27;[0;39m &amp#27;[2m---&amp#27;[0;39m &amp#27;[2m[           main]&amp#27;[0;39m &amp#27;[2m&amp#27;[0;39m&amp#27;[36morg.hibernate.SQL                       &amp#27;[0;39m &amp#27;[2m:&amp#27;[0;39m 
    /* <criteria> */ select
        d1_0.id,
        d1_0.actualizado_en,
        d1_0.codigo_penal,
        d1_0.creado_en,
        d1_0.descripcion,
        d1_0.nombre,
        d1_0.pena_maxima,
        d1_0.pena_minima,
        d1_0.tipo_pena,
        d1_0.valoracion 
    from
        delito d1_0 
    where
        upper(d1_0.nombre) like upper(?) escape '\'
Hibernate: 
    /* <criteria> */ select
        d1_0.id,
        d1_0.actualizado_en,
        d1_0.codigo_penal,
        d1_0.creado_en,
        d1_0.descripcion,
        d1_0.nombre,
        d1_0.pena_maxima,
        d1_0.pena_minima,
        d1_0.tipo_pena,
        d1_0.valoracion 
    from
        delito d1_0 
    where
        upper(d1_0.nombre) like upper(?) escape '\'
&amp#27;[2m2025-05-11T11:17:47.528-03:00&amp#27;[0;39m &amp#27;[32m INFO&amp#27;[0;39m &amp#27;[35m16907&amp#27;[0;39m &amp#27;[2m---&amp#27;[0;39m &amp#27;[2m[           main]&amp#27;[0;39m &amp#27;[2m&amp#27;[0;39m&amp#27;[36mi.StatisticalLoggingSessionEventListener&amp#27;[0;39m &amp#27;[2m:&amp#27;[0;39m Session Metrics {
    2959 nanoseconds spent acquiring 1 JDBC connections;
    0 nanoseconds spent releasing 0 JDBC connections;
    11209 nanoseconds spent preparing 1 JDBC statements;
    1281292 nanoseconds spent executing 1 JDBC statements;
    0 nanoseconds spent executing 0 JDBC batches;
    0 nanoseconds spent performing 0 L2C puts;
    0 nanoseconds spent performing 0 L2C hits;
    0 nanoseconds spent performing 0 L2C misses;
    0 nanoseconds spent executing 0 flushes (flushing a total of 0 entities and 0 collections);
    0 nanoseconds spent executing 0 partial-flushes (flushing a total of 0 entities and 0 collections)
}
&amp#27;[2m2025-05-11T11:17:47.529-03:00&amp#27;[0;39m &amp#27;[32mDEBUG&amp#27;[0;39m &amp#27;[35m16907&amp#27;[0;39m &amp#27;[2m---&amp#27;[0;39m &amp#27;[2m[           main]&amp#27;[0;39m &amp#27;[2m&amp#27;[0;39m&amp#27;[36morg.hibernate.SQL                       &amp#27;[0;39m &amp#27;[2m:&amp#27;[0;39m 
    select
        seq_delito.nextval 
    from
        dual
Hibernate: 
    select
        seq_delito.nextval 
    from
        dual
&amp#27;[2m2025-05-11T11:17:47.529-03:00&amp#27;[0;39m &amp#27;[32mDEBUG&amp#27;[0;39m &amp#27;[35m16907&amp#27;[0;39m &amp#27;[2m---&amp#27;[0;39m &amp#27;[2m[           main]&amp#27;[0;39m &amp#27;[2m&amp#27;[0;39m&amp#27;[36morg.hibernate.SQL                       &amp#27;[0;39m &amp#27;[2m:&amp#27;[0;39m 
    /* insert for
        com.cufre.expedientes.model.Delito */insert 
    into
        delito (actualizado_en, codigo_penal, creado_en, descripcion, nombre, pena_maxima, pena_minima, tipo_pena, valoracion, id) 
    values
        (?, ?, ?, ?, ?, ?, ?, ?, ?, ?)
Hibernate: 
    /* insert for
        com.cufre.expedientes.model.Delito */insert 
    into
        delito (actualizado_en, codigo_penal, creado_en, descripcion, nombre, pena_maxima, pena_minima, tipo_pena, valoracion, id) 
    values
        (?, ?, ?, ?, ?, ?, ?, ?, ?, ?)
&amp#27;[2m2025-05-11T11:17:47.531-03:00&amp#27;[0;39m &amp#27;[32m INFO&amp#27;[0;39m &amp#27;[35m16907&amp#27;[0;39m &amp#27;[2m---&amp#27;[0;39m &amp#27;[2m[           main]&amp#27;[0;39m &amp#27;[2m&amp#27;[0;39m&amp#27;[36mi.StatisticalLoggingSessionEventListener&amp#27;[0;39m &amp#27;[2m:&amp#27;[0;39m Session Metrics {
    2291 nanoseconds spent acquiring 1 JDBC connections;
    0 nanoseconds spent releasing 0 JDBC connections;
    9792 nanoseconds spent preparing 2 JDBC statements;
    307458 nanoseconds spent executing 1 JDBC statements;
    482958 nanoseconds spent executing 1 JDBC batches;
    0 nanoseconds spent performing 0 L2C puts;
    0 nanoseconds spent performing 0 L2C hits;
    0 nanoseconds spent performing 0 L2C misses;
    780917 nanoseconds spent executing 1 flushes (flushing a total of 1 entities and 1 collections);
    0 nanoseconds spent executing 0 partial-flushes (flushing a total of 0 entities and 0 collections)
}
&amp#27;[2m2025-05-11T11:17:47.531-03:00&amp#27;[0;39m &amp#27;[32mDEBUG&amp#27;[0;39m &amp#27;[35m16907&amp#27;[0;39m &amp#27;[2m---&amp#27;[0;39m &amp#27;[2m[           main]&amp#27;[0;39m &amp#27;[2m&amp#27;[0;39m&amp#27;[36morg.hibernate.SQL                       &amp#27;[0;39m &amp#27;[2m:&amp#27;[0;39m 
    /* <criteria> */ select
        d1_0.id,
        d1_0.actualizado_en,
        d1_0.codigo_penal,
        d1_0.creado_en,
        d1_0.descripcion,
        d1_0.nombre,
        d1_0.pena_maxima,
        d1_0.pena_minima,
        d1_0.tipo_pena,
        d1_0.valoracion 
    from
        delito d1_0 
    where
        upper(d1_0.nombre) like upper(?) escape '\'
Hibernate: 
    /* <criteria> */ select
        d1_0.id,
        d1_0.actualizado_en,
        d1_0.codigo_penal,
        d1_0.creado_en,
        d1_0.descripcion,
        d1_0.nombre,
        d1_0.pena_maxima,
        d1_0.pena_minima,
        d1_0.tipo_pena,
        d1_0.valoracion 
    from
        delito d1_0 
    where
        upper(d1_0.nombre) like upper(?) escape '\'
&amp#27;[2m2025-05-11T11:17:47.533-03:00&amp#27;[0;39m &amp#27;[32m INFO&amp#27;[0;39m &amp#27;[35m16907&amp#27;[0;39m &amp#27;[2m---&amp#27;[0;39m &amp#27;[2m[           main]&amp#27;[0;39m &amp#27;[2m&amp#27;[0;39m&amp#27;[36mi.StatisticalLoggingSessionEventListener&amp#27;[0;39m &amp#27;[2m:&amp#27;[0;39m Session Metrics {
    3625 nanoseconds spent acquiring 1 JDBC connections;
    0 nanoseconds spent releasing 0 JDBC connections;
    13833 nanoseconds spent preparing 1 JDBC statements;
    1338500 nanoseconds spent executing 1 JDBC statements;
    0 nanoseconds spent executing 0 JDBC batches;
    0 nanoseconds spent performing 0 L2C puts;
    0 nanoseconds spent performing 0 L2C hits;
    0 nanoseconds spent performing 0 L2C misses;
    0 nanoseconds spent executing 0 flushes (flushing a total of 0 entities and 0 collections);
    0 nanoseconds spent executing 0 partial-flushes (flushing a total of 0 entities and 0 collections)
}
&amp#27;[2m2025-05-11T11:17:47.533-03:00&amp#27;[0;39m &amp#27;[32mDEBUG&amp#27;[0;39m &amp#27;[35m16907&amp#27;[0;39m &amp#27;[2m---&amp#27;[0;39m &amp#27;[2m[           main]&amp#27;[0;39m &amp#27;[2m&amp#27;[0;39m&amp#27;[36morg.hibernate.SQL                       &amp#27;[0;39m &amp#27;[2m:&amp#27;[0;39m 
    select
        seq_delito.nextval 
    from
        dual
Hibernate: 
    select
        seq_delito.nextval 
    from
        dual
&amp#27;[2m2025-05-11T11:17:47.534-03:00&amp#27;[0;39m &amp#27;[32mDEBUG&amp#27;[0;39m &amp#27;[35m16907&amp#27;[0;39m &amp#27;[2m---&amp#27;[0;39m &amp#27;[2m[           main]&amp#27;[0;39m &amp#27;[2m&amp#27;[0;39m&amp#27;[36morg.hibernate.SQL                       &amp#27;[0;39m &amp#27;[2m:&amp#27;[0;39m 
    /* insert for
        com.cufre.expedientes.model.Delito */insert 
    into
        delito (actualizado_en, codigo_penal, creado_en, descripcion, nombre, pena_maxima, pena_minima, tipo_pena, valoracion, id) 
    values
        (?, ?, ?, ?, ?, ?, ?, ?, ?, ?)
Hibernate: 
    /* insert for
        com.cufre.expedientes.model.Delito */insert 
    into
        delito (actualizado_en, codigo_penal, creado_en, descripcion, nombre, pena_maxima, pena_minima, tipo_pena, valoracion, id) 
    values
        (?, ?, ?, ?, ?, ?, ?, ?, ?, ?)
&amp#27;[2m2025-05-11T11:17:47.535-03:00&amp#27;[0;39m &amp#27;[32m INFO&amp#27;[0;39m &amp#27;[35m16907&amp#27;[0;39m &amp#27;[2m---&amp#27;[0;39m &amp#27;[2m[           main]&amp#27;[0;39m &amp#27;[2m&amp#27;[0;39m&amp#27;[36mi.StatisticalLoggingSessionEventListener&amp#27;[0;39m &amp#27;[2m:&amp#27;[0;39m Session Metrics {
    3708 nanoseconds spent acquiring 1 JDBC connections;
    0 nanoseconds spent releasing 0 JDBC connections;
    13625 nanoseconds spent preparing 2 JDBC statements;
    362584 nanoseconds spent executing 1 JDBC statements;
    479208 nanoseconds spent executing 1 JDBC batches;
    0 nanoseconds spent performing 0 L2C puts;
    0 nanoseconds spent performing 0 L2C hits;
    0 nanoseconds spent performing 0 L2C misses;
    828416 nanoseconds spent executing 1 flushes (flushing a total of 1 entities and 1 collections);
    0 nanoseconds spent executing 0 partial-flushes (flushing a total of 0 entities and 0 collections)
}
&amp#27;[2m2025-05-11T11:17:47.535-03:00&amp#27;[0;39m &amp#27;[32mDEBUG&amp#27;[0;39m &amp#27;[35m16907&amp#27;[0;39m &amp#27;[2m---&amp#27;[0;39m &amp#27;[2m[           main]&amp#27;[0;39m &amp#27;[2m&amp#27;[0;39m&amp#27;[36morg.hibernate.SQL                       &amp#27;[0;39m &amp#27;[2m:&amp#27;[0;39m 
    /* <criteria> */ select
        d1_0.id,
        d1_0.actualizado_en,
        d1_0.codigo_penal,
        d1_0.creado_en,
        d1_0.descripcion,
        d1_0.nombre,
        d1_0.pena_maxima,
        d1_0.pena_minima,
        d1_0.tipo_pena,
        d1_0.valoracion 
    from
        delito d1_0 
    where
        upper(d1_0.nombre) like upper(?) escape '\'
Hibernate: 
    /* <criteria> */ select
        d1_0.id,
        d1_0.actualizado_en,
        d1_0.codigo_penal,
        d1_0.creado_en,
        d1_0.descripcion,
        d1_0.nombre,
        d1_0.pena_maxima,
        d1_0.pena_minima,
        d1_0.tipo_pena,
        d1_0.valoracion 
    from
        delito d1_0 
    where
        upper(d1_0.nombre) like upper(?) escape '\'
&amp#27;[2m2025-05-11T11:17:47.537-03:00&amp#27;[0;39m &amp#27;[32m INFO&amp#27;[0;39m &amp#27;[35m16907&amp#27;[0;39m &amp#27;[2m---&amp#27;[0;39m &amp#27;[2m[           main]&amp#27;[0;39m &amp#27;[2m&amp#27;[0;39m&amp#27;[36mi.StatisticalLoggingSessionEventListener&amp#27;[0;39m &amp#27;[2m:&amp#27;[0;39m Session Metrics {
    2125 nanoseconds spent acquiring 1 JDBC connections;
    0 nanoseconds spent releasing 0 JDBC connections;
    13667 nanoseconds spent preparing 1 JDBC statements;
    1188459 nanoseconds spent executing 1 JDBC statements;
    0 nanoseconds spent executing 0 JDBC batches;
    0 nanoseconds spent performing 0 L2C puts;
    0 nanoseconds spent performing 0 L2C hits;
    0 nanoseconds spent performing 0 L2C misses;
    0 nanoseconds spent executing 0 flushes (flushing a total of 0 entities and 0 collections);
    0 nanoseconds spent executing 0 partial-flushes (flushing a total of 0 entities and 0 collections)
}
&amp#27;[2m2025-05-11T11:17:47.537-03:00&amp#27;[0;39m &amp#27;[32mDEBUG&amp#27;[0;39m &amp#27;[35m16907&amp#27;[0;39m &amp#27;[2m---&amp#27;[0;39m &amp#27;[2m[           main]&amp#27;[0;39m &amp#27;[2m&amp#27;[0;39m&amp#27;[36morg.hibernate.SQL                       &amp#27;[0;39m &amp#27;[2m:&amp#27;[0;39m 
    select
        seq_delito.nextval 
    from
        dual
Hibernate: 
    select
        seq_delito.nextval 
    from
        dual
&amp#27;[2m2025-05-11T11:17:47.537-03:00&amp#27;[0;39m &amp#27;[32mDEBUG&amp#27;[0;39m &amp#27;[35m16907&amp#27;[0;39m &amp#27;[2m---&amp#27;[0;39m &amp#27;[2m[           main]&amp#27;[0;39m &amp#27;[2m&amp#27;[0;39m&amp#27;[36morg.hibernate.SQL                       &amp#27;[0;39m &amp#27;[2m:&amp#27;[0;39m 
    /* insert for
        com.cufre.expedientes.model.Delito */insert 
    into
        delito (actualizado_en, codigo_penal, creado_en, descripcion, nombre, pena_maxima, pena_minima, tipo_pena, valoracion, id) 
    values
        (?, ?, ?, ?, ?, ?, ?, ?, ?, ?)
Hibernate: 
    /* insert for
        com.cufre.expedientes.model.Delito */insert 
    into
        delito (actualizado_en, codigo_penal, creado_en, descripcion, nombre, pena_maxima, pena_minima, tipo_pena, valoracion, id) 
    values
        (?, ?, ?, ?, ?, ?, ?, ?, ?, ?)
&amp#27;[2m2025-05-11T11:17:47.539-03:00&amp#27;[0;39m &amp#27;[32m INFO&amp#27;[0;39m &amp#27;[35m16907&amp#27;[0;39m &amp#27;[2m---&amp#27;[0;39m &amp#27;[2m[           main]&amp#27;[0;39m &amp#27;[2m&amp#27;[0;39m&amp#27;[36mi.StatisticalLoggingSessionEventListener&amp#27;[0;39m &amp#27;[2m:&amp#27;[0;39m Session Metrics {
    1208 nanoseconds spent acquiring 1 JDBC connections;
    0 nanoseconds spent releasing 0 JDBC connections;
    13834 nanoseconds spent preparing 2 JDBC statements;
    297458 nanoseconds spent executing 1 JDBC statements;
    454458 nanoseconds spent executing 1 JDBC batches;
    0 nanoseconds spent performing 0 L2C puts;
    0 nanoseconds spent performing 0 L2C hits;
    0 nanoseconds spent performing 0 L2C misses;
    847584 nanoseconds spent executing 1 flushes (flushing a total of 1 entities and 1 collections);
    0 nanoseconds spent executing 0 partial-flushes (flushing a total of 0 entities and 0 collections)
}
&amp#27;[2m2025-05-11T11:17:47.539-03:00&amp#27;[0;39m &amp#27;[32mDEBUG&amp#27;[0;39m &amp#27;[35m16907&amp#27;[0;39m &amp#27;[2m---&amp#27;[0;39m &amp#27;[2m[           main]&amp#27;[0;39m &amp#27;[2m&amp#27;[0;39m&amp#27;[36morg.hibernate.SQL                       &amp#27;[0;39m &amp#27;[2m:&amp#27;[0;39m 
    /* <criteria> */ select
        d1_0.id,
        d1_0.actualizado_en,
        d1_0.codigo_penal,
        d1_0.creado_en,
        d1_0.descripcion,
        d1_0.nombre,
        d1_0.pena_maxima,
        d1_0.pena_minima,
        d1_0.tipo_pena,
        d1_0.valoracion 
    from
        delito d1_0 
    where
        upper(d1_0.nombre) like upper(?) escape '\'
Hibernate: 
    /* <criteria> */ select
        d1_0.id,
        d1_0.actualizado_en,
        d1_0.codigo_penal,
        d1_0.creado_en,
        d1_0.descripcion,
        d1_0.nombre,
        d1_0.pena_maxima,
        d1_0.pena_minima,
        d1_0.tipo_pena,
        d1_0.valoracion 
    from
        delito d1_0 
    where
        upper(d1_0.nombre) like upper(?) escape '\'
&amp#27;[2m2025-05-11T11:17:47.541-03:00&amp#27;[0;39m &amp#27;[32m INFO&amp#27;[0;39m &amp#27;[35m16907&amp#27;[0;39m &amp#27;[2m---&amp#27;[0;39m &amp#27;[2m[           main]&amp#27;[0;39m &amp#27;[2m&amp#27;[0;39m&amp#27;[36mi.StatisticalLoggingSessionEventListener&amp#27;[0;39m &amp#27;[2m:&amp#27;[0;39m Session Metrics {
    6125 nanoseconds spent acquiring 1 JDBC connections;
    0 nanoseconds spent releasing 0 JDBC connections;
    21750 nanoseconds spent preparing 1 JDBC statements;
    1309084 nanoseconds spent executing 1 JDBC statements;
    0 nanoseconds spent executing 0 JDBC batches;
    0 nanoseconds spent performing 0 L2C puts;
    0 nanoseconds spent performing 0 L2C hits;
    0 nanoseconds spent performing 0 L2C misses;
    0 nanoseconds spent executing 0 flushes (flushing a total of 0 entities and 0 collections);
    0 nanoseconds spent executing 0 partial-flushes (flushing a total of 0 entities and 0 collections)
}
&amp#27;[2m2025-05-11T11:17:47.541-03:00&amp#27;[0;39m &amp#27;[32mDEBUG&amp#27;[0;39m &amp#27;[35m16907&amp#27;[0;39m &amp#27;[2m---&amp#27;[0;39m &amp#27;[2m[           main]&amp#27;[0;39m &amp#27;[2m&amp#27;[0;39m&amp#27;[36morg.hibernate.SQL                       &amp#27;[0;39m &amp#27;[2m:&amp#27;[0;39m 
    select
        seq_delito.nextval 
    from
        dual
Hibernate: 
    select
        seq_delito.nextval 
    from
        dual
&amp#27;[2m2025-05-11T11:17:47.542-03:00&amp#27;[0;39m &amp#27;[32mDEBUG&amp#27;[0;39m &amp#27;[35m16907&amp#27;[0;39m &amp#27;[2m---&amp#27;[0;39m &amp#27;[2m[           main]&amp#27;[0;39m &amp#27;[2m&amp#27;[0;39m&amp#27;[36morg.hibernate.SQL                       &amp#27;[0;39m &amp#27;[2m:&amp#27;[0;39m 
    /* insert for
        com.cufre.expedientes.model.Delito */insert 
    into
        delito (actualizado_en, codigo_penal, creado_en, descripcion, nombre, pena_maxima, pena_minima, tipo_pena, valoracion, id) 
    values
        (?, ?, ?, ?, ?, ?, ?, ?, ?, ?)
Hibernate: 
    /* insert for
        com.cufre.expedientes.model.Delito */insert 
    into
        delito (actualizado_en, codigo_penal, creado_en, descripcion, nombre, pena_maxima, pena_minima, tipo_pena, valoracion, id) 
    values
        (?, ?, ?, ?, ?, ?, ?, ?, ?, ?)
&amp#27;[2m2025-05-11T11:17:47.543-03:00&amp#27;[0;39m &amp#27;[32m INFO&amp#27;[0;39m &amp#27;[35m16907&amp#27;[0;39m &amp#27;[2m---&amp#27;[0;39m &amp#27;[2m[           main]&amp#27;[0;39m &amp#27;[2m&amp#27;[0;39m&amp#27;[36mi.StatisticalLoggingSessionEventListener&amp#27;[0;39m &amp#27;[2m:&amp#27;[0;39m Session Metrics {
    2000 nanoseconds spent acquiring 1 JDBC connections;
    0 nanoseconds spent releasing 0 JDBC connections;
    9000 nanoseconds spent preparing 2 JDBC statements;
    274167 nanoseconds spent executing 1 JDBC statements;
    512875 nanoseconds spent executing 1 JDBC batches;
    0 nanoseconds spent performing 0 L2C puts;
    0 nanoseconds spent performing 0 L2C hits;
    0 nanoseconds spent performing 0 L2C misses;
    840792 nanoseconds spent executing 1 flushes (flushing a total of 1 entities and 1 collections);
    0 nanoseconds spent executing 0 partial-flushes (flushing a total of 0 entities and 0 collections)
}
&amp#27;[2m2025-05-11T11:17:47.544-03:00&amp#27;[0;39m &amp#27;[32mDEBUG&amp#27;[0;39m &amp#27;[35m16907&amp#27;[0;39m &amp#27;[2m---&amp#27;[0;39m &amp#27;[2m[           main]&amp#27;[0;39m &amp#27;[2m&amp#27;[0;39m&amp#27;[36morg.hibernate.SQL                       &amp#27;[0;39m &amp#27;[2m:&amp#27;[0;39m 
    /* <criteria> */ select
        d1_0.id,
        d1_0.actualizado_en,
        d1_0.codigo_penal,
        d1_0.creado_en,
        d1_0.descripcion,
        d1_0.nombre,
        d1_0.pena_maxima,
        d1_0.pena_minima,
        d1_0.tipo_pena,
        d1_0.valoracion 
    from
        delito d1_0 
    where
        upper(d1_0.nombre) like upper(?) escape '\'
Hibernate: 
    /* <criteria> */ select
        d1_0.id,
        d1_0.actualizado_en,
        d1_0.codigo_penal,
        d1_0.creado_en,
        d1_0.descripcion,
        d1_0.nombre,
        d1_0.pena_maxima,
        d1_0.pena_minima,
        d1_0.tipo_pena,
        d1_0.valoracion 
    from
        delito d1_0 
    where
        upper(d1_0.nombre) like upper(?) escape '\'
&amp#27;[2m2025-05-11T11:17:47.545-03:00&amp#27;[0;39m &amp#27;[32m INFO&amp#27;[0;39m &amp#27;[35m16907&amp#27;[0;39m &amp#27;[2m---&amp#27;[0;39m &amp#27;[2m[           main]&amp#27;[0;39m &amp#27;[2m&amp#27;[0;39m&amp#27;[36mi.StatisticalLoggingSessionEventListener&amp#27;[0;39m &amp#27;[2m:&amp#27;[0;39m Session Metrics {
    3750 nanoseconds spent acquiring 1 JDBC connections;
    0 nanoseconds spent releasing 0 JDBC connections;
    13334 nanoseconds spent preparing 1 JDBC statements;
    1131792 nanoseconds spent executing 1 JDBC statements;
    0 nanoseconds spent executing 0 JDBC batches;
    0 nanoseconds spent performing 0 L2C puts;
    0 nanoseconds spent performing 0 L2C hits;
    0 nanoseconds spent performing 0 L2C misses;
    0 nanoseconds spent executing 0 flushes (flushing a total of 0 entities and 0 collections);
    0 nanoseconds spent executing 0 partial-flushes (flushing a total of 0 entities and 0 collections)
}
&amp#27;[2m2025-05-11T11:17:47.545-03:00&amp#27;[0;39m &amp#27;[32mDEBUG&amp#27;[0;39m &amp#27;[35m16907&amp#27;[0;39m &amp#27;[2m---&amp#27;[0;39m &amp#27;[2m[           main]&amp#27;[0;39m &amp#27;[2m&amp#27;[0;39m&amp#27;[36morg.hibernate.SQL                       &amp#27;[0;39m &amp#27;[2m:&amp#27;[0;39m 
    select
        seq_delito.nextval 
    from
        dual
Hibernate: 
    select
        seq_delito.nextval 
    from
        dual
&amp#27;[2m2025-05-11T11:17:47.546-03:00&amp#27;[0;39m &amp#27;[32mDEBUG&amp#27;[0;39m &amp#27;[35m16907&amp#27;[0;39m &amp#27;[2m---&amp#27;[0;39m &amp#27;[2m[           main]&amp#27;[0;39m &amp#27;[2m&amp#27;[0;39m&amp#27;[36morg.hibernate.SQL                       &amp#27;[0;39m &amp#27;[2m:&amp#27;[0;39m 
    /* insert for
        com.cufre.expedientes.model.Delito */insert 
    into
        delito (actualizado_en, codigo_penal, creado_en, descripcion, nombre, pena_maxima, pena_minima, tipo_pena, valoracion, id) 
    values
        (?, ?, ?, ?, ?, ?, ?, ?, ?, ?)
Hibernate: 
    /* insert for
        com.cufre.expedientes.model.Delito */insert 
    into
        delito (actualizado_en, codigo_penal, creado_en, descripcion, nombre, pena_maxima, pena_minima, tipo_pena, valoracion, id) 
    values
        (?, ?, ?, ?, ?, ?, ?, ?, ?, ?)
&amp#27;[2m2025-05-11T11:17:47.547-03:00&amp#27;[0;39m &amp#27;[32m INFO&amp#27;[0;39m &amp#27;[35m16907&amp#27;[0;39m &amp#27;[2m---&amp#27;[0;39m &amp#27;[2m[           main]&amp#27;[0;39m &amp#27;[2m&amp#27;[0;39m&amp#27;[36mi.StatisticalLoggingSessionEventListener&amp#27;[0;39m &amp#27;[2m:&amp#27;[0;39m Session Metrics {
    2625 nanoseconds spent acquiring 1 JDBC connections;
    0 nanoseconds spent releasing 0 JDBC connections;
    11167 nanoseconds spent preparing 2 JDBC statements;
    272708 nanoseconds spent executing 1 JDBC statements;
    401875 nanoseconds spent executing 1 JDBC batches;
    0 nanoseconds spent performing 0 L2C puts;
    0 nanoseconds spent performing 0 L2C hits;
    0 nanoseconds spent performing 0 L2C misses;
    767708 nanoseconds spent executing 1 flushes (flushing a total of 1 entities and 1 collections);
    0 nanoseconds spent executing 0 partial-flushes (flushing a total of 0 entities and 0 collections)
}
&amp#27;[2m2025-05-11T11:17:47.548-03:00&amp#27;[0;39m &amp#27;[32mDEBUG&amp#27;[0;39m &amp#27;[35m16907&amp#27;[0;39m &amp#27;[2m---&amp#27;[0;39m &amp#27;[2m[           main]&amp#27;[0;39m &amp#27;[2m&amp#27;[0;39m&amp#27;[36morg.hibernate.SQL                       &amp#27;[0;39m &amp#27;[2m:&amp#27;[0;39m 
    /* <criteria> */ select
        d1_0.id,
        d1_0.actualizado_en,
        d1_0.codigo_penal,
        d1_0.creado_en,
        d1_0.descripcion,
        d1_0.nombre,
        d1_0.pena_maxima,
        d1_0.pena_minima,
        d1_0.tipo_pena,
        d1_0.valoracion 
    from
        delito d1_0 
    where
        upper(d1_0.nombre) like upper(?) escape '\'
Hibernate: 
    /* <criteria> */ select
        d1_0.id,
        d1_0.actualizado_en,
        d1_0.codigo_penal,
        d1_0.creado_en,
        d1_0.descripcion,
        d1_0.nombre,
        d1_0.pena_maxima,
        d1_0.pena_minima,
        d1_0.tipo_pena,
        d1_0.valoracion 
    from
        delito d1_0 
    where
        upper(d1_0.nombre) like upper(?) escape '\'
&amp#27;[2m2025-05-11T11:17:47.549-03:00&amp#27;[0;39m &amp#27;[32m INFO&amp#27;[0;39m &amp#27;[35m16907&amp#27;[0;39m &amp#27;[2m---&amp#27;[0;39m &amp#27;[2m[           main]&amp#27;[0;39m &amp#27;[2m&amp#27;[0;39m&amp#27;[36mi.StatisticalLoggingSessionEventListener&amp#27;[0;39m &amp#27;[2m:&amp#27;[0;39m Session Metrics {
    3625 nanoseconds spent acquiring 1 JDBC connections;
    0 nanoseconds spent releasing 0 JDBC connections;
    12292 nanoseconds spent preparing 1 JDBC statements;
    1075584 nanoseconds spent executing 1 JDBC statements;
    0 nanoseconds spent executing 0 JDBC batches;
    0 nanoseconds spent performing 0 L2C puts;
    0 nanoseconds spent performing 0 L2C hits;
    0 nanoseconds spent performing 0 L2C misses;
    0 nanoseconds spent executing 0 flushes (flushing a total of 0 entities and 0 collections);
    0 nanoseconds spent executing 0 partial-flushes (flushing a total of 0 entities and 0 collections)
}
&amp#27;[2m2025-05-11T11:17:47.549-03:00&amp#27;[0;39m &amp#27;[32mDEBUG&amp#27;[0;39m &amp#27;[35m16907&amp#27;[0;39m &amp#27;[2m---&amp#27;[0;39m &amp#27;[2m[           main]&amp#27;[0;39m &amp#27;[2m&amp#27;[0;39m&amp#27;[36morg.hibernate.SQL                       &amp#27;[0;39m &amp#27;[2m:&amp#27;[0;39m 
    select
        seq_delito.nextval 
    from
        dual
Hibernate: 
    select
        seq_delito.nextval 
    from
        dual
&amp#27;[2m2025-05-11T11:17:47.549-03:00&amp#27;[0;39m &amp#27;[32mDEBUG&amp#27;[0;39m &amp#27;[35m16907&amp#27;[0;39m &amp#27;[2m---&amp#27;[0;39m &amp#27;[2m[           main]&amp#27;[0;39m &amp#27;[2m&amp#27;[0;39m&amp#27;[36morg.hibernate.SQL                       &amp#27;[0;39m &amp#27;[2m:&amp#27;[0;39m 
    /* insert for
        com.cufre.expedientes.model.Delito */insert 
    into
        delito (actualizado_en, codigo_penal, creado_en, descripcion, nombre, pena_maxima, pena_minima, tipo_pena, valoracion, id) 
    values
        (?, ?, ?, ?, ?, ?, ?, ?, ?, ?)
Hibernate: 
    /* insert for
        com.cufre.expedientes.model.Delito */insert 
    into
        delito (actualizado_en, codigo_penal, creado_en, descripcion, nombre, pena_maxima, pena_minima, tipo_pena, valoracion, id) 
    values
        (?, ?, ?, ?, ?, ?, ?, ?, ?, ?)
&amp#27;[2m2025-05-11T11:17:47.551-03:00&amp#27;[0;39m &amp#27;[32m INFO&amp#27;[0;39m &amp#27;[35m16907&amp#27;[0;39m &amp#27;[2m---&amp#27;[0;39m &amp#27;[2m[           main]&amp#27;[0;39m &amp#27;[2m&amp#27;[0;39m&amp#27;[36mi.StatisticalLoggingSessionEventListener&amp#27;[0;39m &amp#27;[2m:&amp#27;[0;39m Session Metrics {
    2042 nanoseconds spent acquiring 1 JDBC connections;
    0 nanoseconds spent releasing 0 JDBC connections;
    8167 nanoseconds spent preparing 2 JDBC statements;
    260667 nanoseconds spent executing 1 JDBC statements;
    352667 nanoseconds spent executing 1 JDBC batches;
    0 nanoseconds spent performing 0 L2C puts;
    0 nanoseconds spent performing 0 L2C hits;
    0 nanoseconds spent performing 0 L2C misses;
    638917 nanoseconds spent executing 1 flushes (flushing a total of 1 entities and 1 collections);
    0 nanoseconds spent executing 0 partial-flushes (flushing a total of 0 entities and 0 collections)
}
&amp#27;[2m2025-05-11T11:17:47.551-03:00&amp#27;[0;39m &amp#27;[32mDEBUG&amp#27;[0;39m &amp#27;[35m16907&amp#27;[0;39m &amp#27;[2m---&amp#27;[0;39m &amp#27;[2m[           main]&amp#27;[0;39m &amp#27;[2m&amp#27;[0;39m&amp#27;[36morg.hibernate.SQL                       &amp#27;[0;39m &amp#27;[2m:&amp#27;[0;39m 
    /* <criteria> */ select
        d1_0.id,
        d1_0.actualizado_en,
        d1_0.codigo_penal,
        d1_0.creado_en,
        d1_0.descripcion,
        d1_0.nombre,
        d1_0.pena_maxima,
        d1_0.pena_minima,
        d1_0.tipo_pena,
        d1_0.valoracion 
    from
        delito d1_0 
    where
        upper(d1_0.nombre) like upper(?) escape '\'
Hibernate: 
    /* <criteria> */ select
        d1_0.id,
        d1_0.actualizado_en,
        d1_0.codigo_penal,
        d1_0.creado_en,
        d1_0.descripcion,
        d1_0.nombre,
        d1_0.pena_maxima,
        d1_0.pena_minima,
        d1_0.tipo_pena,
        d1_0.valoracion 
    from
        delito d1_0 
    where
        upper(d1_0.nombre) like upper(?) escape '\'
&amp#27;[2m2025-05-11T11:17:47.552-03:00&amp#27;[0;39m &amp#27;[32m INFO&amp#27;[0;39m &amp#27;[35m16907&amp#27;[0;39m &amp#27;[2m---&amp#27;[0;39m &amp#27;[2m[           main]&amp#27;[0;39m &amp#27;[2m&amp#27;[0;39m&amp#27;[36mi.StatisticalLoggingSessionEventListener&amp#27;[0;39m &amp#27;[2m:&amp#27;[0;39m Session Metrics {
    3000 nanoseconds spent acquiring 1 JDBC connections;
    0 nanoseconds spent releasing 0 JDBC connections;
    10292 nanoseconds spent preparing 1 JDBC statements;
    1012125 nanoseconds spent executing 1 JDBC statements;
    0 nanoseconds spent executing 0 JDBC batches;
    0 nanoseconds spent performing 0 L2C puts;
    0 nanoseconds spent performing 0 L2C hits;
    0 nanoseconds spent performing 0 L2C misses;
    0 nanoseconds spent executing 0 flushes (flushing a total of 0 entities and 0 collections);
    0 nanoseconds spent executing 0 partial-flushes (flushing a total of 0 entities and 0 collections)
}
&amp#27;[2m2025-05-11T11:17:47.552-03:00&amp#27;[0;39m &amp#27;[32mDEBUG&amp#27;[0;39m &amp#27;[35m16907&amp#27;[0;39m &amp#27;[2m---&amp#27;[0;39m &amp#27;[2m[           main]&amp#27;[0;39m &amp#27;[2m&amp#27;[0;39m&amp#27;[36morg.hibernate.SQL                       &amp#27;[0;39m &amp#27;[2m:&amp#27;[0;39m 
    select
        seq_delito.nextval 
    from
        dual
Hibernate: 
    select
        seq_delito.nextval 
    from
        dual
&amp#27;[2m2025-05-11T11:17:47.553-03:00&amp#27;[0;39m &amp#27;[32mDEBUG&amp#27;[0;39m &amp#27;[35m16907&amp#27;[0;39m &amp#27;[2m---&amp#27;[0;39m &amp#27;[2m[           main]&amp#27;[0;39m &amp#27;[2m&amp#27;[0;39m&amp#27;[36morg.hibernate.SQL                       &amp#27;[0;39m &amp#27;[2m:&amp#27;[0;39m 
    /* insert for
        com.cufre.expedientes.model.Delito */insert 
    into
        delito (actualizado_en, codigo_penal, creado_en, descripcion, nombre, pena_maxima, pena_minima, tipo_pena, valoracion, id) 
    values
        (?, ?, ?, ?, ?, ?, ?, ?, ?, ?)
Hibernate: 
    /* insert for
        com.cufre.expedientes.model.Delito */insert 
    into
        delito (actualizado_en, codigo_penal, creado_en, descripcion, nombre, pena_maxima, pena_minima, tipo_pena, valoracion, id) 
    values
        (?, ?, ?, ?, ?, ?, ?, ?, ?, ?)
&amp#27;[2m2025-05-11T11:17:47.554-03:00&amp#27;[0;39m &amp#27;[32m INFO&amp#27;[0;39m &amp#27;[35m16907&amp#27;[0;39m &amp#27;[2m---&amp#27;[0;39m &amp#27;[2m[           main]&amp#27;[0;39m &amp#27;[2m&amp#27;[0;39m&amp#27;[36mi.StatisticalLoggingSessionEventListener&amp#27;[0;39m &amp#27;[2m:&amp#27;[0;39m Session Metrics {
    1958 nanoseconds spent acquiring 1 JDBC connections;
    0 nanoseconds spent releasing 0 JDBC connections;
    9416 nanoseconds spent preparing 2 JDBC statements;
    276959 nanoseconds spent executing 1 JDBC statements;
    400375 nanoseconds spent executing 1 JDBC batches;
    0 nanoseconds spent performing 0 L2C puts;
    0 nanoseconds spent performing 0 L2C hits;
    0 nanoseconds spent performing 0 L2C misses;
    669083 nanoseconds spent executing 1 flushes (flushing a total of 1 entities and 1 collections);
    0 nanoseconds spent executing 0 partial-flushes (flushing a total of 0 entities and 0 collections)
}
&amp#27;[2m2025-05-11T11:17:47.554-03:00&amp#27;[0;39m &amp#27;[32mDEBUG&amp#27;[0;39m &amp#27;[35m16907&amp#27;[0;39m &amp#27;[2m---&amp#27;[0;39m &amp#27;[2m[           main]&amp#27;[0;39m &amp#27;[2m&amp#27;[0;39m&amp#27;[36morg.hibernate.SQL                       &amp#27;[0;39m &amp#27;[2m:&amp#27;[0;39m 
    /* <criteria> */ select
        d1_0.id,
        d1_0.actualizado_en,
        d1_0.codigo_penal,
        d1_0.creado_en,
        d1_0.descripcion,
        d1_0.nombre,
        d1_0.pena_maxima,
        d1_0.pena_minima,
        d1_0.tipo_pena,
        d1_0.valoracion 
    from
        delito d1_0 
    where
        upper(d1_0.nombre) like upper(?) escape '\'
Hibernate: 
    /* <criteria> */ select
        d1_0.id,
        d1_0.actualizado_en,
        d1_0.codigo_penal,
        d1_0.creado_en,
        d1_0.descripcion,
        d1_0.nombre,
        d1_0.pena_maxima,
        d1_0.pena_minima,
        d1_0.tipo_pena,
        d1_0.valoracion 
    from
        delito d1_0 
    where
        upper(d1_0.nombre) like upper(?) escape '\'
&amp#27;[2m2025-05-11T11:17:47.555-03:00&amp#27;[0;39m &amp#27;[32m INFO&amp#27;[0;39m &amp#27;[35m16907&amp#27;[0;39m &amp#27;[2m---&amp#27;[0;39m &amp#27;[2m[           main]&amp#27;[0;39m &amp#27;[2m&amp#27;[0;39m&amp#27;[36mi.StatisticalLoggingSessionEventListener&amp#27;[0;39m &amp#27;[2m:&amp#27;[0;39m Session Metrics {
    2833 nanoseconds spent acquiring 1 JDBC connections;
    0 nanoseconds spent releasing 0 JDBC connections;
    10500 nanoseconds spent preparing 1 JDBC statements;
    1053000 nanoseconds spent executing 1 JDBC statements;
    0 nanoseconds spent executing 0 JDBC batches;
    0 nanoseconds spent performing 0 L2C puts;
    0 nanoseconds spent performing 0 L2C hits;
    0 nanoseconds spent performing 0 L2C misses;
    0 nanoseconds spent executing 0 flushes (flushing a total of 0 entities and 0 collections);
    0 nanoseconds spent executing 0 partial-flushes (flushing a total of 0 entities and 0 collections)
}
&amp#27;[2m2025-05-11T11:17:47.556-03:00&amp#27;[0;39m &amp#27;[32mDEBUG&amp#27;[0;39m &amp#27;[35m16907&amp#27;[0;39m &amp#27;[2m---&amp#27;[0;39m &amp#27;[2m[           main]&amp#27;[0;39m &amp#27;[2m&amp#27;[0;39m&amp#27;[36morg.hibernate.SQL                       &amp#27;[0;39m &amp#27;[2m:&amp#27;[0;39m 
    select
        seq_delito.nextval 
    from
        dual
Hibernate: 
    select
        seq_delito.nextval 
    from
        dual
&amp#27;[2m2025-05-11T11:17:47.556-03:00&amp#27;[0;39m &amp#27;[32mDEBUG&amp#27;[0;39m &amp#27;[35m16907&amp#27;[0;39m &amp#27;[2m---&amp#27;[0;39m &amp#27;[2m[           main]&amp#27;[0;39m &amp#27;[2m&amp#27;[0;39m&amp#27;[36morg.hibernate.SQL                       &amp#27;[0;39m &amp#27;[2m:&amp#27;[0;39m 
    /* insert for
        com.cufre.expedientes.model.Delito */insert 
    into
        delito (actualizado_en, codigo_penal, creado_en, descripcion, nombre, pena_maxima, pena_minima, tipo_pena, valoracion, id) 
    values
        (?, ?, ?, ?, ?, ?, ?, ?, ?, ?)
Hibernate: 
    /* insert for
        com.cufre.expedientes.model.Delito */insert 
    into
        delito (actualizado_en, codigo_penal, creado_en, descripcion, nombre, pena_maxima, pena_minima, tipo_pena, valoracion, id) 
    values
        (?, ?, ?, ?, ?, ?, ?, ?, ?, ?)
&amp#27;[2m2025-05-11T11:17:47.557-03:00&amp#27;[0;39m &amp#27;[32m INFO&amp#27;[0;39m &amp#27;[35m16907&amp#27;[0;39m &amp#27;[2m---&amp#27;[0;39m &amp#27;[2m[           main]&amp#27;[0;39m &amp#27;[2m&amp#27;[0;39m&amp#27;[36mi.StatisticalLoggingSessionEventListener&amp#27;[0;39m &amp#27;[2m:&amp#27;[0;39m Session Metrics {
    1292 nanoseconds spent acquiring 1 JDBC connections;
    0 nanoseconds spent releasing 0 JDBC connections;
    7167 nanoseconds spent preparing 2 JDBC statements;
    248334 nanoseconds spent executing 1 JDBC statements;
    379500 nanoseconds spent executing 1 JDBC batches;
    0 nanoseconds spent performing 0 L2C puts;
    0 nanoseconds spent performing 0 L2C hits;
    0 nanoseconds spent performing 0 L2C misses;
    652125 nanoseconds spent executing 1 flushes (flushing a total of 1 entities and 1 collections);
    0 nanoseconds spent executing 0 partial-flushes (flushing a total of 0 entities and 0 collections)
}
&amp#27;[2m2025-05-11T11:17:47.558-03:00&amp#27;[0;39m &amp#27;[32mDEBUG&amp#27;[0;39m &amp#27;[35m16907&amp#27;[0;39m &amp#27;[2m---&amp#27;[0;39m &amp#27;[2m[           main]&amp#27;[0;39m &amp#27;[2m&amp#27;[0;39m&amp#27;[36morg.hibernate.SQL                       &amp#27;[0;39m &amp#27;[2m:&amp#27;[0;39m 
    /* <criteria> */ select
        d1_0.id,
        d1_0.actualizado_en,
        d1_0.codigo_penal,
        d1_0.creado_en,
        d1_0.descripcion,
        d1_0.nombre,
        d1_0.pena_maxima,
        d1_0.pena_minima,
        d1_0.tipo_pena,
        d1_0.valoracion 
    from
        delito d1_0 
    where
        upper(d1_0.nombre) like upper(?) escape '\'
Hibernate: 
    /* <criteria> */ select
        d1_0.id,
        d1_0.actualizado_en,
        d1_0.codigo_penal,
        d1_0.creado_en,
        d1_0.descripcion,
        d1_0.nombre,
        d1_0.pena_maxima,
        d1_0.pena_minima,
        d1_0.tipo_pena,
        d1_0.valoracion 
    from
        delito d1_0 
    where
        upper(d1_0.nombre) like upper(?) escape '\'
&amp#27;[2m2025-05-11T11:17:47.559-03:00&amp#27;[0;39m &amp#27;[32m INFO&amp#27;[0;39m &amp#27;[35m16907&amp#27;[0;39m &amp#27;[2m---&amp#27;[0;39m &amp#27;[2m[           main]&amp#27;[0;39m &amp#27;[2m&amp#27;[0;39m&amp#27;[36mi.StatisticalLoggingSessionEventListener&amp#27;[0;39m &amp#27;[2m:&amp#27;[0;39m Session Metrics {
    3959 nanoseconds spent acquiring 1 JDBC connections;
    0 nanoseconds spent releasing 0 JDBC connections;
    14125 nanoseconds spent preparing 1 JDBC statements;
    1082292 nanoseconds spent executing 1 JDBC statements;
    0 nanoseconds spent executing 0 JDBC batches;
    0 nanoseconds spent performing 0 L2C puts;
    0 nanoseconds spent performing 0 L2C hits;
    0 nanoseconds spent performing 0 L2C misses;
    0 nanoseconds spent executing 0 flushes (flushing a total of 0 entities and 0 collections);
    0 nanoseconds spent executing 0 partial-flushes (flushing a total of 0 entities and 0 collections)
}
&amp#27;[2m2025-05-11T11:17:47.559-03:00&amp#27;[0;39m &amp#27;[32mDEBUG&amp#27;[0;39m &amp#27;[35m16907&amp#27;[0;39m &amp#27;[2m---&amp#27;[0;39m &amp#27;[2m[           main]&amp#27;[0;39m &amp#27;[2m&amp#27;[0;39m&amp#27;[36morg.hibernate.SQL                       &amp#27;[0;39m &amp#27;[2m:&amp#27;[0;39m 
    select
        seq_delito.nextval 
    from
        dual
Hibernate: 
    select
        seq_delito.nextval 
    from
        dual
&amp#27;[2m2025-05-11T11:17:47.560-03:00&amp#27;[0;39m &amp#27;[32mDEBUG&amp#27;[0;39m &amp#27;[35m16907&amp#27;[0;39m &amp#27;[2m---&amp#27;[0;39m &amp#27;[2m[           main]&amp#27;[0;39m &amp#27;[2m&amp#27;[0;39m&amp#27;[36morg.hibernate.SQL                       &amp#27;[0;39m &amp#27;[2m:&amp#27;[0;39m 
    /* insert for
        com.cufre.expedientes.model.Delito */insert 
    into
        delito (actualizado_en, codigo_penal, creado_en, descripcion, nombre, pena_maxima, pena_minima, tipo_pena, valoracion, id) 
    values
        (?, ?, ?, ?, ?, ?, ?, ?, ?, ?)
Hibernate: 
    /* insert for
        com.cufre.expedientes.model.Delito */insert 
    into
        delito (actualizado_en, codigo_penal, creado_en, descripcion, nombre, pena_maxima, pena_minima, tipo_pena, valoracion, id) 
    values
        (?, ?, ?, ?, ?, ?, ?, ?, ?, ?)
&amp#27;[2m2025-05-11T11:17:47.561-03:00&amp#27;[0;39m &amp#27;[32m INFO&amp#27;[0;39m &amp#27;[35m16907&amp#27;[0;39m &amp#27;[2m---&amp#27;[0;39m &amp#27;[2m[           main]&amp#27;[0;39m &amp#27;[2m&amp#27;[0;39m&amp#27;[36mi.StatisticalLoggingSessionEventListener&amp#27;[0;39m &amp#27;[2m:&amp#27;[0;39m Session Metrics {
    2250 nanoseconds spent acquiring 1 JDBC connections;
    0 nanoseconds spent releasing 0 JDBC connections;
    8251 nanoseconds spent preparing 2 JDBC statements;
    285375 nanoseconds spent executing 1 JDBC statements;
    396208 nanoseconds spent executing 1 JDBC batches;
    0 nanoseconds spent performing 0 L2C puts;
    0 nanoseconds spent performing 0 L2C hits;
    0 nanoseconds spent performing 0 L2C misses;
    704333 nanoseconds spent executing 1 flushes (flushing a total of 1 entities and 1 collections);
    0 nanoseconds spent executing 0 partial-flushes (flushing a total of 0 entities and 0 collections)
}
&amp#27;[2m2025-05-11T11:17:47.561-03:00&amp#27;[0;39m &amp#27;[32mDEBUG&amp#27;[0;39m &amp#27;[35m16907&amp#27;[0;39m &amp#27;[2m---&amp#27;[0;39m &amp#27;[2m[           main]&amp#27;[0;39m &amp#27;[2m&amp#27;[0;39m&amp#27;[36morg.hibernate.SQL                       &amp#27;[0;39m &amp#27;[2m:&amp#27;[0;39m 
    /* <criteria> */ select
        d1_0.id,
        d1_0.actualizado_en,
        d1_0.codigo_penal,
        d1_0.creado_en,
        d1_0.descripcion,
        d1_0.nombre,
        d1_0.pena_maxima,
        d1_0.pena_minima,
        d1_0.tipo_pena,
        d1_0.valoracion 
    from
        delito d1_0 
    where
        upper(d1_0.nombre) like upper(?) escape '\'
Hibernate: 
    /* <criteria> */ select
        d1_0.id,
        d1_0.actualizado_en,
        d1_0.codigo_penal,
        d1_0.creado_en,
        d1_0.descripcion,
        d1_0.nombre,
        d1_0.pena_maxima,
        d1_0.pena_minima,
        d1_0.tipo_pena,
        d1_0.valoracion 
    from
        delito d1_0 
    where
        upper(d1_0.nombre) like upper(?) escape '\'
&amp#27;[2m2025-05-11T11:17:47.563-03:00&amp#27;[0;39m &amp#27;[32m INFO&amp#27;[0;39m &amp#27;[35m16907&amp#27;[0;39m &amp#27;[2m---&amp#27;[0;39m &amp#27;[2m[           main]&amp#27;[0;39m &amp#27;[2m&amp#27;[0;39m&amp#27;[36mi.StatisticalLoggingSessionEventListener&amp#27;[0;39m &amp#27;[2m:&amp#27;[0;39m Session Metrics {
    3042 nanoseconds spent acquiring 1 JDBC connections;
    0 nanoseconds spent releasing 0 JDBC connections;
    14042 nanoseconds spent preparing 1 JDBC statements;
    1175917 nanoseconds spent executing 1 JDBC statements;
    0 nanoseconds spent executing 0 JDBC batches;
    0 nanoseconds spent performing 0 L2C puts;
    0 nanoseconds spent performing 0 L2C hits;
    0 nanoseconds spent performing 0 L2C misses;
    0 nanoseconds spent executing 0 flushes (flushing a total of 0 entities and 0 collections);
    0 nanoseconds spent executing 0 partial-flushes (flushing a total of 0 entities and 0 collections)
}
&amp#27;[2m2025-05-11T11:17:47.563-03:00&amp#27;[0;39m &amp#27;[32mDEBUG&amp#27;[0;39m &amp#27;[35m16907&amp#27;[0;39m &amp#27;[2m---&amp#27;[0;39m &amp#27;[2m[           main]&amp#27;[0;39m &amp#27;[2m&amp#27;[0;39m&amp#27;[36morg.hibernate.SQL                       &amp#27;[0;39m &amp#27;[2m:&amp#27;[0;39m 
    select
        seq_delito.nextval 
    from
        dual
Hibernate: 
    select
        seq_delito.nextval 
    from
        dual
&amp#27;[2m2025-05-11T11:17:47.564-03:00&amp#27;[0;39m &amp#27;[32mDEBUG&amp#27;[0;39m &amp#27;[35m16907&amp#27;[0;39m &amp#27;[2m---&amp#27;[0;39m &amp#27;[2m[           main]&amp#27;[0;39m &amp#27;[2m&amp#27;[0;39m&amp#27;[36morg.hibernate.SQL                       &amp#27;[0;39m &amp#27;[2m:&amp#27;[0;39m 
    /* insert for
        com.cufre.expedientes.model.Delito */insert 
    into
        delito (actualizado_en, codigo_penal, creado_en, descripcion, nombre, pena_maxima, pena_minima, tipo_pena, valoracion, id) 
    values
        (?, ?, ?, ?, ?, ?, ?, ?, ?, ?)
Hibernate: 
    /* insert for
        com.cufre.expedientes.model.Delito */insert 
    into
        delito (actualizado_en, codigo_penal, creado_en, descripcion, nombre, pena_maxima, pena_minima, tipo_pena, valoracion, id) 
    values
        (?, ?, ?, ?, ?, ?, ?, ?, ?, ?)
&amp#27;[2m2025-05-11T11:17:47.565-03:00&amp#27;[0;39m &amp#27;[32m INFO&amp#27;[0;39m &amp#27;[35m16907&amp#27;[0;39m &amp#27;[2m---&amp#27;[0;39m &amp#27;[2m[           main]&amp#27;[0;39m &amp#27;[2m&amp#27;[0;39m&amp#27;[36mi.StatisticalLoggingSessionEventListener&amp#27;[0;39m &amp#27;[2m:&amp#27;[0;39m Session Metrics {
    2292 nanoseconds spent acquiring 1 JDBC connections;
    0 nanoseconds spent releasing 0 JDBC connections;
    10999 nanoseconds spent preparing 2 JDBC statements;
    295708 nanoseconds spent executing 1 JDBC statements;
    423792 nanoseconds spent executing 1 JDBC batches;
    0 nanoseconds spent performing 0 L2C puts;
    0 nanoseconds spent performing 0 L2C hits;
    0 nanoseconds spent performing 0 L2C misses;
    761917 nanoseconds spent executing 1 flushes (flushing a total of 1 entities and 1 collections);
    0 nanoseconds spent executing 0 partial-flushes (flushing a total of 0 entities and 0 collections)
}
&amp#27;[2m2025-05-11T11:17:47.565-03:00&amp#27;[0;39m &amp#27;[32mDEBUG&amp#27;[0;39m &amp#27;[35m16907&amp#27;[0;39m &amp#27;[2m---&amp#27;[0;39m &amp#27;[2m[           main]&amp#27;[0;39m &amp#27;[2m&amp#27;[0;39m&amp#27;[36morg.hibernate.SQL                       &amp#27;[0;39m &amp#27;[2m:&amp#27;[0;39m 
    /* <criteria> */ select
        d1_0.id,
        d1_0.actualizado_en,
        d1_0.codigo_penal,
        d1_0.creado_en,
        d1_0.descripcion,
        d1_0.nombre,
        d1_0.pena_maxima,
        d1_0.pena_minima,
        d1_0.tipo_pena,
        d1_0.valoracion 
    from
        delito d1_0 
    where
        upper(d1_0.nombre) like upper(?) escape '\'
Hibernate: 
    /* <criteria> */ select
        d1_0.id,
        d1_0.actualizado_en,
        d1_0.codigo_penal,
        d1_0.creado_en,
        d1_0.descripcion,
        d1_0.nombre,
        d1_0.pena_maxima,
        d1_0.pena_minima,
        d1_0.tipo_pena,
        d1_0.valoracion 
    from
        delito d1_0 
    where
        upper(d1_0.nombre) like upper(?) escape '\'
&amp#27;[2m2025-05-11T11:17:47.566-03:00&amp#27;[0;39m &amp#27;[32m INFO&amp#27;[0;39m &amp#27;[35m16907&amp#27;[0;39m &amp#27;[2m---&amp#27;[0;39m &amp#27;[2m[           main]&amp#27;[0;39m &amp#27;[2m&amp#27;[0;39m&amp#27;[36mi.StatisticalLoggingSessionEventListener&amp#27;[0;39m &amp#27;[2m:&amp#27;[0;39m Session Metrics {
    3417 nanoseconds spent acquiring 1 JDBC connections;
    0 nanoseconds spent releasing 0 JDBC connections;
    12417 nanoseconds spent preparing 1 JDBC statements;
    1095292 nanoseconds spent executing 1 JDBC statements;
    0 nanoseconds spent executing 0 JDBC batches;
    0 nanoseconds spent performing 0 L2C puts;
    0 nanoseconds spent performing 0 L2C hits;
    0 nanoseconds spent performing 0 L2C misses;
    0 nanoseconds spent executing 0 flushes (flushing a total of 0 entities and 0 collections);
    0 nanoseconds spent executing 0 partial-flushes (flushing a total of 0 entities and 0 collections)
}
&amp#27;[2m2025-05-11T11:17:47.567-03:00&amp#27;[0;39m &amp#27;[32mDEBUG&amp#27;[0;39m &amp#27;[35m16907&amp#27;[0;39m &amp#27;[2m---&amp#27;[0;39m &amp#27;[2m[           main]&amp#27;[0;39m &amp#27;[2m&amp#27;[0;39m&amp#27;[36morg.hibernate.SQL                       &amp#27;[0;39m &amp#27;[2m:&amp#27;[0;39m 
    select
        seq_delito.nextval 
    from
        dual
Hibernate: 
    select
        seq_delito.nextval 
    from
        dual
&amp#27;[2m2025-05-11T11:17:47.568-03:00&amp#27;[0;39m &amp#27;[32mDEBUG&amp#27;[0;39m &amp#27;[35m16907&amp#27;[0;39m &amp#27;[2m---&amp#27;[0;39m &amp#27;[2m[           main]&amp#27;[0;39m &amp#27;[2m&amp#27;[0;39m&amp#27;[36morg.hibernate.SQL                       &amp#27;[0;39m &amp#27;[2m:&amp#27;[0;39m 
    /* insert for
        com.cufre.expedientes.model.Delito */insert 
    into
        delito (actualizado_en, codigo_penal, creado_en, descripcion, nombre, pena_maxima, pena_minima, tipo_pena, valoracion, id) 
    values
        (?, ?, ?, ?, ?, ?, ?, ?, ?, ?)
Hibernate: 
    /* insert for
        com.cufre.expedientes.model.Delito */insert 
    into
        delito (actualizado_en, codigo_penal, creado_en, descripcion, nombre, pena_maxima, pena_minima, tipo_pena, valoracion, id) 
    values
        (?, ?, ?, ?, ?, ?, ?, ?, ?, ?)
&amp#27;[2m2025-05-11T11:17:47.569-03:00&amp#27;[0;39m &amp#27;[32m INFO&amp#27;[0;39m &amp#27;[35m16907&amp#27;[0;39m &amp#27;[2m---&amp#27;[0;39m &amp#27;[2m[           main]&amp#27;[0;39m &amp#27;[2m&amp#27;[0;39m&amp#27;[36mi.StatisticalLoggingSessionEventListener&amp#27;[0;39m &amp#27;[2m:&amp#27;[0;39m Session Metrics {
    1834 nanoseconds spent acquiring 1 JDBC connections;
    0 nanoseconds spent releasing 0 JDBC connections;
    9166 nanoseconds spent preparing 2 JDBC statements;
    774458 nanoseconds spent executing 1 JDBC statements;
    437209 nanoseconds spent executing 1 JDBC batches;
    0 nanoseconds spent performing 0 L2C puts;
    0 nanoseconds spent performing 0 L2C hits;
    0 nanoseconds spent performing 0 L2C misses;
    751500 nanoseconds spent executing 1 flushes (flushing a total of 1 entities and 1 collections);
    0 nanoseconds spent executing 0 partial-flushes (flushing a total of 0 entities and 0 collections)
}
&amp#27;[2m2025-05-11T11:17:47.569-03:00&amp#27;[0;39m &amp#27;[32mDEBUG&amp#27;[0;39m &amp#27;[35m16907&amp#27;[0;39m &amp#27;[2m---&amp#27;[0;39m &amp#27;[2m[           main]&amp#27;[0;39m &amp#27;[2m&amp#27;[0;39m&amp#27;[36morg.hibernate.SQL                       &amp#27;[0;39m &amp#27;[2m:&amp#27;[0;39m 
    /* <criteria> */ select
        d1_0.id,
        d1_0.actualizado_en,
        d1_0.codigo_penal,
        d1_0.creado_en,
        d1_0.descripcion,
        d1_0.nombre,
        d1_0.pena_maxima,
        d1_0.pena_minima,
        d1_0.tipo_pena,
        d1_0.valoracion 
    from
        delito d1_0 
    where
        upper(d1_0.nombre) like upper(?) escape '\'
Hibernate: 
    /* <criteria> */ select
        d1_0.id,
        d1_0.actualizado_en,
        d1_0.codigo_penal,
        d1_0.creado_en,
        d1_0.descripcion,
        d1_0.nombre,
        d1_0.pena_maxima,
        d1_0.pena_minima,
        d1_0.tipo_pena,
        d1_0.valoracion 
    from
        delito d1_0 
    where
        upper(d1_0.nombre) like upper(?) escape '\'
&amp#27;[2m2025-05-11T11:17:47.571-03:00&amp#27;[0;39m &amp#27;[32m INFO&amp#27;[0;39m &amp#27;[35m16907&amp#27;[0;39m &amp#27;[2m---&amp#27;[0;39m &amp#27;[2m[           main]&amp#27;[0;39m &amp#27;[2m&amp#27;[0;39m&amp#27;[36mi.StatisticalLoggingSessionEventListener&amp#27;[0;39m &amp#27;[2m:&amp#27;[0;39m Session Metrics {
    3291 nanoseconds spent acquiring 1 JDBC connections;
    0 nanoseconds spent releasing 0 JDBC connections;
    10583 nanoseconds spent preparing 1 JDBC statements;
    1041791 nanoseconds spent executing 1 JDBC statements;
    0 nanoseconds spent executing 0 JDBC batches;
    0 nanoseconds spent performing 0 L2C puts;
    0 nanoseconds spent performing 0 L2C hits;
    0 nanoseconds spent performing 0 L2C misses;
    0 nanoseconds spent executing 0 flushes (flushing a total of 0 entities and 0 collections);
    0 nanoseconds spent executing 0 partial-flushes (flushing a total of 0 entities and 0 collections)
}
&amp#27;[2m2025-05-11T11:17:47.571-03:00&amp#27;[0;39m &amp#27;[32mDEBUG&amp#27;[0;39m &amp#27;[35m16907&amp#27;[0;39m &amp#27;[2m---&amp#27;[0;39m &amp#27;[2m[           main]&amp#27;[0;39m &amp#27;[2m&amp#27;[0;39m&amp#27;[36morg.hibernate.SQL                       &amp#27;[0;39m &amp#27;[2m:&amp#27;[0;39m 
    select
        seq_delito.nextval 
    from
        dual
Hibernate: 
    select
        seq_delito.nextval 
    from
        dual
&amp#27;[2m2025-05-11T11:17:47.571-03:00&amp#27;[0;39m &amp#27;[32mDEBUG&amp#27;[0;39m &amp#27;[35m16907&amp#27;[0;39m &amp#27;[2m---&amp#27;[0;39m &amp#27;[2m[           main]&amp#27;[0;39m &amp#27;[2m&amp#27;[0;39m&amp#27;[36morg.hibernate.SQL                       &amp#27;[0;39m &amp#27;[2m:&amp#27;[0;39m 
    /* insert for
        com.cufre.expedientes.model.Delito */insert 
    into
        delito (actualizado_en, codigo_penal, creado_en, descripcion, nombre, pena_maxima, pena_minima, tipo_pena, valoracion, id) 
    values
        (?, ?, ?, ?, ?, ?, ?, ?, ?, ?)
Hibernate: 
    /* insert for
        com.cufre.expedientes.model.Delito */insert 
    into
        delito (actualizado_en, codigo_penal, creado_en, descripcion, nombre, pena_maxima, pena_minima, tipo_pena, valoracion, id) 
    values
        (?, ?, ?, ?, ?, ?, ?, ?, ?, ?)
&amp#27;[2m2025-05-11T11:17:47.572-03:00&amp#27;[0;39m &amp#27;[32m INFO&amp#27;[0;39m &amp#27;[35m16907&amp#27;[0;39m &amp#27;[2m---&amp#27;[0;39m &amp#27;[2m[           main]&amp#27;[0;39m &amp#27;[2m&amp#27;[0;39m&amp#27;[36mi.StatisticalLoggingSessionEventListener&amp#27;[0;39m &amp#27;[2m:&amp#27;[0;39m Session Metrics {
    1750 nanoseconds spent acquiring 1 JDBC connections;
    0 nanoseconds spent releasing 0 JDBC connections;
    9708 nanoseconds spent preparing 2 JDBC statements;
    270458 nanoseconds spent executing 1 JDBC statements;
    426250 nanoseconds spent executing 1 JDBC batches;
    0 nanoseconds spent performing 0 L2C puts;
    0 nanoseconds spent performing 0 L2C hits;
    0 nanoseconds spent performing 0 L2C misses;
    731958 nanoseconds spent executing 1 flushes (flushing a total of 1 entities and 1 collections);
    0 nanoseconds spent executing 0 partial-flushes (flushing a total of 0 entities and 0 collections)
}
&amp#27;[2m2025-05-11T11:17:47.573-03:00&amp#27;[0;39m &amp#27;[32mDEBUG&amp#27;[0;39m &amp#27;[35m16907&amp#27;[0;39m &amp#27;[2m---&amp#27;[0;39m &amp#27;[2m[           main]&amp#27;[0;39m &amp#27;[2m&amp#27;[0;39m&amp#27;[36morg.hibernate.SQL                       &amp#27;[0;39m &amp#27;[2m:&amp#27;[0;39m 
    /* <criteria> */ select
        d1_0.id,
        d1_0.actualizado_en,
        d1_0.codigo_penal,
        d1_0.creado_en,
        d1_0.descripcion,
        d1_0.nombre,
        d1_0.pena_maxima,
        d1_0.pena_minima,
        d1_0.tipo_pena,
        d1_0.valoracion 
    from
        delito d1_0 
    where
        upper(d1_0.nombre) like upper(?) escape '\'
Hibernate: 
    /* <criteria> */ select
        d1_0.id,
        d1_0.actualizado_en,
        d1_0.codigo_penal,
        d1_0.creado_en,
        d1_0.descripcion,
        d1_0.nombre,
        d1_0.pena_maxima,
        d1_0.pena_minima,
        d1_0.tipo_pena,
        d1_0.valoracion 
    from
        delito d1_0 
    where
        upper(d1_0.nombre) like upper(?) escape '\'
&amp#27;[2m2025-05-11T11:17:47.574-03:00&amp#27;[0;39m &amp#27;[32m INFO&amp#27;[0;39m &amp#27;[35m16907&amp#27;[0;39m &amp#27;[2m---&amp#27;[0;39m &amp#27;[2m[           main]&amp#27;[0;39m &amp#27;[2m&amp#27;[0;39m&amp#27;[36mi.StatisticalLoggingSessionEventListener&amp#27;[0;39m &amp#27;[2m:&amp#27;[0;39m Session Metrics {
    3500 nanoseconds spent acquiring 1 JDBC connections;
    0 nanoseconds spent releasing 0 JDBC connections;
    13208 nanoseconds spent preparing 1 JDBC statements;
    1093125 nanoseconds spent executing 1 JDBC statements;
    0 nanoseconds spent executing 0 JDBC batches;
    0 nanoseconds spent performing 0 L2C puts;
    0 nanoseconds spent performing 0 L2C hits;
    0 nanoseconds spent performing 0 L2C misses;
    0 nanoseconds spent executing 0 flushes (flushing a total of 0 entities and 0 collections);
    0 nanoseconds spent executing 0 partial-flushes (flushing a total of 0 entities and 0 collections)
}
&amp#27;[2m2025-05-11T11:17:47.574-03:00&amp#27;[0;39m &amp#27;[32mDEBUG&amp#27;[0;39m &amp#27;[35m16907&amp#27;[0;39m &amp#27;[2m---&amp#27;[0;39m &amp#27;[2m[           main]&amp#27;[0;39m &amp#27;[2m&amp#27;[0;39m&amp#27;[36morg.hibernate.SQL                       &amp#27;[0;39m &amp#27;[2m:&amp#27;[0;39m 
    select
        seq_delito.nextval 
    from
        dual
Hibernate: 
    select
        seq_delito.nextval 
    from
        dual
&amp#27;[2m2025-05-11T11:17:47.575-03:00&amp#27;[0;39m &amp#27;[32mDEBUG&amp#27;[0;39m &amp#27;[35m16907&amp#27;[0;39m &amp#27;[2m---&amp#27;[0;39m &amp#27;[2m[           main]&amp#27;[0;39m &amp#27;[2m&amp#27;[0;39m&amp#27;[36morg.hibernate.SQL                       &amp#27;[0;39m &amp#27;[2m:&amp#27;[0;39m 
    /* insert for
        com.cufre.expedientes.model.Delito */insert 
    into
        delito (actualizado_en, codigo_penal, creado_en, descripcion, nombre, pena_maxima, pena_minima, tipo_pena, valoracion, id) 
    values
        (?, ?, ?, ?, ?, ?, ?, ?, ?, ?)
Hibernate: 
    /* insert for
        com.cufre.expedientes.model.Delito */insert 
    into
        delito (actualizado_en, codigo_penal, creado_en, descripcion, nombre, pena_maxima, pena_minima, tipo_pena, valoracion, id) 
    values
        (?, ?, ?, ?, ?, ?, ?, ?, ?, ?)
&amp#27;[2m2025-05-11T11:17:47.576-03:00&amp#27;[0;39m &amp#27;[32m INFO&amp#27;[0;39m &amp#27;[35m16907&amp#27;[0;39m &amp#27;[2m---&amp#27;[0;39m &amp#27;[2m[           main]&amp#27;[0;39m &amp#27;[2m&amp#27;[0;39m&amp#27;[36mi.StatisticalLoggingSessionEventListener&amp#27;[0;39m &amp#27;[2m:&amp#27;[0;39m Session Metrics {
    2042 nanoseconds spent acquiring 1 JDBC connections;
    0 nanoseconds spent releasing 0 JDBC connections;
    10292 nanoseconds spent preparing 2 JDBC statements;
    294916 nanoseconds spent executing 1 JDBC statements;
    381708 nanoseconds spent executing 1 JDBC batches;
    0 nanoseconds spent performing 0 L2C puts;
    0 nanoseconds spent performing 0 L2C hits;
    0 nanoseconds spent performing 0 L2C misses;
    680500 nanoseconds spent executing 1 flushes (flushing a total of 1 entities and 1 collections);
    0 nanoseconds spent executing 0 partial-flushes (flushing a total of 0 entities and 0 collections)
}
&amp#27;[2m2025-05-11T11:17:47.577-03:00&amp#27;[0;39m &amp#27;[32mDEBUG&amp#27;[0;39m &amp#27;[35m16907&amp#27;[0;39m &amp#27;[2m---&amp#27;[0;39m &amp#27;[2m[           main]&amp#27;[0;39m &amp#27;[2m&amp#27;[0;39m&amp#27;[36morg.hibernate.SQL                       &amp#27;[0;39m &amp#27;[2m:&amp#27;[0;39m 
    /* <criteria> */ select
        d1_0.id,
        d1_0.actualizado_en,
        d1_0.codigo_penal,
        d1_0.creado_en,
        d1_0.descripcion,
        d1_0.nombre,
        d1_0.pena_maxima,
        d1_0.pena_minima,
        d1_0.tipo_pena,
        d1_0.valoracion 
    from
        delito d1_0 
    where
        upper(d1_0.nombre) like upper(?) escape '\'
Hibernate: 
    /* <criteria> */ select
        d1_0.id,
        d1_0.actualizado_en,
        d1_0.codigo_penal,
        d1_0.creado_en,
        d1_0.descripcion,
        d1_0.nombre,
        d1_0.pena_maxima,
        d1_0.pena_minima,
        d1_0.tipo_pena,
        d1_0.valoracion 
    from
        delito d1_0 
    where
        upper(d1_0.nombre) like upper(?) escape '\'
&amp#27;[2m2025-05-11T11:17:47.578-03:00&amp#27;[0;39m &amp#27;[32m INFO&amp#27;[0;39m &amp#27;[35m16907&amp#27;[0;39m &amp#27;[2m---&amp#27;[0;39m &amp#27;[2m[           main]&amp#27;[0;39m &amp#27;[2m&amp#27;[0;39m&amp#27;[36mi.StatisticalLoggingSessionEventListener&amp#27;[0;39m &amp#27;[2m:&amp#27;[0;39m Session Metrics {
    3625 nanoseconds spent acquiring 1 JDBC connections;
    0 nanoseconds spent releasing 0 JDBC connections;
    11791 nanoseconds spent preparing 1 JDBC statements;
    1062000 nanoseconds spent executing 1 JDBC statements;
    0 nanoseconds spent executing 0 JDBC batches;
    0 nanoseconds spent performing 0 L2C puts;
    0 nanoseconds spent performing 0 L2C hits;
    0 nanoseconds spent performing 0 L2C misses;
    0 nanoseconds spent executing 0 flushes (flushing a total of 0 entities and 0 collections);
    0 nanoseconds spent executing 0 partial-flushes (flushing a total of 0 entities and 0 collections)
}
&amp#27;[2m2025-05-11T11:17:47.578-03:00&amp#27;[0;39m &amp#27;[32mDEBUG&amp#27;[0;39m &amp#27;[35m16907&amp#27;[0;39m &amp#27;[2m---&amp#27;[0;39m &amp#27;[2m[           main]&amp#27;[0;39m &amp#27;[2m&amp#27;[0;39m&amp#27;[36morg.hibernate.SQL                       &amp#27;[0;39m &amp#27;[2m:&amp#27;[0;39m 
    /* <criteria> */ select
        d1_0.id,
        d1_0.actualizado_en,
        d1_0.codigo_penal,
        d1_0.creado_en,
        d1_0.descripcion,
        d1_0.nombre,
        d1_0.pena_maxima,
        d1_0.pena_minima,
        d1_0.tipo_pena,
        d1_0.valoracion 
    from
        delito d1_0 
    where
        upper(d1_0.nombre) like upper(?) escape '\'
Hibernate: 
    /* <criteria> */ select
        d1_0.id,
        d1_0.actualizado_en,
        d1_0.codigo_penal,
        d1_0.creado_en,
        d1_0.descripcion,
        d1_0.nombre,
        d1_0.pena_maxima,
        d1_0.pena_minima,
        d1_0.tipo_pena,
        d1_0.valoracion 
    from
        delito d1_0 
    where
        upper(d1_0.nombre) like upper(?) escape '\'
&amp#27;[2m2025-05-11T11:17:47.579-03:00&amp#27;[0;39m &amp#27;[32m INFO&amp#27;[0;39m &amp#27;[35m16907&amp#27;[0;39m &amp#27;[2m---&amp#27;[0;39m &amp#27;[2m[           main]&amp#27;[0;39m &amp#27;[2m&amp#27;[0;39m&amp#27;[36mi.StatisticalLoggingSessionEventListener&amp#27;[0;39m &amp#27;[2m:&amp#27;[0;39m Session Metrics {
    4333 nanoseconds spent acquiring 1 JDBC connections;
    0 nanoseconds spent releasing 0 JDBC connections;
    13042 nanoseconds spent preparing 1 JDBC statements;
    1025125 nanoseconds spent executing 1 JDBC statements;
    0 nanoseconds spent executing 0 JDBC batches;
    0 nanoseconds spent performing 0 L2C puts;
    0 nanoseconds spent performing 0 L2C hits;
    0 nanoseconds spent performing 0 L2C misses;
    0 nanoseconds spent executing 0 flushes (flushing a total of 0 entities and 0 collections);
    0 nanoseconds spent executing 0 partial-flushes (flushing a total of 0 entities and 0 collections)
}
&amp#27;[2m2025-05-11T11:17:47.580-03:00&amp#27;[0;39m &amp#27;[32mDEBUG&amp#27;[0;39m &amp#27;[35m16907&amp#27;[0;39m &amp#27;[2m---&amp#27;[0;39m &amp#27;[2m[           main]&amp#27;[0;39m &amp#27;[2m&amp#27;[0;39m&amp#27;[36morg.hibernate.SQL                       &amp#27;[0;39m &amp#27;[2m:&amp#27;[0;39m 
    select
        seq_delito.nextval 
    from
        dual
Hibernate: 
    select
        seq_delito.nextval 
    from
        dual
&amp#27;[2m2025-05-11T11:17:47.580-03:00&amp#27;[0;39m &amp#27;[32mDEBUG&amp#27;[0;39m &amp#27;[35m16907&amp#27;[0;39m &amp#27;[2m---&amp#27;[0;39m &amp#27;[2m[           main]&amp#27;[0;39m &amp#27;[2m&amp#27;[0;39m&amp#27;[36morg.hibernate.SQL                       &amp#27;[0;39m &amp#27;[2m:&amp#27;[0;39m 
    /* insert for
        com.cufre.expedientes.model.Delito */insert 
    into
        delito (actualizado_en, codigo_penal, creado_en, descripcion, nombre, pena_maxima, pena_minima, tipo_pena, valoracion, id) 
    values
        (?, ?, ?, ?, ?, ?, ?, ?, ?, ?)
Hibernate: 
    /* insert for
        com.cufre.expedientes.model.Delito */insert 
    into
        delito (actualizado_en, codigo_penal, creado_en, descripcion, nombre, pena_maxima, pena_minima, tipo_pena, valoracion, id) 
    values
        (?, ?, ?, ?, ?, ?, ?, ?, ?, ?)
&amp#27;[2m2025-05-11T11:17:47.581-03:00&amp#27;[0;39m &amp#27;[32m INFO&amp#27;[0;39m &amp#27;[35m16907&amp#27;[0;39m &amp#27;[2m---&amp#27;[0;39m &amp#27;[2m[           main]&amp#27;[0;39m &amp#27;[2m&amp#27;[0;39m&amp#27;[36mi.StatisticalLoggingSessionEventListener&amp#27;[0;39m &amp#27;[2m:&amp#27;[0;39m Session Metrics {
    1458 nanoseconds spent acquiring 1 JDBC connections;
    0 nanoseconds spent releasing 0 JDBC connections;
    6208 nanoseconds spent preparing 2 JDBC statements;
    265333 nanoseconds spent executing 1 JDBC statements;
    325333 nanoseconds spent executing 1 JDBC batches;
    0 nanoseconds spent performing 0 L2C puts;
    0 nanoseconds spent performing 0 L2C hits;
    0 nanoseconds spent performing 0 L2C misses;
    574666 nanoseconds spent executing 1 flushes (flushing a total of 1 entities and 1 collections);
    0 nanoseconds spent executing 0 partial-flushes (flushing a total of 0 entities and 0 collections)
}
&amp#27;[2m2025-05-11T11:17:47.582-03:00&amp#27;[0;39m &amp#27;[32mDEBUG&amp#27;[0;39m &amp#27;[35m16907&amp#27;[0;39m &amp#27;[2m---&amp#27;[0;39m &amp#27;[2m[           main]&amp#27;[0;39m &amp#27;[2m&amp#27;[0;39m&amp#27;[36morg.hibernate.SQL                       &amp#27;[0;39m &amp#27;[2m:&amp#27;[0;39m 
    /* <criteria> */ select
        d1_0.id,
        d1_0.actualizado_en,
        d1_0.codigo_penal,
        d1_0.creado_en,
        d1_0.descripcion,
        d1_0.nombre,
        d1_0.pena_maxima,
        d1_0.pena_minima,
        d1_0.tipo_pena,
        d1_0.valoracion 
    from
        delito d1_0 
    where
        upper(d1_0.nombre) like upper(?) escape '\'
Hibernate: 
    /* <criteria> */ select
        d1_0.id,
        d1_0.actualizado_en,
        d1_0.codigo_penal,
        d1_0.creado_en,
        d1_0.descripcion,
        d1_0.nombre,
        d1_0.pena_maxima,
        d1_0.pena_minima,
        d1_0.tipo_pena,
        d1_0.valoracion 
    from
        delito d1_0 
    where
        upper(d1_0.nombre) like upper(?) escape '\'
&amp#27;[2m2025-05-11T11:17:47.583-03:00&amp#27;[0;39m &amp#27;[32m INFO&amp#27;[0;39m &amp#27;[35m16907&amp#27;[0;39m &amp#27;[2m---&amp#27;[0;39m &amp#27;[2m[           main]&amp#27;[0;39m &amp#27;[2m&amp#27;[0;39m&amp#27;[36mi.StatisticalLoggingSessionEventListener&amp#27;[0;39m &amp#27;[2m:&amp#27;[0;39m Session Metrics {
    3459 nanoseconds spent acquiring 1 JDBC connections;
    0 nanoseconds spent releasing 0 JDBC connections;
    12583 nanoseconds spent preparing 1 JDBC statements;
    998208 nanoseconds spent executing 1 JDBC statements;
    0 nanoseconds spent executing 0 JDBC batches;
    0 nanoseconds spent performing 0 L2C puts;
    0 nanoseconds spent performing 0 L2C hits;
    0 nanoseconds spent performing 0 L2C misses;
    0 nanoseconds spent executing 0 flushes (flushing a total of 0 entities and 0 collections);
    0 nanoseconds spent executing 0 partial-flushes (flushing a total of 0 entities and 0 collections)
}
&amp#27;[2m2025-05-11T11:17:47.583-03:00&amp#27;[0;39m &amp#27;[32mDEBUG&amp#27;[0;39m &amp#27;[35m16907&amp#27;[0;39m &amp#27;[2m---&amp#27;[0;39m &amp#27;[2m[           main]&amp#27;[0;39m &amp#27;[2m&amp#27;[0;39m&amp#27;[36morg.hibernate.SQL                       &amp#27;[0;39m &amp#27;[2m:&amp#27;[0;39m 
    select
        seq_delito.nextval 
    from
        dual
Hibernate: 
    select
        seq_delito.nextval 
    from
        dual
&amp#27;[2m2025-05-11T11:17:47.584-03:00&amp#27;[0;39m &amp#27;[32mDEBUG&amp#27;[0;39m &amp#27;[35m16907&amp#27;[0;39m &amp#27;[2m---&amp#27;[0;39m &amp#27;[2m[           main]&amp#27;[0;39m &amp#27;[2m&amp#27;[0;39m&amp#27;[36morg.hibernate.SQL                       &amp#27;[0;39m &amp#27;[2m:&amp#27;[0;39m 
    /* insert for
        com.cufre.expedientes.model.Delito */insert 
    into
        delito (actualizado_en, codigo_penal, creado_en, descripcion, nombre, pena_maxima, pena_minima, tipo_pena, valoracion, id) 
    values
        (?, ?, ?, ?, ?, ?, ?, ?, ?, ?)
Hibernate: 
    /* insert for
        com.cufre.expedientes.model.Delito */insert 
    into
        delito (actualizado_en, codigo_penal, creado_en, descripcion, nombre, pena_maxima, pena_minima, tipo_pena, valoracion, id) 
    values
        (?, ?, ?, ?, ?, ?, ?, ?, ?, ?)
&amp#27;[2m2025-05-11T11:17:47.585-03:00&amp#27;[0;39m &amp#27;[32m INFO&amp#27;[0;39m &amp#27;[35m16907&amp#27;[0;39m &amp#27;[2m---&amp#27;[0;39m &amp#27;[2m[           main]&amp#27;[0;39m &amp#27;[2m&amp#27;[0;39m&amp#27;[36mi.StatisticalLoggingSessionEventListener&amp#27;[0;39m &amp#27;[2m:&amp#27;[0;39m Session Metrics {
    2084 nanoseconds spent acquiring 1 JDBC connections;
    0 nanoseconds spent releasing 0 JDBC connections;
    9417 nanoseconds spent preparing 2 JDBC statements;
    336542 nanoseconds spent executing 1 JDBC statements;
    356416 nanoseconds spent executing 1 JDBC batches;
    0 nanoseconds spent performing 0 L2C puts;
    0 nanoseconds spent performing 0 L2C hits;
    0 nanoseconds spent performing 0 L2C misses;
    616417 nanoseconds spent executing 1 flushes (flushing a total of 1 entities and 1 collections);
    0 nanoseconds spent executing 0 partial-flushes (flushing a total of 0 entities and 0 collections)
}
&amp#27;[2m2025-05-11T11:17:47.585-03:00&amp#27;[0;39m &amp#27;[32mDEBUG&amp#27;[0;39m &amp#27;[35m16907&amp#27;[0;39m &amp#27;[2m---&amp#27;[0;39m &amp#27;[2m[           main]&amp#27;[0;39m &amp#27;[2m&amp#27;[0;39m&amp#27;[36morg.hibernate.SQL                       &amp#27;[0;39m &amp#27;[2m:&amp#27;[0;39m 
    /* <criteria> */ select
        d1_0.id,
        d1_0.actualizado_en,
        d1_0.codigo_penal,
        d1_0.creado_en,
        d1_0.descripcion,
        d1_0.nombre,
        d1_0.pena_maxima,
        d1_0.pena_minima,
        d1_0.tipo_pena,
        d1_0.valoracion 
    from
        delito d1_0 
    where
        upper(d1_0.nombre) like upper(?) escape '\'
Hibernate: 
    /* <criteria> */ select
        d1_0.id,
        d1_0.actualizado_en,
        d1_0.codigo_penal,
        d1_0.creado_en,
        d1_0.descripcion,
        d1_0.nombre,
        d1_0.pena_maxima,
        d1_0.pena_minima,
        d1_0.tipo_pena,
        d1_0.valoracion 
    from
        delito d1_0 
    where
        upper(d1_0.nombre) like upper(?) escape '\'
&amp#27;[2m2025-05-11T11:17:47.587-03:00&amp#27;[0;39m &amp#27;[32m INFO&amp#27;[0;39m &amp#27;[35m16907&amp#27;[0;39m &amp#27;[2m---&amp#27;[0;39m &amp#27;[2m[           main]&amp#27;[0;39m &amp#27;[2m&amp#27;[0;39m&amp#27;[36mi.StatisticalLoggingSessionEventListener&amp#27;[0;39m &amp#27;[2m:&amp#27;[0;39m Session Metrics {
    4250 nanoseconds spent acquiring 1 JDBC connections;
    0 nanoseconds spent releasing 0 JDBC connections;
    15084 nanoseconds spent preparing 1 JDBC statements;
    1126125 nanoseconds spent executing 1 JDBC statements;
    0 nanoseconds spent executing 0 JDBC batches;
    0 nanoseconds spent performing 0 L2C puts;
    0 nanoseconds spent performing 0 L2C hits;
    0 nanoseconds spent performing 0 L2C misses;
    0 nanoseconds spent executing 0 flushes (flushing a total of 0 entities and 0 collections);
    0 nanoseconds spent executing 0 partial-flushes (flushing a total of 0 entities and 0 collections)
}
&amp#27;[2m2025-05-11T11:17:47.587-03:00&amp#27;[0;39m &amp#27;[32mDEBUG&amp#27;[0;39m &amp#27;[35m16907&amp#27;[0;39m &amp#27;[2m---&amp#27;[0;39m &amp#27;[2m[           main]&amp#27;[0;39m &amp#27;[2m&amp#27;[0;39m&amp#27;[36morg.hibernate.SQL                       &amp#27;[0;39m &amp#27;[2m:&amp#27;[0;39m 
    select
        seq_delito.nextval 
    from
        dual
Hibernate: 
    select
        seq_delito.nextval 
    from
        dual
&amp#27;[2m2025-05-11T11:17:47.588-03:00&amp#27;[0;39m &amp#27;[32mDEBUG&amp#27;[0;39m &amp#27;[35m16907&amp#27;[0;39m &amp#27;[2m---&amp#27;[0;39m &amp#27;[2m[           main]&amp#27;[0;39m &amp#27;[2m&amp#27;[0;39m&amp#27;[36morg.hibernate.SQL                       &amp#27;[0;39m &amp#27;[2m:&amp#27;[0;39m 
    /* insert for
        com.cufre.expedientes.model.Delito */insert 
    into
        delito (actualizado_en, codigo_penal, creado_en, descripcion, nombre, pena_maxima, pena_minima, tipo_pena, valoracion, id) 
    values
        (?, ?, ?, ?, ?, ?, ?, ?, ?, ?)
Hibernate: 
    /* insert for
        com.cufre.expedientes.model.Delito */insert 
    into
        delito (actualizado_en, codigo_penal, creado_en, descripcion, nombre, pena_maxima, pena_minima, tipo_pena, valoracion, id) 
    values
        (?, ?, ?, ?, ?, ?, ?, ?, ?, ?)
&amp#27;[2m2025-05-11T11:17:47.589-03:00&amp#27;[0;39m &amp#27;[32m INFO&amp#27;[0;39m &amp#27;[35m16907&amp#27;[0;39m &amp#27;[2m---&amp#27;[0;39m &amp#27;[2m[           main]&amp#27;[0;39m &amp#27;[2m&amp#27;[0;39m&amp#27;[36mi.StatisticalLoggingSessionEventListener&amp#27;[0;39m &amp#27;[2m:&amp#27;[0;39m Session Metrics {
    2833 nanoseconds spent acquiring 1 JDBC connections;
    0 nanoseconds spent releasing 0 JDBC connections;
    11584 nanoseconds spent preparing 2 JDBC statements;
    368000 nanoseconds spent executing 1 JDBC statements;
    384000 nanoseconds spent executing 1 JDBC batches;
    0 nanoseconds spent performing 0 L2C puts;
    0 nanoseconds spent performing 0 L2C hits;
    0 nanoseconds spent performing 0 L2C misses;
    716292 nanoseconds spent executing 1 flushes (flushing a total of 1 entities and 1 collections);
    0 nanoseconds spent executing 0 partial-flushes (flushing a total of 0 entities and 0 collections)
}
&amp#27;[2m2025-05-11T11:17:47.590-03:00&amp#27;[0;39m &amp#27;[32mDEBUG&amp#27;[0;39m &amp#27;[35m16907&amp#27;[0;39m &amp#27;[2m---&amp#27;[0;39m &amp#27;[2m[           main]&amp#27;[0;39m &amp#27;[2m&amp#27;[0;39m&amp#27;[36morg.hibernate.SQL                       &amp#27;[0;39m &amp#27;[2m:&amp#27;[0;39m 
    /* <criteria> */ select
        d1_0.id,
        d1_0.actualizado_en,
        d1_0.codigo_penal,
        d1_0.creado_en,
        d1_0.descripcion,
        d1_0.nombre,
        d1_0.pena_maxima,
        d1_0.pena_minima,
        d1_0.tipo_pena,
        d1_0.valoracion 
    from
        delito d1_0 
    where
        upper(d1_0.nombre) like upper(?) escape '\'
Hibernate: 
    /* <criteria> */ select
        d1_0.id,
        d1_0.actualizado_en,
        d1_0.codigo_penal,
        d1_0.creado_en,
        d1_0.descripcion,
        d1_0.nombre,
        d1_0.pena_maxima,
        d1_0.pena_minima,
        d1_0.tipo_pena,
        d1_0.valoracion 
    from
        delito d1_0 
    where
        upper(d1_0.nombre) like upper(?) escape '\'
&amp#27;[2m2025-05-11T11:17:47.591-03:00&amp#27;[0;39m &amp#27;[32m INFO&amp#27;[0;39m &amp#27;[35m16907&amp#27;[0;39m &amp#27;[2m---&amp#27;[0;39m &amp#27;[2m[           main]&amp#27;[0;39m &amp#27;[2m&amp#27;[0;39m&amp#27;[36mi.StatisticalLoggingSessionEventListener&amp#27;[0;39m &amp#27;[2m:&amp#27;[0;39m Session Metrics {
    4833 nanoseconds spent acquiring 1 JDBC connections;
    0 nanoseconds spent releasing 0 JDBC connections;
    16333 nanoseconds spent preparing 1 JDBC statements;
    1151500 nanoseconds spent executing 1 JDBC statements;
    0 nanoseconds spent executing 0 JDBC batches;
    0 nanoseconds spent performing 0 L2C puts;
    0 nanoseconds spent performing 0 L2C hits;
    0 nanoseconds spent performing 0 L2C misses;
    0 nanoseconds spent executing 0 flushes (flushing a total of 0 entities and 0 collections);
    0 nanoseconds spent executing 0 partial-flushes (flushing a total of 0 entities and 0 collections)
}
&amp#27;[2m2025-05-11T11:17:47.591-03:00&amp#27;[0;39m &amp#27;[32mDEBUG&amp#27;[0;39m &amp#27;[35m16907&amp#27;[0;39m &amp#27;[2m---&amp#27;[0;39m &amp#27;[2m[           main]&amp#27;[0;39m &amp#27;[2m&amp#27;[0;39m&amp#27;[36morg.hibernate.SQL                       &amp#27;[0;39m &amp#27;[2m:&amp#27;[0;39m 
    select
        seq_delito.nextval 
    from
        dual
Hibernate: 
    select
        seq_delito.nextval 
    from
        dual
&amp#27;[2m2025-05-11T11:17:47.592-03:00&amp#27;[0;39m &amp#27;[32mDEBUG&amp#27;[0;39m &amp#27;[35m16907&amp#27;[0;39m &amp#27;[2m---&amp#27;[0;39m &amp#27;[2m[           main]&amp#27;[0;39m &amp#27;[2m&amp#27;[0;39m&amp#27;[36morg.hibernate.SQL                       &amp#27;[0;39m &amp#27;[2m:&amp#27;[0;39m 
    /* insert for
        com.cufre.expedientes.model.Delito */insert 
    into
        delito (actualizado_en, codigo_penal, creado_en, descripcion, nombre, pena_maxima, pena_minima, tipo_pena, valoracion, id) 
    values
        (?, ?, ?, ?, ?, ?, ?, ?, ?, ?)
Hibernate: 
    /* insert for
        com.cufre.expedientes.model.Delito */insert 
    into
        delito (actualizado_en, codigo_penal, creado_en, descripcion, nombre, pena_maxima, pena_minima, tipo_pena, valoracion, id) 
    values
        (?, ?, ?, ?, ?, ?, ?, ?, ?, ?)
&amp#27;[2m2025-05-11T11:17:47.593-03:00&amp#27;[0;39m &amp#27;[32m INFO&amp#27;[0;39m &amp#27;[35m16907&amp#27;[0;39m &amp#27;[2m---&amp#27;[0;39m &amp#27;[2m[           main]&amp#27;[0;39m &amp#27;[2m&amp#27;[0;39m&amp#27;[36mi.StatisticalLoggingSessionEventListener&amp#27;[0;39m &amp#27;[2m:&amp#27;[0;39m Session Metrics {
    2416 nanoseconds spent acquiring 1 JDBC connections;
    0 nanoseconds spent releasing 0 JDBC connections;
    15334 nanoseconds spent preparing 2 JDBC statements;
    429125 nanoseconds spent executing 1 JDBC statements;
    487833 nanoseconds spent executing 1 JDBC batches;
    0 nanoseconds spent performing 0 L2C puts;
    0 nanoseconds spent performing 0 L2C hits;
    0 nanoseconds spent performing 0 L2C misses;
    819333 nanoseconds spent executing 1 flushes (flushing a total of 1 entities and 1 collections);
    0 nanoseconds spent executing 0 partial-flushes (flushing a total of 0 entities and 0 collections)
}
&amp#27;[2m2025-05-11T11:17:47.594-03:00&amp#27;[0;39m &amp#27;[32mDEBUG&amp#27;[0;39m &amp#27;[35m16907&amp#27;[0;39m &amp#27;[2m---&amp#27;[0;39m &amp#27;[2m[           main]&amp#27;[0;39m &amp#27;[2m&amp#27;[0;39m&amp#27;[36morg.hibernate.SQL                       &amp#27;[0;39m &amp#27;[2m:&amp#27;[0;39m 
    /* <criteria> */ select
        d1_0.id,
        d1_0.actualizado_en,
        d1_0.codigo_penal,
        d1_0.creado_en,
        d1_0.descripcion,
        d1_0.nombre,
        d1_0.pena_maxima,
        d1_0.pena_minima,
        d1_0.tipo_pena,
        d1_0.valoracion 
    from
        delito d1_0 
    where
        upper(d1_0.nombre) like upper(?) escape '\'
Hibernate: 
    /* <criteria> */ select
        d1_0.id,
        d1_0.actualizado_en,
        d1_0.codigo_penal,
        d1_0.creado_en,
        d1_0.descripcion,
        d1_0.nombre,
        d1_0.pena_maxima,
        d1_0.pena_minima,
        d1_0.tipo_pena,
        d1_0.valoracion 
    from
        delito d1_0 
    where
        upper(d1_0.nombre) like upper(?) escape '\'
&amp#27;[2m2025-05-11T11:17:47.596-03:00&amp#27;[0;39m &amp#27;[32m INFO&amp#27;[0;39m &amp#27;[35m16907&amp#27;[0;39m &amp#27;[2m---&amp#27;[0;39m &amp#27;[2m[           main]&amp#27;[0;39m &amp#27;[2m&amp#27;[0;39m&amp#27;[36mi.StatisticalLoggingSessionEventListener&amp#27;[0;39m &amp#27;[2m:&amp#27;[0;39m Session Metrics {
    5833 nanoseconds spent acquiring 1 JDBC connections;
    0 nanoseconds spent releasing 0 JDBC connections;
    18083 nanoseconds spent preparing 1 JDBC statements;
    1403000 nanoseconds spent executing 1 JDBC statements;
    0 nanoseconds spent executing 0 JDBC batches;
    0 nanoseconds spent performing 0 L2C puts;
    0 nanoseconds spent performing 0 L2C hits;
    0 nanoseconds spent performing 0 L2C misses;
    0 nanoseconds spent executing 0 flushes (flushing a total of 0 entities and 0 collections);
    0 nanoseconds spent executing 0 partial-flushes (flushing a total of 0 entities and 0 collections)
}
&amp#27;[2m2025-05-11T11:17:47.596-03:00&amp#27;[0;39m &amp#27;[32mDEBUG&amp#27;[0;39m &amp#27;[35m16907&amp#27;[0;39m &amp#27;[2m---&amp#27;[0;39m &amp#27;[2m[           main]&amp#27;[0;39m &amp#27;[2m&amp#27;[0;39m&amp#27;[36morg.hibernate.SQL                       &amp#27;[0;39m &amp#27;[2m:&amp#27;[0;39m 
    select
        seq_delito.nextval 
    from
        dual
Hibernate: 
    select
        seq_delito.nextval 
    from
        dual
&amp#27;[2m2025-05-11T11:17:47.597-03:00&amp#27;[0;39m &amp#27;[32mDEBUG&amp#27;[0;39m &amp#27;[35m16907&amp#27;[0;39m &amp#27;[2m---&amp#27;[0;39m &amp#27;[2m[           main]&amp#27;[0;39m &amp#27;[2m&amp#27;[0;39m&amp#27;[36morg.hibernate.SQL                       &amp#27;[0;39m &amp#27;[2m:&amp#27;[0;39m 
    /* insert for
        com.cufre.expedientes.model.Delito */insert 
    into
        delito (actualizado_en, codigo_penal, creado_en, descripcion, nombre, pena_maxima, pena_minima, tipo_pena, valoracion, id) 
    values
        (?, ?, ?, ?, ?, ?, ?, ?, ?, ?)
Hibernate: 
    /* insert for
        com.cufre.expedientes.model.Delito */insert 
    into
        delito (actualizado_en, codigo_penal, creado_en, descripcion, nombre, pena_maxima, pena_minima, tipo_pena, valoracion, id) 
    values
        (?, ?, ?, ?, ?, ?, ?, ?, ?, ?)
&amp#27;[2m2025-05-11T11:17:47.599-03:00&amp#27;[0;39m &amp#27;[32m INFO&amp#27;[0;39m &amp#27;[35m16907&amp#27;[0;39m &amp#27;[2m---&amp#27;[0;39m &amp#27;[2m[           main]&amp#27;[0;39m &amp#27;[2m&amp#27;[0;39m&amp#27;[36mi.StatisticalLoggingSessionEventListener&amp#27;[0;39m &amp#27;[2m:&amp#27;[0;39m Session Metrics {
    3792 nanoseconds spent acquiring 1 JDBC connections;
    0 nanoseconds spent releasing 0 JDBC connections;
    15750 nanoseconds spent preparing 2 JDBC statements;
    429959 nanoseconds spent executing 1 JDBC statements;
    669250 nanoseconds spent executing 1 JDBC batches;
    0 nanoseconds spent performing 0 L2C puts;
    0 nanoseconds spent performing 0 L2C hits;
    0 nanoseconds spent performing 0 L2C misses;
    1158792 nanoseconds spent executing 1 flushes (flushing a total of 1 entities and 1 collections);
    0 nanoseconds spent executing 0 partial-flushes (flushing a total of 0 entities and 0 collections)
}
&amp#27;[2m2025-05-11T11:17:47.599-03:00&amp#27;[0;39m &amp#27;[32mDEBUG&amp#27;[0;39m &amp#27;[35m16907&amp#27;[0;39m &amp#27;[2m---&amp#27;[0;39m &amp#27;[2m[           main]&amp#27;[0;39m &amp#27;[2m&amp#27;[0;39m&amp#27;[36morg.hibernate.SQL                       &amp#27;[0;39m &amp#27;[2m:&amp#27;[0;39m 
    /* <criteria> */ select
        d1_0.id,
        d1_0.actualizado_en,
        d1_0.codigo_penal,
        d1_0.creado_en,
        d1_0.descripcion,
        d1_0.nombre,
        d1_0.pena_maxima,
        d1_0.pena_minima,
        d1_0.tipo_pena,
        d1_0.valoracion 
    from
        delito d1_0 
    where
        upper(d1_0.nombre) like upper(?) escape '\'
Hibernate: 
    /* <criteria> */ select
        d1_0.id,
        d1_0.actualizado_en,
        d1_0.codigo_penal,
        d1_0.creado_en,
        d1_0.descripcion,
        d1_0.nombre,
        d1_0.pena_maxima,
        d1_0.pena_minima,
        d1_0.tipo_pena,
        d1_0.valoracion 
    from
        delito d1_0 
    where
        upper(d1_0.nombre) like upper(?) escape '\'
&amp#27;[2m2025-05-11T11:17:47.601-03:00&amp#27;[0;39m &amp#27;[32m INFO&amp#27;[0;39m &amp#27;[35m16907&amp#27;[0;39m &amp#27;[2m---&amp#27;[0;39m &amp#27;[2m[           main]&amp#27;[0;39m &amp#27;[2m&amp#27;[0;39m&amp#27;[36mi.StatisticalLoggingSessionEventListener&amp#27;[0;39m &amp#27;[2m:&amp#27;[0;39m Session Metrics {
    4667 nanoseconds spent acquiring 1 JDBC connections;
    0 nanoseconds spent releasing 0 JDBC connections;
    14792 nanoseconds spent preparing 1 JDBC statements;
    1312333 nanoseconds spent executing 1 JDBC statements;
    0 nanoseconds spent executing 0 JDBC batches;
    0 nanoseconds spent performing 0 L2C puts;
    0 nanoseconds spent performing 0 L2C hits;
    0 nanoseconds spent performing 0 L2C misses;
    0 nanoseconds spent executing 0 flushes (flushing a total of 0 entities and 0 collections);
    0 nanoseconds spent executing 0 partial-flushes (flushing a total of 0 entities and 0 collections)
}
&amp#27;[2m2025-05-11T11:17:47.601-03:00&amp#27;[0;39m &amp#27;[32mDEBUG&amp#27;[0;39m &amp#27;[35m16907&amp#27;[0;39m &amp#27;[2m---&amp#27;[0;39m &amp#27;[2m[           main]&amp#27;[0;39m &amp#27;[2m&amp#27;[0;39m&amp#27;[36morg.hibernate.SQL                       &amp#27;[0;39m &amp#27;[2m:&amp#27;[0;39m 
    select
        seq_delito.nextval 
    from
        dual
Hibernate: 
    select
        seq_delito.nextval 
    from
        dual
&amp#27;[2m2025-05-11T11:17:47.602-03:00&amp#27;[0;39m &amp#27;[32mDEBUG&amp#27;[0;39m &amp#27;[35m16907&amp#27;[0;39m &amp#27;[2m---&amp#27;[0;39m &amp#27;[2m[           main]&amp#27;[0;39m &amp#27;[2m&amp#27;[0;39m&amp#27;[36morg.hibernate.SQL                       &amp#27;[0;39m &amp#27;[2m:&amp#27;[0;39m 
    /* insert for
        com.cufre.expedientes.model.Delito */insert 
    into
        delito (actualizado_en, codigo_penal, creado_en, descripcion, nombre, pena_maxima, pena_minima, tipo_pena, valoracion, id) 
    values
        (?, ?, ?, ?, ?, ?, ?, ?, ?, ?)
Hibernate: 
    /* insert for
        com.cufre.expedientes.model.Delito */insert 
    into
        delito (actualizado_en, codigo_penal, creado_en, descripcion, nombre, pena_maxima, pena_minima, tipo_pena, valoracion, id) 
    values
        (?, ?, ?, ?, ?, ?, ?, ?, ?, ?)
&amp#27;[2m2025-05-11T11:17:47.603-03:00&amp#27;[0;39m &amp#27;[32m INFO&amp#27;[0;39m &amp#27;[35m16907&amp#27;[0;39m &amp#27;[2m---&amp#27;[0;39m &amp#27;[2m[           main]&amp#27;[0;39m &amp#27;[2m&amp#27;[0;39m&amp#27;[36mi.StatisticalLoggingSessionEventListener&amp#27;[0;39m &amp#27;[2m:&amp#27;[0;39m Session Metrics {
    1625 nanoseconds spent acquiring 1 JDBC connections;
    0 nanoseconds spent releasing 0 JDBC connections;
    9750 nanoseconds spent preparing 2 JDBC statements;
    327083 nanoseconds spent executing 1 JDBC statements;
    471458 nanoseconds spent executing 1 JDBC batches;
    0 nanoseconds spent performing 0 L2C puts;
    0 nanoseconds spent performing 0 L2C hits;
    0 nanoseconds spent performing 0 L2C misses;
    789875 nanoseconds spent executing 1 flushes (flushing a total of 1 entities and 1 collections);
    0 nanoseconds spent executing 0 partial-flushes (flushing a total of 0 entities and 0 collections)
}
&amp#27;[2m2025-05-11T11:17:47.603-03:00&amp#27;[0;39m &amp#27;[32mDEBUG&amp#27;[0;39m &amp#27;[35m16907&amp#27;[0;39m &amp#27;[2m---&amp#27;[0;39m &amp#27;[2m[           main]&amp#27;[0;39m &amp#27;[2m&amp#27;[0;39m&amp#27;[36morg.hibernate.SQL                       &amp#27;[0;39m &amp#27;[2m:&amp#27;[0;39m 
    /* <criteria> */ select
        d1_0.id,
        d1_0.actualizado_en,
        d1_0.codigo_penal,
        d1_0.creado_en,
        d1_0.descripcion,
        d1_0.nombre,
        d1_0.pena_maxima,
        d1_0.pena_minima,
        d1_0.tipo_pena,
        d1_0.valoracion 
    from
        delito d1_0 
    where
        upper(d1_0.nombre) like upper(?) escape '\'
Hibernate: 
    /* <criteria> */ select
        d1_0.id,
        d1_0.actualizado_en,
        d1_0.codigo_penal,
        d1_0.creado_en,
        d1_0.descripcion,
        d1_0.nombre,
        d1_0.pena_maxima,
        d1_0.pena_minima,
        d1_0.tipo_pena,
        d1_0.valoracion 
    from
        delito d1_0 
    where
        upper(d1_0.nombre) like upper(?) escape '\'
&amp#27;[2m2025-05-11T11:17:47.605-03:00&amp#27;[0;39m &amp#27;[32m INFO&amp#27;[0;39m &amp#27;[35m16907&amp#27;[0;39m &amp#27;[2m---&amp#27;[0;39m &amp#27;[2m[           main]&amp#27;[0;39m &amp#27;[2m&amp#27;[0;39m&amp#27;[36mi.StatisticalLoggingSessionEventListener&amp#27;[0;39m &amp#27;[2m:&amp#27;[0;39m Session Metrics {
    3208 nanoseconds spent acquiring 1 JDBC connections;
    0 nanoseconds spent releasing 0 JDBC connections;
    12250 nanoseconds spent preparing 1 JDBC statements;
    1074208 nanoseconds spent executing 1 JDBC statements;
    0 nanoseconds spent executing 0 JDBC batches;
    0 nanoseconds spent performing 0 L2C puts;
    0 nanoseconds spent performing 0 L2C hits;
    0 nanoseconds spent performing 0 L2C misses;
    0 nanoseconds spent executing 0 flushes (flushing a total of 0 entities and 0 collections);
    0 nanoseconds spent executing 0 partial-flushes (flushing a total of 0 entities and 0 collections)
}
&amp#27;[2m2025-05-11T11:17:47.605-03:00&amp#27;[0;39m &amp#27;[32mDEBUG&amp#27;[0;39m &amp#27;[35m16907&amp#27;[0;39m &amp#27;[2m---&amp#27;[0;39m &amp#27;[2m[           main]&amp#27;[0;39m &amp#27;[2m&amp#27;[0;39m&amp#27;[36morg.hibernate.SQL                       &amp#27;[0;39m &amp#27;[2m:&amp#27;[0;39m 
    select
        seq_delito.nextval 
    from
        dual
Hibernate: 
    select
        seq_delito.nextval 
    from
        dual
&amp#27;[2m2025-05-11T11:17:47.605-03:00&amp#27;[0;39m &amp#27;[32mDEBUG&amp#27;[0;39m &amp#27;[35m16907&amp#27;[0;39m &amp#27;[2m---&amp#27;[0;39m &amp#27;[2m[           main]&amp#27;[0;39m &amp#27;[2m&amp#27;[0;39m&amp#27;[36morg.hibernate.SQL                       &amp#27;[0;39m &amp#27;[2m:&amp#27;[0;39m 
    /* insert for
        com.cufre.expedientes.model.Delito */insert 
    into
        delito (actualizado_en, codigo_penal, creado_en, descripcion, nombre, pena_maxima, pena_minima, tipo_pena, valoracion, id) 
    values
        (?, ?, ?, ?, ?, ?, ?, ?, ?, ?)
Hibernate: 
    /* insert for
        com.cufre.expedientes.model.Delito */insert 
    into
        delito (actualizado_en, codigo_penal, creado_en, descripcion, nombre, pena_maxima, pena_minima, tipo_pena, valoracion, id) 
    values
        (?, ?, ?, ?, ?, ?, ?, ?, ?, ?)
&amp#27;[2m2025-05-11T11:17:47.606-03:00&amp#27;[0;39m &amp#27;[32m INFO&amp#27;[0;39m &amp#27;[35m16907&amp#27;[0;39m &amp#27;[2m---&amp#27;[0;39m &amp#27;[2m[           main]&amp#27;[0;39m &amp#27;[2m&amp#27;[0;39m&amp#27;[36mi.StatisticalLoggingSessionEventListener&amp#27;[0;39m &amp#27;[2m:&amp#27;[0;39m Session Metrics {
    1875 nanoseconds spent acquiring 1 JDBC connections;
    0 nanoseconds spent releasing 0 JDBC connections;
    7917 nanoseconds spent preparing 2 JDBC statements;
    243459 nanoseconds spent executing 1 JDBC statements;
    360334 nanoseconds spent executing 1 JDBC batches;
    0 nanoseconds spent performing 0 L2C puts;
    0 nanoseconds spent performing 0 L2C hits;
    0 nanoseconds spent performing 0 L2C misses;
    652708 nanoseconds spent executing 1 flushes (flushing a total of 1 entities and 1 collections);
    0 nanoseconds spent executing 0 partial-flushes (flushing a total of 0 entities and 0 collections)
}
&amp#27;[2m2025-05-11T11:17:47.607-03:00&amp#27;[0;39m &amp#27;[32mDEBUG&amp#27;[0;39m &amp#27;[35m16907&amp#27;[0;39m &amp#27;[2m---&amp#27;[0;39m &amp#27;[2m[           main]&amp#27;[0;39m &amp#27;[2m&amp#27;[0;39m&amp#27;[36morg.hibernate.SQL                       &amp#27;[0;39m &amp#27;[2m:&amp#27;[0;39m 
    /* <criteria> */ select
        d1_0.id,
        d1_0.actualizado_en,
        d1_0.codigo_penal,
        d1_0.creado_en,
        d1_0.descripcion,
        d1_0.nombre,
        d1_0.pena_maxima,
        d1_0.pena_minima,
        d1_0.tipo_pena,
        d1_0.valoracion 
    from
        delito d1_0 
    where
        upper(d1_0.nombre) like upper(?) escape '\'
Hibernate: 
    /* <criteria> */ select
        d1_0.id,
        d1_0.actualizado_en,
        d1_0.codigo_penal,
        d1_0.creado_en,
        d1_0.descripcion,
        d1_0.nombre,
        d1_0.pena_maxima,
        d1_0.pena_minima,
        d1_0.tipo_pena,
        d1_0.valoracion 
    from
        delito d1_0 
    where
        upper(d1_0.nombre) like upper(?) escape '\'
&amp#27;[2m2025-05-11T11:17:47.608-03:00&amp#27;[0;39m &amp#27;[32m INFO&amp#27;[0;39m &amp#27;[35m16907&amp#27;[0;39m &amp#27;[2m---&amp#27;[0;39m &amp#27;[2m[           main]&amp#27;[0;39m &amp#27;[2m&amp#27;[0;39m&amp#27;[36mi.StatisticalLoggingSessionEventListener&amp#27;[0;39m &amp#27;[2m:&amp#27;[0;39m Session Metrics {
    3125 nanoseconds spent acquiring 1 JDBC connections;
    0 nanoseconds spent releasing 0 JDBC connections;
    21833 nanoseconds spent preparing 1 JDBC statements;
    1050792 nanoseconds spent executing 1 JDBC statements;
    0 nanoseconds spent executing 0 JDBC batches;
    0 nanoseconds spent performing 0 L2C puts;
    0 nanoseconds spent performing 0 L2C hits;
    0 nanoseconds spent performing 0 L2C misses;
    0 nanoseconds spent executing 0 flushes (flushing a total of 0 entities and 0 collections);
    0 nanoseconds spent executing 0 partial-flushes (flushing a total of 0 entities and 0 collections)
}
&amp#27;[2m2025-05-11T11:17:47.608-03:00&amp#27;[0;39m &amp#27;[32mDEBUG&amp#27;[0;39m &amp#27;[35m16907&amp#27;[0;39m &amp#27;[2m---&amp#27;[0;39m &amp#27;[2m[           main]&amp#27;[0;39m &amp#27;[2m&amp#27;[0;39m&amp#27;[36morg.hibernate.SQL                       &amp#27;[0;39m &amp#27;[2m:&amp#27;[0;39m 
    select
        seq_delito.nextval 
    from
        dual
Hibernate: 
    select
        seq_delito.nextval 
    from
        dual
&amp#27;[2m2025-05-11T11:17:47.609-03:00&amp#27;[0;39m &amp#27;[32mDEBUG&amp#27;[0;39m &amp#27;[35m16907&amp#27;[0;39m &amp#27;[2m---&amp#27;[0;39m &amp#27;[2m[           main]&amp#27;[0;39m &amp#27;[2m&amp#27;[0;39m&amp#27;[36morg.hibernate.SQL                       &amp#27;[0;39m &amp#27;[2m:&amp#27;[0;39m 
    /* insert for
        com.cufre.expedientes.model.Delito */insert 
    into
        delito (actualizado_en, codigo_penal, creado_en, descripcion, nombre, pena_maxima, pena_minima, tipo_pena, valoracion, id) 
    values
        (?, ?, ?, ?, ?, ?, ?, ?, ?, ?)
Hibernate: 
    /* insert for
        com.cufre.expedientes.model.Delito */insert 
    into
        delito (actualizado_en, codigo_penal, creado_en, descripcion, nombre, pena_maxima, pena_minima, tipo_pena, valoracion, id) 
    values
        (?, ?, ?, ?, ?, ?, ?, ?, ?, ?)
&amp#27;[2m2025-05-11T11:17:47.610-03:00&amp#27;[0;39m &amp#27;[32m INFO&amp#27;[0;39m &amp#27;[35m16907&amp#27;[0;39m &amp#27;[2m---&amp#27;[0;39m &amp#27;[2m[           main]&amp#27;[0;39m &amp#27;[2m&amp#27;[0;39m&amp#27;[36mi.StatisticalLoggingSessionEventListener&amp#27;[0;39m &amp#27;[2m:&amp#27;[0;39m Session Metrics {
    1416 nanoseconds spent acquiring 1 JDBC connections;
    0 nanoseconds spent releasing 0 JDBC connections;
    8250 nanoseconds spent preparing 2 JDBC statements;
    254417 nanoseconds spent executing 1 JDBC statements;
    419958 nanoseconds spent executing 1 JDBC batches;
    0 nanoseconds spent performing 0 L2C puts;
    0 nanoseconds spent performing 0 L2C hits;
    0 nanoseconds spent performing 0 L2C misses;
    700458 nanoseconds spent executing 1 flushes (flushing a total of 1 entities and 1 collections);
    0 nanoseconds spent executing 0 partial-flushes (flushing a total of 0 entities and 0 collections)
}
&amp#27;[2m2025-05-11T11:17:47.610-03:00&amp#27;[0;39m &amp#27;[32mDEBUG&amp#27;[0;39m &amp#27;[35m16907&amp#27;[0;39m &amp#27;[2m---&amp#27;[0;39m &amp#27;[2m[           main]&amp#27;[0;39m &amp#27;[2m&amp#27;[0;39m&amp#27;[36morg.hibernate.SQL                       &amp#27;[0;39m &amp#27;[2m:&amp#27;[0;39m 
    /* <criteria> */ select
        d1_0.id,
        d1_0.actualizado_en,
        d1_0.codigo_penal,
        d1_0.creado_en,
        d1_0.descripcion,
        d1_0.nombre,
        d1_0.pena_maxima,
        d1_0.pena_minima,
        d1_0.tipo_pena,
        d1_0.valoracion 
    from
        delito d1_0 
    where
        upper(d1_0.nombre) like upper(?) escape '\'
Hibernate: 
    /* <criteria> */ select
        d1_0.id,
        d1_0.actualizado_en,
        d1_0.codigo_penal,
        d1_0.creado_en,
        d1_0.descripcion,
        d1_0.nombre,
        d1_0.pena_maxima,
        d1_0.pena_minima,
        d1_0.tipo_pena,
        d1_0.valoracion 
    from
        delito d1_0 
    where
        upper(d1_0.nombre) like upper(?) escape '\'
&amp#27;[2m2025-05-11T11:17:47.611-03:00&amp#27;[0;39m &amp#27;[32m INFO&amp#27;[0;39m &amp#27;[35m16907&amp#27;[0;39m &amp#27;[2m---&amp#27;[0;39m &amp#27;[2m[           main]&amp#27;[0;39m &amp#27;[2m&amp#27;[0;39m&amp#27;[36mi.StatisticalLoggingSessionEventListener&amp#27;[0;39m &amp#27;[2m:&amp#27;[0;39m Session Metrics {
    2833 nanoseconds spent acquiring 1 JDBC connections;
    0 nanoseconds spent releasing 0 JDBC connections;
    10958 nanoseconds spent preparing 1 JDBC statements;
    1034666 nanoseconds spent executing 1 JDBC statements;
    0 nanoseconds spent executing 0 JDBC batches;
    0 nanoseconds spent performing 0 L2C puts;
    0 nanoseconds spent performing 0 L2C hits;
    0 nanoseconds spent performing 0 L2C misses;
    0 nanoseconds spent executing 0 flushes (flushing a total of 0 entities and 0 collections);
    0 nanoseconds spent executing 0 partial-flushes (flushing a total of 0 entities and 0 collections)
}
&amp#27;[2m2025-05-11T11:17:47.612-03:00&amp#27;[0;39m &amp#27;[32mDEBUG&amp#27;[0;39m &amp#27;[35m16907&amp#27;[0;39m &amp#27;[2m---&amp#27;[0;39m &amp#27;[2m[           main]&amp#27;[0;39m &amp#27;[2m&amp#27;[0;39m&amp#27;[36morg.hibernate.SQL                       &amp#27;[0;39m &amp#27;[2m:&amp#27;[0;39m 
    select
        seq_delito.nextval 
    from
        dual
Hibernate: 
    select
        seq_delito.nextval 
    from
        dual
&amp#27;[2m2025-05-11T11:17:47.612-03:00&amp#27;[0;39m &amp#27;[32mDEBUG&amp#27;[0;39m &amp#27;[35m16907&amp#27;[0;39m &amp#27;[2m---&amp#27;[0;39m &amp#27;[2m[           main]&amp#27;[0;39m &amp#27;[2m&amp#27;[0;39m&amp#27;[36morg.hibernate.SQL                       &amp#27;[0;39m &amp#27;[2m:&amp#27;[0;39m 
    /* insert for
        com.cufre.expedientes.model.Delito */insert 
    into
        delito (actualizado_en, codigo_penal, creado_en, descripcion, nombre, pena_maxima, pena_minima, tipo_pena, valoracion, id) 
    values
        (?, ?, ?, ?, ?, ?, ?, ?, ?, ?)
Hibernate: 
    /* insert for
        com.cufre.expedientes.model.Delito */insert 
    into
        delito (actualizado_en, codigo_penal, creado_en, descripcion, nombre, pena_maxima, pena_minima, tipo_pena, valoracion, id) 
    values
        (?, ?, ?, ?, ?, ?, ?, ?, ?, ?)
&amp#27;[2m2025-05-11T11:17:47.613-03:00&amp#27;[0;39m &amp#27;[32m INFO&amp#27;[0;39m &amp#27;[35m16907&amp#27;[0;39m &amp#27;[2m---&amp#27;[0;39m &amp#27;[2m[           main]&amp#27;[0;39m &amp#27;[2m&amp#27;[0;39m&amp#27;[36mi.StatisticalLoggingSessionEventListener&amp#27;[0;39m &amp#27;[2m:&amp#27;[0;39m Session Metrics {
    2833 nanoseconds spent acquiring 1 JDBC connections;
    0 nanoseconds spent releasing 0 JDBC connections;
    10875 nanoseconds spent preparing 2 JDBC statements;
    283583 nanoseconds spent executing 1 JDBC statements;
    333917 nanoseconds spent executing 1 JDBC batches;
    0 nanoseconds spent performing 0 L2C puts;
    0 nanoseconds spent performing 0 L2C hits;
    0 nanoseconds spent performing 0 L2C misses;
    624250 nanoseconds spent executing 1 flushes (flushing a total of 1 entities and 1 collections);
    0 nanoseconds spent executing 0 partial-flushes (flushing a total of 0 entities and 0 collections)
}
&amp#27;[2m2025-05-11T11:17:47.614-03:00&amp#27;[0;39m &amp#27;[32mDEBUG&amp#27;[0;39m &amp#27;[35m16907&amp#27;[0;39m &amp#27;[2m---&amp#27;[0;39m &amp#27;[2m[           main]&amp#27;[0;39m &amp#27;[2m&amp#27;[0;39m&amp#27;[36morg.hibernate.SQL                       &amp#27;[0;39m &amp#27;[2m:&amp#27;[0;39m 
    /* <criteria> */ select
        d1_0.id,
        d1_0.actualizado_en,
        d1_0.codigo_penal,
        d1_0.creado_en,
        d1_0.descripcion,
        d1_0.nombre,
        d1_0.pena_maxima,
        d1_0.pena_minima,
        d1_0.tipo_pena,
        d1_0.valoracion 
    from
        delito d1_0 
    where
        upper(d1_0.nombre) like upper(?) escape '\'
Hibernate: 
    /* <criteria> */ select
        d1_0.id,
        d1_0.actualizado_en,
        d1_0.codigo_penal,
        d1_0.creado_en,
        d1_0.descripcion,
        d1_0.nombre,
        d1_0.pena_maxima,
        d1_0.pena_minima,
        d1_0.tipo_pena,
        d1_0.valoracion 
    from
        delito d1_0 
    where
        upper(d1_0.nombre) like upper(?) escape '\'
&amp#27;[2m2025-05-11T11:17:47.615-03:00&amp#27;[0;39m &amp#27;[32m INFO&amp#27;[0;39m &amp#27;[35m16907&amp#27;[0;39m &amp#27;[2m---&amp#27;[0;39m &amp#27;[2m[           main]&amp#27;[0;39m &amp#27;[2m&amp#27;[0;39m&amp#27;[36mi.StatisticalLoggingSessionEventListener&amp#27;[0;39m &amp#27;[2m:&amp#27;[0;39m Session Metrics {
    3000 nanoseconds spent acquiring 1 JDBC connections;
    0 nanoseconds spent releasing 0 JDBC connections;
    11625 nanoseconds spent preparing 1 JDBC statements;
    1027375 nanoseconds spent executing 1 JDBC statements;
    0 nanoseconds spent executing 0 JDBC batches;
    0 nanoseconds spent performing 0 L2C puts;
    0 nanoseconds spent performing 0 L2C hits;
    0 nanoseconds spent performing 0 L2C misses;
    0 nanoseconds spent executing 0 flushes (flushing a total of 0 entities and 0 collections);
    0 nanoseconds spent executing 0 partial-flushes (flushing a total of 0 entities and 0 collections)
}
&amp#27;[2m2025-05-11T11:17:47.615-03:00&amp#27;[0;39m &amp#27;[32mDEBUG&amp#27;[0;39m &amp#27;[35m16907&amp#27;[0;39m &amp#27;[2m---&amp#27;[0;39m &amp#27;[2m[           main]&amp#27;[0;39m &amp#27;[2m&amp#27;[0;39m&amp#27;[36morg.hibernate.SQL                       &amp#27;[0;39m &amp#27;[2m:&amp#27;[0;39m 
    select
        seq_delito.nextval 
    from
        dual
Hibernate: 
    select
        seq_delito.nextval 
    from
        dual
&amp#27;[2m2025-05-11T11:17:47.616-03:00&amp#27;[0;39m &amp#27;[32mDEBUG&amp#27;[0;39m &amp#27;[35m16907&amp#27;[0;39m &amp#27;[2m---&amp#27;[0;39m &amp#27;[2m[           main]&amp#27;[0;39m &amp#27;[2m&amp#27;[0;39m&amp#27;[36morg.hibernate.SQL                       &amp#27;[0;39m &amp#27;[2m:&amp#27;[0;39m 
    /* insert for
        com.cufre.expedientes.model.Delito */insert 
    into
        delito (actualizado_en, codigo_penal, creado_en, descripcion, nombre, pena_maxima, pena_minima, tipo_pena, valoracion, id) 
    values
        (?, ?, ?, ?, ?, ?, ?, ?, ?, ?)
Hibernate: 
    /* insert for
        com.cufre.expedientes.model.Delito */insert 
    into
        delito (actualizado_en, codigo_penal, creado_en, descripcion, nombre, pena_maxima, pena_minima, tipo_pena, valoracion, id) 
    values
        (?, ?, ?, ?, ?, ?, ?, ?, ?, ?)
&amp#27;[2m2025-05-11T11:17:47.617-03:00&amp#27;[0;39m &amp#27;[32m INFO&amp#27;[0;39m &amp#27;[35m16907&amp#27;[0;39m &amp#27;[2m---&amp#27;[0;39m &amp#27;[2m[           main]&amp#27;[0;39m &amp#27;[2m&amp#27;[0;39m&amp#27;[36mi.StatisticalLoggingSessionEventListener&amp#27;[0;39m &amp#27;[2m:&amp#27;[0;39m Session Metrics {
    1791 nanoseconds spent acquiring 1 JDBC connections;
    0 nanoseconds spent releasing 0 JDBC connections;
    7042 nanoseconds spent preparing 2 JDBC statements;
    243750 nanoseconds spent executing 1 JDBC statements;
    340500 nanoseconds spent executing 1 JDBC batches;
    0 nanoseconds spent performing 0 L2C puts;
    0 nanoseconds spent performing 0 L2C hits;
    0 nanoseconds spent performing 0 L2C misses;
    635166 nanoseconds spent executing 1 flushes (flushing a total of 1 entities and 1 collections);
    0 nanoseconds spent executing 0 partial-flushes (flushing a total of 0 entities and 0 collections)
}
&amp#27;[2m2025-05-11T11:17:47.617-03:00&amp#27;[0;39m &amp#27;[32mDEBUG&amp#27;[0;39m &amp#27;[35m16907&amp#27;[0;39m &amp#27;[2m---&amp#27;[0;39m &amp#27;[2m[           main]&amp#27;[0;39m &amp#27;[2m&amp#27;[0;39m&amp#27;[36morg.hibernate.SQL                       &amp#27;[0;39m &amp#27;[2m:&amp#27;[0;39m 
    /* <criteria> */ select
        d1_0.id,
        d1_0.actualizado_en,
        d1_0.codigo_penal,
        d1_0.creado_en,
        d1_0.descripcion,
        d1_0.nombre,
        d1_0.pena_maxima,
        d1_0.pena_minima,
        d1_0.tipo_pena,
        d1_0.valoracion 
    from
        delito d1_0 
    where
        upper(d1_0.nombre) like upper(?) escape '\'
Hibernate: 
    /* <criteria> */ select
        d1_0.id,
        d1_0.actualizado_en,
        d1_0.codigo_penal,
        d1_0.creado_en,
        d1_0.descripcion,
        d1_0.nombre,
        d1_0.pena_maxima,
        d1_0.pena_minima,
        d1_0.tipo_pena,
        d1_0.valoracion 
    from
        delito d1_0 
    where
        upper(d1_0.nombre) like upper(?) escape '\'
&amp#27;[2m2025-05-11T11:17:47.618-03:00&amp#27;[0;39m &amp#27;[32m INFO&amp#27;[0;39m &amp#27;[35m16907&amp#27;[0;39m &amp#27;[2m---&amp#27;[0;39m &amp#27;[2m[           main]&amp#27;[0;39m &amp#27;[2m&amp#27;[0;39m&amp#27;[36mi.StatisticalLoggingSessionEventListener&amp#27;[0;39m &amp#27;[2m:&amp#27;[0;39m Session Metrics {
    2833 nanoseconds spent acquiring 1 JDBC connections;
    0 nanoseconds spent releasing 0 JDBC connections;
    10375 nanoseconds spent preparing 1 JDBC statements;
    991709 nanoseconds spent executing 1 JDBC statements;
    0 nanoseconds spent executing 0 JDBC batches;
    0 nanoseconds spent performing 0 L2C puts;
    0 nanoseconds spent performing 0 L2C hits;
    0 nanoseconds spent performing 0 L2C misses;
    0 nanoseconds spent executing 0 flushes (flushing a total of 0 entities and 0 collections);
    0 nanoseconds spent executing 0 partial-flushes (flushing a total of 0 entities and 0 collections)
}
&amp#27;[2m2025-05-11T11:17:47.618-03:00&amp#27;[0;39m &amp#27;[32mDEBUG&amp#27;[0;39m &amp#27;[35m16907&amp#27;[0;39m &amp#27;[2m---&amp#27;[0;39m &amp#27;[2m[           main]&amp#27;[0;39m &amp#27;[2m&amp#27;[0;39m&amp#27;[36morg.hibernate.SQL                       &amp#27;[0;39m &amp#27;[2m:&amp#27;[0;39m 
    select
        seq_delito.nextval 
    from
        dual
Hibernate: 
    select
        seq_delito.nextval 
    from
        dual
&amp#27;[2m2025-05-11T11:17:47.619-03:00&amp#27;[0;39m &amp#27;[32mDEBUG&amp#27;[0;39m &amp#27;[35m16907&amp#27;[0;39m &amp#27;[2m---&amp#27;[0;39m &amp#27;[2m[           main]&amp#27;[0;39m &amp#27;[2m&amp#27;[0;39m&amp#27;[36morg.hibernate.SQL                       &amp#27;[0;39m &amp#27;[2m:&amp#27;[0;39m 
    /* insert for
        com.cufre.expedientes.model.Delito */insert 
    into
        delito (actualizado_en, codigo_penal, creado_en, descripcion, nombre, pena_maxima, pena_minima, tipo_pena, valoracion, id) 
    values
        (?, ?, ?, ?, ?, ?, ?, ?, ?, ?)
Hibernate: 
    /* insert for
        com.cufre.expedientes.model.Delito */insert 
    into
        delito (actualizado_en, codigo_penal, creado_en, descripcion, nombre, pena_maxima, pena_minima, tipo_pena, valoracion, id) 
    values
        (?, ?, ?, ?, ?, ?, ?, ?, ?, ?)
&amp#27;[2m2025-05-11T11:17:47.620-03:00&amp#27;[0;39m &amp#27;[32m INFO&amp#27;[0;39m &amp#27;[35m16907&amp#27;[0;39m &amp#27;[2m---&amp#27;[0;39m &amp#27;[2m[           main]&amp#27;[0;39m &amp#27;[2m&amp#27;[0;39m&amp#27;[36mi.StatisticalLoggingSessionEventListener&amp#27;[0;39m &amp#27;[2m:&amp#27;[0;39m Session Metrics {
    1416 nanoseconds spent acquiring 1 JDBC connections;
    0 nanoseconds spent releasing 0 JDBC connections;
    8750 nanoseconds spent preparing 2 JDBC statements;
    235000 nanoseconds spent executing 1 JDBC statements;
    439500 nanoseconds spent executing 1 JDBC batches;
    0 nanoseconds spent performing 0 L2C puts;
    0 nanoseconds spent performing 0 L2C hits;
    0 nanoseconds spent performing 0 L2C misses;
    738250 nanoseconds spent executing 1 flushes (flushing a total of 1 entities and 1 collections);
    0 nanoseconds spent executing 0 partial-flushes (flushing a total of 0 entities and 0 collections)
}
&amp#27;[2m2025-05-11T11:17:47.621-03:00&amp#27;[0;39m &amp#27;[32mDEBUG&amp#27;[0;39m &amp#27;[35m16907&amp#27;[0;39m &amp#27;[2m---&amp#27;[0;39m &amp#27;[2m[           main]&amp#27;[0;39m &amp#27;[2m&amp#27;[0;39m&amp#27;[36morg.hibernate.SQL                       &amp#27;[0;39m &amp#27;[2m:&amp#27;[0;39m 
    /* <criteria> */ select
        d1_0.id,
        d1_0.actualizado_en,
        d1_0.codigo_penal,
        d1_0.creado_en,
        d1_0.descripcion,
        d1_0.nombre,
        d1_0.pena_maxima,
        d1_0.pena_minima,
        d1_0.tipo_pena,
        d1_0.valoracion 
    from
        delito d1_0 
    where
        upper(d1_0.nombre) like upper(?) escape '\'
Hibernate: 
    /* <criteria> */ select
        d1_0.id,
        d1_0.actualizado_en,
        d1_0.codigo_penal,
        d1_0.creado_en,
        d1_0.descripcion,
        d1_0.nombre,
        d1_0.pena_maxima,
        d1_0.pena_minima,
        d1_0.tipo_pena,
        d1_0.valoracion 
    from
        delito d1_0 
    where
        upper(d1_0.nombre) like upper(?) escape '\'
&amp#27;[2m2025-05-11T11:17:47.622-03:00&amp#27;[0;39m &amp#27;[32m INFO&amp#27;[0;39m &amp#27;[35m16907&amp#27;[0;39m &amp#27;[2m---&amp#27;[0;39m &amp#27;[2m[           main]&amp#27;[0;39m &amp#27;[2m&amp#27;[0;39m&amp#27;[36mi.StatisticalLoggingSessionEventListener&amp#27;[0;39m &amp#27;[2m:&amp#27;[0;39m Session Metrics {
    3417 nanoseconds spent acquiring 1 JDBC connections;
    0 nanoseconds spent releasing 0 JDBC connections;
    12542 nanoseconds spent preparing 1 JDBC statements;
    1147750 nanoseconds spent executing 1 JDBC statements;
    0 nanoseconds spent executing 0 JDBC batches;
    0 nanoseconds spent performing 0 L2C puts;
    0 nanoseconds spent performing 0 L2C hits;
    0 nanoseconds spent performing 0 L2C misses;
    0 nanoseconds spent executing 0 flushes (flushing a total of 0 entities and 0 collections);
    0 nanoseconds spent executing 0 partial-flushes (flushing a total of 0 entities and 0 collections)
}
&amp#27;[2m2025-05-11T11:17:47.622-03:00&amp#27;[0;39m &amp#27;[32mDEBUG&amp#27;[0;39m &amp#27;[35m16907&amp#27;[0;39m &amp#27;[2m---&amp#27;[0;39m &amp#27;[2m[           main]&amp#27;[0;39m &amp#27;[2m&amp#27;[0;39m&amp#27;[36morg.hibernate.SQL                       &amp#27;[0;39m &amp#27;[2m:&amp#27;[0;39m 
    select
        seq_delito.nextval 
    from
        dual
Hibernate: 
    select
        seq_delito.nextval 
    from
        dual
&amp#27;[2m2025-05-11T11:17:47.622-03:00&amp#27;[0;39m &amp#27;[32mDEBUG&amp#27;[0;39m &amp#27;[35m16907&amp#27;[0;39m &amp#27;[2m---&amp#27;[0;39m &amp#27;[2m[           main]&amp#27;[0;39m &amp#27;[2m&amp#27;[0;39m&amp#27;[36morg.hibernate.SQL                       &amp#27;[0;39m &amp#27;[2m:&amp#27;[0;39m 
    /* insert for
        com.cufre.expedientes.model.Delito */insert 
    into
        delito (actualizado_en, codigo_penal, creado_en, descripcion, nombre, pena_maxima, pena_minima, tipo_pena, valoracion, id) 
    values
        (?, ?, ?, ?, ?, ?, ?, ?, ?, ?)
Hibernate: 
    /* insert for
        com.cufre.expedientes.model.Delito */insert 
    into
        delito (actualizado_en, codigo_penal, creado_en, descripcion, nombre, pena_maxima, pena_minima, tipo_pena, valoracion, id) 
    values
        (?, ?, ?, ?, ?, ?, ?, ?, ?, ?)
&amp#27;[2m2025-05-11T11:17:47.624-03:00&amp#27;[0;39m &amp#27;[32m INFO&amp#27;[0;39m &amp#27;[35m16907&amp#27;[0;39m &amp#27;[2m---&amp#27;[0;39m &amp#27;[2m[           main]&amp#27;[0;39m &amp#27;[2m&amp#27;[0;39m&amp#27;[36mi.StatisticalLoggingSessionEventListener&amp#27;[0;39m &amp#27;[2m:&amp#27;[0;39m Session Metrics {
    1500 nanoseconds spent acquiring 1 JDBC connections;
    0 nanoseconds spent releasing 0 JDBC connections;
    9042 nanoseconds spent preparing 2 JDBC statements;
    234167 nanoseconds spent executing 1 JDBC statements;
    431292 nanoseconds spent executing 1 JDBC batches;
    0 nanoseconds spent performing 0 L2C puts;
    0 nanoseconds spent performing 0 L2C hits;
    0 nanoseconds spent performing 0 L2C misses;
    775208 nanoseconds spent executing 1 flushes (flushing a total of 1 entities and 1 collections);
    0 nanoseconds spent executing 0 partial-flushes (flushing a total of 0 entities and 0 collections)
}
&amp#27;[2m2025-05-11T11:17:47.624-03:00&amp#27;[0;39m &amp#27;[32mDEBUG&amp#27;[0;39m &amp#27;[35m16907&amp#27;[0;39m &amp#27;[2m---&amp#27;[0;39m &amp#27;[2m[           main]&amp#27;[0;39m &amp#27;[2m&amp#27;[0;39m&amp#27;[36morg.hibernate.SQL                       &amp#27;[0;39m &amp#27;[2m:&amp#27;[0;39m 
    /* <criteria> */ select
        d1_0.id,
        d1_0.actualizado_en,
        d1_0.codigo_penal,
        d1_0.creado_en,
        d1_0.descripcion,
        d1_0.nombre,
        d1_0.pena_maxima,
        d1_0.pena_minima,
        d1_0.tipo_pena,
        d1_0.valoracion 
    from
        delito d1_0 
    where
        upper(d1_0.nombre) like upper(?) escape '\'
Hibernate: 
    /* <criteria> */ select
        d1_0.id,
        d1_0.actualizado_en,
        d1_0.codigo_penal,
        d1_0.creado_en,
        d1_0.descripcion,
        d1_0.nombre,
        d1_0.pena_maxima,
        d1_0.pena_minima,
        d1_0.tipo_pena,
        d1_0.valoracion 
    from
        delito d1_0 
    where
        upper(d1_0.nombre) like upper(?) escape '\'
&amp#27;[2m2025-05-11T11:17:47.625-03:00&amp#27;[0;39m &amp#27;[32m INFO&amp#27;[0;39m &amp#27;[35m16907&amp#27;[0;39m &amp#27;[2m---&amp#27;[0;39m &amp#27;[2m[           main]&amp#27;[0;39m &amp#27;[2m&amp#27;[0;39m&amp#27;[36mi.StatisticalLoggingSessionEventListener&amp#27;[0;39m &amp#27;[2m:&amp#27;[0;39m Session Metrics {
    3334 nanoseconds spent acquiring 1 JDBC connections;
    0 nanoseconds spent releasing 0 JDBC connections;
    14666 nanoseconds spent preparing 1 JDBC statements;
    1114709 nanoseconds spent executing 1 JDBC statements;
    0 nanoseconds spent executing 0 JDBC batches;
    0 nanoseconds spent performing 0 L2C puts;
    0 nanoseconds spent performing 0 L2C hits;
    0 nanoseconds spent performing 0 L2C misses;
    0 nanoseconds spent executing 0 flushes (flushing a total of 0 entities and 0 collections);
    0 nanoseconds spent executing 0 partial-flushes (flushing a total of 0 entities and 0 collections)
}
&amp#27;[2m2025-05-11T11:17:47.626-03:00&amp#27;[0;39m &amp#27;[32mDEBUG&amp#27;[0;39m &amp#27;[35m16907&amp#27;[0;39m &amp#27;[2m---&amp#27;[0;39m &amp#27;[2m[           main]&amp#27;[0;39m &amp#27;[2m&amp#27;[0;39m&amp#27;[36morg.hibernate.SQL                       &amp#27;[0;39m &amp#27;[2m:&amp#27;[0;39m 
    select
        seq_delito.nextval 
    from
        dual
Hibernate: 
    select
        seq_delito.nextval 
    from
        dual
&amp#27;[2m2025-05-11T11:17:47.626-03:00&amp#27;[0;39m &amp#27;[32mDEBUG&amp#27;[0;39m &amp#27;[35m16907&amp#27;[0;39m &amp#27;[2m---&amp#27;[0;39m &amp#27;[2m[           main]&amp#27;[0;39m &amp#27;[2m&amp#27;[0;39m&amp#27;[36morg.hibernate.SQL                       &amp#27;[0;39m &amp#27;[2m:&amp#27;[0;39m 
    /* insert for
        com.cufre.expedientes.model.Delito */insert 
    into
        delito (actualizado_en, codigo_penal, creado_en, descripcion, nombre, pena_maxima, pena_minima, tipo_pena, valoracion, id) 
    values
        (?, ?, ?, ?, ?, ?, ?, ?, ?, ?)
Hibernate: 
    /* insert for
        com.cufre.expedientes.model.Delito */insert 
    into
        delito (actualizado_en, codigo_penal, creado_en, descripcion, nombre, pena_maxima, pena_minima, tipo_pena, valoracion, id) 
    values
        (?, ?, ?, ?, ?, ?, ?, ?, ?, ?)
&amp#27;[2m2025-05-11T11:17:47.628-03:00&amp#27;[0;39m &amp#27;[32m INFO&amp#27;[0;39m &amp#27;[35m16907&amp#27;[0;39m &amp#27;[2m---&amp#27;[0;39m &amp#27;[2m[           main]&amp#27;[0;39m &amp#27;[2m&amp#27;[0;39m&amp#27;[36mi.StatisticalLoggingSessionEventListener&amp#27;[0;39m &amp#27;[2m:&amp#27;[0;39m Session Metrics {
    1917 nanoseconds spent acquiring 1 JDBC connections;
    0 nanoseconds spent releasing 0 JDBC connections;
    9667 nanoseconds spent preparing 2 JDBC statements;
    281250 nanoseconds spent executing 1 JDBC statements;
    376000 nanoseconds spent executing 1 JDBC batches;
    0 nanoseconds spent performing 0 L2C puts;
    0 nanoseconds spent performing 0 L2C hits;
    0 nanoseconds spent performing 0 L2C misses;
    699166 nanoseconds spent executing 1 flushes (flushing a total of 1 entities and 1 collections);
    0 nanoseconds spent executing 0 partial-flushes (flushing a total of 0 entities and 0 collections)
}
&amp#27;[2m2025-05-11T11:17:47.628-03:00&amp#27;[0;39m &amp#27;[32mDEBUG&amp#27;[0;39m &amp#27;[35m16907&amp#27;[0;39m &amp#27;[2m---&amp#27;[0;39m &amp#27;[2m[           main]&amp#27;[0;39m &amp#27;[2m&amp#27;[0;39m&amp#27;[36morg.hibernate.SQL                       &amp#27;[0;39m &amp#27;[2m:&amp#27;[0;39m 
    /* <criteria> */ select
        d1_0.id,
        d1_0.actualizado_en,
        d1_0.codigo_penal,
        d1_0.creado_en,
        d1_0.descripcion,
        d1_0.nombre,
        d1_0.pena_maxima,
        d1_0.pena_minima,
        d1_0.tipo_pena,
        d1_0.valoracion 
    from
        delito d1_0 
    where
        upper(d1_0.nombre) like upper(?) escape '\'
Hibernate: 
    /* <criteria> */ select
        d1_0.id,
        d1_0.actualizado_en,
        d1_0.codigo_penal,
        d1_0.creado_en,
        d1_0.descripcion,
        d1_0.nombre,
        d1_0.pena_maxima,
        d1_0.pena_minima,
        d1_0.tipo_pena,
        d1_0.valoracion 
    from
        delito d1_0 
    where
        upper(d1_0.nombre) like upper(?) escape '\'
&amp#27;[2m2025-05-11T11:17:47.629-03:00&amp#27;[0;39m &amp#27;[32m INFO&amp#27;[0;39m &amp#27;[35m16907&amp#27;[0;39m &amp#27;[2m---&amp#27;[0;39m &amp#27;[2m[           main]&amp#27;[0;39m &amp#27;[2m&amp#27;[0;39m&amp#27;[36mi.StatisticalLoggingSessionEventListener&amp#27;[0;39m &amp#27;[2m:&amp#27;[0;39m Session Metrics {
    3542 nanoseconds spent acquiring 1 JDBC connections;
    0 nanoseconds spent releasing 0 JDBC connections;
    13583 nanoseconds spent preparing 1 JDBC statements;
    1159500 nanoseconds spent executing 1 JDBC statements;
    0 nanoseconds spent executing 0 JDBC batches;
    0 nanoseconds spent performing 0 L2C puts;
    0 nanoseconds spent performing 0 L2C hits;
    0 nanoseconds spent performing 0 L2C misses;
    0 nanoseconds spent executing 0 flushes (flushing a total of 0 entities and 0 collections);
    0 nanoseconds spent executing 0 partial-flushes (flushing a total of 0 entities and 0 collections)
}
&amp#27;[2m2025-05-11T11:17:47.630-03:00&amp#27;[0;39m &amp#27;[32mDEBUG&amp#27;[0;39m &amp#27;[35m16907&amp#27;[0;39m &amp#27;[2m---&amp#27;[0;39m &amp#27;[2m[           main]&amp#27;[0;39m &amp#27;[2m&amp#27;[0;39m&amp#27;[36morg.hibernate.SQL                       &amp#27;[0;39m &amp#27;[2m:&amp#27;[0;39m 
    select
        seq_delito.nextval 
    from
        dual
Hibernate: 
    select
        seq_delito.nextval 
    from
        dual
&amp#27;[2m2025-05-11T11:17:47.630-03:00&amp#27;[0;39m &amp#27;[32mDEBUG&amp#27;[0;39m &amp#27;[35m16907&amp#27;[0;39m &amp#27;[2m---&amp#27;[0;39m &amp#27;[2m[           main]&amp#27;[0;39m &amp#27;[2m&amp#27;[0;39m&amp#27;[36morg.hibernate.SQL                       &amp#27;[0;39m &amp#27;[2m:&amp#27;[0;39m 
    /* insert for
        com.cufre.expedientes.model.Delito */insert 
    into
        delito (actualizado_en, codigo_penal, creado_en, descripcion, nombre, pena_maxima, pena_minima, tipo_pena, valoracion, id) 
    values
        (?, ?, ?, ?, ?, ?, ?, ?, ?, ?)
Hibernate: 
    /* insert for
        com.cufre.expedientes.model.Delito */insert 
    into
        delito (actualizado_en, codigo_penal, creado_en, descripcion, nombre, pena_maxima, pena_minima, tipo_pena, valoracion, id) 
    values
        (?, ?, ?, ?, ?, ?, ?, ?, ?, ?)
&amp#27;[2m2025-05-11T11:17:47.631-03:00&amp#27;[0;39m &amp#27;[32m INFO&amp#27;[0;39m &amp#27;[35m16907&amp#27;[0;39m &amp#27;[2m---&amp#27;[0;39m &amp#27;[2m[           main]&amp#27;[0;39m &amp#27;[2m&amp#27;[0;39m&amp#27;[36mi.StatisticalLoggingSessionEventListener&amp#27;[0;39m &amp#27;[2m:&amp#27;[0;39m Session Metrics {
    1792 nanoseconds spent acquiring 1 JDBC connections;
    0 nanoseconds spent releasing 0 JDBC connections;
    9124 nanoseconds spent preparing 2 JDBC statements;
    291250 nanoseconds spent executing 1 JDBC statements;
    341500 nanoseconds spent executing 1 JDBC batches;
    0 nanoseconds spent performing 0 L2C puts;
    0 nanoseconds spent performing 0 L2C hits;
    0 nanoseconds spent performing 0 L2C misses;
    679584 nanoseconds spent executing 1 flushes (flushing a total of 1 entities and 1 collections);
    0 nanoseconds spent executing 0 partial-flushes (flushing a total of 0 entities and 0 collections)
}
&amp#27;[2m2025-05-11T11:17:47.632-03:00&amp#27;[0;39m &amp#27;[32mDEBUG&amp#27;[0;39m &amp#27;[35m16907&amp#27;[0;39m &amp#27;[2m---&amp#27;[0;39m &amp#27;[2m[           main]&amp#27;[0;39m &amp#27;[2m&amp#27;[0;39m&amp#27;[36morg.hibernate.SQL                       &amp#27;[0;39m &amp#27;[2m:&amp#27;[0;39m 
    /* <criteria> */ select
        d1_0.id,
        d1_0.actualizado_en,
        d1_0.codigo_penal,
        d1_0.creado_en,
        d1_0.descripcion,
        d1_0.nombre,
        d1_0.pena_maxima,
        d1_0.pena_minima,
        d1_0.tipo_pena,
        d1_0.valoracion 
    from
        delito d1_0 
    where
        upper(d1_0.nombre) like upper(?) escape '\'
Hibernate: 
    /* <criteria> */ select
        d1_0.id,
        d1_0.actualizado_en,
        d1_0.codigo_penal,
        d1_0.creado_en,
        d1_0.descripcion,
        d1_0.nombre,
        d1_0.pena_maxima,
        d1_0.pena_minima,
        d1_0.tipo_pena,
        d1_0.valoracion 
    from
        delito d1_0 
    where
        upper(d1_0.nombre) like upper(?) escape '\'
&amp#27;[2m2025-05-11T11:17:47.633-03:00&amp#27;[0;39m &amp#27;[32m INFO&amp#27;[0;39m &amp#27;[35m16907&amp#27;[0;39m &amp#27;[2m---&amp#27;[0;39m &amp#27;[2m[           main]&amp#27;[0;39m &amp#27;[2m&amp#27;[0;39m&amp#27;[36mi.StatisticalLoggingSessionEventListener&amp#27;[0;39m &amp#27;[2m:&amp#27;[0;39m Session Metrics {
    3125 nanoseconds spent acquiring 1 JDBC connections;
    0 nanoseconds spent releasing 0 JDBC connections;
    10875 nanoseconds spent preparing 1 JDBC statements;
    1012167 nanoseconds spent executing 1 JDBC statements;
    0 nanoseconds spent executing 0 JDBC batches;
    0 nanoseconds spent performing 0 L2C puts;
    0 nanoseconds spent performing 0 L2C hits;
    0 nanoseconds spent performing 0 L2C misses;
    0 nanoseconds spent executing 0 flushes (flushing a total of 0 entities and 0 collections);
    0 nanoseconds spent executing 0 partial-flushes (flushing a total of 0 entities and 0 collections)
}
&amp#27;[2m2025-05-11T11:17:47.633-03:00&amp#27;[0;39m &amp#27;[32mDEBUG&amp#27;[0;39m &amp#27;[35m16907&amp#27;[0;39m &amp#27;[2m---&amp#27;[0;39m &amp#27;[2m[           main]&amp#27;[0;39m &amp#27;[2m&amp#27;[0;39m&amp#27;[36morg.hibernate.SQL                       &amp#27;[0;39m &amp#27;[2m:&amp#27;[0;39m 
    select
        seq_delito.nextval 
    from
        dual
Hibernate: 
    select
        seq_delito.nextval 
    from
        dual
&amp#27;[2m2025-05-11T11:17:47.634-03:00&amp#27;[0;39m &amp#27;[32mDEBUG&amp#27;[0;39m &amp#27;[35m16907&amp#27;[0;39m &amp#27;[2m---&amp#27;[0;39m &amp#27;[2m[           main]&amp#27;[0;39m &amp#27;[2m&amp#27;[0;39m&amp#27;[36morg.hibernate.SQL                       &amp#27;[0;39m &amp#27;[2m:&amp#27;[0;39m 
    /* insert for
        com.cufre.expedientes.model.Delito */insert 
    into
        delito (actualizado_en, codigo_penal, creado_en, descripcion, nombre, pena_maxima, pena_minima, tipo_pena, valoracion, id) 
    values
        (?, ?, ?, ?, ?, ?, ?, ?, ?, ?)
Hibernate: 
    /* insert for
        com.cufre.expedientes.model.Delito */insert 
    into
        delito (actualizado_en, codigo_penal, creado_en, descripcion, nombre, pena_maxima, pena_minima, tipo_pena, valoracion, id) 
    values
        (?, ?, ?, ?, ?, ?, ?, ?, ?, ?)
&amp#27;[2m2025-05-11T11:17:47.635-03:00&amp#27;[0;39m &amp#27;[32m INFO&amp#27;[0;39m &amp#27;[35m16907&amp#27;[0;39m &amp#27;[2m---&amp#27;[0;39m &amp#27;[2m[           main]&amp#27;[0;39m &amp#27;[2m&amp#27;[0;39m&amp#27;[36mi.StatisticalLoggingSessionEventListener&amp#27;[0;39m &amp#27;[2m:&amp#27;[0;39m Session Metrics {
    1458 nanoseconds spent acquiring 1 JDBC connections;
    0 nanoseconds spent releasing 0 JDBC connections;
    7084 nanoseconds spent preparing 2 JDBC statements;
    240541 nanoseconds spent executing 1 JDBC statements;
    334708 nanoseconds spent executing 1 JDBC batches;
    0 nanoseconds spent performing 0 L2C puts;
    0 nanoseconds spent performing 0 L2C hits;
    0 nanoseconds spent performing 0 L2C misses;
    596375 nanoseconds spent executing 1 flushes (flushing a total of 1 entities and 1 collections);
    0 nanoseconds spent executing 0 partial-flushes (flushing a total of 0 entities and 0 collections)
}
&amp#27;[2m2025-05-11T11:17:47.635-03:00&amp#27;[0;39m &amp#27;[32mDEBUG&amp#27;[0;39m &amp#27;[35m16907&amp#27;[0;39m &amp#27;[2m---&amp#27;[0;39m &amp#27;[2m[           main]&amp#27;[0;39m &amp#27;[2m&amp#27;[0;39m&amp#27;[36morg.hibernate.SQL                       &amp#27;[0;39m &amp#27;[2m:&amp#27;[0;39m 
    /* <criteria> */ select
        d1_0.id,
        d1_0.actualizado_en,
        d1_0.codigo_penal,
        d1_0.creado_en,
        d1_0.descripcion,
        d1_0.nombre,
        d1_0.pena_maxima,
        d1_0.pena_minima,
        d1_0.tipo_pena,
        d1_0.valoracion 
    from
        delito d1_0 
    where
        upper(d1_0.nombre) like upper(?) escape '\'
Hibernate: 
    /* <criteria> */ select
        d1_0.id,
        d1_0.actualizado_en,
        d1_0.codigo_penal,
        d1_0.creado_en,
        d1_0.descripcion,
        d1_0.nombre,
        d1_0.pena_maxima,
        d1_0.pena_minima,
        d1_0.tipo_pena,
        d1_0.valoracion 
    from
        delito d1_0 
    where
        upper(d1_0.nombre) like upper(?) escape '\'
&amp#27;[2m2025-05-11T11:17:47.636-03:00&amp#27;[0;39m &amp#27;[32m INFO&amp#27;[0;39m &amp#27;[35m16907&amp#27;[0;39m &amp#27;[2m---&amp#27;[0;39m &amp#27;[2m[           main]&amp#27;[0;39m &amp#27;[2m&amp#27;[0;39m&amp#27;[36mi.StatisticalLoggingSessionEventListener&amp#27;[0;39m &amp#27;[2m:&amp#27;[0;39m Session Metrics {
    2667 nanoseconds spent acquiring 1 JDBC connections;
    0 nanoseconds spent releasing 0 JDBC connections;
    10042 nanoseconds spent preparing 1 JDBC statements;
    1095459 nanoseconds spent executing 1 JDBC statements;
    0 nanoseconds spent executing 0 JDBC batches;
    0 nanoseconds spent performing 0 L2C puts;
    0 nanoseconds spent performing 0 L2C hits;
    0 nanoseconds spent performing 0 L2C misses;
    0 nanoseconds spent executing 0 flushes (flushing a total of 0 entities and 0 collections);
    0 nanoseconds spent executing 0 partial-flushes (flushing a total of 0 entities and 0 collections)
}
&amp#27;[2m2025-05-11T11:17:47.637-03:00&amp#27;[0;39m &amp#27;[32mDEBUG&amp#27;[0;39m &amp#27;[35m16907&amp#27;[0;39m &amp#27;[2m---&amp#27;[0;39m &amp#27;[2m[           main]&amp#27;[0;39m &amp#27;[2m&amp#27;[0;39m&amp#27;[36morg.hibernate.SQL                       &amp#27;[0;39m &amp#27;[2m:&amp#27;[0;39m 
    /* <criteria> */ select
        d1_0.id,
        d1_0.actualizado_en,
        d1_0.codigo_penal,
        d1_0.creado_en,
        d1_0.descripcion,
        d1_0.nombre,
        d1_0.pena_maxima,
        d1_0.pena_minima,
        d1_0.tipo_pena,
        d1_0.valoracion 
    from
        delito d1_0 
    where
        upper(d1_0.nombre) like upper(?) escape '\'
Hibernate: 
    /* <criteria> */ select
        d1_0.id,
        d1_0.actualizado_en,
        d1_0.codigo_penal,
        d1_0.creado_en,
        d1_0.descripcion,
        d1_0.nombre,
        d1_0.pena_maxima,
        d1_0.pena_minima,
        d1_0.tipo_pena,
        d1_0.valoracion 
    from
        delito d1_0 
    where
        upper(d1_0.nombre) like upper(?) escape '\'
&amp#27;[2m2025-05-11T11:17:47.638-03:00&amp#27;[0;39m &amp#27;[32m INFO&amp#27;[0;39m &amp#27;[35m16907&amp#27;[0;39m &amp#27;[2m---&amp#27;[0;39m &amp#27;[2m[           main]&amp#27;[0;39m &amp#27;[2m&amp#27;[0;39m&amp#27;[36mi.StatisticalLoggingSessionEventListener&amp#27;[0;39m &amp#27;[2m:&amp#27;[0;39m Session Metrics {
    3417 nanoseconds spent acquiring 1 JDBC connections;
    0 nanoseconds spent releasing 0 JDBC connections;
    13125 nanoseconds spent preparing 1 JDBC statements;
    1109542 nanoseconds spent executing 1 JDBC statements;
    0 nanoseconds spent executing 0 JDBC batches;
    0 nanoseconds spent performing 0 L2C puts;
    0 nanoseconds spent performing 0 L2C hits;
    0 nanoseconds spent performing 0 L2C misses;
    0 nanoseconds spent executing 0 flushes (flushing a total of 0 entities and 0 collections);
    0 nanoseconds spent executing 0 partial-flushes (flushing a total of 0 entities and 0 collections)
}
&amp#27;[2m2025-05-11T11:17:47.638-03:00&amp#27;[0;39m &amp#27;[32mDEBUG&amp#27;[0;39m &amp#27;[35m16907&amp#27;[0;39m &amp#27;[2m---&amp#27;[0;39m &amp#27;[2m[           main]&amp#27;[0;39m &amp#27;[2m&amp#27;[0;39m&amp#27;[36morg.hibernate.SQL                       &amp#27;[0;39m &amp#27;[2m:&amp#27;[0;39m 
    select
        seq_delito.nextval 
    from
        dual
Hibernate: 
    select
        seq_delito.nextval 
    from
        dual
&amp#27;[2m2025-05-11T11:17:47.639-03:00&amp#27;[0;39m &amp#27;[32mDEBUG&amp#27;[0;39m &amp#27;[35m16907&amp#27;[0;39m &amp#27;[2m---&amp#27;[0;39m &amp#27;[2m[           main]&amp#27;[0;39m &amp#27;[2m&amp#27;[0;39m&amp#27;[36morg.hibernate.SQL                       &amp#27;[0;39m &amp#27;[2m:&amp#27;[0;39m 
    /* insert for
        com.cufre.expedientes.model.Delito */insert 
    into
        delito (actualizado_en, codigo_penal, creado_en, descripcion, nombre, pena_maxima, pena_minima, tipo_pena, valoracion, id) 
    values
        (?, ?, ?, ?, ?, ?, ?, ?, ?, ?)
Hibernate: 
    /* insert for
        com.cufre.expedientes.model.Delito */insert 
    into
        delito (actualizado_en, codigo_penal, creado_en, descripcion, nombre, pena_maxima, pena_minima, tipo_pena, valoracion, id) 
    values
        (?, ?, ?, ?, ?, ?, ?, ?, ?, ?)
&amp#27;[2m2025-05-11T11:17:47.640-03:00&amp#27;[0;39m &amp#27;[32m INFO&amp#27;[0;39m &amp#27;[35m16907&amp#27;[0;39m &amp#27;[2m---&amp#27;[0;39m &amp#27;[2m[           main]&amp#27;[0;39m &amp#27;[2m&amp#27;[0;39m&amp#27;[36mi.StatisticalLoggingSessionEventListener&amp#27;[0;39m &amp#27;[2m:&amp#27;[0;39m Session Metrics {
    2000 nanoseconds spent acquiring 1 JDBC connections;
    0 nanoseconds spent releasing 0 JDBC connections;
    9501 nanoseconds spent preparing 2 JDBC statements;
    285750 nanoseconds spent executing 1 JDBC statements;
    380250 nanoseconds spent executing 1 JDBC batches;
    0 nanoseconds spent performing 0 L2C puts;
    0 nanoseconds spent performing 0 L2C hits;
    0 nanoseconds spent performing 0 L2C misses;
    683709 nanoseconds spent executing 1 flushes (flushing a total of 1 entities and 1 collections);
    0 nanoseconds spent executing 0 partial-flushes (flushing a total of 0 entities and 0 collections)
}
&amp#27;[2m2025-05-11T11:17:47.641-03:00&amp#27;[0;39m &amp#27;[32mDEBUG&amp#27;[0;39m &amp#27;[35m16907&amp#27;[0;39m &amp#27;[2m---&amp#27;[0;39m &amp#27;[2m[           main]&amp#27;[0;39m &amp#27;[2m&amp#27;[0;39m&amp#27;[36morg.hibernate.SQL                       &amp#27;[0;39m &amp#27;[2m:&amp#27;[0;39m 
    /* <criteria> */ select
        d1_0.id,
        d1_0.actualizado_en,
        d1_0.codigo_penal,
        d1_0.creado_en,
        d1_0.descripcion,
        d1_0.nombre,
        d1_0.pena_maxima,
        d1_0.pena_minima,
        d1_0.tipo_pena,
        d1_0.valoracion 
    from
        delito d1_0 
    where
        upper(d1_0.nombre) like upper(?) escape '\'
Hibernate: 
    /* <criteria> */ select
        d1_0.id,
        d1_0.actualizado_en,
        d1_0.codigo_penal,
        d1_0.creado_en,
        d1_0.descripcion,
        d1_0.nombre,
        d1_0.pena_maxima,
        d1_0.pena_minima,
        d1_0.tipo_pena,
        d1_0.valoracion 
    from
        delito d1_0 
    where
        upper(d1_0.nombre) like upper(?) escape '\'
&amp#27;[2m2025-05-11T11:17:47.642-03:00&amp#27;[0;39m &amp#27;[32m INFO&amp#27;[0;39m &amp#27;[35m16907&amp#27;[0;39m &amp#27;[2m---&amp#27;[0;39m &amp#27;[2m[           main]&amp#27;[0;39m &amp#27;[2m&amp#27;[0;39m&amp#27;[36mi.StatisticalLoggingSessionEventListener&amp#27;[0;39m &amp#27;[2m:&amp#27;[0;39m Session Metrics {
    3583 nanoseconds spent acquiring 1 JDBC connections;
    0 nanoseconds spent releasing 0 JDBC connections;
    13333 nanoseconds spent preparing 1 JDBC statements;
    1136292 nanoseconds spent executing 1 JDBC statements;
    0 nanoseconds spent executing 0 JDBC batches;
    0 nanoseconds spent performing 0 L2C puts;
    0 nanoseconds spent performing 0 L2C hits;
    0 nanoseconds spent performing 0 L2C misses;
    0 nanoseconds spent executing 0 flushes (flushing a total of 0 entities and 0 collections);
    0 nanoseconds spent executing 0 partial-flushes (flushing a total of 0 entities and 0 collections)
}
&amp#27;[2m2025-05-11T11:17:47.642-03:00&amp#27;[0;39m &amp#27;[32mDEBUG&amp#27;[0;39m &amp#27;[35m16907&amp#27;[0;39m &amp#27;[2m---&amp#27;[0;39m &amp#27;[2m[           main]&amp#27;[0;39m &amp#27;[2m&amp#27;[0;39m&amp#27;[36morg.hibernate.SQL                       &amp#27;[0;39m &amp#27;[2m:&amp#27;[0;39m 
    select
        seq_delito.nextval 
    from
        dual
Hibernate: 
    select
        seq_delito.nextval 
    from
        dual
&amp#27;[2m2025-05-11T11:17:47.643-03:00&amp#27;[0;39m &amp#27;[32mDEBUG&amp#27;[0;39m &amp#27;[35m16907&amp#27;[0;39m &amp#27;[2m---&amp#27;[0;39m &amp#27;[2m[           main]&amp#27;[0;39m &amp#27;[2m&amp#27;[0;39m&amp#27;[36morg.hibernate.SQL                       &amp#27;[0;39m &amp#27;[2m:&amp#27;[0;39m 
    /* insert for
        com.cufre.expedientes.model.Delito */insert 
    into
        delito (actualizado_en, codigo_penal, creado_en, descripcion, nombre, pena_maxima, pena_minima, tipo_pena, valoracion, id) 
    values
        (?, ?, ?, ?, ?, ?, ?, ?, ?, ?)
Hibernate: 
    /* insert for
        com.cufre.expedientes.model.Delito */insert 
    into
        delito (actualizado_en, codigo_penal, creado_en, descripcion, nombre, pena_maxima, pena_minima, tipo_pena, valoracion, id) 
    values
        (?, ?, ?, ?, ?, ?, ?, ?, ?, ?)
&amp#27;[2m2025-05-11T11:17:47.644-03:00&amp#27;[0;39m &amp#27;[32m INFO&amp#27;[0;39m &amp#27;[35m16907&amp#27;[0;39m &amp#27;[2m---&amp#27;[0;39m &amp#27;[2m[           main]&amp#27;[0;39m &amp#27;[2m&amp#27;[0;39m&amp#27;[36mi.StatisticalLoggingSessionEventListener&amp#27;[0;39m &amp#27;[2m:&amp#27;[0;39m Session Metrics {
    2417 nanoseconds spent acquiring 1 JDBC connections;
    0 nanoseconds spent releasing 0 JDBC connections;
    10292 nanoseconds spent preparing 2 JDBC statements;
    326916 nanoseconds spent executing 1 JDBC statements;
    440708 nanoseconds spent executing 1 JDBC batches;
    0 nanoseconds spent performing 0 L2C puts;
    0 nanoseconds spent performing 0 L2C hits;
    0 nanoseconds spent performing 0 L2C misses;
    728500 nanoseconds spent executing 1 flushes (flushing a total of 1 entities and 1 collections);
    0 nanoseconds spent executing 0 partial-flushes (flushing a total of 0 entities and 0 collections)
}
&amp#27;[2m2025-05-11T11:17:47.644-03:00&amp#27;[0;39m &amp#27;[32mDEBUG&amp#27;[0;39m &amp#27;[35m16907&amp#27;[0;39m &amp#27;[2m---&amp#27;[0;39m &amp#27;[2m[           main]&amp#27;[0;39m &amp#27;[2m&amp#27;[0;39m&amp#27;[36morg.hibernate.SQL                       &amp#27;[0;39m &amp#27;[2m:&amp#27;[0;39m 
    /* <criteria> */ select
        d1_0.id,
        d1_0.actualizado_en,
        d1_0.codigo_penal,
        d1_0.creado_en,
        d1_0.descripcion,
        d1_0.nombre,
        d1_0.pena_maxima,
        d1_0.pena_minima,
        d1_0.tipo_pena,
        d1_0.valoracion 
    from
        delito d1_0 
    where
        upper(d1_0.nombre) like upper(?) escape '\'
Hibernate: 
    /* <criteria> */ select
        d1_0.id,
        d1_0.actualizado_en,
        d1_0.codigo_penal,
        d1_0.creado_en,
        d1_0.descripcion,
        d1_0.nombre,
        d1_0.pena_maxima,
        d1_0.pena_minima,
        d1_0.tipo_pena,
        d1_0.valoracion 
    from
        delito d1_0 
    where
        upper(d1_0.nombre) like upper(?) escape '\'
&amp#27;[2m2025-05-11T11:17:47.646-03:00&amp#27;[0;39m &amp#27;[32m INFO&amp#27;[0;39m &amp#27;[35m16907&amp#27;[0;39m &amp#27;[2m---&amp#27;[0;39m &amp#27;[2m[           main]&amp#27;[0;39m &amp#27;[2m&amp#27;[0;39m&amp#27;[36mi.StatisticalLoggingSessionEventListener&amp#27;[0;39m &amp#27;[2m:&amp#27;[0;39m Session Metrics {
    2875 nanoseconds spent acquiring 1 JDBC connections;
    0 nanoseconds spent releasing 0 JDBC connections;
    11417 nanoseconds spent preparing 1 JDBC statements;
    1141958 nanoseconds spent executing 1 JDBC statements;
    0 nanoseconds spent executing 0 JDBC batches;
    0 nanoseconds spent performing 0 L2C puts;
    0 nanoseconds spent performing 0 L2C hits;
    0 nanoseconds spent performing 0 L2C misses;
    0 nanoseconds spent executing 0 flushes (flushing a total of 0 entities and 0 collections);
    0 nanoseconds spent executing 0 partial-flushes (flushing a total of 0 entities and 0 collections)
}
&amp#27;[2m2025-05-11T11:17:47.646-03:00&amp#27;[0;39m &amp#27;[32mDEBUG&amp#27;[0;39m &amp#27;[35m16907&amp#27;[0;39m &amp#27;[2m---&amp#27;[0;39m &amp#27;[2m[           main]&amp#27;[0;39m &amp#27;[2m&amp#27;[0;39m&amp#27;[36morg.hibernate.SQL                       &amp#27;[0;39m &amp#27;[2m:&amp#27;[0;39m 
    select
        seq_delito.nextval 
    from
        dual
Hibernate: 
    select
        seq_delito.nextval 
    from
        dual
&amp#27;[2m2025-05-11T11:17:47.647-03:00&amp#27;[0;39m &amp#27;[32mDEBUG&amp#27;[0;39m &amp#27;[35m16907&amp#27;[0;39m &amp#27;[2m---&amp#27;[0;39m &amp#27;[2m[           main]&amp#27;[0;39m &amp#27;[2m&amp#27;[0;39m&amp#27;[36morg.hibernate.SQL                       &amp#27;[0;39m &amp#27;[2m:&amp#27;[0;39m 
    /* insert for
        com.cufre.expedientes.model.Delito */insert 
    into
        delito (actualizado_en, codigo_penal, creado_en, descripcion, nombre, pena_maxima, pena_minima, tipo_pena, valoracion, id) 
    values
        (?, ?, ?, ?, ?, ?, ?, ?, ?, ?)
Hibernate: 
    /* insert for
        com.cufre.expedientes.model.Delito */insert 
    into
        delito (actualizado_en, codigo_penal, creado_en, descripcion, nombre, pena_maxima, pena_minima, tipo_pena, valoracion, id) 
    values
        (?, ?, ?, ?, ?, ?, ?, ?, ?, ?)
&amp#27;[2m2025-05-11T11:17:47.648-03:00&amp#27;[0;39m &amp#27;[32m INFO&amp#27;[0;39m &amp#27;[35m16907&amp#27;[0;39m &amp#27;[2m---&amp#27;[0;39m &amp#27;[2m[           main]&amp#27;[0;39m &amp#27;[2m&amp#27;[0;39m&amp#27;[36mi.StatisticalLoggingSessionEventListener&amp#27;[0;39m &amp#27;[2m:&amp#27;[0;39m Session Metrics {
    3625 nanoseconds spent acquiring 1 JDBC connections;
    0 nanoseconds spent releasing 0 JDBC connections;
    26583 nanoseconds spent preparing 2 JDBC statements;
    1046834 nanoseconds spent executing 1 JDBC statements;
    416042 nanoseconds spent executing 1 JDBC batches;
    0 nanoseconds spent performing 0 L2C puts;
    0 nanoseconds spent performing 0 L2C hits;
    0 nanoseconds spent performing 0 L2C misses;
    777625 nanoseconds spent executing 1 flushes (flushing a total of 1 entities and 1 collections);
    0 nanoseconds spent executing 0 partial-flushes (flushing a total of 0 entities and 0 collections)
}
&amp#27;[2m2025-05-11T11:17:47.649-03:00&amp#27;[0;39m &amp#27;[32mDEBUG&amp#27;[0;39m &amp#27;[35m16907&amp#27;[0;39m &amp#27;[2m---&amp#27;[0;39m &amp#27;[2m[           main]&amp#27;[0;39m &amp#27;[2m&amp#27;[0;39m&amp#27;[36morg.hibernate.SQL                       &amp#27;[0;39m &amp#27;[2m:&amp#27;[0;39m 
    /* <criteria> */ select
        d1_0.id,
        d1_0.actualizado_en,
        d1_0.codigo_penal,
        d1_0.creado_en,
        d1_0.descripcion,
        d1_0.nombre,
        d1_0.pena_maxima,
        d1_0.pena_minima,
        d1_0.tipo_pena,
        d1_0.valoracion 
    from
        delito d1_0 
    where
        upper(d1_0.nombre) like upper(?) escape '\'
Hibernate: 
    /* <criteria> */ select
        d1_0.id,
        d1_0.actualizado_en,
        d1_0.codigo_penal,
        d1_0.creado_en,
        d1_0.descripcion,
        d1_0.nombre,
        d1_0.pena_maxima,
        d1_0.pena_minima,
        d1_0.tipo_pena,
        d1_0.valoracion 
    from
        delito d1_0 
    where
        upper(d1_0.nombre) like upper(?) escape '\'
&amp#27;[2m2025-05-11T11:17:47.650-03:00&amp#27;[0;39m &amp#27;[32m INFO&amp#27;[0;39m &amp#27;[35m16907&amp#27;[0;39m &amp#27;[2m---&amp#27;[0;39m &amp#27;[2m[           main]&amp#27;[0;39m &amp#27;[2m&amp#27;[0;39m&amp#27;[36mi.StatisticalLoggingSessionEventListener&amp#27;[0;39m &amp#27;[2m:&amp#27;[0;39m Session Metrics {
    3791 nanoseconds spent acquiring 1 JDBC connections;
    0 nanoseconds spent releasing 0 JDBC connections;
    13708 nanoseconds spent preparing 1 JDBC statements;
    1175375 nanoseconds spent executing 1 JDBC statements;
    0 nanoseconds spent executing 0 JDBC batches;
    0 nanoseconds spent performing 0 L2C puts;
    0 nanoseconds spent performing 0 L2C hits;
    0 nanoseconds spent performing 0 L2C misses;
    0 nanoseconds spent executing 0 flushes (flushing a total of 0 entities and 0 collections);
    0 nanoseconds spent executing 0 partial-flushes (flushing a total of 0 entities and 0 collections)
}
&amp#27;[2m2025-05-11T11:17:47.650-03:00&amp#27;[0;39m &amp#27;[32mDEBUG&amp#27;[0;39m &amp#27;[35m16907&amp#27;[0;39m &amp#27;[2m---&amp#27;[0;39m &amp#27;[2m[           main]&amp#27;[0;39m &amp#27;[2m&amp#27;[0;39m&amp#27;[36morg.hibernate.SQL                       &amp#27;[0;39m &amp#27;[2m:&amp#27;[0;39m 
    select
        seq_delito.nextval 
    from
        dual
Hibernate: 
    select
        seq_delito.nextval 
    from
        dual
&amp#27;[2m2025-05-11T11:17:47.651-03:00&amp#27;[0;39m &amp#27;[32mDEBUG&amp#27;[0;39m &amp#27;[35m16907&amp#27;[0;39m &amp#27;[2m---&amp#27;[0;39m &amp#27;[2m[           main]&amp#27;[0;39m &amp#27;[2m&amp#27;[0;39m&amp#27;[36morg.hibernate.SQL                       &amp#27;[0;39m &amp#27;[2m:&amp#27;[0;39m 
    /* insert for
        com.cufre.expedientes.model.Delito */insert 
    into
        delito (actualizado_en, codigo_penal, creado_en, descripcion, nombre, pena_maxima, pena_minima, tipo_pena, valoracion, id) 
    values
        (?, ?, ?, ?, ?, ?, ?, ?, ?, ?)
Hibernate: 
    /* insert for
        com.cufre.expedientes.model.Delito */insert 
    into
        delito (actualizado_en, codigo_penal, creado_en, descripcion, nombre, pena_maxima, pena_minima, tipo_pena, valoracion, id) 
    values
        (?, ?, ?, ?, ?, ?, ?, ?, ?, ?)
&amp#27;[2m2025-05-11T11:17:47.653-03:00&amp#27;[0;39m &amp#27;[32m INFO&amp#27;[0;39m &amp#27;[35m16907&amp#27;[0;39m &amp#27;[2m---&amp#27;[0;39m &amp#27;[2m[           main]&amp#27;[0;39m &amp#27;[2m&amp#27;[0;39m&amp#27;[36mi.StatisticalLoggingSessionEventListener&amp#27;[0;39m &amp#27;[2m:&amp#27;[0;39m Session Metrics {
    3208 nanoseconds spent acquiring 1 JDBC connections;
    0 nanoseconds spent releasing 0 JDBC connections;
    16000 nanoseconds spent preparing 2 JDBC statements;
    422875 nanoseconds spent executing 1 JDBC statements;
    428166 nanoseconds spent executing 1 JDBC batches;
    0 nanoseconds spent performing 0 L2C puts;
    0 nanoseconds spent performing 0 L2C hits;
    0 nanoseconds spent performing 0 L2C misses;
    770791 nanoseconds spent executing 1 flushes (flushing a total of 1 entities and 1 collections);
    0 nanoseconds spent executing 0 partial-flushes (flushing a total of 0 entities and 0 collections)
}
&amp#27;[2m2025-05-11T11:17:47.653-03:00&amp#27;[0;39m &amp#27;[32mDEBUG&amp#27;[0;39m &amp#27;[35m16907&amp#27;[0;39m &amp#27;[2m---&amp#27;[0;39m &amp#27;[2m[           main]&amp#27;[0;39m &amp#27;[2m&amp#27;[0;39m&amp#27;[36morg.hibernate.SQL                       &amp#27;[0;39m &amp#27;[2m:&amp#27;[0;39m 
    /* <criteria> */ select
        d1_0.id,
        d1_0.actualizado_en,
        d1_0.codigo_penal,
        d1_0.creado_en,
        d1_0.descripcion,
        d1_0.nombre,
        d1_0.pena_maxima,
        d1_0.pena_minima,
        d1_0.tipo_pena,
        d1_0.valoracion 
    from
        delito d1_0 
    where
        upper(d1_0.nombre) like upper(?) escape '\'
Hibernate: 
    /* <criteria> */ select
        d1_0.id,
        d1_0.actualizado_en,
        d1_0.codigo_penal,
        d1_0.creado_en,
        d1_0.descripcion,
        d1_0.nombre,
        d1_0.pena_maxima,
        d1_0.pena_minima,
        d1_0.tipo_pena,
        d1_0.valoracion 
    from
        delito d1_0 
    where
        upper(d1_0.nombre) like upper(?) escape '\'
&amp#27;[2m2025-05-11T11:17:47.655-03:00&amp#27;[0;39m &amp#27;[32m INFO&amp#27;[0;39m &amp#27;[35m16907&amp#27;[0;39m &amp#27;[2m---&amp#27;[0;39m &amp#27;[2m[           main]&amp#27;[0;39m &amp#27;[2m&amp#27;[0;39m&amp#27;[36mi.StatisticalLoggingSessionEventListener&amp#27;[0;39m &amp#27;[2m:&amp#27;[0;39m Session Metrics {
    4709 nanoseconds spent acquiring 1 JDBC connections;
    0 nanoseconds spent releasing 0 JDBC connections;
    17041 nanoseconds spent preparing 1 JDBC statements;
    1152458 nanoseconds spent executing 1 JDBC statements;
    0 nanoseconds spent executing 0 JDBC batches;
    0 nanoseconds spent performing 0 L2C puts;
    0 nanoseconds spent performing 0 L2C hits;
    0 nanoseconds spent performing 0 L2C misses;
    0 nanoseconds spent executing 0 flushes (flushing a total of 0 entities and 0 collections);
    0 nanoseconds spent executing 0 partial-flushes (flushing a total of 0 entities and 0 collections)
}
&amp#27;[2m2025-05-11T11:17:47.655-03:00&amp#27;[0;39m &amp#27;[32mDEBUG&amp#27;[0;39m &amp#27;[35m16907&amp#27;[0;39m &amp#27;[2m---&amp#27;[0;39m &amp#27;[2m[           main]&amp#27;[0;39m &amp#27;[2m&amp#27;[0;39m&amp#27;[36morg.hibernate.SQL                       &amp#27;[0;39m &amp#27;[2m:&amp#27;[0;39m 
    select
        seq_delito.nextval 
    from
        dual
Hibernate: 
    select
        seq_delito.nextval 
    from
        dual
&amp#27;[2m2025-05-11T11:17:47.656-03:00&amp#27;[0;39m &amp#27;[32mDEBUG&amp#27;[0;39m &amp#27;[35m16907&amp#27;[0;39m &amp#27;[2m---&amp#27;[0;39m &amp#27;[2m[           main]&amp#27;[0;39m &amp#27;[2m&amp#27;[0;39m&amp#27;[36morg.hibernate.SQL                       &amp#27;[0;39m &amp#27;[2m:&amp#27;[0;39m 
    /* insert for
        com.cufre.expedientes.model.Delito */insert 
    into
        delito (actualizado_en, codigo_penal, creado_en, descripcion, nombre, pena_maxima, pena_minima, tipo_pena, valoracion, id) 
    values
        (?, ?, ?, ?, ?, ?, ?, ?, ?, ?)
Hibernate: 
    /* insert for
        com.cufre.expedientes.model.Delito */insert 
    into
        delito (actualizado_en, codigo_penal, creado_en, descripcion, nombre, pena_maxima, pena_minima, tipo_pena, valoracion, id) 
    values
        (?, ?, ?, ?, ?, ?, ?, ?, ?, ?)
&amp#27;[2m2025-05-11T11:17:47.658-03:00&amp#27;[0;39m &amp#27;[32m INFO&amp#27;[0;39m &amp#27;[35m16907&amp#27;[0;39m &amp#27;[2m---&amp#27;[0;39m &amp#27;[2m[           main]&amp#27;[0;39m &amp#27;[2m&amp#27;[0;39m&amp#27;[36mi.StatisticalLoggingSessionEventListener&amp#27;[0;39m &amp#27;[2m:&amp#27;[0;39m Session Metrics {
    3291 nanoseconds spent acquiring 1 JDBC connections;
    0 nanoseconds spent releasing 0 JDBC connections;
    18709 nanoseconds spent preparing 2 JDBC statements;
    332334 nanoseconds spent executing 1 JDBC statements;
    726167 nanoseconds spent executing 1 JDBC batches;
    0 nanoseconds spent performing 0 L2C puts;
    0 nanoseconds spent performing 0 L2C hits;
    0 nanoseconds spent performing 0 L2C misses;
    1160666 nanoseconds spent executing 1 flushes (flushing a total of 1 entities and 1 collections);
    0 nanoseconds spent executing 0 partial-flushes (flushing a total of 0 entities and 0 collections)
}
&amp#27;[2m2025-05-11T11:17:47.658-03:00&amp#27;[0;39m &amp#27;[32mDEBUG&amp#27;[0;39m &amp#27;[35m16907&amp#27;[0;39m &amp#27;[2m---&amp#27;[0;39m &amp#27;[2m[           main]&amp#27;[0;39m &amp#27;[2m&amp#27;[0;39m&amp#27;[36morg.hibernate.SQL                       &amp#27;[0;39m &amp#27;[2m:&amp#27;[0;39m 
    /* <criteria> */ select
        d1_0.id,
        d1_0.actualizado_en,
        d1_0.codigo_penal,
        d1_0.creado_en,
        d1_0.descripcion,
        d1_0.nombre,
        d1_0.pena_maxima,
        d1_0.pena_minima,
        d1_0.tipo_pena,
        d1_0.valoracion 
    from
        delito d1_0 
    where
        upper(d1_0.nombre) like upper(?) escape '\'
Hibernate: 
    /* <criteria> */ select
        d1_0.id,
        d1_0.actualizado_en,
        d1_0.codigo_penal,
        d1_0.creado_en,
        d1_0.descripcion,
        d1_0.nombre,
        d1_0.pena_maxima,
        d1_0.pena_minima,
        d1_0.tipo_pena,
        d1_0.valoracion 
    from
        delito d1_0 
    where
        upper(d1_0.nombre) like upper(?) escape '\'
&amp#27;[2m2025-05-11T11:17:47.659-03:00&amp#27;[0;39m &amp#27;[32m INFO&amp#27;[0;39m &amp#27;[35m16907&amp#27;[0;39m &amp#27;[2m---&amp#27;[0;39m &amp#27;[2m[           main]&amp#27;[0;39m &amp#27;[2m&amp#27;[0;39m&amp#27;[36mi.StatisticalLoggingSessionEventListener&amp#27;[0;39m &amp#27;[2m:&amp#27;[0;39m Session Metrics {
    4209 nanoseconds spent acquiring 1 JDBC connections;
    0 nanoseconds spent releasing 0 JDBC connections;
    14250 nanoseconds spent preparing 1 JDBC statements;
    1229042 nanoseconds spent executing 1 JDBC statements;
    0 nanoseconds spent executing 0 JDBC batches;
    0 nanoseconds spent performing 0 L2C puts;
    0 nanoseconds spent performing 0 L2C hits;
    0 nanoseconds spent performing 0 L2C misses;
    0 nanoseconds spent executing 0 flushes (flushing a total of 0 entities and 0 collections);
    0 nanoseconds spent executing 0 partial-flushes (flushing a total of 0 entities and 0 collections)
}
&amp#27;[2m2025-05-11T11:17:47.660-03:00&amp#27;[0;39m &amp#27;[32mDEBUG&amp#27;[0;39m &amp#27;[35m16907&amp#27;[0;39m &amp#27;[2m---&amp#27;[0;39m &amp#27;[2m[           main]&amp#27;[0;39m &amp#27;[2m&amp#27;[0;39m&amp#27;[36morg.hibernate.SQL                       &amp#27;[0;39m &amp#27;[2m:&amp#27;[0;39m 
    select
        seq_delito.nextval 
    from
        dual
Hibernate: 
    select
        seq_delito.nextval 
    from
        dual
&amp#27;[2m2025-05-11T11:17:47.660-03:00&amp#27;[0;39m &amp#27;[32mDEBUG&amp#27;[0;39m &amp#27;[35m16907&amp#27;[0;39m &amp#27;[2m---&amp#27;[0;39m &amp#27;[2m[           main]&amp#27;[0;39m &amp#27;[2m&amp#27;[0;39m&amp#27;[36morg.hibernate.SQL                       &amp#27;[0;39m &amp#27;[2m:&amp#27;[0;39m 
    /* insert for
        com.cufre.expedientes.model.Delito */insert 
    into
        delito (actualizado_en, codigo_penal, creado_en, descripcion, nombre, pena_maxima, pena_minima, tipo_pena, valoracion, id) 
    values
        (?, ?, ?, ?, ?, ?, ?, ?, ?, ?)
Hibernate: 
    /* insert for
        com.cufre.expedientes.model.Delito */insert 
    into
        delito (actualizado_en, codigo_penal, creado_en, descripcion, nombre, pena_maxima, pena_minima, tipo_pena, valoracion, id) 
    values
        (?, ?, ?, ?, ?, ?, ?, ?, ?, ?)
&amp#27;[2m2025-05-11T11:17:47.662-03:00&amp#27;[0;39m &amp#27;[32m INFO&amp#27;[0;39m &amp#27;[35m16907&amp#27;[0;39m &amp#27;[2m---&amp#27;[0;39m &amp#27;[2m[           main]&amp#27;[0;39m &amp#27;[2m&amp#27;[0;39m&amp#27;[36mi.StatisticalLoggingSessionEventListener&amp#27;[0;39m &amp#27;[2m:&amp#27;[0;39m Session Metrics {
    9875 nanoseconds spent acquiring 1 JDBC connections;
    0 nanoseconds spent releasing 0 JDBC connections;
    11917 nanoseconds spent preparing 2 JDBC statements;
    312250 nanoseconds spent executing 1 JDBC statements;
    581292 nanoseconds spent executing 1 JDBC batches;
    0 nanoseconds spent performing 0 L2C puts;
    0 nanoseconds spent performing 0 L2C hits;
    0 nanoseconds spent performing 0 L2C misses;
    943083 nanoseconds spent executing 1 flushes (flushing a total of 1 entities and 1 collections);
    0 nanoseconds spent executing 0 partial-flushes (flushing a total of 0 entities and 0 collections)
}
&amp#27;[2m2025-05-11T11:17:47.662-03:00&amp#27;[0;39m &amp#27;[32mDEBUG&amp#27;[0;39m &amp#27;[35m16907&amp#27;[0;39m &amp#27;[2m---&amp#27;[0;39m &amp#27;[2m[           main]&amp#27;[0;39m &amp#27;[2m&amp#27;[0;39m&amp#27;[36morg.hibernate.SQL                       &amp#27;[0;39m &amp#27;[2m:&amp#27;[0;39m 
    /* <criteria> */ select
        d1_0.id,
        d1_0.actualizado_en,
        d1_0.codigo_penal,
        d1_0.creado_en,
        d1_0.descripcion,
        d1_0.nombre,
        d1_0.pena_maxima,
        d1_0.pena_minima,
        d1_0.tipo_pena,
        d1_0.valoracion 
    from
        delito d1_0 
    where
        upper(d1_0.nombre) like upper(?) escape '\'
Hibernate: 
    /* <criteria> */ select
        d1_0.id,
        d1_0.actualizado_en,
        d1_0.codigo_penal,
        d1_0.creado_en,
        d1_0.descripcion,
        d1_0.nombre,
        d1_0.pena_maxima,
        d1_0.pena_minima,
        d1_0.tipo_pena,
        d1_0.valoracion 
    from
        delito d1_0 
    where
        upper(d1_0.nombre) like upper(?) escape '\'
&amp#27;[2m2025-05-11T11:17:47.664-03:00&amp#27;[0;39m &amp#27;[32m INFO&amp#27;[0;39m &amp#27;[35m16907&amp#27;[0;39m &amp#27;[2m---&amp#27;[0;39m &amp#27;[2m[           main]&amp#27;[0;39m &amp#27;[2m&amp#27;[0;39m&amp#27;[36mi.StatisticalLoggingSessionEventListener&amp#27;[0;39m &amp#27;[2m:&amp#27;[0;39m Session Metrics {
    10333 nanoseconds spent acquiring 1 JDBC connections;
    0 nanoseconds spent releasing 0 JDBC connections;
    25750 nanoseconds spent preparing 1 JDBC statements;
    1160250 nanoseconds spent executing 1 JDBC statements;
    0 nanoseconds spent executing 0 JDBC batches;
    0 nanoseconds spent performing 0 L2C puts;
    0 nanoseconds spent performing 0 L2C hits;
    0 nanoseconds spent performing 0 L2C misses;
    0 nanoseconds spent executing 0 flushes (flushing a total of 0 entities and 0 collections);
    0 nanoseconds spent executing 0 partial-flushes (flushing a total of 0 entities and 0 collections)
}
&amp#27;[2m2025-05-11T11:17:47.664-03:00&amp#27;[0;39m &amp#27;[32mDEBUG&amp#27;[0;39m &amp#27;[35m16907&amp#27;[0;39m &amp#27;[2m---&amp#27;[0;39m &amp#27;[2m[           main]&amp#27;[0;39m &amp#27;[2m&amp#27;[0;39m&amp#27;[36morg.hibernate.SQL                       &amp#27;[0;39m &amp#27;[2m:&amp#27;[0;39m 
    select
        seq_delito.nextval 
    from
        dual
Hibernate: 
    select
        seq_delito.nextval 
    from
        dual
&amp#27;[2m2025-05-11T11:17:47.665-03:00&amp#27;[0;39m &amp#27;[32mDEBUG&amp#27;[0;39m &amp#27;[35m16907&amp#27;[0;39m &amp#27;[2m---&amp#27;[0;39m &amp#27;[2m[           main]&amp#27;[0;39m &amp#27;[2m&amp#27;[0;39m&amp#27;[36morg.hibernate.SQL                       &amp#27;[0;39m &amp#27;[2m:&amp#27;[0;39m 
    /* insert for
        com.cufre.expedientes.model.Delito */insert 
    into
        delito (actualizado_en, codigo_penal, creado_en, descripcion, nombre, pena_maxima, pena_minima, tipo_pena, valoracion, id) 
    values
        (?, ?, ?, ?, ?, ?, ?, ?, ?, ?)
Hibernate: 
    /* insert for
        com.cufre.expedientes.model.Delito */insert 
    into
        delito (actualizado_en, codigo_penal, creado_en, descripcion, nombre, pena_maxima, pena_minima, tipo_pena, valoracion, id) 
    values
        (?, ?, ?, ?, ?, ?, ?, ?, ?, ?)
&amp#27;[2m2025-05-11T11:17:47.666-03:00&amp#27;[0;39m &amp#27;[32m INFO&amp#27;[0;39m &amp#27;[35m16907&amp#27;[0;39m &amp#27;[2m---&amp#27;[0;39m &amp#27;[2m[           main]&amp#27;[0;39m &amp#27;[2m&amp#27;[0;39m&amp#27;[36mi.StatisticalLoggingSessionEventListener&amp#27;[0;39m &amp#27;[2m:&amp#27;[0;39m Session Metrics {
    1708 nanoseconds spent acquiring 1 JDBC connections;
    0 nanoseconds spent releasing 0 JDBC connections;
    12250 nanoseconds spent preparing 2 JDBC statements;
    303375 nanoseconds spent executing 1 JDBC statements;
    485625 nanoseconds spent executing 1 JDBC batches;
    0 nanoseconds spent performing 0 L2C puts;
    0 nanoseconds spent performing 0 L2C hits;
    0 nanoseconds spent performing 0 L2C misses;
    798667 nanoseconds spent executing 1 flushes (flushing a total of 1 entities and 1 collections);
    0 nanoseconds spent executing 0 partial-flushes (flushing a total of 0 entities and 0 collections)
}
&amp#27;[2m2025-05-11T11:17:47.667-03:00&amp#27;[0;39m &amp#27;[32mDEBUG&amp#27;[0;39m &amp#27;[35m16907&amp#27;[0;39m &amp#27;[2m---&amp#27;[0;39m &amp#27;[2m[           main]&amp#27;[0;39m &amp#27;[2m&amp#27;[0;39m&amp#27;[36morg.hibernate.SQL                       &amp#27;[0;39m &amp#27;[2m:&amp#27;[0;39m 
    /* <criteria> */ select
        d1_0.id,
        d1_0.actualizado_en,
        d1_0.codigo_penal,
        d1_0.creado_en,
        d1_0.descripcion,
        d1_0.nombre,
        d1_0.pena_maxima,
        d1_0.pena_minima,
        d1_0.tipo_pena,
        d1_0.valoracion 
    from
        delito d1_0 
    where
        upper(d1_0.nombre) like upper(?) escape '\'
Hibernate: 
    /* <criteria> */ select
        d1_0.id,
        d1_0.actualizado_en,
        d1_0.codigo_penal,
        d1_0.creado_en,
        d1_0.descripcion,
        d1_0.nombre,
        d1_0.pena_maxima,
        d1_0.pena_minima,
        d1_0.tipo_pena,
        d1_0.valoracion 
    from
        delito d1_0 
    where
        upper(d1_0.nombre) like upper(?) escape '\'
&amp#27;[2m2025-05-11T11:17:47.668-03:00&amp#27;[0;39m &amp#27;[32m INFO&amp#27;[0;39m &amp#27;[35m16907&amp#27;[0;39m &amp#27;[2m---&amp#27;[0;39m &amp#27;[2m[           main]&amp#27;[0;39m &amp#27;[2m&amp#27;[0;39m&amp#27;[36mi.StatisticalLoggingSessionEventListener&amp#27;[0;39m &amp#27;[2m:&amp#27;[0;39m Session Metrics {
    2625 nanoseconds spent acquiring 1 JDBC connections;
    0 nanoseconds spent releasing 0 JDBC connections;
    10500 nanoseconds spent preparing 1 JDBC statements;
    1166542 nanoseconds spent executing 1 JDBC statements;
    0 nanoseconds spent executing 0 JDBC batches;
    0 nanoseconds spent performing 0 L2C puts;
    0 nanoseconds spent performing 0 L2C hits;
    0 nanoseconds spent performing 0 L2C misses;
    0 nanoseconds spent executing 0 flushes (flushing a total of 0 entities and 0 collections);
    0 nanoseconds spent executing 0 partial-flushes (flushing a total of 0 entities and 0 collections)
}
&amp#27;[2m2025-05-11T11:17:47.668-03:00&amp#27;[0;39m &amp#27;[32mDEBUG&amp#27;[0;39m &amp#27;[35m16907&amp#27;[0;39m &amp#27;[2m---&amp#27;[0;39m &amp#27;[2m[           main]&amp#27;[0;39m &amp#27;[2m&amp#27;[0;39m&amp#27;[36morg.hibernate.SQL                       &amp#27;[0;39m &amp#27;[2m:&amp#27;[0;39m 
    select
        seq_delito.nextval 
    from
        dual
Hibernate: 
    select
        seq_delito.nextval 
    from
        dual
&amp#27;[2m2025-05-11T11:17:47.669-03:00&amp#27;[0;39m &amp#27;[32mDEBUG&amp#27;[0;39m &amp#27;[35m16907&amp#27;[0;39m &amp#27;[2m---&amp#27;[0;39m &amp#27;[2m[           main]&amp#27;[0;39m &amp#27;[2m&amp#27;[0;39m&amp#27;[36morg.hibernate.SQL                       &amp#27;[0;39m &amp#27;[2m:&amp#27;[0;39m 
    /* insert for
        com.cufre.expedientes.model.Delito */insert 
    into
        delito (actualizado_en, codigo_penal, creado_en, descripcion, nombre, pena_maxima, pena_minima, tipo_pena, valoracion, id) 
    values
        (?, ?, ?, ?, ?, ?, ?, ?, ?, ?)
Hibernate: 
    /* insert for
        com.cufre.expedientes.model.Delito */insert 
    into
        delito (actualizado_en, codigo_penal, creado_en, descripcion, nombre, pena_maxima, pena_minima, tipo_pena, valoracion, id) 
    values
        (?, ?, ?, ?, ?, ?, ?, ?, ?, ?)
&amp#27;[2m2025-05-11T11:17:47.670-03:00&amp#27;[0;39m &amp#27;[32m INFO&amp#27;[0;39m &amp#27;[35m16907&amp#27;[0;39m &amp#27;[2m---&amp#27;[0;39m &amp#27;[2m[           main]&amp#27;[0;39m &amp#27;[2m&amp#27;[0;39m&amp#27;[36mi.StatisticalLoggingSessionEventListener&amp#27;[0;39m &amp#27;[2m:&amp#27;[0;39m Session Metrics {
    2083 nanoseconds spent acquiring 1 JDBC connections;
    0 nanoseconds spent releasing 0 JDBC connections;
    9083 nanoseconds spent preparing 2 JDBC statements;
    317875 nanoseconds spent executing 1 JDBC statements;
    370084 nanoseconds spent executing 1 JDBC batches;
    0 nanoseconds spent performing 0 L2C puts;
    0 nanoseconds spent performing 0 L2C hits;
    0 nanoseconds spent performing 0 L2C misses;
    666083 nanoseconds spent executing 1 flushes (flushing a total of 1 entities and 1 collections);
    0 nanoseconds spent executing 0 partial-flushes (flushing a total of 0 entities and 0 collections)
}
&amp#27;[2m2025-05-11T11:17:47.670-03:00&amp#27;[0;39m &amp#27;[32mDEBUG&amp#27;[0;39m &amp#27;[35m16907&amp#27;[0;39m &amp#27;[2m---&amp#27;[0;39m &amp#27;[2m[           main]&amp#27;[0;39m &amp#27;[2m&amp#27;[0;39m&amp#27;[36morg.hibernate.SQL                       &amp#27;[0;39m &amp#27;[2m:&amp#27;[0;39m 
    /* <criteria> */ select
        d1_0.id,
        d1_0.actualizado_en,
        d1_0.codigo_penal,
        d1_0.creado_en,
        d1_0.descripcion,
        d1_0.nombre,
        d1_0.pena_maxima,
        d1_0.pena_minima,
        d1_0.tipo_pena,
        d1_0.valoracion 
    from
        delito d1_0 
    where
        upper(d1_0.nombre) like upper(?) escape '\'
Hibernate: 
    /* <criteria> */ select
        d1_0.id,
        d1_0.actualizado_en,
        d1_0.codigo_penal,
        d1_0.creado_en,
        d1_0.descripcion,
        d1_0.nombre,
        d1_0.pena_maxima,
        d1_0.pena_minima,
        d1_0.tipo_pena,
        d1_0.valoracion 
    from
        delito d1_0 
    where
        upper(d1_0.nombre) like upper(?) escape '\'
&amp#27;[2m2025-05-11T11:17:47.672-03:00&amp#27;[0;39m &amp#27;[32m INFO&amp#27;[0;39m &amp#27;[35m16907&amp#27;[0;39m &amp#27;[2m---&amp#27;[0;39m &amp#27;[2m[           main]&amp#27;[0;39m &amp#27;[2m&amp#27;[0;39m&amp#27;[36mi.StatisticalLoggingSessionEventListener&amp#27;[0;39m &amp#27;[2m:&amp#27;[0;39m Session Metrics {
    2583 nanoseconds spent acquiring 1 JDBC connections;
    0 nanoseconds spent releasing 0 JDBC connections;
    10000 nanoseconds spent preparing 1 JDBC statements;
    1150875 nanoseconds spent executing 1 JDBC statements;
    0 nanoseconds spent executing 0 JDBC batches;
    0 nanoseconds spent performing 0 L2C puts;
    0 nanoseconds spent performing 0 L2C hits;
    0 nanoseconds spent performing 0 L2C misses;
    0 nanoseconds spent executing 0 flushes (flushing a total of 0 entities and 0 collections);
    0 nanoseconds spent executing 0 partial-flushes (flushing a total of 0 entities and 0 collections)
}
&amp#27;[2m2025-05-11T11:17:47.672-03:00&amp#27;[0;39m &amp#27;[32mDEBUG&amp#27;[0;39m &amp#27;[35m16907&amp#27;[0;39m &amp#27;[2m---&amp#27;[0;39m &amp#27;[2m[           main]&amp#27;[0;39m &amp#27;[2m&amp#27;[0;39m&amp#27;[36morg.hibernate.SQL                       &amp#27;[0;39m &amp#27;[2m:&amp#27;[0;39m 
    select
        seq_delito.nextval 
    from
        dual
Hibernate: 
    select
        seq_delito.nextval 
    from
        dual
&amp#27;[2m2025-05-11T11:17:47.672-03:00&amp#27;[0;39m &amp#27;[32mDEBUG&amp#27;[0;39m &amp#27;[35m16907&amp#27;[0;39m &amp#27;[2m---&amp#27;[0;39m &amp#27;[2m[           main]&amp#27;[0;39m &amp#27;[2m&amp#27;[0;39m&amp#27;[36morg.hibernate.SQL                       &amp#27;[0;39m &amp#27;[2m:&amp#27;[0;39m 
    /* insert for
        com.cufre.expedientes.model.Delito */insert 
    into
        delito (actualizado_en, codigo_penal, creado_en, descripcion, nombre, pena_maxima, pena_minima, tipo_pena, valoracion, id) 
    values
        (?, ?, ?, ?, ?, ?, ?, ?, ?, ?)
Hibernate: 
    /* insert for
        com.cufre.expedientes.model.Delito */insert 
    into
        delito (actualizado_en, codigo_penal, creado_en, descripcion, nombre, pena_maxima, pena_minima, tipo_pena, valoracion, id) 
    values
        (?, ?, ?, ?, ?, ?, ?, ?, ?, ?)
&amp#27;[2m2025-05-11T11:17:47.674-03:00&amp#27;[0;39m &amp#27;[32m INFO&amp#27;[0;39m &amp#27;[35m16907&amp#27;[0;39m &amp#27;[2m---&amp#27;[0;39m &amp#27;[2m[           main]&amp#27;[0;39m &amp#27;[2m&amp#27;[0;39m&amp#27;[36mi.StatisticalLoggingSessionEventListener&amp#27;[0;39m &amp#27;[2m:&amp#27;[0;39m Session Metrics {
    1750 nanoseconds spent acquiring 1 JDBC connections;
    0 nanoseconds spent releasing 0 JDBC connections;
    8000 nanoseconds spent preparing 2 JDBC statements;
    297583 nanoseconds spent executing 1 JDBC statements;
    376833 nanoseconds spent executing 1 JDBC batches;
    0 nanoseconds spent performing 0 L2C puts;
    0 nanoseconds spent performing 0 L2C hits;
    0 nanoseconds spent performing 0 L2C misses;
    633708 nanoseconds spent executing 1 flushes (flushing a total of 1 entities and 1 collections);
    0 nanoseconds spent executing 0 partial-flushes (flushing a total of 0 entities and 0 collections)
}
&amp#27;[2m2025-05-11T11:17:47.674-03:00&amp#27;[0;39m &amp#27;[32mDEBUG&amp#27;[0;39m &amp#27;[35m16907&amp#27;[0;39m &amp#27;[2m---&amp#27;[0;39m &amp#27;[2m[           main]&amp#27;[0;39m &amp#27;[2m&amp#27;[0;39m&amp#27;[36morg.hibernate.SQL                       &amp#27;[0;39m &amp#27;[2m:&amp#27;[0;39m 
    /* <criteria> */ select
        d1_0.id,
        d1_0.actualizado_en,
        d1_0.codigo_penal,
        d1_0.creado_en,
        d1_0.descripcion,
        d1_0.nombre,
        d1_0.pena_maxima,
        d1_0.pena_minima,
        d1_0.tipo_pena,
        d1_0.valoracion 
    from
        delito d1_0 
    where
        upper(d1_0.nombre) like upper(?) escape '\'
Hibernate: 
    /* <criteria> */ select
        d1_0.id,
        d1_0.actualizado_en,
        d1_0.codigo_penal,
        d1_0.creado_en,
        d1_0.descripcion,
        d1_0.nombre,
        d1_0.pena_maxima,
        d1_0.pena_minima,
        d1_0.tipo_pena,
        d1_0.valoracion 
    from
        delito d1_0 
    where
        upper(d1_0.nombre) like upper(?) escape '\'
&amp#27;[2m2025-05-11T11:17:47.675-03:00&amp#27;[0;39m &amp#27;[32m INFO&amp#27;[0;39m &amp#27;[35m16907&amp#27;[0;39m &amp#27;[2m---&amp#27;[0;39m &amp#27;[2m[           main]&amp#27;[0;39m &amp#27;[2m&amp#27;[0;39m&amp#27;[36mi.StatisticalLoggingSessionEventListener&amp#27;[0;39m &amp#27;[2m:&amp#27;[0;39m Session Metrics {
    2458 nanoseconds spent acquiring 1 JDBC connections;
    0 nanoseconds spent releasing 0 JDBC connections;
    11958 nanoseconds spent preparing 1 JDBC statements;
    1025958 nanoseconds spent executing 1 JDBC statements;
    0 nanoseconds spent executing 0 JDBC batches;
    0 nanoseconds spent performing 0 L2C puts;
    0 nanoseconds spent performing 0 L2C hits;
    0 nanoseconds spent performing 0 L2C misses;
    0 nanoseconds spent executing 0 flushes (flushing a total of 0 entities and 0 collections);
    0 nanoseconds spent executing 0 partial-flushes (flushing a total of 0 entities and 0 collections)
}
&amp#27;[2m2025-05-11T11:17:47.675-03:00&amp#27;[0;39m &amp#27;[32mDEBUG&amp#27;[0;39m &amp#27;[35m16907&amp#27;[0;39m &amp#27;[2m---&amp#27;[0;39m &amp#27;[2m[           main]&amp#27;[0;39m &amp#27;[2m&amp#27;[0;39m&amp#27;[36morg.hibernate.SQL                       &amp#27;[0;39m &amp#27;[2m:&amp#27;[0;39m 
    select
        seq_delito.nextval 
    from
        dual
Hibernate: 
    select
        seq_delito.nextval 
    from
        dual
&amp#27;[2m2025-05-11T11:17:47.676-03:00&amp#27;[0;39m &amp#27;[32mDEBUG&amp#27;[0;39m &amp#27;[35m16907&amp#27;[0;39m &amp#27;[2m---&amp#27;[0;39m &amp#27;[2m[           main]&amp#27;[0;39m &amp#27;[2m&amp#27;[0;39m&amp#27;[36morg.hibernate.SQL                       &amp#27;[0;39m &amp#27;[2m:&amp#27;[0;39m 
    /* insert for
        com.cufre.expedientes.model.Delito */insert 
    into
        delito (actualizado_en, codigo_penal, creado_en, descripcion, nombre, pena_maxima, pena_minima, tipo_pena, valoracion, id) 
    values
        (?, ?, ?, ?, ?, ?, ?, ?, ?, ?)
Hibernate: 
    /* insert for
        com.cufre.expedientes.model.Delito */insert 
    into
        delito (actualizado_en, codigo_penal, creado_en, descripcion, nombre, pena_maxima, pena_minima, tipo_pena, valoracion, id) 
    values
        (?, ?, ?, ?, ?, ?, ?, ?, ?, ?)
&amp#27;[2m2025-05-11T11:17:47.677-03:00&amp#27;[0;39m &amp#27;[32m INFO&amp#27;[0;39m &amp#27;[35m16907&amp#27;[0;39m &amp#27;[2m---&amp#27;[0;39m &amp#27;[2m[           main]&amp#27;[0;39m &amp#27;[2m&amp#27;[0;39m&amp#27;[36mi.StatisticalLoggingSessionEventListener&amp#27;[0;39m &amp#27;[2m:&amp#27;[0;39m Session Metrics {
    1709 nanoseconds spent acquiring 1 JDBC connections;
    0 nanoseconds spent releasing 0 JDBC connections;
    7042 nanoseconds spent preparing 2 JDBC statements;
    267250 nanoseconds spent executing 1 JDBC statements;
    345125 nanoseconds spent executing 1 JDBC batches;
    0 nanoseconds spent performing 0 L2C puts;
    0 nanoseconds spent performing 0 L2C hits;
    0 nanoseconds spent performing 0 L2C misses;
    618334 nanoseconds spent executing 1 flushes (flushing a total of 1 entities and 1 collections);
    0 nanoseconds spent executing 0 partial-flushes (flushing a total of 0 entities and 0 collections)
}
&amp#27;[2m2025-05-11T11:17:47.677-03:00&amp#27;[0;39m &amp#27;[32mDEBUG&amp#27;[0;39m &amp#27;[35m16907&amp#27;[0;39m &amp#27;[2m---&amp#27;[0;39m &amp#27;[2m[           main]&amp#27;[0;39m &amp#27;[2m&amp#27;[0;39m&amp#27;[36morg.hibernate.SQL                       &amp#27;[0;39m &amp#27;[2m:&amp#27;[0;39m 
    /* <criteria> */ select
        d1_0.id,
        d1_0.actualizado_en,
        d1_0.codigo_penal,
        d1_0.creado_en,
        d1_0.descripcion,
        d1_0.nombre,
        d1_0.pena_maxima,
        d1_0.pena_minima,
        d1_0.tipo_pena,
        d1_0.valoracion 
    from
        delito d1_0 
    where
        upper(d1_0.nombre) like upper(?) escape '\'
Hibernate: 
    /* <criteria> */ select
        d1_0.id,
        d1_0.actualizado_en,
        d1_0.codigo_penal,
        d1_0.creado_en,
        d1_0.descripcion,
        d1_0.nombre,
        d1_0.pena_maxima,
        d1_0.pena_minima,
        d1_0.tipo_pena,
        d1_0.valoracion 
    from
        delito d1_0 
    where
        upper(d1_0.nombre) like upper(?) escape '\'
&amp#27;[2m2025-05-11T11:17:47.679-03:00&amp#27;[0;39m &amp#27;[32m INFO&amp#27;[0;39m &amp#27;[35m16907&amp#27;[0;39m &amp#27;[2m---&amp#27;[0;39m &amp#27;[2m[           main]&amp#27;[0;39m &amp#27;[2m&amp#27;[0;39m&amp#27;[36mi.StatisticalLoggingSessionEventListener&amp#27;[0;39m &amp#27;[2m:&amp#27;[0;39m Session Metrics {
    2541 nanoseconds spent acquiring 1 JDBC connections;
    0 nanoseconds spent releasing 0 JDBC connections;
    9959 nanoseconds spent preparing 1 JDBC statements;
    1211625 nanoseconds spent executing 1 JDBC statements;
    0 nanoseconds spent executing 0 JDBC batches;
    0 nanoseconds spent performing 0 L2C puts;
    0 nanoseconds spent performing 0 L2C hits;
    0 nanoseconds spent performing 0 L2C misses;
    0 nanoseconds spent executing 0 flushes (flushing a total of 0 entities and 0 collections);
    0 nanoseconds spent executing 0 partial-flushes (flushing a total of 0 entities and 0 collections)
}
&amp#27;[2m2025-05-11T11:17:47.679-03:00&amp#27;[0;39m &amp#27;[32mDEBUG&amp#27;[0;39m &amp#27;[35m16907&amp#27;[0;39m &amp#27;[2m---&amp#27;[0;39m &amp#27;[2m[           main]&amp#27;[0;39m &amp#27;[2m&amp#27;[0;39m&amp#27;[36morg.hibernate.SQL                       &amp#27;[0;39m &amp#27;[2m:&amp#27;[0;39m 
    select
        seq_delito.nextval 
    from
        dual
Hibernate: 
    select
        seq_delito.nextval 
    from
        dual
&amp#27;[2m2025-05-11T11:17:47.680-03:00&amp#27;[0;39m &amp#27;[32mDEBUG&amp#27;[0;39m &amp#27;[35m16907&amp#27;[0;39m &amp#27;[2m---&amp#27;[0;39m &amp#27;[2m[           main]&amp#27;[0;39m &amp#27;[2m&amp#27;[0;39m&amp#27;[36morg.hibernate.SQL                       &amp#27;[0;39m &amp#27;[2m:&amp#27;[0;39m 
    /* insert for
        com.cufre.expedientes.model.Delito */insert 
    into
        delito (actualizado_en, codigo_penal, creado_en, descripcion, nombre, pena_maxima, pena_minima, tipo_pena, valoracion, id) 
    values
        (?, ?, ?, ?, ?, ?, ?, ?, ?, ?)
Hibernate: 
    /* insert for
        com.cufre.expedientes.model.Delito */insert 
    into
        delito (actualizado_en, codigo_penal, creado_en, descripcion, nombre, pena_maxima, pena_minima, tipo_pena, valoracion, id) 
    values
        (?, ?, ?, ?, ?, ?, ?, ?, ?, ?)
&amp#27;[2m2025-05-11T11:17:47.681-03:00&amp#27;[0;39m &amp#27;[32m INFO&amp#27;[0;39m &amp#27;[35m16907&amp#27;[0;39m &amp#27;[2m---&amp#27;[0;39m &amp#27;[2m[           main]&amp#27;[0;39m &amp#27;[2m&amp#27;[0;39m&amp#27;[36mi.StatisticalLoggingSessionEventListener&amp#27;[0;39m &amp#27;[2m:&amp#27;[0;39m Session Metrics {
    2583 nanoseconds spent acquiring 1 JDBC connections;
    0 nanoseconds spent releasing 0 JDBC connections;
    14666 nanoseconds spent preparing 2 JDBC statements;
    314125 nanoseconds spent executing 1 JDBC statements;
    428709 nanoseconds spent executing 1 JDBC batches;
    0 nanoseconds spent performing 0 L2C puts;
    0 nanoseconds spent performing 0 L2C hits;
    0 nanoseconds spent performing 0 L2C misses;
    764750 nanoseconds spent executing 1 flushes (flushing a total of 1 entities and 1 collections);
    0 nanoseconds spent executing 0 partial-flushes (flushing a total of 0 entities and 0 collections)
}
&amp#27;[2m2025-05-11T11:17:47.681-03:00&amp#27;[0;39m &amp#27;[32mDEBUG&amp#27;[0;39m &amp#27;[35m16907&amp#27;[0;39m &amp#27;[2m---&amp#27;[0;39m &amp#27;[2m[           main]&amp#27;[0;39m &amp#27;[2m&amp#27;[0;39m&amp#27;[36morg.hibernate.SQL                       &amp#27;[0;39m &amp#27;[2m:&amp#27;[0;39m 
    /* <criteria> */ select
        d1_0.id,
        d1_0.actualizado_en,
        d1_0.codigo_penal,
        d1_0.creado_en,
        d1_0.descripcion,
        d1_0.nombre,
        d1_0.pena_maxima,
        d1_0.pena_minima,
        d1_0.tipo_pena,
        d1_0.valoracion 
    from
        delito d1_0 
    where
        upper(d1_0.nombre) like upper(?) escape '\'
Hibernate: 
    /* <criteria> */ select
        d1_0.id,
        d1_0.actualizado_en,
        d1_0.codigo_penal,
        d1_0.creado_en,
        d1_0.descripcion,
        d1_0.nombre,
        d1_0.pena_maxima,
        d1_0.pena_minima,
        d1_0.tipo_pena,
        d1_0.valoracion 
    from
        delito d1_0 
    where
        upper(d1_0.nombre) like upper(?) escape '\'
&amp#27;[2m2025-05-11T11:17:47.683-03:00&amp#27;[0;39m &amp#27;[32m INFO&amp#27;[0;39m &amp#27;[35m16907&amp#27;[0;39m &amp#27;[2m---&amp#27;[0;39m &amp#27;[2m[           main]&amp#27;[0;39m &amp#27;[2m&amp#27;[0;39m&amp#27;[36mi.StatisticalLoggingSessionEventListener&amp#27;[0;39m &amp#27;[2m:&amp#27;[0;39m Session Metrics {
    3625 nanoseconds spent acquiring 1 JDBC connections;
    0 nanoseconds spent releasing 0 JDBC connections;
    13542 nanoseconds spent preparing 1 JDBC statements;
    1091459 nanoseconds spent executing 1 JDBC statements;
    0 nanoseconds spent executing 0 JDBC batches;
    0 nanoseconds spent performing 0 L2C puts;
    0 nanoseconds spent performing 0 L2C hits;
    0 nanoseconds spent performing 0 L2C misses;
    0 nanoseconds spent executing 0 flushes (flushing a total of 0 entities and 0 collections);
    0 nanoseconds spent executing 0 partial-flushes (flushing a total of 0 entities and 0 collections)
}
&amp#27;[2m2025-05-11T11:17:47.683-03:00&amp#27;[0;39m &amp#27;[32mDEBUG&amp#27;[0;39m &amp#27;[35m16907&amp#27;[0;39m &amp#27;[2m---&amp#27;[0;39m &amp#27;[2m[           main]&amp#27;[0;39m &amp#27;[2m&amp#27;[0;39m&amp#27;[36morg.hibernate.SQL                       &amp#27;[0;39m &amp#27;[2m:&amp#27;[0;39m 
    select
        seq_delito.nextval 
    from
        dual
Hibernate: 
    select
        seq_delito.nextval 
    from
        dual
&amp#27;[2m2025-05-11T11:17:47.683-03:00&amp#27;[0;39m &amp#27;[32mDEBUG&amp#27;[0;39m &amp#27;[35m16907&amp#27;[0;39m &amp#27;[2m---&amp#27;[0;39m &amp#27;[2m[           main]&amp#27;[0;39m &amp#27;[2m&amp#27;[0;39m&amp#27;[36morg.hibernate.SQL                       &amp#27;[0;39m &amp#27;[2m:&amp#27;[0;39m 
    /* insert for
        com.cufre.expedientes.model.Delito */insert 
    into
        delito (actualizado_en, codigo_penal, creado_en, descripcion, nombre, pena_maxima, pena_minima, tipo_pena, valoracion, id) 
    values
        (?, ?, ?, ?, ?, ?, ?, ?, ?, ?)
Hibernate: 
    /* insert for
        com.cufre.expedientes.model.Delito */insert 
    into
        delito (actualizado_en, codigo_penal, creado_en, descripcion, nombre, pena_maxima, pena_minima, tipo_pena, valoracion, id) 
    values
        (?, ?, ?, ?, ?, ?, ?, ?, ?, ?)
&amp#27;[2m2025-05-11T11:17:47.685-03:00&amp#27;[0;39m &amp#27;[32m INFO&amp#27;[0;39m &amp#27;[35m16907&amp#27;[0;39m &amp#27;[2m---&amp#27;[0;39m &amp#27;[2m[           main]&amp#27;[0;39m &amp#27;[2m&amp#27;[0;39m&amp#27;[36mi.StatisticalLoggingSessionEventListener&amp#27;[0;39m &amp#27;[2m:&amp#27;[0;39m Session Metrics {
    1917 nanoseconds spent acquiring 1 JDBC connections;
    0 nanoseconds spent releasing 0 JDBC connections;
    10501 nanoseconds spent preparing 2 JDBC statements;
    331333 nanoseconds spent executing 1 JDBC statements;
    447834 nanoseconds spent executing 1 JDBC batches;
    0 nanoseconds spent performing 0 L2C puts;
    0 nanoseconds spent performing 0 L2C hits;
    0 nanoseconds spent performing 0 L2C misses;
    789458 nanoseconds spent executing 1 flushes (flushing a total of 1 entities and 1 collections);
    0 nanoseconds spent executing 0 partial-flushes (flushing a total of 0 entities and 0 collections)
}
&amp#27;[2m2025-05-11T11:17:47.685-03:00&amp#27;[0;39m &amp#27;[32mDEBUG&amp#27;[0;39m &amp#27;[35m16907&amp#27;[0;39m &amp#27;[2m---&amp#27;[0;39m &amp#27;[2m[           main]&amp#27;[0;39m &amp#27;[2m&amp#27;[0;39m&amp#27;[36morg.hibernate.SQL                       &amp#27;[0;39m &amp#27;[2m:&amp#27;[0;39m 
    /* <criteria> */ select
        d1_0.id,
        d1_0.actualizado_en,
        d1_0.codigo_penal,
        d1_0.creado_en,
        d1_0.descripcion,
        d1_0.nombre,
        d1_0.pena_maxima,
        d1_0.pena_minima,
        d1_0.tipo_pena,
        d1_0.valoracion 
    from
        delito d1_0 
    where
        upper(d1_0.nombre) like upper(?) escape '\'
Hibernate: 
    /* <criteria> */ select
        d1_0.id,
        d1_0.actualizado_en,
        d1_0.codigo_penal,
        d1_0.creado_en,
        d1_0.descripcion,
        d1_0.nombre,
        d1_0.pena_maxima,
        d1_0.pena_minima,
        d1_0.tipo_pena,
        d1_0.valoracion 
    from
        delito d1_0 
    where
        upper(d1_0.nombre) like upper(?) escape '\'
&amp#27;[2m2025-05-11T11:17:47.686-03:00&amp#27;[0;39m &amp#27;[32m INFO&amp#27;[0;39m &amp#27;[35m16907&amp#27;[0;39m &amp#27;[2m---&amp#27;[0;39m &amp#27;[2m[           main]&amp#27;[0;39m &amp#27;[2m&amp#27;[0;39m&amp#27;[36mi.StatisticalLoggingSessionEventListener&amp#27;[0;39m &amp#27;[2m:&amp#27;[0;39m Session Metrics {
    2542 nanoseconds spent acquiring 1 JDBC connections;
    0 nanoseconds spent releasing 0 JDBC connections;
    10042 nanoseconds spent preparing 1 JDBC statements;
    1090416 nanoseconds spent executing 1 JDBC statements;
    0 nanoseconds spent executing 0 JDBC batches;
    0 nanoseconds spent performing 0 L2C puts;
    0 nanoseconds spent performing 0 L2C hits;
    0 nanoseconds spent performing 0 L2C misses;
    0 nanoseconds spent executing 0 flushes (flushing a total of 0 entities and 0 collections);
    0 nanoseconds spent executing 0 partial-flushes (flushing a total of 0 entities and 0 collections)
}
&amp#27;[2m2025-05-11T11:17:47.686-03:00&amp#27;[0;39m &amp#27;[32mDEBUG&amp#27;[0;39m &amp#27;[35m16907&amp#27;[0;39m &amp#27;[2m---&amp#27;[0;39m &amp#27;[2m[           main]&amp#27;[0;39m &amp#27;[2m&amp#27;[0;39m&amp#27;[36morg.hibernate.SQL                       &amp#27;[0;39m &amp#27;[2m:&amp#27;[0;39m 
    select
        seq_delito.nextval 
    from
        dual
Hibernate: 
    select
        seq_delito.nextval 
    from
        dual
&amp#27;[2m2025-05-11T11:17:47.687-03:00&amp#27;[0;39m &amp#27;[32mDEBUG&amp#27;[0;39m &amp#27;[35m16907&amp#27;[0;39m &amp#27;[2m---&amp#27;[0;39m &amp#27;[2m[           main]&amp#27;[0;39m &amp#27;[2m&amp#27;[0;39m&amp#27;[36morg.hibernate.SQL                       &amp#27;[0;39m &amp#27;[2m:&amp#27;[0;39m 
    /* insert for
        com.cufre.expedientes.model.Delito */insert 
    into
        delito (actualizado_en, codigo_penal, creado_en, descripcion, nombre, pena_maxima, pena_minima, tipo_pena, valoracion, id) 
    values
        (?, ?, ?, ?, ?, ?, ?, ?, ?, ?)
Hibernate: 
    /* insert for
        com.cufre.expedientes.model.Delito */insert 
    into
        delito (actualizado_en, codigo_penal, creado_en, descripcion, nombre, pena_maxima, pena_minima, tipo_pena, valoracion, id) 
    values
        (?, ?, ?, ?, ?, ?, ?, ?, ?, ?)
&amp#27;[2m2025-05-11T11:17:47.688-03:00&amp#27;[0;39m &amp#27;[32m INFO&amp#27;[0;39m &amp#27;[35m16907&amp#27;[0;39m &amp#27;[2m---&amp#27;[0;39m &amp#27;[2m[           main]&amp#27;[0;39m &amp#27;[2m&amp#27;[0;39m&amp#27;[36mi.StatisticalLoggingSessionEventListener&amp#27;[0;39m &amp#27;[2m:&amp#27;[0;39m Session Metrics {
    1625 nanoseconds spent acquiring 1 JDBC connections;
    0 nanoseconds spent releasing 0 JDBC connections;
    8958 nanoseconds spent preparing 2 JDBC statements;
    285375 nanoseconds spent executing 1 JDBC statements;
    381666 nanoseconds spent executing 1 JDBC batches;
    0 nanoseconds spent performing 0 L2C puts;
    0 nanoseconds spent performing 0 L2C hits;
    0 nanoseconds spent performing 0 L2C misses;
    673458 nanoseconds spent executing 1 flushes (flushing a total of 1 entities and 1 collections);
    0 nanoseconds spent executing 0 partial-flushes (flushing a total of 0 entities and 0 collections)
}
&amp#27;[2m2025-05-11T11:17:47.689-03:00&amp#27;[0;39m &amp#27;[32mDEBUG&amp#27;[0;39m &amp#27;[35m16907&amp#27;[0;39m &amp#27;[2m---&amp#27;[0;39m &amp#27;[2m[           main]&amp#27;[0;39m &amp#27;[2m&amp#27;[0;39m&amp#27;[36morg.hibernate.SQL                       &amp#27;[0;39m &amp#27;[2m:&amp#27;[0;39m 
    /* <criteria> */ select
        d1_0.id,
        d1_0.actualizado_en,
        d1_0.codigo_penal,
        d1_0.creado_en,
        d1_0.descripcion,
        d1_0.nombre,
        d1_0.pena_maxima,
        d1_0.pena_minima,
        d1_0.tipo_pena,
        d1_0.valoracion 
    from
        delito d1_0 
    where
        upper(d1_0.nombre) like upper(?) escape '\'
Hibernate: 
    /* <criteria> */ select
        d1_0.id,
        d1_0.actualizado_en,
        d1_0.codigo_penal,
        d1_0.creado_en,
        d1_0.descripcion,
        d1_0.nombre,
        d1_0.pena_maxima,
        d1_0.pena_minima,
        d1_0.tipo_pena,
        d1_0.valoracion 
    from
        delito d1_0 
    where
        upper(d1_0.nombre) like upper(?) escape '\'
&amp#27;[2m2025-05-11T11:17:47.690-03:00&amp#27;[0;39m &amp#27;[32m INFO&amp#27;[0;39m &amp#27;[35m16907&amp#27;[0;39m &amp#27;[2m---&amp#27;[0;39m &amp#27;[2m[           main]&amp#27;[0;39m &amp#27;[2m&amp#27;[0;39m&amp#27;[36mi.StatisticalLoggingSessionEventListener&amp#27;[0;39m &amp#27;[2m:&amp#27;[0;39m Session Metrics {
    2500 nanoseconds spent acquiring 1 JDBC connections;
    0 nanoseconds spent releasing 0 JDBC connections;
    14083 nanoseconds spent preparing 1 JDBC statements;
    1189125 nanoseconds spent executing 1 JDBC statements;
    0 nanoseconds spent executing 0 JDBC batches;
    0 nanoseconds spent performing 0 L2C puts;
    0 nanoseconds spent performing 0 L2C hits;
    0 nanoseconds spent performing 0 L2C misses;
    0 nanoseconds spent executing 0 flushes (flushing a total of 0 entities and 0 collections);
    0 nanoseconds spent executing 0 partial-flushes (flushing a total of 0 entities and 0 collections)
}
&amp#27;[2m2025-05-11T11:17:47.690-03:00&amp#27;[0;39m &amp#27;[32mDEBUG&amp#27;[0;39m &amp#27;[35m16907&amp#27;[0;39m &amp#27;[2m---&amp#27;[0;39m &amp#27;[2m[           main]&amp#27;[0;39m &amp#27;[2m&amp#27;[0;39m&amp#27;[36morg.hibernate.SQL                       &amp#27;[0;39m &amp#27;[2m:&amp#27;[0;39m 
    select
        seq_delito.nextval 
    from
        dual
Hibernate: 
    select
        seq_delito.nextval 
    from
        dual
&amp#27;[2m2025-05-11T11:17:47.691-03:00&amp#27;[0;39m &amp#27;[32mDEBUG&amp#27;[0;39m &amp#27;[35m16907&amp#27;[0;39m &amp#27;[2m---&amp#27;[0;39m &amp#27;[2m[           main]&amp#27;[0;39m &amp#27;[2m&amp#27;[0;39m&amp#27;[36morg.hibernate.SQL                       &amp#27;[0;39m &amp#27;[2m:&amp#27;[0;39m 
    /* insert for
        com.cufre.expedientes.model.Delito */insert 
    into
        delito (actualizado_en, codigo_penal, creado_en, descripcion, nombre, pena_maxima, pena_minima, tipo_pena, valoracion, id) 
    values
        (?, ?, ?, ?, ?, ?, ?, ?, ?, ?)
Hibernate: 
    /* insert for
        com.cufre.expedientes.model.Delito */insert 
    into
        delito (actualizado_en, codigo_penal, creado_en, descripcion, nombre, pena_maxima, pena_minima, tipo_pena, valoracion, id) 
    values
        (?, ?, ?, ?, ?, ?, ?, ?, ?, ?)
&amp#27;[2m2025-05-11T11:17:47.692-03:00&amp#27;[0;39m &amp#27;[32m INFO&amp#27;[0;39m &amp#27;[35m16907&amp#27;[0;39m &amp#27;[2m---&amp#27;[0;39m &amp#27;[2m[           main]&amp#27;[0;39m &amp#27;[2m&amp#27;[0;39m&amp#27;[36mi.StatisticalLoggingSessionEventListener&amp#27;[0;39m &amp#27;[2m:&amp#27;[0;39m Session Metrics {
    2584 nanoseconds spent acquiring 1 JDBC connections;
    0 nanoseconds spent releasing 0 JDBC connections;
    16125 nanoseconds spent preparing 2 JDBC statements;
    328833 nanoseconds spent executing 1 JDBC statements;
    465333 nanoseconds spent executing 1 JDBC batches;
    0 nanoseconds spent performing 0 L2C puts;
    0 nanoseconds spent performing 0 L2C hits;
    0 nanoseconds spent performing 0 L2C misses;
    854875 nanoseconds spent executing 1 flushes (flushing a total of 1 entities and 1 collections);
    0 nanoseconds spent executing 0 partial-flushes (flushing a total of 0 entities and 0 collections)
}
&amp#27;[2m2025-05-11T11:17:47.693-03:00&amp#27;[0;39m &amp#27;[32mDEBUG&amp#27;[0;39m &amp#27;[35m16907&amp#27;[0;39m &amp#27;[2m---&amp#27;[0;39m &amp#27;[2m[           main]&amp#27;[0;39m &amp#27;[2m&amp#27;[0;39m&amp#27;[36morg.hibernate.SQL                       &amp#27;[0;39m &amp#27;[2m:&amp#27;[0;39m 
    /* <criteria> */ select
        d1_0.id,
        d1_0.actualizado_en,
        d1_0.codigo_penal,
        d1_0.creado_en,
        d1_0.descripcion,
        d1_0.nombre,
        d1_0.pena_maxima,
        d1_0.pena_minima,
        d1_0.tipo_pena,
        d1_0.valoracion 
    from
        delito d1_0 
    where
        upper(d1_0.nombre) like upper(?) escape '\'
Hibernate: 
    /* <criteria> */ select
        d1_0.id,
        d1_0.actualizado_en,
        d1_0.codigo_penal,
        d1_0.creado_en,
        d1_0.descripcion,
        d1_0.nombre,
        d1_0.pena_maxima,
        d1_0.pena_minima,
        d1_0.tipo_pena,
        d1_0.valoracion 
    from
        delito d1_0 
    where
        upper(d1_0.nombre) like upper(?) escape '\'
&amp#27;[2m2025-05-11T11:17:47.694-03:00&amp#27;[0;39m &amp#27;[32m INFO&amp#27;[0;39m &amp#27;[35m16907&amp#27;[0;39m &amp#27;[2m---&amp#27;[0;39m &amp#27;[2m[           main]&amp#27;[0;39m &amp#27;[2m&amp#27;[0;39m&amp#27;[36mi.StatisticalLoggingSessionEventListener&amp#27;[0;39m &amp#27;[2m:&amp#27;[0;39m Session Metrics {
    3667 nanoseconds spent acquiring 1 JDBC connections;
    0 nanoseconds spent releasing 0 JDBC connections;
    16375 nanoseconds spent preparing 1 JDBC statements;
    1224209 nanoseconds spent executing 1 JDBC statements;
    0 nanoseconds spent executing 0 JDBC batches;
    0 nanoseconds spent performing 0 L2C puts;
    0 nanoseconds spent performing 0 L2C hits;
    0 nanoseconds spent performing 0 L2C misses;
    0 nanoseconds spent executing 0 flushes (flushing a total of 0 entities and 0 collections);
    0 nanoseconds spent executing 0 partial-flushes (flushing a total of 0 entities and 0 collections)
}
&amp#27;[2m2025-05-11T11:17:47.695-03:00&amp#27;[0;39m &amp#27;[32mDEBUG&amp#27;[0;39m &amp#27;[35m16907&amp#27;[0;39m &amp#27;[2m---&amp#27;[0;39m &amp#27;[2m[           main]&amp#27;[0;39m &amp#27;[2m&amp#27;[0;39m&amp#27;[36morg.hibernate.SQL                       &amp#27;[0;39m &amp#27;[2m:&amp#27;[0;39m 
    select
        seq_delito.nextval 
    from
        dual
Hibernate: 
    select
        seq_delito.nextval 
    from
        dual
&amp#27;[2m2025-05-11T11:17:47.695-03:00&amp#27;[0;39m &amp#27;[32mDEBUG&amp#27;[0;39m &amp#27;[35m16907&amp#27;[0;39m &amp#27;[2m---&amp#27;[0;39m &amp#27;[2m[           main]&amp#27;[0;39m &amp#27;[2m&amp#27;[0;39m&amp#27;[36morg.hibernate.SQL                       &amp#27;[0;39m &amp#27;[2m:&amp#27;[0;39m 
    /* insert for
        com.cufre.expedientes.model.Delito */insert 
    into
        delito (actualizado_en, codigo_penal, creado_en, descripcion, nombre, pena_maxima, pena_minima, tipo_pena, valoracion, id) 
    values
        (?, ?, ?, ?, ?, ?, ?, ?, ?, ?)
Hibernate: 
    /* insert for
        com.cufre.expedientes.model.Delito */insert 
    into
        delito (actualizado_en, codigo_penal, creado_en, descripcion, nombre, pena_maxima, pena_minima, tipo_pena, valoracion, id) 
    values
        (?, ?, ?, ?, ?, ?, ?, ?, ?, ?)
&amp#27;[2m2025-05-11T11:17:47.697-03:00&amp#27;[0;39m &amp#27;[32m INFO&amp#27;[0;39m &amp#27;[35m16907&amp#27;[0;39m &amp#27;[2m---&amp#27;[0;39m &amp#27;[2m[           main]&amp#27;[0;39m &amp#27;[2m&amp#27;[0;39m&amp#27;[36mi.StatisticalLoggingSessionEventListener&amp#27;[0;39m &amp#27;[2m:&amp#27;[0;39m Session Metrics {
    2334 nanoseconds spent acquiring 1 JDBC connections;
    0 nanoseconds spent releasing 0 JDBC connections;
    11458 nanoseconds spent preparing 2 JDBC statements;
    420167 nanoseconds spent executing 1 JDBC statements;
    498959 nanoseconds spent executing 1 JDBC batches;
    0 nanoseconds spent performing 0 L2C puts;
    0 nanoseconds spent performing 0 L2C hits;
    0 nanoseconds spent performing 0 L2C misses;
    810833 nanoseconds spent executing 1 flushes (flushing a total of 1 entities and 1 collections);
    0 nanoseconds spent executing 0 partial-flushes (flushing a total of 0 entities and 0 collections)
}
&amp#27;[2m2025-05-11T11:17:47.697-03:00&amp#27;[0;39m &amp#27;[32mDEBUG&amp#27;[0;39m &amp#27;[35m16907&amp#27;[0;39m &amp#27;[2m---&amp#27;[0;39m &amp#27;[2m[           main]&amp#27;[0;39m &amp#27;[2m&amp#27;[0;39m&amp#27;[36morg.hibernate.SQL                       &amp#27;[0;39m &amp#27;[2m:&amp#27;[0;39m 
    /* <criteria> */ select
        d1_0.id,
        d1_0.actualizado_en,
        d1_0.codigo_penal,
        d1_0.creado_en,
        d1_0.descripcion,
        d1_0.nombre,
        d1_0.pena_maxima,
        d1_0.pena_minima,
        d1_0.tipo_pena,
        d1_0.valoracion 
    from
        delito d1_0 
    where
        upper(d1_0.nombre) like upper(?) escape '\'
Hibernate: 
    /* <criteria> */ select
        d1_0.id,
        d1_0.actualizado_en,
        d1_0.codigo_penal,
        d1_0.creado_en,
        d1_0.descripcion,
        d1_0.nombre,
        d1_0.pena_maxima,
        d1_0.pena_minima,
        d1_0.tipo_pena,
        d1_0.valoracion 
    from
        delito d1_0 
    where
        upper(d1_0.nombre) like upper(?) escape '\'
&amp#27;[2m2025-05-11T11:17:47.699-03:00&amp#27;[0;39m &amp#27;[32m INFO&amp#27;[0;39m &amp#27;[35m16907&amp#27;[0;39m &amp#27;[2m---&amp#27;[0;39m &amp#27;[2m[           main]&amp#27;[0;39m &amp#27;[2m&amp#27;[0;39m&amp#27;[36mi.StatisticalLoggingSessionEventListener&amp#27;[0;39m &amp#27;[2m:&amp#27;[0;39m Session Metrics {
    2667 nanoseconds spent acquiring 1 JDBC connections;
    0 nanoseconds spent releasing 0 JDBC connections;
    11584 nanoseconds spent preparing 1 JDBC statements;
    1175583 nanoseconds spent executing 1 JDBC statements;
    0 nanoseconds spent executing 0 JDBC batches;
    0 nanoseconds spent performing 0 L2C puts;
    0 nanoseconds spent performing 0 L2C hits;
    0 nanoseconds spent performing 0 L2C misses;
    0 nanoseconds spent executing 0 flushes (flushing a total of 0 entities and 0 collections);
    0 nanoseconds spent executing 0 partial-flushes (flushing a total of 0 entities and 0 collections)
}
&amp#27;[2m2025-05-11T11:17:47.699-03:00&amp#27;[0;39m &amp#27;[32mDEBUG&amp#27;[0;39m &amp#27;[35m16907&amp#27;[0;39m &amp#27;[2m---&amp#27;[0;39m &amp#27;[2m[           main]&amp#27;[0;39m &amp#27;[2m&amp#27;[0;39m&amp#27;[36morg.hibernate.SQL                       &amp#27;[0;39m &amp#27;[2m:&amp#27;[0;39m 
    select
        seq_delito.nextval 
    from
        dual
Hibernate: 
    select
        seq_delito.nextval 
    from
        dual
&amp#27;[2m2025-05-11T11:17:47.700-03:00&amp#27;[0;39m &amp#27;[32mDEBUG&amp#27;[0;39m &amp#27;[35m16907&amp#27;[0;39m &amp#27;[2m---&amp#27;[0;39m &amp#27;[2m[           main]&amp#27;[0;39m &amp#27;[2m&amp#27;[0;39m&amp#27;[36morg.hibernate.SQL                       &amp#27;[0;39m &amp#27;[2m:&amp#27;[0;39m 
    /* insert for
        com.cufre.expedientes.model.Delito */insert 
    into
        delito (actualizado_en, codigo_penal, creado_en, descripcion, nombre, pena_maxima, pena_minima, tipo_pena, valoracion, id) 
    values
        (?, ?, ?, ?, ?, ?, ?, ?, ?, ?)
Hibernate: 
    /* insert for
        com.cufre.expedientes.model.Delito */insert 
    into
        delito (actualizado_en, codigo_penal, creado_en, descripcion, nombre, pena_maxima, pena_minima, tipo_pena, valoracion, id) 
    values
        (?, ?, ?, ?, ?, ?, ?, ?, ?, ?)
&amp#27;[2m2025-05-11T11:17:47.701-03:00&amp#27;[0;39m &amp#27;[32m INFO&amp#27;[0;39m &amp#27;[35m16907&amp#27;[0;39m &amp#27;[2m---&amp#27;[0;39m &amp#27;[2m[           main]&amp#27;[0;39m &amp#27;[2m&amp#27;[0;39m&amp#27;[36mi.StatisticalLoggingSessionEventListener&amp#27;[0;39m &amp#27;[2m:&amp#27;[0;39m Session Metrics {
    2208 nanoseconds spent acquiring 1 JDBC connections;
    0 nanoseconds spent releasing 0 JDBC connections;
    12292 nanoseconds spent preparing 2 JDBC statements;
    348250 nanoseconds spent executing 1 JDBC statements;
    505875 nanoseconds spent executing 1 JDBC batches;
    0 nanoseconds spent performing 0 L2C puts;
    0 nanoseconds spent performing 0 L2C hits;
    0 nanoseconds spent performing 0 L2C misses;
    827000 nanoseconds spent executing 1 flushes (flushing a total of 1 entities and 1 collections);
    0 nanoseconds spent executing 0 partial-flushes (flushing a total of 0 entities and 0 collections)
}
&amp#27;[2m2025-05-11T11:17:47.702-03:00&amp#27;[0;39m &amp#27;[32mDEBUG&amp#27;[0;39m &amp#27;[35m16907&amp#27;[0;39m &amp#27;[2m---&amp#27;[0;39m &amp#27;[2m[           main]&amp#27;[0;39m &amp#27;[2m&amp#27;[0;39m&amp#27;[36morg.hibernate.SQL                       &amp#27;[0;39m &amp#27;[2m:&amp#27;[0;39m 
    /* <criteria> */ select
        d1_0.id,
        d1_0.actualizado_en,
        d1_0.codigo_penal,
        d1_0.creado_en,
        d1_0.descripcion,
        d1_0.nombre,
        d1_0.pena_maxima,
        d1_0.pena_minima,
        d1_0.tipo_pena,
        d1_0.valoracion 
    from
        delito d1_0 
    where
        upper(d1_0.nombre) like upper(?) escape '\'
Hibernate: 
    /* <criteria> */ select
        d1_0.id,
        d1_0.actualizado_en,
        d1_0.codigo_penal,
        d1_0.creado_en,
        d1_0.descripcion,
        d1_0.nombre,
        d1_0.pena_maxima,
        d1_0.pena_minima,
        d1_0.tipo_pena,
        d1_0.valoracion 
    from
        delito d1_0 
    where
        upper(d1_0.nombre) like upper(?) escape '\'
&amp#27;[2m2025-05-11T11:17:47.703-03:00&amp#27;[0;39m &amp#27;[32m INFO&amp#27;[0;39m &amp#27;[35m16907&amp#27;[0;39m &amp#27;[2m---&amp#27;[0;39m &amp#27;[2m[           main]&amp#27;[0;39m &amp#27;[2m&amp#27;[0;39m&amp#27;[36mi.StatisticalLoggingSessionEventListener&amp#27;[0;39m &amp#27;[2m:&amp#27;[0;39m Session Metrics {
    3500 nanoseconds spent acquiring 1 JDBC connections;
    0 nanoseconds spent releasing 0 JDBC connections;
    12000 nanoseconds spent preparing 1 JDBC statements;
    1159875 nanoseconds spent executing 1 JDBC statements;
    0 nanoseconds spent executing 0 JDBC batches;
    0 nanoseconds spent performing 0 L2C puts;
    0 nanoseconds spent performing 0 L2C hits;
    0 nanoseconds spent performing 0 L2C misses;
    0 nanoseconds spent executing 0 flushes (flushing a total of 0 entities and 0 collections);
    0 nanoseconds spent executing 0 partial-flushes (flushing a total of 0 entities and 0 collections)
}
&amp#27;[2m2025-05-11T11:17:47.703-03:00&amp#27;[0;39m &amp#27;[32mDEBUG&amp#27;[0;39m &amp#27;[35m16907&amp#27;[0;39m &amp#27;[2m---&amp#27;[0;39m &amp#27;[2m[           main]&amp#27;[0;39m &amp#27;[2m&amp#27;[0;39m&amp#27;[36morg.hibernate.SQL                       &amp#27;[0;39m &amp#27;[2m:&amp#27;[0;39m 
    select
        seq_delito.nextval 
    from
        dual
Hibernate: 
    select
        seq_delito.nextval 
    from
        dual
&amp#27;[2m2025-05-11T11:17:47.704-03:00&amp#27;[0;39m &amp#27;[32mDEBUG&amp#27;[0;39m &amp#27;[35m16907&amp#27;[0;39m &amp#27;[2m---&amp#27;[0;39m &amp#27;[2m[           main]&amp#27;[0;39m &amp#27;[2m&amp#27;[0;39m&amp#27;[36morg.hibernate.SQL                       &amp#27;[0;39m &amp#27;[2m:&amp#27;[0;39m 
    /* insert for
        com.cufre.expedientes.model.Delito */insert 
    into
        delito (actualizado_en, codigo_penal, creado_en, descripcion, nombre, pena_maxima, pena_minima, tipo_pena, valoracion, id) 
    values
        (?, ?, ?, ?, ?, ?, ?, ?, ?, ?)
Hibernate: 
    /* insert for
        com.cufre.expedientes.model.Delito */insert 
    into
        delito (actualizado_en, codigo_penal, creado_en, descripcion, nombre, pena_maxima, pena_minima, tipo_pena, valoracion, id) 
    values
        (?, ?, ?, ?, ?, ?, ?, ?, ?, ?)
&amp#27;[2m2025-05-11T11:17:47.705-03:00&amp#27;[0;39m &amp#27;[32m INFO&amp#27;[0;39m &amp#27;[35m16907&amp#27;[0;39m &amp#27;[2m---&amp#27;[0;39m &amp#27;[2m[           main]&amp#27;[0;39m &amp#27;[2m&amp#27;[0;39m&amp#27;[36mi.StatisticalLoggingSessionEventListener&amp#27;[0;39m &amp#27;[2m:&amp#27;[0;39m Session Metrics {
    1792 nanoseconds spent acquiring 1 JDBC connections;
    0 nanoseconds spent releasing 0 JDBC connections;
    9541 nanoseconds spent preparing 2 JDBC statements;
    308083 nanoseconds spent executing 1 JDBC statements;
    393667 nanoseconds spent executing 1 JDBC batches;
    0 nanoseconds spent performing 0 L2C puts;
    0 nanoseconds spent performing 0 L2C hits;
    0 nanoseconds spent performing 0 L2C misses;
    669708 nanoseconds spent executing 1 flushes (flushing a total of 1 entities and 1 collections);
    0 nanoseconds spent executing 0 partial-flushes (flushing a total of 0 entities and 0 collections)
}
&amp#27;[2m2025-05-11T11:17:47.705-03:00&amp#27;[0;39m &amp#27;[32mDEBUG&amp#27;[0;39m &amp#27;[35m16907&amp#27;[0;39m &amp#27;[2m---&amp#27;[0;39m &amp#27;[2m[           main]&amp#27;[0;39m &amp#27;[2m&amp#27;[0;39m&amp#27;[36morg.hibernate.SQL                       &amp#27;[0;39m &amp#27;[2m:&amp#27;[0;39m 
    /* <criteria> */ select
        d1_0.id,
        d1_0.actualizado_en,
        d1_0.codigo_penal,
        d1_0.creado_en,
        d1_0.descripcion,
        d1_0.nombre,
        d1_0.pena_maxima,
        d1_0.pena_minima,
        d1_0.tipo_pena,
        d1_0.valoracion 
    from
        delito d1_0 
    where
        upper(d1_0.nombre) like upper(?) escape '\'
Hibernate: 
    /* <criteria> */ select
        d1_0.id,
        d1_0.actualizado_en,
        d1_0.codigo_penal,
        d1_0.creado_en,
        d1_0.descripcion,
        d1_0.nombre,
        d1_0.pena_maxima,
        d1_0.pena_minima,
        d1_0.tipo_pena,
        d1_0.valoracion 
    from
        delito d1_0 
    where
        upper(d1_0.nombre) like upper(?) escape '\'
&amp#27;[2m2025-05-11T11:17:47.707-03:00&amp#27;[0;39m &amp#27;[32m INFO&amp#27;[0;39m &amp#27;[35m16907&amp#27;[0;39m &amp#27;[2m---&amp#27;[0;39m &amp#27;[2m[           main]&amp#27;[0;39m &amp#27;[2m&amp#27;[0;39m&amp#27;[36mi.StatisticalLoggingSessionEventListener&amp#27;[0;39m &amp#27;[2m:&amp#27;[0;39m Session Metrics {
    2541 nanoseconds spent acquiring 1 JDBC connections;
    0 nanoseconds spent releasing 0 JDBC connections;
    9750 nanoseconds spent preparing 1 JDBC statements;
    1038417 nanoseconds spent executing 1 JDBC statements;
    0 nanoseconds spent executing 0 JDBC batches;
    0 nanoseconds spent performing 0 L2C puts;
    0 nanoseconds spent performing 0 L2C hits;
    0 nanoseconds spent performing 0 L2C misses;
    0 nanoseconds spent executing 0 flushes (flushing a total of 0 entities and 0 collections);
    0 nanoseconds spent executing 0 partial-flushes (flushing a total of 0 entities and 0 collections)
}
&amp#27;[2m2025-05-11T11:17:47.707-03:00&amp#27;[0;39m &amp#27;[32mDEBUG&amp#27;[0;39m &amp#27;[35m16907&amp#27;[0;39m &amp#27;[2m---&amp#27;[0;39m &amp#27;[2m[           main]&amp#27;[0;39m &amp#27;[2m&amp#27;[0;39m&amp#27;[36morg.hibernate.SQL                       &amp#27;[0;39m &amp#27;[2m:&amp#27;[0;39m 
    select
        seq_delito.nextval 
    from
        dual
Hibernate: 
    select
        seq_delito.nextval 
    from
        dual
&amp#27;[2m2025-05-11T11:17:47.707-03:00&amp#27;[0;39m &amp#27;[32mDEBUG&amp#27;[0;39m &amp#27;[35m16907&amp#27;[0;39m &amp#27;[2m---&amp#27;[0;39m &amp#27;[2m[           main]&amp#27;[0;39m &amp#27;[2m&amp#27;[0;39m&amp#27;[36morg.hibernate.SQL                       &amp#27;[0;39m &amp#27;[2m:&amp#27;[0;39m 
    /* insert for
        com.cufre.expedientes.model.Delito */insert 
    into
        delito (actualizado_en, codigo_penal, creado_en, descripcion, nombre, pena_maxima, pena_minima, tipo_pena, valoracion, id) 
    values
        (?, ?, ?, ?, ?, ?, ?, ?, ?, ?)
Hibernate: 
    /* insert for
        com.cufre.expedientes.model.Delito */insert 
    into
        delito (actualizado_en, codigo_penal, creado_en, descripcion, nombre, pena_maxima, pena_minima, tipo_pena, valoracion, id) 
    values
        (?, ?, ?, ?, ?, ?, ?, ?, ?, ?)
&amp#27;[2m2025-05-11T11:17:47.709-03:00&amp#27;[0;39m &amp#27;[32m INFO&amp#27;[0;39m &amp#27;[35m16907&amp#27;[0;39m &amp#27;[2m---&amp#27;[0;39m &amp#27;[2m[           main]&amp#27;[0;39m &amp#27;[2m&amp#27;[0;39m&amp#27;[36mi.StatisticalLoggingSessionEventListener&amp#27;[0;39m &amp#27;[2m:&amp#27;[0;39m Session Metrics {
    1875 nanoseconds spent acquiring 1 JDBC connections;
    0 nanoseconds spent releasing 0 JDBC connections;
    13625 nanoseconds spent preparing 2 JDBC statements;
    281584 nanoseconds spent executing 1 JDBC statements;
    540291 nanoseconds spent executing 1 JDBC batches;
    0 nanoseconds spent performing 0 L2C puts;
    0 nanoseconds spent performing 0 L2C hits;
    0 nanoseconds spent performing 0 L2C misses;
    867708 nanoseconds spent executing 1 flushes (flushing a total of 1 entities and 1 collections);
    0 nanoseconds spent executing 0 partial-flushes (flushing a total of 0 entities and 0 collections)
}
&amp#27;[2m2025-05-11T11:17:47.709-03:00&amp#27;[0;39m &amp#27;[32mDEBUG&amp#27;[0;39m &amp#27;[35m16907&amp#27;[0;39m &amp#27;[2m---&amp#27;[0;39m &amp#27;[2m[           main]&amp#27;[0;39m &amp#27;[2m&amp#27;[0;39m&amp#27;[36morg.hibernate.SQL                       &amp#27;[0;39m &amp#27;[2m:&amp#27;[0;39m 
    /* <criteria> */ select
        d1_0.id,
        d1_0.actualizado_en,
        d1_0.codigo_penal,
        d1_0.creado_en,
        d1_0.descripcion,
        d1_0.nombre,
        d1_0.pena_maxima,
        d1_0.pena_minima,
        d1_0.tipo_pena,
        d1_0.valoracion 
    from
        delito d1_0 
    where
        upper(d1_0.nombre) like upper(?) escape '\'
Hibernate: 
    /* <criteria> */ select
        d1_0.id,
        d1_0.actualizado_en,
        d1_0.codigo_penal,
        d1_0.creado_en,
        d1_0.descripcion,
        d1_0.nombre,
        d1_0.pena_maxima,
        d1_0.pena_minima,
        d1_0.tipo_pena,
        d1_0.valoracion 
    from
        delito d1_0 
    where
        upper(d1_0.nombre) like upper(?) escape '\'
&amp#27;[2m2025-05-11T11:17:47.711-03:00&amp#27;[0;39m &amp#27;[32m INFO&amp#27;[0;39m &amp#27;[35m16907&amp#27;[0;39m &amp#27;[2m---&amp#27;[0;39m &amp#27;[2m[           main]&amp#27;[0;39m &amp#27;[2m&amp#27;[0;39m&amp#27;[36mi.StatisticalLoggingSessionEventListener&amp#27;[0;39m &amp#27;[2m:&amp#27;[0;39m Session Metrics {
    3125 nanoseconds spent acquiring 1 JDBC connections;
    0 nanoseconds spent releasing 0 JDBC connections;
    12709 nanoseconds spent preparing 1 JDBC statements;
    1268292 nanoseconds spent executing 1 JDBC statements;
    0 nanoseconds spent executing 0 JDBC batches;
    0 nanoseconds spent performing 0 L2C puts;
    0 nanoseconds spent performing 0 L2C hits;
    0 nanoseconds spent performing 0 L2C misses;
    0 nanoseconds spent executing 0 flushes (flushing a total of 0 entities and 0 collections);
    0 nanoseconds spent executing 0 partial-flushes (flushing a total of 0 entities and 0 collections)
}
&amp#27;[2m2025-05-11T11:17:47.711-03:00&amp#27;[0;39m &amp#27;[32mDEBUG&amp#27;[0;39m &amp#27;[35m16907&amp#27;[0;39m &amp#27;[2m---&amp#27;[0;39m &amp#27;[2m[           main]&amp#27;[0;39m &amp#27;[2m&amp#27;[0;39m&amp#27;[36morg.hibernate.SQL                       &amp#27;[0;39m &amp#27;[2m:&amp#27;[0;39m 
    select
        seq_delito.nextval 
    from
        dual
Hibernate: 
    select
        seq_delito.nextval 
    from
        dual
&amp#27;[2m2025-05-11T11:17:47.712-03:00&amp#27;[0;39m &amp#27;[32mDEBUG&amp#27;[0;39m &amp#27;[35m16907&amp#27;[0;39m &amp#27;[2m---&amp#27;[0;39m &amp#27;[2m[           main]&amp#27;[0;39m &amp#27;[2m&amp#27;[0;39m&amp#27;[36morg.hibernate.SQL                       &amp#27;[0;39m &amp#27;[2m:&amp#27;[0;39m 
    /* insert for
        com.cufre.expedientes.model.Delito */insert 
    into
        delito (actualizado_en, codigo_penal, creado_en, descripcion, nombre, pena_maxima, pena_minima, tipo_pena, valoracion, id) 
    values
        (?, ?, ?, ?, ?, ?, ?, ?, ?, ?)
Hibernate: 
    /* insert for
        com.cufre.expedientes.model.Delito */insert 
    into
        delito (actualizado_en, codigo_penal, creado_en, descripcion, nombre, pena_maxima, pena_minima, tipo_pena, valoracion, id) 
    values
        (?, ?, ?, ?, ?, ?, ?, ?, ?, ?)
&amp#27;[2m2025-05-11T11:17:47.713-03:00&amp#27;[0;39m &amp#27;[32m INFO&amp#27;[0;39m &amp#27;[35m16907&amp#27;[0;39m &amp#27;[2m---&amp#27;[0;39m &amp#27;[2m[           main]&amp#27;[0;39m &amp#27;[2m&amp#27;[0;39m&amp#27;[36mi.StatisticalLoggingSessionEventListener&amp#27;[0;39m &amp#27;[2m:&amp#27;[0;39m Session Metrics {
    2791 nanoseconds spent acquiring 1 JDBC connections;
    0 nanoseconds spent releasing 0 JDBC connections;
    40958 nanoseconds spent preparing 2 JDBC statements;
    389542 nanoseconds spent executing 1 JDBC statements;
    553000 nanoseconds spent executing 1 JDBC batches;
    0 nanoseconds spent performing 0 L2C puts;
    0 nanoseconds spent performing 0 L2C hits;
    0 nanoseconds spent performing 0 L2C misses;
    954750 nanoseconds spent executing 1 flushes (flushing a total of 1 entities and 1 collections);
    0 nanoseconds spent executing 0 partial-flushes (flushing a total of 0 entities and 0 collections)
}
&amp#27;[2m2025-05-11T11:17:47.714-03:00&amp#27;[0;39m &amp#27;[32mDEBUG&amp#27;[0;39m &amp#27;[35m16907&amp#27;[0;39m &amp#27;[2m---&amp#27;[0;39m &amp#27;[2m[           main]&amp#27;[0;39m &amp#27;[2m&amp#27;[0;39m&amp#27;[36morg.hibernate.SQL                       &amp#27;[0;39m &amp#27;[2m:&amp#27;[0;39m 
    /* <criteria> */ select
        d1_0.id,
        d1_0.actualizado_en,
        d1_0.codigo_penal,
        d1_0.creado_en,
        d1_0.descripcion,
        d1_0.nombre,
        d1_0.pena_maxima,
        d1_0.pena_minima,
        d1_0.tipo_pena,
        d1_0.valoracion 
    from
        delito d1_0 
    where
        upper(d1_0.nombre) like upper(?) escape '\'
Hibernate: 
    /* <criteria> */ select
        d1_0.id,
        d1_0.actualizado_en,
        d1_0.codigo_penal,
        d1_0.creado_en,
        d1_0.descripcion,
        d1_0.nombre,
        d1_0.pena_maxima,
        d1_0.pena_minima,
        d1_0.tipo_pena,
        d1_0.valoracion 
    from
        delito d1_0 
    where
        upper(d1_0.nombre) like upper(?) escape '\'
&amp#27;[2m2025-05-11T11:17:47.715-03:00&amp#27;[0;39m &amp#27;[32m INFO&amp#27;[0;39m &amp#27;[35m16907&amp#27;[0;39m &amp#27;[2m---&amp#27;[0;39m &amp#27;[2m[           main]&amp#27;[0;39m &amp#27;[2m&amp#27;[0;39m&amp#27;[36mi.StatisticalLoggingSessionEventListener&amp#27;[0;39m &amp#27;[2m:&amp#27;[0;39m Session Metrics {
    4833 nanoseconds spent acquiring 1 JDBC connections;
    0 nanoseconds spent releasing 0 JDBC connections;
    14084 nanoseconds spent preparing 1 JDBC statements;
    1160875 nanoseconds spent executing 1 JDBC statements;
    0 nanoseconds spent executing 0 JDBC batches;
    0 nanoseconds spent performing 0 L2C puts;
    0 nanoseconds spent performing 0 L2C hits;
    0 nanoseconds spent performing 0 L2C misses;
    0 nanoseconds spent executing 0 flushes (flushing a total of 0 entities and 0 collections);
    0 nanoseconds spent executing 0 partial-flushes (flushing a total of 0 entities and 0 collections)
}
&amp#27;[2m2025-05-11T11:17:47.715-03:00&amp#27;[0;39m &amp#27;[32mDEBUG&amp#27;[0;39m &amp#27;[35m16907&amp#27;[0;39m &amp#27;[2m---&amp#27;[0;39m &amp#27;[2m[           main]&amp#27;[0;39m &amp#27;[2m&amp#27;[0;39m&amp#27;[36morg.hibernate.SQL                       &amp#27;[0;39m &amp#27;[2m:&amp#27;[0;39m 
    select
        seq_delito.nextval 
    from
        dual
Hibernate: 
    select
        seq_delito.nextval 
    from
        dual
&amp#27;[2m2025-05-11T11:17:47.716-03:00&amp#27;[0;39m &amp#27;[32mDEBUG&amp#27;[0;39m &amp#27;[35m16907&amp#27;[0;39m &amp#27;[2m---&amp#27;[0;39m &amp#27;[2m[           main]&amp#27;[0;39m &amp#27;[2m&amp#27;[0;39m&amp#27;[36morg.hibernate.SQL                       &amp#27;[0;39m &amp#27;[2m:&amp#27;[0;39m 
    /* insert for
        com.cufre.expedientes.model.Delito */insert 
    into
        delito (actualizado_en, codigo_penal, creado_en, descripcion, nombre, pena_maxima, pena_minima, tipo_pena, valoracion, id) 
    values
        (?, ?, ?, ?, ?, ?, ?, ?, ?, ?)
Hibernate: 
    /* insert for
        com.cufre.expedientes.model.Delito */insert 
    into
        delito (actualizado_en, codigo_penal, creado_en, descripcion, nombre, pena_maxima, pena_minima, tipo_pena, valoracion, id) 
    values
        (?, ?, ?, ?, ?, ?, ?, ?, ?, ?)
&amp#27;[2m2025-05-11T11:17:47.717-03:00&amp#27;[0;39m &amp#27;[32m INFO&amp#27;[0;39m &amp#27;[35m16907&amp#27;[0;39m &amp#27;[2m---&amp#27;[0;39m &amp#27;[2m[           main]&amp#27;[0;39m &amp#27;[2m&amp#27;[0;39m&amp#27;[36mi.StatisticalLoggingSessionEventListener&amp#27;[0;39m &amp#27;[2m:&amp#27;[0;39m Session Metrics {
    1333 nanoseconds spent acquiring 1 JDBC connections;
    0 nanoseconds spent releasing 0 JDBC connections;
    8291 nanoseconds spent preparing 2 JDBC statements;
    264833 nanoseconds spent executing 1 JDBC statements;
    395375 nanoseconds spent executing 1 JDBC batches;
    0 nanoseconds spent performing 0 L2C puts;
    0 nanoseconds spent performing 0 L2C hits;
    0 nanoseconds spent performing 0 L2C misses;
    738917 nanoseconds spent executing 1 flushes (flushing a total of 1 entities and 1 collections);
    0 nanoseconds spent executing 0 partial-flushes (flushing a total of 0 entities and 0 collections)
}
&amp#27;[2m2025-05-11T11:17:47.718-03:00&amp#27;[0;39m &amp#27;[32mDEBUG&amp#27;[0;39m &amp#27;[35m16907&amp#27;[0;39m &amp#27;[2m---&amp#27;[0;39m &amp#27;[2m[           main]&amp#27;[0;39m &amp#27;[2m&amp#27;[0;39m&amp#27;[36morg.hibernate.SQL                       &amp#27;[0;39m &amp#27;[2m:&amp#27;[0;39m 
    /* <criteria> */ select
        d1_0.id,
        d1_0.actualizado_en,
        d1_0.codigo_penal,
        d1_0.creado_en,
        d1_0.descripcion,
        d1_0.nombre,
        d1_0.pena_maxima,
        d1_0.pena_minima,
        d1_0.tipo_pena,
        d1_0.valoracion 
    from
        delito d1_0 
    where
        upper(d1_0.nombre) like upper(?) escape '\'
Hibernate: 
    /* <criteria> */ select
        d1_0.id,
        d1_0.actualizado_en,
        d1_0.codigo_penal,
        d1_0.creado_en,
        d1_0.descripcion,
        d1_0.nombre,
        d1_0.pena_maxima,
        d1_0.pena_minima,
        d1_0.tipo_pena,
        d1_0.valoracion 
    from
        delito d1_0 
    where
        upper(d1_0.nombre) like upper(?) escape '\'
&amp#27;[2m2025-05-11T11:17:47.719-03:00&amp#27;[0;39m &amp#27;[32m INFO&amp#27;[0;39m &amp#27;[35m16907&amp#27;[0;39m &amp#27;[2m---&amp#27;[0;39m &amp#27;[2m[           main]&amp#27;[0;39m &amp#27;[2m&amp#27;[0;39m&amp#27;[36mi.StatisticalLoggingSessionEventListener&amp#27;[0;39m &amp#27;[2m:&amp#27;[0;39m Session Metrics {
    2542 nanoseconds spent acquiring 1 JDBC connections;
    0 nanoseconds spent releasing 0 JDBC connections;
    11500 nanoseconds spent preparing 1 JDBC statements;
    989917 nanoseconds spent executing 1 JDBC statements;
    0 nanoseconds spent executing 0 JDBC batches;
    0 nanoseconds spent performing 0 L2C puts;
    0 nanoseconds spent performing 0 L2C hits;
    0 nanoseconds spent performing 0 L2C misses;
    0 nanoseconds spent executing 0 flushes (flushing a total of 0 entities and 0 collections);
    0 nanoseconds spent executing 0 partial-flushes (flushing a total of 0 entities and 0 collections)
}
&amp#27;[2m2025-05-11T11:17:47.719-03:00&amp#27;[0;39m &amp#27;[32mDEBUG&amp#27;[0;39m &amp#27;[35m16907&amp#27;[0;39m &amp#27;[2m---&amp#27;[0;39m &amp#27;[2m[           main]&amp#27;[0;39m &amp#27;[2m&amp#27;[0;39m&amp#27;[36morg.hibernate.SQL                       &amp#27;[0;39m &amp#27;[2m:&amp#27;[0;39m 
    select
        seq_delito.nextval 
    from
        dual
Hibernate: 
    select
        seq_delito.nextval 
    from
        dual
&amp#27;[2m2025-05-11T11:17:47.720-03:00&amp#27;[0;39m &amp#27;[32mDEBUG&amp#27;[0;39m &amp#27;[35m16907&amp#27;[0;39m &amp#27;[2m---&amp#27;[0;39m &amp#27;[2m[           main]&amp#27;[0;39m &amp#27;[2m&amp#27;[0;39m&amp#27;[36morg.hibernate.SQL                       &amp#27;[0;39m &amp#27;[2m:&amp#27;[0;39m 
    /* insert for
        com.cufre.expedientes.model.Delito */insert 
    into
        delito (actualizado_en, codigo_penal, creado_en, descripcion, nombre, pena_maxima, pena_minima, tipo_pena, valoracion, id) 
    values
        (?, ?, ?, ?, ?, ?, ?, ?, ?, ?)
Hibernate: 
    /* insert for
        com.cufre.expedientes.model.Delito */insert 
    into
        delito (actualizado_en, codigo_penal, creado_en, descripcion, nombre, pena_maxima, pena_minima, tipo_pena, valoracion, id) 
    values
        (?, ?, ?, ?, ?, ?, ?, ?, ?, ?)
&amp#27;[2m2025-05-11T11:17:47.721-03:00&amp#27;[0;39m &amp#27;[32m INFO&amp#27;[0;39m &amp#27;[35m16907&amp#27;[0;39m &amp#27;[2m---&amp#27;[0;39m &amp#27;[2m[           main]&amp#27;[0;39m &amp#27;[2m&amp#27;[0;39m&amp#27;[36mi.StatisticalLoggingSessionEventListener&amp#27;[0;39m &amp#27;[2m:&amp#27;[0;39m Session Metrics {
    3500 nanoseconds spent acquiring 1 JDBC connections;
    0 nanoseconds spent releasing 0 JDBC connections;
    13959 nanoseconds spent preparing 2 JDBC statements;
    308833 nanoseconds spent executing 1 JDBC statements;
    400541 nanoseconds spent executing 1 JDBC batches;
    0 nanoseconds spent performing 0 L2C puts;
    0 nanoseconds spent performing 0 L2C hits;
    0 nanoseconds spent performing 0 L2C misses;
    686750 nanoseconds spent executing 1 flushes (flushing a total of 1 entities and 1 collections);
    0 nanoseconds spent executing 0 partial-flushes (flushing a total of 0 entities and 0 collections)
}
&amp#27;[2m2025-05-11T11:17:47.721-03:00&amp#27;[0;39m &amp#27;[32mDEBUG&amp#27;[0;39m &amp#27;[35m16907&amp#27;[0;39m &amp#27;[2m---&amp#27;[0;39m &amp#27;[2m[           main]&amp#27;[0;39m &amp#27;[2m&amp#27;[0;39m&amp#27;[36morg.hibernate.SQL                       &amp#27;[0;39m &amp#27;[2m:&amp#27;[0;39m 
    /* <criteria> */ select
        d1_0.id,
        d1_0.actualizado_en,
        d1_0.codigo_penal,
        d1_0.creado_en,
        d1_0.descripcion,
        d1_0.nombre,
        d1_0.pena_maxima,
        d1_0.pena_minima,
        d1_0.tipo_pena,
        d1_0.valoracion 
    from
        delito d1_0 
    where
        upper(d1_0.nombre) like upper(?) escape '\'
Hibernate: 
    /* <criteria> */ select
        d1_0.id,
        d1_0.actualizado_en,
        d1_0.codigo_penal,
        d1_0.creado_en,
        d1_0.descripcion,
        d1_0.nombre,
        d1_0.pena_maxima,
        d1_0.pena_minima,
        d1_0.tipo_pena,
        d1_0.valoracion 
    from
        delito d1_0 
    where
        upper(d1_0.nombre) like upper(?) escape '\'
&amp#27;[2m2025-05-11T11:17:47.723-03:00&amp#27;[0;39m &amp#27;[32m INFO&amp#27;[0;39m &amp#27;[35m16907&amp#27;[0;39m &amp#27;[2m---&amp#27;[0;39m &amp#27;[2m[           main]&amp#27;[0;39m &amp#27;[2m&amp#27;[0;39m&amp#27;[36mi.StatisticalLoggingSessionEventListener&amp#27;[0;39m &amp#27;[2m:&amp#27;[0;39m Session Metrics {
    2750 nanoseconds spent acquiring 1 JDBC connections;
    0 nanoseconds spent releasing 0 JDBC connections;
    11208 nanoseconds spent preparing 1 JDBC statements;
    1280916 nanoseconds spent executing 1 JDBC statements;
    0 nanoseconds spent executing 0 JDBC batches;
    0 nanoseconds spent performing 0 L2C puts;
    0 nanoseconds spent performing 0 L2C hits;
    0 nanoseconds spent performing 0 L2C misses;
    0 nanoseconds spent executing 0 flushes (flushing a total of 0 entities and 0 collections);
    0 nanoseconds spent executing 0 partial-flushes (flushing a total of 0 entities and 0 collections)
}
&amp#27;[2m2025-05-11T11:17:47.723-03:00&amp#27;[0;39m &amp#27;[32mDEBUG&amp#27;[0;39m &amp#27;[35m16907&amp#27;[0;39m &amp#27;[2m---&amp#27;[0;39m &amp#27;[2m[           main]&amp#27;[0;39m &amp#27;[2m&amp#27;[0;39m&amp#27;[36morg.hibernate.SQL                       &amp#27;[0;39m &amp#27;[2m:&amp#27;[0;39m 
    select
        seq_delito.nextval 
    from
        dual
Hibernate: 
    select
        seq_delito.nextval 
    from
        dual
&amp#27;[2m2025-05-11T11:17:47.724-03:00&amp#27;[0;39m &amp#27;[32mDEBUG&amp#27;[0;39m &amp#27;[35m16907&amp#27;[0;39m &amp#27;[2m---&amp#27;[0;39m &amp#27;[2m[           main]&amp#27;[0;39m &amp#27;[2m&amp#27;[0;39m&amp#27;[36morg.hibernate.SQL                       &amp#27;[0;39m &amp#27;[2m:&amp#27;[0;39m 
    /* insert for
        com.cufre.expedientes.model.Delito */insert 
    into
        delito (actualizado_en, codigo_penal, creado_en, descripcion, nombre, pena_maxima, pena_minima, tipo_pena, valoracion, id) 
    values
        (?, ?, ?, ?, ?, ?, ?, ?, ?, ?)
Hibernate: 
    /* insert for
        com.cufre.expedientes.model.Delito */insert 
    into
        delito (actualizado_en, codigo_penal, creado_en, descripcion, nombre, pena_maxima, pena_minima, tipo_pena, valoracion, id) 
    values
        (?, ?, ?, ?, ?, ?, ?, ?, ?, ?)
&amp#27;[2m2025-05-11T11:17:47.725-03:00&amp#27;[0;39m &amp#27;[32m INFO&amp#27;[0;39m &amp#27;[35m16907&amp#27;[0;39m &amp#27;[2m---&amp#27;[0;39m &amp#27;[2m[           main]&amp#27;[0;39m &amp#27;[2m&amp#27;[0;39m&amp#27;[36mi.StatisticalLoggingSessionEventListener&amp#27;[0;39m &amp#27;[2m:&amp#27;[0;39m Session Metrics {
    1708 nanoseconds spent acquiring 1 JDBC connections;
    0 nanoseconds spent releasing 0 JDBC connections;
    10917 nanoseconds spent preparing 2 JDBC statements;
    322334 nanoseconds spent executing 1 JDBC statements;
    467000 nanoseconds spent executing 1 JDBC batches;
    0 nanoseconds spent performing 0 L2C puts;
    0 nanoseconds spent performing 0 L2C hits;
    0 nanoseconds spent performing 0 L2C misses;
    785708 nanoseconds spent executing 1 flushes (flushing a total of 1 entities and 1 collections);
    0 nanoseconds spent executing 0 partial-flushes (flushing a total of 0 entities and 0 collections)
}
&amp#27;[2m2025-05-11T11:17:47.726-03:00&amp#27;[0;39m &amp#27;[32mDEBUG&amp#27;[0;39m &amp#27;[35m16907&amp#27;[0;39m &amp#27;[2m---&amp#27;[0;39m &amp#27;[2m[           main]&amp#27;[0;39m &amp#27;[2m&amp#27;[0;39m&amp#27;[36morg.hibernate.SQL                       &amp#27;[0;39m &amp#27;[2m:&amp#27;[0;39m 
    /* <criteria> */ select
        d1_0.id,
        d1_0.actualizado_en,
        d1_0.codigo_penal,
        d1_0.creado_en,
        d1_0.descripcion,
        d1_0.nombre,
        d1_0.pena_maxima,
        d1_0.pena_minima,
        d1_0.tipo_pena,
        d1_0.valoracion 
    from
        delito d1_0 
    where
        upper(d1_0.nombre) like upper(?) escape '\'
Hibernate: 
    /* <criteria> */ select
        d1_0.id,
        d1_0.actualizado_en,
        d1_0.codigo_penal,
        d1_0.creado_en,
        d1_0.descripcion,
        d1_0.nombre,
        d1_0.pena_maxima,
        d1_0.pena_minima,
        d1_0.tipo_pena,
        d1_0.valoracion 
    from
        delito d1_0 
    where
        upper(d1_0.nombre) like upper(?) escape '\'
&amp#27;[2m2025-05-11T11:17:47.727-03:00&amp#27;[0;39m &amp#27;[32m INFO&amp#27;[0;39m &amp#27;[35m16907&amp#27;[0;39m &amp#27;[2m---&amp#27;[0;39m &amp#27;[2m[           main]&amp#27;[0;39m &amp#27;[2m&amp#27;[0;39m&amp#27;[36mi.StatisticalLoggingSessionEventListener&amp#27;[0;39m &amp#27;[2m:&amp#27;[0;39m Session Metrics {
    5833 nanoseconds spent acquiring 1 JDBC connections;
    0 nanoseconds spent releasing 0 JDBC connections;
    35459 nanoseconds spent preparing 1 JDBC statements;
    1529750 nanoseconds spent executing 1 JDBC statements;
    0 nanoseconds spent executing 0 JDBC batches;
    0 nanoseconds spent performing 0 L2C puts;
    0 nanoseconds spent performing 0 L2C hits;
    0 nanoseconds spent performing 0 L2C misses;
    0 nanoseconds spent executing 0 flushes (flushing a total of 0 entities and 0 collections);
    0 nanoseconds spent executing 0 partial-flushes (flushing a total of 0 entities and 0 collections)
}
&amp#27;[2m2025-05-11T11:17:47.728-03:00&amp#27;[0;39m &amp#27;[32mDEBUG&amp#27;[0;39m &amp#27;[35m16907&amp#27;[0;39m &amp#27;[2m---&amp#27;[0;39m &amp#27;[2m[           main]&amp#27;[0;39m &amp#27;[2m&amp#27;[0;39m&amp#27;[36morg.hibernate.SQL                       &amp#27;[0;39m &amp#27;[2m:&amp#27;[0;39m 
    select
        seq_delito.nextval 
    from
        dual
Hibernate: 
    select
        seq_delito.nextval 
    from
        dual
&amp#27;[2m2025-05-11T11:17:47.729-03:00&amp#27;[0;39m &amp#27;[32mDEBUG&amp#27;[0;39m &amp#27;[35m16907&amp#27;[0;39m &amp#27;[2m---&amp#27;[0;39m &amp#27;[2m[           main]&amp#27;[0;39m &amp#27;[2m&amp#27;[0;39m&amp#27;[36morg.hibernate.SQL                       &amp#27;[0;39m &amp#27;[2m:&amp#27;[0;39m 
    /* insert for
        com.cufre.expedientes.model.Delito */insert 
    into
        delito (actualizado_en, codigo_penal, creado_en, descripcion, nombre, pena_maxima, pena_minima, tipo_pena, valoracion, id) 
    values
        (?, ?, ?, ?, ?, ?, ?, ?, ?, ?)
Hibernate: 
    /* insert for
        com.cufre.expedientes.model.Delito */insert 
    into
        delito (actualizado_en, codigo_penal, creado_en, descripcion, nombre, pena_maxima, pena_minima, tipo_pena, valoracion, id) 
    values
        (?, ?, ?, ?, ?, ?, ?, ?, ?, ?)
&amp#27;[2m2025-05-11T11:17:47.730-03:00&amp#27;[0;39m &amp#27;[32m INFO&amp#27;[0;39m &amp#27;[35m16907&amp#27;[0;39m &amp#27;[2m---&amp#27;[0;39m &amp#27;[2m[           main]&amp#27;[0;39m &amp#27;[2m&amp#27;[0;39m&amp#27;[36mi.StatisticalLoggingSessionEventListener&amp#27;[0;39m &amp#27;[2m:&amp#27;[0;39m Session Metrics {
    2500 nanoseconds spent acquiring 1 JDBC connections;
    0 nanoseconds spent releasing 0 JDBC connections;
    13124 nanoseconds spent preparing 2 JDBC statements;
    1093666 nanoseconds spent executing 1 JDBC statements;
    527500 nanoseconds spent executing 1 JDBC batches;
    0 nanoseconds spent performing 0 L2C puts;
    0 nanoseconds spent performing 0 L2C hits;
    0 nanoseconds spent performing 0 L2C misses;
    920291 nanoseconds spent executing 1 flushes (flushing a total of 1 entities and 1 collections);
    0 nanoseconds spent executing 0 partial-flushes (flushing a total of 0 entities and 0 collections)
}
&amp#27;[2m2025-05-11T11:17:47.731-03:00&amp#27;[0;39m &amp#27;[32mDEBUG&amp#27;[0;39m &amp#27;[35m16907&amp#27;[0;39m &amp#27;[2m---&amp#27;[0;39m &amp#27;[2m[           main]&amp#27;[0;39m &amp#27;[2m&amp#27;[0;39m&amp#27;[36morg.hibernate.SQL                       &amp#27;[0;39m &amp#27;[2m:&amp#27;[0;39m 
    /* <criteria> */ select
        d1_0.id,
        d1_0.actualizado_en,
        d1_0.codigo_penal,
        d1_0.creado_en,
        d1_0.descripcion,
        d1_0.nombre,
        d1_0.pena_maxima,
        d1_0.pena_minima,
        d1_0.tipo_pena,
        d1_0.valoracion 
    from
        delito d1_0 
    where
        upper(d1_0.nombre) like upper(?) escape '\'
Hibernate: 
    /* <criteria> */ select
        d1_0.id,
        d1_0.actualizado_en,
        d1_0.codigo_penal,
        d1_0.creado_en,
        d1_0.descripcion,
        d1_0.nombre,
        d1_0.pena_maxima,
        d1_0.pena_minima,
        d1_0.tipo_pena,
        d1_0.valoracion 
    from
        delito d1_0 
    where
        upper(d1_0.nombre) like upper(?) escape '\'
&amp#27;[2m2025-05-11T11:17:47.732-03:00&amp#27;[0;39m &amp#27;[32m INFO&amp#27;[0;39m &amp#27;[35m16907&amp#27;[0;39m &amp#27;[2m---&amp#27;[0;39m &amp#27;[2m[           main]&amp#27;[0;39m &amp#27;[2m&amp#27;[0;39m&amp#27;[36mi.StatisticalLoggingSessionEventListener&amp#27;[0;39m &amp#27;[2m:&amp#27;[0;39m Session Metrics {
    3084 nanoseconds spent acquiring 1 JDBC connections;
    0 nanoseconds spent releasing 0 JDBC connections;
    12417 nanoseconds spent preparing 1 JDBC statements;
    1202708 nanoseconds spent executing 1 JDBC statements;
    0 nanoseconds spent executing 0 JDBC batches;
    0 nanoseconds spent performing 0 L2C puts;
    0 nanoseconds spent performing 0 L2C hits;
    0 nanoseconds spent performing 0 L2C misses;
    0 nanoseconds spent executing 0 flushes (flushing a total of 0 entities and 0 collections);
    0 nanoseconds spent executing 0 partial-flushes (flushing a total of 0 entities and 0 collections)
}
&amp#27;[2m2025-05-11T11:17:47.733-03:00&amp#27;[0;39m &amp#27;[32mDEBUG&amp#27;[0;39m &amp#27;[35m16907&amp#27;[0;39m &amp#27;[2m---&amp#27;[0;39m &amp#27;[2m[           main]&amp#27;[0;39m &amp#27;[2m&amp#27;[0;39m&amp#27;[36morg.hibernate.SQL                       &amp#27;[0;39m &amp#27;[2m:&amp#27;[0;39m 
    select
        seq_delito.nextval 
    from
        dual
Hibernate: 
    select
        seq_delito.nextval 
    from
        dual
&amp#27;[2m2025-05-11T11:17:47.733-03:00&amp#27;[0;39m &amp#27;[32mDEBUG&amp#27;[0;39m &amp#27;[35m16907&amp#27;[0;39m &amp#27;[2m---&amp#27;[0;39m &amp#27;[2m[           main]&amp#27;[0;39m &amp#27;[2m&amp#27;[0;39m&amp#27;[36morg.hibernate.SQL                       &amp#27;[0;39m &amp#27;[2m:&amp#27;[0;39m 
    /* insert for
        com.cufre.expedientes.model.Delito */insert 
    into
        delito (actualizado_en, codigo_penal, creado_en, descripcion, nombre, pena_maxima, pena_minima, tipo_pena, valoracion, id) 
    values
        (?, ?, ?, ?, ?, ?, ?, ?, ?, ?)
Hibernate: 
    /* insert for
        com.cufre.expedientes.model.Delito */insert 
    into
        delito (actualizado_en, codigo_penal, creado_en, descripcion, nombre, pena_maxima, pena_minima, tipo_pena, valoracion, id) 
    values
        (?, ?, ?, ?, ?, ?, ?, ?, ?, ?)
&amp#27;[2m2025-05-11T11:17:47.734-03:00&amp#27;[0;39m &amp#27;[32m INFO&amp#27;[0;39m &amp#27;[35m16907&amp#27;[0;39m &amp#27;[2m---&amp#27;[0;39m &amp#27;[2m[           main]&amp#27;[0;39m &amp#27;[2m&amp#27;[0;39m&amp#27;[36mi.StatisticalLoggingSessionEventListener&amp#27;[0;39m &amp#27;[2m:&amp#27;[0;39m Session Metrics {
    2167 nanoseconds spent acquiring 1 JDBC connections;
    0 nanoseconds spent releasing 0 JDBC connections;
    13000 nanoseconds spent preparing 2 JDBC statements;
    332083 nanoseconds spent executing 1 JDBC statements;
    389584 nanoseconds spent executing 1 JDBC batches;
    0 nanoseconds spent performing 0 L2C puts;
    0 nanoseconds spent performing 0 L2C hits;
    0 nanoseconds spent performing 0 L2C misses;
    718250 nanoseconds spent executing 1 flushes (flushing a total of 1 entities and 1 collections);
    0 nanoseconds spent executing 0 partial-flushes (flushing a total of 0 entities and 0 collections)
}
&amp#27;[2m2025-05-11T11:17:47.742-03:00&amp#27;[0;39m &amp#27;[32mDEBUG&amp#27;[0;39m &amp#27;[35m16907&amp#27;[0;39m &amp#27;[2m---&amp#27;[0;39m &amp#27;[2m[           main]&amp#27;[0;39m &amp#27;[2m&amp#27;[0;39m&amp#27;[36morg.hibernate.SQL                       &amp#27;[0;39m &amp#27;[2m:&amp#27;[0;39m 
    /* <criteria> */ select
        d1_0.id,
        d1_0.actualizado_en,
        d1_0.codigo_penal,
        d1_0.creado_en,
        d1_0.descripcion,
        d1_0.nombre,
        d1_0.pena_maxima,
        d1_0.pena_minima,
        d1_0.tipo_pena,
        d1_0.valoracion 
    from
        delito d1_0 
    where
        upper(d1_0.nombre) like upper(?) escape '\'
Hibernate: 
    /* <criteria> */ select
        d1_0.id,
        d1_0.actualizado_en,
        d1_0.codigo_penal,
        d1_0.creado_en,
        d1_0.descripcion,
        d1_0.nombre,
        d1_0.pena_maxima,
        d1_0.pena_minima,
        d1_0.tipo_pena,
        d1_0.valoracion 
    from
        delito d1_0 
    where
        upper(d1_0.nombre) like upper(?) escape '\'
&amp#27;[2m2025-05-11T11:17:47.744-03:00&amp#27;[0;39m &amp#27;[32m INFO&amp#27;[0;39m &amp#27;[35m16907&amp#27;[0;39m &amp#27;[2m---&amp#27;[0;39m &amp#27;[2m[           main]&amp#27;[0;39m &amp#27;[2m&amp#27;[0;39m&amp#27;[36mi.StatisticalLoggingSessionEventListener&amp#27;[0;39m &amp#27;[2m:&amp#27;[0;39m Session Metrics {
    6708 nanoseconds spent acquiring 1 JDBC connections;
    0 nanoseconds spent releasing 0 JDBC connections;
    23875 nanoseconds spent preparing 1 JDBC statements;
    1429667 nanoseconds spent executing 1 JDBC statements;
    0 nanoseconds spent executing 0 JDBC batches;
    0 nanoseconds spent performing 0 L2C puts;
    0 nanoseconds spent performing 0 L2C hits;
    0 nanoseconds spent performing 0 L2C misses;
    0 nanoseconds spent executing 0 flushes (flushing a total of 0 entities and 0 collections);
    0 nanoseconds spent executing 0 partial-flushes (flushing a total of 0 entities and 0 collections)
}
&amp#27;[2m2025-05-11T11:17:47.744-03:00&amp#27;[0;39m &amp#27;[32mDEBUG&amp#27;[0;39m &amp#27;[35m16907&amp#27;[0;39m &amp#27;[2m---&amp#27;[0;39m &amp#27;[2m[           main]&amp#27;[0;39m &amp#27;[2m&amp#27;[0;39m&amp#27;[36morg.hibernate.SQL                       &amp#27;[0;39m &amp#27;[2m:&amp#27;[0;39m 
    select
        seq_delito.nextval 
    from
        dual
Hibernate: 
    select
        seq_delito.nextval 
    from
        dual
&amp#27;[2m2025-05-11T11:17:47.745-03:00&amp#27;[0;39m &amp#27;[32mDEBUG&amp#27;[0;39m &amp#27;[35m16907&amp#27;[0;39m &amp#27;[2m---&amp#27;[0;39m &amp#27;[2m[           main]&amp#27;[0;39m &amp#27;[2m&amp#27;[0;39m&amp#27;[36morg.hibernate.SQL                       &amp#27;[0;39m &amp#27;[2m:&amp#27;[0;39m 
    /* insert for
        com.cufre.expedientes.model.Delito */insert 
    into
        delito (actualizado_en, codigo_penal, creado_en, descripcion, nombre, pena_maxima, pena_minima, tipo_pena, valoracion, id) 
    values
        (?, ?, ?, ?, ?, ?, ?, ?, ?, ?)
Hibernate: 
    /* insert for
        com.cufre.expedientes.model.Delito */insert 
    into
        delito (actualizado_en, codigo_penal, creado_en, descripcion, nombre, pena_maxima, pena_minima, tipo_pena, valoracion, id) 
    values
        (?, ?, ?, ?, ?, ?, ?, ?, ?, ?)
&amp#27;[2m2025-05-11T11:17:47.747-03:00&amp#27;[0;39m &amp#27;[32m INFO&amp#27;[0;39m &amp#27;[35m16907&amp#27;[0;39m &amp#27;[2m---&amp#27;[0;39m &amp#27;[2m[           main]&amp#27;[0;39m &amp#27;[2m&amp#27;[0;39m&amp#27;[36mi.StatisticalLoggingSessionEventListener&amp#27;[0;39m &amp#27;[2m:&amp#27;[0;39m Session Metrics {
    1333 nanoseconds spent acquiring 1 JDBC connections;
    0 nanoseconds spent releasing 0 JDBC connections;
    13584 nanoseconds spent preparing 2 JDBC statements;
    398333 nanoseconds spent executing 1 JDBC statements;
    602000 nanoseconds spent executing 1 JDBC batches;
    0 nanoseconds spent performing 0 L2C puts;
    0 nanoseconds spent performing 0 L2C hits;
    0 nanoseconds spent performing 0 L2C misses;
    1029167 nanoseconds spent executing 1 flushes (flushing a total of 1 entities and 1 collections);
    0 nanoseconds spent executing 0 partial-flushes (flushing a total of 0 entities and 0 collections)
}
&amp#27;[2m2025-05-11T11:17:47.747-03:00&amp#27;[0;39m &amp#27;[32mDEBUG&amp#27;[0;39m &amp#27;[35m16907&amp#27;[0;39m &amp#27;[2m---&amp#27;[0;39m &amp#27;[2m[           main]&amp#27;[0;39m &amp#27;[2m&amp#27;[0;39m&amp#27;[36morg.hibernate.SQL                       &amp#27;[0;39m &amp#27;[2m:&amp#27;[0;39m 
    /* <criteria> */ select
        d1_0.id,
        d1_0.actualizado_en,
        d1_0.codigo_penal,
        d1_0.creado_en,
        d1_0.descripcion,
        d1_0.nombre,
        d1_0.pena_maxima,
        d1_0.pena_minima,
        d1_0.tipo_pena,
        d1_0.valoracion 
    from
        delito d1_0 
    where
        upper(d1_0.nombre) like upper(?) escape '\'
Hibernate: 
    /* <criteria> */ select
        d1_0.id,
        d1_0.actualizado_en,
        d1_0.codigo_penal,
        d1_0.creado_en,
        d1_0.descripcion,
        d1_0.nombre,
        d1_0.pena_maxima,
        d1_0.pena_minima,
        d1_0.tipo_pena,
        d1_0.valoracion 
    from
        delito d1_0 
    where
        upper(d1_0.nombre) like upper(?) escape '\'
&amp#27;[2m2025-05-11T11:17:47.749-03:00&amp#27;[0;39m &amp#27;[32m INFO&amp#27;[0;39m &amp#27;[35m16907&amp#27;[0;39m &amp#27;[2m---&amp#27;[0;39m &amp#27;[2m[           main]&amp#27;[0;39m &amp#27;[2m&amp#27;[0;39m&amp#27;[36mi.StatisticalLoggingSessionEventListener&amp#27;[0;39m &amp#27;[2m:&amp#27;[0;39m Session Metrics {
    3375 nanoseconds spent acquiring 1 JDBC connections;
    0 nanoseconds spent releasing 0 JDBC connections;
    12625 nanoseconds spent preparing 1 JDBC statements;
    1227209 nanoseconds spent executing 1 JDBC statements;
    0 nanoseconds spent executing 0 JDBC batches;
    0 nanoseconds spent performing 0 L2C puts;
    0 nanoseconds spent performing 0 L2C hits;
    0 nanoseconds spent performing 0 L2C misses;
    0 nanoseconds spent executing 0 flushes (flushing a total of 0 entities and 0 collections);
    0 nanoseconds spent executing 0 partial-flushes (flushing a total of 0 entities and 0 collections)
}
&amp#27;[2m2025-05-11T11:17:47.749-03:00&amp#27;[0;39m &amp#27;[32mDEBUG&amp#27;[0;39m &amp#27;[35m16907&amp#27;[0;39m &amp#27;[2m---&amp#27;[0;39m &amp#27;[2m[           main]&amp#27;[0;39m &amp#27;[2m&amp#27;[0;39m&amp#27;[36morg.hibernate.SQL                       &amp#27;[0;39m &amp#27;[2m:&amp#27;[0;39m 
    select
        seq_delito.nextval 
    from
        dual
Hibernate: 
    select
        seq_delito.nextval 
    from
        dual
&amp#27;[2m2025-05-11T11:17:47.749-03:00&amp#27;[0;39m &amp#27;[32mDEBUG&amp#27;[0;39m &amp#27;[35m16907&amp#27;[0;39m &amp#27;[2m---&amp#27;[0;39m &amp#27;[2m[           main]&amp#27;[0;39m &amp#27;[2m&amp#27;[0;39m&amp#27;[36morg.hibernate.SQL                       &amp#27;[0;39m &amp#27;[2m:&amp#27;[0;39m 
    /* insert for
        com.cufre.expedientes.model.Delito */insert 
    into
        delito (actualizado_en, codigo_penal, creado_en, descripcion, nombre, pena_maxima, pena_minima, tipo_pena, valoracion, id) 
    values
        (?, ?, ?, ?, ?, ?, ?, ?, ?, ?)
Hibernate: 
    /* insert for
        com.cufre.expedientes.model.Delito */insert 
    into
        delito (actualizado_en, codigo_penal, creado_en, descripcion, nombre, pena_maxima, pena_minima, tipo_pena, valoracion, id) 
    values
        (?, ?, ?, ?, ?, ?, ?, ?, ?, ?)
&amp#27;[2m2025-05-11T11:17:47.751-03:00&amp#27;[0;39m &amp#27;[32m INFO&amp#27;[0;39m &amp#27;[35m16907&amp#27;[0;39m &amp#27;[2m---&amp#27;[0;39m &amp#27;[2m[           main]&amp#27;[0;39m &amp#27;[2m&amp#27;[0;39m&amp#27;[36mi.StatisticalLoggingSessionEventListener&amp#27;[0;39m &amp#27;[2m:&amp#27;[0;39m Session Metrics {
    2000 nanoseconds spent acquiring 1 JDBC connections;
    0 nanoseconds spent releasing 0 JDBC connections;
    11083 nanoseconds spent preparing 2 JDBC statements;
    306708 nanoseconds spent executing 1 JDBC statements;
    451791 nanoseconds spent executing 1 JDBC batches;
    0 nanoseconds spent performing 0 L2C puts;
    0 nanoseconds spent performing 0 L2C hits;
    0 nanoseconds spent performing 0 L2C misses;
    746375 nanoseconds spent executing 1 flushes (flushing a total of 1 entities and 1 collections);
    0 nanoseconds spent executing 0 partial-flushes (flushing a total of 0 entities and 0 collections)
}
&amp#27;[2m2025-05-11T11:17:47.751-03:00&amp#27;[0;39m &amp#27;[32mDEBUG&amp#27;[0;39m &amp#27;[35m16907&amp#27;[0;39m &amp#27;[2m---&amp#27;[0;39m &amp#27;[2m[           main]&amp#27;[0;39m &amp#27;[2m&amp#27;[0;39m&amp#27;[36morg.hibernate.SQL                       &amp#27;[0;39m &amp#27;[2m:&amp#27;[0;39m 
    /* <criteria> */ select
        d1_0.id,
        d1_0.actualizado_en,
        d1_0.codigo_penal,
        d1_0.creado_en,
        d1_0.descripcion,
        d1_0.nombre,
        d1_0.pena_maxima,
        d1_0.pena_minima,
        d1_0.tipo_pena,
        d1_0.valoracion 
    from
        delito d1_0 
    where
        upper(d1_0.nombre) like upper(?) escape '\'
Hibernate: 
    /* <criteria> */ select
        d1_0.id,
        d1_0.actualizado_en,
        d1_0.codigo_penal,
        d1_0.creado_en,
        d1_0.descripcion,
        d1_0.nombre,
        d1_0.pena_maxima,
        d1_0.pena_minima,
        d1_0.tipo_pena,
        d1_0.valoracion 
    from
        delito d1_0 
    where
        upper(d1_0.nombre) like upper(?) escape '\'
&amp#27;[2m2025-05-11T11:17:47.752-03:00&amp#27;[0;39m &amp#27;[32m INFO&amp#27;[0;39m &amp#27;[35m16907&amp#27;[0;39m &amp#27;[2m---&amp#27;[0;39m &amp#27;[2m[           main]&amp#27;[0;39m &amp#27;[2m&amp#27;[0;39m&amp#27;[36mi.StatisticalLoggingSessionEventListener&amp#27;[0;39m &amp#27;[2m:&amp#27;[0;39m Session Metrics {
    1375 nanoseconds spent acquiring 1 JDBC connections;
    0 nanoseconds spent releasing 0 JDBC connections;
    5750 nanoseconds spent preparing 1 JDBC statements;
    1035375 nanoseconds spent executing 1 JDBC statements;
    0 nanoseconds spent executing 0 JDBC batches;
    0 nanoseconds spent performing 0 L2C puts;
    0 nanoseconds spent performing 0 L2C hits;
    0 nanoseconds spent performing 0 L2C misses;
    0 nanoseconds spent executing 0 flushes (flushing a total of 0 entities and 0 collections);
    0 nanoseconds spent executing 0 partial-flushes (flushing a total of 0 entities and 0 collections)
}
&amp#27;[2m2025-05-11T11:17:47.752-03:00&amp#27;[0;39m &amp#27;[32mDEBUG&amp#27;[0;39m &amp#27;[35m16907&amp#27;[0;39m &amp#27;[2m---&amp#27;[0;39m &amp#27;[2m[           main]&amp#27;[0;39m &amp#27;[2m&amp#27;[0;39m&amp#27;[36morg.hibernate.SQL                       &amp#27;[0;39m &amp#27;[2m:&amp#27;[0;39m 
    select
        seq_delito.nextval 
    from
        dual
Hibernate: 
    select
        seq_delito.nextval 
    from
        dual
&amp#27;[2m2025-05-11T11:17:47.753-03:00&amp#27;[0;39m &amp#27;[32mDEBUG&amp#27;[0;39m &amp#27;[35m16907&amp#27;[0;39m &amp#27;[2m---&amp#27;[0;39m &amp#27;[2m[           main]&amp#27;[0;39m &amp#27;[2m&amp#27;[0;39m&amp#27;[36morg.hibernate.SQL                       &amp#27;[0;39m &amp#27;[2m:&amp#27;[0;39m 
    /* insert for
        com.cufre.expedientes.model.Delito */insert 
    into
        delito (actualizado_en, codigo_penal, creado_en, descripcion, nombre, pena_maxima, pena_minima, tipo_pena, valoracion, id) 
    values
        (?, ?, ?, ?, ?, ?, ?, ?, ?, ?)
Hibernate: 
    /* insert for
        com.cufre.expedientes.model.Delito */insert 
    into
        delito (actualizado_en, codigo_penal, creado_en, descripcion, nombre, pena_maxima, pena_minima, tipo_pena, valoracion, id) 
    values
        (?, ?, ?, ?, ?, ?, ?, ?, ?, ?)
&amp#27;[2m2025-05-11T11:17:47.754-03:00&amp#27;[0;39m &amp#27;[32m INFO&amp#27;[0;39m &amp#27;[35m16907&amp#27;[0;39m &amp#27;[2m---&amp#27;[0;39m &amp#27;[2m[           main]&amp#27;[0;39m &amp#27;[2m&amp#27;[0;39m&amp#27;[36mi.StatisticalLoggingSessionEventListener&amp#27;[0;39m &amp#27;[2m:&amp#27;[0;39m Session Metrics {
    958 nanoseconds spent acquiring 1 JDBC connections;
    0 nanoseconds spent releasing 0 JDBC connections;
    11375 nanoseconds spent preparing 2 JDBC statements;
    264542 nanoseconds spent executing 1 JDBC statements;
    458375 nanoseconds spent executing 1 JDBC batches;
    0 nanoseconds spent performing 0 L2C puts;
    0 nanoseconds spent performing 0 L2C hits;
    0 nanoseconds spent performing 0 L2C misses;
    796375 nanoseconds spent executing 1 flushes (flushing a total of 1 entities and 1 collections);
    0 nanoseconds spent executing 0 partial-flushes (flushing a total of 0 entities and 0 collections)
}
&amp#27;[2m2025-05-11T11:17:47.755-03:00&amp#27;[0;39m &amp#27;[32mDEBUG&amp#27;[0;39m &amp#27;[35m16907&amp#27;[0;39m &amp#27;[2m---&amp#27;[0;39m &amp#27;[2m[           main]&amp#27;[0;39m &amp#27;[2m&amp#27;[0;39m&amp#27;[36morg.hibernate.SQL                       &amp#27;[0;39m &amp#27;[2m:&amp#27;[0;39m 
    /* <criteria> */ select
        d1_0.id,
        d1_0.actualizado_en,
        d1_0.codigo_penal,
        d1_0.creado_en,
        d1_0.descripcion,
        d1_0.nombre,
        d1_0.pena_maxima,
        d1_0.pena_minima,
        d1_0.tipo_pena,
        d1_0.valoracion 
    from
        delito d1_0 
    where
        upper(d1_0.nombre) like upper(?) escape '\'
Hibernate: 
    /* <criteria> */ select
        d1_0.id,
        d1_0.actualizado_en,
        d1_0.codigo_penal,
        d1_0.creado_en,
        d1_0.descripcion,
        d1_0.nombre,
        d1_0.pena_maxima,
        d1_0.pena_minima,
        d1_0.tipo_pena,
        d1_0.valoracion 
    from
        delito d1_0 
    where
        upper(d1_0.nombre) like upper(?) escape '\'
&amp#27;[2m2025-05-11T11:17:47.756-03:00&amp#27;[0;39m &amp#27;[32m INFO&amp#27;[0;39m &amp#27;[35m16907&amp#27;[0;39m &amp#27;[2m---&amp#27;[0;39m &amp#27;[2m[           main]&amp#27;[0;39m &amp#27;[2m&amp#27;[0;39m&amp#27;[36mi.StatisticalLoggingSessionEventListener&amp#27;[0;39m &amp#27;[2m:&amp#27;[0;39m Session Metrics {
    4041 nanoseconds spent acquiring 1 JDBC connections;
    0 nanoseconds spent releasing 0 JDBC connections;
    12958 nanoseconds spent preparing 1 JDBC statements;
    1153041 nanoseconds spent executing 1 JDBC statements;
    0 nanoseconds spent executing 0 JDBC batches;
    0 nanoseconds spent performing 0 L2C puts;
    0 nanoseconds spent performing 0 L2C hits;
    0 nanoseconds spent performing 0 L2C misses;
    0 nanoseconds spent executing 0 flushes (flushing a total of 0 entities and 0 collections);
    0 nanoseconds spent executing 0 partial-flushes (flushing a total of 0 entities and 0 collections)
}
&amp#27;[2m2025-05-11T11:17:47.756-03:00&amp#27;[0;39m &amp#27;[32mDEBUG&amp#27;[0;39m &amp#27;[35m16907&amp#27;[0;39m &amp#27;[2m---&amp#27;[0;39m &amp#27;[2m[           main]&amp#27;[0;39m &amp#27;[2m&amp#27;[0;39m&amp#27;[36morg.hibernate.SQL                       &amp#27;[0;39m &amp#27;[2m:&amp#27;[0;39m 
    select
        seq_delito.nextval 
    from
        dual
Hibernate: 
    select
        seq_delito.nextval 
    from
        dual
&amp#27;[2m2025-05-11T11:17:47.757-03:00&amp#27;[0;39m &amp#27;[32mDEBUG&amp#27;[0;39m &amp#27;[35m16907&amp#27;[0;39m &amp#27;[2m---&amp#27;[0;39m &amp#27;[2m[           main]&amp#27;[0;39m &amp#27;[2m&amp#27;[0;39m&amp#27;[36morg.hibernate.SQL                       &amp#27;[0;39m &amp#27;[2m:&amp#27;[0;39m 
    /* insert for
        com.cufre.expedientes.model.Delito */insert 
    into
        delito (actualizado_en, codigo_penal, creado_en, descripcion, nombre, pena_maxima, pena_minima, tipo_pena, valoracion, id) 
    values
        (?, ?, ?, ?, ?, ?, ?, ?, ?, ?)
Hibernate: 
    /* insert for
        com.cufre.expedientes.model.Delito */insert 
    into
        delito (actualizado_en, codigo_penal, creado_en, descripcion, nombre, pena_maxima, pena_minima, tipo_pena, valoracion, id) 
    values
        (?, ?, ?, ?, ?, ?, ?, ?, ?, ?)
&amp#27;[2m2025-05-11T11:17:47.758-03:00&amp#27;[0;39m &amp#27;[32m INFO&amp#27;[0;39m &amp#27;[35m16907&amp#27;[0;39m &amp#27;[2m---&amp#27;[0;39m &amp#27;[2m[           main]&amp#27;[0;39m &amp#27;[2m&amp#27;[0;39m&amp#27;[36mi.StatisticalLoggingSessionEventListener&amp#27;[0;39m &amp#27;[2m:&amp#27;[0;39m Session Metrics {
    1625 nanoseconds spent acquiring 1 JDBC connections;
    0 nanoseconds spent releasing 0 JDBC connections;
    7626 nanoseconds spent preparing 2 JDBC statements;
    261375 nanoseconds spent executing 1 JDBC statements;
    336917 nanoseconds spent executing 1 JDBC batches;
    0 nanoseconds spent performing 0 L2C puts;
    0 nanoseconds spent performing 0 L2C hits;
    0 nanoseconds spent performing 0 L2C misses;
    655375 nanoseconds spent executing 1 flushes (flushing a total of 1 entities and 1 collections);
    0 nanoseconds spent executing 0 partial-flushes (flushing a total of 0 entities and 0 collections)
}
&amp#27;[2m2025-05-11T11:17:47.758-03:00&amp#27;[0;39m &amp#27;[32mDEBUG&amp#27;[0;39m &amp#27;[35m16907&amp#27;[0;39m &amp#27;[2m---&amp#27;[0;39m &amp#27;[2m[           main]&amp#27;[0;39m &amp#27;[2m&amp#27;[0;39m&amp#27;[36morg.hibernate.SQL                       &amp#27;[0;39m &amp#27;[2m:&amp#27;[0;39m 
    /* <criteria> */ select
        d1_0.id,
        d1_0.actualizado_en,
        d1_0.codigo_penal,
        d1_0.creado_en,
        d1_0.descripcion,
        d1_0.nombre,
        d1_0.pena_maxima,
        d1_0.pena_minima,
        d1_0.tipo_pena,
        d1_0.valoracion 
    from
        delito d1_0 
    where
        upper(d1_0.nombre) like upper(?) escape '\'
Hibernate: 
    /* <criteria> */ select
        d1_0.id,
        d1_0.actualizado_en,
        d1_0.codigo_penal,
        d1_0.creado_en,
        d1_0.descripcion,
        d1_0.nombre,
        d1_0.pena_maxima,
        d1_0.pena_minima,
        d1_0.tipo_pena,
        d1_0.valoracion 
    from
        delito d1_0 
    where
        upper(d1_0.nombre) like upper(?) escape '\'
&amp#27;[2m2025-05-11T11:17:47.760-03:00&amp#27;[0;39m &amp#27;[32m INFO&amp#27;[0;39m &amp#27;[35m16907&amp#27;[0;39m &amp#27;[2m---&amp#27;[0;39m &amp#27;[2m[           main]&amp#27;[0;39m &amp#27;[2m&amp#27;[0;39m&amp#27;[36mi.StatisticalLoggingSessionEventListener&amp#27;[0;39m &amp#27;[2m:&amp#27;[0;39m Session Metrics {
    2708 nanoseconds spent acquiring 1 JDBC connections;
    0 nanoseconds spent releasing 0 JDBC connections;
    10458 nanoseconds spent preparing 1 JDBC statements;
    1161166 nanoseconds spent executing 1 JDBC statements;
    0 nanoseconds spent executing 0 JDBC batches;
    0 nanoseconds spent performing 0 L2C puts;
    0 nanoseconds spent performing 0 L2C hits;
    0 nanoseconds spent performing 0 L2C misses;
    0 nanoseconds spent executing 0 flushes (flushing a total of 0 entities and 0 collections);
    0 nanoseconds spent executing 0 partial-flushes (flushing a total of 0 entities and 0 collections)
}
&amp#27;[2m2025-05-11T11:17:47.760-03:00&amp#27;[0;39m &amp#27;[32mDEBUG&amp#27;[0;39m &amp#27;[35m16907&amp#27;[0;39m &amp#27;[2m---&amp#27;[0;39m &amp#27;[2m[           main]&amp#27;[0;39m &amp#27;[2m&amp#27;[0;39m&amp#27;[36morg.hibernate.SQL                       &amp#27;[0;39m &amp#27;[2m:&amp#27;[0;39m 
    select
        seq_delito.nextval 
    from
        dual
Hibernate: 
    select
        seq_delito.nextval 
    from
        dual
&amp#27;[2m2025-05-11T11:17:47.760-03:00&amp#27;[0;39m &amp#27;[32mDEBUG&amp#27;[0;39m &amp#27;[35m16907&amp#27;[0;39m &amp#27;[2m---&amp#27;[0;39m &amp#27;[2m[           main]&amp#27;[0;39m &amp#27;[2m&amp#27;[0;39m&amp#27;[36morg.hibernate.SQL                       &amp#27;[0;39m &amp#27;[2m:&amp#27;[0;39m 
    /* insert for
        com.cufre.expedientes.model.Delito */insert 
    into
        delito (actualizado_en, codigo_penal, creado_en, descripcion, nombre, pena_maxima, pena_minima, tipo_pena, valoracion, id) 
    values
        (?, ?, ?, ?, ?, ?, ?, ?, ?, ?)
Hibernate: 
    /* insert for
        com.cufre.expedientes.model.Delito */insert 
    into
        delito (actualizado_en, codigo_penal, creado_en, descripcion, nombre, pena_maxima, pena_minima, tipo_pena, valoracion, id) 
    values
        (?, ?, ?, ?, ?, ?, ?, ?, ?, ?)
&amp#27;[2m2025-05-11T11:17:47.762-03:00&amp#27;[0;39m &amp#27;[32m INFO&amp#27;[0;39m &amp#27;[35m16907&amp#27;[0;39m &amp#27;[2m---&amp#27;[0;39m &amp#27;[2m[           main]&amp#27;[0;39m &amp#27;[2m&amp#27;[0;39m&amp#27;[36mi.StatisticalLoggingSessionEventListener&amp#27;[0;39m &amp#27;[2m:&amp#27;[0;39m Session Metrics {
    1750 nanoseconds spent acquiring 1 JDBC connections;
    0 nanoseconds spent releasing 0 JDBC connections;
    10874 nanoseconds spent preparing 2 JDBC statements;
    315584 nanoseconds spent executing 1 JDBC statements;
    465125 nanoseconds spent executing 1 JDBC batches;
    0 nanoseconds spent performing 0 L2C puts;
    0 nanoseconds spent performing 0 L2C hits;
    0 nanoseconds spent performing 0 L2C misses;
    796292 nanoseconds spent executing 1 flushes (flushing a total of 1 entities and 1 collections);
    0 nanoseconds spent executing 0 partial-flushes (flushing a total of 0 entities and 0 collections)
}
&amp#27;[2m2025-05-11T11:17:47.762-03:00&amp#27;[0;39m &amp#27;[32mDEBUG&amp#27;[0;39m &amp#27;[35m16907&amp#27;[0;39m &amp#27;[2m---&amp#27;[0;39m &amp#27;[2m[           main]&amp#27;[0;39m &amp#27;[2m&amp#27;[0;39m&amp#27;[36morg.hibernate.SQL                       &amp#27;[0;39m &amp#27;[2m:&amp#27;[0;39m 
    /* <criteria> */ select
        d1_0.id,
        d1_0.actualizado_en,
        d1_0.codigo_penal,
        d1_0.creado_en,
        d1_0.descripcion,
        d1_0.nombre,
        d1_0.pena_maxima,
        d1_0.pena_minima,
        d1_0.tipo_pena,
        d1_0.valoracion 
    from
        delito d1_0 
    where
        upper(d1_0.nombre) like upper(?) escape '\'
Hibernate: 
    /* <criteria> */ select
        d1_0.id,
        d1_0.actualizado_en,
        d1_0.codigo_penal,
        d1_0.creado_en,
        d1_0.descripcion,
        d1_0.nombre,
        d1_0.pena_maxima,
        d1_0.pena_minima,
        d1_0.tipo_pena,
        d1_0.valoracion 
    from
        delito d1_0 
    where
        upper(d1_0.nombre) like upper(?) escape '\'
&amp#27;[2m2025-05-11T11:17:47.764-03:00&amp#27;[0;39m &amp#27;[32m INFO&amp#27;[0;39m &amp#27;[35m16907&amp#27;[0;39m &amp#27;[2m---&amp#27;[0;39m &amp#27;[2m[           main]&amp#27;[0;39m &amp#27;[2m&amp#27;[0;39m&amp#27;[36mi.StatisticalLoggingSessionEventListener&amp#27;[0;39m &amp#27;[2m:&amp#27;[0;39m Session Metrics {
    3500 nanoseconds spent acquiring 1 JDBC connections;
    0 nanoseconds spent releasing 0 JDBC connections;
    13167 nanoseconds spent preparing 1 JDBC statements;
    1160208 nanoseconds spent executing 1 JDBC statements;
    0 nanoseconds spent executing 0 JDBC batches;
    0 nanoseconds spent performing 0 L2C puts;
    0 nanoseconds spent performing 0 L2C hits;
    0 nanoseconds spent performing 0 L2C misses;
    0 nanoseconds spent executing 0 flushes (flushing a total of 0 entities and 0 collections);
    0 nanoseconds spent executing 0 partial-flushes (flushing a total of 0 entities and 0 collections)
}
&amp#27;[2m2025-05-11T11:17:47.764-03:00&amp#27;[0;39m &amp#27;[32mDEBUG&amp#27;[0;39m &amp#27;[35m16907&amp#27;[0;39m &amp#27;[2m---&amp#27;[0;39m &amp#27;[2m[           main]&amp#27;[0;39m &amp#27;[2m&amp#27;[0;39m&amp#27;[36morg.hibernate.SQL                       &amp#27;[0;39m &amp#27;[2m:&amp#27;[0;39m 
    select
        seq_delito.nextval 
    from
        dual
Hibernate: 
    select
        seq_delito.nextval 
    from
        dual
&amp#27;[2m2025-05-11T11:17:47.764-03:00&amp#27;[0;39m &amp#27;[32mDEBUG&amp#27;[0;39m &amp#27;[35m16907&amp#27;[0;39m &amp#27;[2m---&amp#27;[0;39m &amp#27;[2m[           main]&amp#27;[0;39m &amp#27;[2m&amp#27;[0;39m&amp#27;[36morg.hibernate.SQL                       &amp#27;[0;39m &amp#27;[2m:&amp#27;[0;39m 
    /* insert for
        com.cufre.expedientes.model.Delito */insert 
    into
        delito (actualizado_en, codigo_penal, creado_en, descripcion, nombre, pena_maxima, pena_minima, tipo_pena, valoracion, id) 
    values
        (?, ?, ?, ?, ?, ?, ?, ?, ?, ?)
Hibernate: 
    /* insert for
        com.cufre.expedientes.model.Delito */insert 
    into
        delito (actualizado_en, codigo_penal, creado_en, descripcion, nombre, pena_maxima, pena_minima, tipo_pena, valoracion, id) 
    values
        (?, ?, ?, ?, ?, ?, ?, ?, ?, ?)
&amp#27;[2m2025-05-11T11:17:47.766-03:00&amp#27;[0;39m &amp#27;[32m INFO&amp#27;[0;39m &amp#27;[35m16907&amp#27;[0;39m &amp#27;[2m---&amp#27;[0;39m &amp#27;[2m[           main]&amp#27;[0;39m &amp#27;[2m&amp#27;[0;39m&amp#27;[36mi.StatisticalLoggingSessionEventListener&amp#27;[0;39m &amp#27;[2m:&amp#27;[0;39m Session Metrics {
    1708 nanoseconds spent acquiring 1 JDBC connections;
    0 nanoseconds spent releasing 0 JDBC connections;
    13084 nanoseconds spent preparing 2 JDBC statements;
    252459 nanoseconds spent executing 1 JDBC statements;
    480250 nanoseconds spent executing 1 JDBC batches;
    0 nanoseconds spent performing 0 L2C puts;
    0 nanoseconds spent performing 0 L2C hits;
    0 nanoseconds spent performing 0 L2C misses;
    797875 nanoseconds spent executing 1 flushes (flushing a total of 1 entities and 1 collections);
    0 nanoseconds spent executing 0 partial-flushes (flushing a total of 0 entities and 0 collections)
}
&amp#27;[2m2025-05-11T11:17:47.766-03:00&amp#27;[0;39m &amp#27;[32mDEBUG&amp#27;[0;39m &amp#27;[35m16907&amp#27;[0;39m &amp#27;[2m---&amp#27;[0;39m &amp#27;[2m[           main]&amp#27;[0;39m &amp#27;[2m&amp#27;[0;39m&amp#27;[36morg.hibernate.SQL                       &amp#27;[0;39m &amp#27;[2m:&amp#27;[0;39m 
    /* <criteria> */ select
        d1_0.id,
        d1_0.actualizado_en,
        d1_0.codigo_penal,
        d1_0.creado_en,
        d1_0.descripcion,
        d1_0.nombre,
        d1_0.pena_maxima,
        d1_0.pena_minima,
        d1_0.tipo_pena,
        d1_0.valoracion 
    from
        delito d1_0 
    where
        upper(d1_0.nombre) like upper(?) escape '\'
Hibernate: 
    /* <criteria> */ select
        d1_0.id,
        d1_0.actualizado_en,
        d1_0.codigo_penal,
        d1_0.creado_en,
        d1_0.descripcion,
        d1_0.nombre,
        d1_0.pena_maxima,
        d1_0.pena_minima,
        d1_0.tipo_pena,
        d1_0.valoracion 
    from
        delito d1_0 
    where
        upper(d1_0.nombre) like upper(?) escape '\'
&amp#27;[2m2025-05-11T11:17:47.767-03:00&amp#27;[0;39m &amp#27;[32m INFO&amp#27;[0;39m &amp#27;[35m16907&amp#27;[0;39m &amp#27;[2m---&amp#27;[0;39m &amp#27;[2m[           main]&amp#27;[0;39m &amp#27;[2m&amp#27;[0;39m&amp#27;[36mi.StatisticalLoggingSessionEventListener&amp#27;[0;39m &amp#27;[2m:&amp#27;[0;39m Session Metrics {
    3583 nanoseconds spent acquiring 1 JDBC connections;
    0 nanoseconds spent releasing 0 JDBC connections;
    13166 nanoseconds spent preparing 1 JDBC statements;
    1137584 nanoseconds spent executing 1 JDBC statements;
    0 nanoseconds spent executing 0 JDBC batches;
    0 nanoseconds spent performing 0 L2C puts;
    0 nanoseconds spent performing 0 L2C hits;
    0 nanoseconds spent performing 0 L2C misses;
    0 nanoseconds spent executing 0 flushes (flushing a total of 0 entities and 0 collections);
    0 nanoseconds spent executing 0 partial-flushes (flushing a total of 0 entities and 0 collections)
}
&amp#27;[2m2025-05-11T11:17:47.768-03:00&amp#27;[0;39m &amp#27;[32mDEBUG&amp#27;[0;39m &amp#27;[35m16907&amp#27;[0;39m &amp#27;[2m---&amp#27;[0;39m &amp#27;[2m[           main]&amp#27;[0;39m &amp#27;[2m&amp#27;[0;39m&amp#27;[36morg.hibernate.SQL                       &amp#27;[0;39m &amp#27;[2m:&amp#27;[0;39m 
    select
        seq_delito.nextval 
    from
        dual
Hibernate: 
    select
        seq_delito.nextval 
    from
        dual
&amp#27;[2m2025-05-11T11:17:47.768-03:00&amp#27;[0;39m &amp#27;[32mDEBUG&amp#27;[0;39m &amp#27;[35m16907&amp#27;[0;39m &amp#27;[2m---&amp#27;[0;39m &amp#27;[2m[           main]&amp#27;[0;39m &amp#27;[2m&amp#27;[0;39m&amp#27;[36morg.hibernate.SQL                       &amp#27;[0;39m &amp#27;[2m:&amp#27;[0;39m 
    /* insert for
        com.cufre.expedientes.model.Delito */insert 
    into
        delito (actualizado_en, codigo_penal, creado_en, descripcion, nombre, pena_maxima, pena_minima, tipo_pena, valoracion, id) 
    values
        (?, ?, ?, ?, ?, ?, ?, ?, ?, ?)
Hibernate: 
    /* insert for
        com.cufre.expedientes.model.Delito */insert 
    into
        delito (actualizado_en, codigo_penal, creado_en, descripcion, nombre, pena_maxima, pena_minima, tipo_pena, valoracion, id) 
    values
        (?, ?, ?, ?, ?, ?, ?, ?, ?, ?)
&amp#27;[2m2025-05-11T11:17:47.770-03:00&amp#27;[0;39m &amp#27;[32m INFO&amp#27;[0;39m &amp#27;[35m16907&amp#27;[0;39m &amp#27;[2m---&amp#27;[0;39m &amp#27;[2m[           main]&amp#27;[0;39m &amp#27;[2m&amp#27;[0;39m&amp#27;[36mi.StatisticalLoggingSessionEventListener&amp#27;[0;39m &amp#27;[2m:&amp#27;[0;39m Session Metrics {
    2292 nanoseconds spent acquiring 1 JDBC connections;
    0 nanoseconds spent releasing 0 JDBC connections;
    12250 nanoseconds spent preparing 2 JDBC statements;
    308667 nanoseconds spent executing 1 JDBC statements;
    555750 nanoseconds spent executing 1 JDBC batches;
    0 nanoseconds spent performing 0 L2C puts;
    0 nanoseconds spent performing 0 L2C hits;
    0 nanoseconds spent performing 0 L2C misses;
    901625 nanoseconds spent executing 1 flushes (flushing a total of 1 entities and 1 collections);
    0 nanoseconds spent executing 0 partial-flushes (flushing a total of 0 entities and 0 collections)
}
&amp#27;[2m2025-05-11T11:17:47.770-03:00&amp#27;[0;39m &amp#27;[32mDEBUG&amp#27;[0;39m &amp#27;[35m16907&amp#27;[0;39m &amp#27;[2m---&amp#27;[0;39m &amp#27;[2m[           main]&amp#27;[0;39m &amp#27;[2m&amp#27;[0;39m&amp#27;[36morg.hibernate.SQL                       &amp#27;[0;39m &amp#27;[2m:&amp#27;[0;39m 
    /* <criteria> */ select
        d1_0.id,
        d1_0.actualizado_en,
        d1_0.codigo_penal,
        d1_0.creado_en,
        d1_0.descripcion,
        d1_0.nombre,
        d1_0.pena_maxima,
        d1_0.pena_minima,
        d1_0.tipo_pena,
        d1_0.valoracion 
    from
        delito d1_0 
    where
        upper(d1_0.nombre) like upper(?) escape '\'
Hibernate: 
    /* <criteria> */ select
        d1_0.id,
        d1_0.actualizado_en,
        d1_0.codigo_penal,
        d1_0.creado_en,
        d1_0.descripcion,
        d1_0.nombre,
        d1_0.pena_maxima,
        d1_0.pena_minima,
        d1_0.tipo_pena,
        d1_0.valoracion 
    from
        delito d1_0 
    where
        upper(d1_0.nombre) like upper(?) escape '\'
&amp#27;[2m2025-05-11T11:17:47.772-03:00&amp#27;[0;39m &amp#27;[32m INFO&amp#27;[0;39m &amp#27;[35m16907&amp#27;[0;39m &amp#27;[2m---&amp#27;[0;39m &amp#27;[2m[           main]&amp#27;[0;39m &amp#27;[2m&amp#27;[0;39m&amp#27;[36mi.StatisticalLoggingSessionEventListener&amp#27;[0;39m &amp#27;[2m:&amp#27;[0;39m Session Metrics {
    3167 nanoseconds spent acquiring 1 JDBC connections;
    0 nanoseconds spent releasing 0 JDBC connections;
    9708 nanoseconds spent preparing 1 JDBC statements;
    1446208 nanoseconds spent executing 1 JDBC statements;
    0 nanoseconds spent executing 0 JDBC batches;
    0 nanoseconds spent performing 0 L2C puts;
    0 nanoseconds spent performing 0 L2C hits;
    0 nanoseconds spent performing 0 L2C misses;
    0 nanoseconds spent executing 0 flushes (flushing a total of 0 entities and 0 collections);
    0 nanoseconds spent executing 0 partial-flushes (flushing a total of 0 entities and 0 collections)
}
&amp#27;[2m2025-05-11T11:17:47.772-03:00&amp#27;[0;39m &amp#27;[32mDEBUG&amp#27;[0;39m &amp#27;[35m16907&amp#27;[0;39m &amp#27;[2m---&amp#27;[0;39m &amp#27;[2m[           main]&amp#27;[0;39m &amp#27;[2m&amp#27;[0;39m&amp#27;[36morg.hibernate.SQL                       &amp#27;[0;39m &amp#27;[2m:&amp#27;[0;39m 
    select
        seq_delito.nextval 
    from
        dual
Hibernate: 
    select
        seq_delito.nextval 
    from
        dual
&amp#27;[2m2025-05-11T11:17:47.773-03:00&amp#27;[0;39m &amp#27;[32mDEBUG&amp#27;[0;39m &amp#27;[35m16907&amp#27;[0;39m &amp#27;[2m---&amp#27;[0;39m &amp#27;[2m[           main]&amp#27;[0;39m &amp#27;[2m&amp#27;[0;39m&amp#27;[36morg.hibernate.SQL                       &amp#27;[0;39m &amp#27;[2m:&amp#27;[0;39m 
    /* insert for
        com.cufre.expedientes.model.Delito */insert 
    into
        delito (actualizado_en, codigo_penal, creado_en, descripcion, nombre, pena_maxima, pena_minima, tipo_pena, valoracion, id) 
    values
        (?, ?, ?, ?, ?, ?, ?, ?, ?, ?)
Hibernate: 
    /* insert for
        com.cufre.expedientes.model.Delito */insert 
    into
        delito (actualizado_en, codigo_penal, creado_en, descripcion, nombre, pena_maxima, pena_minima, tipo_pena, valoracion, id) 
    values
        (?, ?, ?, ?, ?, ?, ?, ?, ?, ?)
&amp#27;[2m2025-05-11T11:17:47.774-03:00&amp#27;[0;39m &amp#27;[32m INFO&amp#27;[0;39m &amp#27;[35m16907&amp#27;[0;39m &amp#27;[2m---&amp#27;[0;39m &amp#27;[2m[           main]&amp#27;[0;39m &amp#27;[2m&amp#27;[0;39m&amp#27;[36mi.StatisticalLoggingSessionEventListener&amp#27;[0;39m &amp#27;[2m:&amp#27;[0;39m Session Metrics {
    3125 nanoseconds spent acquiring 1 JDBC connections;
    0 nanoseconds spent releasing 0 JDBC connections;
    13708 nanoseconds spent preparing 2 JDBC statements;
    322042 nanoseconds spent executing 1 JDBC statements;
    490958 nanoseconds spent executing 1 JDBC batches;
    0 nanoseconds spent performing 0 L2C puts;
    0 nanoseconds spent performing 0 L2C hits;
    0 nanoseconds spent performing 0 L2C misses;
    836250 nanoseconds spent executing 1 flushes (flushing a total of 1 entities and 1 collections);
    0 nanoseconds spent executing 0 partial-flushes (flushing a total of 0 entities and 0 collections)
}
&amp#27;[2m2025-05-11T11:17:47.775-03:00&amp#27;[0;39m &amp#27;[32mDEBUG&amp#27;[0;39m &amp#27;[35m16907&amp#27;[0;39m &amp#27;[2m---&amp#27;[0;39m &amp#27;[2m[           main]&amp#27;[0;39m &amp#27;[2m&amp#27;[0;39m&amp#27;[36morg.hibernate.SQL                       &amp#27;[0;39m &amp#27;[2m:&amp#27;[0;39m 
    /* <criteria> */ select
        d1_0.id,
        d1_0.actualizado_en,
        d1_0.codigo_penal,
        d1_0.creado_en,
        d1_0.descripcion,
        d1_0.nombre,
        d1_0.pena_maxima,
        d1_0.pena_minima,
        d1_0.tipo_pena,
        d1_0.valoracion 
    from
        delito d1_0 
    where
        upper(d1_0.nombre) like upper(?) escape '\'
Hibernate: 
    /* <criteria> */ select
        d1_0.id,
        d1_0.actualizado_en,
        d1_0.codigo_penal,
        d1_0.creado_en,
        d1_0.descripcion,
        d1_0.nombre,
        d1_0.pena_maxima,
        d1_0.pena_minima,
        d1_0.tipo_pena,
        d1_0.valoracion 
    from
        delito d1_0 
    where
        upper(d1_0.nombre) like upper(?) escape '\'
&amp#27;[2m2025-05-11T11:17:47.776-03:00&amp#27;[0;39m &amp#27;[32m INFO&amp#27;[0;39m &amp#27;[35m16907&amp#27;[0;39m &amp#27;[2m---&amp#27;[0;39m &amp#27;[2m[           main]&amp#27;[0;39m &amp#27;[2m&amp#27;[0;39m&amp#27;[36mi.StatisticalLoggingSessionEventListener&amp#27;[0;39m &amp#27;[2m:&amp#27;[0;39m Session Metrics {
    3375 nanoseconds spent acquiring 1 JDBC connections;
    0 nanoseconds spent releasing 0 JDBC connections;
    11458 nanoseconds spent preparing 1 JDBC statements;
    1146166 nanoseconds spent executing 1 JDBC statements;
    0 nanoseconds spent executing 0 JDBC batches;
    0 nanoseconds spent performing 0 L2C puts;
    0 nanoseconds spent performing 0 L2C hits;
    0 nanoseconds spent performing 0 L2C misses;
    0 nanoseconds spent executing 0 flushes (flushing a total of 0 entities and 0 collections);
    0 nanoseconds spent executing 0 partial-flushes (flushing a total of 0 entities and 0 collections)
}
&amp#27;[2m2025-05-11T11:17:47.776-03:00&amp#27;[0;39m &amp#27;[32mDEBUG&amp#27;[0;39m &amp#27;[35m16907&amp#27;[0;39m &amp#27;[2m---&amp#27;[0;39m &amp#27;[2m[           main]&amp#27;[0;39m &amp#27;[2m&amp#27;[0;39m&amp#27;[36morg.hibernate.SQL                       &amp#27;[0;39m &amp#27;[2m:&amp#27;[0;39m 
    select
        seq_delito.nextval 
    from
        dual
Hibernate: 
    select
        seq_delito.nextval 
    from
        dual
&amp#27;[2m2025-05-11T11:17:47.777-03:00&amp#27;[0;39m &amp#27;[32mDEBUG&amp#27;[0;39m &amp#27;[35m16907&amp#27;[0;39m &amp#27;[2m---&amp#27;[0;39m &amp#27;[2m[           main]&amp#27;[0;39m &amp#27;[2m&amp#27;[0;39m&amp#27;[36morg.hibernate.SQL                       &amp#27;[0;39m &amp#27;[2m:&amp#27;[0;39m 
    /* insert for
        com.cufre.expedientes.model.Delito */insert 
    into
        delito (actualizado_en, codigo_penal, creado_en, descripcion, nombre, pena_maxima, pena_minima, tipo_pena, valoracion, id) 
    values
        (?, ?, ?, ?, ?, ?, ?, ?, ?, ?)
Hibernate: 
    /* insert for
        com.cufre.expedientes.model.Delito */insert 
    into
        delito (actualizado_en, codigo_penal, creado_en, descripcion, nombre, pena_maxima, pena_minima, tipo_pena, valoracion, id) 
    values
        (?, ?, ?, ?, ?, ?, ?, ?, ?, ?)
&amp#27;[2m2025-05-11T11:17:47.778-03:00&amp#27;[0;39m &amp#27;[32m INFO&amp#27;[0;39m &amp#27;[35m16907&amp#27;[0;39m &amp#27;[2m---&amp#27;[0;39m &amp#27;[2m[           main]&amp#27;[0;39m &amp#27;[2m&amp#27;[0;39m&amp#27;[36mi.StatisticalLoggingSessionEventListener&amp#27;[0;39m &amp#27;[2m:&amp#27;[0;39m Session Metrics {
    2167 nanoseconds spent acquiring 1 JDBC connections;
    0 nanoseconds spent releasing 0 JDBC connections;
    12374 nanoseconds spent preparing 2 JDBC statements;
    295084 nanoseconds spent executing 1 JDBC statements;
    499375 nanoseconds spent executing 1 JDBC batches;
    0 nanoseconds spent performing 0 L2C puts;
    0 nanoseconds spent performing 0 L2C hits;
    0 nanoseconds spent performing 0 L2C misses;
    824125 nanoseconds spent executing 1 flushes (flushing a total of 1 entities and 1 collections);
    0 nanoseconds spent executing 0 partial-flushes (flushing a total of 0 entities and 0 collections)
}
&amp#27;[2m2025-05-11T11:17:47.779-03:00&amp#27;[0;39m &amp#27;[32mDEBUG&amp#27;[0;39m &amp#27;[35m16907&amp#27;[0;39m &amp#27;[2m---&amp#27;[0;39m &amp#27;[2m[           main]&amp#27;[0;39m &amp#27;[2m&amp#27;[0;39m&amp#27;[36morg.hibernate.SQL                       &amp#27;[0;39m &amp#27;[2m:&amp#27;[0;39m 
    /* <criteria> */ select
        d1_0.id,
        d1_0.actualizado_en,
        d1_0.codigo_penal,
        d1_0.creado_en,
        d1_0.descripcion,
        d1_0.nombre,
        d1_0.pena_maxima,
        d1_0.pena_minima,
        d1_0.tipo_pena,
        d1_0.valoracion 
    from
        delito d1_0 
    where
        upper(d1_0.nombre) like upper(?) escape '\'
Hibernate: 
    /* <criteria> */ select
        d1_0.id,
        d1_0.actualizado_en,
        d1_0.codigo_penal,
        d1_0.creado_en,
        d1_0.descripcion,
        d1_0.nombre,
        d1_0.pena_maxima,
        d1_0.pena_minima,
        d1_0.tipo_pena,
        d1_0.valoracion 
    from
        delito d1_0 
    where
        upper(d1_0.nombre) like upper(?) escape '\'
&amp#27;[2m2025-05-11T11:17:47.780-03:00&amp#27;[0;39m &amp#27;[32m INFO&amp#27;[0;39m &amp#27;[35m16907&amp#27;[0;39m &amp#27;[2m---&amp#27;[0;39m &amp#27;[2m[           main]&amp#27;[0;39m &amp#27;[2m&amp#27;[0;39m&amp#27;[36mi.StatisticalLoggingSessionEventListener&amp#27;[0;39m &amp#27;[2m:&amp#27;[0;39m Session Metrics {
    3042 nanoseconds spent acquiring 1 JDBC connections;
    0 nanoseconds spent releasing 0 JDBC connections;
    12208 nanoseconds spent preparing 1 JDBC statements;
    1210084 nanoseconds spent executing 1 JDBC statements;
    0 nanoseconds spent executing 0 JDBC batches;
    0 nanoseconds spent performing 0 L2C puts;
    0 nanoseconds spent performing 0 L2C hits;
    0 nanoseconds spent performing 0 L2C misses;
    0 nanoseconds spent executing 0 flushes (flushing a total of 0 entities and 0 collections);
    0 nanoseconds spent executing 0 partial-flushes (flushing a total of 0 entities and 0 collections)
}
&amp#27;[2m2025-05-11T11:17:47.780-03:00&amp#27;[0;39m &amp#27;[32mDEBUG&amp#27;[0;39m &amp#27;[35m16907&amp#27;[0;39m &amp#27;[2m---&amp#27;[0;39m &amp#27;[2m[           main]&amp#27;[0;39m &amp#27;[2m&amp#27;[0;39m&amp#27;[36morg.hibernate.SQL                       &amp#27;[0;39m &amp#27;[2m:&amp#27;[0;39m 
    select
        seq_delito.nextval 
    from
        dual
Hibernate: 
    select
        seq_delito.nextval 
    from
        dual
&amp#27;[2m2025-05-11T11:17:47.781-03:00&amp#27;[0;39m &amp#27;[32mDEBUG&amp#27;[0;39m &amp#27;[35m16907&amp#27;[0;39m &amp#27;[2m---&amp#27;[0;39m &amp#27;[2m[           main]&amp#27;[0;39m &amp#27;[2m&amp#27;[0;39m&amp#27;[36morg.hibernate.SQL                       &amp#27;[0;39m &amp#27;[2m:&amp#27;[0;39m 
    /* insert for
        com.cufre.expedientes.model.Delito */insert 
    into
        delito (actualizado_en, codigo_penal, creado_en, descripcion, nombre, pena_maxima, pena_minima, tipo_pena, valoracion, id) 
    values
        (?, ?, ?, ?, ?, ?, ?, ?, ?, ?)
Hibernate: 
    /* insert for
        com.cufre.expedientes.model.Delito */insert 
    into
        delito (actualizado_en, codigo_penal, creado_en, descripcion, nombre, pena_maxima, pena_minima, tipo_pena, valoracion, id) 
    values
        (?, ?, ?, ?, ?, ?, ?, ?, ?, ?)
&amp#27;[2m2025-05-11T11:17:47.783-03:00&amp#27;[0;39m &amp#27;[32m INFO&amp#27;[0;39m &amp#27;[35m16907&amp#27;[0;39m &amp#27;[2m---&amp#27;[0;39m &amp#27;[2m[           main]&amp#27;[0;39m &amp#27;[2m&amp#27;[0;39m&amp#27;[36mi.StatisticalLoggingSessionEventListener&amp#27;[0;39m &amp#27;[2m:&amp#27;[0;39m Session Metrics {
    2292 nanoseconds spent acquiring 1 JDBC connections;
    0 nanoseconds spent releasing 0 JDBC connections;
    14709 nanoseconds spent preparing 2 JDBC statements;
    380584 nanoseconds spent executing 1 JDBC statements;
    464125 nanoseconds spent executing 1 JDBC batches;
    0 nanoseconds spent performing 0 L2C puts;
    0 nanoseconds spent performing 0 L2C hits;
    0 nanoseconds spent performing 0 L2C misses;
    824166 nanoseconds spent executing 1 flushes (flushing a total of 1 entities and 1 collections);
    0 nanoseconds spent executing 0 partial-flushes (flushing a total of 0 entities and 0 collections)
}
&amp#27;[2m2025-05-11T11:17:47.783-03:00&amp#27;[0;39m &amp#27;[32mDEBUG&amp#27;[0;39m &amp#27;[35m16907&amp#27;[0;39m &amp#27;[2m---&amp#27;[0;39m &amp#27;[2m[           main]&amp#27;[0;39m &amp#27;[2m&amp#27;[0;39m&amp#27;[36morg.hibernate.SQL                       &amp#27;[0;39m &amp#27;[2m:&amp#27;[0;39m 
    /* <criteria> */ select
        d1_0.id,
        d1_0.actualizado_en,
        d1_0.codigo_penal,
        d1_0.creado_en,
        d1_0.descripcion,
        d1_0.nombre,
        d1_0.pena_maxima,
        d1_0.pena_minima,
        d1_0.tipo_pena,
        d1_0.valoracion 
    from
        delito d1_0 
    where
        upper(d1_0.nombre) like upper(?) escape '\'
Hibernate: 
    /* <criteria> */ select
        d1_0.id,
        d1_0.actualizado_en,
        d1_0.codigo_penal,
        d1_0.creado_en,
        d1_0.descripcion,
        d1_0.nombre,
        d1_0.pena_maxima,
        d1_0.pena_minima,
        d1_0.tipo_pena,
        d1_0.valoracion 
    from
        delito d1_0 
    where
        upper(d1_0.nombre) like upper(?) escape '\'
&amp#27;[2m2025-05-11T11:17:47.785-03:00&amp#27;[0;39m &amp#27;[32m INFO&amp#27;[0;39m &amp#27;[35m16907&amp#27;[0;39m &amp#27;[2m---&amp#27;[0;39m &amp#27;[2m[           main]&amp#27;[0;39m &amp#27;[2m&amp#27;[0;39m&amp#27;[36mi.StatisticalLoggingSessionEventListener&amp#27;[0;39m &amp#27;[2m:&amp#27;[0;39m Session Metrics {
    4583 nanoseconds spent acquiring 1 JDBC connections;
    0 nanoseconds spent releasing 0 JDBC connections;
    11833 nanoseconds spent preparing 1 JDBC statements;
    1429625 nanoseconds spent executing 1 JDBC statements;
    0 nanoseconds spent executing 0 JDBC batches;
    0 nanoseconds spent performing 0 L2C puts;
    0 nanoseconds spent performing 0 L2C hits;
    0 nanoseconds spent performing 0 L2C misses;
    0 nanoseconds spent executing 0 flushes (flushing a total of 0 entities and 0 collections);
    0 nanoseconds spent executing 0 partial-flushes (flushing a total of 0 entities and 0 collections)
}
&amp#27;[2m2025-05-11T11:17:47.785-03:00&amp#27;[0;39m &amp#27;[32mDEBUG&amp#27;[0;39m &amp#27;[35m16907&amp#27;[0;39m &amp#27;[2m---&amp#27;[0;39m &amp#27;[2m[           main]&amp#27;[0;39m &amp#27;[2m&amp#27;[0;39m&amp#27;[36morg.hibernate.SQL                       &amp#27;[0;39m &amp#27;[2m:&amp#27;[0;39m 
    select
        seq_delito.nextval 
    from
        dual
Hibernate: 
    select
        seq_delito.nextval 
    from
        dual
&amp#27;[2m2025-05-11T11:17:47.786-03:00&amp#27;[0;39m &amp#27;[32mDEBUG&amp#27;[0;39m &amp#27;[35m16907&amp#27;[0;39m &amp#27;[2m---&amp#27;[0;39m &amp#27;[2m[           main]&amp#27;[0;39m &amp#27;[2m&amp#27;[0;39m&amp#27;[36morg.hibernate.SQL                       &amp#27;[0;39m &amp#27;[2m:&amp#27;[0;39m 
    /* insert for
        com.cufre.expedientes.model.Delito */insert 
    into
        delito (actualizado_en, codigo_penal, creado_en, descripcion, nombre, pena_maxima, pena_minima, tipo_pena, valoracion, id) 
    values
        (?, ?, ?, ?, ?, ?, ?, ?, ?, ?)
Hibernate: 
    /* insert for
        com.cufre.expedientes.model.Delito */insert 
    into
        delito (actualizado_en, codigo_penal, creado_en, descripcion, nombre, pena_maxima, pena_minima, tipo_pena, valoracion, id) 
    values
        (?, ?, ?, ?, ?, ?, ?, ?, ?, ?)
&amp#27;[2m2025-05-11T11:17:47.788-03:00&amp#27;[0;39m &amp#27;[32m INFO&amp#27;[0;39m &amp#27;[35m16907&amp#27;[0;39m &amp#27;[2m---&amp#27;[0;39m &amp#27;[2m[           main]&amp#27;[0;39m &amp#27;[2m&amp#27;[0;39m&amp#27;[36mi.StatisticalLoggingSessionEventListener&amp#27;[0;39m &amp#27;[2m:&amp#27;[0;39m Session Metrics {
    3584 nanoseconds spent acquiring 1 JDBC connections;
    0 nanoseconds spent releasing 0 JDBC connections;
    17541 nanoseconds spent preparing 2 JDBC statements;
    329417 nanoseconds spent executing 1 JDBC statements;
    560958 nanoseconds spent executing 1 JDBC batches;
    0 nanoseconds spent performing 0 L2C puts;
    0 nanoseconds spent performing 0 L2C hits;
    0 nanoseconds spent performing 0 L2C misses;
    960625 nanoseconds spent executing 1 flushes (flushing a total of 1 entities and 1 collections);
    0 nanoseconds spent executing 0 partial-flushes (flushing a total of 0 entities and 0 collections)
}
&amp#27;[2m2025-05-11T11:17:47.789-03:00&amp#27;[0;39m &amp#27;[32mDEBUG&amp#27;[0;39m &amp#27;[35m16907&amp#27;[0;39m &amp#27;[2m---&amp#27;[0;39m &amp#27;[2m[           main]&amp#27;[0;39m &amp#27;[2m&amp#27;[0;39m&amp#27;[36morg.hibernate.SQL                       &amp#27;[0;39m &amp#27;[2m:&amp#27;[0;39m 
    /* <criteria> */ select
        d1_0.id,
        d1_0.actualizado_en,
        d1_0.codigo_penal,
        d1_0.creado_en,
        d1_0.descripcion,
        d1_0.nombre,
        d1_0.pena_maxima,
        d1_0.pena_minima,
        d1_0.tipo_pena,
        d1_0.valoracion 
    from
        delito d1_0 
    where
        upper(d1_0.nombre) like upper(?) escape '\'
Hibernate: 
    /* <criteria> */ select
        d1_0.id,
        d1_0.actualizado_en,
        d1_0.codigo_penal,
        d1_0.creado_en,
        d1_0.descripcion,
        d1_0.nombre,
        d1_0.pena_maxima,
        d1_0.pena_minima,
        d1_0.tipo_pena,
        d1_0.valoracion 
    from
        delito d1_0 
    where
        upper(d1_0.nombre) like upper(?) escape '\'
&amp#27;[2m2025-05-11T11:17:47.791-03:00&amp#27;[0;39m &amp#27;[32m INFO&amp#27;[0;39m &amp#27;[35m16907&amp#27;[0;39m &amp#27;[2m---&amp#27;[0;39m &amp#27;[2m[           main]&amp#27;[0;39m &amp#27;[2m&amp#27;[0;39m&amp#27;[36mi.StatisticalLoggingSessionEventListener&amp#27;[0;39m &amp#27;[2m:&amp#27;[0;39m Session Metrics {
    5334 nanoseconds spent acquiring 1 JDBC connections;
    0 nanoseconds spent releasing 0 JDBC connections;
    18000 nanoseconds spent preparing 1 JDBC statements;
    1543333 nanoseconds spent executing 1 JDBC statements;
    0 nanoseconds spent executing 0 JDBC batches;
    0 nanoseconds spent performing 0 L2C puts;
    0 nanoseconds spent performing 0 L2C hits;
    0 nanoseconds spent performing 0 L2C misses;
    0 nanoseconds spent executing 0 flushes (flushing a total of 0 entities and 0 collections);
    0 nanoseconds spent executing 0 partial-flushes (flushing a total of 0 entities and 0 collections)
}
&amp#27;[2m2025-05-11T11:17:47.791-03:00&amp#27;[0;39m &amp#27;[32mDEBUG&amp#27;[0;39m &amp#27;[35m16907&amp#27;[0;39m &amp#27;[2m---&amp#27;[0;39m &amp#27;[2m[           main]&amp#27;[0;39m &amp#27;[2m&amp#27;[0;39m&amp#27;[36morg.hibernate.SQL                       &amp#27;[0;39m &amp#27;[2m:&amp#27;[0;39m 
    select
        seq_delito.nextval 
    from
        dual
Hibernate: 
    select
        seq_delito.nextval 
    from
        dual
&amp#27;[2m2025-05-11T11:17:47.792-03:00&amp#27;[0;39m &amp#27;[32mDEBUG&amp#27;[0;39m &amp#27;[35m16907&amp#27;[0;39m &amp#27;[2m---&amp#27;[0;39m &amp#27;[2m[           main]&amp#27;[0;39m &amp#27;[2m&amp#27;[0;39m&amp#27;[36morg.hibernate.SQL                       &amp#27;[0;39m &amp#27;[2m:&amp#27;[0;39m 
    /* insert for
        com.cufre.expedientes.model.Delito */insert 
    into
        delito (actualizado_en, codigo_penal, creado_en, descripcion, nombre, pena_maxima, pena_minima, tipo_pena, valoracion, id) 
    values
        (?, ?, ?, ?, ?, ?, ?, ?, ?, ?)
Hibernate: 
    /* insert for
        com.cufre.expedientes.model.Delito */insert 
    into
        delito (actualizado_en, codigo_penal, creado_en, descripcion, nombre, pena_maxima, pena_minima, tipo_pena, valoracion, id) 
    values
        (?, ?, ?, ?, ?, ?, ?, ?, ?, ?)
&amp#27;[2m2025-05-11T11:17:47.793-03:00&amp#27;[0;39m &amp#27;[32m INFO&amp#27;[0;39m &amp#27;[35m16907&amp#27;[0;39m &amp#27;[2m---&amp#27;[0;39m &amp#27;[2m[           main]&amp#27;[0;39m &amp#27;[2m&amp#27;[0;39m&amp#27;[36mi.StatisticalLoggingSessionEventListener&amp#27;[0;39m &amp#27;[2m:&amp#27;[0;39m Session Metrics {
    2083 nanoseconds spent acquiring 1 JDBC connections;
    0 nanoseconds spent releasing 0 JDBC connections;
    14668 nanoseconds spent preparing 2 JDBC statements;
    375292 nanoseconds spent executing 1 JDBC statements;
    500875 nanoseconds spent executing 1 JDBC batches;
    0 nanoseconds spent performing 0 L2C puts;
    0 nanoseconds spent performing 0 L2C hits;
    0 nanoseconds spent performing 0 L2C misses;
    919042 nanoseconds spent executing 1 flushes (flushing a total of 1 entities and 1 collections);
    0 nanoseconds spent executing 0 partial-flushes (flushing a total of 0 entities and 0 collections)
}
&amp#27;[2m2025-05-11T11:17:47.794-03:00&amp#27;[0;39m &amp#27;[32mDEBUG&amp#27;[0;39m &amp#27;[35m16907&amp#27;[0;39m &amp#27;[2m---&amp#27;[0;39m &amp#27;[2m[           main]&amp#27;[0;39m &amp#27;[2m&amp#27;[0;39m&amp#27;[36morg.hibernate.SQL                       &amp#27;[0;39m &amp#27;[2m:&amp#27;[0;39m 
    /* <criteria> */ select
        d1_0.id,
        d1_0.actualizado_en,
        d1_0.codigo_penal,
        d1_0.creado_en,
        d1_0.descripcion,
        d1_0.nombre,
        d1_0.pena_maxima,
        d1_0.pena_minima,
        d1_0.tipo_pena,
        d1_0.valoracion 
    from
        delito d1_0 
    where
        upper(d1_0.nombre) like upper(?) escape '\'
Hibernate: 
    /* <criteria> */ select
        d1_0.id,
        d1_0.actualizado_en,
        d1_0.codigo_penal,
        d1_0.creado_en,
        d1_0.descripcion,
        d1_0.nombre,
        d1_0.pena_maxima,
        d1_0.pena_minima,
        d1_0.tipo_pena,
        d1_0.valoracion 
    from
        delito d1_0 
    where
        upper(d1_0.nombre) like upper(?) escape '\'
&amp#27;[2m2025-05-11T11:17:47.795-03:00&amp#27;[0;39m &amp#27;[32m INFO&amp#27;[0;39m &amp#27;[35m16907&amp#27;[0;39m &amp#27;[2m---&amp#27;[0;39m &amp#27;[2m[           main]&amp#27;[0;39m &amp#27;[2m&amp#27;[0;39m&amp#27;[36mi.StatisticalLoggingSessionEventListener&amp#27;[0;39m &amp#27;[2m:&amp#27;[0;39m Session Metrics {
    4000 nanoseconds spent acquiring 1 JDBC connections;
    0 nanoseconds spent releasing 0 JDBC connections;
    14500 nanoseconds spent preparing 1 JDBC statements;
    1320625 nanoseconds spent executing 1 JDBC statements;
    0 nanoseconds spent executing 0 JDBC batches;
    0 nanoseconds spent performing 0 L2C puts;
    0 nanoseconds spent performing 0 L2C hits;
    0 nanoseconds spent performing 0 L2C misses;
    0 nanoseconds spent executing 0 flushes (flushing a total of 0 entities and 0 collections);
    0 nanoseconds spent executing 0 partial-flushes (flushing a total of 0 entities and 0 collections)
}
&amp#27;[2m2025-05-11T11:17:47.796-03:00&amp#27;[0;39m &amp#27;[32mDEBUG&amp#27;[0;39m &amp#27;[35m16907&amp#27;[0;39m &amp#27;[2m---&amp#27;[0;39m &amp#27;[2m[           main]&amp#27;[0;39m &amp#27;[2m&amp#27;[0;39m&amp#27;[36morg.hibernate.SQL                       &amp#27;[0;39m &amp#27;[2m:&amp#27;[0;39m 
    select
        seq_delito.nextval 
    from
        dual
Hibernate: 
    select
        seq_delito.nextval 
    from
        dual
&amp#27;[2m2025-05-11T11:17:47.796-03:00&amp#27;[0;39m &amp#27;[32mDEBUG&amp#27;[0;39m &amp#27;[35m16907&amp#27;[0;39m &amp#27;[2m---&amp#27;[0;39m &amp#27;[2m[           main]&amp#27;[0;39m &amp#27;[2m&amp#27;[0;39m&amp#27;[36morg.hibernate.SQL                       &amp#27;[0;39m &amp#27;[2m:&amp#27;[0;39m 
    /* insert for
        com.cufre.expedientes.model.Delito */insert 
    into
        delito (actualizado_en, codigo_penal, creado_en, descripcion, nombre, pena_maxima, pena_minima, tipo_pena, valoracion, id) 
    values
        (?, ?, ?, ?, ?, ?, ?, ?, ?, ?)
Hibernate: 
    /* insert for
        com.cufre.expedientes.model.Delito */insert 
    into
        delito (actualizado_en, codigo_penal, creado_en, descripcion, nombre, pena_maxima, pena_minima, tipo_pena, valoracion, id) 
    values
        (?, ?, ?, ?, ?, ?, ?, ?, ?, ?)
&amp#27;[2m2025-05-11T11:17:47.797-03:00&amp#27;[0;39m &amp#27;[32m INFO&amp#27;[0;39m &amp#27;[35m16907&amp#27;[0;39m &amp#27;[2m---&amp#27;[0;39m &amp#27;[2m[           main]&amp#27;[0;39m &amp#27;[2m&amp#27;[0;39m&amp#27;[36mi.StatisticalLoggingSessionEventListener&amp#27;[0;39m &amp#27;[2m:&amp#27;[0;39m Session Metrics {
    2875 nanoseconds spent acquiring 1 JDBC connections;
    0 nanoseconds spent releasing 0 JDBC connections;
    13583 nanoseconds spent preparing 2 JDBC statements;
    315416 nanoseconds spent executing 1 JDBC statements;
    419875 nanoseconds spent executing 1 JDBC batches;
    0 nanoseconds spent performing 0 L2C puts;
    0 nanoseconds spent performing 0 L2C hits;
    0 nanoseconds spent performing 0 L2C misses;
    723750 nanoseconds spent executing 1 flushes (flushing a total of 1 entities and 1 collections);
    0 nanoseconds spent executing 0 partial-flushes (flushing a total of 0 entities and 0 collections)
}
&amp#27;[2m2025-05-11T11:17:47.798-03:00&amp#27;[0;39m &amp#27;[32mDEBUG&amp#27;[0;39m &amp#27;[35m16907&amp#27;[0;39m &amp#27;[2m---&amp#27;[0;39m &amp#27;[2m[           main]&amp#27;[0;39m &amp#27;[2m&amp#27;[0;39m&amp#27;[36morg.hibernate.SQL                       &amp#27;[0;39m &amp#27;[2m:&amp#27;[0;39m 
    /* <criteria> */ select
        d1_0.id,
        d1_0.actualizado_en,
        d1_0.codigo_penal,
        d1_0.creado_en,
        d1_0.descripcion,
        d1_0.nombre,
        d1_0.pena_maxima,
        d1_0.pena_minima,
        d1_0.tipo_pena,
        d1_0.valoracion 
    from
        delito d1_0 
    where
        upper(d1_0.nombre) like upper(?) escape '\'
Hibernate: 
    /* <criteria> */ select
        d1_0.id,
        d1_0.actualizado_en,
        d1_0.codigo_penal,
        d1_0.creado_en,
        d1_0.descripcion,
        d1_0.nombre,
        d1_0.pena_maxima,
        d1_0.pena_minima,
        d1_0.tipo_pena,
        d1_0.valoracion 
    from
        delito d1_0 
    where
        upper(d1_0.nombre) like upper(?) escape '\'
&amp#27;[2m2025-05-11T11:17:47.799-03:00&amp#27;[0;39m &amp#27;[32m INFO&amp#27;[0;39m &amp#27;[35m16907&amp#27;[0;39m &amp#27;[2m---&amp#27;[0;39m &amp#27;[2m[           main]&amp#27;[0;39m &amp#27;[2m&amp#27;[0;39m&amp#27;[36mi.StatisticalLoggingSessionEventListener&amp#27;[0;39m &amp#27;[2m:&amp#27;[0;39m Session Metrics {
    3041 nanoseconds spent acquiring 1 JDBC connections;
    0 nanoseconds spent releasing 0 JDBC connections;
    11041 nanoseconds spent preparing 1 JDBC statements;
    1196209 nanoseconds spent executing 1 JDBC statements;
    0 nanoseconds spent executing 0 JDBC batches;
    0 nanoseconds spent performing 0 L2C puts;
    0 nanoseconds spent performing 0 L2C hits;
    0 nanoseconds spent performing 0 L2C misses;
    0 nanoseconds spent executing 0 flushes (flushing a total of 0 entities and 0 collections);
    0 nanoseconds spent executing 0 partial-flushes (flushing a total of 0 entities and 0 collections)
}
&amp#27;[2m2025-05-11T11:17:47.799-03:00&amp#27;[0;39m &amp#27;[32mDEBUG&amp#27;[0;39m &amp#27;[35m16907&amp#27;[0;39m &amp#27;[2m---&amp#27;[0;39m &amp#27;[2m[           main]&amp#27;[0;39m &amp#27;[2m&amp#27;[0;39m&amp#27;[36morg.hibernate.SQL                       &amp#27;[0;39m &amp#27;[2m:&amp#27;[0;39m 
    select
        seq_delito.nextval 
    from
        dual
Hibernate: 
    select
        seq_delito.nextval 
    from
        dual
&amp#27;[2m2025-05-11T11:17:47.800-03:00&amp#27;[0;39m &amp#27;[32mDEBUG&amp#27;[0;39m &amp#27;[35m16907&amp#27;[0;39m &amp#27;[2m---&amp#27;[0;39m &amp#27;[2m[           main]&amp#27;[0;39m &amp#27;[2m&amp#27;[0;39m&amp#27;[36morg.hibernate.SQL                       &amp#27;[0;39m &amp#27;[2m:&amp#27;[0;39m 
    /* insert for
        com.cufre.expedientes.model.Delito */insert 
    into
        delito (actualizado_en, codigo_penal, creado_en, descripcion, nombre, pena_maxima, pena_minima, tipo_pena, valoracion, id) 
    values
        (?, ?, ?, ?, ?, ?, ?, ?, ?, ?)
Hibernate: 
    /* insert for
        com.cufre.expedientes.model.Delito */insert 
    into
        delito (actualizado_en, codigo_penal, creado_en, descripcion, nombre, pena_maxima, pena_minima, tipo_pena, valoracion, id) 
    values
        (?, ?, ?, ?, ?, ?, ?, ?, ?, ?)
&amp#27;[2m2025-05-11T11:17:47.801-03:00&amp#27;[0;39m &amp#27;[32m INFO&amp#27;[0;39m &amp#27;[35m16907&amp#27;[0;39m &amp#27;[2m---&amp#27;[0;39m &amp#27;[2m[           main]&amp#27;[0;39m &amp#27;[2m&amp#27;[0;39m&amp#27;[36mi.StatisticalLoggingSessionEventListener&amp#27;[0;39m &amp#27;[2m:&amp#27;[0;39m Session Metrics {
    1834 nanoseconds spent acquiring 1 JDBC connections;
    0 nanoseconds spent releasing 0 JDBC connections;
    9167 nanoseconds spent preparing 2 JDBC statements;
    289458 nanoseconds spent executing 1 JDBC statements;
    364333 nanoseconds spent executing 1 JDBC batches;
    0 nanoseconds spent performing 0 L2C puts;
    0 nanoseconds spent performing 0 L2C hits;
    0 nanoseconds spent performing 0 L2C misses;
    665375 nanoseconds spent executing 1 flushes (flushing a total of 1 entities and 1 collections);
    0 nanoseconds spent executing 0 partial-flushes (flushing a total of 0 entities and 0 collections)
}
&amp#27;[2m2025-05-11T11:17:47.802-03:00&amp#27;[0;39m &amp#27;[32mDEBUG&amp#27;[0;39m &amp#27;[35m16907&amp#27;[0;39m &amp#27;[2m---&amp#27;[0;39m &amp#27;[2m[           main]&amp#27;[0;39m &amp#27;[2m&amp#27;[0;39m&amp#27;[36morg.hibernate.SQL                       &amp#27;[0;39m &amp#27;[2m:&amp#27;[0;39m 
    /* <criteria> */ select
        d1_0.id,
        d1_0.actualizado_en,
        d1_0.codigo_penal,
        d1_0.creado_en,
        d1_0.descripcion,
        d1_0.nombre,
        d1_0.pena_maxima,
        d1_0.pena_minima,
        d1_0.tipo_pena,
        d1_0.valoracion 
    from
        delito d1_0 
    where
        upper(d1_0.nombre) like upper(?) escape '\'
Hibernate: 
    /* <criteria> */ select
        d1_0.id,
        d1_0.actualizado_en,
        d1_0.codigo_penal,
        d1_0.creado_en,
        d1_0.descripcion,
        d1_0.nombre,
        d1_0.pena_maxima,
        d1_0.pena_minima,
        d1_0.tipo_pena,
        d1_0.valoracion 
    from
        delito d1_0 
    where
        upper(d1_0.nombre) like upper(?) escape '\'
&amp#27;[2m2025-05-11T11:17:47.803-03:00&amp#27;[0;39m &amp#27;[32m INFO&amp#27;[0;39m &amp#27;[35m16907&amp#27;[0;39m &amp#27;[2m---&amp#27;[0;39m &amp#27;[2m[           main]&amp#27;[0;39m &amp#27;[2m&amp#27;[0;39m&amp#27;[36mi.StatisticalLoggingSessionEventListener&amp#27;[0;39m &amp#27;[2m:&amp#27;[0;39m Session Metrics {
    2458 nanoseconds spent acquiring 1 JDBC connections;
    0 nanoseconds spent releasing 0 JDBC connections;
    9500 nanoseconds spent preparing 1 JDBC statements;
    980916 nanoseconds spent executing 1 JDBC statements;
    0 nanoseconds spent executing 0 JDBC batches;
    0 nanoseconds spent performing 0 L2C puts;
    0 nanoseconds spent performing 0 L2C hits;
    0 nanoseconds spent performing 0 L2C misses;
    0 nanoseconds spent executing 0 flushes (flushing a total of 0 entities and 0 collections);
    0 nanoseconds spent executing 0 partial-flushes (flushing a total of 0 entities and 0 collections)
}
&amp#27;[2m2025-05-11T11:17:47.804-03:00&amp#27;[0;39m &amp#27;[32mDEBUG&amp#27;[0;39m &amp#27;[35m16907&amp#27;[0;39m &amp#27;[2m---&amp#27;[0;39m &amp#27;[2m[           main]&amp#27;[0;39m &amp#27;[2m&amp#27;[0;39m&amp#27;[36morg.hibernate.SQL                       &amp#27;[0;39m &amp#27;[2m:&amp#27;[0;39m 
    /* <criteria> */ select
        d1_0.id,
        d1_0.actualizado_en,
        d1_0.codigo_penal,
        d1_0.creado_en,
        d1_0.descripcion,
        d1_0.nombre,
        d1_0.pena_maxima,
        d1_0.pena_minima,
        d1_0.tipo_pena,
        d1_0.valoracion 
    from
        delito d1_0 
    where
        upper(d1_0.nombre) like upper(?) escape '\'
Hibernate: 
    /* <criteria> */ select
        d1_0.id,
        d1_0.actualizado_en,
        d1_0.codigo_penal,
        d1_0.creado_en,
        d1_0.descripcion,
        d1_0.nombre,
        d1_0.pena_maxima,
        d1_0.pena_minima,
        d1_0.tipo_pena,
        d1_0.valoracion 
    from
        delito d1_0 
    where
        upper(d1_0.nombre) like upper(?) escape '\'
&amp#27;[2m2025-05-11T11:17:47.806-03:00&amp#27;[0;39m &amp#27;[32m INFO&amp#27;[0;39m &amp#27;[35m16907&amp#27;[0;39m &amp#27;[2m---&amp#27;[0;39m &amp#27;[2m[           main]&amp#27;[0;39m &amp#27;[2m&amp#27;[0;39m&amp#27;[36mi.StatisticalLoggingSessionEventListener&amp#27;[0;39m &amp#27;[2m:&amp#27;[0;39m Session Metrics {
    3125 nanoseconds spent acquiring 1 JDBC connections;
    0 nanoseconds spent releasing 0 JDBC connections;
    12458 nanoseconds spent preparing 1 JDBC statements;
    2236625 nanoseconds spent executing 1 JDBC statements;
    0 nanoseconds spent executing 0 JDBC batches;
    0 nanoseconds spent performing 0 L2C puts;
    0 nanoseconds spent performing 0 L2C hits;
    0 nanoseconds spent performing 0 L2C misses;
    0 nanoseconds spent executing 0 flushes (flushing a total of 0 entities and 0 collections);
    0 nanoseconds spent executing 0 partial-flushes (flushing a total of 0 entities and 0 collections)
}
&amp#27;[2m2025-05-11T11:17:47.807-03:00&amp#27;[0;39m &amp#27;[32mDEBUG&amp#27;[0;39m &amp#27;[35m16907&amp#27;[0;39m &amp#27;[2m---&amp#27;[0;39m &amp#27;[2m[           main]&amp#27;[0;39m &amp#27;[2m&amp#27;[0;39m&amp#27;[36morg.hibernate.SQL                       &amp#27;[0;39m &amp#27;[2m:&amp#27;[0;39m 
    select
        seq_delito.nextval 
    from
        dual
Hibernate: 
    select
        seq_delito.nextval 
    from
        dual
&amp#27;[2m2025-05-11T11:17:47.807-03:00&amp#27;[0;39m &amp#27;[32mDEBUG&amp#27;[0;39m &amp#27;[35m16907&amp#27;[0;39m &amp#27;[2m---&amp#27;[0;39m &amp#27;[2m[           main]&amp#27;[0;39m &amp#27;[2m&amp#27;[0;39m&amp#27;[36morg.hibernate.SQL                       &amp#27;[0;39m &amp#27;[2m:&amp#27;[0;39m 
    /* insert for
        com.cufre.expedientes.model.Delito */insert 
    into
        delito (actualizado_en, codigo_penal, creado_en, descripcion, nombre, pena_maxima, pena_minima, tipo_pena, valoracion, id) 
    values
        (?, ?, ?, ?, ?, ?, ?, ?, ?, ?)
Hibernate: 
    /* insert for
        com.cufre.expedientes.model.Delito */insert 
    into
        delito (actualizado_en, codigo_penal, creado_en, descripcion, nombre, pena_maxima, pena_minima, tipo_pena, valoracion, id) 
    values
        (?, ?, ?, ?, ?, ?, ?, ?, ?, ?)
&amp#27;[2m2025-05-11T11:17:47.808-03:00&amp#27;[0;39m &amp#27;[32m INFO&amp#27;[0;39m &amp#27;[35m16907&amp#27;[0;39m &amp#27;[2m---&amp#27;[0;39m &amp#27;[2m[           main]&amp#27;[0;39m &amp#27;[2m&amp#27;[0;39m&amp#27;[36mi.StatisticalLoggingSessionEventListener&amp#27;[0;39m &amp#27;[2m:&amp#27;[0;39m Session Metrics {
    1792 nanoseconds spent acquiring 1 JDBC connections;
    0 nanoseconds spent releasing 0 JDBC connections;
    9208 nanoseconds spent preparing 2 JDBC statements;
    263375 nanoseconds spent executing 1 JDBC statements;
    441959 nanoseconds spent executing 1 JDBC batches;
    0 nanoseconds spent performing 0 L2C puts;
    0 nanoseconds spent performing 0 L2C hits;
    0 nanoseconds spent performing 0 L2C misses;
    915959 nanoseconds spent executing 1 flushes (flushing a total of 1 entities and 1 collections);
    0 nanoseconds spent executing 0 partial-flushes (flushing a total of 0 entities and 0 collections)
}
&amp#27;[2m2025-05-11T11:17:47.809-03:00&amp#27;[0;39m &amp#27;[32mDEBUG&amp#27;[0;39m &amp#27;[35m16907&amp#27;[0;39m &amp#27;[2m---&amp#27;[0;39m &amp#27;[2m[           main]&amp#27;[0;39m &amp#27;[2m&amp#27;[0;39m&amp#27;[36morg.hibernate.SQL                       &amp#27;[0;39m &amp#27;[2m:&amp#27;[0;39m 
    /* <criteria> */ select
        d1_0.id,
        d1_0.actualizado_en,
        d1_0.codigo_penal,
        d1_0.creado_en,
        d1_0.descripcion,
        d1_0.nombre,
        d1_0.pena_maxima,
        d1_0.pena_minima,
        d1_0.tipo_pena,
        d1_0.valoracion 
    from
        delito d1_0 
    where
        upper(d1_0.nombre) like upper(?) escape '\'
Hibernate: 
    /* <criteria> */ select
        d1_0.id,
        d1_0.actualizado_en,
        d1_0.codigo_penal,
        d1_0.creado_en,
        d1_0.descripcion,
        d1_0.nombre,
        d1_0.pena_maxima,
        d1_0.pena_minima,
        d1_0.tipo_pena,
        d1_0.valoracion 
    from
        delito d1_0 
    where
        upper(d1_0.nombre) like upper(?) escape '\'
&amp#27;[2m2025-05-11T11:17:47.810-03:00&amp#27;[0;39m &amp#27;[32m INFO&amp#27;[0;39m &amp#27;[35m16907&amp#27;[0;39m &amp#27;[2m---&amp#27;[0;39m &amp#27;[2m[           main]&amp#27;[0;39m &amp#27;[2m&amp#27;[0;39m&amp#27;[36mi.StatisticalLoggingSessionEventListener&amp#27;[0;39m &amp#27;[2m:&amp#27;[0;39m Session Metrics {
    2166 nanoseconds spent acquiring 1 JDBC connections;
    0 nanoseconds spent releasing 0 JDBC connections;
    9083 nanoseconds spent preparing 1 JDBC statements;
    1170875 nanoseconds spent executing 1 JDBC statements;
    0 nanoseconds spent executing 0 JDBC batches;
    0 nanoseconds spent performing 0 L2C puts;
    0 nanoseconds spent performing 0 L2C hits;
    0 nanoseconds spent performing 0 L2C misses;
    0 nanoseconds spent executing 0 flushes (flushing a total of 0 entities and 0 collections);
    0 nanoseconds spent executing 0 partial-flushes (flushing a total of 0 entities and 0 collections)
}
&amp#27;[2m2025-05-11T11:17:47.810-03:00&amp#27;[0;39m &amp#27;[32mDEBUG&amp#27;[0;39m &amp#27;[35m16907&amp#27;[0;39m &amp#27;[2m---&amp#27;[0;39m &amp#27;[2m[           main]&amp#27;[0;39m &amp#27;[2m&amp#27;[0;39m&amp#27;[36morg.hibernate.SQL                       &amp#27;[0;39m &amp#27;[2m:&amp#27;[0;39m 
    select
        seq_delito.nextval 
    from
        dual
Hibernate: 
    select
        seq_delito.nextval 
    from
        dual
&amp#27;[2m2025-05-11T11:17:47.811-03:00&amp#27;[0;39m &amp#27;[32mDEBUG&amp#27;[0;39m &amp#27;[35m16907&amp#27;[0;39m &amp#27;[2m---&amp#27;[0;39m &amp#27;[2m[           main]&amp#27;[0;39m &amp#27;[2m&amp#27;[0;39m&amp#27;[36morg.hibernate.SQL                       &amp#27;[0;39m &amp#27;[2m:&amp#27;[0;39m 
    /* insert for
        com.cufre.expedientes.model.Delito */insert 
    into
        delito (actualizado_en, codigo_penal, creado_en, descripcion, nombre, pena_maxima, pena_minima, tipo_pena, valoracion, id) 
    values
        (?, ?, ?, ?, ?, ?, ?, ?, ?, ?)
Hibernate: 
    /* insert for
        com.cufre.expedientes.model.Delito */insert 
    into
        delito (actualizado_en, codigo_penal, creado_en, descripcion, nombre, pena_maxima, pena_minima, tipo_pena, valoracion, id) 
    values
        (?, ?, ?, ?, ?, ?, ?, ?, ?, ?)
&amp#27;[2m2025-05-11T11:17:47.812-03:00&amp#27;[0;39m &amp#27;[32m INFO&amp#27;[0;39m &amp#27;[35m16907&amp#27;[0;39m &amp#27;[2m---&amp#27;[0;39m &amp#27;[2m[           main]&amp#27;[0;39m &amp#27;[2m&amp#27;[0;39m&amp#27;[36mi.StatisticalLoggingSessionEventListener&amp#27;[0;39m &amp#27;[2m:&amp#27;[0;39m Session Metrics {
    2792 nanoseconds spent acquiring 1 JDBC connections;
    0 nanoseconds spent releasing 0 JDBC connections;
    12041 nanoseconds spent preparing 2 JDBC statements;
    254333 nanoseconds spent executing 1 JDBC statements;
    350834 nanoseconds spent executing 1 JDBC batches;
    0 nanoseconds spent performing 0 L2C puts;
    0 nanoseconds spent performing 0 L2C hits;
    0 nanoseconds spent performing 0 L2C misses;
    667417 nanoseconds spent executing 1 flushes (flushing a total of 1 entities and 1 collections);
    0 nanoseconds spent executing 0 partial-flushes (flushing a total of 0 entities and 0 collections)
}
&amp#27;[2m2025-05-11T11:17:47.813-03:00&amp#27;[0;39m &amp#27;[32mDEBUG&amp#27;[0;39m &amp#27;[35m16907&amp#27;[0;39m &amp#27;[2m---&amp#27;[0;39m &amp#27;[2m[           main]&amp#27;[0;39m &amp#27;[2m&amp#27;[0;39m&amp#27;[36morg.hibernate.SQL                       &amp#27;[0;39m &amp#27;[2m:&amp#27;[0;39m 
    /* <criteria> */ select
        d1_0.id,
        d1_0.actualizado_en,
        d1_0.codigo_penal,
        d1_0.creado_en,
        d1_0.descripcion,
        d1_0.nombre,
        d1_0.pena_maxima,
        d1_0.pena_minima,
        d1_0.tipo_pena,
        d1_0.valoracion 
    from
        delito d1_0 
    where
        upper(d1_0.nombre) like upper(?) escape '\'
Hibernate: 
    /* <criteria> */ select
        d1_0.id,
        d1_0.actualizado_en,
        d1_0.codigo_penal,
        d1_0.creado_en,
        d1_0.descripcion,
        d1_0.nombre,
        d1_0.pena_maxima,
        d1_0.pena_minima,
        d1_0.tipo_pena,
        d1_0.valoracion 
    from
        delito d1_0 
    where
        upper(d1_0.nombre) like upper(?) escape '\'
&amp#27;[2m2025-05-11T11:17:47.814-03:00&amp#27;[0;39m &amp#27;[32m INFO&amp#27;[0;39m &amp#27;[35m16907&amp#27;[0;39m &amp#27;[2m---&amp#27;[0;39m &amp#27;[2m[           main]&amp#27;[0;39m &amp#27;[2m&amp#27;[0;39m&amp#27;[36mi.StatisticalLoggingSessionEventListener&amp#27;[0;39m &amp#27;[2m:&amp#27;[0;39m Session Metrics {
    3000 nanoseconds spent acquiring 1 JDBC connections;
    0 nanoseconds spent releasing 0 JDBC connections;
    11708 nanoseconds spent preparing 1 JDBC statements;
    1359833 nanoseconds spent executing 1 JDBC statements;
    0 nanoseconds spent executing 0 JDBC batches;
    0 nanoseconds spent performing 0 L2C puts;
    0 nanoseconds spent performing 0 L2C hits;
    0 nanoseconds spent performing 0 L2C misses;
    0 nanoseconds spent executing 0 flushes (flushing a total of 0 entities and 0 collections);
    0 nanoseconds spent executing 0 partial-flushes (flushing a total of 0 entities and 0 collections)
}
&amp#27;[2m2025-05-11T11:17:47.814-03:00&amp#27;[0;39m &amp#27;[32mDEBUG&amp#27;[0;39m &amp#27;[35m16907&amp#27;[0;39m &amp#27;[2m---&amp#27;[0;39m &amp#27;[2m[           main]&amp#27;[0;39m &amp#27;[2m&amp#27;[0;39m&amp#27;[36morg.hibernate.SQL                       &amp#27;[0;39m &amp#27;[2m:&amp#27;[0;39m 
    select
        seq_delito.nextval 
    from
        dual
Hibernate: 
    select
        seq_delito.nextval 
    from
        dual
&amp#27;[2m2025-05-11T11:17:47.815-03:00&amp#27;[0;39m &amp#27;[32mDEBUG&amp#27;[0;39m &amp#27;[35m16907&amp#27;[0;39m &amp#27;[2m---&amp#27;[0;39m &amp#27;[2m[           main]&amp#27;[0;39m &amp#27;[2m&amp#27;[0;39m&amp#27;[36morg.hibernate.SQL                       &amp#27;[0;39m &amp#27;[2m:&amp#27;[0;39m 
    /* insert for
        com.cufre.expedientes.model.Delito */insert 
    into
        delito (actualizado_en, codigo_penal, creado_en, descripcion, nombre, pena_maxima, pena_minima, tipo_pena, valoracion, id) 
    values
        (?, ?, ?, ?, ?, ?, ?, ?, ?, ?)
Hibernate: 
    /* insert for
        com.cufre.expedientes.model.Delito */insert 
    into
        delito (actualizado_en, codigo_penal, creado_en, descripcion, nombre, pena_maxima, pena_minima, tipo_pena, valoracion, id) 
    values
        (?, ?, ?, ?, ?, ?, ?, ?, ?, ?)
&amp#27;[2m2025-05-11T11:17:47.816-03:00&amp#27;[0;39m &amp#27;[32m INFO&amp#27;[0;39m &amp#27;[35m16907&amp#27;[0;39m &amp#27;[2m---&amp#27;[0;39m &amp#27;[2m[           main]&amp#27;[0;39m &amp#27;[2m&amp#27;[0;39m&amp#27;[36mi.StatisticalLoggingSessionEventListener&amp#27;[0;39m &amp#27;[2m:&amp#27;[0;39m Session Metrics {
    2208 nanoseconds spent acquiring 1 JDBC connections;
    0 nanoseconds spent releasing 0 JDBC connections;
    11375 nanoseconds spent preparing 2 JDBC statements;
    404459 nanoseconds spent executing 1 JDBC statements;
    474708 nanoseconds spent executing 1 JDBC batches;
    0 nanoseconds spent performing 0 L2C puts;
    0 nanoseconds spent performing 0 L2C hits;
    0 nanoseconds spent performing 0 L2C misses;
    792333 nanoseconds spent executing 1 flushes (flushing a total of 1 entities and 1 collections);
    0 nanoseconds spent executing 0 partial-flushes (flushing a total of 0 entities and 0 collections)
}
&amp#27;[2m2025-05-11T11:17:47.817-03:00&amp#27;[0;39m &amp#27;[32mDEBUG&amp#27;[0;39m &amp#27;[35m16907&amp#27;[0;39m &amp#27;[2m---&amp#27;[0;39m &amp#27;[2m[           main]&amp#27;[0;39m &amp#27;[2m&amp#27;[0;39m&amp#27;[36morg.hibernate.SQL                       &amp#27;[0;39m &amp#27;[2m:&amp#27;[0;39m 
    /* <criteria> */ select
        d1_0.id,
        d1_0.actualizado_en,
        d1_0.codigo_penal,
        d1_0.creado_en,
        d1_0.descripcion,
        d1_0.nombre,
        d1_0.pena_maxima,
        d1_0.pena_minima,
        d1_0.tipo_pena,
        d1_0.valoracion 
    from
        delito d1_0 
    where
        upper(d1_0.nombre) like upper(?) escape '\'
Hibernate: 
    /* <criteria> */ select
        d1_0.id,
        d1_0.actualizado_en,
        d1_0.codigo_penal,
        d1_0.creado_en,
        d1_0.descripcion,
        d1_0.nombre,
        d1_0.pena_maxima,
        d1_0.pena_minima,
        d1_0.tipo_pena,
        d1_0.valoracion 
    from
        delito d1_0 
    where
        upper(d1_0.nombre) like upper(?) escape '\'
&amp#27;[2m2025-05-11T11:17:47.818-03:00&amp#27;[0;39m &amp#27;[32m INFO&amp#27;[0;39m &amp#27;[35m16907&amp#27;[0;39m &amp#27;[2m---&amp#27;[0;39m &amp#27;[2m[           main]&amp#27;[0;39m &amp#27;[2m&amp#27;[0;39m&amp#27;[36mi.StatisticalLoggingSessionEventListener&amp#27;[0;39m &amp#27;[2m:&amp#27;[0;39m Session Metrics {
    2834 nanoseconds spent acquiring 1 JDBC connections;
    0 nanoseconds spent releasing 0 JDBC connections;
    11416 nanoseconds spent preparing 1 JDBC statements;
    1143875 nanoseconds spent executing 1 JDBC statements;
    0 nanoseconds spent executing 0 JDBC batches;
    0 nanoseconds spent performing 0 L2C puts;
    0 nanoseconds spent performing 0 L2C hits;
    0 nanoseconds spent performing 0 L2C misses;
    0 nanoseconds spent executing 0 flushes (flushing a total of 0 entities and 0 collections);
    0 nanoseconds spent executing 0 partial-flushes (flushing a total of 0 entities and 0 collections)
}
&amp#27;[2m2025-05-11T11:17:47.818-03:00&amp#27;[0;39m &amp#27;[32mDEBUG&amp#27;[0;39m &amp#27;[35m16907&amp#27;[0;39m &amp#27;[2m---&amp#27;[0;39m &amp#27;[2m[           main]&amp#27;[0;39m &amp#27;[2m&amp#27;[0;39m&amp#27;[36morg.hibernate.SQL                       &amp#27;[0;39m &amp#27;[2m:&amp#27;[0;39m 
    select
        seq_delito.nextval 
    from
        dual
Hibernate: 
    select
        seq_delito.nextval 
    from
        dual
&amp#27;[2m2025-05-11T11:17:47.819-03:00&amp#27;[0;39m &amp#27;[32mDEBUG&amp#27;[0;39m &amp#27;[35m16907&amp#27;[0;39m &amp#27;[2m---&amp#27;[0;39m &amp#27;[2m[           main]&amp#27;[0;39m &amp#27;[2m&amp#27;[0;39m&amp#27;[36morg.hibernate.SQL                       &amp#27;[0;39m &amp#27;[2m:&amp#27;[0;39m 
    /* insert for
        com.cufre.expedientes.model.Delito */insert 
    into
        delito (actualizado_en, codigo_penal, creado_en, descripcion, nombre, pena_maxima, pena_minima, tipo_pena, valoracion, id) 
    values
        (?, ?, ?, ?, ?, ?, ?, ?, ?, ?)
Hibernate: 
    /* insert for
        com.cufre.expedientes.model.Delito */insert 
    into
        delito (actualizado_en, codigo_penal, creado_en, descripcion, nombre, pena_maxima, pena_minima, tipo_pena, valoracion, id) 
    values
        (?, ?, ?, ?, ?, ?, ?, ?, ?, ?)
&amp#27;[2m2025-05-11T11:17:47.820-03:00&amp#27;[0;39m &amp#27;[32m INFO&amp#27;[0;39m &amp#27;[35m16907&amp#27;[0;39m &amp#27;[2m---&amp#27;[0;39m &amp#27;[2m[           main]&amp#27;[0;39m &amp#27;[2m&amp#27;[0;39m&amp#27;[36mi.StatisticalLoggingSessionEventListener&amp#27;[0;39m &amp#27;[2m:&amp#27;[0;39m Session Metrics {
    1708 nanoseconds spent acquiring 1 JDBC connections;
    0 nanoseconds spent releasing 0 JDBC connections;
    7916 nanoseconds spent preparing 2 JDBC statements;
    269791 nanoseconds spent executing 1 JDBC statements;
    372458 nanoseconds spent executing 1 JDBC batches;
    0 nanoseconds spent performing 0 L2C puts;
    0 nanoseconds spent performing 0 L2C hits;
    0 nanoseconds spent performing 0 L2C misses;
    653166 nanoseconds spent executing 1 flushes (flushing a total of 1 entities and 1 collections);
    0 nanoseconds spent executing 0 partial-flushes (flushing a total of 0 entities and 0 collections)
}
&amp#27;[2m2025-05-11T11:17:47.820-03:00&amp#27;[0;39m &amp#27;[32mDEBUG&amp#27;[0;39m &amp#27;[35m16907&amp#27;[0;39m &amp#27;[2m---&amp#27;[0;39m &amp#27;[2m[           main]&amp#27;[0;39m &amp#27;[2m&amp#27;[0;39m&amp#27;[36morg.hibernate.SQL                       &amp#27;[0;39m &amp#27;[2m:&amp#27;[0;39m 
    /* <criteria> */ select
        d1_0.id,
        d1_0.actualizado_en,
        d1_0.codigo_penal,
        d1_0.creado_en,
        d1_0.descripcion,
        d1_0.nombre,
        d1_0.pena_maxima,
        d1_0.pena_minima,
        d1_0.tipo_pena,
        d1_0.valoracion 
    from
        delito d1_0 
    where
        upper(d1_0.nombre) like upper(?) escape '\'
Hibernate: 
    /* <criteria> */ select
        d1_0.id,
        d1_0.actualizado_en,
        d1_0.codigo_penal,
        d1_0.creado_en,
        d1_0.descripcion,
        d1_0.nombre,
        d1_0.pena_maxima,
        d1_0.pena_minima,
        d1_0.tipo_pena,
        d1_0.valoracion 
    from
        delito d1_0 
    where
        upper(d1_0.nombre) like upper(?) escape '\'
&amp#27;[2m2025-05-11T11:17:47.822-03:00&amp#27;[0;39m &amp#27;[32m INFO&amp#27;[0;39m &amp#27;[35m16907&amp#27;[0;39m &amp#27;[2m---&amp#27;[0;39m &amp#27;[2m[           main]&amp#27;[0;39m &amp#27;[2m&amp#27;[0;39m&amp#27;[36mi.StatisticalLoggingSessionEventListener&amp#27;[0;39m &amp#27;[2m:&amp#27;[0;39m Session Metrics {
    2750 nanoseconds spent acquiring 1 JDBC connections;
    0 nanoseconds spent releasing 0 JDBC connections;
    11083 nanoseconds spent preparing 1 JDBC statements;
    1169333 nanoseconds spent executing 1 JDBC statements;
    0 nanoseconds spent executing 0 JDBC batches;
    0 nanoseconds spent performing 0 L2C puts;
    0 nanoseconds spent performing 0 L2C hits;
    0 nanoseconds spent performing 0 L2C misses;
    0 nanoseconds spent executing 0 flushes (flushing a total of 0 entities and 0 collections);
    0 nanoseconds spent executing 0 partial-flushes (flushing a total of 0 entities and 0 collections)
}
&amp#27;[2m2025-05-11T11:17:47.822-03:00&amp#27;[0;39m &amp#27;[32mDEBUG&amp#27;[0;39m &amp#27;[35m16907&amp#27;[0;39m &amp#27;[2m---&amp#27;[0;39m &amp#27;[2m[           main]&amp#27;[0;39m &amp#27;[2m&amp#27;[0;39m&amp#27;[36morg.hibernate.SQL                       &amp#27;[0;39m &amp#27;[2m:&amp#27;[0;39m 
    select
        seq_delito.nextval 
    from
        dual
Hibernate: 
    select
        seq_delito.nextval 
    from
        dual
&amp#27;[2m2025-05-11T11:17:47.823-03:00&amp#27;[0;39m &amp#27;[32mDEBUG&amp#27;[0;39m &amp#27;[35m16907&amp#27;[0;39m &amp#27;[2m---&amp#27;[0;39m &amp#27;[2m[           main]&amp#27;[0;39m &amp#27;[2m&amp#27;[0;39m&amp#27;[36morg.hibernate.SQL                       &amp#27;[0;39m &amp#27;[2m:&amp#27;[0;39m 
    /* insert for
        com.cufre.expedientes.model.Delito */insert 
    into
        delito (actualizado_en, codigo_penal, creado_en, descripcion, nombre, pena_maxima, pena_minima, tipo_pena, valoracion, id) 
    values
        (?, ?, ?, ?, ?, ?, ?, ?, ?, ?)
Hibernate: 
    /* insert for
        com.cufre.expedientes.model.Delito */insert 
    into
        delito (actualizado_en, codigo_penal, creado_en, descripcion, nombre, pena_maxima, pena_minima, tipo_pena, valoracion, id) 
    values
        (?, ?, ?, ?, ?, ?, ?, ?, ?, ?)
&amp#27;[2m2025-05-11T11:17:47.824-03:00&amp#27;[0;39m &amp#27;[32m INFO&amp#27;[0;39m &amp#27;[35m16907&amp#27;[0;39m &amp#27;[2m---&amp#27;[0;39m &amp#27;[2m[           main]&amp#27;[0;39m &amp#27;[2m&amp#27;[0;39m&amp#27;[36mi.StatisticalLoggingSessionEventListener&amp#27;[0;39m &amp#27;[2m:&amp#27;[0;39m Session Metrics {
    1500 nanoseconds spent acquiring 1 JDBC connections;
    0 nanoseconds spent releasing 0 JDBC connections;
    9125 nanoseconds spent preparing 2 JDBC statements;
    751416 nanoseconds spent executing 1 JDBC statements;
    383667 nanoseconds spent executing 1 JDBC batches;
    0 nanoseconds spent performing 0 L2C puts;
    0 nanoseconds spent performing 0 L2C hits;
    0 nanoseconds spent performing 0 L2C misses;
    673584 nanoseconds spent executing 1 flushes (flushing a total of 1 entities and 1 collections);
    0 nanoseconds spent executing 0 partial-flushes (flushing a total of 0 entities and 0 collections)
}
&amp#27;[2m2025-05-11T11:17:47.824-03:00&amp#27;[0;39m &amp#27;[32mDEBUG&amp#27;[0;39m &amp#27;[35m16907&amp#27;[0;39m &amp#27;[2m---&amp#27;[0;39m &amp#27;[2m[           main]&amp#27;[0;39m &amp#27;[2m&amp#27;[0;39m&amp#27;[36morg.hibernate.SQL                       &amp#27;[0;39m &amp#27;[2m:&amp#27;[0;39m 
    /* <criteria> */ select
        d1_0.id,
        d1_0.actualizado_en,
        d1_0.codigo_penal,
        d1_0.creado_en,
        d1_0.descripcion,
        d1_0.nombre,
        d1_0.pena_maxima,
        d1_0.pena_minima,
        d1_0.tipo_pena,
        d1_0.valoracion 
    from
        delito d1_0 
    where
        upper(d1_0.nombre) like upper(?) escape '\'
Hibernate: 
    /* <criteria> */ select
        d1_0.id,
        d1_0.actualizado_en,
        d1_0.codigo_penal,
        d1_0.creado_en,
        d1_0.descripcion,
        d1_0.nombre,
        d1_0.pena_maxima,
        d1_0.pena_minima,
        d1_0.tipo_pena,
        d1_0.valoracion 
    from
        delito d1_0 
    where
        upper(d1_0.nombre) like upper(?) escape '\'
&amp#27;[2m2025-05-11T11:17:47.826-03:00&amp#27;[0;39m &amp#27;[32m INFO&amp#27;[0;39m &amp#27;[35m16907&amp#27;[0;39m &amp#27;[2m---&amp#27;[0;39m &amp#27;[2m[           main]&amp#27;[0;39m &amp#27;[2m&amp#27;[0;39m&amp#27;[36mi.StatisticalLoggingSessionEventListener&amp#27;[0;39m &amp#27;[2m:&amp#27;[0;39m Session Metrics {
    2792 nanoseconds spent acquiring 1 JDBC connections;
    0 nanoseconds spent releasing 0 JDBC connections;
    11375 nanoseconds spent preparing 1 JDBC statements;
    1230375 nanoseconds spent executing 1 JDBC statements;
    0 nanoseconds spent executing 0 JDBC batches;
    0 nanoseconds spent performing 0 L2C puts;
    0 nanoseconds spent performing 0 L2C hits;
    0 nanoseconds spent performing 0 L2C misses;
    0 nanoseconds spent executing 0 flushes (flushing a total of 0 entities and 0 collections);
    0 nanoseconds spent executing 0 partial-flushes (flushing a total of 0 entities and 0 collections)
}
&amp#27;[2m2025-05-11T11:17:47.826-03:00&amp#27;[0;39m &amp#27;[32mDEBUG&amp#27;[0;39m &amp#27;[35m16907&amp#27;[0;39m &amp#27;[2m---&amp#27;[0;39m &amp#27;[2m[           main]&amp#27;[0;39m &amp#27;[2m&amp#27;[0;39m&amp#27;[36morg.hibernate.SQL                       &amp#27;[0;39m &amp#27;[2m:&amp#27;[0;39m 
    select
        seq_delito.nextval 
    from
        dual
Hibernate: 
    select
        seq_delito.nextval 
    from
        dual
&amp#27;[2m2025-05-11T11:17:47.827-03:00&amp#27;[0;39m &amp#27;[32mDEBUG&amp#27;[0;39m &amp#27;[35m16907&amp#27;[0;39m &amp#27;[2m---&amp#27;[0;39m &amp#27;[2m[           main]&amp#27;[0;39m &amp#27;[2m&amp#27;[0;39m&amp#27;[36morg.hibernate.SQL                       &amp#27;[0;39m &amp#27;[2m:&amp#27;[0;39m 
    /* insert for
        com.cufre.expedientes.model.Delito */insert 
    into
        delito (actualizado_en, codigo_penal, creado_en, descripcion, nombre, pena_maxima, pena_minima, tipo_pena, valoracion, id) 
    values
        (?, ?, ?, ?, ?, ?, ?, ?, ?, ?)
Hibernate: 
    /* insert for
        com.cufre.expedientes.model.Delito */insert 
    into
        delito (actualizado_en, codigo_penal, creado_en, descripcion, nombre, pena_maxima, pena_minima, tipo_pena, valoracion, id) 
    values
        (?, ?, ?, ?, ?, ?, ?, ?, ?, ?)
&amp#27;[2m2025-05-11T11:17:47.829-03:00&amp#27;[0;39m &amp#27;[32m INFO&amp#27;[0;39m &amp#27;[35m16907&amp#27;[0;39m &amp#27;[2m---&amp#27;[0;39m &amp#27;[2m[           main]&amp#27;[0;39m &amp#27;[2m&amp#27;[0;39m&amp#27;[36mi.StatisticalLoggingSessionEventListener&amp#27;[0;39m &amp#27;[2m:&amp#27;[0;39m Session Metrics {
    2334 nanoseconds spent acquiring 1 JDBC connections;
    0 nanoseconds spent releasing 0 JDBC connections;
    14209 nanoseconds spent preparing 2 JDBC statements;
    844417 nanoseconds spent executing 1 JDBC statements;
    754042 nanoseconds spent executing 1 JDBC batches;
    0 nanoseconds spent performing 0 L2C puts;
    0 nanoseconds spent performing 0 L2C hits;
    0 nanoseconds spent performing 0 L2C misses;
    1057542 nanoseconds spent executing 1 flushes (flushing a total of 1 entities and 1 collections);
    0 nanoseconds spent executing 0 partial-flushes (flushing a total of 0 entities and 0 collections)
}
&amp#27;[2m2025-05-11T11:17:47.829-03:00&amp#27;[0;39m &amp#27;[32mDEBUG&amp#27;[0;39m &amp#27;[35m16907&amp#27;[0;39m &amp#27;[2m---&amp#27;[0;39m &amp#27;[2m[           main]&amp#27;[0;39m &amp#27;[2m&amp#27;[0;39m&amp#27;[36morg.hibernate.SQL                       &amp#27;[0;39m &amp#27;[2m:&amp#27;[0;39m 
    /* <criteria> */ select
        d1_0.id,
        d1_0.actualizado_en,
        d1_0.codigo_penal,
        d1_0.creado_en,
        d1_0.descripcion,
        d1_0.nombre,
        d1_0.pena_maxima,
        d1_0.pena_minima,
        d1_0.tipo_pena,
        d1_0.valoracion 
    from
        delito d1_0 
    where
        upper(d1_0.nombre) like upper(?) escape '\'
Hibernate: 
    /* <criteria> */ select
        d1_0.id,
        d1_0.actualizado_en,
        d1_0.codigo_penal,
        d1_0.creado_en,
        d1_0.descripcion,
        d1_0.nombre,
        d1_0.pena_maxima,
        d1_0.pena_minima,
        d1_0.tipo_pena,
        d1_0.valoracion 
    from
        delito d1_0 
    where
        upper(d1_0.nombre) like upper(?) escape '\'
&amp#27;[2m2025-05-11T11:17:47.832-03:00&amp#27;[0;39m &amp#27;[32m INFO&amp#27;[0;39m &amp#27;[35m16907&amp#27;[0;39m &amp#27;[2m---&amp#27;[0;39m &amp#27;[2m[           main]&amp#27;[0;39m &amp#27;[2m&amp#27;[0;39m&amp#27;[36mi.StatisticalLoggingSessionEventListener&amp#27;[0;39m &amp#27;[2m:&amp#27;[0;39m Session Metrics {
    2916 nanoseconds spent acquiring 1 JDBC connections;
    0 nanoseconds spent releasing 0 JDBC connections;
    10083 nanoseconds spent preparing 1 JDBC statements;
    2289333 nanoseconds spent executing 1 JDBC statements;
    0 nanoseconds spent executing 0 JDBC batches;
    0 nanoseconds spent performing 0 L2C puts;
    0 nanoseconds spent performing 0 L2C hits;
    0 nanoseconds spent performing 0 L2C misses;
    0 nanoseconds spent executing 0 flushes (flushing a total of 0 entities and 0 collections);
    0 nanoseconds spent executing 0 partial-flushes (flushing a total of 0 entities and 0 collections)
}
&amp#27;[2m2025-05-11T11:17:47.832-03:00&amp#27;[0;39m &amp#27;[32mDEBUG&amp#27;[0;39m &amp#27;[35m16907&amp#27;[0;39m &amp#27;[2m---&amp#27;[0;39m &amp#27;[2m[           main]&amp#27;[0;39m &amp#27;[2m&amp#27;[0;39m&amp#27;[36morg.hibernate.SQL                       &amp#27;[0;39m &amp#27;[2m:&amp#27;[0;39m 
    select
        seq_delito.nextval 
    from
        dual
Hibernate: 
    select
        seq_delito.nextval 
    from
        dual
&amp#27;[2m2025-05-11T11:17:47.833-03:00&amp#27;[0;39m &amp#27;[32mDEBUG&amp#27;[0;39m &amp#27;[35m16907&amp#27;[0;39m &amp#27;[2m---&amp#27;[0;39m &amp#27;[2m[           main]&amp#27;[0;39m &amp#27;[2m&amp#27;[0;39m&amp#27;[36morg.hibernate.SQL                       &amp#27;[0;39m &amp#27;[2m:&amp#27;[0;39m 
    /* insert for
        com.cufre.expedientes.model.Delito */insert 
    into
        delito (actualizado_en, codigo_penal, creado_en, descripcion, nombre, pena_maxima, pena_minima, tipo_pena, valoracion, id) 
    values
        (?, ?, ?, ?, ?, ?, ?, ?, ?, ?)
Hibernate: 
    /* insert for
        com.cufre.expedientes.model.Delito */insert 
    into
        delito (actualizado_en, codigo_penal, creado_en, descripcion, nombre, pena_maxima, pena_minima, tipo_pena, valoracion, id) 
    values
        (?, ?, ?, ?, ?, ?, ?, ?, ?, ?)
&amp#27;[2m2025-05-11T11:17:47.834-03:00&amp#27;[0;39m &amp#27;[32m INFO&amp#27;[0;39m &amp#27;[35m16907&amp#27;[0;39m &amp#27;[2m---&amp#27;[0;39m &amp#27;[2m[           main]&amp#27;[0;39m &amp#27;[2m&amp#27;[0;39m&amp#27;[36mi.StatisticalLoggingSessionEventListener&amp#27;[0;39m &amp#27;[2m:&amp#27;[0;39m Session Metrics {
    1708 nanoseconds spent acquiring 1 JDBC connections;
    0 nanoseconds spent releasing 0 JDBC connections;
    9291 nanoseconds spent preparing 2 JDBC statements;
    403417 nanoseconds spent executing 1 JDBC statements;
    394125 nanoseconds spent executing 1 JDBC batches;
    0 nanoseconds spent performing 0 L2C puts;
    0 nanoseconds spent performing 0 L2C hits;
    0 nanoseconds spent performing 0 L2C misses;
    682417 nanoseconds spent executing 1 flushes (flushing a total of 1 entities and 1 collections);
    0 nanoseconds spent executing 0 partial-flushes (flushing a total of 0 entities and 0 collections)
}
&amp#27;[2m2025-05-11T11:17:47.834-03:00&amp#27;[0;39m &amp#27;[32mDEBUG&amp#27;[0;39m &amp#27;[35m16907&amp#27;[0;39m &amp#27;[2m---&amp#27;[0;39m &amp#27;[2m[           main]&amp#27;[0;39m &amp#27;[2m&amp#27;[0;39m&amp#27;[36morg.hibernate.SQL                       &amp#27;[0;39m &amp#27;[2m:&amp#27;[0;39m 
    /* <criteria> */ select
        d1_0.id,
        d1_0.actualizado_en,
        d1_0.codigo_penal,
        d1_0.creado_en,
        d1_0.descripcion,
        d1_0.nombre,
        d1_0.pena_maxima,
        d1_0.pena_minima,
        d1_0.tipo_pena,
        d1_0.valoracion 
    from
        delito d1_0 
    where
        upper(d1_0.nombre) like upper(?) escape '\'
Hibernate: 
    /* <criteria> */ select
        d1_0.id,
        d1_0.actualizado_en,
        d1_0.codigo_penal,
        d1_0.creado_en,
        d1_0.descripcion,
        d1_0.nombre,
        d1_0.pena_maxima,
        d1_0.pena_minima,
        d1_0.tipo_pena,
        d1_0.valoracion 
    from
        delito d1_0 
    where
        upper(d1_0.nombre) like upper(?) escape '\'
&amp#27;[2m2025-05-11T11:17:47.836-03:00&amp#27;[0;39m &amp#27;[32m INFO&amp#27;[0;39m &amp#27;[35m16907&amp#27;[0;39m &amp#27;[2m---&amp#27;[0;39m &amp#27;[2m[           main]&amp#27;[0;39m &amp#27;[2m&amp#27;[0;39m&amp#27;[36mi.StatisticalLoggingSessionEventListener&amp#27;[0;39m &amp#27;[2m:&amp#27;[0;39m Session Metrics {
    2708 nanoseconds spent acquiring 1 JDBC connections;
    0 nanoseconds spent releasing 0 JDBC connections;
    10959 nanoseconds spent preparing 1 JDBC statements;
    1304959 nanoseconds spent executing 1 JDBC statements;
    0 nanoseconds spent executing 0 JDBC batches;
    0 nanoseconds spent performing 0 L2C puts;
    0 nanoseconds spent performing 0 L2C hits;
    0 nanoseconds spent performing 0 L2C misses;
    0 nanoseconds spent executing 0 flushes (flushing a total of 0 entities and 0 collections);
    0 nanoseconds spent executing 0 partial-flushes (flushing a total of 0 entities and 0 collections)
}
&amp#27;[2m2025-05-11T11:17:47.836-03:00&amp#27;[0;39m &amp#27;[32mDEBUG&amp#27;[0;39m &amp#27;[35m16907&amp#27;[0;39m &amp#27;[2m---&amp#27;[0;39m &amp#27;[2m[           main]&amp#27;[0;39m &amp#27;[2m&amp#27;[0;39m&amp#27;[36morg.hibernate.SQL                       &amp#27;[0;39m &amp#27;[2m:&amp#27;[0;39m 
    select
        seq_delito.nextval 
    from
        dual
Hibernate: 
    select
        seq_delito.nextval 
    from
        dual
&amp#27;[2m2025-05-11T11:17:47.837-03:00&amp#27;[0;39m &amp#27;[32mDEBUG&amp#27;[0;39m &amp#27;[35m16907&amp#27;[0;39m &amp#27;[2m---&amp#27;[0;39m &amp#27;[2m[           main]&amp#27;[0;39m &amp#27;[2m&amp#27;[0;39m&amp#27;[36morg.hibernate.SQL                       &amp#27;[0;39m &amp#27;[2m:&amp#27;[0;39m 
    /* insert for
        com.cufre.expedientes.model.Delito */insert 
    into
        delito (actualizado_en, codigo_penal, creado_en, descripcion, nombre, pena_maxima, pena_minima, tipo_pena, valoracion, id) 
    values
        (?, ?, ?, ?, ?, ?, ?, ?, ?, ?)
Hibernate: 
    /* insert for
        com.cufre.expedientes.model.Delito */insert 
    into
        delito (actualizado_en, codigo_penal, creado_en, descripcion, nombre, pena_maxima, pena_minima, tipo_pena, valoracion, id) 
    values
        (?, ?, ?, ?, ?, ?, ?, ?, ?, ?)
&amp#27;[2m2025-05-11T11:17:47.838-03:00&amp#27;[0;39m &amp#27;[32m INFO&amp#27;[0;39m &amp#27;[35m16907&amp#27;[0;39m &amp#27;[2m---&amp#27;[0;39m &amp#27;[2m[           main]&amp#27;[0;39m &amp#27;[2m&amp#27;[0;39m&amp#27;[36mi.StatisticalLoggingSessionEventListener&amp#27;[0;39m &amp#27;[2m:&amp#27;[0;39m Session Metrics {
    1708 nanoseconds spent acquiring 1 JDBC connections;
    0 nanoseconds spent releasing 0 JDBC connections;
    13375 nanoseconds spent preparing 2 JDBC statements;
    336917 nanoseconds spent executing 1 JDBC statements;
    512958 nanoseconds spent executing 1 JDBC batches;
    0 nanoseconds spent performing 0 L2C puts;
    0 nanoseconds spent performing 0 L2C hits;
    0 nanoseconds spent performing 0 L2C misses;
    848958 nanoseconds spent executing 1 flushes (flushing a total of 1 entities and 1 collections);
    0 nanoseconds spent executing 0 partial-flushes (flushing a total of 0 entities and 0 collections)
}
&amp#27;[2m2025-05-11T11:17:47.839-03:00&amp#27;[0;39m &amp#27;[32mDEBUG&amp#27;[0;39m &amp#27;[35m16907&amp#27;[0;39m &amp#27;[2m---&amp#27;[0;39m &amp#27;[2m[           main]&amp#27;[0;39m &amp#27;[2m&amp#27;[0;39m&amp#27;[36morg.hibernate.SQL                       &amp#27;[0;39m &amp#27;[2m:&amp#27;[0;39m 
    /* <criteria> */ select
        d1_0.id,
        d1_0.actualizado_en,
        d1_0.codigo_penal,
        d1_0.creado_en,
        d1_0.descripcion,
        d1_0.nombre,
        d1_0.pena_maxima,
        d1_0.pena_minima,
        d1_0.tipo_pena,
        d1_0.valoracion 
    from
        delito d1_0 
    where
        upper(d1_0.nombre) like upper(?) escape '\'
Hibernate: 
    /* <criteria> */ select
        d1_0.id,
        d1_0.actualizado_en,
        d1_0.codigo_penal,
        d1_0.creado_en,
        d1_0.descripcion,
        d1_0.nombre,
        d1_0.pena_maxima,
        d1_0.pena_minima,
        d1_0.tipo_pena,
        d1_0.valoracion 
    from
        delito d1_0 
    where
        upper(d1_0.nombre) like upper(?) escape '\'
&amp#27;[2m2025-05-11T11:17:47.840-03:00&amp#27;[0;39m &amp#27;[32m INFO&amp#27;[0;39m &amp#27;[35m16907&amp#27;[0;39m &amp#27;[2m---&amp#27;[0;39m &amp#27;[2m[           main]&amp#27;[0;39m &amp#27;[2m&amp#27;[0;39m&amp#27;[36mi.StatisticalLoggingSessionEventListener&amp#27;[0;39m &amp#27;[2m:&amp#27;[0;39m Session Metrics {
    3042 nanoseconds spent acquiring 1 JDBC connections;
    0 nanoseconds spent releasing 0 JDBC connections;
    11167 nanoseconds spent preparing 1 JDBC statements;
    1198167 nanoseconds spent executing 1 JDBC statements;
    0 nanoseconds spent executing 0 JDBC batches;
    0 nanoseconds spent performing 0 L2C puts;
    0 nanoseconds spent performing 0 L2C hits;
    0 nanoseconds spent performing 0 L2C misses;
    0 nanoseconds spent executing 0 flushes (flushing a total of 0 entities and 0 collections);
    0 nanoseconds spent executing 0 partial-flushes (flushing a total of 0 entities and 0 collections)
}
&amp#27;[2m2025-05-11T11:17:47.840-03:00&amp#27;[0;39m &amp#27;[32mDEBUG&amp#27;[0;39m &amp#27;[35m16907&amp#27;[0;39m &amp#27;[2m---&amp#27;[0;39m &amp#27;[2m[           main]&amp#27;[0;39m &amp#27;[2m&amp#27;[0;39m&amp#27;[36morg.hibernate.SQL                       &amp#27;[0;39m &amp#27;[2m:&amp#27;[0;39m 
    select
        seq_delito.nextval 
    from
        dual
Hibernate: 
    select
        seq_delito.nextval 
    from
        dual
&amp#27;[2m2025-05-11T11:17:47.841-03:00&amp#27;[0;39m &amp#27;[32mDEBUG&amp#27;[0;39m &amp#27;[35m16907&amp#27;[0;39m &amp#27;[2m---&amp#27;[0;39m &amp#27;[2m[           main]&amp#27;[0;39m &amp#27;[2m&amp#27;[0;39m&amp#27;[36morg.hibernate.SQL                       &amp#27;[0;39m &amp#27;[2m:&amp#27;[0;39m 
    /* insert for
        com.cufre.expedientes.model.Delito */insert 
    into
        delito (actualizado_en, codigo_penal, creado_en, descripcion, nombre, pena_maxima, pena_minima, tipo_pena, valoracion, id) 
    values
        (?, ?, ?, ?, ?, ?, ?, ?, ?, ?)
Hibernate: 
    /* insert for
        com.cufre.expedientes.model.Delito */insert 
    into
        delito (actualizado_en, codigo_penal, creado_en, descripcion, nombre, pena_maxima, pena_minima, tipo_pena, valoracion, id) 
    values
        (?, ?, ?, ?, ?, ?, ?, ?, ?, ?)
&amp#27;[2m2025-05-11T11:17:47.842-03:00&amp#27;[0;39m &amp#27;[32m INFO&amp#27;[0;39m &amp#27;[35m16907&amp#27;[0;39m &amp#27;[2m---&amp#27;[0;39m &amp#27;[2m[           main]&amp#27;[0;39m &amp#27;[2m&amp#27;[0;39m&amp#27;[36mi.StatisticalLoggingSessionEventListener&amp#27;[0;39m &amp#27;[2m:&amp#27;[0;39m Session Metrics {
    1834 nanoseconds spent acquiring 1 JDBC connections;
    0 nanoseconds spent releasing 0 JDBC connections;
    9083 nanoseconds spent preparing 2 JDBC statements;
    273750 nanoseconds spent executing 1 JDBC statements;
    393625 nanoseconds spent executing 1 JDBC batches;
    0 nanoseconds spent performing 0 L2C puts;
    0 nanoseconds spent performing 0 L2C hits;
    0 nanoseconds spent performing 0 L2C misses;
    681625 nanoseconds spent executing 1 flushes (flushing a total of 1 entities and 1 collections);
    0 nanoseconds spent executing 0 partial-flushes (flushing a total of 0 entities and 0 collections)
}
&amp#27;[2m2025-05-11T11:17:47.843-03:00&amp#27;[0;39m &amp#27;[32mDEBUG&amp#27;[0;39m &amp#27;[35m16907&amp#27;[0;39m &amp#27;[2m---&amp#27;[0;39m &amp#27;[2m[           main]&amp#27;[0;39m &amp#27;[2m&amp#27;[0;39m&amp#27;[36morg.hibernate.SQL                       &amp#27;[0;39m &amp#27;[2m:&amp#27;[0;39m 
    /* <criteria> */ select
        d1_0.id,
        d1_0.actualizado_en,
        d1_0.codigo_penal,
        d1_0.creado_en,
        d1_0.descripcion,
        d1_0.nombre,
        d1_0.pena_maxima,
        d1_0.pena_minima,
        d1_0.tipo_pena,
        d1_0.valoracion 
    from
        delito d1_0 
    where
        upper(d1_0.nombre) like upper(?) escape '\'
Hibernate: 
    /* <criteria> */ select
        d1_0.id,
        d1_0.actualizado_en,
        d1_0.codigo_penal,
        d1_0.creado_en,
        d1_0.descripcion,
        d1_0.nombre,
        d1_0.pena_maxima,
        d1_0.pena_minima,
        d1_0.tipo_pena,
        d1_0.valoracion 
    from
        delito d1_0 
    where
        upper(d1_0.nombre) like upper(?) escape '\'
&amp#27;[2m2025-05-11T11:17:47.844-03:00&amp#27;[0;39m &amp#27;[32m INFO&amp#27;[0;39m &amp#27;[35m16907&amp#27;[0;39m &amp#27;[2m---&amp#27;[0;39m &amp#27;[2m[           main]&amp#27;[0;39m &amp#27;[2m&amp#27;[0;39m&amp#27;[36mi.StatisticalLoggingSessionEventListener&amp#27;[0;39m &amp#27;[2m:&amp#27;[0;39m Session Metrics {
    3125 nanoseconds spent acquiring 1 JDBC connections;
    0 nanoseconds spent releasing 0 JDBC connections;
    13208 nanoseconds spent preparing 1 JDBC statements;
    1211833 nanoseconds spent executing 1 JDBC statements;
    0 nanoseconds spent executing 0 JDBC batches;
    0 nanoseconds spent performing 0 L2C puts;
    0 nanoseconds spent performing 0 L2C hits;
    0 nanoseconds spent performing 0 L2C misses;
    0 nanoseconds spent executing 0 flushes (flushing a total of 0 entities and 0 collections);
    0 nanoseconds spent executing 0 partial-flushes (flushing a total of 0 entities and 0 collections)
}
&amp#27;[2m2025-05-11T11:17:47.844-03:00&amp#27;[0;39m &amp#27;[32mDEBUG&amp#27;[0;39m &amp#27;[35m16907&amp#27;[0;39m &amp#27;[2m---&amp#27;[0;39m &amp#27;[2m[           main]&amp#27;[0;39m &amp#27;[2m&amp#27;[0;39m&amp#27;[36morg.hibernate.SQL                       &amp#27;[0;39m &amp#27;[2m:&amp#27;[0;39m 
    select
        seq_delito.nextval 
    from
        dual
Hibernate: 
    select
        seq_delito.nextval 
    from
        dual
&amp#27;[2m2025-05-11T11:17:47.845-03:00&amp#27;[0;39m &amp#27;[32mDEBUG&amp#27;[0;39m &amp#27;[35m16907&amp#27;[0;39m &amp#27;[2m---&amp#27;[0;39m &amp#27;[2m[           main]&amp#27;[0;39m &amp#27;[2m&amp#27;[0;39m&amp#27;[36morg.hibernate.SQL                       &amp#27;[0;39m &amp#27;[2m:&amp#27;[0;39m 
    /* insert for
        com.cufre.expedientes.model.Delito */insert 
    into
        delito (actualizado_en, codigo_penal, creado_en, descripcion, nombre, pena_maxima, pena_minima, tipo_pena, valoracion, id) 
    values
        (?, ?, ?, ?, ?, ?, ?, ?, ?, ?)
Hibernate: 
    /* insert for
        com.cufre.expedientes.model.Delito */insert 
    into
        delito (actualizado_en, codigo_penal, creado_en, descripcion, nombre, pena_maxima, pena_minima, tipo_pena, valoracion, id) 
    values
        (?, ?, ?, ?, ?, ?, ?, ?, ?, ?)
&amp#27;[2m2025-05-11T11:17:47.847-03:00&amp#27;[0;39m &amp#27;[32m INFO&amp#27;[0;39m &amp#27;[35m16907&amp#27;[0;39m &amp#27;[2m---&amp#27;[0;39m &amp#27;[2m[           main]&amp#27;[0;39m &amp#27;[2m&amp#27;[0;39m&amp#27;[36mi.StatisticalLoggingSessionEventListener&amp#27;[0;39m &amp#27;[2m:&amp#27;[0;39m Session Metrics {
    1791 nanoseconds spent acquiring 1 JDBC connections;
    0 nanoseconds spent releasing 0 JDBC connections;
    9167 nanoseconds spent preparing 2 JDBC statements;
    396875 nanoseconds spent executing 1 JDBC statements;
    518500 nanoseconds spent executing 1 JDBC batches;
    0 nanoseconds spent performing 0 L2C puts;
    0 nanoseconds spent performing 0 L2C hits;
    0 nanoseconds spent performing 0 L2C misses;
    881792 nanoseconds spent executing 1 flushes (flushing a total of 1 entities and 1 collections);
    0 nanoseconds spent executing 0 partial-flushes (flushing a total of 0 entities and 0 collections)
}
&amp#27;[2m2025-05-11T11:17:47.847-03:00&amp#27;[0;39m &amp#27;[32mDEBUG&amp#27;[0;39m &amp#27;[35m16907&amp#27;[0;39m &amp#27;[2m---&amp#27;[0;39m &amp#27;[2m[           main]&amp#27;[0;39m &amp#27;[2m&amp#27;[0;39m&amp#27;[36morg.hibernate.SQL                       &amp#27;[0;39m &amp#27;[2m:&amp#27;[0;39m 
    /* <criteria> */ select
        d1_0.id,
        d1_0.actualizado_en,
        d1_0.codigo_penal,
        d1_0.creado_en,
        d1_0.descripcion,
        d1_0.nombre,
        d1_0.pena_maxima,
        d1_0.pena_minima,
        d1_0.tipo_pena,
        d1_0.valoracion 
    from
        delito d1_0 
    where
        upper(d1_0.nombre) like upper(?) escape '\'
Hibernate: 
    /* <criteria> */ select
        d1_0.id,
        d1_0.actualizado_en,
        d1_0.codigo_penal,
        d1_0.creado_en,
        d1_0.descripcion,
        d1_0.nombre,
        d1_0.pena_maxima,
        d1_0.pena_minima,
        d1_0.tipo_pena,
        d1_0.valoracion 
    from
        delito d1_0 
    where
        upper(d1_0.nombre) like upper(?) escape '\'
&amp#27;[2m2025-05-11T11:17:47.849-03:00&amp#27;[0;39m &amp#27;[32m INFO&amp#27;[0;39m &amp#27;[35m16907&amp#27;[0;39m &amp#27;[2m---&amp#27;[0;39m &amp#27;[2m[           main]&amp#27;[0;39m &amp#27;[2m&amp#27;[0;39m&amp#27;[36mi.StatisticalLoggingSessionEventListener&amp#27;[0;39m &amp#27;[2m:&amp#27;[0;39m Session Metrics {
    3917 nanoseconds spent acquiring 1 JDBC connections;
    0 nanoseconds spent releasing 0 JDBC connections;
    12875 nanoseconds spent preparing 1 JDBC statements;
    2066042 nanoseconds spent executing 1 JDBC statements;
    0 nanoseconds spent executing 0 JDBC batches;
    0 nanoseconds spent performing 0 L2C puts;
    0 nanoseconds spent performing 0 L2C hits;
    0 nanoseconds spent performing 0 L2C misses;
    0 nanoseconds spent executing 0 flushes (flushing a total of 0 entities and 0 collections);
    0 nanoseconds spent executing 0 partial-flushes (flushing a total of 0 entities and 0 collections)
}
&amp#27;[2m2025-05-11T11:17:47.850-03:00&amp#27;[0;39m &amp#27;[32mDEBUG&amp#27;[0;39m &amp#27;[35m16907&amp#27;[0;39m &amp#27;[2m---&amp#27;[0;39m &amp#27;[2m[           main]&amp#27;[0;39m &amp#27;[2m&amp#27;[0;39m&amp#27;[36morg.hibernate.SQL                       &amp#27;[0;39m &amp#27;[2m:&amp#27;[0;39m 
    select
        seq_delito.nextval 
    from
        dual
Hibernate: 
    select
        seq_delito.nextval 
    from
        dual
&amp#27;[2m2025-05-11T11:17:47.851-03:00&amp#27;[0;39m &amp#27;[32mDEBUG&amp#27;[0;39m &amp#27;[35m16907&amp#27;[0;39m &amp#27;[2m---&amp#27;[0;39m &amp#27;[2m[           main]&amp#27;[0;39m &amp#27;[2m&amp#27;[0;39m&amp#27;[36morg.hibernate.SQL                       &amp#27;[0;39m &amp#27;[2m:&amp#27;[0;39m 
    /* insert for
        com.cufre.expedientes.model.Delito */insert 
    into
        delito (actualizado_en, codigo_penal, creado_en, descripcion, nombre, pena_maxima, pena_minima, tipo_pena, valoracion, id) 
    values
        (?, ?, ?, ?, ?, ?, ?, ?, ?, ?)
Hibernate: 
    /* insert for
        com.cufre.expedientes.model.Delito */insert 
    into
        delito (actualizado_en, codigo_penal, creado_en, descripcion, nombre, pena_maxima, pena_minima, tipo_pena, valoracion, id) 
    values
        (?, ?, ?, ?, ?, ?, ?, ?, ?, ?)
&amp#27;[2m2025-05-11T11:17:47.852-03:00&amp#27;[0;39m &amp#27;[32m INFO&amp#27;[0;39m &amp#27;[35m16907&amp#27;[0;39m &amp#27;[2m---&amp#27;[0;39m &amp#27;[2m[           main]&amp#27;[0;39m &amp#27;[2m&amp#27;[0;39m&amp#27;[36mi.StatisticalLoggingSessionEventListener&amp#27;[0;39m &amp#27;[2m:&amp#27;[0;39m Session Metrics {
    3333 nanoseconds spent acquiring 1 JDBC connections;
    0 nanoseconds spent releasing 0 JDBC connections;
    14708 nanoseconds spent preparing 2 JDBC statements;
    438875 nanoseconds spent executing 1 JDBC statements;
    447750 nanoseconds spent executing 1 JDBC batches;
    0 nanoseconds spent performing 0 L2C puts;
    0 nanoseconds spent performing 0 L2C hits;
    0 nanoseconds spent performing 0 L2C misses;
    809625 nanoseconds spent executing 1 flushes (flushing a total of 1 entities and 1 collections);
    0 nanoseconds spent executing 0 partial-flushes (flushing a total of 0 entities and 0 collections)
}
&amp#27;[2m2025-05-11T11:17:47.852-03:00&amp#27;[0;39m &amp#27;[32mDEBUG&amp#27;[0;39m &amp#27;[35m16907&amp#27;[0;39m &amp#27;[2m---&amp#27;[0;39m &amp#27;[2m[           main]&amp#27;[0;39m &amp#27;[2m&amp#27;[0;39m&amp#27;[36morg.hibernate.SQL                       &amp#27;[0;39m &amp#27;[2m:&amp#27;[0;39m 
    /* <criteria> */ select
        d1_0.id,
        d1_0.actualizado_en,
        d1_0.codigo_penal,
        d1_0.creado_en,
        d1_0.descripcion,
        d1_0.nombre,
        d1_0.pena_maxima,
        d1_0.pena_minima,
        d1_0.tipo_pena,
        d1_0.valoracion 
    from
        delito d1_0 
    where
        upper(d1_0.nombre) like upper(?) escape '\'
Hibernate: 
    /* <criteria> */ select
        d1_0.id,
        d1_0.actualizado_en,
        d1_0.codigo_penal,
        d1_0.creado_en,
        d1_0.descripcion,
        d1_0.nombre,
        d1_0.pena_maxima,
        d1_0.pena_minima,
        d1_0.tipo_pena,
        d1_0.valoracion 
    from
        delito d1_0 
    where
        upper(d1_0.nombre) like upper(?) escape '\'
&amp#27;[2m2025-05-11T11:17:47.854-03:00&amp#27;[0;39m &amp#27;[32m INFO&amp#27;[0;39m &amp#27;[35m16907&amp#27;[0;39m &amp#27;[2m---&amp#27;[0;39m &amp#27;[2m[           main]&amp#27;[0;39m &amp#27;[2m&amp#27;[0;39m&amp#27;[36mi.StatisticalLoggingSessionEventListener&amp#27;[0;39m &amp#27;[2m:&amp#27;[0;39m Session Metrics {
    2709 nanoseconds spent acquiring 1 JDBC connections;
    0 nanoseconds spent releasing 0 JDBC connections;
    10959 nanoseconds spent preparing 1 JDBC statements;
    1156417 nanoseconds spent executing 1 JDBC statements;
    0 nanoseconds spent executing 0 JDBC batches;
    0 nanoseconds spent performing 0 L2C puts;
    0 nanoseconds spent performing 0 L2C hits;
    0 nanoseconds spent performing 0 L2C misses;
    0 nanoseconds spent executing 0 flushes (flushing a total of 0 entities and 0 collections);
    0 nanoseconds spent executing 0 partial-flushes (flushing a total of 0 entities and 0 collections)
}
&amp#27;[2m2025-05-11T11:17:47.854-03:00&amp#27;[0;39m &amp#27;[32mDEBUG&amp#27;[0;39m &amp#27;[35m16907&amp#27;[0;39m &amp#27;[2m---&amp#27;[0;39m &amp#27;[2m[           main]&amp#27;[0;39m &amp#27;[2m&amp#27;[0;39m&amp#27;[36morg.hibernate.SQL                       &amp#27;[0;39m &amp#27;[2m:&amp#27;[0;39m 
    select
        seq_delito.nextval 
    from
        dual
Hibernate: 
    select
        seq_delito.nextval 
    from
        dual
&amp#27;[2m2025-05-11T11:17:47.855-03:00&amp#27;[0;39m &amp#27;[32mDEBUG&amp#27;[0;39m &amp#27;[35m16907&amp#27;[0;39m &amp#27;[2m---&amp#27;[0;39m &amp#27;[2m[           main]&amp#27;[0;39m &amp#27;[2m&amp#27;[0;39m&amp#27;[36morg.hibernate.SQL                       &amp#27;[0;39m &amp#27;[2m:&amp#27;[0;39m 
    /* insert for
        com.cufre.expedientes.model.Delito */insert 
    into
        delito (actualizado_en, codigo_penal, creado_en, descripcion, nombre, pena_maxima, pena_minima, tipo_pena, valoracion, id) 
    values
        (?, ?, ?, ?, ?, ?, ?, ?, ?, ?)
Hibernate: 
    /* insert for
        com.cufre.expedientes.model.Delito */insert 
    into
        delito (actualizado_en, codigo_penal, creado_en, descripcion, nombre, pena_maxima, pena_minima, tipo_pena, valoracion, id) 
    values
        (?, ?, ?, ?, ?, ?, ?, ?, ?, ?)
&amp#27;[2m2025-05-11T11:17:47.856-03:00&amp#27;[0;39m &amp#27;[32m INFO&amp#27;[0;39m &amp#27;[35m16907&amp#27;[0;39m &amp#27;[2m---&amp#27;[0;39m &amp#27;[2m[           main]&amp#27;[0;39m &amp#27;[2m&amp#27;[0;39m&amp#27;[36mi.StatisticalLoggingSessionEventListener&amp#27;[0;39m &amp#27;[2m:&amp#27;[0;39m Session Metrics {
    1834 nanoseconds spent acquiring 1 JDBC connections;
    0 nanoseconds spent releasing 0 JDBC connections;
    8667 nanoseconds spent preparing 2 JDBC statements;
    252542 nanoseconds spent executing 1 JDBC statements;
    372166 nanoseconds spent executing 1 JDBC batches;
    0 nanoseconds spent performing 0 L2C puts;
    0 nanoseconds spent performing 0 L2C hits;
    0 nanoseconds spent performing 0 L2C misses;
    755042 nanoseconds spent executing 1 flushes (flushing a total of 1 entities and 1 collections);
    0 nanoseconds spent executing 0 partial-flushes (flushing a total of 0 entities and 0 collections)
}
&amp#27;[2m2025-05-11T11:17:47.856-03:00&amp#27;[0;39m &amp#27;[32mDEBUG&amp#27;[0;39m &amp#27;[35m16907&amp#27;[0;39m &amp#27;[2m---&amp#27;[0;39m &amp#27;[2m[           main]&amp#27;[0;39m &amp#27;[2m&amp#27;[0;39m&amp#27;[36morg.hibernate.SQL                       &amp#27;[0;39m &amp#27;[2m:&amp#27;[0;39m 
    /* <criteria> */ select
        d1_0.id,
        d1_0.actualizado_en,
        d1_0.codigo_penal,
        d1_0.creado_en,
        d1_0.descripcion,
        d1_0.nombre,
        d1_0.pena_maxima,
        d1_0.pena_minima,
        d1_0.tipo_pena,
        d1_0.valoracion 
    from
        delito d1_0 
    where
        upper(d1_0.nombre) like upper(?) escape '\'
Hibernate: 
    /* <criteria> */ select
        d1_0.id,
        d1_0.actualizado_en,
        d1_0.codigo_penal,
        d1_0.creado_en,
        d1_0.descripcion,
        d1_0.nombre,
        d1_0.pena_maxima,
        d1_0.pena_minima,
        d1_0.tipo_pena,
        d1_0.valoracion 
    from
        delito d1_0 
    where
        upper(d1_0.nombre) like upper(?) escape '\'
&amp#27;[2m2025-05-11T11:17:47.857-03:00&amp#27;[0;39m &amp#27;[32m INFO&amp#27;[0;39m &amp#27;[35m16907&amp#27;[0;39m &amp#27;[2m---&amp#27;[0;39m &amp#27;[2m[           main]&amp#27;[0;39m &amp#27;[2m&amp#27;[0;39m&amp#27;[36mi.StatisticalLoggingSessionEventListener&amp#27;[0;39m &amp#27;[2m:&amp#27;[0;39m Session Metrics {
    2583 nanoseconds spent acquiring 1 JDBC connections;
    0 nanoseconds spent releasing 0 JDBC connections;
    9917 nanoseconds spent preparing 1 JDBC statements;
    1166542 nanoseconds spent executing 1 JDBC statements;
    0 nanoseconds spent executing 0 JDBC batches;
    0 nanoseconds spent performing 0 L2C puts;
    0 nanoseconds spent performing 0 L2C hits;
    0 nanoseconds spent performing 0 L2C misses;
    0 nanoseconds spent executing 0 flushes (flushing a total of 0 entities and 0 collections);
    0 nanoseconds spent executing 0 partial-flushes (flushing a total of 0 entities and 0 collections)
}
&amp#27;[2m2025-05-11T11:17:47.858-03:00&amp#27;[0;39m &amp#27;[32mDEBUG&amp#27;[0;39m &amp#27;[35m16907&amp#27;[0;39m &amp#27;[2m---&amp#27;[0;39m &amp#27;[2m[           main]&amp#27;[0;39m &amp#27;[2m&amp#27;[0;39m&amp#27;[36morg.hibernate.SQL                       &amp#27;[0;39m &amp#27;[2m:&amp#27;[0;39m 
    select
        seq_delito.nextval 
    from
        dual
Hibernate: 
    select
        seq_delito.nextval 
    from
        dual
&amp#27;[2m2025-05-11T11:17:47.858-03:00&amp#27;[0;39m &amp#27;[32mDEBUG&amp#27;[0;39m &amp#27;[35m16907&amp#27;[0;39m &amp#27;[2m---&amp#27;[0;39m &amp#27;[2m[           main]&amp#27;[0;39m &amp#27;[2m&amp#27;[0;39m&amp#27;[36morg.hibernate.SQL                       &amp#27;[0;39m &amp#27;[2m:&amp#27;[0;39m 
    /* insert for
        com.cufre.expedientes.model.Delito */insert 
    into
        delito (actualizado_en, codigo_penal, creado_en, descripcion, nombre, pena_maxima, pena_minima, tipo_pena, valoracion, id) 
    values
        (?, ?, ?, ?, ?, ?, ?, ?, ?, ?)
Hibernate: 
    /* insert for
        com.cufre.expedientes.model.Delito */insert 
    into
        delito (actualizado_en, codigo_penal, creado_en, descripcion, nombre, pena_maxima, pena_minima, tipo_pena, valoracion, id) 
    values
        (?, ?, ?, ?, ?, ?, ?, ?, ?, ?)
&amp#27;[2m2025-05-11T11:17:47.859-03:00&amp#27;[0;39m &amp#27;[32m INFO&amp#27;[0;39m &amp#27;[35m16907&amp#27;[0;39m &amp#27;[2m---&amp#27;[0;39m &amp#27;[2m[           main]&amp#27;[0;39m &amp#27;[2m&amp#27;[0;39m&amp#27;[36mi.StatisticalLoggingSessionEventListener&amp#27;[0;39m &amp#27;[2m:&amp#27;[0;39m Session Metrics {
    3042 nanoseconds spent acquiring 1 JDBC connections;
    0 nanoseconds spent releasing 0 JDBC connections;
    7625 nanoseconds spent preparing 2 JDBC statements;
    262708 nanoseconds spent executing 1 JDBC statements;
    330542 nanoseconds spent executing 1 JDBC batches;
    0 nanoseconds spent performing 0 L2C puts;
    0 nanoseconds spent performing 0 L2C hits;
    0 nanoseconds spent performing 0 L2C misses;
    619584 nanoseconds spent executing 1 flushes (flushing a total of 1 entities and 1 collections);
    0 nanoseconds spent executing 0 partial-flushes (flushing a total of 0 entities and 0 collections)
}
&amp#27;[2m2025-05-11T11:17:47.860-03:00&amp#27;[0;39m &amp#27;[32mDEBUG&amp#27;[0;39m &amp#27;[35m16907&amp#27;[0;39m &amp#27;[2m---&amp#27;[0;39m &amp#27;[2m[           main]&amp#27;[0;39m &amp#27;[2m&amp#27;[0;39m&amp#27;[36morg.hibernate.SQL                       &amp#27;[0;39m &amp#27;[2m:&amp#27;[0;39m 
    /* <criteria> */ select
        d1_0.id,
        d1_0.actualizado_en,
        d1_0.codigo_penal,
        d1_0.creado_en,
        d1_0.descripcion,
        d1_0.nombre,
        d1_0.pena_maxima,
        d1_0.pena_minima,
        d1_0.tipo_pena,
        d1_0.valoracion 
    from
        delito d1_0 
    where
        upper(d1_0.nombre) like upper(?) escape '\'
Hibernate: 
    /* <criteria> */ select
        d1_0.id,
        d1_0.actualizado_en,
        d1_0.codigo_penal,
        d1_0.creado_en,
        d1_0.descripcion,
        d1_0.nombre,
        d1_0.pena_maxima,
        d1_0.pena_minima,
        d1_0.tipo_pena,
        d1_0.valoracion 
    from
        delito d1_0 
    where
        upper(d1_0.nombre) like upper(?) escape '\'
&amp#27;[2m2025-05-11T11:17:47.861-03:00&amp#27;[0;39m &amp#27;[32m INFO&amp#27;[0;39m &amp#27;[35m16907&amp#27;[0;39m &amp#27;[2m---&amp#27;[0;39m &amp#27;[2m[           main]&amp#27;[0;39m &amp#27;[2m&amp#27;[0;39m&amp#27;[36mi.StatisticalLoggingSessionEventListener&amp#27;[0;39m &amp#27;[2m:&amp#27;[0;39m Session Metrics {
    2750 nanoseconds spent acquiring 1 JDBC connections;
    0 nanoseconds spent releasing 0 JDBC connections;
    10917 nanoseconds spent preparing 1 JDBC statements;
    1042375 nanoseconds spent executing 1 JDBC statements;
    0 nanoseconds spent executing 0 JDBC batches;
    0 nanoseconds spent performing 0 L2C puts;
    0 nanoseconds spent performing 0 L2C hits;
    0 nanoseconds spent performing 0 L2C misses;
    0 nanoseconds spent executing 0 flushes (flushing a total of 0 entities and 0 collections);
    0 nanoseconds spent executing 0 partial-flushes (flushing a total of 0 entities and 0 collections)
}
&amp#27;[2m2025-05-11T11:17:47.861-03:00&amp#27;[0;39m &amp#27;[32mDEBUG&amp#27;[0;39m &amp#27;[35m16907&amp#27;[0;39m &amp#27;[2m---&amp#27;[0;39m &amp#27;[2m[           main]&amp#27;[0;39m &amp#27;[2m&amp#27;[0;39m&amp#27;[36morg.hibernate.SQL                       &amp#27;[0;39m &amp#27;[2m:&amp#27;[0;39m 
    select
        seq_delito.nextval 
    from
        dual
Hibernate: 
    select
        seq_delito.nextval 
    from
        dual
&amp#27;[2m2025-05-11T11:17:47.862-03:00&amp#27;[0;39m &amp#27;[32mDEBUG&amp#27;[0;39m &amp#27;[35m16907&amp#27;[0;39m &amp#27;[2m---&amp#27;[0;39m &amp#27;[2m[           main]&amp#27;[0;39m &amp#27;[2m&amp#27;[0;39m&amp#27;[36morg.hibernate.SQL                       &amp#27;[0;39m &amp#27;[2m:&amp#27;[0;39m 
    /* insert for
        com.cufre.expedientes.model.Delito */insert 
    into
        delito (actualizado_en, codigo_penal, creado_en, descripcion, nombre, pena_maxima, pena_minima, tipo_pena, valoracion, id) 
    values
        (?, ?, ?, ?, ?, ?, ?, ?, ?, ?)
Hibernate: 
    /* insert for
        com.cufre.expedientes.model.Delito */insert 
    into
        delito (actualizado_en, codigo_penal, creado_en, descripcion, nombre, pena_maxima, pena_minima, tipo_pena, valoracion, id) 
    values
        (?, ?, ?, ?, ?, ?, ?, ?, ?, ?)
&amp#27;[2m2025-05-11T11:17:47.863-03:00&amp#27;[0;39m &amp#27;[32m INFO&amp#27;[0;39m &amp#27;[35m16907&amp#27;[0;39m &amp#27;[2m---&amp#27;[0;39m &amp#27;[2m[           main]&amp#27;[0;39m &amp#27;[2m&amp#27;[0;39m&amp#27;[36mi.StatisticalLoggingSessionEventListener&amp#27;[0;39m &amp#27;[2m:&amp#27;[0;39m Session Metrics {
    1334 nanoseconds spent acquiring 1 JDBC connections;
    0 nanoseconds spent releasing 0 JDBC connections;
    8459 nanoseconds spent preparing 2 JDBC statements;
    227833 nanoseconds spent executing 1 JDBC statements;
    377042 nanoseconds spent executing 1 JDBC batches;
    0 nanoseconds spent performing 0 L2C puts;
    0 nanoseconds spent performing 0 L2C hits;
    0 nanoseconds spent performing 0 L2C misses;
    665583 nanoseconds spent executing 1 flushes (flushing a total of 1 entities and 1 collections);
    0 nanoseconds spent executing 0 partial-flushes (flushing a total of 0 entities and 0 collections)
}
&amp#27;[2m2025-05-11T11:17:47.863-03:00&amp#27;[0;39m &amp#27;[32mDEBUG&amp#27;[0;39m &amp#27;[35m16907&amp#27;[0;39m &amp#27;[2m---&amp#27;[0;39m &amp#27;[2m[           main]&amp#27;[0;39m &amp#27;[2m&amp#27;[0;39m&amp#27;[36morg.hibernate.SQL                       &amp#27;[0;39m &amp#27;[2m:&amp#27;[0;39m 
    /* <criteria> */ select
        d1_0.id,
        d1_0.actualizado_en,
        d1_0.codigo_penal,
        d1_0.creado_en,
        d1_0.descripcion,
        d1_0.nombre,
        d1_0.pena_maxima,
        d1_0.pena_minima,
        d1_0.tipo_pena,
        d1_0.valoracion 
    from
        delito d1_0 
    where
        upper(d1_0.nombre) like upper(?) escape '\'
Hibernate: 
    /* <criteria> */ select
        d1_0.id,
        d1_0.actualizado_en,
        d1_0.codigo_penal,
        d1_0.creado_en,
        d1_0.descripcion,
        d1_0.nombre,
        d1_0.pena_maxima,
        d1_0.pena_minima,
        d1_0.tipo_pena,
        d1_0.valoracion 
    from
        delito d1_0 
    where
        upper(d1_0.nombre) like upper(?) escape '\'
&amp#27;[2m2025-05-11T11:17:47.864-03:00&amp#27;[0;39m &amp#27;[32m INFO&amp#27;[0;39m &amp#27;[35m16907&amp#27;[0;39m &amp#27;[2m---&amp#27;[0;39m &amp#27;[2m[           main]&amp#27;[0;39m &amp#27;[2m&amp#27;[0;39m&amp#27;[36mi.StatisticalLoggingSessionEventListener&amp#27;[0;39m &amp#27;[2m:&amp#27;[0;39m Session Metrics {
    2625 nanoseconds spent acquiring 1 JDBC connections;
    0 nanoseconds spent releasing 0 JDBC connections;
    9750 nanoseconds spent preparing 1 JDBC statements;
    1093541 nanoseconds spent executing 1 JDBC statements;
    0 nanoseconds spent executing 0 JDBC batches;
    0 nanoseconds spent performing 0 L2C puts;
    0 nanoseconds spent performing 0 L2C hits;
    0 nanoseconds spent performing 0 L2C misses;
    0 nanoseconds spent executing 0 flushes (flushing a total of 0 entities and 0 collections);
    0 nanoseconds spent executing 0 partial-flushes (flushing a total of 0 entities and 0 collections)
}
&amp#27;[2m2025-05-11T11:17:47.865-03:00&amp#27;[0;39m &amp#27;[32mDEBUG&amp#27;[0;39m &amp#27;[35m16907&amp#27;[0;39m &amp#27;[2m---&amp#27;[0;39m &amp#27;[2m[           main]&amp#27;[0;39m &amp#27;[2m&amp#27;[0;39m&amp#27;[36morg.hibernate.SQL                       &amp#27;[0;39m &amp#27;[2m:&amp#27;[0;39m 
    select
        seq_delito.nextval 
    from
        dual
Hibernate: 
    select
        seq_delito.nextval 
    from
        dual
&amp#27;[2m2025-05-11T11:17:47.865-03:00&amp#27;[0;39m &amp#27;[32mDEBUG&amp#27;[0;39m &amp#27;[35m16907&amp#27;[0;39m &amp#27;[2m---&amp#27;[0;39m &amp#27;[2m[           main]&amp#27;[0;39m &amp#27;[2m&amp#27;[0;39m&amp#27;[36morg.hibernate.SQL                       &amp#27;[0;39m &amp#27;[2m:&amp#27;[0;39m 
    /* insert for
        com.cufre.expedientes.model.Delito */insert 
    into
        delito (actualizado_en, codigo_penal, creado_en, descripcion, nombre, pena_maxima, pena_minima, tipo_pena, valoracion, id) 
    values
        (?, ?, ?, ?, ?, ?, ?, ?, ?, ?)
Hibernate: 
    /* insert for
        com.cufre.expedientes.model.Delito */insert 
    into
        delito (actualizado_en, codigo_penal, creado_en, descripcion, nombre, pena_maxima, pena_minima, tipo_pena, valoracion, id) 
    values
        (?, ?, ?, ?, ?, ?, ?, ?, ?, ?)
&amp#27;[2m2025-05-11T11:17:47.866-03:00&amp#27;[0;39m &amp#27;[32m INFO&amp#27;[0;39m &amp#27;[35m16907&amp#27;[0;39m &amp#27;[2m---&amp#27;[0;39m &amp#27;[2m[           main]&amp#27;[0;39m &amp#27;[2m&amp#27;[0;39m&amp#27;[36mi.StatisticalLoggingSessionEventListener&amp#27;[0;39m &amp#27;[2m:&amp#27;[0;39m Session Metrics {
    1250 nanoseconds spent acquiring 1 JDBC connections;
    0 nanoseconds spent releasing 0 JDBC connections;
    8541 nanoseconds spent preparing 2 JDBC statements;
    244875 nanoseconds spent executing 1 JDBC statements;
    459083 nanoseconds spent executing 1 JDBC batches;
    0 nanoseconds spent performing 0 L2C puts;
    0 nanoseconds spent performing 0 L2C hits;
    0 nanoseconds spent performing 0 L2C misses;
    764041 nanoseconds spent executing 1 flushes (flushing a total of 1 entities and 1 collections);
    0 nanoseconds spent executing 0 partial-flushes (flushing a total of 0 entities and 0 collections)
}
&amp#27;[2m2025-05-11T11:17:47.867-03:00&amp#27;[0;39m &amp#27;[32mDEBUG&amp#27;[0;39m &amp#27;[35m16907&amp#27;[0;39m &amp#27;[2m---&amp#27;[0;39m &amp#27;[2m[           main]&amp#27;[0;39m &amp#27;[2m&amp#27;[0;39m&amp#27;[36morg.hibernate.SQL                       &amp#27;[0;39m &amp#27;[2m:&amp#27;[0;39m 
    /* <criteria> */ select
        d1_0.id,
        d1_0.actualizado_en,
        d1_0.codigo_penal,
        d1_0.creado_en,
        d1_0.descripcion,
        d1_0.nombre,
        d1_0.pena_maxima,
        d1_0.pena_minima,
        d1_0.tipo_pena,
        d1_0.valoracion 
    from
        delito d1_0 
    where
        upper(d1_0.nombre) like upper(?) escape '\'
Hibernate: 
    /* <criteria> */ select
        d1_0.id,
        d1_0.actualizado_en,
        d1_0.codigo_penal,
        d1_0.creado_en,
        d1_0.descripcion,
        d1_0.nombre,
        d1_0.pena_maxima,
        d1_0.pena_minima,
        d1_0.tipo_pena,
        d1_0.valoracion 
    from
        delito d1_0 
    where
        upper(d1_0.nombre) like upper(?) escape '\'
&amp#27;[2m2025-05-11T11:17:47.869-03:00&amp#27;[0;39m &amp#27;[32m INFO&amp#27;[0;39m &amp#27;[35m16907&amp#27;[0;39m &amp#27;[2m---&amp#27;[0;39m &amp#27;[2m[           main]&amp#27;[0;39m &amp#27;[2m&amp#27;[0;39m&amp#27;[36mi.StatisticalLoggingSessionEventListener&amp#27;[0;39m &amp#27;[2m:&amp#27;[0;39m Session Metrics {
    2542 nanoseconds spent acquiring 1 JDBC connections;
    0 nanoseconds spent releasing 0 JDBC connections;
    9625 nanoseconds spent preparing 1 JDBC statements;
    2472041 nanoseconds spent executing 1 JDBC statements;
    0 nanoseconds spent executing 0 JDBC batches;
    0 nanoseconds spent performing 0 L2C puts;
    0 nanoseconds spent performing 0 L2C hits;
    0 nanoseconds spent performing 0 L2C misses;
    0 nanoseconds spent executing 0 flushes (flushing a total of 0 entities and 0 collections);
    0 nanoseconds spent executing 0 partial-flushes (flushing a total of 0 entities and 0 collections)
}
&amp#27;[2m2025-05-11T11:17:47.870-03:00&amp#27;[0;39m &amp#27;[32mDEBUG&amp#27;[0;39m &amp#27;[35m16907&amp#27;[0;39m &amp#27;[2m---&amp#27;[0;39m &amp#27;[2m[           main]&amp#27;[0;39m &amp#27;[2m&amp#27;[0;39m&amp#27;[36morg.hibernate.SQL                       &amp#27;[0;39m &amp#27;[2m:&amp#27;[0;39m 
    select
        seq_delito.nextval 
    from
        dual
Hibernate: 
    select
        seq_delito.nextval 
    from
        dual
&amp#27;[2m2025-05-11T11:17:47.870-03:00&amp#27;[0;39m &amp#27;[32mDEBUG&amp#27;[0;39m &amp#27;[35m16907&amp#27;[0;39m &amp#27;[2m---&amp#27;[0;39m &amp#27;[2m[           main]&amp#27;[0;39m &amp#27;[2m&amp#27;[0;39m&amp#27;[36morg.hibernate.SQL                       &amp#27;[0;39m &amp#27;[2m:&amp#27;[0;39m 
    /* insert for
        com.cufre.expedientes.model.Delito */insert 
    into
        delito (actualizado_en, codigo_penal, creado_en, descripcion, nombre, pena_maxima, pena_minima, tipo_pena, valoracion, id) 
    values
        (?, ?, ?, ?, ?, ?, ?, ?, ?, ?)
Hibernate: 
    /* insert for
        com.cufre.expedientes.model.Delito */insert 
    into
        delito (actualizado_en, codigo_penal, creado_en, descripcion, nombre, pena_maxima, pena_minima, tipo_pena, valoracion, id) 
    values
        (?, ?, ?, ?, ?, ?, ?, ?, ?, ?)
&amp#27;[2m2025-05-11T11:17:47.871-03:00&amp#27;[0;39m &amp#27;[32m INFO&amp#27;[0;39m &amp#27;[35m16907&amp#27;[0;39m &amp#27;[2m---&amp#27;[0;39m &amp#27;[2m[           main]&amp#27;[0;39m &amp#27;[2m&amp#27;[0;39m&amp#27;[36mi.StatisticalLoggingSessionEventListener&amp#27;[0;39m &amp#27;[2m:&amp#27;[0;39m Session Metrics {
    1667 nanoseconds spent acquiring 1 JDBC connections;
    0 nanoseconds spent releasing 0 JDBC connections;
    9292 nanoseconds spent preparing 2 JDBC statements;
    271875 nanoseconds spent executing 1 JDBC statements;
    395541 nanoseconds spent executing 1 JDBC batches;
    0 nanoseconds spent performing 0 L2C puts;
    0 nanoseconds spent performing 0 L2C hits;
    0 nanoseconds spent performing 0 L2C misses;
    727625 nanoseconds spent executing 1 flushes (flushing a total of 1 entities and 1 collections);
    0 nanoseconds spent executing 0 partial-flushes (flushing a total of 0 entities and 0 collections)
}
&amp#27;[2m2025-05-11T11:17:47.872-03:00&amp#27;[0;39m &amp#27;[32mDEBUG&amp#27;[0;39m &amp#27;[35m16907&amp#27;[0;39m &amp#27;[2m---&amp#27;[0;39m &amp#27;[2m[           main]&amp#27;[0;39m &amp#27;[2m&amp#27;[0;39m&amp#27;[36morg.hibernate.SQL                       &amp#27;[0;39m &amp#27;[2m:&amp#27;[0;39m 
    /* <criteria> */ select
        d1_0.id,
        d1_0.actualizado_en,
        d1_0.codigo_penal,
        d1_0.creado_en,
        d1_0.descripcion,
        d1_0.nombre,
        d1_0.pena_maxima,
        d1_0.pena_minima,
        d1_0.tipo_pena,
        d1_0.valoracion 
    from
        delito d1_0 
    where
        upper(d1_0.nombre) like upper(?) escape '\'
Hibernate: 
    /* <criteria> */ select
        d1_0.id,
        d1_0.actualizado_en,
        d1_0.codigo_penal,
        d1_0.creado_en,
        d1_0.descripcion,
        d1_0.nombre,
        d1_0.pena_maxima,
        d1_0.pena_minima,
        d1_0.tipo_pena,
        d1_0.valoracion 
    from
        delito d1_0 
    where
        upper(d1_0.nombre) like upper(?) escape '\'
&amp#27;[2m2025-05-11T11:17:47.873-03:00&amp#27;[0;39m &amp#27;[32m INFO&amp#27;[0;39m &amp#27;[35m16907&amp#27;[0;39m &amp#27;[2m---&amp#27;[0;39m &amp#27;[2m[           main]&amp#27;[0;39m &amp#27;[2m&amp#27;[0;39m&amp#27;[36mi.StatisticalLoggingSessionEventListener&amp#27;[0;39m &amp#27;[2m:&amp#27;[0;39m Session Metrics {
    2583 nanoseconds spent acquiring 1 JDBC connections;
    0 nanoseconds spent releasing 0 JDBC connections;
    13791 nanoseconds spent preparing 1 JDBC statements;
    1217750 nanoseconds spent executing 1 JDBC statements;
    0 nanoseconds spent executing 0 JDBC batches;
    0 nanoseconds spent performing 0 L2C puts;
    0 nanoseconds spent performing 0 L2C hits;
    0 nanoseconds spent performing 0 L2C misses;
    0 nanoseconds spent executing 0 flushes (flushing a total of 0 entities and 0 collections);
    0 nanoseconds spent executing 0 partial-flushes (flushing a total of 0 entities and 0 collections)
}
&amp#27;[2m2025-05-11T11:17:47.873-03:00&amp#27;[0;39m &amp#27;[32mDEBUG&amp#27;[0;39m &amp#27;[35m16907&amp#27;[0;39m &amp#27;[2m---&amp#27;[0;39m &amp#27;[2m[           main]&amp#27;[0;39m &amp#27;[2m&amp#27;[0;39m&amp#27;[36morg.hibernate.SQL                       &amp#27;[0;39m &amp#27;[2m:&amp#27;[0;39m 
    select
        seq_delito.nextval 
    from
        dual
Hibernate: 
    select
        seq_delito.nextval 
    from
        dual
&amp#27;[2m2025-05-11T11:17:47.874-03:00&amp#27;[0;39m &amp#27;[32mDEBUG&amp#27;[0;39m &amp#27;[35m16907&amp#27;[0;39m &amp#27;[2m---&amp#27;[0;39m &amp#27;[2m[           main]&amp#27;[0;39m &amp#27;[2m&amp#27;[0;39m&amp#27;[36morg.hibernate.SQL                       &amp#27;[0;39m &amp#27;[2m:&amp#27;[0;39m 
    /* insert for
        com.cufre.expedientes.model.Delito */insert 
    into
        delito (actualizado_en, codigo_penal, creado_en, descripcion, nombre, pena_maxima, pena_minima, tipo_pena, valoracion, id) 
    values
        (?, ?, ?, ?, ?, ?, ?, ?, ?, ?)
Hibernate: 
    /* insert for
        com.cufre.expedientes.model.Delito */insert 
    into
        delito (actualizado_en, codigo_penal, creado_en, descripcion, nombre, pena_maxima, pena_minima, tipo_pena, valoracion, id) 
    values
        (?, ?, ?, ?, ?, ?, ?, ?, ?, ?)
&amp#27;[2m2025-05-11T11:17:47.875-03:00&amp#27;[0;39m &amp#27;[32m INFO&amp#27;[0;39m &amp#27;[35m16907&amp#27;[0;39m &amp#27;[2m---&amp#27;[0;39m &amp#27;[2m[           main]&amp#27;[0;39m &amp#27;[2m&amp#27;[0;39m&amp#27;[36mi.StatisticalLoggingSessionEventListener&amp#27;[0;39m &amp#27;[2m:&amp#27;[0;39m Session Metrics {
    1833 nanoseconds spent acquiring 1 JDBC connections;
    0 nanoseconds spent releasing 0 JDBC connections;
    12417 nanoseconds spent preparing 2 JDBC statements;
    337541 nanoseconds spent executing 1 JDBC statements;
    404916 nanoseconds spent executing 1 JDBC batches;
    0 nanoseconds spent performing 0 L2C puts;
    0 nanoseconds spent performing 0 L2C hits;
    0 nanoseconds spent performing 0 L2C misses;
    694291 nanoseconds spent executing 1 flushes (flushing a total of 1 entities and 1 collections);
    0 nanoseconds spent executing 0 partial-flushes (flushing a total of 0 entities and 0 collections)
}
&amp#27;[2m2025-05-11T11:17:47.876-03:00&amp#27;[0;39m &amp#27;[32mDEBUG&amp#27;[0;39m &amp#27;[35m16907&amp#27;[0;39m &amp#27;[2m---&amp#27;[0;39m &amp#27;[2m[           main]&amp#27;[0;39m &amp#27;[2m&amp#27;[0;39m&amp#27;[36morg.hibernate.SQL                       &amp#27;[0;39m &amp#27;[2m:&amp#27;[0;39m 
    /* <criteria> */ select
        d1_0.id,
        d1_0.actualizado_en,
        d1_0.codigo_penal,
        d1_0.creado_en,
        d1_0.descripcion,
        d1_0.nombre,
        d1_0.pena_maxima,
        d1_0.pena_minima,
        d1_0.tipo_pena,
        d1_0.valoracion 
    from
        delito d1_0 
    where
        upper(d1_0.nombre) like upper(?) escape '\'
Hibernate: 
    /* <criteria> */ select
        d1_0.id,
        d1_0.actualizado_en,
        d1_0.codigo_penal,
        d1_0.creado_en,
        d1_0.descripcion,
        d1_0.nombre,
        d1_0.pena_maxima,
        d1_0.pena_minima,
        d1_0.tipo_pena,
        d1_0.valoracion 
    from
        delito d1_0 
    where
        upper(d1_0.nombre) like upper(?) escape '\'
&amp#27;[2m2025-05-11T11:17:47.877-03:00&amp#27;[0;39m &amp#27;[32m INFO&amp#27;[0;39m &amp#27;[35m16907&amp#27;[0;39m &amp#27;[2m---&amp#27;[0;39m &amp#27;[2m[           main]&amp#27;[0;39m &amp#27;[2m&amp#27;[0;39m&amp#27;[36mi.StatisticalLoggingSessionEventListener&amp#27;[0;39m &amp#27;[2m:&amp#27;[0;39m Session Metrics {
    3042 nanoseconds spent acquiring 1 JDBC connections;
    0 nanoseconds spent releasing 0 JDBC connections;
    12583 nanoseconds spent preparing 1 JDBC statements;
    1162125 nanoseconds spent executing 1 JDBC statements;
    0 nanoseconds spent executing 0 JDBC batches;
    0 nanoseconds spent performing 0 L2C puts;
    0 nanoseconds spent performing 0 L2C hits;
    0 nanoseconds spent performing 0 L2C misses;
    0 nanoseconds spent executing 0 flushes (flushing a total of 0 entities and 0 collections);
    0 nanoseconds spent executing 0 partial-flushes (flushing a total of 0 entities and 0 collections)
}
&amp#27;[2m2025-05-11T11:17:47.877-03:00&amp#27;[0;39m &amp#27;[32mDEBUG&amp#27;[0;39m &amp#27;[35m16907&amp#27;[0;39m &amp#27;[2m---&amp#27;[0;39m &amp#27;[2m[           main]&amp#27;[0;39m &amp#27;[2m&amp#27;[0;39m&amp#27;[36morg.hibernate.SQL                       &amp#27;[0;39m &amp#27;[2m:&amp#27;[0;39m 
    select
        seq_delito.nextval 
    from
        dual
Hibernate: 
    select
        seq_delito.nextval 
    from
        dual
&amp#27;[2m2025-05-11T11:17:47.878-03:00&amp#27;[0;39m &amp#27;[32mDEBUG&amp#27;[0;39m &amp#27;[35m16907&amp#27;[0;39m &amp#27;[2m---&amp#27;[0;39m &amp#27;[2m[           main]&amp#27;[0;39m &amp#27;[2m&amp#27;[0;39m&amp#27;[36morg.hibernate.SQL                       &amp#27;[0;39m &amp#27;[2m:&amp#27;[0;39m 
    /* insert for
        com.cufre.expedientes.model.Delito */insert 
    into
        delito (actualizado_en, codigo_penal, creado_en, descripcion, nombre, pena_maxima, pena_minima, tipo_pena, valoracion, id) 
    values
        (?, ?, ?, ?, ?, ?, ?, ?, ?, ?)
Hibernate: 
    /* insert for
        com.cufre.expedientes.model.Delito */insert 
    into
        delito (actualizado_en, codigo_penal, creado_en, descripcion, nombre, pena_maxima, pena_minima, tipo_pena, valoracion, id) 
    values
        (?, ?, ?, ?, ?, ?, ?, ?, ?, ?)
&amp#27;[2m2025-05-11T11:17:47.879-03:00&amp#27;[0;39m &amp#27;[32m INFO&amp#27;[0;39m &amp#27;[35m16907&amp#27;[0;39m &amp#27;[2m---&amp#27;[0;39m &amp#27;[2m[           main]&amp#27;[0;39m &amp#27;[2m&amp#27;[0;39m&amp#27;[36mi.StatisticalLoggingSessionEventListener&amp#27;[0;39m &amp#27;[2m:&amp#27;[0;39m Session Metrics {
    2000 nanoseconds spent acquiring 1 JDBC connections;
    0 nanoseconds spent releasing 0 JDBC connections;
    14542 nanoseconds spent preparing 2 JDBC statements;
    278292 nanoseconds spent executing 1 JDBC statements;
    383542 nanoseconds spent executing 1 JDBC batches;
    0 nanoseconds spent performing 0 L2C puts;
    0 nanoseconds spent performing 0 L2C hits;
    0 nanoseconds spent performing 0 L2C misses;
    705125 nanoseconds spent executing 1 flushes (flushing a total of 1 entities and 1 collections);
    0 nanoseconds spent executing 0 partial-flushes (flushing a total of 0 entities and 0 collections)
}
&amp#27;[2m2025-05-11T11:17:47.879-03:00&amp#27;[0;39m &amp#27;[32mDEBUG&amp#27;[0;39m &amp#27;[35m16907&amp#27;[0;39m &amp#27;[2m---&amp#27;[0;39m &amp#27;[2m[           main]&amp#27;[0;39m &amp#27;[2m&amp#27;[0;39m&amp#27;[36morg.hibernate.SQL                       &amp#27;[0;39m &amp#27;[2m:&amp#27;[0;39m 
    /* <criteria> */ select
        d1_0.id,
        d1_0.actualizado_en,
        d1_0.codigo_penal,
        d1_0.creado_en,
        d1_0.descripcion,
        d1_0.nombre,
        d1_0.pena_maxima,
        d1_0.pena_minima,
        d1_0.tipo_pena,
        d1_0.valoracion 
    from
        delito d1_0 
    where
        upper(d1_0.nombre) like upper(?) escape '\'
Hibernate: 
    /* <criteria> */ select
        d1_0.id,
        d1_0.actualizado_en,
        d1_0.codigo_penal,
        d1_0.creado_en,
        d1_0.descripcion,
        d1_0.nombre,
        d1_0.pena_maxima,
        d1_0.pena_minima,
        d1_0.tipo_pena,
        d1_0.valoracion 
    from
        delito d1_0 
    where
        upper(d1_0.nombre) like upper(?) escape '\'
&amp#27;[2m2025-05-11T11:17:47.880-03:00&amp#27;[0;39m &amp#27;[32m INFO&amp#27;[0;39m &amp#27;[35m16907&amp#27;[0;39m &amp#27;[2m---&amp#27;[0;39m &amp#27;[2m[           main]&amp#27;[0;39m &amp#27;[2m&amp#27;[0;39m&amp#27;[36mi.StatisticalLoggingSessionEventListener&amp#27;[0;39m &amp#27;[2m:&amp#27;[0;39m Session Metrics {
    2541 nanoseconds spent acquiring 1 JDBC connections;
    0 nanoseconds spent releasing 0 JDBC connections;
    9292 nanoseconds spent preparing 1 JDBC statements;
    1051625 nanoseconds spent executing 1 JDBC statements;
    0 nanoseconds spent executing 0 JDBC batches;
    0 nanoseconds spent performing 0 L2C puts;
    0 nanoseconds spent performing 0 L2C hits;
    0 nanoseconds spent performing 0 L2C misses;
    0 nanoseconds spent executing 0 flushes (flushing a total of 0 entities and 0 collections);
    0 nanoseconds spent executing 0 partial-flushes (flushing a total of 0 entities and 0 collections)
}
&amp#27;[2m2025-05-11T11:17:47.880-03:00&amp#27;[0;39m &amp#27;[32mDEBUG&amp#27;[0;39m &amp#27;[35m16907&amp#27;[0;39m &amp#27;[2m---&amp#27;[0;39m &amp#27;[2m[           main]&amp#27;[0;39m &amp#27;[2m&amp#27;[0;39m&amp#27;[36morg.hibernate.SQL                       &amp#27;[0;39m &amp#27;[2m:&amp#27;[0;39m 
    select
        seq_delito.nextval 
    from
        dual
Hibernate: 
    select
        seq_delito.nextval 
    from
        dual
&amp#27;[2m2025-05-11T11:17:47.881-03:00&amp#27;[0;39m &amp#27;[32mDEBUG&amp#27;[0;39m &amp#27;[35m16907&amp#27;[0;39m &amp#27;[2m---&amp#27;[0;39m &amp#27;[2m[           main]&amp#27;[0;39m &amp#27;[2m&amp#27;[0;39m&amp#27;[36morg.hibernate.SQL                       &amp#27;[0;39m &amp#27;[2m:&amp#27;[0;39m 
    /* insert for
        com.cufre.expedientes.model.Delito */insert 
    into
        delito (actualizado_en, codigo_penal, creado_en, descripcion, nombre, pena_maxima, pena_minima, tipo_pena, valoracion, id) 
    values
        (?, ?, ?, ?, ?, ?, ?, ?, ?, ?)
Hibernate: 
    /* insert for
        com.cufre.expedientes.model.Delito */insert 
    into
        delito (actualizado_en, codigo_penal, creado_en, descripcion, nombre, pena_maxima, pena_minima, tipo_pena, valoracion, id) 
    values
        (?, ?, ?, ?, ?, ?, ?, ?, ?, ?)
&amp#27;[2m2025-05-11T11:17:47.882-03:00&amp#27;[0;39m &amp#27;[32m INFO&amp#27;[0;39m &amp#27;[35m16907&amp#27;[0;39m &amp#27;[2m---&amp#27;[0;39m &amp#27;[2m[           main]&amp#27;[0;39m &amp#27;[2m&amp#27;[0;39m&amp#27;[36mi.StatisticalLoggingSessionEventListener&amp#27;[0;39m &amp#27;[2m:&amp#27;[0;39m Session Metrics {
    958 nanoseconds spent acquiring 1 JDBC connections;
    0 nanoseconds spent releasing 0 JDBC connections;
    11041 nanoseconds spent preparing 2 JDBC statements;
    237083 nanoseconds spent executing 1 JDBC statements;
    398583 nanoseconds spent executing 1 JDBC batches;
    0 nanoseconds spent performing 0 L2C puts;
    0 nanoseconds spent performing 0 L2C hits;
    0 nanoseconds spent performing 0 L2C misses;
    723583 nanoseconds spent executing 1 flushes (flushing a total of 1 entities and 1 collections);
    0 nanoseconds spent executing 0 partial-flushes (flushing a total of 0 entities and 0 collections)
}
&amp#27;[2m2025-05-11T11:17:47.883-03:00&amp#27;[0;39m &amp#27;[32mDEBUG&amp#27;[0;39m &amp#27;[35m16907&amp#27;[0;39m &amp#27;[2m---&amp#27;[0;39m &amp#27;[2m[           main]&amp#27;[0;39m &amp#27;[2m&amp#27;[0;39m&amp#27;[36morg.hibernate.SQL                       &amp#27;[0;39m &amp#27;[2m:&amp#27;[0;39m 
    /* <criteria> */ select
        d1_0.id,
        d1_0.actualizado_en,
        d1_0.codigo_penal,
        d1_0.creado_en,
        d1_0.descripcion,
        d1_0.nombre,
        d1_0.pena_maxima,
        d1_0.pena_minima,
        d1_0.tipo_pena,
        d1_0.valoracion 
    from
        delito d1_0 
    where
        upper(d1_0.nombre) like upper(?) escape '\'
Hibernate: 
    /* <criteria> */ select
        d1_0.id,
        d1_0.actualizado_en,
        d1_0.codigo_penal,
        d1_0.creado_en,
        d1_0.descripcion,
        d1_0.nombre,
        d1_0.pena_maxima,
        d1_0.pena_minima,
        d1_0.tipo_pena,
        d1_0.valoracion 
    from
        delito d1_0 
    where
        upper(d1_0.nombre) like upper(?) escape '\'
&amp#27;[2m2025-05-11T11:17:47.884-03:00&amp#27;[0;39m &amp#27;[32m INFO&amp#27;[0;39m &amp#27;[35m16907&amp#27;[0;39m &amp#27;[2m---&amp#27;[0;39m &amp#27;[2m[           main]&amp#27;[0;39m &amp#27;[2m&amp#27;[0;39m&amp#27;[36mi.StatisticalLoggingSessionEventListener&amp#27;[0;39m &amp#27;[2m:&amp#27;[0;39m Session Metrics {
    5708 nanoseconds spent acquiring 1 JDBC connections;
    0 nanoseconds spent releasing 0 JDBC connections;
    15458 nanoseconds spent preparing 1 JDBC statements;
    1175750 nanoseconds spent executing 1 JDBC statements;
    0 nanoseconds spent executing 0 JDBC batches;
    0 nanoseconds spent performing 0 L2C puts;
    0 nanoseconds spent performing 0 L2C hits;
    0 nanoseconds spent performing 0 L2C misses;
    0 nanoseconds spent executing 0 flushes (flushing a total of 0 entities and 0 collections);
    0 nanoseconds spent executing 0 partial-flushes (flushing a total of 0 entities and 0 collections)
}
&amp#27;[2m2025-05-11T11:17:47.884-03:00&amp#27;[0;39m &amp#27;[32mDEBUG&amp#27;[0;39m &amp#27;[35m16907&amp#27;[0;39m &amp#27;[2m---&amp#27;[0;39m &amp#27;[2m[           main]&amp#27;[0;39m &amp#27;[2m&amp#27;[0;39m&amp#27;[36morg.hibernate.SQL                       &amp#27;[0;39m &amp#27;[2m:&amp#27;[0;39m 
    select
        seq_delito.nextval 
    from
        dual
Hibernate: 
    select
        seq_delito.nextval 
    from
        dual
&amp#27;[2m2025-05-11T11:17:47.886-03:00&amp#27;[0;39m &amp#27;[32mDEBUG&amp#27;[0;39m &amp#27;[35m16907&amp#27;[0;39m &amp#27;[2m---&amp#27;[0;39m &amp#27;[2m[           main]&amp#27;[0;39m &amp#27;[2m&amp#27;[0;39m&amp#27;[36morg.hibernate.SQL                       &amp#27;[0;39m &amp#27;[2m:&amp#27;[0;39m 
    /* insert for
        com.cufre.expedientes.model.Delito */insert 
    into
        delito (actualizado_en, codigo_penal, creado_en, descripcion, nombre, pena_maxima, pena_minima, tipo_pena, valoracion, id) 
    values
        (?, ?, ?, ?, ?, ?, ?, ?, ?, ?)
Hibernate: 
    /* insert for
        com.cufre.expedientes.model.Delito */insert 
    into
        delito (actualizado_en, codigo_penal, creado_en, descripcion, nombre, pena_maxima, pena_minima, tipo_pena, valoracion, id) 
    values
        (?, ?, ?, ?, ?, ?, ?, ?, ?, ?)
&amp#27;[2m2025-05-11T11:17:47.887-03:00&amp#27;[0;39m &amp#27;[32m INFO&amp#27;[0;39m &amp#27;[35m16907&amp#27;[0;39m &amp#27;[2m---&amp#27;[0;39m &amp#27;[2m[           main]&amp#27;[0;39m &amp#27;[2m&amp#27;[0;39m&amp#27;[36mi.StatisticalLoggingSessionEventListener&amp#27;[0;39m &amp#27;[2m:&amp#27;[0;39m Session Metrics {
    1917 nanoseconds spent acquiring 1 JDBC connections;
    0 nanoseconds spent releasing 0 JDBC connections;
    9625 nanoseconds spent preparing 2 JDBC statements;
    729500 nanoseconds spent executing 1 JDBC statements;
    587541 nanoseconds spent executing 1 JDBC batches;
    0 nanoseconds spent performing 0 L2C puts;
    0 nanoseconds spent performing 0 L2C hits;
    0 nanoseconds spent performing 0 L2C misses;
    857083 nanoseconds spent executing 1 flushes (flushing a total of 1 entities and 1 collections);
    0 nanoseconds spent executing 0 partial-flushes (flushing a total of 0 entities and 0 collections)
}
&amp#27;[2m2025-05-11T11:17:47.888-03:00&amp#27;[0;39m &amp#27;[32mDEBUG&amp#27;[0;39m &amp#27;[35m16907&amp#27;[0;39m &amp#27;[2m---&amp#27;[0;39m &amp#27;[2m[           main]&amp#27;[0;39m &amp#27;[2m&amp#27;[0;39m&amp#27;[36morg.hibernate.SQL                       &amp#27;[0;39m &amp#27;[2m:&amp#27;[0;39m 
    /* <criteria> */ select
        d1_0.id,
        d1_0.actualizado_en,
        d1_0.codigo_penal,
        d1_0.creado_en,
        d1_0.descripcion,
        d1_0.nombre,
        d1_0.pena_maxima,
        d1_0.pena_minima,
        d1_0.tipo_pena,
        d1_0.valoracion 
    from
        delito d1_0 
    where
        upper(d1_0.nombre) like upper(?) escape '\'
Hibernate: 
    /* <criteria> */ select
        d1_0.id,
        d1_0.actualizado_en,
        d1_0.codigo_penal,
        d1_0.creado_en,
        d1_0.descripcion,
        d1_0.nombre,
        d1_0.pena_maxima,
        d1_0.pena_minima,
        d1_0.tipo_pena,
        d1_0.valoracion 
    from
        delito d1_0 
    where
        upper(d1_0.nombre) like upper(?) escape '\'
&amp#27;[2m2025-05-11T11:17:47.890-03:00&amp#27;[0;39m &amp#27;[32m INFO&amp#27;[0;39m &amp#27;[35m16907&amp#27;[0;39m &amp#27;[2m---&amp#27;[0;39m &amp#27;[2m[           main]&amp#27;[0;39m &amp#27;[2m&amp#27;[0;39m&amp#27;[36mi.StatisticalLoggingSessionEventListener&amp#27;[0;39m &amp#27;[2m:&amp#27;[0;39m Session Metrics {
    2625 nanoseconds spent acquiring 1 JDBC connections;
    0 nanoseconds spent releasing 0 JDBC connections;
    9083 nanoseconds spent preparing 1 JDBC statements;
    1964167 nanoseconds spent executing 1 JDBC statements;
    0 nanoseconds spent executing 0 JDBC batches;
    0 nanoseconds spent performing 0 L2C puts;
    0 nanoseconds spent performing 0 L2C hits;
    0 nanoseconds spent performing 0 L2C misses;
    0 nanoseconds spent executing 0 flushes (flushing a total of 0 entities and 0 collections);
    0 nanoseconds spent executing 0 partial-flushes (flushing a total of 0 entities and 0 collections)
}
&amp#27;[2m2025-05-11T11:17:47.890-03:00&amp#27;[0;39m &amp#27;[32mDEBUG&amp#27;[0;39m &amp#27;[35m16907&amp#27;[0;39m &amp#27;[2m---&amp#27;[0;39m &amp#27;[2m[           main]&amp#27;[0;39m &amp#27;[2m&amp#27;[0;39m&amp#27;[36morg.hibernate.SQL                       &amp#27;[0;39m &amp#27;[2m:&amp#27;[0;39m 
    select
        seq_delito.nextval 
    from
        dual
Hibernate: 
    select
        seq_delito.nextval 
    from
        dual
&amp#27;[2m2025-05-11T11:17:47.891-03:00&amp#27;[0;39m &amp#27;[32mDEBUG&amp#27;[0;39m &amp#27;[35m16907&amp#27;[0;39m &amp#27;[2m---&amp#27;[0;39m &amp#27;[2m[           main]&amp#27;[0;39m &amp#27;[2m&amp#27;[0;39m&amp#27;[36morg.hibernate.SQL                       &amp#27;[0;39m &amp#27;[2m:&amp#27;[0;39m 
    /* insert for
        com.cufre.expedientes.model.Delito */insert 
    into
        delito (actualizado_en, codigo_penal, creado_en, descripcion, nombre, pena_maxima, pena_minima, tipo_pena, valoracion, id) 
    values
        (?, ?, ?, ?, ?, ?, ?, ?, ?, ?)
Hibernate: 
    /* insert for
        com.cufre.expedientes.model.Delito */insert 
    into
        delito (actualizado_en, codigo_penal, creado_en, descripcion, nombre, pena_maxima, pena_minima, tipo_pena, valoracion, id) 
    values
        (?, ?, ?, ?, ?, ?, ?, ?, ?, ?)
&amp#27;[2m2025-05-11T11:17:47.893-03:00&amp#27;[0;39m &amp#27;[32m INFO&amp#27;[0;39m &amp#27;[35m16907&amp#27;[0;39m &amp#27;[2m---&amp#27;[0;39m &amp#27;[2m[           main]&amp#27;[0;39m &amp#27;[2m&amp#27;[0;39m&amp#27;[36mi.StatisticalLoggingSessionEventListener&amp#27;[0;39m &amp#27;[2m:&amp#27;[0;39m Session Metrics {
    1250 nanoseconds spent acquiring 1 JDBC connections;
    0 nanoseconds spent releasing 0 JDBC connections;
    7209 nanoseconds spent preparing 2 JDBC statements;
    408167 nanoseconds spent executing 1 JDBC statements;
    658166 nanoseconds spent executing 1 JDBC batches;
    0 nanoseconds spent performing 0 L2C puts;
    0 nanoseconds spent performing 0 L2C hits;
    0 nanoseconds spent performing 0 L2C misses;
    924500 nanoseconds spent executing 1 flushes (flushing a total of 1 entities and 1 collections);
    0 nanoseconds spent executing 0 partial-flushes (flushing a total of 0 entities and 0 collections)
}
&amp#27;[2m2025-05-11T11:17:47.893-03:00&amp#27;[0;39m &amp#27;[32mDEBUG&amp#27;[0;39m &amp#27;[35m16907&amp#27;[0;39m &amp#27;[2m---&amp#27;[0;39m &amp#27;[2m[           main]&amp#27;[0;39m &amp#27;[2m&amp#27;[0;39m&amp#27;[36morg.hibernate.SQL                       &amp#27;[0;39m &amp#27;[2m:&amp#27;[0;39m 
    /* <criteria> */ select
        d1_0.id,
        d1_0.actualizado_en,
        d1_0.codigo_penal,
        d1_0.creado_en,
        d1_0.descripcion,
        d1_0.nombre,
        d1_0.pena_maxima,
        d1_0.pena_minima,
        d1_0.tipo_pena,
        d1_0.valoracion 
    from
        delito d1_0 
    where
        upper(d1_0.nombre) like upper(?) escape '\'
Hibernate: 
    /* <criteria> */ select
        d1_0.id,
        d1_0.actualizado_en,
        d1_0.codigo_penal,
        d1_0.creado_en,
        d1_0.descripcion,
        d1_0.nombre,
        d1_0.pena_maxima,
        d1_0.pena_minima,
        d1_0.tipo_pena,
        d1_0.valoracion 
    from
        delito d1_0 
    where
        upper(d1_0.nombre) like upper(?) escape '\'
&amp#27;[2m2025-05-11T11:17:47.895-03:00&amp#27;[0;39m &amp#27;[32m INFO&amp#27;[0;39m &amp#27;[35m16907&amp#27;[0;39m &amp#27;[2m---&amp#27;[0;39m &amp#27;[2m[           main]&amp#27;[0;39m &amp#27;[2m&amp#27;[0;39m&amp#27;[36mi.StatisticalLoggingSessionEventListener&amp#27;[0;39m &amp#27;[2m:&amp#27;[0;39m Session Metrics {
    1958 nanoseconds spent acquiring 1 JDBC connections;
    0 nanoseconds spent releasing 0 JDBC connections;
    7750 nanoseconds spent preparing 1 JDBC statements;
    1990958 nanoseconds spent executing 1 JDBC statements;
    0 nanoseconds spent executing 0 JDBC batches;
    0 nanoseconds spent performing 0 L2C puts;
    0 nanoseconds spent performing 0 L2C hits;
    0 nanoseconds spent performing 0 L2C misses;
    0 nanoseconds spent executing 0 flushes (flushing a total of 0 entities and 0 collections);
    0 nanoseconds spent executing 0 partial-flushes (flushing a total of 0 entities and 0 collections)
}
&amp#27;[2m2025-05-11T11:17:47.895-03:00&amp#27;[0;39m &amp#27;[32mDEBUG&amp#27;[0;39m &amp#27;[35m16907&amp#27;[0;39m &amp#27;[2m---&amp#27;[0;39m &amp#27;[2m[           main]&amp#27;[0;39m &amp#27;[2m&amp#27;[0;39m&amp#27;[36morg.hibernate.SQL                       &amp#27;[0;39m &amp#27;[2m:&amp#27;[0;39m 
    select
        seq_delito.nextval 
    from
        dual
Hibernate: 
    select
        seq_delito.nextval 
    from
        dual
&amp#27;[2m2025-05-11T11:17:47.896-03:00&amp#27;[0;39m &amp#27;[32mDEBUG&amp#27;[0;39m &amp#27;[35m16907&amp#27;[0;39m &amp#27;[2m---&amp#27;[0;39m &amp#27;[2m[           main]&amp#27;[0;39m &amp#27;[2m&amp#27;[0;39m&amp#27;[36morg.hibernate.SQL                       &amp#27;[0;39m &amp#27;[2m:&amp#27;[0;39m 
    /* insert for
        com.cufre.expedientes.model.Delito */insert 
    into
        delito (actualizado_en, codigo_penal, creado_en, descripcion, nombre, pena_maxima, pena_minima, tipo_pena, valoracion, id) 
    values
        (?, ?, ?, ?, ?, ?, ?, ?, ?, ?)
Hibernate: 
    /* insert for
        com.cufre.expedientes.model.Delito */insert 
    into
        delito (actualizado_en, codigo_penal, creado_en, descripcion, nombre, pena_maxima, pena_minima, tipo_pena, valoracion, id) 
    values
        (?, ?, ?, ?, ?, ?, ?, ?, ?, ?)
&amp#27;[2m2025-05-11T11:17:47.898-03:00&amp#27;[0;39m &amp#27;[32m INFO&amp#27;[0;39m &amp#27;[35m16907&amp#27;[0;39m &amp#27;[2m---&amp#27;[0;39m &amp#27;[2m[           main]&amp#27;[0;39m &amp#27;[2m&amp#27;[0;39m&amp#27;[36mi.StatisticalLoggingSessionEventListener&amp#27;[0;39m &amp#27;[2m:&amp#27;[0;39m Session Metrics {
    1084 nanoseconds spent acquiring 1 JDBC connections;
    0 nanoseconds spent releasing 0 JDBC connections;
    6834 nanoseconds spent preparing 2 JDBC statements;
    379500 nanoseconds spent executing 1 JDBC statements;
    563083 nanoseconds spent executing 1 JDBC batches;
    0 nanoseconds spent performing 0 L2C puts;
    0 nanoseconds spent performing 0 L2C hits;
    0 nanoseconds spent performing 0 L2C misses;
    821750 nanoseconds spent executing 1 flushes (flushing a total of 1 entities and 1 collections);
    0 nanoseconds spent executing 0 partial-flushes (flushing a total of 0 entities and 0 collections)
}
&amp#27;[2m2025-05-11T11:17:47.898-03:00&amp#27;[0;39m &amp#27;[32mDEBUG&amp#27;[0;39m &amp#27;[35m16907&amp#27;[0;39m &amp#27;[2m---&amp#27;[0;39m &amp#27;[2m[           main]&amp#27;[0;39m &amp#27;[2m&amp#27;[0;39m&amp#27;[36morg.hibernate.SQL                       &amp#27;[0;39m &amp#27;[2m:&amp#27;[0;39m 
    /* <criteria> */ select
        d1_0.id,
        d1_0.actualizado_en,
        d1_0.codigo_penal,
        d1_0.creado_en,
        d1_0.descripcion,
        d1_0.nombre,
        d1_0.pena_maxima,
        d1_0.pena_minima,
        d1_0.tipo_pena,
        d1_0.valoracion 
    from
        delito d1_0 
    where
        upper(d1_0.nombre) like upper(?) escape '\'
Hibernate: 
    /* <criteria> */ select
        d1_0.id,
        d1_0.actualizado_en,
        d1_0.codigo_penal,
        d1_0.creado_en,
        d1_0.descripcion,
        d1_0.nombre,
        d1_0.pena_maxima,
        d1_0.pena_minima,
        d1_0.tipo_pena,
        d1_0.valoracion 
    from
        delito d1_0 
    where
        upper(d1_0.nombre) like upper(?) escape '\'
&amp#27;[2m2025-05-11T11:17:47.901-03:00&amp#27;[0;39m &amp#27;[32m INFO&amp#27;[0;39m &amp#27;[35m16907&amp#27;[0;39m &amp#27;[2m---&amp#27;[0;39m &amp#27;[2m[           main]&amp#27;[0;39m &amp#27;[2m&amp#27;[0;39m&amp#27;[36mi.StatisticalLoggingSessionEventListener&amp#27;[0;39m &amp#27;[2m:&amp#27;[0;39m Session Metrics {
    2958 nanoseconds spent acquiring 1 JDBC connections;
    0 nanoseconds spent releasing 0 JDBC connections;
    10458 nanoseconds spent preparing 1 JDBC statements;
    2641875 nanoseconds spent executing 1 JDBC statements;
    0 nanoseconds spent executing 0 JDBC batches;
    0 nanoseconds spent performing 0 L2C puts;
    0 nanoseconds spent performing 0 L2C hits;
    0 nanoseconds spent performing 0 L2C misses;
    0 nanoseconds spent executing 0 flushes (flushing a total of 0 entities and 0 collections);
    0 nanoseconds spent executing 0 partial-flushes (flushing a total of 0 entities and 0 collections)
}
&amp#27;[2m2025-05-11T11:17:47.901-03:00&amp#27;[0;39m &amp#27;[32mDEBUG&amp#27;[0;39m &amp#27;[35m16907&amp#27;[0;39m &amp#27;[2m---&amp#27;[0;39m &amp#27;[2m[           main]&amp#27;[0;39m &amp#27;[2m&amp#27;[0;39m&amp#27;[36morg.hibernate.SQL                       &amp#27;[0;39m &amp#27;[2m:&amp#27;[0;39m 
    select
        seq_delito.nextval 
    from
        dual
Hibernate: 
    select
        seq_delito.nextval 
    from
        dual
&amp#27;[2m2025-05-11T11:17:47.902-03:00&amp#27;[0;39m &amp#27;[32mDEBUG&amp#27;[0;39m &amp#27;[35m16907&amp#27;[0;39m &amp#27;[2m---&amp#27;[0;39m &amp#27;[2m[           main]&amp#27;[0;39m &amp#27;[2m&amp#27;[0;39m&amp#27;[36morg.hibernate.SQL                       &amp#27;[0;39m &amp#27;[2m:&amp#27;[0;39m 
    /* insert for
        com.cufre.expedientes.model.Delito */insert 
    into
        delito (actualizado_en, codigo_penal, creado_en, descripcion, nombre, pena_maxima, pena_minima, tipo_pena, valoracion, id) 
    values
        (?, ?, ?, ?, ?, ?, ?, ?, ?, ?)
Hibernate: 
    /* insert for
        com.cufre.expedientes.model.Delito */insert 
    into
        delito (actualizado_en, codigo_penal, creado_en, descripcion, nombre, pena_maxima, pena_minima, tipo_pena, valoracion, id) 
    values
        (?, ?, ?, ?, ?, ?, ?, ?, ?, ?)
&amp#27;[2m2025-05-11T11:17:47.904-03:00&amp#27;[0;39m &amp#27;[32m INFO&amp#27;[0;39m &amp#27;[35m16907&amp#27;[0;39m &amp#27;[2m---&amp#27;[0;39m &amp#27;[2m[           main]&amp#27;[0;39m &amp#27;[2m&amp#27;[0;39m&amp#27;[36mi.StatisticalLoggingSessionEventListener&amp#27;[0;39m &amp#27;[2m:&amp#27;[0;39m Session Metrics {
    1125 nanoseconds spent acquiring 1 JDBC connections;
    0 nanoseconds spent releasing 0 JDBC connections;
    6583 nanoseconds spent preparing 2 JDBC statements;
    442459 nanoseconds spent executing 1 JDBC statements;
    704708 nanoseconds spent executing 1 JDBC batches;
    0 nanoseconds spent performing 0 L2C puts;
    0 nanoseconds spent performing 0 L2C hits;
    0 nanoseconds spent performing 0 L2C misses;
    1001667 nanoseconds spent executing 1 flushes (flushing a total of 1 entities and 1 collections);
    0 nanoseconds spent executing 0 partial-flushes (flushing a total of 0 entities and 0 collections)
}
&amp#27;[2m2025-05-11T11:17:47.904-03:00&amp#27;[0;39m &amp#27;[32mDEBUG&amp#27;[0;39m &amp#27;[35m16907&amp#27;[0;39m &amp#27;[2m---&amp#27;[0;39m &amp#27;[2m[           main]&amp#27;[0;39m &amp#27;[2m&amp#27;[0;39m&amp#27;[36morg.hibernate.SQL                       &amp#27;[0;39m &amp#27;[2m:&amp#27;[0;39m 
    /* <criteria> */ select
        d1_0.id,
        d1_0.actualizado_en,
        d1_0.codigo_penal,
        d1_0.creado_en,
        d1_0.descripcion,
        d1_0.nombre,
        d1_0.pena_maxima,
        d1_0.pena_minima,
        d1_0.tipo_pena,
        d1_0.valoracion 
    from
        delito d1_0 
    where
        upper(d1_0.nombre) like upper(?) escape '\'
Hibernate: 
    /* <criteria> */ select
        d1_0.id,
        d1_0.actualizado_en,
        d1_0.codigo_penal,
        d1_0.creado_en,
        d1_0.descripcion,
        d1_0.nombre,
        d1_0.pena_maxima,
        d1_0.pena_minima,
        d1_0.tipo_pena,
        d1_0.valoracion 
    from
        delito d1_0 
    where
        upper(d1_0.nombre) like upper(?) escape '\'
&amp#27;[2m2025-05-11T11:17:47.907-03:00&amp#27;[0;39m &amp#27;[32m INFO&amp#27;[0;39m &amp#27;[35m16907&amp#27;[0;39m &amp#27;[2m---&amp#27;[0;39m &amp#27;[2m[           main]&amp#27;[0;39m &amp#27;[2m&amp#27;[0;39m&amp#27;[36mi.StatisticalLoggingSessionEventListener&amp#27;[0;39m &amp#27;[2m:&amp#27;[0;39m Session Metrics {
    2291 nanoseconds spent acquiring 1 JDBC connections;
    0 nanoseconds spent releasing 0 JDBC connections;
    7875 nanoseconds spent preparing 1 JDBC statements;
    2222167 nanoseconds spent executing 1 JDBC statements;
    0 nanoseconds spent executing 0 JDBC batches;
    0 nanoseconds spent performing 0 L2C puts;
    0 nanoseconds spent performing 0 L2C hits;
    0 nanoseconds spent performing 0 L2C misses;
    0 nanoseconds spent executing 0 flushes (flushing a total of 0 entities and 0 collections);
    0 nanoseconds spent executing 0 partial-flushes (flushing a total of 0 entities and 0 collections)
}
&amp#27;[2m2025-05-11T11:17:47.907-03:00&amp#27;[0;39m &amp#27;[32mDEBUG&amp#27;[0;39m &amp#27;[35m16907&amp#27;[0;39m &amp#27;[2m---&amp#27;[0;39m &amp#27;[2m[           main]&amp#27;[0;39m &amp#27;[2m&amp#27;[0;39m&amp#27;[36morg.hibernate.SQL                       &amp#27;[0;39m &amp#27;[2m:&amp#27;[0;39m 
    /* <criteria> */ select
        d1_0.id,
        d1_0.actualizado_en,
        d1_0.codigo_penal,
        d1_0.creado_en,
        d1_0.descripcion,
        d1_0.nombre,
        d1_0.pena_maxima,
        d1_0.pena_minima,
        d1_0.tipo_pena,
        d1_0.valoracion 
    from
        delito d1_0 
    where
        upper(d1_0.nombre) like upper(?) escape '\'
Hibernate: 
    /* <criteria> */ select
        d1_0.id,
        d1_0.actualizado_en,
        d1_0.codigo_penal,
        d1_0.creado_en,
        d1_0.descripcion,
        d1_0.nombre,
        d1_0.pena_maxima,
        d1_0.pena_minima,
        d1_0.tipo_pena,
        d1_0.valoracion 
    from
        delito d1_0 
    where
        upper(d1_0.nombre) like upper(?) escape '\'
&amp#27;[2m2025-05-11T11:17:47.908-03:00&amp#27;[0;39m &amp#27;[32m INFO&amp#27;[0;39m &amp#27;[35m16907&amp#27;[0;39m &amp#27;[2m---&amp#27;[0;39m &amp#27;[2m[           main]&amp#27;[0;39m &amp#27;[2m&amp#27;[0;39m&amp#27;[36mi.StatisticalLoggingSessionEventListener&amp#27;[0;39m &amp#27;[2m:&amp#27;[0;39m Session Metrics {
    2083 nanoseconds spent acquiring 1 JDBC connections;
    0 nanoseconds spent releasing 0 JDBC connections;
    7584 nanoseconds spent preparing 1 JDBC statements;
    1203917 nanoseconds spent executing 1 JDBC statements;
    0 nanoseconds spent executing 0 JDBC batches;
    0 nanoseconds spent performing 0 L2C puts;
    0 nanoseconds spent performing 0 L2C hits;
    0 nanoseconds spent performing 0 L2C misses;
    0 nanoseconds spent executing 0 flushes (flushing a total of 0 entities and 0 collections);
    0 nanoseconds spent executing 0 partial-flushes (flushing a total of 0 entities and 0 collections)
}
&amp#27;[2m2025-05-11T11:17:47.908-03:00&amp#27;[0;39m &amp#27;[32mDEBUG&amp#27;[0;39m &amp#27;[35m16907&amp#27;[0;39m &amp#27;[2m---&amp#27;[0;39m &amp#27;[2m[           main]&amp#27;[0;39m &amp#27;[2m&amp#27;[0;39m&amp#27;[36morg.hibernate.SQL                       &amp#27;[0;39m &amp#27;[2m:&amp#27;[0;39m 
    select
        seq_delito.nextval 
    from
        dual
Hibernate: 
    select
        seq_delito.nextval 
    from
        dual
&amp#27;[2m2025-05-11T11:17:47.909-03:00&amp#27;[0;39m &amp#27;[32mDEBUG&amp#27;[0;39m &amp#27;[35m16907&amp#27;[0;39m &amp#27;[2m---&amp#27;[0;39m &amp#27;[2m[           main]&amp#27;[0;39m &amp#27;[2m&amp#27;[0;39m&amp#27;[36morg.hibernate.SQL                       &amp#27;[0;39m &amp#27;[2m:&amp#27;[0;39m 
    /* insert for
        com.cufre.expedientes.model.Delito */insert 
    into
        delito (actualizado_en, codigo_penal, creado_en, descripcion, nombre, pena_maxima, pena_minima, tipo_pena, valoracion, id) 
    values
        (?, ?, ?, ?, ?, ?, ?, ?, ?, ?)
Hibernate: 
    /* insert for
        com.cufre.expedientes.model.Delito */insert 
    into
        delito (actualizado_en, codigo_penal, creado_en, descripcion, nombre, pena_maxima, pena_minima, tipo_pena, valoracion, id) 
    values
        (?, ?, ?, ?, ?, ?, ?, ?, ?, ?)
&amp#27;[2m2025-05-11T11:17:47.911-03:00&amp#27;[0;39m &amp#27;[32m INFO&amp#27;[0;39m &amp#27;[35m16907&amp#27;[0;39m &amp#27;[2m---&amp#27;[0;39m &amp#27;[2m[           main]&amp#27;[0;39m &amp#27;[2m&amp#27;[0;39m&amp#27;[36mi.StatisticalLoggingSessionEventListener&amp#27;[0;39m &amp#27;[2m:&amp#27;[0;39m Session Metrics {
    1834 nanoseconds spent acquiring 1 JDBC connections;
    0 nanoseconds spent releasing 0 JDBC connections;
    20458 nanoseconds spent preparing 2 JDBC statements;
    317542 nanoseconds spent executing 1 JDBC statements;
    513208 nanoseconds spent executing 1 JDBC batches;
    0 nanoseconds spent performing 0 L2C puts;
    0 nanoseconds spent performing 0 L2C hits;
    0 nanoseconds spent performing 0 L2C misses;
    1023292 nanoseconds spent executing 1 flushes (flushing a total of 1 entities and 1 collections);
    0 nanoseconds spent executing 0 partial-flushes (flushing a total of 0 entities and 0 collections)
}
&amp#27;[2m2025-05-11T11:17:47.911-03:00&amp#27;[0;39m &amp#27;[32mDEBUG&amp#27;[0;39m &amp#27;[35m16907&amp#27;[0;39m &amp#27;[2m---&amp#27;[0;39m &amp#27;[2m[           main]&amp#27;[0;39m &amp#27;[2m&amp#27;[0;39m&amp#27;[36morg.hibernate.SQL                       &amp#27;[0;39m &amp#27;[2m:&amp#27;[0;39m 
    /* <criteria> */ select
        d1_0.id,
        d1_0.actualizado_en,
        d1_0.codigo_penal,
        d1_0.creado_en,
        d1_0.descripcion,
        d1_0.nombre,
        d1_0.pena_maxima,
        d1_0.pena_minima,
        d1_0.tipo_pena,
        d1_0.valoracion 
    from
        delito d1_0 
    where
        upper(d1_0.nombre) like upper(?) escape '\'
Hibernate: 
    /* <criteria> */ select
        d1_0.id,
        d1_0.actualizado_en,
        d1_0.codigo_penal,
        d1_0.creado_en,
        d1_0.descripcion,
        d1_0.nombre,
        d1_0.pena_maxima,
        d1_0.pena_minima,
        d1_0.tipo_pena,
        d1_0.valoracion 
    from
        delito d1_0 
    where
        upper(d1_0.nombre) like upper(?) escape '\'
&amp#27;[2m2025-05-11T11:17:47.913-03:00&amp#27;[0;39m &amp#27;[32m INFO&amp#27;[0;39m &amp#27;[35m16907&amp#27;[0;39m &amp#27;[2m---&amp#27;[0;39m &amp#27;[2m[           main]&amp#27;[0;39m &amp#27;[2m&amp#27;[0;39m&amp#27;[36mi.StatisticalLoggingSessionEventListener&amp#27;[0;39m &amp#27;[2m:&amp#27;[0;39m Session Metrics {
    3209 nanoseconds spent acquiring 1 JDBC connections;
    0 nanoseconds spent releasing 0 JDBC connections;
    13125 nanoseconds spent preparing 1 JDBC statements;
    1361417 nanoseconds spent executing 1 JDBC statements;
    0 nanoseconds spent executing 0 JDBC batches;
    0 nanoseconds spent performing 0 L2C puts;
    0 nanoseconds spent performing 0 L2C hits;
    0 nanoseconds spent performing 0 L2C misses;
    0 nanoseconds spent executing 0 flushes (flushing a total of 0 entities and 0 collections);
    0 nanoseconds spent executing 0 partial-flushes (flushing a total of 0 entities and 0 collections)
}
&amp#27;[2m2025-05-11T11:17:47.913-03:00&amp#27;[0;39m &amp#27;[32mDEBUG&amp#27;[0;39m &amp#27;[35m16907&amp#27;[0;39m &amp#27;[2m---&amp#27;[0;39m &amp#27;[2m[           main]&amp#27;[0;39m &amp#27;[2m&amp#27;[0;39m&amp#27;[36morg.hibernate.SQL                       &amp#27;[0;39m &amp#27;[2m:&amp#27;[0;39m 
    select
        seq_delito.nextval 
    from
        dual
Hibernate: 
    select
        seq_delito.nextval 
    from
        dual
&amp#27;[2m2025-05-11T11:17:47.915-03:00&amp#27;[0;39m &amp#27;[32mDEBUG&amp#27;[0;39m &amp#27;[35m16907&amp#27;[0;39m &amp#27;[2m---&amp#27;[0;39m &amp#27;[2m[           main]&amp#27;[0;39m &amp#27;[2m&amp#27;[0;39m&amp#27;[36morg.hibernate.SQL                       &amp#27;[0;39m &amp#27;[2m:&amp#27;[0;39m 
    /* insert for
        com.cufre.expedientes.model.Delito */insert 
    into
        delito (actualizado_en, codigo_penal, creado_en, descripcion, nombre, pena_maxima, pena_minima, tipo_pena, valoracion, id) 
    values
        (?, ?, ?, ?, ?, ?, ?, ?, ?, ?)
Hibernate: 
    /* insert for
        com.cufre.expedientes.model.Delito */insert 
    into
        delito (actualizado_en, codigo_penal, creado_en, descripcion, nombre, pena_maxima, pena_minima, tipo_pena, valoracion, id) 
    values
        (?, ?, ?, ?, ?, ?, ?, ?, ?, ?)
&amp#27;[2m2025-05-11T11:17:47.916-03:00&amp#27;[0;39m &amp#27;[32m INFO&amp#27;[0;39m &amp#27;[35m16907&amp#27;[0;39m &amp#27;[2m---&amp#27;[0;39m &amp#27;[2m[           main]&amp#27;[0;39m &amp#27;[2m&amp#27;[0;39m&amp#27;[36mi.StatisticalLoggingSessionEventListener&amp#27;[0;39m &amp#27;[2m:&amp#27;[0;39m Session Metrics {
    2834 nanoseconds spent acquiring 1 JDBC connections;
    0 nanoseconds spent releasing 0 JDBC connections;
    15458 nanoseconds spent preparing 2 JDBC statements;
    1087084 nanoseconds spent executing 1 JDBC statements;
    441125 nanoseconds spent executing 1 JDBC batches;
    0 nanoseconds spent performing 0 L2C puts;
    0 nanoseconds spent performing 0 L2C hits;
    0 nanoseconds spent performing 0 L2C misses;
    873917 nanoseconds spent executing 1 flushes (flushing a total of 1 entities and 1 collections);
    0 nanoseconds spent executing 0 partial-flushes (flushing a total of 0 entities and 0 collections)
}
&amp#27;[2m2025-05-11T11:17:47.917-03:00&amp#27;[0;39m &amp#27;[32mDEBUG&amp#27;[0;39m &amp#27;[35m16907&amp#27;[0;39m &amp#27;[2m---&amp#27;[0;39m &amp#27;[2m[           main]&amp#27;[0;39m &amp#27;[2m&amp#27;[0;39m&amp#27;[36morg.hibernate.SQL                       &amp#27;[0;39m &amp#27;[2m:&amp#27;[0;39m 
    /* <criteria> */ select
        d1_0.id,
        d1_0.actualizado_en,
        d1_0.codigo_penal,
        d1_0.creado_en,
        d1_0.descripcion,
        d1_0.nombre,
        d1_0.pena_maxima,
        d1_0.pena_minima,
        d1_0.tipo_pena,
        d1_0.valoracion 
    from
        delito d1_0 
    where
        upper(d1_0.nombre) like upper(?) escape '\'
Hibernate: 
    /* <criteria> */ select
        d1_0.id,
        d1_0.actualizado_en,
        d1_0.codigo_penal,
        d1_0.creado_en,
        d1_0.descripcion,
        d1_0.nombre,
        d1_0.pena_maxima,
        d1_0.pena_minima,
        d1_0.tipo_pena,
        d1_0.valoracion 
    from
        delito d1_0 
    where
        upper(d1_0.nombre) like upper(?) escape '\'
&amp#27;[2m2025-05-11T11:17:47.918-03:00&amp#27;[0;39m &amp#27;[32m INFO&amp#27;[0;39m &amp#27;[35m16907&amp#27;[0;39m &amp#27;[2m---&amp#27;[0;39m &amp#27;[2m[           main]&amp#27;[0;39m &amp#27;[2m&amp#27;[0;39m&amp#27;[36mi.StatisticalLoggingSessionEventListener&amp#27;[0;39m &amp#27;[2m:&amp#27;[0;39m Session Metrics {
    4792 nanoseconds spent acquiring 1 JDBC connections;
    0 nanoseconds spent releasing 0 JDBC connections;
    16458 nanoseconds spent preparing 1 JDBC statements;
    1467666 nanoseconds spent executing 1 JDBC statements;
    0 nanoseconds spent executing 0 JDBC batches;
    0 nanoseconds spent performing 0 L2C puts;
    0 nanoseconds spent performing 0 L2C hits;
    0 nanoseconds spent performing 0 L2C misses;
    0 nanoseconds spent executing 0 flushes (flushing a total of 0 entities and 0 collections);
    0 nanoseconds spent executing 0 partial-flushes (flushing a total of 0 entities and 0 collections)
}
&amp#27;[2m2025-05-11T11:17:47.918-03:00&amp#27;[0;39m &amp#27;[32mDEBUG&amp#27;[0;39m &amp#27;[35m16907&amp#27;[0;39m &amp#27;[2m---&amp#27;[0;39m &amp#27;[2m[           main]&amp#27;[0;39m &amp#27;[2m&amp#27;[0;39m&amp#27;[36morg.hibernate.SQL                       &amp#27;[0;39m &amp#27;[2m:&amp#27;[0;39m 
    select
        seq_delito.nextval 
    from
        dual
Hibernate: 
    select
        seq_delito.nextval 
    from
        dual
&amp#27;[2m2025-05-11T11:17:47.919-03:00&amp#27;[0;39m &amp#27;[32mDEBUG&amp#27;[0;39m &amp#27;[35m16907&amp#27;[0;39m &amp#27;[2m---&amp#27;[0;39m &amp#27;[2m[           main]&amp#27;[0;39m &amp#27;[2m&amp#27;[0;39m&amp#27;[36morg.hibernate.SQL                       &amp#27;[0;39m &amp#27;[2m:&amp#27;[0;39m 
    /* insert for
        com.cufre.expedientes.model.Delito */insert 
    into
        delito (actualizado_en, codigo_penal, creado_en, descripcion, nombre, pena_maxima, pena_minima, tipo_pena, valoracion, id) 
    values
        (?, ?, ?, ?, ?, ?, ?, ?, ?, ?)
Hibernate: 
    /* insert for
        com.cufre.expedientes.model.Delito */insert 
    into
        delito (actualizado_en, codigo_penal, creado_en, descripcion, nombre, pena_maxima, pena_minima, tipo_pena, valoracion, id) 
    values
        (?, ?, ?, ?, ?, ?, ?, ?, ?, ?)
&amp#27;[2m2025-05-11T11:17:47.921-03:00&amp#27;[0;39m &amp#27;[32m INFO&amp#27;[0;39m &amp#27;[35m16907&amp#27;[0;39m &amp#27;[2m---&amp#27;[0;39m &amp#27;[2m[           main]&amp#27;[0;39m &amp#27;[2m&amp#27;[0;39m&amp#27;[36mi.StatisticalLoggingSessionEventListener&amp#27;[0;39m &amp#27;[2m:&amp#27;[0;39m Session Metrics {
    1500 nanoseconds spent acquiring 1 JDBC connections;
    0 nanoseconds spent releasing 0 JDBC connections;
    11333 nanoseconds spent preparing 2 JDBC statements;
    644709 nanoseconds spent executing 1 JDBC statements;
    688833 nanoseconds spent executing 1 JDBC batches;
    0 nanoseconds spent performing 0 L2C puts;
    0 nanoseconds spent performing 0 L2C hits;
    0 nanoseconds spent performing 0 L2C misses;
    1005750 nanoseconds spent executing 1 flushes (flushing a total of 1 entities and 1 collections);
    0 nanoseconds spent executing 0 partial-flushes (flushing a total of 0 entities and 0 collections)
}
&amp#27;[2m2025-05-11T11:17:47.922-03:00&amp#27;[0;39m &amp#27;[32mDEBUG&amp#27;[0;39m &amp#27;[35m16907&amp#27;[0;39m &amp#27;[2m---&amp#27;[0;39m &amp#27;[2m[           main]&amp#27;[0;39m &amp#27;[2m&amp#27;[0;39m&amp#27;[36morg.hibernate.SQL                       &amp#27;[0;39m &amp#27;[2m:&amp#27;[0;39m 
    /* <criteria> */ select
        d1_0.id,
        d1_0.actualizado_en,
        d1_0.codigo_penal,
        d1_0.creado_en,
        d1_0.descripcion,
        d1_0.nombre,
        d1_0.pena_maxima,
        d1_0.pena_minima,
        d1_0.tipo_pena,
        d1_0.valoracion 
    from
        delito d1_0 
    where
        upper(d1_0.nombre) like upper(?) escape '\'
Hibernate: 
    /* <criteria> */ select
        d1_0.id,
        d1_0.actualizado_en,
        d1_0.codigo_penal,
        d1_0.creado_en,
        d1_0.descripcion,
        d1_0.nombre,
        d1_0.pena_maxima,
        d1_0.pena_minima,
        d1_0.tipo_pena,
        d1_0.valoracion 
    from
        delito d1_0 
    where
        upper(d1_0.nombre) like upper(?) escape '\'
&amp#27;[2m2025-05-11T11:17:47.925-03:00&amp#27;[0;39m &amp#27;[32m INFO&amp#27;[0;39m &amp#27;[35m16907&amp#27;[0;39m &amp#27;[2m---&amp#27;[0;39m &amp#27;[2m[           main]&amp#27;[0;39m &amp#27;[2m&amp#27;[0;39m&amp#27;[36mi.StatisticalLoggingSessionEventListener&amp#27;[0;39m &amp#27;[2m:&amp#27;[0;39m Session Metrics {
    3125 nanoseconds spent acquiring 1 JDBC connections;
    0 nanoseconds spent releasing 0 JDBC connections;
    11750 nanoseconds spent preparing 1 JDBC statements;
    2851375 nanoseconds spent executing 1 JDBC statements;
    0 nanoseconds spent executing 0 JDBC batches;
    0 nanoseconds spent performing 0 L2C puts;
    0 nanoseconds spent performing 0 L2C hits;
    0 nanoseconds spent performing 0 L2C misses;
    0 nanoseconds spent executing 0 flushes (flushing a total of 0 entities and 0 collections);
    0 nanoseconds spent executing 0 partial-flushes (flushing a total of 0 entities and 0 collections)
}
&amp#27;[2m2025-05-11T11:17:47.925-03:00&amp#27;[0;39m &amp#27;[32mDEBUG&amp#27;[0;39m &amp#27;[35m16907&amp#27;[0;39m &amp#27;[2m---&amp#27;[0;39m &amp#27;[2m[           main]&amp#27;[0;39m &amp#27;[2m&amp#27;[0;39m&amp#27;[36morg.hibernate.SQL                       &amp#27;[0;39m &amp#27;[2m:&amp#27;[0;39m 
    select
        seq_delito.nextval 
    from
        dual
Hibernate: 
    select
        seq_delito.nextval 
    from
        dual
&amp#27;[2m2025-05-11T11:17:47.926-03:00&amp#27;[0;39m &amp#27;[32mDEBUG&amp#27;[0;39m &amp#27;[35m16907&amp#27;[0;39m &amp#27;[2m---&amp#27;[0;39m &amp#27;[2m[           main]&amp#27;[0;39m &amp#27;[2m&amp#27;[0;39m&amp#27;[36morg.hibernate.SQL                       &amp#27;[0;39m &amp#27;[2m:&amp#27;[0;39m 
    /* insert for
        com.cufre.expedientes.model.Delito */insert 
    into
        delito (actualizado_en, codigo_penal, creado_en, descripcion, nombre, pena_maxima, pena_minima, tipo_pena, valoracion, id) 
    values
        (?, ?, ?, ?, ?, ?, ?, ?, ?, ?)
Hibernate: 
    /* insert for
        com.cufre.expedientes.model.Delito */insert 
    into
        delito (actualizado_en, codigo_penal, creado_en, descripcion, nombre, pena_maxima, pena_minima, tipo_pena, valoracion, id) 
    values
        (?, ?, ?, ?, ?, ?, ?, ?, ?, ?)
&amp#27;[2m2025-05-11T11:17:47.928-03:00&amp#27;[0;39m &amp#27;[32m INFO&amp#27;[0;39m &amp#27;[35m16907&amp#27;[0;39m &amp#27;[2m---&amp#27;[0;39m &amp#27;[2m[           main]&amp#27;[0;39m &amp#27;[2m&amp#27;[0;39m&amp#27;[36mi.StatisticalLoggingSessionEventListener&amp#27;[0;39m &amp#27;[2m:&amp#27;[0;39m Session Metrics {
    1584 nanoseconds spent acquiring 1 JDBC connections;
    0 nanoseconds spent releasing 0 JDBC connections;
    8125 nanoseconds spent preparing 2 JDBC statements;
    458625 nanoseconds spent executing 1 JDBC statements;
    667417 nanoseconds spent executing 1 JDBC batches;
    0 nanoseconds spent performing 0 L2C puts;
    0 nanoseconds spent performing 0 L2C hits;
    0 nanoseconds spent performing 0 L2C misses;
    942958 nanoseconds spent executing 1 flushes (flushing a total of 1 entities and 1 collections);
    0 nanoseconds spent executing 0 partial-flushes (flushing a total of 0 entities and 0 collections)
}
&amp#27;[2m2025-05-11T11:17:47.928-03:00&amp#27;[0;39m &amp#27;[32mDEBUG&amp#27;[0;39m &amp#27;[35m16907&amp#27;[0;39m &amp#27;[2m---&amp#27;[0;39m &amp#27;[2m[           main]&amp#27;[0;39m &amp#27;[2m&amp#27;[0;39m&amp#27;[36morg.hibernate.SQL                       &amp#27;[0;39m &amp#27;[2m:&amp#27;[0;39m 
    /* <criteria> */ select
        d1_0.id,
        d1_0.actualizado_en,
        d1_0.codigo_penal,
        d1_0.creado_en,
        d1_0.descripcion,
        d1_0.nombre,
        d1_0.pena_maxima,
        d1_0.pena_minima,
        d1_0.tipo_pena,
        d1_0.valoracion 
    from
        delito d1_0 
    where
        upper(d1_0.nombre) like upper(?) escape '\'
Hibernate: 
    /* <criteria> */ select
        d1_0.id,
        d1_0.actualizado_en,
        d1_0.codigo_penal,
        d1_0.creado_en,
        d1_0.descripcion,
        d1_0.nombre,
        d1_0.pena_maxima,
        d1_0.pena_minima,
        d1_0.tipo_pena,
        d1_0.valoracion 
    from
        delito d1_0 
    where
        upper(d1_0.nombre) like upper(?) escape '\'
&amp#27;[2m2025-05-11T11:17:47.931-03:00&amp#27;[0;39m &amp#27;[32m INFO&amp#27;[0;39m &amp#27;[35m16907&amp#27;[0;39m &amp#27;[2m---&amp#27;[0;39m &amp#27;[2m[           main]&amp#27;[0;39m &amp#27;[2m&amp#27;[0;39m&amp#27;[36mi.StatisticalLoggingSessionEventListener&amp#27;[0;39m &amp#27;[2m:&amp#27;[0;39m Session Metrics {
    3167 nanoseconds spent acquiring 1 JDBC connections;
    0 nanoseconds spent releasing 0 JDBC connections;
    11250 nanoseconds spent preparing 1 JDBC statements;
    2781208 nanoseconds spent executing 1 JDBC statements;
    0 nanoseconds spent executing 0 JDBC batches;
    0 nanoseconds spent performing 0 L2C puts;
    0 nanoseconds spent performing 0 L2C hits;
    0 nanoseconds spent performing 0 L2C misses;
    0 nanoseconds spent executing 0 flushes (flushing a total of 0 entities and 0 collections);
    0 nanoseconds spent executing 0 partial-flushes (flushing a total of 0 entities and 0 collections)
}
&amp#27;[2m2025-05-11T11:17:47.931-03:00&amp#27;[0;39m &amp#27;[32mDEBUG&amp#27;[0;39m &amp#27;[35m16907&amp#27;[0;39m &amp#27;[2m---&amp#27;[0;39m &amp#27;[2m[           main]&amp#27;[0;39m &amp#27;[2m&amp#27;[0;39m&amp#27;[36morg.hibernate.SQL                       &amp#27;[0;39m &amp#27;[2m:&amp#27;[0;39m 
    select
        seq_delito.nextval 
    from
        dual
Hibernate: 
    select
        seq_delito.nextval 
    from
        dual
&amp#27;[2m2025-05-11T11:17:47.932-03:00&amp#27;[0;39m &amp#27;[32mDEBUG&amp#27;[0;39m &amp#27;[35m16907&amp#27;[0;39m &amp#27;[2m---&amp#27;[0;39m &amp#27;[2m[           main]&amp#27;[0;39m &amp#27;[2m&amp#27;[0;39m&amp#27;[36morg.hibernate.SQL                       &amp#27;[0;39m &amp#27;[2m:&amp#27;[0;39m 
    /* insert for
        com.cufre.expedientes.model.Delito */insert 
    into
        delito (actualizado_en, codigo_penal, creado_en, descripcion, nombre, pena_maxima, pena_minima, tipo_pena, valoracion, id) 
    values
        (?, ?, ?, ?, ?, ?, ?, ?, ?, ?)
Hibernate: 
    /* insert for
        com.cufre.expedientes.model.Delito */insert 
    into
        delito (actualizado_en, codigo_penal, creado_en, descripcion, nombre, pena_maxima, pena_minima, tipo_pena, valoracion, id) 
    values
        (?, ?, ?, ?, ?, ?, ?, ?, ?, ?)
&amp#27;[2m2025-05-11T11:17:47.934-03:00&amp#27;[0;39m &amp#27;[32m INFO&amp#27;[0;39m &amp#27;[35m16907&amp#27;[0;39m &amp#27;[2m---&amp#27;[0;39m &amp#27;[2m[           main]&amp#27;[0;39m &amp#27;[2m&amp#27;[0;39m&amp#27;[36mi.StatisticalLoggingSessionEventListener&amp#27;[0;39m &amp#27;[2m:&amp#27;[0;39m Session Metrics {
    1250 nanoseconds spent acquiring 1 JDBC connections;
    0 nanoseconds spent releasing 0 JDBC connections;
    7250 nanoseconds spent preparing 2 JDBC statements;
    541292 nanoseconds spent executing 1 JDBC statements;
    779792 nanoseconds spent executing 1 JDBC batches;
    0 nanoseconds spent performing 0 L2C puts;
    0 nanoseconds spent performing 0 L2C hits;
    0 nanoseconds spent performing 0 L2C misses;
    1018375 nanoseconds spent executing 1 flushes (flushing a total of 1 entities and 1 collections);
    0 nanoseconds spent executing 0 partial-flushes (flushing a total of 0 entities and 0 collections)
}
&amp#27;[2m2025-05-11T11:17:47.935-03:00&amp#27;[0;39m &amp#27;[32mDEBUG&amp#27;[0;39m &amp#27;[35m16907&amp#27;[0;39m &amp#27;[2m---&amp#27;[0;39m &amp#27;[2m[           main]&amp#27;[0;39m &amp#27;[2m&amp#27;[0;39m&amp#27;[36morg.hibernate.SQL                       &amp#27;[0;39m &amp#27;[2m:&amp#27;[0;39m 
    /* <criteria> */ select
        d1_0.id,
        d1_0.actualizado_en,
        d1_0.codigo_penal,
        d1_0.creado_en,
        d1_0.descripcion,
        d1_0.nombre,
        d1_0.pena_maxima,
        d1_0.pena_minima,
        d1_0.tipo_pena,
        d1_0.valoracion 
    from
        delito d1_0 
    where
        upper(d1_0.nombre) like upper(?) escape '\'
Hibernate: 
    /* <criteria> */ select
        d1_0.id,
        d1_0.actualizado_en,
        d1_0.codigo_penal,
        d1_0.creado_en,
        d1_0.descripcion,
        d1_0.nombre,
        d1_0.pena_maxima,
        d1_0.pena_minima,
        d1_0.tipo_pena,
        d1_0.valoracion 
    from
        delito d1_0 
    where
        upper(d1_0.nombre) like upper(?) escape '\'
&amp#27;[2m2025-05-11T11:17:47.937-03:00&amp#27;[0;39m &amp#27;[32m INFO&amp#27;[0;39m &amp#27;[35m16907&amp#27;[0;39m &amp#27;[2m---&amp#27;[0;39m &amp#27;[2m[           main]&amp#27;[0;39m &amp#27;[2m&amp#27;[0;39m&amp#27;[36mi.StatisticalLoggingSessionEventListener&amp#27;[0;39m &amp#27;[2m:&amp#27;[0;39m Session Metrics {
    2000 nanoseconds spent acquiring 1 JDBC connections;
    0 nanoseconds spent releasing 0 JDBC connections;
    7417 nanoseconds spent preparing 1 JDBC statements;
    2559833 nanoseconds spent executing 1 JDBC statements;
    0 nanoseconds spent executing 0 JDBC batches;
    0 nanoseconds spent performing 0 L2C puts;
    0 nanoseconds spent performing 0 L2C hits;
    0 nanoseconds spent performing 0 L2C misses;
    0 nanoseconds spent executing 0 flushes (flushing a total of 0 entities and 0 collections);
    0 nanoseconds spent executing 0 partial-flushes (flushing a total of 0 entities and 0 collections)
}
&amp#27;[2m2025-05-11T11:17:47.938-03:00&amp#27;[0;39m &amp#27;[32mDEBUG&amp#27;[0;39m &amp#27;[35m16907&amp#27;[0;39m &amp#27;[2m---&amp#27;[0;39m &amp#27;[2m[           main]&amp#27;[0;39m &amp#27;[2m&amp#27;[0;39m&amp#27;[36morg.hibernate.SQL                       &amp#27;[0;39m &amp#27;[2m:&amp#27;[0;39m 
    select
        seq_delito.nextval 
    from
        dual
Hibernate: 
    select
        seq_delito.nextval 
    from
        dual
&amp#27;[2m2025-05-11T11:17:47.938-03:00&amp#27;[0;39m &amp#27;[32mDEBUG&amp#27;[0;39m &amp#27;[35m16907&amp#27;[0;39m &amp#27;[2m---&amp#27;[0;39m &amp#27;[2m[           main]&amp#27;[0;39m &amp#27;[2m&amp#27;[0;39m&amp#27;[36morg.hibernate.SQL                       &amp#27;[0;39m &amp#27;[2m:&amp#27;[0;39m 
    /* insert for
        com.cufre.expedientes.model.Delito */insert 
    into
        delito (actualizado_en, codigo_penal, creado_en, descripcion, nombre, pena_maxima, pena_minima, tipo_pena, valoracion, id) 
    values
        (?, ?, ?, ?, ?, ?, ?, ?, ?, ?)
Hibernate: 
    /* insert for
        com.cufre.expedientes.model.Delito */insert 
    into
        delito (actualizado_en, codigo_penal, creado_en, descripcion, nombre, pena_maxima, pena_minima, tipo_pena, valoracion, id) 
    values
        (?, ?, ?, ?, ?, ?, ?, ?, ?, ?)
&amp#27;[2m2025-05-11T11:17:47.940-03:00&amp#27;[0;39m &amp#27;[32m INFO&amp#27;[0;39m &amp#27;[35m16907&amp#27;[0;39m &amp#27;[2m---&amp#27;[0;39m &amp#27;[2m[           main]&amp#27;[0;39m &amp#27;[2m&amp#27;[0;39m&amp#27;[36mi.StatisticalLoggingSessionEventListener&amp#27;[0;39m &amp#27;[2m:&amp#27;[0;39m Session Metrics {
    3375 nanoseconds spent acquiring 1 JDBC connections;
    0 nanoseconds spent releasing 0 JDBC connections;
    16291 nanoseconds spent preparing 2 JDBC statements;
    379875 nanoseconds spent executing 1 JDBC statements;
    443916 nanoseconds spent executing 1 JDBC batches;
    0 nanoseconds spent performing 0 L2C puts;
    0 nanoseconds spent performing 0 L2C hits;
    0 nanoseconds spent performing 0 L2C misses;
    748417 nanoseconds spent executing 1 flushes (flushing a total of 1 entities and 1 collections);
    0 nanoseconds spent executing 0 partial-flushes (flushing a total of 0 entities and 0 collections)
}
&amp#27;[2m2025-05-11T11:17:47.940-03:00&amp#27;[0;39m &amp#27;[32mDEBUG&amp#27;[0;39m &amp#27;[35m16907&amp#27;[0;39m &amp#27;[2m---&amp#27;[0;39m &amp#27;[2m[           main]&amp#27;[0;39m &amp#27;[2m&amp#27;[0;39m&amp#27;[36morg.hibernate.SQL                       &amp#27;[0;39m &amp#27;[2m:&amp#27;[0;39m 
    /* <criteria> */ select
        d1_0.id,
        d1_0.actualizado_en,
        d1_0.codigo_penal,
        d1_0.creado_en,
        d1_0.descripcion,
        d1_0.nombre,
        d1_0.pena_maxima,
        d1_0.pena_minima,
        d1_0.tipo_pena,
        d1_0.valoracion 
    from
        delito d1_0 
    where
        upper(d1_0.nombre) like upper(?) escape '\'
Hibernate: 
    /* <criteria> */ select
        d1_0.id,
        d1_0.actualizado_en,
        d1_0.codigo_penal,
        d1_0.creado_en,
        d1_0.descripcion,
        d1_0.nombre,
        d1_0.pena_maxima,
        d1_0.pena_minima,
        d1_0.tipo_pena,
        d1_0.valoracion 
    from
        delito d1_0 
    where
        upper(d1_0.nombre) like upper(?) escape '\'
&amp#27;[2m2025-05-11T11:17:47.942-03:00&amp#27;[0;39m &amp#27;[32m INFO&amp#27;[0;39m &amp#27;[35m16907&amp#27;[0;39m &amp#27;[2m---&amp#27;[0;39m &amp#27;[2m[           main]&amp#27;[0;39m &amp#27;[2m&amp#27;[0;39m&amp#27;[36mi.StatisticalLoggingSessionEventListener&amp#27;[0;39m &amp#27;[2m:&amp#27;[0;39m Session Metrics {
    3167 nanoseconds spent acquiring 1 JDBC connections;
    0 nanoseconds spent releasing 0 JDBC connections;
    12292 nanoseconds spent preparing 1 JDBC statements;
    1317666 nanoseconds spent executing 1 JDBC statements;
    0 nanoseconds spent executing 0 JDBC batches;
    0 nanoseconds spent performing 0 L2C puts;
    0 nanoseconds spent performing 0 L2C hits;
    0 nanoseconds spent performing 0 L2C misses;
    0 nanoseconds spent executing 0 flushes (flushing a total of 0 entities and 0 collections);
    0 nanoseconds spent executing 0 partial-flushes (flushing a total of 0 entities and 0 collections)
}
&amp#27;[2m2025-05-11T11:17:47.942-03:00&amp#27;[0;39m &amp#27;[32mDEBUG&amp#27;[0;39m &amp#27;[35m16907&amp#27;[0;39m &amp#27;[2m---&amp#27;[0;39m &amp#27;[2m[           main]&amp#27;[0;39m &amp#27;[2m&amp#27;[0;39m&amp#27;[36morg.hibernate.SQL                       &amp#27;[0;39m &amp#27;[2m:&amp#27;[0;39m 
    select
        seq_delito.nextval 
    from
        dual
Hibernate: 
    select
        seq_delito.nextval 
    from
        dual
&amp#27;[2m2025-05-11T11:17:47.942-03:00&amp#27;[0;39m &amp#27;[32mDEBUG&amp#27;[0;39m &amp#27;[35m16907&amp#27;[0;39m &amp#27;[2m---&amp#27;[0;39m &amp#27;[2m[           main]&amp#27;[0;39m &amp#27;[2m&amp#27;[0;39m&amp#27;[36morg.hibernate.SQL                       &amp#27;[0;39m &amp#27;[2m:&amp#27;[0;39m 
    /* insert for
        com.cufre.expedientes.model.Delito */insert 
    into
        delito (actualizado_en, codigo_penal, creado_en, descripcion, nombre, pena_maxima, pena_minima, tipo_pena, valoracion, id) 
    values
        (?, ?, ?, ?, ?, ?, ?, ?, ?, ?)
Hibernate: 
    /* insert for
        com.cufre.expedientes.model.Delito */insert 
    into
        delito (actualizado_en, codigo_penal, creado_en, descripcion, nombre, pena_maxima, pena_minima, tipo_pena, valoracion, id) 
    values
        (?, ?, ?, ?, ?, ?, ?, ?, ?, ?)
&amp#27;[2m2025-05-11T11:17:47.943-03:00&amp#27;[0;39m &amp#27;[32m INFO&amp#27;[0;39m &amp#27;[35m16907&amp#27;[0;39m &amp#27;[2m---&amp#27;[0;39m &amp#27;[2m[           main]&amp#27;[0;39m &amp#27;[2m&amp#27;[0;39m&amp#27;[36mi.StatisticalLoggingSessionEventListener&amp#27;[0;39m &amp#27;[2m:&amp#27;[0;39m Session Metrics {
    2167 nanoseconds spent acquiring 1 JDBC connections;
    0 nanoseconds spent releasing 0 JDBC connections;
    12375 nanoseconds spent preparing 2 JDBC statements;
    277167 nanoseconds spent executing 1 JDBC statements;
    368792 nanoseconds spent executing 1 JDBC batches;
    0 nanoseconds spent performing 0 L2C puts;
    0 nanoseconds spent performing 0 L2C hits;
    0 nanoseconds spent performing 0 L2C misses;
    639834 nanoseconds spent executing 1 flushes (flushing a total of 1 entities and 1 collections);
    0 nanoseconds spent executing 0 partial-flushes (flushing a total of 0 entities and 0 collections)
}
&amp#27;[2m2025-05-11T11:17:47.944-03:00&amp#27;[0;39m &amp#27;[32mDEBUG&amp#27;[0;39m &amp#27;[35m16907&amp#27;[0;39m &amp#27;[2m---&amp#27;[0;39m &amp#27;[2m[           main]&amp#27;[0;39m &amp#27;[2m&amp#27;[0;39m&amp#27;[36morg.hibernate.SQL                       &amp#27;[0;39m &amp#27;[2m:&amp#27;[0;39m 
    /* <criteria> */ select
        d1_0.id,
        d1_0.actualizado_en,
        d1_0.codigo_penal,
        d1_0.creado_en,
        d1_0.descripcion,
        d1_0.nombre,
        d1_0.pena_maxima,
        d1_0.pena_minima,
        d1_0.tipo_pena,
        d1_0.valoracion 
    from
        delito d1_0 
    where
        upper(d1_0.nombre) like upper(?) escape '\'
Hibernate: 
    /* <criteria> */ select
        d1_0.id,
        d1_0.actualizado_en,
        d1_0.codigo_penal,
        d1_0.creado_en,
        d1_0.descripcion,
        d1_0.nombre,
        d1_0.pena_maxima,
        d1_0.pena_minima,
        d1_0.tipo_pena,
        d1_0.valoracion 
    from
        delito d1_0 
    where
        upper(d1_0.nombre) like upper(?) escape '\'
&amp#27;[2m2025-05-11T11:17:47.946-03:00&amp#27;[0;39m &amp#27;[32m INFO&amp#27;[0;39m &amp#27;[35m16907&amp#27;[0;39m &amp#27;[2m---&amp#27;[0;39m &amp#27;[2m[           main]&amp#27;[0;39m &amp#27;[2m&amp#27;[0;39m&amp#27;[36mi.StatisticalLoggingSessionEventListener&amp#27;[0;39m &amp#27;[2m:&amp#27;[0;39m Session Metrics {
    2625 nanoseconds spent acquiring 1 JDBC connections;
    0 nanoseconds spent releasing 0 JDBC connections;
    11000 nanoseconds spent preparing 1 JDBC statements;
    1435583 nanoseconds spent executing 1 JDBC statements;
    0 nanoseconds spent executing 0 JDBC batches;
    0 nanoseconds spent performing 0 L2C puts;
    0 nanoseconds spent performing 0 L2C hits;
    0 nanoseconds spent performing 0 L2C misses;
    0 nanoseconds spent executing 0 flushes (flushing a total of 0 entities and 0 collections);
    0 nanoseconds spent executing 0 partial-flushes (flushing a total of 0 entities and 0 collections)
}
&amp#27;[2m2025-05-11T11:17:47.946-03:00&amp#27;[0;39m &amp#27;[32mDEBUG&amp#27;[0;39m &amp#27;[35m16907&amp#27;[0;39m &amp#27;[2m---&amp#27;[0;39m &amp#27;[2m[           main]&amp#27;[0;39m &amp#27;[2m&amp#27;[0;39m&amp#27;[36morg.hibernate.SQL                       &amp#27;[0;39m &amp#27;[2m:&amp#27;[0;39m 
    select
        seq_delito.nextval 
    from
        dual
Hibernate: 
    select
        seq_delito.nextval 
    from
        dual
&amp#27;[2m2025-05-11T11:17:47.947-03:00&amp#27;[0;39m &amp#27;[32mDEBUG&amp#27;[0;39m &amp#27;[35m16907&amp#27;[0;39m &amp#27;[2m---&amp#27;[0;39m &amp#27;[2m[           main]&amp#27;[0;39m &amp#27;[2m&amp#27;[0;39m&amp#27;[36morg.hibernate.SQL                       &amp#27;[0;39m &amp#27;[2m:&amp#27;[0;39m 
    /* insert for
        com.cufre.expedientes.model.Delito */insert 
    into
        delito (actualizado_en, codigo_penal, creado_en, descripcion, nombre, pena_maxima, pena_minima, tipo_pena, valoracion, id) 
    values
        (?, ?, ?, ?, ?, ?, ?, ?, ?, ?)
Hibernate: 
    /* insert for
        com.cufre.expedientes.model.Delito */insert 
    into
        delito (actualizado_en, codigo_penal, creado_en, descripcion, nombre, pena_maxima, pena_minima, tipo_pena, valoracion, id) 
    values
        (?, ?, ?, ?, ?, ?, ?, ?, ?, ?)
&amp#27;[2m2025-05-11T11:17:47.949-03:00&amp#27;[0;39m &amp#27;[32m INFO&amp#27;[0;39m &amp#27;[35m16907&amp#27;[0;39m &amp#27;[2m---&amp#27;[0;39m &amp#27;[2m[           main]&amp#27;[0;39m &amp#27;[2m&amp#27;[0;39m&amp#27;[36mi.StatisticalLoggingSessionEventListener&amp#27;[0;39m &amp#27;[2m:&amp#27;[0;39m Session Metrics {
    2041 nanoseconds spent acquiring 1 JDBC connections;
    0 nanoseconds spent releasing 0 JDBC connections;
    14416 nanoseconds spent preparing 2 JDBC statements;
    579541 nanoseconds spent executing 1 JDBC statements;
    791959 nanoseconds spent executing 1 JDBC batches;
    0 nanoseconds spent performing 0 L2C puts;
    0 nanoseconds spent performing 0 L2C hits;
    0 nanoseconds spent performing 0 L2C misses;
    1056500 nanoseconds spent executing 1 flushes (flushing a total of 1 entities and 1 collections);
    0 nanoseconds spent executing 0 partial-flushes (flushing a total of 0 entities and 0 collections)
}
&amp#27;[2m2025-05-11T11:17:47.949-03:00&amp#27;[0;39m &amp#27;[32mDEBUG&amp#27;[0;39m &amp#27;[35m16907&amp#27;[0;39m &amp#27;[2m---&amp#27;[0;39m &amp#27;[2m[           main]&amp#27;[0;39m &amp#27;[2m&amp#27;[0;39m&amp#27;[36morg.hibernate.SQL                       &amp#27;[0;39m &amp#27;[2m:&amp#27;[0;39m 
    /* <criteria> */ select
        d1_0.id,
        d1_0.actualizado_en,
        d1_0.codigo_penal,
        d1_0.creado_en,
        d1_0.descripcion,
        d1_0.nombre,
        d1_0.pena_maxima,
        d1_0.pena_minima,
        d1_0.tipo_pena,
        d1_0.valoracion 
    from
        delito d1_0 
    where
        upper(d1_0.nombre) like upper(?) escape '\'
Hibernate: 
    /* <criteria> */ select
        d1_0.id,
        d1_0.actualizado_en,
        d1_0.codigo_penal,
        d1_0.creado_en,
        d1_0.descripcion,
        d1_0.nombre,
        d1_0.pena_maxima,
        d1_0.pena_minima,
        d1_0.tipo_pena,
        d1_0.valoracion 
    from
        delito d1_0 
    where
        upper(d1_0.nombre) like upper(?) escape '\'
&amp#27;[2m2025-05-11T11:17:47.950-03:00&amp#27;[0;39m &amp#27;[32m INFO&amp#27;[0;39m &amp#27;[35m16907&amp#27;[0;39m &amp#27;[2m---&amp#27;[0;39m &amp#27;[2m[           main]&amp#27;[0;39m &amp#27;[2m&amp#27;[0;39m&amp#27;[36mi.StatisticalLoggingSessionEventListener&amp#27;[0;39m &amp#27;[2m:&amp#27;[0;39m Session Metrics {
    2208 nanoseconds spent acquiring 1 JDBC connections;
    0 nanoseconds spent releasing 0 JDBC connections;
    18541 nanoseconds spent preparing 1 JDBC statements;
    1245500 nanoseconds spent executing 1 JDBC statements;
    0 nanoseconds spent executing 0 JDBC batches;
    0 nanoseconds spent performing 0 L2C puts;
    0 nanoseconds spent performing 0 L2C hits;
    0 nanoseconds spent performing 0 L2C misses;
    0 nanoseconds spent executing 0 flushes (flushing a total of 0 entities and 0 collections);
    0 nanoseconds spent executing 0 partial-flushes (flushing a total of 0 entities and 0 collections)
}
&amp#27;[2m2025-05-11T11:17:47.951-03:00&amp#27;[0;39m &amp#27;[32mDEBUG&amp#27;[0;39m &amp#27;[35m16907&amp#27;[0;39m &amp#27;[2m---&amp#27;[0;39m &amp#27;[2m[           main]&amp#27;[0;39m &amp#27;[2m&amp#27;[0;39m&amp#27;[36morg.hibernate.SQL                       &amp#27;[0;39m &amp#27;[2m:&amp#27;[0;39m 
    select
        seq_delito.nextval 
    from
        dual
Hibernate: 
    select
        seq_delito.nextval 
    from
        dual
&amp#27;[2m2025-05-11T11:17:47.951-03:00&amp#27;[0;39m &amp#27;[32mDEBUG&amp#27;[0;39m &amp#27;[35m16907&amp#27;[0;39m &amp#27;[2m---&amp#27;[0;39m &amp#27;[2m[           main]&amp#27;[0;39m &amp#27;[2m&amp#27;[0;39m&amp#27;[36morg.hibernate.SQL                       &amp#27;[0;39m &amp#27;[2m:&amp#27;[0;39m 
    /* insert for
        com.cufre.expedientes.model.Delito */insert 
    into
        delito (actualizado_en, codigo_penal, creado_en, descripcion, nombre, pena_maxima, pena_minima, tipo_pena, valoracion, id) 
    values
        (?, ?, ?, ?, ?, ?, ?, ?, ?, ?)
Hibernate: 
    /* insert for
        com.cufre.expedientes.model.Delito */insert 
    into
        delito (actualizado_en, codigo_penal, creado_en, descripcion, nombre, pena_maxima, pena_minima, tipo_pena, valoracion, id) 
    values
        (?, ?, ?, ?, ?, ?, ?, ?, ?, ?)
&amp#27;[2m2025-05-11T11:17:47.952-03:00&amp#27;[0;39m &amp#27;[32m INFO&amp#27;[0;39m &amp#27;[35m16907&amp#27;[0;39m &amp#27;[2m---&amp#27;[0;39m &amp#27;[2m[           main]&amp#27;[0;39m &amp#27;[2m&amp#27;[0;39m&amp#27;[36mi.StatisticalLoggingSessionEventListener&amp#27;[0;39m &amp#27;[2m:&amp#27;[0;39m Session Metrics {
    1792 nanoseconds spent acquiring 1 JDBC connections;
    0 nanoseconds spent releasing 0 JDBC connections;
    12834 nanoseconds spent preparing 2 JDBC statements;
    206917 nanoseconds spent executing 1 JDBC statements;
    335083 nanoseconds spent executing 1 JDBC batches;
    0 nanoseconds spent performing 0 L2C puts;
    0 nanoseconds spent performing 0 L2C hits;
    0 nanoseconds spent performing 0 L2C misses;
    588167 nanoseconds spent executing 1 flushes (flushing a total of 1 entities and 1 collections);
    0 nanoseconds spent executing 0 partial-flushes (flushing a total of 0 entities and 0 collections)
}
&amp#27;[2m2025-05-11T11:17:47.953-03:00&amp#27;[0;39m &amp#27;[32mDEBUG&amp#27;[0;39m &amp#27;[35m16907&amp#27;[0;39m &amp#27;[2m---&amp#27;[0;39m &amp#27;[2m[           main]&amp#27;[0;39m &amp#27;[2m&amp#27;[0;39m&amp#27;[36morg.hibernate.SQL                       &amp#27;[0;39m &amp#27;[2m:&amp#27;[0;39m 
    /* <criteria> */ select
        d1_0.id,
        d1_0.actualizado_en,
        d1_0.codigo_penal,
        d1_0.creado_en,
        d1_0.descripcion,
        d1_0.nombre,
        d1_0.pena_maxima,
        d1_0.pena_minima,
        d1_0.tipo_pena,
        d1_0.valoracion 
    from
        delito d1_0 
    where
        upper(d1_0.nombre) like upper(?) escape '\'
Hibernate: 
    /* <criteria> */ select
        d1_0.id,
        d1_0.actualizado_en,
        d1_0.codigo_penal,
        d1_0.creado_en,
        d1_0.descripcion,
        d1_0.nombre,
        d1_0.pena_maxima,
        d1_0.pena_minima,
        d1_0.tipo_pena,
        d1_0.valoracion 
    from
        delito d1_0 
    where
        upper(d1_0.nombre) like upper(?) escape '\'
&amp#27;[2m2025-05-11T11:17:47.954-03:00&amp#27;[0;39m &amp#27;[32m INFO&amp#27;[0;39m &amp#27;[35m16907&amp#27;[0;39m &amp#27;[2m---&amp#27;[0;39m &amp#27;[2m[           main]&amp#27;[0;39m &amp#27;[2m&amp#27;[0;39m&amp#27;[36mi.StatisticalLoggingSessionEventListener&amp#27;[0;39m &amp#27;[2m:&amp#27;[0;39m Session Metrics {
    4875 nanoseconds spent acquiring 1 JDBC connections;
    0 nanoseconds spent releasing 0 JDBC connections;
    11667 nanoseconds spent preparing 1 JDBC statements;
    1138042 nanoseconds spent executing 1 JDBC statements;
    0 nanoseconds spent executing 0 JDBC batches;
    0 nanoseconds spent performing 0 L2C puts;
    0 nanoseconds spent performing 0 L2C hits;
    0 nanoseconds spent performing 0 L2C misses;
    0 nanoseconds spent executing 0 flushes (flushing a total of 0 entities and 0 collections);
    0 nanoseconds spent executing 0 partial-flushes (flushing a total of 0 entities and 0 collections)
}
&amp#27;[2m2025-05-11T11:17:47.954-03:00&amp#27;[0;39m &amp#27;[32mDEBUG&amp#27;[0;39m &amp#27;[35m16907&amp#27;[0;39m &amp#27;[2m---&amp#27;[0;39m &amp#27;[2m[           main]&amp#27;[0;39m &amp#27;[2m&amp#27;[0;39m&amp#27;[36morg.hibernate.SQL                       &amp#27;[0;39m &amp#27;[2m:&amp#27;[0;39m 
    select
        seq_delito.nextval 
    from
        dual
Hibernate: 
    select
        seq_delito.nextval 
    from
        dual
&amp#27;[2m2025-05-11T11:17:47.954-03:00&amp#27;[0;39m &amp#27;[32mDEBUG&amp#27;[0;39m &amp#27;[35m16907&amp#27;[0;39m &amp#27;[2m---&amp#27;[0;39m &amp#27;[2m[           main]&amp#27;[0;39m &amp#27;[2m&amp#27;[0;39m&amp#27;[36morg.hibernate.SQL                       &amp#27;[0;39m &amp#27;[2m:&amp#27;[0;39m 
    /* insert for
        com.cufre.expedientes.model.Delito */insert 
    into
        delito (actualizado_en, codigo_penal, creado_en, descripcion, nombre, pena_maxima, pena_minima, tipo_pena, valoracion, id) 
    values
        (?, ?, ?, ?, ?, ?, ?, ?, ?, ?)
Hibernate: 
    /* insert for
        com.cufre.expedientes.model.Delito */insert 
    into
        delito (actualizado_en, codigo_penal, creado_en, descripcion, nombre, pena_maxima, pena_minima, tipo_pena, valoracion, id) 
    values
        (?, ?, ?, ?, ?, ?, ?, ?, ?, ?)
&amp#27;[2m2025-05-11T11:17:47.955-03:00&amp#27;[0;39m &amp#27;[32m INFO&amp#27;[0;39m &amp#27;[35m16907&amp#27;[0;39m &amp#27;[2m---&amp#27;[0;39m &amp#27;[2m[           main]&amp#27;[0;39m &amp#27;[2m&amp#27;[0;39m&amp#27;[36mi.StatisticalLoggingSessionEventListener&amp#27;[0;39m &amp#27;[2m:&amp#27;[0;39m Session Metrics {
    1417 nanoseconds spent acquiring 1 JDBC connections;
    0 nanoseconds spent releasing 0 JDBC connections;
    6500 nanoseconds spent preparing 2 JDBC statements;
    207417 nanoseconds spent executing 1 JDBC statements;
    323459 nanoseconds spent executing 1 JDBC batches;
    0 nanoseconds spent performing 0 L2C puts;
    0 nanoseconds spent performing 0 L2C hits;
    0 nanoseconds spent performing 0 L2C misses;
    556167 nanoseconds spent executing 1 flushes (flushing a total of 1 entities and 1 collections);
    0 nanoseconds spent executing 0 partial-flushes (flushing a total of 0 entities and 0 collections)
}
&amp#27;[2m2025-05-11T11:17:47.956-03:00&amp#27;[0;39m &amp#27;[32mDEBUG&amp#27;[0;39m &amp#27;[35m16907&amp#27;[0;39m &amp#27;[2m---&amp#27;[0;39m &amp#27;[2m[           main]&amp#27;[0;39m &amp#27;[2m&amp#27;[0;39m&amp#27;[36morg.hibernate.SQL                       &amp#27;[0;39m &amp#27;[2m:&amp#27;[0;39m 
    /* <criteria> */ select
        d1_0.id,
        d1_0.actualizado_en,
        d1_0.codigo_penal,
        d1_0.creado_en,
        d1_0.descripcion,
        d1_0.nombre,
        d1_0.pena_maxima,
        d1_0.pena_minima,
        d1_0.tipo_pena,
        d1_0.valoracion 
    from
        delito d1_0 
    where
        upper(d1_0.nombre) like upper(?) escape '\'
Hibernate: 
    /* <criteria> */ select
        d1_0.id,
        d1_0.actualizado_en,
        d1_0.codigo_penal,
        d1_0.creado_en,
        d1_0.descripcion,
        d1_0.nombre,
        d1_0.pena_maxima,
        d1_0.pena_minima,
        d1_0.tipo_pena,
        d1_0.valoracion 
    from
        delito d1_0 
    where
        upper(d1_0.nombre) like upper(?) escape '\'
&amp#27;[2m2025-05-11T11:17:47.957-03:00&amp#27;[0;39m &amp#27;[32m INFO&amp#27;[0;39m &amp#27;[35m16907&amp#27;[0;39m &amp#27;[2m---&amp#27;[0;39m &amp#27;[2m[           main]&amp#27;[0;39m &amp#27;[2m&amp#27;[0;39m&amp#27;[36mi.StatisticalLoggingSessionEventListener&amp#27;[0;39m &amp#27;[2m:&amp#27;[0;39m Session Metrics {
    2583 nanoseconds spent acquiring 1 JDBC connections;
    0 nanoseconds spent releasing 0 JDBC connections;
    11042 nanoseconds spent preparing 1 JDBC statements;
    1342083 nanoseconds spent executing 1 JDBC statements;
    0 nanoseconds spent executing 0 JDBC batches;
    0 nanoseconds spent performing 0 L2C puts;
    0 nanoseconds spent performing 0 L2C hits;
    0 nanoseconds spent performing 0 L2C misses;
    0 nanoseconds spent executing 0 flushes (flushing a total of 0 entities and 0 collections);
    0 nanoseconds spent executing 0 partial-flushes (flushing a total of 0 entities and 0 collections)
}
&amp#27;[2m2025-05-11T11:17:47.957-03:00&amp#27;[0;39m &amp#27;[32mDEBUG&amp#27;[0;39m &amp#27;[35m16907&amp#27;[0;39m &amp#27;[2m---&amp#27;[0;39m &amp#27;[2m[           main]&amp#27;[0;39m &amp#27;[2m&amp#27;[0;39m&amp#27;[36morg.hibernate.SQL                       &amp#27;[0;39m &amp#27;[2m:&amp#27;[0;39m 
    select
        seq_delito.nextval 
    from
        dual
Hibernate: 
    select
        seq_delito.nextval 
    from
        dual
&amp#27;[2m2025-05-11T11:17:47.958-03:00&amp#27;[0;39m &amp#27;[32mDEBUG&amp#27;[0;39m &amp#27;[35m16907&amp#27;[0;39m &amp#27;[2m---&amp#27;[0;39m &amp#27;[2m[           main]&amp#27;[0;39m &amp#27;[2m&amp#27;[0;39m&amp#27;[36morg.hibernate.SQL                       &amp#27;[0;39m &amp#27;[2m:&amp#27;[0;39m 
    /* insert for
        com.cufre.expedientes.model.Delito */insert 
    into
        delito (actualizado_en, codigo_penal, creado_en, descripcion, nombre, pena_maxima, pena_minima, tipo_pena, valoracion, id) 
    values
        (?, ?, ?, ?, ?, ?, ?, ?, ?, ?)
Hibernate: 
    /* insert for
        com.cufre.expedientes.model.Delito */insert 
    into
        delito (actualizado_en, codigo_penal, creado_en, descripcion, nombre, pena_maxima, pena_minima, tipo_pena, valoracion, id) 
    values
        (?, ?, ?, ?, ?, ?, ?, ?, ?, ?)
&amp#27;[2m2025-05-11T11:17:47.959-03:00&amp#27;[0;39m &amp#27;[32m INFO&amp#27;[0;39m &amp#27;[35m16907&amp#27;[0;39m &amp#27;[2m---&amp#27;[0;39m &amp#27;[2m[           main]&amp#27;[0;39m &amp#27;[2m&amp#27;[0;39m&amp#27;[36mi.StatisticalLoggingSessionEventListener&amp#27;[0;39m &amp#27;[2m:&amp#27;[0;39m Session Metrics {
    2250 nanoseconds spent acquiring 1 JDBC connections;
    0 nanoseconds spent releasing 0 JDBC connections;
    9666 nanoseconds spent preparing 2 JDBC statements;
    337625 nanoseconds spent executing 1 JDBC statements;
    464750 nanoseconds spent executing 1 JDBC batches;
    0 nanoseconds spent performing 0 L2C puts;
    0 nanoseconds spent performing 0 L2C hits;
    0 nanoseconds spent performing 0 L2C misses;
    739209 nanoseconds spent executing 1 flushes (flushing a total of 1 entities and 1 collections);
    0 nanoseconds spent executing 0 partial-flushes (flushing a total of 0 entities and 0 collections)
}
&amp#27;[2m2025-05-11T11:17:47.960-03:00&amp#27;[0;39m &amp#27;[32mDEBUG&amp#27;[0;39m &amp#27;[35m16907&amp#27;[0;39m &amp#27;[2m---&amp#27;[0;39m &amp#27;[2m[           main]&amp#27;[0;39m &amp#27;[2m&amp#27;[0;39m&amp#27;[36morg.hibernate.SQL                       &amp#27;[0;39m &amp#27;[2m:&amp#27;[0;39m 
    /* <criteria> */ select
        d1_0.id,
        d1_0.actualizado_en,
        d1_0.codigo_penal,
        d1_0.creado_en,
        d1_0.descripcion,
        d1_0.nombre,
        d1_0.pena_maxima,
        d1_0.pena_minima,
        d1_0.tipo_pena,
        d1_0.valoracion 
    from
        delito d1_0 
    where
        upper(d1_0.nombre) like upper(?) escape '\'
Hibernate: 
    /* <criteria> */ select
        d1_0.id,
        d1_0.actualizado_en,
        d1_0.codigo_penal,
        d1_0.creado_en,
        d1_0.descripcion,
        d1_0.nombre,
        d1_0.pena_maxima,
        d1_0.pena_minima,
        d1_0.tipo_pena,
        d1_0.valoracion 
    from
        delito d1_0 
    where
        upper(d1_0.nombre) like upper(?) escape '\'
&amp#27;[2m2025-05-11T11:17:47.961-03:00&amp#27;[0;39m &amp#27;[32m INFO&amp#27;[0;39m &amp#27;[35m16907&amp#27;[0;39m &amp#27;[2m---&amp#27;[0;39m &amp#27;[2m[           main]&amp#27;[0;39m &amp#27;[2m&amp#27;[0;39m&amp#27;[36mi.StatisticalLoggingSessionEventListener&amp#27;[0;39m &amp#27;[2m:&amp#27;[0;39m Session Metrics {
    2750 nanoseconds spent acquiring 1 JDBC connections;
    0 nanoseconds spent releasing 0 JDBC connections;
    9958 nanoseconds spent preparing 1 JDBC statements;
    1497250 nanoseconds spent executing 1 JDBC statements;
    0 nanoseconds spent executing 0 JDBC batches;
    0 nanoseconds spent performing 0 L2C puts;
    0 nanoseconds spent performing 0 L2C hits;
    0 nanoseconds spent performing 0 L2C misses;
    0 nanoseconds spent executing 0 flushes (flushing a total of 0 entities and 0 collections);
    0 nanoseconds spent executing 0 partial-flushes (flushing a total of 0 entities and 0 collections)
}
&amp#27;[2m2025-05-11T11:17:47.962-03:00&amp#27;[0;39m &amp#27;[32mDEBUG&amp#27;[0;39m &amp#27;[35m16907&amp#27;[0;39m &amp#27;[2m---&amp#27;[0;39m &amp#27;[2m[           main]&amp#27;[0;39m &amp#27;[2m&amp#27;[0;39m&amp#27;[36morg.hibernate.SQL                       &amp#27;[0;39m &amp#27;[2m:&amp#27;[0;39m 
    select
        seq_delito.nextval 
    from
        dual
Hibernate: 
    select
        seq_delito.nextval 
    from
        dual
&amp#27;[2m2025-05-11T11:17:47.962-03:00&amp#27;[0;39m &amp#27;[32mDEBUG&amp#27;[0;39m &amp#27;[35m16907&amp#27;[0;39m &amp#27;[2m---&amp#27;[0;39m &amp#27;[2m[           main]&amp#27;[0;39m &amp#27;[2m&amp#27;[0;39m&amp#27;[36morg.hibernate.SQL                       &amp#27;[0;39m &amp#27;[2m:&amp#27;[0;39m 
    /* insert for
        com.cufre.expedientes.model.Delito */insert 
    into
        delito (actualizado_en, codigo_penal, creado_en, descripcion, nombre, pena_maxima, pena_minima, tipo_pena, valoracion, id) 
    values
        (?, ?, ?, ?, ?, ?, ?, ?, ?, ?)
Hibernate: 
    /* insert for
        com.cufre.expedientes.model.Delito */insert 
    into
        delito (actualizado_en, codigo_penal, creado_en, descripcion, nombre, pena_maxima, pena_minima, tipo_pena, valoracion, id) 
    values
        (?, ?, ?, ?, ?, ?, ?, ?, ?, ?)
&amp#27;[2m2025-05-11T11:17:47.963-03:00&amp#27;[0;39m &amp#27;[32m INFO&amp#27;[0;39m &amp#27;[35m16907&amp#27;[0;39m &amp#27;[2m---&amp#27;[0;39m &amp#27;[2m[           main]&amp#27;[0;39m &amp#27;[2m&amp#27;[0;39m&amp#27;[36mi.StatisticalLoggingSessionEventListener&amp#27;[0;39m &amp#27;[2m:&amp#27;[0;39m Session Metrics {
    1708 nanoseconds spent acquiring 1 JDBC connections;
    0 nanoseconds spent releasing 0 JDBC connections;
    12541 nanoseconds spent preparing 2 JDBC statements;
    246041 nanoseconds spent executing 1 JDBC statements;
    372542 nanoseconds spent executing 1 JDBC batches;
    0 nanoseconds spent performing 0 L2C puts;
    0 nanoseconds spent performing 0 L2C hits;
    0 nanoseconds spent performing 0 L2C misses;
    553792 nanoseconds spent executing 1 flushes (flushing a total of 1 entities and 1 collections);
    0 nanoseconds spent executing 0 partial-flushes (flushing a total of 0 entities and 0 collections)
}
&amp#27;[2m2025-05-11T11:17:47.964-03:00&amp#27;[0;39m &amp#27;[32mDEBUG&amp#27;[0;39m &amp#27;[35m16907&amp#27;[0;39m &amp#27;[2m---&amp#27;[0;39m &amp#27;[2m[           main]&amp#27;[0;39m &amp#27;[2m&amp#27;[0;39m&amp#27;[36morg.hibernate.SQL                       &amp#27;[0;39m &amp#27;[2m:&amp#27;[0;39m 
    /* <criteria> */ select
        d1_0.id,
        d1_0.actualizado_en,
        d1_0.codigo_penal,
        d1_0.creado_en,
        d1_0.descripcion,
        d1_0.nombre,
        d1_0.pena_maxima,
        d1_0.pena_minima,
        d1_0.tipo_pena,
        d1_0.valoracion 
    from
        delito d1_0 
    where
        upper(d1_0.nombre) like upper(?) escape '\'
Hibernate: 
    /* <criteria> */ select
        d1_0.id,
        d1_0.actualizado_en,
        d1_0.codigo_penal,
        d1_0.creado_en,
        d1_0.descripcion,
        d1_0.nombre,
        d1_0.pena_maxima,
        d1_0.pena_minima,
        d1_0.tipo_pena,
        d1_0.valoracion 
    from
        delito d1_0 
    where
        upper(d1_0.nombre) like upper(?) escape '\'
&amp#27;[2m2025-05-11T11:17:47.965-03:00&amp#27;[0;39m &amp#27;[32m INFO&amp#27;[0;39m &amp#27;[35m16907&amp#27;[0;39m &amp#27;[2m---&amp#27;[0;39m &amp#27;[2m[           main]&amp#27;[0;39m &amp#27;[2m&amp#27;[0;39m&amp#27;[36mi.StatisticalLoggingSessionEventListener&amp#27;[0;39m &amp#27;[2m:&amp#27;[0;39m Session Metrics {
    5625 nanoseconds spent acquiring 1 JDBC connections;
    0 nanoseconds spent releasing 0 JDBC connections;
    15291 nanoseconds spent preparing 1 JDBC statements;
    1247417 nanoseconds spent executing 1 JDBC statements;
    0 nanoseconds spent executing 0 JDBC batches;
    0 nanoseconds spent performing 0 L2C puts;
    0 nanoseconds spent performing 0 L2C hits;
    0 nanoseconds spent performing 0 L2C misses;
    0 nanoseconds spent executing 0 flushes (flushing a total of 0 entities and 0 collections);
    0 nanoseconds spent executing 0 partial-flushes (flushing a total of 0 entities and 0 collections)
}
&amp#27;[2m2025-05-11T11:17:47.965-03:00&amp#27;[0;39m &amp#27;[32mDEBUG&amp#27;[0;39m &amp#27;[35m16907&amp#27;[0;39m &amp#27;[2m---&amp#27;[0;39m &amp#27;[2m[           main]&amp#27;[0;39m &amp#27;[2m&amp#27;[0;39m&amp#27;[36morg.hibernate.SQL                       &amp#27;[0;39m &amp#27;[2m:&amp#27;[0;39m 
    select
        seq_delito.nextval 
    from
        dual
Hibernate: 
    select
        seq_delito.nextval 
    from
        dual
&amp#27;[2m2025-05-11T11:17:47.966-03:00&amp#27;[0;39m &amp#27;[32mDEBUG&amp#27;[0;39m &amp#27;[35m16907&amp#27;[0;39m &amp#27;[2m---&amp#27;[0;39m &amp#27;[2m[           main]&amp#27;[0;39m &amp#27;[2m&amp#27;[0;39m&amp#27;[36morg.hibernate.SQL                       &amp#27;[0;39m &amp#27;[2m:&amp#27;[0;39m 
    /* insert for
        com.cufre.expedientes.model.Delito */insert 
    into
        delito (actualizado_en, codigo_penal, creado_en, descripcion, nombre, pena_maxima, pena_minima, tipo_pena, valoracion, id) 
    values
        (?, ?, ?, ?, ?, ?, ?, ?, ?, ?)
Hibernate: 
    /* insert for
        com.cufre.expedientes.model.Delito */insert 
    into
        delito (actualizado_en, codigo_penal, creado_en, descripcion, nombre, pena_maxima, pena_minima, tipo_pena, valoracion, id) 
    values
        (?, ?, ?, ?, ?, ?, ?, ?, ?, ?)
&amp#27;[2m2025-05-11T11:17:47.967-03:00&amp#27;[0;39m &amp#27;[32m INFO&amp#27;[0;39m &amp#27;[35m16907&amp#27;[0;39m &amp#27;[2m---&amp#27;[0;39m &amp#27;[2m[           main]&amp#27;[0;39m &amp#27;[2m&amp#27;[0;39m&amp#27;[36mi.StatisticalLoggingSessionEventListener&amp#27;[0;39m &amp#27;[2m:&amp#27;[0;39m Session Metrics {
    1708 nanoseconds spent acquiring 1 JDBC connections;
    0 nanoseconds spent releasing 0 JDBC connections;
    8251 nanoseconds spent preparing 2 JDBC statements;
    249375 nanoseconds spent executing 1 JDBC statements;
    367250 nanoseconds spent executing 1 JDBC batches;
    0 nanoseconds spent performing 0 L2C puts;
    0 nanoseconds spent performing 0 L2C hits;
    0 nanoseconds spent performing 0 L2C misses;
    661625 nanoseconds spent executing 1 flushes (flushing a total of 1 entities and 1 collections);
    0 nanoseconds spent executing 0 partial-flushes (flushing a total of 0 entities and 0 collections)
}
&amp#27;[2m2025-05-11T11:17:47.967-03:00&amp#27;[0;39m &amp#27;[32mDEBUG&amp#27;[0;39m &amp#27;[35m16907&amp#27;[0;39m &amp#27;[2m---&amp#27;[0;39m &amp#27;[2m[           main]&amp#27;[0;39m &amp#27;[2m&amp#27;[0;39m&amp#27;[36morg.hibernate.SQL                       &amp#27;[0;39m &amp#27;[2m:&amp#27;[0;39m 
    /* <criteria> */ select
        d1_0.id,
        d1_0.actualizado_en,
        d1_0.codigo_penal,
        d1_0.creado_en,
        d1_0.descripcion,
        d1_0.nombre,
        d1_0.pena_maxima,
        d1_0.pena_minima,
        d1_0.tipo_pena,
        d1_0.valoracion 
    from
        delito d1_0 
    where
        upper(d1_0.nombre) like upper(?) escape '\'
Hibernate: 
    /* <criteria> */ select
        d1_0.id,
        d1_0.actualizado_en,
        d1_0.codigo_penal,
        d1_0.creado_en,
        d1_0.descripcion,
        d1_0.nombre,
        d1_0.pena_maxima,
        d1_0.pena_minima,
        d1_0.tipo_pena,
        d1_0.valoracion 
    from
        delito d1_0 
    where
        upper(d1_0.nombre) like upper(?) escape '\'
&amp#27;[2m2025-05-11T11:17:47.971-03:00&amp#27;[0;39m &amp#27;[32m INFO&amp#27;[0;39m &amp#27;[35m16907&amp#27;[0;39m &amp#27;[2m---&amp#27;[0;39m &amp#27;[2m[           main]&amp#27;[0;39m &amp#27;[2m&amp#27;[0;39m&amp#27;[36mi.StatisticalLoggingSessionEventListener&amp#27;[0;39m &amp#27;[2m:&amp#27;[0;39m Session Metrics {
    2708 nanoseconds spent acquiring 1 JDBC connections;
    0 nanoseconds spent releasing 0 JDBC connections;
    11709 nanoseconds spent preparing 1 JDBC statements;
    3121084 nanoseconds spent executing 1 JDBC statements;
    0 nanoseconds spent executing 0 JDBC batches;
    0 nanoseconds spent performing 0 L2C puts;
    0 nanoseconds spent performing 0 L2C hits;
    0 nanoseconds spent performing 0 L2C misses;
    0 nanoseconds spent executing 0 flushes (flushing a total of 0 entities and 0 collections);
    0 nanoseconds spent executing 0 partial-flushes (flushing a total of 0 entities and 0 collections)
}
&amp#27;[2m2025-05-11T11:17:47.971-03:00&amp#27;[0;39m &amp#27;[32mDEBUG&amp#27;[0;39m &amp#27;[35m16907&amp#27;[0;39m &amp#27;[2m---&amp#27;[0;39m &amp#27;[2m[           main]&amp#27;[0;39m &amp#27;[2m&amp#27;[0;39m&amp#27;[36morg.hibernate.SQL                       &amp#27;[0;39m &amp#27;[2m:&amp#27;[0;39m 
    select
        seq_delito.nextval 
    from
        dual
Hibernate: 
    select
        seq_delito.nextval 
    from
        dual
&amp#27;[2m2025-05-11T11:17:47.971-03:00&amp#27;[0;39m &amp#27;[32mDEBUG&amp#27;[0;39m &amp#27;[35m16907&amp#27;[0;39m &amp#27;[2m---&amp#27;[0;39m &amp#27;[2m[           main]&amp#27;[0;39m &amp#27;[2m&amp#27;[0;39m&amp#27;[36morg.hibernate.SQL                       &amp#27;[0;39m &amp#27;[2m:&amp#27;[0;39m 
    /* insert for
        com.cufre.expedientes.model.Delito */insert 
    into
        delito (actualizado_en, codigo_penal, creado_en, descripcion, nombre, pena_maxima, pena_minima, tipo_pena, valoracion, id) 
    values
        (?, ?, ?, ?, ?, ?, ?, ?, ?, ?)
Hibernate: 
    /* insert for
        com.cufre.expedientes.model.Delito */insert 
    into
        delito (actualizado_en, codigo_penal, creado_en, descripcion, nombre, pena_maxima, pena_minima, tipo_pena, valoracion, id) 
    values
        (?, ?, ?, ?, ?, ?, ?, ?, ?, ?)
&amp#27;[2m2025-05-11T11:17:47.972-03:00&amp#27;[0;39m &amp#27;[32m INFO&amp#27;[0;39m &amp#27;[35m16907&amp#27;[0;39m &amp#27;[2m---&amp#27;[0;39m &amp#27;[2m[           main]&amp#27;[0;39m &amp#27;[2m&amp#27;[0;39m&amp#27;[36mi.StatisticalLoggingSessionEventListener&amp#27;[0;39m &amp#27;[2m:&amp#27;[0;39m Session Metrics {
    2125 nanoseconds spent acquiring 1 JDBC connections;
    0 nanoseconds spent releasing 0 JDBC connections;
    12292 nanoseconds spent preparing 2 JDBC statements;
    330875 nanoseconds spent executing 1 JDBC statements;
    393333 nanoseconds spent executing 1 JDBC batches;
    0 nanoseconds spent performing 0 L2C puts;
    0 nanoseconds spent performing 0 L2C hits;
    0 nanoseconds spent performing 0 L2C misses;
    650792 nanoseconds spent executing 1 flushes (flushing a total of 1 entities and 1 collections);
    0 nanoseconds spent executing 0 partial-flushes (flushing a total of 0 entities and 0 collections)
}
&amp#27;[2m2025-05-11T11:17:47.974-03:00&amp#27;[0;39m &amp#27;[32mDEBUG&amp#27;[0;39m &amp#27;[35m16907&amp#27;[0;39m &amp#27;[2m---&amp#27;[0;39m &amp#27;[2m[           main]&amp#27;[0;39m &amp#27;[2m&amp#27;[0;39m&amp#27;[36morg.hibernate.SQL                       &amp#27;[0;39m &amp#27;[2m:&amp#27;[0;39m 
    /* <criteria> */ select
        d1_0.id,
        d1_0.actualizado_en,
        d1_0.codigo_penal,
        d1_0.creado_en,
        d1_0.descripcion,
        d1_0.nombre,
        d1_0.pena_maxima,
        d1_0.pena_minima,
        d1_0.tipo_pena,
        d1_0.valoracion 
    from
        delito d1_0 
    where
        upper(d1_0.nombre) like upper(?) escape '\'
Hibernate: 
    /* <criteria> */ select
        d1_0.id,
        d1_0.actualizado_en,
        d1_0.codigo_penal,
        d1_0.creado_en,
        d1_0.descripcion,
        d1_0.nombre,
        d1_0.pena_maxima,
        d1_0.pena_minima,
        d1_0.tipo_pena,
        d1_0.valoracion 
    from
        delito d1_0 
    where
        upper(d1_0.nombre) like upper(?) escape '\'
&amp#27;[2m2025-05-11T11:17:47.976-03:00&amp#27;[0;39m &amp#27;[32m INFO&amp#27;[0;39m &amp#27;[35m16907&amp#27;[0;39m &amp#27;[2m---&amp#27;[0;39m &amp#27;[2m[           main]&amp#27;[0;39m &amp#27;[2m&amp#27;[0;39m&amp#27;[36mi.StatisticalLoggingSessionEventListener&amp#27;[0;39m &amp#27;[2m:&amp#27;[0;39m Session Metrics {
    2875 nanoseconds spent acquiring 1 JDBC connections;
    0 nanoseconds spent releasing 0 JDBC connections;
    13166 nanoseconds spent preparing 1 JDBC statements;
    1508792 nanoseconds spent executing 1 JDBC statements;
    0 nanoseconds spent executing 0 JDBC batches;
    0 nanoseconds spent performing 0 L2C puts;
    0 nanoseconds spent performing 0 L2C hits;
    0 nanoseconds spent performing 0 L2C misses;
    0 nanoseconds spent executing 0 flushes (flushing a total of 0 entities and 0 collections);
    0 nanoseconds spent executing 0 partial-flushes (flushing a total of 0 entities and 0 collections)
}
&amp#27;[2m2025-05-11T11:17:47.976-03:00&amp#27;[0;39m &amp#27;[32mDEBUG&amp#27;[0;39m &amp#27;[35m16907&amp#27;[0;39m &amp#27;[2m---&amp#27;[0;39m &amp#27;[2m[           main]&amp#27;[0;39m &amp#27;[2m&amp#27;[0;39m&amp#27;[36morg.hibernate.SQL                       &amp#27;[0;39m &amp#27;[2m:&amp#27;[0;39m 
    select
        seq_delito.nextval 
    from
        dual
Hibernate: 
    select
        seq_delito.nextval 
    from
        dual
&amp#27;[2m2025-05-11T11:17:47.977-03:00&amp#27;[0;39m &amp#27;[32mDEBUG&amp#27;[0;39m &amp#27;[35m16907&amp#27;[0;39m &amp#27;[2m---&amp#27;[0;39m &amp#27;[2m[           main]&amp#27;[0;39m &amp#27;[2m&amp#27;[0;39m&amp#27;[36morg.hibernate.SQL                       &amp#27;[0;39m &amp#27;[2m:&amp#27;[0;39m 
    /* insert for
        com.cufre.expedientes.model.Delito */insert 
    into
        delito (actualizado_en, codigo_penal, creado_en, descripcion, nombre, pena_maxima, pena_minima, tipo_pena, valoracion, id) 
    values
        (?, ?, ?, ?, ?, ?, ?, ?, ?, ?)
Hibernate: 
    /* insert for
        com.cufre.expedientes.model.Delito */insert 
    into
        delito (actualizado_en, codigo_penal, creado_en, descripcion, nombre, pena_maxima, pena_minima, tipo_pena, valoracion, id) 
    values
        (?, ?, ?, ?, ?, ?, ?, ?, ?, ?)
&amp#27;[2m2025-05-11T11:17:47.978-03:00&amp#27;[0;39m &amp#27;[32m INFO&amp#27;[0;39m &amp#27;[35m16907&amp#27;[0;39m &amp#27;[2m---&amp#27;[0;39m &amp#27;[2m[           main]&amp#27;[0;39m &amp#27;[2m&amp#27;[0;39m&amp#27;[36mi.StatisticalLoggingSessionEventListener&amp#27;[0;39m &amp#27;[2m:&amp#27;[0;39m Session Metrics {
    2708 nanoseconds spent acquiring 1 JDBC connections;
    0 nanoseconds spent releasing 0 JDBC connections;
    15126 nanoseconds spent preparing 2 JDBC statements;
    372500 nanoseconds spent executing 1 JDBC statements;
    463417 nanoseconds spent executing 1 JDBC batches;
    0 nanoseconds spent performing 0 L2C puts;
    0 nanoseconds spent performing 0 L2C hits;
    0 nanoseconds spent performing 0 L2C misses;
    803750 nanoseconds spent executing 1 flushes (flushing a total of 1 entities and 1 collections);
    0 nanoseconds spent executing 0 partial-flushes (flushing a total of 0 entities and 0 collections)
}
&amp#27;[2m2025-05-11T11:17:47.979-03:00&amp#27;[0;39m &amp#27;[32mDEBUG&amp#27;[0;39m &amp#27;[35m16907&amp#27;[0;39m &amp#27;[2m---&amp#27;[0;39m &amp#27;[2m[           main]&amp#27;[0;39m &amp#27;[2m&amp#27;[0;39m&amp#27;[36morg.hibernate.SQL                       &amp#27;[0;39m &amp#27;[2m:&amp#27;[0;39m 
    /* <criteria> */ select
        d1_0.id,
        d1_0.actualizado_en,
        d1_0.codigo_penal,
        d1_0.creado_en,
        d1_0.descripcion,
        d1_0.nombre,
        d1_0.pena_maxima,
        d1_0.pena_minima,
        d1_0.tipo_pena,
        d1_0.valoracion 
    from
        delito d1_0 
    where
        upper(d1_0.nombre) like upper(?) escape '\'
Hibernate: 
    /* <criteria> */ select
        d1_0.id,
        d1_0.actualizado_en,
        d1_0.codigo_penal,
        d1_0.creado_en,
        d1_0.descripcion,
        d1_0.nombre,
        d1_0.pena_maxima,
        d1_0.pena_minima,
        d1_0.tipo_pena,
        d1_0.valoracion 
    from
        delito d1_0 
    where
        upper(d1_0.nombre) like upper(?) escape '\'
&amp#27;[2m2025-05-11T11:17:47.980-03:00&amp#27;[0;39m &amp#27;[32m INFO&amp#27;[0;39m &amp#27;[35m16907&amp#27;[0;39m &amp#27;[2m---&amp#27;[0;39m &amp#27;[2m[           main]&amp#27;[0;39m &amp#27;[2m&amp#27;[0;39m&amp#27;[36mi.StatisticalLoggingSessionEventListener&amp#27;[0;39m &amp#27;[2m:&amp#27;[0;39m Session Metrics {
    2667 nanoseconds spent acquiring 1 JDBC connections;
    0 nanoseconds spent releasing 0 JDBC connections;
    9916 nanoseconds spent preparing 1 JDBC statements;
    1366083 nanoseconds spent executing 1 JDBC statements;
    0 nanoseconds spent executing 0 JDBC batches;
    0 nanoseconds spent performing 0 L2C puts;
    0 nanoseconds spent performing 0 L2C hits;
    0 nanoseconds spent performing 0 L2C misses;
    0 nanoseconds spent executing 0 flushes (flushing a total of 0 entities and 0 collections);
    0 nanoseconds spent executing 0 partial-flushes (flushing a total of 0 entities and 0 collections)
}
&amp#27;[2m2025-05-11T11:17:47.980-03:00&amp#27;[0;39m &amp#27;[32mDEBUG&amp#27;[0;39m &amp#27;[35m16907&amp#27;[0;39m &amp#27;[2m---&amp#27;[0;39m &amp#27;[2m[           main]&amp#27;[0;39m &amp#27;[2m&amp#27;[0;39m&amp#27;[36morg.hibernate.SQL                       &amp#27;[0;39m &amp#27;[2m:&amp#27;[0;39m 
    select
        seq_delito.nextval 
    from
        dual
Hibernate: 
    select
        seq_delito.nextval 
    from
        dual
&amp#27;[2m2025-05-11T11:17:47.981-03:00&amp#27;[0;39m &amp#27;[32mDEBUG&amp#27;[0;39m &amp#27;[35m16907&amp#27;[0;39m &amp#27;[2m---&amp#27;[0;39m &amp#27;[2m[           main]&amp#27;[0;39m &amp#27;[2m&amp#27;[0;39m&amp#27;[36morg.hibernate.SQL                       &amp#27;[0;39m &amp#27;[2m:&amp#27;[0;39m 
    /* insert for
        com.cufre.expedientes.model.Delito */insert 
    into
        delito (actualizado_en, codigo_penal, creado_en, descripcion, nombre, pena_maxima, pena_minima, tipo_pena, valoracion, id) 
    values
        (?, ?, ?, ?, ?, ?, ?, ?, ?, ?)
Hibernate: 
    /* insert for
        com.cufre.expedientes.model.Delito */insert 
    into
        delito (actualizado_en, codigo_penal, creado_en, descripcion, nombre, pena_maxima, pena_minima, tipo_pena, valoracion, id) 
    values
        (?, ?, ?, ?, ?, ?, ?, ?, ?, ?)
&amp#27;[2m2025-05-11T11:17:47.982-03:00&amp#27;[0;39m &amp#27;[32m INFO&amp#27;[0;39m &amp#27;[35m16907&amp#27;[0;39m &amp#27;[2m---&amp#27;[0;39m &amp#27;[2m[           main]&amp#27;[0;39m &amp#27;[2m&amp#27;[0;39m&amp#27;[36mi.StatisticalLoggingSessionEventListener&amp#27;[0;39m &amp#27;[2m:&amp#27;[0;39m Session Metrics {
    1458 nanoseconds spent acquiring 1 JDBC connections;
    0 nanoseconds spent releasing 0 JDBC connections;
    7375 nanoseconds spent preparing 2 JDBC statements;
    290042 nanoseconds spent executing 1 JDBC statements;
    426875 nanoseconds spent executing 1 JDBC batches;
    0 nanoseconds spent performing 0 L2C puts;
    0 nanoseconds spent performing 0 L2C hits;
    0 nanoseconds spent performing 0 L2C misses;
    704917 nanoseconds spent executing 1 flushes (flushing a total of 1 entities and 1 collections);
    0 nanoseconds spent executing 0 partial-flushes (flushing a total of 0 entities and 0 collections)
}
Importación de delitos completada. Delitos importados: 271
]]></system-out>
    <system-err><![CDATA[WARNING: A Java agent has been loaded dynamically (/Users/macbook/.m2/repository/net/bytebuddy/byte-buddy-agent/1.14.11/byte-buddy-agent-1.14.11.jar)
WARNING: If a serviceability tool is in use, please run with -XX:+EnableDynamicAgentLoading to hide this warning
WARNING: If a serviceability tool is not in use, please run with -Djdk.instrument.traceUsage for more information
WARNING: Dynamic loading of agents will be disallowed by default in a future release
]]></system-err>
  </testcase>
</testsuite>