<?xml version="1.0" encoding="UTF-8"?>
<testsuite xmlns:xsi="http://www.w3.org/2001/XMLSchema-instance" xsi:noNamespaceSchemaLocation="https://maven.apache.org/surefire/maven-surefire-plugin/xsd/surefire-test-report-3.0.xsd" version="3.0" name="com.cufre.expedientes.service.ExpedienteServicePriorityTest" time="0.098" tests="1" errors="1" skipped="0" failures="0">
  <properties>
    <property name="java.specification.version" value="23"/>
    <property name="sun.jnu.encoding" value="UTF-8"/>
    <property name="java.class.path" value="/Users/macbook/Documents/CUFRE_V04/backend/target/test-classes:/Users/macbook/Documents/CUFRE_V04/backend/target/classes:/Users/macbook/.m2/repository/org/springframework/boot/spring-boot-starter-data-jpa/3.2.2/spring-boot-starter-data-jpa-3.2.2.jar:/Users/macbook/.m2/repository/org/springframework/boot/spring-boot-starter-aop/3.2.2/spring-boot-starter-aop-3.2.2.jar:/Users/macbook/.m2/repository/org/aspectj/aspectjweaver/1.9.21/aspectjweaver-1.9.21.jar:/Users/macbook/.m2/repository/org/springframework/boot/spring-boot-starter-jdbc/3.2.2/spring-boot-starter-jdbc-3.2.2.jar:/Users/macbook/.m2/repository/org/springframework/spring-jdbc/6.1.3/spring-jdbc-6.1.3.jar:/Users/macbook/.m2/repository/org/hibernate/orm/hibernate-core/6.4.1.Final/hibernate-core-6.4.1.Final.jar:/Users/macbook/.m2/repository/jakarta/persistence/jakarta.persistence-api/3.1.0/jakarta.persistence-api-3.1.0.jar:/Users/macbook/.m2/repository/jakarta/transaction/jakarta.transaction-api/2.0.1/jakarta.transaction-api-2.0.1.jar:/Users/macbook/.m2/repository/org/jboss/logging/jboss-logging/3.5.3.Final/jboss-logging-3.5.3.Final.jar:/Users/macbook/.m2/repository/org/hibernate/common/hibernate-commons-annotations/6.0.6.Final/hibernate-commons-annotations-6.0.6.Final.jar:/Users/macbook/.m2/repository/io/smallrye/jandex/3.1.2/jandex-3.1.2.jar:/Users/macbook/.m2/repository/com/fasterxml/classmate/1.6.0/classmate-1.6.0.jar:/Users/macbook/.m2/repository/net/bytebuddy/byte-buddy/1.14.11/byte-buddy-1.14.11.jar:/Users/macbook/.m2/repository/org/glassfish/jaxb/jaxb-runtime/4.0.4/jaxb-runtime-4.0.4.jar:/Users/macbook/.m2/repository/org/glassfish/jaxb/jaxb-core/4.0.4/jaxb-core-4.0.4.jar:/Users/macbook/.m2/repository/org/eclipse/angus/angus-activation/2.0.1/angus-activation-2.0.1.jar:/Users/macbook/.m2/repository/org/glassfish/jaxb/txw2/4.0.4/txw2-4.0.4.jar:/Users/macbook/.m2/repository/com/sun/istack/istack-commons-runtime/4.1.2/istack-commons-runtime-4.1.2.jar:/Users/macbook/.m2/repository/jakarta/inject/jakarta.inject-api/2.0.1/jakarta.inject-api-2.0.1.jar:/Users/macbook/.m2/repository/org/antlr/antlr4-runtime/4.13.0/antlr4-runtime-4.13.0.jar:/Users/macbook/.m2/repository/org/springframework/data/spring-data-jpa/3.2.2/spring-data-jpa-3.2.2.jar:/Users/macbook/.m2/repository/org/springframework/data/spring-data-commons/3.2.2/spring-data-commons-3.2.2.jar:/Users/macbook/.m2/repository/org/springframework/spring-orm/6.1.3/spring-orm-6.1.3.jar:/Users/macbook/.m2/repository/org/springframework/spring-context/6.1.3/spring-context-6.1.3.jar:/Users/macbook/.m2/repository/org/springframework/spring-tx/6.1.3/spring-tx-6.1.3.jar:/Users/macbook/.m2/repository/org/springframework/spring-beans/6.1.3/spring-beans-6.1.3.jar:/Users/macbook/.m2/repository/jakarta/annotation/jakarta.annotation-api/2.1.1/jakarta.annotation-api-2.1.1.jar:/Users/macbook/.m2/repository/org/springframework/spring-aspects/6.1.3/spring-aspects-6.1.3.jar:/Users/macbook/.m2/repository/org/springframework/boot/spring-boot-starter-web/3.2.2/spring-boot-starter-web-3.2.2.jar:/Users/macbook/.m2/repository/org/springframework/boot/spring-boot-starter/3.2.2/spring-boot-starter-3.2.2.jar:/Users/macbook/.m2/repository/org/springframework/boot/spring-boot/3.2.2/spring-boot-3.2.2.jar:/Users/macbook/.m2/repository/org/springframework/boot/spring-boot-autoconfigure/3.2.2/spring-boot-autoconfigure-3.2.2.jar:/Users/macbook/.m2/repository/org/springframework/boot/spring-boot-starter-logging/3.2.2/spring-boot-starter-logging-3.2.2.jar:/Users/macbook/.m2/repository/ch/qos/logback/logback-classic/1.4.14/logback-classic-1.4.14.jar:/Users/macbook/.m2/repository/ch/qos/logback/logback-core/1.4.14/logback-core-1.4.14.jar:/Users/macbook/.m2/repository/org/apache/logging/log4j/log4j-to-slf4j/2.21.1/log4j-to-slf4j-2.21.1.jar:/Users/macbook/.m2/repository/org/apache/logging/log4j/log4j-api/2.21.1/log4j-api-2.21.1.jar:/Users/macbook/.m2/repository/org/slf4j/jul-to-slf4j/2.0.11/jul-to-slf4j-2.0.11.jar:/Users/macbook/.m2/repository/org/yaml/snakeyaml/2.2/snakeyaml-2.2.jar:/Users/macbook/.m2/repository/org/springframework/boot/spring-boot-starter-json/3.2.2/spring-boot-starter-json-3.2.2.jar:/Users/macbook/.m2/repository/com/fasterxml/jackson/datatype/jackson-datatype-jdk8/2.15.3/jackson-datatype-jdk8-2.15.3.jar:/Users/macbook/.m2/repository/com/fasterxml/jackson/datatype/jackson-datatype-jsr310/2.15.3/jackson-datatype-jsr310-2.15.3.jar:/Users/macbook/.m2/repository/com/fasterxml/jackson/module/jackson-module-parameter-names/2.15.3/jackson-module-parameter-names-2.15.3.jar:/Users/macbook/.m2/repository/org/springframework/boot/spring-boot-starter-tomcat/3.2.2/spring-boot-starter-tomcat-3.2.2.jar:/Users/macbook/.m2/repository/org/apache/tomcat/embed/tomcat-embed-core/10.1.18/tomcat-embed-core-10.1.18.jar:/Users/macbook/.m2/repository/org/apache/tomcat/embed/tomcat-embed-websocket/10.1.18/tomcat-embed-websocket-10.1.18.jar:/Users/macbook/.m2/repository/org/springframework/spring-web/6.1.3/spring-web-6.1.3.jar:/Users/macbook/.m2/repository/org/springframework/spring-webmvc/6.1.3/spring-webmvc-6.1.3.jar:/Users/macbook/.m2/repository/org/springframework/spring-expression/6.1.3/spring-expression-6.1.3.jar:/Users/macbook/.m2/repository/org/springframework/boot/spring-boot-starter-security/3.2.2/spring-boot-starter-security-3.2.2.jar:/Users/macbook/.m2/repository/org/springframework/spring-aop/6.1.3/spring-aop-6.1.3.jar:/Users/macbook/.m2/repository/org/springframework/security/spring-security-config/6.2.1/spring-security-config-6.2.1.jar:/Users/macbook/.m2/repository/org/springframework/security/spring-security-web/6.2.1/spring-security-web-6.2.1.jar:/Users/macbook/.m2/repository/org/springframework/boot/spring-boot-starter-validation/3.2.2/spring-boot-starter-validation-3.2.2.jar:/Users/macbook/.m2/repository/org/apache/tomcat/embed/tomcat-embed-el/10.1.18/tomcat-embed-el-10.1.18.jar:/Users/macbook/.m2/repository/org/hibernate/validator/hibernate-validator/8.0.1.Final/hibernate-validator-8.0.1.Final.jar:/Users/macbook/.m2/repository/jakarta/validation/jakarta.validation-api/3.0.2/jakarta.validation-api-3.0.2.jar:/Users/macbook/.m2/repository/org/springframework/boot/spring-boot-starter-actuator/3.2.2/spring-boot-starter-actuator-3.2.2.jar:/Users/macbook/.m2/repository/org/springframework/boot/spring-boot-actuator-autoconfigure/3.2.2/spring-boot-actuator-autoconfigure-3.2.2.jar:/Users/macbook/.m2/repository/org/springframework/boot/spring-boot-actuator/3.2.2/spring-boot-actuator-3.2.2.jar:/Users/macbook/.m2/repository/io/micrometer/micrometer-observation/1.12.2/micrometer-observation-1.12.2.jar:/Users/macbook/.m2/repository/io/micrometer/micrometer-commons/1.12.2/micrometer-commons-1.12.2.jar:/Users/macbook/.m2/repository/io/micrometer/micrometer-jakarta9/1.12.2/micrometer-jakarta9-1.12.2.jar:/Users/macbook/.m2/repository/io/micrometer/micrometer-core/1.12.2/micrometer-core-1.12.2.jar:/Users/macbook/.m2/repository/org/hdrhistogram/HdrHistogram/2.1.12/HdrHistogram-2.1.12.jar:/Users/macbook/.m2/repository/org/latencyutils/LatencyUtils/2.0.3/LatencyUtils-2.0.3.jar:/Users/macbook/.m2/repository/org/flywaydb/flyway-core/11.8.1/flyway-core-11.8.1.jar:/Users/macbook/.m2/repository/org/flywaydb/flyway-database-oracle/11.8.1/flyway-database-oracle-11.8.1.jar:/Users/macbook/.m2/repository/io/jsonwebtoken/jjwt-api/0.11.5/jjwt-api-0.11.5.jar:/Users/macbook/.m2/repository/io/jsonwebtoken/jjwt-impl/0.11.5/jjwt-impl-0.11.5.jar:/Users/macbook/.m2/repository/io/jsonwebtoken/jjwt-jackson/0.11.5/jjwt-jackson-0.11.5.jar:/Users/macbook/.m2/repository/com/fasterxml/jackson/core/jackson-databind/2.15.3/jackson-databind-2.15.3.jar:/Users/macbook/.m2/repository/com/fasterxml/jackson/core/jackson-annotations/2.15.3/jackson-annotations-2.15.3.jar:/Users/macbook/.m2/repository/com/fasterxml/jackson/core/jackson-core/2.15.3/jackson-core-2.15.3.jar:/Users/macbook/.m2/repository/com/oracle/database/jdbc/ojdbc8/21.9.0.0/ojdbc8-21.9.0.0.jar:/Users/macbook/.m2/repository/com/h2database/h2/2.2.224/h2-2.2.224.jar:/Users/macbook/.m2/repository/com/zaxxer/HikariCP/5.0.1/HikariCP-5.0.1.jar:/Users/macbook/.m2/repository/org/slf4j/slf4j-api/2.0.11/slf4j-api-2.0.11.jar:/Users/macbook/.m2/repository/org/projectlombok/lombok/1.18.30/lombok-1.18.30.jar:/Users/macbook/.m2/repository/org/springframework/boot/spring-boot-starter-test/3.2.2/spring-boot-starter-test-3.2.2.jar:/Users/macbook/.m2/repository/org/springframework/boot/spring-boot-test/3.2.2/spring-boot-test-3.2.2.jar:/Users/macbook/.m2/repository/org/springframework/boot/spring-boot-test-autoconfigure/3.2.2/spring-boot-test-autoconfigure-3.2.2.jar:/Users/macbook/.m2/repository/com/jayway/jsonpath/json-path/2.8.0/json-path-2.8.0.jar:/Users/macbook/.m2/repository/jakarta/xml/bind/jakarta.xml.bind-api/4.0.1/jakarta.xml.bind-api-4.0.1.jar:/Users/macbook/.m2/repository/jakarta/activation/jakarta.activation-api/2.1.2/jakarta.activation-api-2.1.2.jar:/Users/macbook/.m2/repository/net/minidev/json-smart/2.5.0/json-smart-2.5.0.jar:/Users/macbook/.m2/repository/net/minidev/accessors-smart/2.5.0/accessors-smart-2.5.0.jar:/Users/macbook/.m2/repository/org/ow2/asm/asm/9.3/asm-9.3.jar:/Users/macbook/.m2/repository/org/assertj/assertj-core/3.24.2/assertj-core-3.24.2.jar:/Users/macbook/.m2/repository/org/awaitility/awaitility/4.2.0/awaitility-4.2.0.jar:/Users/macbook/.m2/repository/org/hamcrest/hamcrest/2.2/hamcrest-2.2.jar:/Users/macbook/.m2/repository/org/junit/jupiter/junit-jupiter/5.10.1/junit-jupiter-5.10.1.jar:/Users/macbook/.m2/repository/org/junit/jupiter/junit-jupiter-api/5.10.1/junit-jupiter-api-5.10.1.jar:/Users/macbook/.m2/repository/org/opentest4j/opentest4j/1.3.0/opentest4j-1.3.0.jar:/Users/macbook/.m2/repository/org/junit/platform/junit-platform-commons/1.10.1/junit-platform-commons-1.10.1.jar:/Users/macbook/.m2/repository/org/apiguardian/apiguardian-api/1.1.2/apiguardian-api-1.1.2.jar:/Users/macbook/.m2/repository/org/junit/jupiter/junit-jupiter-params/5.10.1/junit-jupiter-params-5.10.1.jar:/Users/macbook/.m2/repository/org/junit/jupiter/junit-jupiter-engine/5.10.1/junit-jupiter-engine-5.10.1.jar:/Users/macbook/.m2/repository/org/junit/platform/junit-platform-engine/1.10.1/junit-platform-engine-1.10.1.jar:/Users/macbook/.m2/repository/org/mockito/mockito-core/5.7.0/mockito-core-5.7.0.jar:/Users/macbook/.m2/repository/net/bytebuddy/byte-buddy-agent/1.14.11/byte-buddy-agent-1.14.11.jar:/Users/macbook/.m2/repository/org/objenesis/objenesis/3.3/objenesis-3.3.jar:/Users/macbook/.m2/repository/org/mockito/mockito-junit-jupiter/5.7.0/mockito-junit-jupiter-5.7.0.jar:/Users/macbook/.m2/repository/org/skyscreamer/jsonassert/1.5.1/jsonassert-1.5.1.jar:/Users/macbook/.m2/repository/com/vaadin/external/google/android-json/0.0.20131108.vaadin1/android-json-0.0.20131108.vaadin1.jar:/Users/macbook/.m2/repository/org/springframework/spring-core/6.1.3/spring-core-6.1.3.jar:/Users/macbook/.m2/repository/org/springframework/spring-jcl/6.1.3/spring-jcl-6.1.3.jar:/Users/macbook/.m2/repository/org/springframework/spring-test/6.1.3/spring-test-6.1.3.jar:/Users/macbook/.m2/repository/org/xmlunit/xmlunit-core/2.9.1/xmlunit-core-2.9.1.jar:/Users/macbook/.m2/repository/org/springframework/security/spring-security-test/6.2.1/spring-security-test-6.2.1.jar:/Users/macbook/.m2/repository/org/springframework/security/spring-security-core/6.2.1/spring-security-core-6.2.1.jar:/Users/macbook/.m2/repository/org/springframework/security/spring-security-crypto/6.2.1/spring-security-crypto-6.2.1.jar:/Users/macbook/.m2/repository/org/mapstruct/mapstruct/1.5.5.Final/mapstruct-1.5.5.Final.jar:"/>
    <property name="java.vm.vendor" value="Homebrew"/>
    <property name="sun.arch.data.model" value="64"/>
    <property name="java.vendor.url" value="https://github.com/Homebrew/homebrew-core/issues"/>
    <property name="user.timezone" value="America/Argentina/Buenos_Aires"/>
    <property name="org.jboss.logging.provider" value="slf4j"/>
    <property name="os.name" value="Mac OS X"/>
    <property name="java.vm.specification.version" value="23"/>
    <property name="sun.java.launcher" value="SUN_STANDARD"/>
    <property name="user.country" value="AR"/>
    <property name="sun.boot.library.path" value="/opt/homebrew/Cellar/openjdk/23.0.2/libexec/openjdk.jdk/Contents/Home/lib"/>
    <property name="sun.java.command" value="/Users/macbook/Documents/CUFRE_V04/backend/target/surefire/surefirebooter-20250510234013428_3.jar /Users/macbook/Documents/CUFRE_V04/backend/target/surefire 2025-05-10T23-40-13_390-jvmRun1 surefire-20250510234013428_1tmp surefire_0-20250510234013428_2tmp"/>
    <property name="http.nonProxyHosts" value="local|*.local|169.254/16|*.169.254/16"/>
    <property name="jdk.debug" value="release"/>
    <property name="surefire.test.class.path" value="/Users/macbook/Documents/CUFRE_V04/backend/target/test-classes:/Users/macbook/Documents/CUFRE_V04/backend/target/classes:/Users/macbook/.m2/repository/org/springframework/boot/spring-boot-starter-data-jpa/3.2.2/spring-boot-starter-data-jpa-3.2.2.jar:/Users/macbook/.m2/repository/org/springframework/boot/spring-boot-starter-aop/3.2.2/spring-boot-starter-aop-3.2.2.jar:/Users/macbook/.m2/repository/org/aspectj/aspectjweaver/1.9.21/aspectjweaver-1.9.21.jar:/Users/macbook/.m2/repository/org/springframework/boot/spring-boot-starter-jdbc/3.2.2/spring-boot-starter-jdbc-3.2.2.jar:/Users/macbook/.m2/repository/org/springframework/spring-jdbc/6.1.3/spring-jdbc-6.1.3.jar:/Users/macbook/.m2/repository/org/hibernate/orm/hibernate-core/6.4.1.Final/hibernate-core-6.4.1.Final.jar:/Users/macbook/.m2/repository/jakarta/persistence/jakarta.persistence-api/3.1.0/jakarta.persistence-api-3.1.0.jar:/Users/macbook/.m2/repository/jakarta/transaction/jakarta.transaction-api/2.0.1/jakarta.transaction-api-2.0.1.jar:/Users/macbook/.m2/repository/org/jboss/logging/jboss-logging/3.5.3.Final/jboss-logging-3.5.3.Final.jar:/Users/macbook/.m2/repository/org/hibernate/common/hibernate-commons-annotations/6.0.6.Final/hibernate-commons-annotations-6.0.6.Final.jar:/Users/macbook/.m2/repository/io/smallrye/jandex/3.1.2/jandex-3.1.2.jar:/Users/macbook/.m2/repository/com/fasterxml/classmate/1.6.0/classmate-1.6.0.jar:/Users/macbook/.m2/repository/net/bytebuddy/byte-buddy/1.14.11/byte-buddy-1.14.11.jar:/Users/macbook/.m2/repository/org/glassfish/jaxb/jaxb-runtime/4.0.4/jaxb-runtime-4.0.4.jar:/Users/macbook/.m2/repository/org/glassfish/jaxb/jaxb-core/4.0.4/jaxb-core-4.0.4.jar:/Users/macbook/.m2/repository/org/eclipse/angus/angus-activation/2.0.1/angus-activation-2.0.1.jar:/Users/macbook/.m2/repository/org/glassfish/jaxb/txw2/4.0.4/txw2-4.0.4.jar:/Users/macbook/.m2/repository/com/sun/istack/istack-commons-runtime/4.1.2/istack-commons-runtime-4.1.2.jar:/Users/macbook/.m2/repository/jakarta/inject/jakarta.inject-api/2.0.1/jakarta.inject-api-2.0.1.jar:/Users/macbook/.m2/repository/org/antlr/antlr4-runtime/4.13.0/antlr4-runtime-4.13.0.jar:/Users/macbook/.m2/repository/org/springframework/data/spring-data-jpa/3.2.2/spring-data-jpa-3.2.2.jar:/Users/macbook/.m2/repository/org/springframework/data/spring-data-commons/3.2.2/spring-data-commons-3.2.2.jar:/Users/macbook/.m2/repository/org/springframework/spring-orm/6.1.3/spring-orm-6.1.3.jar:/Users/macbook/.m2/repository/org/springframework/spring-context/6.1.3/spring-context-6.1.3.jar:/Users/macbook/.m2/repository/org/springframework/spring-tx/6.1.3/spring-tx-6.1.3.jar:/Users/macbook/.m2/repository/org/springframework/spring-beans/6.1.3/spring-beans-6.1.3.jar:/Users/macbook/.m2/repository/jakarta/annotation/jakarta.annotation-api/2.1.1/jakarta.annotation-api-2.1.1.jar:/Users/macbook/.m2/repository/org/springframework/spring-aspects/6.1.3/spring-aspects-6.1.3.jar:/Users/macbook/.m2/repository/org/springframework/boot/spring-boot-starter-web/3.2.2/spring-boot-starter-web-3.2.2.jar:/Users/macbook/.m2/repository/org/springframework/boot/spring-boot-starter/3.2.2/spring-boot-starter-3.2.2.jar:/Users/macbook/.m2/repository/org/springframework/boot/spring-boot/3.2.2/spring-boot-3.2.2.jar:/Users/macbook/.m2/repository/org/springframework/boot/spring-boot-autoconfigure/3.2.2/spring-boot-autoconfigure-3.2.2.jar:/Users/macbook/.m2/repository/org/springframework/boot/spring-boot-starter-logging/3.2.2/spring-boot-starter-logging-3.2.2.jar:/Users/macbook/.m2/repository/ch/qos/logback/logback-classic/1.4.14/logback-classic-1.4.14.jar:/Users/macbook/.m2/repository/ch/qos/logback/logback-core/1.4.14/logback-core-1.4.14.jar:/Users/macbook/.m2/repository/org/apache/logging/log4j/log4j-to-slf4j/2.21.1/log4j-to-slf4j-2.21.1.jar:/Users/macbook/.m2/repository/org/apache/logging/log4j/log4j-api/2.21.1/log4j-api-2.21.1.jar:/Users/macbook/.m2/repository/org/slf4j/jul-to-slf4j/2.0.11/jul-to-slf4j-2.0.11.jar:/Users/macbook/.m2/repository/org/yaml/snakeyaml/2.2/snakeyaml-2.2.jar:/Users/macbook/.m2/repository/org/springframework/boot/spring-boot-starter-json/3.2.2/spring-boot-starter-json-3.2.2.jar:/Users/macbook/.m2/repository/com/fasterxml/jackson/datatype/jackson-datatype-jdk8/2.15.3/jackson-datatype-jdk8-2.15.3.jar:/Users/macbook/.m2/repository/com/fasterxml/jackson/datatype/jackson-datatype-jsr310/2.15.3/jackson-datatype-jsr310-2.15.3.jar:/Users/macbook/.m2/repository/com/fasterxml/jackson/module/jackson-module-parameter-names/2.15.3/jackson-module-parameter-names-2.15.3.jar:/Users/macbook/.m2/repository/org/springframework/boot/spring-boot-starter-tomcat/3.2.2/spring-boot-starter-tomcat-3.2.2.jar:/Users/macbook/.m2/repository/org/apache/tomcat/embed/tomcat-embed-core/10.1.18/tomcat-embed-core-10.1.18.jar:/Users/macbook/.m2/repository/org/apache/tomcat/embed/tomcat-embed-websocket/10.1.18/tomcat-embed-websocket-10.1.18.jar:/Users/macbook/.m2/repository/org/springframework/spring-web/6.1.3/spring-web-6.1.3.jar:/Users/macbook/.m2/repository/org/springframework/spring-webmvc/6.1.3/spring-webmvc-6.1.3.jar:/Users/macbook/.m2/repository/org/springframework/spring-expression/6.1.3/spring-expression-6.1.3.jar:/Users/macbook/.m2/repository/org/springframework/boot/spring-boot-starter-security/3.2.2/spring-boot-starter-security-3.2.2.jar:/Users/macbook/.m2/repository/org/springframework/spring-aop/6.1.3/spring-aop-6.1.3.jar:/Users/macbook/.m2/repository/org/springframework/security/spring-security-config/6.2.1/spring-security-config-6.2.1.jar:/Users/macbook/.m2/repository/org/springframework/security/spring-security-web/6.2.1/spring-security-web-6.2.1.jar:/Users/macbook/.m2/repository/org/springframework/boot/spring-boot-starter-validation/3.2.2/spring-boot-starter-validation-3.2.2.jar:/Users/macbook/.m2/repository/org/apache/tomcat/embed/tomcat-embed-el/10.1.18/tomcat-embed-el-10.1.18.jar:/Users/macbook/.m2/repository/org/hibernate/validator/hibernate-validator/8.0.1.Final/hibernate-validator-8.0.1.Final.jar:/Users/macbook/.m2/repository/jakarta/validation/jakarta.validation-api/3.0.2/jakarta.validation-api-3.0.2.jar:/Users/macbook/.m2/repository/org/springframework/boot/spring-boot-starter-actuator/3.2.2/spring-boot-starter-actuator-3.2.2.jar:/Users/macbook/.m2/repository/org/springframework/boot/spring-boot-actuator-autoconfigure/3.2.2/spring-boot-actuator-autoconfigure-3.2.2.jar:/Users/macbook/.m2/repository/org/springframework/boot/spring-boot-actuator/3.2.2/spring-boot-actuator-3.2.2.jar:/Users/macbook/.m2/repository/io/micrometer/micrometer-observation/1.12.2/micrometer-observation-1.12.2.jar:/Users/macbook/.m2/repository/io/micrometer/micrometer-commons/1.12.2/micrometer-commons-1.12.2.jar:/Users/macbook/.m2/repository/io/micrometer/micrometer-jakarta9/1.12.2/micrometer-jakarta9-1.12.2.jar:/Users/macbook/.m2/repository/io/micrometer/micrometer-core/1.12.2/micrometer-core-1.12.2.jar:/Users/macbook/.m2/repository/org/hdrhistogram/HdrHistogram/2.1.12/HdrHistogram-2.1.12.jar:/Users/macbook/.m2/repository/org/latencyutils/LatencyUtils/2.0.3/LatencyUtils-2.0.3.jar:/Users/macbook/.m2/repository/org/flywaydb/flyway-core/11.8.1/flyway-core-11.8.1.jar:/Users/macbook/.m2/repository/org/flywaydb/flyway-database-oracle/11.8.1/flyway-database-oracle-11.8.1.jar:/Users/macbook/.m2/repository/io/jsonwebtoken/jjwt-api/0.11.5/jjwt-api-0.11.5.jar:/Users/macbook/.m2/repository/io/jsonwebtoken/jjwt-impl/0.11.5/jjwt-impl-0.11.5.jar:/Users/macbook/.m2/repository/io/jsonwebtoken/jjwt-jackson/0.11.5/jjwt-jackson-0.11.5.jar:/Users/macbook/.m2/repository/com/fasterxml/jackson/core/jackson-databind/2.15.3/jackson-databind-2.15.3.jar:/Users/macbook/.m2/repository/com/fasterxml/jackson/core/jackson-annotations/2.15.3/jackson-annotations-2.15.3.jar:/Users/macbook/.m2/repository/com/fasterxml/jackson/core/jackson-core/2.15.3/jackson-core-2.15.3.jar:/Users/macbook/.m2/repository/com/oracle/database/jdbc/ojdbc8/21.9.0.0/ojdbc8-21.9.0.0.jar:/Users/macbook/.m2/repository/com/h2database/h2/2.2.224/h2-2.2.224.jar:/Users/macbook/.m2/repository/com/zaxxer/HikariCP/5.0.1/HikariCP-5.0.1.jar:/Users/macbook/.m2/repository/org/slf4j/slf4j-api/2.0.11/slf4j-api-2.0.11.jar:/Users/macbook/.m2/repository/org/projectlombok/lombok/1.18.30/lombok-1.18.30.jar:/Users/macbook/.m2/repository/org/springframework/boot/spring-boot-starter-test/3.2.2/spring-boot-starter-test-3.2.2.jar:/Users/macbook/.m2/repository/org/springframework/boot/spring-boot-test/3.2.2/spring-boot-test-3.2.2.jar:/Users/macbook/.m2/repository/org/springframework/boot/spring-boot-test-autoconfigure/3.2.2/spring-boot-test-autoconfigure-3.2.2.jar:/Users/macbook/.m2/repository/com/jayway/jsonpath/json-path/2.8.0/json-path-2.8.0.jar:/Users/macbook/.m2/repository/jakarta/xml/bind/jakarta.xml.bind-api/4.0.1/jakarta.xml.bind-api-4.0.1.jar:/Users/macbook/.m2/repository/jakarta/activation/jakarta.activation-api/2.1.2/jakarta.activation-api-2.1.2.jar:/Users/macbook/.m2/repository/net/minidev/json-smart/2.5.0/json-smart-2.5.0.jar:/Users/macbook/.m2/repository/net/minidev/accessors-smart/2.5.0/accessors-smart-2.5.0.jar:/Users/macbook/.m2/repository/org/ow2/asm/asm/9.3/asm-9.3.jar:/Users/macbook/.m2/repository/org/assertj/assertj-core/3.24.2/assertj-core-3.24.2.jar:/Users/macbook/.m2/repository/org/awaitility/awaitility/4.2.0/awaitility-4.2.0.jar:/Users/macbook/.m2/repository/org/hamcrest/hamcrest/2.2/hamcrest-2.2.jar:/Users/macbook/.m2/repository/org/junit/jupiter/junit-jupiter/5.10.1/junit-jupiter-5.10.1.jar:/Users/macbook/.m2/repository/org/junit/jupiter/junit-jupiter-api/5.10.1/junit-jupiter-api-5.10.1.jar:/Users/macbook/.m2/repository/org/opentest4j/opentest4j/1.3.0/opentest4j-1.3.0.jar:/Users/macbook/.m2/repository/org/junit/platform/junit-platform-commons/1.10.1/junit-platform-commons-1.10.1.jar:/Users/macbook/.m2/repository/org/apiguardian/apiguardian-api/1.1.2/apiguardian-api-1.1.2.jar:/Users/macbook/.m2/repository/org/junit/jupiter/junit-jupiter-params/5.10.1/junit-jupiter-params-5.10.1.jar:/Users/macbook/.m2/repository/org/junit/jupiter/junit-jupiter-engine/5.10.1/junit-jupiter-engine-5.10.1.jar:/Users/macbook/.m2/repository/org/junit/platform/junit-platform-engine/1.10.1/junit-platform-engine-1.10.1.jar:/Users/macbook/.m2/repository/org/mockito/mockito-core/5.7.0/mockito-core-5.7.0.jar:/Users/macbook/.m2/repository/net/bytebuddy/byte-buddy-agent/1.14.11/byte-buddy-agent-1.14.11.jar:/Users/macbook/.m2/repository/org/objenesis/objenesis/3.3/objenesis-3.3.jar:/Users/macbook/.m2/repository/org/mockito/mockito-junit-jupiter/5.7.0/mockito-junit-jupiter-5.7.0.jar:/Users/macbook/.m2/repository/org/skyscreamer/jsonassert/1.5.1/jsonassert-1.5.1.jar:/Users/macbook/.m2/repository/com/vaadin/external/google/android-json/0.0.20131108.vaadin1/android-json-0.0.20131108.vaadin1.jar:/Users/macbook/.m2/repository/org/springframework/spring-core/6.1.3/spring-core-6.1.3.jar:/Users/macbook/.m2/repository/org/springframework/spring-jcl/6.1.3/spring-jcl-6.1.3.jar:/Users/macbook/.m2/repository/org/springframework/spring-test/6.1.3/spring-test-6.1.3.jar:/Users/macbook/.m2/repository/org/xmlunit/xmlunit-core/2.9.1/xmlunit-core-2.9.1.jar:/Users/macbook/.m2/repository/org/springframework/security/spring-security-test/6.2.1/spring-security-test-6.2.1.jar:/Users/macbook/.m2/repository/org/springframework/security/spring-security-core/6.2.1/spring-security-core-6.2.1.jar:/Users/macbook/.m2/repository/org/springframework/security/spring-security-crypto/6.2.1/spring-security-crypto-6.2.1.jar:/Users/macbook/.m2/repository/org/mapstruct/mapstruct/1.5.5.Final/mapstruct-1.5.5.Final.jar:"/>
    <property name="sun.cpu.endian" value="little"/>
    <property name="user.home" value="/Users/macbook"/>
    <property name="user.language" value="es"/>
    <property name="java.specification.vendor" value="Oracle Corporation"/>
    <property name="java.version.date" value="2025-01-21"/>
    <property name="java.home" value="/opt/homebrew/Cellar/openjdk/23.0.2/libexec/openjdk.jdk/Contents/Home"/>
    <property name="file.separator" value="/"/>
    <property name="basedir" value="/Users/macbook/Documents/CUFRE_V04/backend"/>
    <property name="java.vm.compressedOopsMode" value="Zero based"/>
    <property name="line.separator" value="&#10;"/>
    <property name="java.vm.specification.vendor" value="Oracle Corporation"/>
    <property name="java.specification.name" value="Java Platform API Specification"/>
    <property name="FILE_LOG_CHARSET" value="UTF-8"/>
    <property name="java.awt.headless" value="true"/>
    <property name="apple.awt.application.name" value="ForkedBooter"/>
    <property name="surefire.real.class.path" value="/Users/macbook/Documents/CUFRE_V04/backend/target/surefire/surefirebooter-20250510234013428_3.jar"/>
    <property name="polyglot.engine.WarnInterpreterOnly" value="false"/>
    <property name="sun.management.compiler" value="HotSpot 64-Bit Tiered Compilers"/>
    <property name="ftp.nonProxyHosts" value="local|*.local|169.254/16|*.169.254/16"/>
    <property name="java.runtime.version" value="23.0.2"/>
    <property name="user.name" value="macbook"/>
    <property name="stdout.encoding" value="UTF-8"/>
    <property name="path.separator" value=":"/>
    <property name="os.version" value="15.4.1"/>
    <property name="java.runtime.name" value="OpenJDK Runtime Environment"/>
    <property name="file.encoding" value="UTF-8"/>
    <property name="java.vm.name" value="OpenJDK 64-Bit Server VM"/>
    <property name="java.vendor.version" value="Homebrew"/>
    <property name="localRepository" value="/Users/macbook/.m2/repository"/>
    <property name="java.vendor.url.bug" value="https://github.com/Homebrew/homebrew-core/issues"/>
    <property name="java.io.tmpdir" value="/var/folders/zf/1yht7tqd6h72mkw5frsckl2w0000gn/T/"/>
    <property name="java.version" value="23.0.2"/>
    <property name="user.dir" value="/Users/macbook/Documents/CUFRE_V04/backend"/>
    <property name="os.arch" value="aarch64"/>
    <property name="java.vm.specification.name" value="Java Virtual Machine Specification"/>
    <property name="PID" value="8068"/>
    <property name="CONSOLE_LOG_CHARSET" value="UTF-8"/>
    <property name="native.encoding" value="UTF-8"/>
    <property name="java.library.path" value="/Users/macbook/Library/Java/Extensions:/Library/Java/Extensions:/Network/Library/Java/Extensions:/System/Library/Java/Extensions:/usr/lib/java:."/>
    <property name="java.vm.info" value="mixed mode, sharing"/>
    <property name="stderr.encoding" value="UTF-8"/>
    <property name="java.vendor" value="Homebrew"/>
    <property name="java.vm.version" value="23.0.2"/>
    <property name="sun.io.unicode.encoding" value="UnicodeBig"/>
    <property name="socksNonProxyHosts" value="local|*.local|169.254/16|*.169.254/16"/>
    <property name="java.class.version" value="67.0"/>
  </properties>
  <testcase name="testPrioridadConCamposDeImpacto" classname="com.cufre.expedientes.service.ExpedienteServicePriorityTest" time="0.091">
    <error message="could not execute statement [ORA-00001: restricción única (C##CUFRE_USER.SYS_C008633) violada&#10;] [/* insert for com.cufre.expedientes.model.Expediente */insert into expediente (ambito_banda,antecedentes_flag,area_fronteriza,autorizacion_tareas,banda_flag,capacidad_operativa,caratula,conexiones_otras_actividades_flag,descripcion,descripcion_hecho,descripcion_procedimiento,detalle_antecedentes,disposicion_juzgado,estado_situacion,fecha_asignacion,fecha_autorizacion_tareas,fecha_detencion,fecha_hecho,fecha_ingreso,fecha_oficio,fiscalia,foto_principal_id,fuerza_asignada,fuerza_detencion,impacto_percepcion,impacto_social,institucion_sensible_cercana,jurisdiccion,juzgado,lugar_detencion,lugar_hecho,mediatico_flag,motivo_captura,nivel_incidencia_zona,nivel_organizacion,nombre_banda,numero,numero_causa,numero_complices,pais,patrones_repetitivos,peligrosidad_flag,planificacion_flag,prioridad,profugo_antecedentes_penales,profugo_cabello,profugo_contextura_fisica,profugo_detalle_antecedentes,profugo_estaba_detenido,profugo_estatura,profugo_grupo_sanguineo,profugo_marcas_visibles,profugo_nivel_estudios,profugo_numero_detenciones_previas,profugo_numero_prontuario,profugo_ojos,profugo_peso,profugo_profesion_ocupacion,profugo_situacion_procesal,profugo_telefono,profugo_tez,profugo_ultima_vez_visto,provincia,recompensa,recursos_limitados,reincidente_flag,reiterante_flag,secretaria,terrorismo_flag,tipo_captura,tipo_dano,tipo_victima,uso_armas_blancas_flag,uso_armas_fuego_flag,id) values (?,?,?,?,?,?,?,?,?,?,?,?,?,?,?,?,?,?,?,?,?,?,?,?,?,?,?,?,?,?,?,?,?,?,?,?,?,?,?,?,?,?,?,?,?,?,?,?,?,?,?,?,?,?,?,?,?,?,?,?,?,?,?,?,?,?,?,?,?,?,?,?,?,?,default)]; SQL [/* insert for com.cufre.expedientes.model.Expediente */insert into expediente (ambito_banda,antecedentes_flag,area_fronteriza,autorizacion_tareas,banda_flag,capacidad_operativa,caratula,conexiones_otras_actividades_flag,descripcion,descripcion_hecho,descripcion_procedimiento,detalle_antecedentes,disposicion_juzgado,estado_situacion,fecha_asignacion,fecha_autorizacion_tareas,fecha_detencion,fecha_hecho,fecha_ingreso,fecha_oficio,fiscalia,foto_principal_id,fuerza_asignada,fuerza_detencion,impacto_percepcion,impacto_social,institucion_sensible_cercana,jurisdiccion,juzgado,lugar_detencion,lugar_hecho,mediatico_flag,motivo_captura,nivel_incidencia_zona,nivel_organizacion,nombre_banda,numero,numero_causa,numero_complices,pais,patrones_repetitivos,peligrosidad_flag,planificacion_flag,prioridad,profugo_antecedentes_penales,profugo_cabello,profugo_contextura_fisica,profugo_detalle_antecedentes,profugo_estaba_detenido,profugo_estatura,profugo_grupo_sanguineo,profugo_marcas_visibles,profugo_nivel_estudios,profugo_numero_detenciones_previas,profugo_numero_prontuario,profugo_ojos,profugo_peso,profugo_profesion_ocupacion,profugo_situacion_procesal,profugo_telefono,profugo_tez,profugo_ultima_vez_visto,provincia,recompensa,recursos_limitados,reincidente_flag,reiterante_flag,secretaria,terrorismo_flag,tipo_captura,tipo_dano,tipo_victima,uso_armas_blancas_flag,uso_armas_fuego_flag,id) values (?,?,?,?,?,?,?,?,?,?,?,?,?,?,?,?,?,?,?,?,?,?,?,?,?,?,?,?,?,?,?,?,?,?,?,?,?,?,?,?,?,?,?,?,?,?,?,?,?,?,?,?,?,?,?,?,?,?,?,?,?,?,?,?,?,?,?,?,?,?,?,?,?,?,default)]; constraint [C##CUFRE_USER.SYS_C008633]" type="org.springframework.dao.DataIntegrityViolationException"><![CDATA[org.springframework.dao.DataIntegrityViolationException: 
could not execute statement [ORA-00001: restricción única (C##CUFRE_USER.SYS_C008633) violada
] [/* insert for com.cufre.expedientes.model.Expediente */insert into expediente (ambito_banda,antecedentes_flag,area_fronteriza,autorizacion_tareas,banda_flag,capacidad_operativa,caratula,conexiones_otras_actividades_flag,descripcion,descripcion_hecho,descripcion_procedimiento,detalle_antecedentes,disposicion_juzgado,estado_situacion,fecha_asignacion,fecha_autorizacion_tareas,fecha_detencion,fecha_hecho,fecha_ingreso,fecha_oficio,fiscalia,foto_principal_id,fuerza_asignada,fuerza_detencion,impacto_percepcion,impacto_social,institucion_sensible_cercana,jurisdiccion,juzgado,lugar_detencion,lugar_hecho,mediatico_flag,motivo_captura,nivel_incidencia_zona,nivel_organizacion,nombre_banda,numero,numero_causa,numero_complices,pais,patrones_repetitivos,peligrosidad_flag,planificacion_flag,prioridad,profugo_antecedentes_penales,profugo_cabello,profugo_contextura_fisica,profugo_detalle_antecedentes,profugo_estaba_detenido,profugo_estatura,profugo_grupo_sanguineo,profugo_marcas_visibles,profugo_nivel_estudios,profugo_numero_detenciones_previas,profugo_numero_prontuario,profugo_ojos,profugo_peso,profugo_profesion_ocupacion,profugo_situacion_procesal,profugo_telefono,profugo_tez,profugo_ultima_vez_visto,provincia,recompensa,recursos_limitados,reincidente_flag,reiterante_flag,secretaria,terrorismo_flag,tipo_captura,tipo_dano,tipo_victima,uso_armas_blancas_flag,uso_armas_fuego_flag,id) values (?,?,?,?,?,?,?,?,?,?,?,?,?,?,?,?,?,?,?,?,?,?,?,?,?,?,?,?,?,?,?,?,?,?,?,?,?,?,?,?,?,?,?,?,?,?,?,?,?,?,?,?,?,?,?,?,?,?,?,?,?,?,?,?,?,?,?,?,?,?,?,?,?,?,default)]; SQL [/* insert for com.cufre.expedientes.model.Expediente */insert into expediente (ambito_banda,antecedentes_flag,area_fronteriza,autorizacion_tareas,banda_flag,capacidad_operativa,caratula,conexiones_otras_actividades_flag,descripcion,descripcion_hecho,descripcion_procedimiento,detalle_antecedentes,disposicion_juzgado,estado_situacion,fecha_asignacion,fecha_autorizacion_tareas,fecha_detencion,fecha_hecho,fecha_ingreso,fecha_oficio,fiscalia,foto_principal_id,fuerza_asignada,fuerza_detencion,impacto_percepcion,impacto_social,institucion_sensible_cercana,jurisdiccion,juzgado,lugar_detencion,lugar_hecho,mediatico_flag,motivo_captura,nivel_incidencia_zona,nivel_organizacion,nombre_banda,numero,numero_causa,numero_complices,pais,patrones_repetitivos,peligrosidad_flag,planificacion_flag,prioridad,profugo_antecedentes_penales,profugo_cabello,profugo_contextura_fisica,profugo_detalle_antecedentes,profugo_estaba_detenido,profugo_estatura,profugo_grupo_sanguineo,profugo_marcas_visibles,profugo_nivel_estudios,profugo_numero_detenciones_previas,profugo_numero_prontuario,profugo_ojos,profugo_peso,profugo_profesion_ocupacion,profugo_situacion_procesal,profugo_telefono,profugo_tez,profugo_ultima_vez_visto,provincia,recompensa,recursos_limitados,reincidente_flag,reiterante_flag,secretaria,terrorismo_flag,tipo_captura,tipo_dano,tipo_victima,uso_armas_blancas_flag,uso_armas_fuego_flag,id) values (?,?,?,?,?,?,?,?,?,?,?,?,?,?,?,?,?,?,?,?,?,?,?,?,?,?,?,?,?,?,?,?,?,?,?,?,?,?,?,?,?,?,?,?,?,?,?,?,?,?,?,?,?,?,?,?,?,?,?,?,?,?,?,?,?,?,?,?,?,?,?,?,?,?,default)]; constraint [C##CUFRE_USER.SYS_C008633]
	at org.springframework.orm.jpa.vendor.HibernateJpaDialect.convertHibernateAccessException(HibernateJpaDialect.java:290)
	at org.springframework.orm.jpa.vendor.HibernateJpaDialect.translateExceptionIfPossible(HibernateJpaDialect.java:241)
	at org.springframework.orm.jpa.AbstractEntityManagerFactoryBean.translateExceptionIfPossible(AbstractEntityManagerFactoryBean.java:550)
	at org.springframework.dao.support.ChainedPersistenceExceptionTranslator.translateExceptionIfPossible(ChainedPersistenceExceptionTranslator.java:61)
	at org.springframework.dao.support.DataAccessUtils.translateIfNecessary(DataAccessUtils.java:335)
	at org.springframework.dao.support.PersistenceExceptionTranslationInterceptor.invoke(PersistenceExceptionTranslationInterceptor.java:152)
	at org.springframework.aop.framework.ReflectiveMethodInvocation.proceed(ReflectiveMethodInvocation.java:184)
	at org.springframework.data.jpa.repository.support.CrudMethodMetadataPostProcessor$CrudMethodMetadataPopulatingMethodInterceptor.invoke(CrudMethodMetadataPostProcessor.java:164)
	at org.springframework.aop.framework.ReflectiveMethodInvocation.proceed(ReflectiveMethodInvocation.java:184)
	at org.springframework.aop.interceptor.ExposeInvocationInterceptor.invoke(ExposeInvocationInterceptor.java:97)
	at org.springframework.aop.framework.ReflectiveMethodInvocation.proceed(ReflectiveMethodInvocation.java:184)
	at org.springframework.aop.framework.JdkDynamicAopProxy.invoke(JdkDynamicAopProxy.java:220)
	at jdk.proxy2/jdk.proxy2.$Proxy168.save(Unknown Source)
	at com.cufre.expedientes.service.ExpedienteService.create(ExpedienteService.java:166)
	at java.base/jdk.internal.reflect.DirectMethodHandleAccessor.invoke(DirectMethodHandleAccessor.java:103)
	at java.base/java.lang.reflect.Method.invoke(Method.java:580)
	at org.springframework.aop.support.AopUtils.invokeJoinpointUsingReflection(AopUtils.java:351)
	at org.springframework.aop.framework.ReflectiveMethodInvocation.invokeJoinpoint(ReflectiveMethodInvocation.java:196)
	at org.springframework.aop.framework.ReflectiveMethodInvocation.proceed(ReflectiveMethodInvocation.java:163)
	at org.springframework.aop.framework.CglibAopProxy$CglibMethodInvocation.proceed(CglibAopProxy.java:765)
	at org.springframework.transaction.interceptor.TransactionInterceptor$1.proceedWithInvocation(TransactionInterceptor.java:123)
	at org.springframework.transaction.interceptor.TransactionAspectSupport.invokeWithinTransaction(TransactionAspectSupport.java:385)
	at org.springframework.transaction.interceptor.TransactionInterceptor.invoke(TransactionInterceptor.java:119)
	at org.springframework.aop.framework.ReflectiveMethodInvocation.proceed(ReflectiveMethodInvocation.java:184)
	at org.springframework.aop.framework.CglibAopProxy$CglibMethodInvocation.proceed(CglibAopProxy.java:765)
	at org.springframework.aop.framework.CglibAopProxy$DynamicAdvisedInterceptor.intercept(CglibAopProxy.java:717)
	at com.cufre.expedientes.service.ExpedienteService$$SpringCGLIB$$0.create(<generated>)
	at com.cufre.expedientes.service.ExpedienteServicePriorityTest.testPrioridadConCamposDeImpacto(ExpedienteServicePriorityTest.java:49)
	at java.base/java.lang.reflect.Method.invoke(Method.java:580)
	at java.base/java.util.ArrayList.forEach(ArrayList.java:1597)
	at java.base/java.util.ArrayList.forEach(ArrayList.java:1597)
Caused by: org.hibernate.exception.ConstraintViolationException: could not execute statement [ORA-00001: restricción única (C##CUFRE_USER.SYS_C008633) violada
] [/* insert for com.cufre.expedientes.model.Expediente */insert into expediente (ambito_banda,antecedentes_flag,area_fronteriza,autorizacion_tareas,banda_flag,capacidad_operativa,caratula,conexiones_otras_actividades_flag,descripcion,descripcion_hecho,descripcion_procedimiento,detalle_antecedentes,disposicion_juzgado,estado_situacion,fecha_asignacion,fecha_autorizacion_tareas,fecha_detencion,fecha_hecho,fecha_ingreso,fecha_oficio,fiscalia,foto_principal_id,fuerza_asignada,fuerza_detencion,impacto_percepcion,impacto_social,institucion_sensible_cercana,jurisdiccion,juzgado,lugar_detencion,lugar_hecho,mediatico_flag,motivo_captura,nivel_incidencia_zona,nivel_organizacion,nombre_banda,numero,numero_causa,numero_complices,pais,patrones_repetitivos,peligrosidad_flag,planificacion_flag,prioridad,profugo_antecedentes_penales,profugo_cabello,profugo_contextura_fisica,profugo_detalle_antecedentes,profugo_estaba_detenido,profugo_estatura,profugo_grupo_sanguineo,profugo_marcas_visibles,profugo_nivel_estudios,profugo_numero_detenciones_previas,profugo_numero_prontuario,profugo_ojos,profugo_peso,profugo_profesion_ocupacion,profugo_situacion_procesal,profugo_telefono,profugo_tez,profugo_ultima_vez_visto,provincia,recompensa,recursos_limitados,reincidente_flag,reiterante_flag,secretaria,terrorismo_flag,tipo_captura,tipo_dano,tipo_victima,uso_armas_blancas_flag,uso_armas_fuego_flag,id) values (?,?,?,?,?,?,?,?,?,?,?,?,?,?,?,?,?,?,?,?,?,?,?,?,?,?,?,?,?,?,?,?,?,?,?,?,?,?,?,?,?,?,?,?,?,?,?,?,?,?,?,?,?,?,?,?,?,?,?,?,?,?,?,?,?,?,?,?,?,?,?,?,?,?,default)]
	at org.hibernate.exception.internal.SQLExceptionTypeDelegate.convert(SQLExceptionTypeDelegate.java:62)
	at org.hibernate.exception.internal.StandardSQLExceptionConverter.convert(StandardSQLExceptionConverter.java:58)
	at org.hibernate.engine.jdbc.spi.SqlExceptionHelper.convert(SqlExceptionHelper.java:108)
	at org.hibernate.engine.jdbc.internal.ResultSetReturnImpl.executeUpdate(ResultSetReturnImpl.java:197)
	at org.hibernate.id.insert.GetGeneratedKeysDelegate.performInsert(GetGeneratedKeysDelegate.java:107)
	at org.hibernate.engine.jdbc.mutation.internal.MutationExecutorPostInsertSingleTable.execute(MutationExecutorPostInsertSingleTable.java:100)
	at org.hibernate.persister.entity.mutation.InsertCoordinator.doStaticInserts(InsertCoordinator.java:175)
	at org.hibernate.persister.entity.mutation.InsertCoordinator.coordinateInsert(InsertCoordinator.java:113)
	at org.hibernate.persister.entity.AbstractEntityPersister.insert(AbstractEntityPersister.java:2868)
	at org.hibernate.action.internal.EntityIdentityInsertAction.execute(EntityIdentityInsertAction.java:81)
	at org.hibernate.engine.spi.ActionQueue.execute(ActionQueue.java:670)
	at org.hibernate.engine.spi.ActionQueue.addResolvedEntityInsertAction(ActionQueue.java:291)
	at org.hibernate.engine.spi.ActionQueue.addInsertAction(ActionQueue.java:272)
	at org.hibernate.engine.spi.ActionQueue.addAction(ActionQueue.java:322)
	at org.hibernate.event.internal.AbstractSaveEventListener.addInsertAction(AbstractSaveEventListener.java:386)
	at org.hibernate.event.internal.AbstractSaveEventListener.performSaveOrReplicate(AbstractSaveEventListener.java:300)
	at org.hibernate.event.internal.AbstractSaveEventListener.performSave(AbstractSaveEventListener.java:219)
	at org.hibernate.event.internal.AbstractSaveEventListener.saveWithGeneratedId(AbstractSaveEventListener.java:134)
	at org.hibernate.event.internal.DefaultPersistEventListener.entityIsTransient(DefaultPersistEventListener.java:175)
	at org.hibernate.event.internal.DefaultPersistEventListener.persist(DefaultPersistEventListener.java:93)
	at org.hibernate.event.internal.DefaultPersistEventListener.onPersist(DefaultPersistEventListener.java:77)
	at org.hibernate.event.internal.DefaultPersistEventListener.onPersist(DefaultPersistEventListener.java:54)
	at org.hibernate.event.service.internal.EventListenerGroupImpl.fireEventOnEachListener(EventListenerGroupImpl.java:127)
	at org.hibernate.internal.SessionImpl.firePersist(SessionImpl.java:774)
	at org.hibernate.internal.SessionImpl.persist(SessionImpl.java:758)
	at java.base/jdk.internal.reflect.DirectMethodHandleAccessor.invoke(DirectMethodHandleAccessor.java:103)
	at java.base/java.lang.reflect.Method.invoke(Method.java:580)
	at org.springframework.orm.jpa.SharedEntityManagerCreator$SharedEntityManagerInvocationHandler.invoke(SharedEntityManagerCreator.java:319)
	at jdk.proxy2/jdk.proxy2.$Proxy160.persist(Unknown Source)
	at org.springframework.data.jpa.repository.support.SimpleJpaRepository.save(SimpleJpaRepository.java:618)
	at java.base/jdk.internal.reflect.DirectMethodHandleAccessor.invoke(DirectMethodHandleAccessor.java:103)
	at java.base/java.lang.reflect.Method.invoke(Method.java:580)
	at org.springframework.aop.support.AopUtils.invokeJoinpointUsingReflection(AopUtils.java:351)
	at org.springframework.data.repository.core.support.RepositoryMethodInvoker$RepositoryFragmentMethodInvoker.lambda$new$0(RepositoryMethodInvoker.java:277)
	at org.springframework.data.repository.core.support.RepositoryMethodInvoker.doInvoke(RepositoryMethodInvoker.java:170)
	at org.springframework.data.repository.core.support.RepositoryMethodInvoker.invoke(RepositoryMethodInvoker.java:158)
	at org.springframework.data.repository.core.support.RepositoryComposition$RepositoryFragments.invoke(RepositoryComposition.java:516)
	at org.springframework.data.repository.core.support.RepositoryComposition.invoke(RepositoryComposition.java:285)
	at org.springframework.data.repository.core.support.RepositoryFactorySupport$ImplementationMethodExecutionInterceptor.invoke(RepositoryFactorySupport.java:628)
	at org.springframework.aop.framework.ReflectiveMethodInvocation.proceed(ReflectiveMethodInvocation.java:184)
	at org.springframework.data.repository.core.support.QueryExecutorMethodInterceptor.doInvoke(QueryExecutorMethodInterceptor.java:168)
	at org.springframework.data.repository.core.support.QueryExecutorMethodInterceptor.invoke(QueryExecutorMethodInterceptor.java:143)
	at org.springframework.aop.framework.ReflectiveMethodInvocation.proceed(ReflectiveMethodInvocation.java:184)
	at org.springframework.data.projection.DefaultMethodInvokingMethodInterceptor.invoke(DefaultMethodInvokingMethodInterceptor.java:70)
	at org.springframework.aop.framework.ReflectiveMethodInvocation.proceed(ReflectiveMethodInvocation.java:184)
	at org.springframework.transaction.interceptor.TransactionInterceptor$1.proceedWithInvocation(TransactionInterceptor.java:123)
	at org.springframework.transaction.interceptor.TransactionAspectSupport.invokeWithinTransaction(TransactionAspectSupport.java:385)
	at org.springframework.transaction.interceptor.TransactionInterceptor.invoke(TransactionInterceptor.java:119)
	at org.springframework.aop.framework.ReflectiveMethodInvocation.proceed(ReflectiveMethodInvocation.java:184)
	at org.springframework.dao.support.PersistenceExceptionTranslationInterceptor.invoke(PersistenceExceptionTranslationInterceptor.java:137)
	... 25 more
Caused by: java.sql.SQLIntegrityConstraintViolationException: ORA-00001: restricción única (C##CUFRE_USER.SYS_C008633) violada

	at oracle.jdbc.driver.T4CTTIoer11.processError(T4CTTIoer11.java:629)
	at oracle.jdbc.driver.T4CTTIoer11.processError(T4CTTIoer11.java:563)
	at oracle.jdbc.driver.T4C8Oall.processError(T4C8Oall.java:1150)
	at oracle.jdbc.driver.T4CTTIfun.receive(T4CTTIfun.java:770)
	at oracle.jdbc.driver.T4CTTIfun.doRPC(T4CTTIfun.java:298)
	at oracle.jdbc.driver.T4C8Oall.doOALL(T4C8Oall.java:497)
	at oracle.jdbc.driver.T4CPreparedStatement.doOall8(T4CPreparedStatement.java:151)
	at oracle.jdbc.driver.T4CPreparedStatement.executeForRows(T4CPreparedStatement.java:1051)
	at oracle.jdbc.driver.OracleStatement.executeSQLStatement(OracleStatement.java:1530)
	at oracle.jdbc.driver.OracleStatement.doExecuteWithTimeout(OracleStatement.java:1310)
	at oracle.jdbc.driver.OraclePreparedStatement.executeInternal(OraclePreparedStatement.java:3745)
	at oracle.jdbc.driver.OraclePreparedStatement.executeLargeUpdate(OraclePreparedStatement.java:3917)
	at oracle.jdbc.driver.OraclePreparedStatement.executeUpdate(OraclePreparedStatement.java:3896)
	at oracle.jdbc.driver.OraclePreparedStatementWrapper.executeUpdate(OraclePreparedStatementWrapper.java:991)
	at com.zaxxer.hikari.pool.ProxyPreparedStatement.executeUpdate(ProxyPreparedStatement.java:61)
	at com.zaxxer.hikari.pool.HikariProxyPreparedStatement.executeUpdate(HikariProxyPreparedStatement.java)
	at org.hibernate.engine.jdbc.internal.ResultSetReturnImpl.executeUpdate(ResultSetReturnImpl.java:194)
	... 71 more
Caused by: [SQL INCLUDES EXPRESSIONS ADDED BY THE ORACLE JDBC DRIVER],Error : 1, Position : 0, Sql = /* insert for com.cufre.expedientes.model.Expediente */insert into expediente (ambito_banda,antecedentes_flag,area_fronteriza,autorizacion_tareas,banda_flag,capacidad_operativa,caratula,conexiones_otras_actividades_flag,descripcion,descripcion_hecho,descripcion_procedimiento,detalle_antecedentes,disposicion_juzgado,estado_situacion,fecha_asignacion,fecha_autorizacion_tareas,fecha_detencion,fecha_hecho,fecha_ingreso,fecha_oficio,fiscalia,foto_principal_id,fuerza_asignada,fuerza_detencion,impacto_percepcion,impacto_social,institucion_sensible_cercana,jurisdiccion,juzgado,lugar_detencion,lugar_hecho,mediatico_flag,motivo_captura,nivel_incidencia_zona,nivel_organizacion,nombre_banda,numero,numero_causa,numero_complices,pais,patrones_repetitivos,peligrosidad_flag,planificacion_flag,prioridad,profugo_antecedentes_penales,profugo_cabello,profugo_contextura_fisica,profugo_detalle_antecedentes,profugo_estaba_detenido,profugo_estatura,profugo_grupo_sanguineo,profugo_marcas_visibles,profugo_nivel_estudios,profugo_numero_detenciones_previas,profugo_numero_prontuario,profugo_ojos,profugo_peso,profugo_profesion_ocupacion,profugo_situacion_procesal,profugo_telefono,profugo_tez,profugo_ultima_vez_visto,provincia,recompensa,recursos_limitados,reincidente_flag,reiterante_flag,secretaria,terrorismo_flag,tipo_captura,tipo_dano,tipo_victima,uso_armas_blancas_flag,uso_armas_fuego_flag,id) values (:1 ,:2 ,:3 ,:4 ,:5 ,:6 ,:7 ,:8 ,:9 ,:10 ,:11 ,:12 ,:13 ,:14 ,:15 ,:16 ,:17 ,:18 ,:19 ,:20 ,:21 ,:22 ,:23 ,:24 ,:25 ,:26 ,:27 ,:28 ,:29 ,:30 ,:31 ,:32 ,:33 ,:34 ,:35 ,:36 ,:37 ,:38 ,:39 ,:40 ,:41 ,:42 ,:43 ,:44 ,:45 ,:46 ,:47 ,:48 ,:49 ,:50 ,:51 ,:52 ,:53 ,:54 ,:55 ,:56 ,:57 ,:58 ,:59 ,:60 ,:61 ,:62 ,:63 ,:64 ,:65 ,:66 ,:67 ,:68 ,:69 ,:70 ,:71 ,:72 ,:73 ,:74 ,default) RETURNING id INTO :75 , OriginalSql = /* insert for com.cufre.expedientes.model.Expediente */insert into expediente (ambito_banda,antecedentes_flag,area_fronteriza,autorizacion_tareas,banda_flag,capacidad_operativa,caratula,conexiones_otras_actividades_flag,descripcion,descripcion_hecho,descripcion_procedimiento,detalle_antecedentes,disposicion_juzgado,estado_situacion,fecha_asignacion,fecha_autorizacion_tareas,fecha_detencion,fecha_hecho,fecha_ingreso,fecha_oficio,fiscalia,foto_principal_id,fuerza_asignada,fuerza_detencion,impacto_percepcion,impacto_social,institucion_sensible_cercana,jurisdiccion,juzgado,lugar_detencion,lugar_hecho,mediatico_flag,motivo_captura,nivel_incidencia_zona,nivel_organizacion,nombre_banda,numero,numero_causa,numero_complices,pais,patrones_repetitivos,peligrosidad_flag,planificacion_flag,prioridad,profugo_antecedentes_penales,profugo_cabello,profugo_contextura_fisica,profugo_detalle_antecedentes,profugo_estaba_detenido,profugo_estatura,profugo_grupo_sanguineo,profugo_marcas_visibles,profugo_nivel_estudios,profugo_numero_detenciones_previas,profugo_numero_prontuario,profugo_ojos,profugo_peso,profugo_profesion_ocupacion,profugo_situacion_procesal,profugo_telefono,profugo_tez,profugo_ultima_vez_visto,provincia,recompensa,recursos_limitados,reincidente_flag,reiterante_flag,secretaria,terrorismo_flag,tipo_captura,tipo_dano,tipo_victima,uso_armas_blancas_flag,uso_armas_fuego_flag,id) values (?,?,?,?,?,?,?,?,?,?,?,?,?,?,?,?,?,?,?,?,?,?,?,?,?,?,?,?,?,?,?,?,?,?,?,?,?,?,?,?,?,?,?,?,?,?,?,?,?,?,?,?,?,?,?,?,?,?,?,?,?,?,?,?,?,?,?,?,?,?,?,?,?,?,default) RETURNING id INTO ?, Error Msg = ORA-00001: restricción única (C##CUFRE_USER.SYS_C008633) violada

	at oracle.jdbc.driver.T4CTTIoer11.processError(T4CTTIoer11.java:636)
	... 87 more
]]></error>
    <system-out><![CDATA[&amp#27;[2m2025-05-10T23:40:23.738-03:00&amp#27;[0;39m &amp#27;[32m INFO&amp#27;[0;39m &amp#27;[35m8068&amp#27;[0;39m &amp#27;[2m---&amp#27;[0;39m &amp#27;[2m[           main]&amp#27;[0;39m &amp#27;[2m&amp#27;[0;39m&amp#27;[36mt.c.s.AnnotationConfigContextLoaderUtils&amp#27;[0;39m &amp#27;[2m:&amp#27;[0;39m Could not detect default configuration classes for test class [com.cufre.expedientes.service.ExpedienteServicePriorityTest]: ExpedienteServicePriorityTest does not declare any static, non-private, non-final, nested classes annotated with @Configuration.
&amp#27;[2m2025-05-10T23:40:23.741-03:00&amp#27;[0;39m &amp#27;[32m INFO&amp#27;[0;39m &amp#27;[35m8068&amp#27;[0;39m &amp#27;[2m---&amp#27;[0;39m &amp#27;[2m[           main]&amp#27;[0;39m &amp#27;[2m&amp#27;[0;39m&amp#27;[36m.b.t.c.SpringBootTestContextBootstrapper&amp#27;[0;39m &amp#27;[2m:&amp#27;[0;39m Found @SpringBootConfiguration com.cufre.expedientes.ExpedientesApplication for test class com.cufre.expedientes.service.ExpedienteServicePriorityTest
&amp#27;[2m2025-05-10T23:40:23.770-03:00&amp#27;[0;39m &amp#27;[32mDEBUG&amp#27;[0;39m &amp#27;[35m8068&amp#27;[0;39m &amp#27;[2m---&amp#27;[0;39m &amp#27;[2m[           main]&amp#27;[0;39m &amp#27;[2m&amp#27;[0;39m&amp#27;[36morg.hibernate.SQL                       &amp#27;[0;39m &amp#27;[2m:&amp#27;[0;39m 
    /* insert for
        com.cufre.expedientes.model.Expediente */insert 
    into
        expediente (ambito_banda, antecedentes_flag, area_fronteriza, autorizacion_tareas, banda_flag, capacidad_operativa, caratula, conexiones_otras_actividades_flag, descripcion, descripcion_hecho, descripcion_procedimiento, detalle_antecedentes, disposicion_juzgado, estado_situacion, fecha_asignacion, fecha_autorizacion_tareas, fecha_detencion, fecha_hecho, fecha_ingreso, fecha_oficio, fiscalia, foto_principal_id, fuerza_asignada, fuerza_detencion, impacto_percepcion, impacto_social, institucion_sensible_cercana, jurisdiccion, juzgado, lugar_detencion, lugar_hecho, mediatico_flag, motivo_captura, nivel_incidencia_zona, nivel_organizacion, nombre_banda, numero, numero_causa, numero_complices, pais, patrones_repetitivos, peligrosidad_flag, planificacion_flag, prioridad, profugo_antecedentes_penales, profugo_cabello, profugo_contextura_fisica, profugo_detalle_antecedentes, profugo_estaba_detenido, profugo_estatura, profugo_grupo_sanguineo, profugo_marcas_visibles, profugo_nivel_estudios, profugo_numero_detenciones_previas, profugo_numero_prontuario, profugo_ojos, profugo_peso, profugo_profesion_ocupacion, profugo_situacion_procesal, profugo_telefono, profugo_tez, profugo_ultima_vez_visto, provincia, recompensa, recursos_limitados, reincidente_flag, reiterante_flag, secretaria, terrorismo_flag, tipo_captura, tipo_dano, tipo_victima, uso_armas_blancas_flag, uso_armas_fuego_flag, id) 
    values
        (?, ?, ?, ?, ?, ?, ?, ?, ?, ?, ?, ?, ?, ?, ?, ?, ?, ?, ?, ?, ?, ?, ?, ?, ?, ?, ?, ?, ?, ?, ?, ?, ?, ?, ?, ?, ?, ?, ?, ?, ?, ?, ?, ?, ?, ?, ?, ?, ?, ?, ?, ?, ?, ?, ?, ?, ?, ?, ?, ?, ?, ?, ?, ?, ?, ?, ?, ?, ?, ?, ?, ?, ?, ?, default)
Hibernate: 
    /* insert for
        com.cufre.expedientes.model.Expediente */insert 
    into
        expediente (ambito_banda, antecedentes_flag, area_fronteriza, autorizacion_tareas, banda_flag, capacidad_operativa, caratula, conexiones_otras_actividades_flag, descripcion, descripcion_hecho, descripcion_procedimiento, detalle_antecedentes, disposicion_juzgado, estado_situacion, fecha_asignacion, fecha_autorizacion_tareas, fecha_detencion, fecha_hecho, fecha_ingreso, fecha_oficio, fiscalia, foto_principal_id, fuerza_asignada, fuerza_detencion, impacto_percepcion, impacto_social, institucion_sensible_cercana, jurisdiccion, juzgado, lugar_detencion, lugar_hecho, mediatico_flag, motivo_captura, nivel_incidencia_zona, nivel_organizacion, nombre_banda, numero, numero_causa, numero_complices, pais, patrones_repetitivos, peligrosidad_flag, planificacion_flag, prioridad, profugo_antecedentes_penales, profugo_cabello, profugo_contextura_fisica, profugo_detalle_antecedentes, profugo_estaba_detenido, profugo_estatura, profugo_grupo_sanguineo, profugo_marcas_visibles, profugo_nivel_estudios, profugo_numero_detenciones_previas, profugo_numero_prontuario, profugo_ojos, profugo_peso, profugo_profesion_ocupacion, profugo_situacion_procesal, profugo_telefono, profugo_tez, profugo_ultima_vez_visto, provincia, recompensa, recursos_limitados, reincidente_flag, reiterante_flag, secretaria, terrorismo_flag, tipo_captura, tipo_dano, tipo_victima, uso_armas_blancas_flag, uso_armas_fuego_flag, id) 
    values
        (?, ?, ?, ?, ?, ?, ?, ?, ?, ?, ?, ?, ?, ?, ?, ?, ?, ?, ?, ?, ?, ?, ?, ?, ?, ?, ?, ?, ?, ?, ?, ?, ?, ?, ?, ?, ?, ?, ?, ?, ?, ?, ?, ?, ?, ?, ?, ?, ?, ?, ?, ?, ?, ?, ?, ?, ?, ?, ?, ?, ?, ?, ?, ?, ?, ?, ?, ?, ?, ?, ?, ?, ?, ?, default)
&amp#27;[2m2025-05-10T23:40:23.823-03:00&amp#27;[0;39m &amp#27;[33m WARN&amp#27;[0;39m &amp#27;[35m8068&amp#27;[0;39m &amp#27;[2m---&amp#27;[0;39m &amp#27;[2m[           main]&amp#27;[0;39m &amp#27;[2m&amp#27;[0;39m&amp#27;[36mo.h.engine.jdbc.spi.SqlExceptionHelper  &amp#27;[0;39m &amp#27;[2m:&amp#27;[0;39m SQL Error: 1, SQLState: 23000
&amp#27;[2m2025-05-10T23:40:23.823-03:00&amp#27;[0;39m &amp#27;[31mERROR&amp#27;[0;39m &amp#27;[35m8068&amp#27;[0;39m &amp#27;[2m---&amp#27;[0;39m &amp#27;[2m[           main]&amp#27;[0;39m &amp#27;[2m&amp#27;[0;39m&amp#27;[36mo.h.engine.jdbc.spi.SqlExceptionHelper  &amp#27;[0;39m &amp#27;[2m:&amp#27;[0;39m ORA-00001: restricción única (C##CUFRE_USER.SYS_C008633) violada

&amp#27;[2m2025-05-10T23:40:23.832-03:00&amp#27;[0;39m &amp#27;[32m INFO&amp#27;[0;39m &amp#27;[35m8068&amp#27;[0;39m &amp#27;[2m---&amp#27;[0;39m &amp#27;[2m[           main]&amp#27;[0;39m &amp#27;[2m&amp#27;[0;39m&amp#27;[36mi.StatisticalLoggingSessionEventListener&amp#27;[0;39m &amp#27;[2m:&amp#27;[0;39m Session Metrics {
    2378542 nanoseconds spent acquiring 1 JDBC connections;
    0 nanoseconds spent releasing 0 JDBC connections;
    2331708 nanoseconds spent preparing 1 JDBC statements;
    49662333 nanoseconds spent executing 1 JDBC statements;
    0 nanoseconds spent executing 0 JDBC batches;
    0 nanoseconds spent performing 0 L2C puts;
    0 nanoseconds spent performing 0 L2C hits;
    0 nanoseconds spent performing 0 L2C misses;
    0 nanoseconds spent executing 0 flushes (flushing a total of 0 entities and 0 collections);
    0 nanoseconds spent executing 0 partial-flushes (flushing a total of 0 entities and 0 collections)
}
]]></system-out>
  </testcase>
</testsuite>